<?xml version="1.0" encoding="UTF-8"?>
<testsuite xmlns:xsi="http://www.w3.org/2001/XMLSchema-instance" xsi:noNamespaceSchemaLocation="https://maven.apache.org/surefire/maven-surefire-plugin/xsd/surefire-test-report-3.0.xsd" version="3.0" name="com.contenttree.ContenttreeApplicationTests" time="20.14" tests="1" errors="0" skipped="0" failures="0">
  <properties>
    <property name="java.specification.version" value="17"/>
    <property name="sun.jnu.encoding" value="UTF-8"/>
    <property name="java.class.path" value="/Users/demanday67/Documents/JavaProjects/infinityDemandDay/target/test-classes:/Users/demanday67/Documents/JavaProjects/infinityDemandDay/target/classes:/Users/demanday67/.m2/repository/org/springframework/boot/spring-boot-starter-data-jpa/3.3.4/spring-boot-starter-data-jpa-3.3.4.jar:/Users/demanday67/.m2/repository/org/springframework/boot/spring-boot-starter-aop/3.3.4/spring-boot-starter-aop-3.3.4.jar:/Users/demanday67/.m2/repository/org/aspectj/aspectjweaver/1.9.22.1/aspectjweaver-1.9.22.1.jar:/Users/demanday67/.m2/repository/org/springframework/boot/spring-boot-starter-jdbc/3.3.4/spring-boot-starter-jdbc-3.3.4.jar:/Users/demanday67/.m2/repository/com/zaxxer/HikariCP/5.1.0/HikariCP-5.1.0.jar:/Users/demanday67/.m2/repository/org/springframework/spring-jdbc/6.1.13/spring-jdbc-6.1.13.jar:/Users/demanday67/.m2/repository/org/hibernate/orm/hibernate-core/6.5.3.Final/hibernate-core-6.5.3.Final.jar:/Users/demanday67/.m2/repository/jakarta/persistence/jakarta.persistence-api/3.1.0/jakarta.persistence-api-3.1.0.jar:/Users/demanday67/.m2/repository/jakarta/transaction/jakarta.transaction-api/2.0.1/jakarta.transaction-api-2.0.1.jar:/Users/demanday67/.m2/repository/org/jboss/logging/jboss-logging/3.5.3.Final/jboss-logging-3.5.3.Final.jar:/Users/demanday67/.m2/repository/org/hibernate/common/hibernate-commons-annotations/6.0.6.Final/hibernate-commons-annotations-6.0.6.Final.jar:/Users/demanday67/.m2/repository/io/smallrye/jandex/3.1.2/jandex-3.1.2.jar:/Users/demanday67/.m2/repository/net/bytebuddy/byte-buddy/1.14.19/byte-buddy-1.14.19.jar:/Users/demanday67/.m2/repository/org/glassfish/jaxb/jaxb-runtime/4.0.5/jaxb-runtime-4.0.5.jar:/Users/demanday67/.m2/repository/org/glassfish/jaxb/jaxb-core/4.0.5/jaxb-core-4.0.5.jar:/Users/demanday67/.m2/repository/org/glassfish/jaxb/txw2/4.0.5/txw2-4.0.5.jar:/Users/demanday67/.m2/repository/com/sun/istack/istack-commons-runtime/4.1.2/istack-commons-runtime-4.1.2.jar:/Users/demanday67/.m2/repository/jakarta/inject/jakarta.inject-api/2.0.1/jakarta.inject-api-2.0.1.jar:/Users/demanday67/.m2/repository/org/antlr/antlr4-runtime/4.13.0/antlr4-runtime-4.13.0.jar:/Users/demanday67/.m2/repository/org/springframework/data/spring-data-jpa/3.3.4/spring-data-jpa-3.3.4.jar:/Users/demanday67/.m2/repository/org/springframework/data/spring-data-commons/3.3.4/spring-data-commons-3.3.4.jar:/Users/demanday67/.m2/repository/org/springframework/spring-orm/6.1.13/spring-orm-6.1.13.jar:/Users/demanday67/.m2/repository/org/springframework/spring-context/6.1.13/spring-context-6.1.13.jar:/Users/demanday67/.m2/repository/org/springframework/spring-tx/6.1.13/spring-tx-6.1.13.jar:/Users/demanday67/.m2/repository/org/springframework/spring-beans/6.1.13/spring-beans-6.1.13.jar:/Users/demanday67/.m2/repository/jakarta/annotation/jakarta.annotation-api/2.1.1/jakarta.annotation-api-2.1.1.jar:/Users/demanday67/.m2/repository/org/springframework/spring-aspects/6.1.13/spring-aspects-6.1.13.jar:/Users/demanday67/.m2/repository/org/springframework/boot/spring-boot-starter-web/3.3.4/spring-boot-starter-web-3.3.4.jar:/Users/demanday67/.m2/repository/org/springframework/boot/spring-boot-starter/3.3.4/spring-boot-starter-3.3.4.jar:/Users/demanday67/.m2/repository/org/springframework/boot/spring-boot/3.3.4/spring-boot-3.3.4.jar:/Users/demanday67/.m2/repository/org/springframework/boot/spring-boot-autoconfigure/3.3.4/spring-boot-autoconfigure-3.3.4.jar:/Users/demanday67/.m2/repository/org/springframework/boot/spring-boot-starter-logging/3.3.4/spring-boot-starter-logging-3.3.4.jar:/Users/demanday67/.m2/repository/ch/qos/logback/logback-classic/1.5.8/logback-classic-1.5.8.jar:/Users/demanday67/.m2/repository/ch/qos/logback/logback-core/1.5.8/logback-core-1.5.8.jar:/Users/demanday67/.m2/repository/org/apache/logging/log4j/log4j-to-slf4j/2.23.1/log4j-to-slf4j-2.23.1.jar:/Users/demanday67/.m2/repository/org/apache/logging/log4j/log4j-api/2.23.1/log4j-api-2.23.1.jar:/Users/demanday67/.m2/repository/org/slf4j/jul-to-slf4j/2.0.16/jul-to-slf4j-2.0.16.jar:/Users/demanday67/.m2/repository/org/yaml/snakeyaml/2.2/snakeyaml-2.2.jar:/Users/demanday67/.m2/repository/org/springframework/boot/spring-boot-starter-json/3.3.4/spring-boot-starter-json-3.3.4.jar:/Users/demanday67/.m2/repository/com/fasterxml/jackson/datatype/jackson-datatype-jdk8/2.17.2/jackson-datatype-jdk8-2.17.2.jar:/Users/demanday67/.m2/repository/com/fasterxml/jackson/datatype/jackson-datatype-jsr310/2.17.2/jackson-datatype-jsr310-2.17.2.jar:/Users/demanday67/.m2/repository/com/fasterxml/jackson/module/jackson-module-parameter-names/2.17.2/jackson-module-parameter-names-2.17.2.jar:/Users/demanday67/.m2/repository/org/springframework/boot/spring-boot-starter-tomcat/3.3.4/spring-boot-starter-tomcat-3.3.4.jar:/Users/demanday67/.m2/repository/org/apache/tomcat/embed/tomcat-embed-core/10.1.30/tomcat-embed-core-10.1.30.jar:/Users/demanday67/.m2/repository/org/apache/tomcat/embed/tomcat-embed-el/10.1.30/tomcat-embed-el-10.1.30.jar:/Users/demanday67/.m2/repository/org/apache/tomcat/embed/tomcat-embed-websocket/10.1.30/tomcat-embed-websocket-10.1.30.jar:/Users/demanday67/.m2/repository/org/springframework/spring-web/6.1.13/spring-web-6.1.13.jar:/Users/demanday67/.m2/repository/io/micrometer/micrometer-observation/1.13.4/micrometer-observation-1.13.4.jar:/Users/demanday67/.m2/repository/io/micrometer/micrometer-commons/1.13.4/micrometer-commons-1.13.4.jar:/Users/demanday67/.m2/repository/org/springframework/spring-webmvc/6.1.13/spring-webmvc-6.1.13.jar:/Users/demanday67/.m2/repository/org/springframework/spring-expression/6.1.13/spring-expression-6.1.13.jar:/Users/demanday67/.m2/repository/org/springframework/boot/spring-boot-starter-security/3.3.4/spring-boot-starter-security-3.3.4.jar:/Users/demanday67/.m2/repository/org/springframework/spring-aop/6.1.13/spring-aop-6.1.13.jar:/Users/demanday67/.m2/repository/org/springframework/security/spring-security-config/6.3.3/spring-security-config-6.3.3.jar:/Users/demanday67/.m2/repository/org/springframework/security/spring-security-core/6.3.3/spring-security-core-6.3.3.jar:/Users/demanday67/.m2/repository/org/springframework/security/spring-security-crypto/6.3.3/spring-security-crypto-6.3.3.jar:/Users/demanday67/.m2/repository/org/springframework/security/spring-security-web/6.3.3/spring-security-web-6.3.3.jar:/Users/demanday67/.m2/repository/io/jsonwebtoken/jjwt-api/0.11.5/jjwt-api-0.11.5.jar:/Users/demanday67/.m2/repository/io/jsonwebtoken/jjwt-jackson/0.11.5/jjwt-jackson-0.11.5.jar:/Users/demanday67/.m2/repository/com/fasterxml/jackson/core/jackson-databind/2.17.2/jackson-databind-2.17.2.jar:/Users/demanday67/.m2/repository/com/fasterxml/jackson/core/jackson-annotations/2.17.2/jackson-annotations-2.17.2.jar:/Users/demanday67/.m2/repository/com/fasterxml/jackson/core/jackson-core/2.17.2/jackson-core-2.17.2.jar:/Users/demanday67/.m2/repository/io/jsonwebtoken/jjwt-impl/0.11.5/jjwt-impl-0.11.5.jar:/Users/demanday67/.m2/repository/io/springfox/springfox-boot-starter/3.0.0/springfox-boot-starter-3.0.0.jar:/Users/demanday67/.m2/repository/io/springfox/springfox-oas/3.0.0/springfox-oas-3.0.0.jar:/Users/demanday67/.m2/repository/io/swagger/core/v3/swagger-annotations/2.1.2/swagger-annotations-2.1.2.jar:/Users/demanday67/.m2/repository/io/swagger/core/v3/swagger-models/2.1.2/swagger-models-2.1.2.jar:/Users/demanday67/.m2/repository/io/springfox/springfox-core/3.0.0/springfox-core-3.0.0.jar:/Users/demanday67/.m2/repository/io/springfox/springfox-data-rest/3.0.0/springfox-data-rest-3.0.0.jar:/Users/demanday67/.m2/repository/io/springfox/springfox-bean-validators/3.0.0/springfox-bean-validators-3.0.0.jar:/Users/demanday67/.m2/repository/com/fasterxml/classmate/1.7.0/classmate-1.7.0.jar:/Users/demanday67/.m2/repository/org/slf4j/slf4j-api/2.0.16/slf4j-api-2.0.16.jar:/Users/demanday67/.m2/repository/org/springframework/plugin/spring-plugin-core/2.0.0.RELEASE/spring-plugin-core-2.0.0.RELEASE.jar:/Users/demanday67/.m2/repository/org/springframework/plugin/spring-plugin-metadata/2.0.0.RELEASE/spring-plugin-metadata-2.0.0.RELEASE.jar:/Users/demanday67/.m2/repository/io/springfox/springfox-swagger-ui/3.0.0/springfox-swagger-ui-3.0.0.jar:/Users/demanday67/.m2/repository/io/springfox/springfox-spring-webmvc/3.0.0/springfox-spring-webmvc-3.0.0.jar:/Users/demanday67/.m2/repository/io/springfox/springfox-swagger2/3.0.0/springfox-swagger2-3.0.0.jar:/Users/demanday67/.m2/repository/io/springfox/springfox-spi/3.0.0/springfox-spi-3.0.0.jar:/Users/demanday67/.m2/repository/io/springfox/springfox-schema/3.0.0/springfox-schema-3.0.0.jar:/Users/demanday67/.m2/repository/io/springfox/springfox-swagger-common/3.0.0/springfox-swagger-common-3.0.0.jar:/Users/demanday67/.m2/repository/io/springfox/springfox-spring-web/3.0.0/springfox-spring-web-3.0.0.jar:/Users/demanday67/.m2/repository/io/github/classgraph/classgraph/4.8.83/classgraph-4.8.83.jar:/Users/demanday67/.m2/repository/io/springfox/springfox-spring-webflux/3.0.0/springfox-spring-webflux-3.0.0.jar:/Users/demanday67/.m2/repository/io/swagger/swagger-annotations/1.5.20/swagger-annotations-1.5.20.jar:/Users/demanday67/.m2/repository/io/swagger/swagger-models/1.5.20/swagger-models-1.5.20.jar:/Users/demanday67/.m2/repository/org/mapstruct/mapstruct/1.3.1.Final/mapstruct-1.3.1.Final.jar:/Users/demanday67/.m2/repository/com/mysql/mysql-connector-j/8.3.0/mysql-connector-j-8.3.0.jar:/Users/demanday67/.m2/repository/org/projectlombok/lombok/1.18.34/lombok-1.18.34.jar:/Users/demanday67/.m2/repository/org/springframework/boot/spring-boot-starter-test/3.3.4/spring-boot-starter-test-3.3.4.jar:/Users/demanday67/.m2/repository/org/springframework/boot/spring-boot-test/3.3.4/spring-boot-test-3.3.4.jar:/Users/demanday67/.m2/repository/org/springframework/boot/spring-boot-test-autoconfigure/3.3.4/spring-boot-test-autoconfigure-3.3.4.jar:/Users/demanday67/.m2/repository/com/jayway/jsonpath/json-path/2.9.0/json-path-2.9.0.jar:/Users/demanday67/.m2/repository/jakarta/xml/bind/jakarta.xml.bind-api/4.0.2/jakarta.xml.bind-api-4.0.2.jar:/Users/demanday67/.m2/repository/jakarta/activation/jakarta.activation-api/2.1.3/jakarta.activation-api-2.1.3.jar:/Users/demanday67/.m2/repository/net/minidev/json-smart/2.5.1/json-smart-2.5.1.jar:/Users/demanday67/.m2/repository/net/minidev/accessors-smart/2.5.1/accessors-smart-2.5.1.jar:/Users/demanday67/.m2/repository/org/ow2/asm/asm/9.6/asm-9.6.jar:/Users/demanday67/.m2/repository/org/assertj/assertj-core/3.25.3/assertj-core-3.25.3.jar:/Users/demanday67/.m2/repository/org/awaitility/awaitility/4.2.2/awaitility-4.2.2.jar:/Users/demanday67/.m2/repository/org/hamcrest/hamcrest/2.2/hamcrest-2.2.jar:/Users/demanday67/.m2/repository/org/junit/jupiter/junit-jupiter/5.10.3/junit-jupiter-5.10.3.jar:/Users/demanday67/.m2/repository/org/junit/jupiter/junit-jupiter-api/5.10.3/junit-jupiter-api-5.10.3.jar:/Users/demanday67/.m2/repository/org/opentest4j/opentest4j/1.3.0/opentest4j-1.3.0.jar:/Users/demanday67/.m2/repository/org/junit/platform/junit-platform-commons/1.10.3/junit-platform-commons-1.10.3.jar:/Users/demanday67/.m2/repository/org/apiguardian/apiguardian-api/1.1.2/apiguardian-api-1.1.2.jar:/Users/demanday67/.m2/repository/org/junit/jupiter/junit-jupiter-params/5.10.3/junit-jupiter-params-5.10.3.jar:/Users/demanday67/.m2/repository/org/junit/jupiter/junit-jupiter-engine/5.10.3/junit-jupiter-engine-5.10.3.jar:/Users/demanday67/.m2/repository/org/junit/platform/junit-platform-engine/1.10.3/junit-platform-engine-1.10.3.jar:/Users/demanday67/.m2/repository/org/mockito/mockito-core/5.11.0/mockito-core-5.11.0.jar:/Users/demanday67/.m2/repository/net/bytebuddy/byte-buddy-agent/1.14.19/byte-buddy-agent-1.14.19.jar:/Users/demanday67/.m2/repository/org/objenesis/objenesis/3.3/objenesis-3.3.jar:/Users/demanday67/.m2/repository/org/mockito/mockito-junit-jupiter/5.11.0/mockito-junit-jupiter-5.11.0.jar:/Users/demanday67/.m2/repository/org/skyscreamer/jsonassert/1.5.3/jsonassert-1.5.3.jar:/Users/demanday67/.m2/repository/com/vaadin/external/google/android-json/0.0.20131108.vaadin1/android-json-0.0.20131108.vaadin1.jar:/Users/demanday67/.m2/repository/org/springframework/spring-core/6.1.13/spring-core-6.1.13.jar:/Users/demanday67/.m2/repository/org/springframework/spring-jcl/6.1.13/spring-jcl-6.1.13.jar:/Users/demanday67/.m2/repository/org/springframework/spring-test/6.1.13/spring-test-6.1.13.jar:/Users/demanday67/.m2/repository/org/xmlunit/xmlunit-core/2.9.1/xmlunit-core-2.9.1.jar:/Users/demanday67/.m2/repository/org/springdoc/springdoc-openapi-starter-webmvc-ui/2.3.0/springdoc-openapi-starter-webmvc-ui-2.3.0.jar:/Users/demanday67/.m2/repository/org/springdoc/springdoc-openapi-starter-webmvc-api/2.3.0/springdoc-openapi-starter-webmvc-api-2.3.0.jar:/Users/demanday67/.m2/repository/org/springdoc/springdoc-openapi-starter-common/2.3.0/springdoc-openapi-starter-common-2.3.0.jar:/Users/demanday67/.m2/repository/io/swagger/core/v3/swagger-core-jakarta/2.2.19/swagger-core-jakarta-2.2.19.jar:/Users/demanday67/.m2/repository/org/apache/commons/commons-lang3/3.14.0/commons-lang3-3.14.0.jar:/Users/demanday67/.m2/repository/io/swagger/core/v3/swagger-annotations-jakarta/2.2.19/swagger-annotations-jakarta-2.2.19.jar:/Users/demanday67/.m2/repository/io/swagger/core/v3/swagger-models-jakarta/2.2.19/swagger-models-jakarta-2.2.19.jar:/Users/demanday67/.m2/repository/jakarta/validation/jakarta.validation-api/3.0.2/jakarta.validation-api-3.0.2.jar:/Users/demanday67/.m2/repository/com/fasterxml/jackson/dataformat/jackson-dataformat-yaml/2.17.2/jackson-dataformat-yaml-2.17.2.jar:/Users/demanday67/.m2/repository/org/webjars/swagger-ui/5.10.3/swagger-ui-5.10.3.jar:/Users/demanday67/.m2/repository/javax/persistence/javax.persistence-api/2.2/javax.persistence-api-2.2.jar:/Users/demanday67/.m2/repository/org/springframework/boot/spring-boot-starter-mail/3.3.4/spring-boot-starter-mail-3.3.4.jar:/Users/demanday67/.m2/repository/org/springframework/spring-context-support/6.1.13/spring-context-support-6.1.13.jar:/Users/demanday67/.m2/repository/org/eclipse/angus/jakarta.mail/2.0.3/jakarta.mail-2.0.3.jar:/Users/demanday67/.m2/repository/org/eclipse/angus/angus-activation/2.0.2/angus-activation-2.0.2.jar:/Users/demanday67/.m2/repository/org/springframework/boot/spring-boot-starter-websocket/3.3.4/spring-boot-starter-websocket-3.3.4.jar:/Users/demanday67/.m2/repository/org/springframework/spring-messaging/6.1.13/spring-messaging-6.1.13.jar:/Users/demanday67/.m2/repository/org/springframework/spring-websocket/6.1.13/spring-websocket-6.1.13.jar:"/>
    <property name="java.vm.vendor" value="Oracle Corporation"/>
    <property name="sun.arch.data.model" value="64"/>
    <property name="java.vendor.url" value="https://java.oracle.com/"/>
    <property name="user.timezone" value="Asia/Kolkata"/>
    <property name="org.jboss.logging.provider" value="slf4j"/>
    <property name="os.name" value="Mac OS X"/>
    <property name="java.vm.specification.version" value="17"/>
    <property name="sun.java.launcher" value="SUN_STANDARD"/>
    <property name="user.country" value="IN"/>
    <property name="sun.boot.library.path" value="/Library/Java/JavaVirtualMachines/jdk-17.jdk/Contents/Home/lib"/>
    <property name="sun.java.command" value="/Users/demanday67/Documents/JavaProjects/infinityDemandDay/target/surefire/surefirebooter-20241213180539865_3.jar /Users/demanday67/Documents/JavaProjects/infinityDemandDay/target/surefire 2024-12-13T18-05-39_822-jvmRun1 surefire-20241213180539865_1tmp surefire_0-20241213180539865_2tmp"/>
    <property name="http.nonProxyHosts" value="local|*.local|169.254/16|*.169.254/16"/>
    <property name="jdk.debug" value="release"/>
    <property name="surefire.test.class.path" value="/Users/demanday67/Documents/JavaProjects/infinityDemandDay/target/test-classes:/Users/demanday67/Documents/JavaProjects/infinityDemandDay/target/classes:/Users/demanday67/.m2/repository/org/springframework/boot/spring-boot-starter-data-jpa/3.3.4/spring-boot-starter-data-jpa-3.3.4.jar:/Users/demanday67/.m2/repository/org/springframework/boot/spring-boot-starter-aop/3.3.4/spring-boot-starter-aop-3.3.4.jar:/Users/demanday67/.m2/repository/org/aspectj/aspectjweaver/1.9.22.1/aspectjweaver-1.9.22.1.jar:/Users/demanday67/.m2/repository/org/springframework/boot/spring-boot-starter-jdbc/3.3.4/spring-boot-starter-jdbc-3.3.4.jar:/Users/demanday67/.m2/repository/com/zaxxer/HikariCP/5.1.0/HikariCP-5.1.0.jar:/Users/demanday67/.m2/repository/org/springframework/spring-jdbc/6.1.13/spring-jdbc-6.1.13.jar:/Users/demanday67/.m2/repository/org/hibernate/orm/hibernate-core/6.5.3.Final/hibernate-core-6.5.3.Final.jar:/Users/demanday67/.m2/repository/jakarta/persistence/jakarta.persistence-api/3.1.0/jakarta.persistence-api-3.1.0.jar:/Users/demanday67/.m2/repository/jakarta/transaction/jakarta.transaction-api/2.0.1/jakarta.transaction-api-2.0.1.jar:/Users/demanday67/.m2/repository/org/jboss/logging/jboss-logging/3.5.3.Final/jboss-logging-3.5.3.Final.jar:/Users/demanday67/.m2/repository/org/hibernate/common/hibernate-commons-annotations/6.0.6.Final/hibernate-commons-annotations-6.0.6.Final.jar:/Users/demanday67/.m2/repository/io/smallrye/jandex/3.1.2/jandex-3.1.2.jar:/Users/demanday67/.m2/repository/net/bytebuddy/byte-buddy/1.14.19/byte-buddy-1.14.19.jar:/Users/demanday67/.m2/repository/org/glassfish/jaxb/jaxb-runtime/4.0.5/jaxb-runtime-4.0.5.jar:/Users/demanday67/.m2/repository/org/glassfish/jaxb/jaxb-core/4.0.5/jaxb-core-4.0.5.jar:/Users/demanday67/.m2/repository/org/glassfish/jaxb/txw2/4.0.5/txw2-4.0.5.jar:/Users/demanday67/.m2/repository/com/sun/istack/istack-commons-runtime/4.1.2/istack-commons-runtime-4.1.2.jar:/Users/demanday67/.m2/repository/jakarta/inject/jakarta.inject-api/2.0.1/jakarta.inject-api-2.0.1.jar:/Users/demanday67/.m2/repository/org/antlr/antlr4-runtime/4.13.0/antlr4-runtime-4.13.0.jar:/Users/demanday67/.m2/repository/org/springframework/data/spring-data-jpa/3.3.4/spring-data-jpa-3.3.4.jar:/Users/demanday67/.m2/repository/org/springframework/data/spring-data-commons/3.3.4/spring-data-commons-3.3.4.jar:/Users/demanday67/.m2/repository/org/springframework/spring-orm/6.1.13/spring-orm-6.1.13.jar:/Users/demanday67/.m2/repository/org/springframework/spring-context/6.1.13/spring-context-6.1.13.jar:/Users/demanday67/.m2/repository/org/springframework/spring-tx/6.1.13/spring-tx-6.1.13.jar:/Users/demanday67/.m2/repository/org/springframework/spring-beans/6.1.13/spring-beans-6.1.13.jar:/Users/demanday67/.m2/repository/jakarta/annotation/jakarta.annotation-api/2.1.1/jakarta.annotation-api-2.1.1.jar:/Users/demanday67/.m2/repository/org/springframework/spring-aspects/6.1.13/spring-aspects-6.1.13.jar:/Users/demanday67/.m2/repository/org/springframework/boot/spring-boot-starter-web/3.3.4/spring-boot-starter-web-3.3.4.jar:/Users/demanday67/.m2/repository/org/springframework/boot/spring-boot-starter/3.3.4/spring-boot-starter-3.3.4.jar:/Users/demanday67/.m2/repository/org/springframework/boot/spring-boot/3.3.4/spring-boot-3.3.4.jar:/Users/demanday67/.m2/repository/org/springframework/boot/spring-boot-autoconfigure/3.3.4/spring-boot-autoconfigure-3.3.4.jar:/Users/demanday67/.m2/repository/org/springframework/boot/spring-boot-starter-logging/3.3.4/spring-boot-starter-logging-3.3.4.jar:/Users/demanday67/.m2/repository/ch/qos/logback/logback-classic/1.5.8/logback-classic-1.5.8.jar:/Users/demanday67/.m2/repository/ch/qos/logback/logback-core/1.5.8/logback-core-1.5.8.jar:/Users/demanday67/.m2/repository/org/apache/logging/log4j/log4j-to-slf4j/2.23.1/log4j-to-slf4j-2.23.1.jar:/Users/demanday67/.m2/repository/org/apache/logging/log4j/log4j-api/2.23.1/log4j-api-2.23.1.jar:/Users/demanday67/.m2/repository/org/slf4j/jul-to-slf4j/2.0.16/jul-to-slf4j-2.0.16.jar:/Users/demanday67/.m2/repository/org/yaml/snakeyaml/2.2/snakeyaml-2.2.jar:/Users/demanday67/.m2/repository/org/springframework/boot/spring-boot-starter-json/3.3.4/spring-boot-starter-json-3.3.4.jar:/Users/demanday67/.m2/repository/com/fasterxml/jackson/datatype/jackson-datatype-jdk8/2.17.2/jackson-datatype-jdk8-2.17.2.jar:/Users/demanday67/.m2/repository/com/fasterxml/jackson/datatype/jackson-datatype-jsr310/2.17.2/jackson-datatype-jsr310-2.17.2.jar:/Users/demanday67/.m2/repository/com/fasterxml/jackson/module/jackson-module-parameter-names/2.17.2/jackson-module-parameter-names-2.17.2.jar:/Users/demanday67/.m2/repository/org/springframework/boot/spring-boot-starter-tomcat/3.3.4/spring-boot-starter-tomcat-3.3.4.jar:/Users/demanday67/.m2/repository/org/apache/tomcat/embed/tomcat-embed-core/10.1.30/tomcat-embed-core-10.1.30.jar:/Users/demanday67/.m2/repository/org/apache/tomcat/embed/tomcat-embed-el/10.1.30/tomcat-embed-el-10.1.30.jar:/Users/demanday67/.m2/repository/org/apache/tomcat/embed/tomcat-embed-websocket/10.1.30/tomcat-embed-websocket-10.1.30.jar:/Users/demanday67/.m2/repository/org/springframework/spring-web/6.1.13/spring-web-6.1.13.jar:/Users/demanday67/.m2/repository/io/micrometer/micrometer-observation/1.13.4/micrometer-observation-1.13.4.jar:/Users/demanday67/.m2/repository/io/micrometer/micrometer-commons/1.13.4/micrometer-commons-1.13.4.jar:/Users/demanday67/.m2/repository/org/springframework/spring-webmvc/6.1.13/spring-webmvc-6.1.13.jar:/Users/demanday67/.m2/repository/org/springframework/spring-expression/6.1.13/spring-expression-6.1.13.jar:/Users/demanday67/.m2/repository/org/springframework/boot/spring-boot-starter-security/3.3.4/spring-boot-starter-security-3.3.4.jar:/Users/demanday67/.m2/repository/org/springframework/spring-aop/6.1.13/spring-aop-6.1.13.jar:/Users/demanday67/.m2/repository/org/springframework/security/spring-security-config/6.3.3/spring-security-config-6.3.3.jar:/Users/demanday67/.m2/repository/org/springframework/security/spring-security-core/6.3.3/spring-security-core-6.3.3.jar:/Users/demanday67/.m2/repository/org/springframework/security/spring-security-crypto/6.3.3/spring-security-crypto-6.3.3.jar:/Users/demanday67/.m2/repository/org/springframework/security/spring-security-web/6.3.3/spring-security-web-6.3.3.jar:/Users/demanday67/.m2/repository/io/jsonwebtoken/jjwt-api/0.11.5/jjwt-api-0.11.5.jar:/Users/demanday67/.m2/repository/io/jsonwebtoken/jjwt-jackson/0.11.5/jjwt-jackson-0.11.5.jar:/Users/demanday67/.m2/repository/com/fasterxml/jackson/core/jackson-databind/2.17.2/jackson-databind-2.17.2.jar:/Users/demanday67/.m2/repository/com/fasterxml/jackson/core/jackson-annotations/2.17.2/jackson-annotations-2.17.2.jar:/Users/demanday67/.m2/repository/com/fasterxml/jackson/core/jackson-core/2.17.2/jackson-core-2.17.2.jar:/Users/demanday67/.m2/repository/io/jsonwebtoken/jjwt-impl/0.11.5/jjwt-impl-0.11.5.jar:/Users/demanday67/.m2/repository/io/springfox/springfox-boot-starter/3.0.0/springfox-boot-starter-3.0.0.jar:/Users/demanday67/.m2/repository/io/springfox/springfox-oas/3.0.0/springfox-oas-3.0.0.jar:/Users/demanday67/.m2/repository/io/swagger/core/v3/swagger-annotations/2.1.2/swagger-annotations-2.1.2.jar:/Users/demanday67/.m2/repository/io/swagger/core/v3/swagger-models/2.1.2/swagger-models-2.1.2.jar:/Users/demanday67/.m2/repository/io/springfox/springfox-core/3.0.0/springfox-core-3.0.0.jar:/Users/demanday67/.m2/repository/io/springfox/springfox-data-rest/3.0.0/springfox-data-rest-3.0.0.jar:/Users/demanday67/.m2/repository/io/springfox/springfox-bean-validators/3.0.0/springfox-bean-validators-3.0.0.jar:/Users/demanday67/.m2/repository/com/fasterxml/classmate/1.7.0/classmate-1.7.0.jar:/Users/demanday67/.m2/repository/org/slf4j/slf4j-api/2.0.16/slf4j-api-2.0.16.jar:/Users/demanday67/.m2/repository/org/springframework/plugin/spring-plugin-core/2.0.0.RELEASE/spring-plugin-core-2.0.0.RELEASE.jar:/Users/demanday67/.m2/repository/org/springframework/plugin/spring-plugin-metadata/2.0.0.RELEASE/spring-plugin-metadata-2.0.0.RELEASE.jar:/Users/demanday67/.m2/repository/io/springfox/springfox-swagger-ui/3.0.0/springfox-swagger-ui-3.0.0.jar:/Users/demanday67/.m2/repository/io/springfox/springfox-spring-webmvc/3.0.0/springfox-spring-webmvc-3.0.0.jar:/Users/demanday67/.m2/repository/io/springfox/springfox-swagger2/3.0.0/springfox-swagger2-3.0.0.jar:/Users/demanday67/.m2/repository/io/springfox/springfox-spi/3.0.0/springfox-spi-3.0.0.jar:/Users/demanday67/.m2/repository/io/springfox/springfox-schema/3.0.0/springfox-schema-3.0.0.jar:/Users/demanday67/.m2/repository/io/springfox/springfox-swagger-common/3.0.0/springfox-swagger-common-3.0.0.jar:/Users/demanday67/.m2/repository/io/springfox/springfox-spring-web/3.0.0/springfox-spring-web-3.0.0.jar:/Users/demanday67/.m2/repository/io/github/classgraph/classgraph/4.8.83/classgraph-4.8.83.jar:/Users/demanday67/.m2/repository/io/springfox/springfox-spring-webflux/3.0.0/springfox-spring-webflux-3.0.0.jar:/Users/demanday67/.m2/repository/io/swagger/swagger-annotations/1.5.20/swagger-annotations-1.5.20.jar:/Users/demanday67/.m2/repository/io/swagger/swagger-models/1.5.20/swagger-models-1.5.20.jar:/Users/demanday67/.m2/repository/org/mapstruct/mapstruct/1.3.1.Final/mapstruct-1.3.1.Final.jar:/Users/demanday67/.m2/repository/com/mysql/mysql-connector-j/8.3.0/mysql-connector-j-8.3.0.jar:/Users/demanday67/.m2/repository/org/projectlombok/lombok/1.18.34/lombok-1.18.34.jar:/Users/demanday67/.m2/repository/org/springframework/boot/spring-boot-starter-test/3.3.4/spring-boot-starter-test-3.3.4.jar:/Users/demanday67/.m2/repository/org/springframework/boot/spring-boot-test/3.3.4/spring-boot-test-3.3.4.jar:/Users/demanday67/.m2/repository/org/springframework/boot/spring-boot-test-autoconfigure/3.3.4/spring-boot-test-autoconfigure-3.3.4.jar:/Users/demanday67/.m2/repository/com/jayway/jsonpath/json-path/2.9.0/json-path-2.9.0.jar:/Users/demanday67/.m2/repository/jakarta/xml/bind/jakarta.xml.bind-api/4.0.2/jakarta.xml.bind-api-4.0.2.jar:/Users/demanday67/.m2/repository/jakarta/activation/jakarta.activation-api/2.1.3/jakarta.activation-api-2.1.3.jar:/Users/demanday67/.m2/repository/net/minidev/json-smart/2.5.1/json-smart-2.5.1.jar:/Users/demanday67/.m2/repository/net/minidev/accessors-smart/2.5.1/accessors-smart-2.5.1.jar:/Users/demanday67/.m2/repository/org/ow2/asm/asm/9.6/asm-9.6.jar:/Users/demanday67/.m2/repository/org/assertj/assertj-core/3.25.3/assertj-core-3.25.3.jar:/Users/demanday67/.m2/repository/org/awaitility/awaitility/4.2.2/awaitility-4.2.2.jar:/Users/demanday67/.m2/repository/org/hamcrest/hamcrest/2.2/hamcrest-2.2.jar:/Users/demanday67/.m2/repository/org/junit/jupiter/junit-jupiter/5.10.3/junit-jupiter-5.10.3.jar:/Users/demanday67/.m2/repository/org/junit/jupiter/junit-jupiter-api/5.10.3/junit-jupiter-api-5.10.3.jar:/Users/demanday67/.m2/repository/org/opentest4j/opentest4j/1.3.0/opentest4j-1.3.0.jar:/Users/demanday67/.m2/repository/org/junit/platform/junit-platform-commons/1.10.3/junit-platform-commons-1.10.3.jar:/Users/demanday67/.m2/repository/org/apiguardian/apiguardian-api/1.1.2/apiguardian-api-1.1.2.jar:/Users/demanday67/.m2/repository/org/junit/jupiter/junit-jupiter-params/5.10.3/junit-jupiter-params-5.10.3.jar:/Users/demanday67/.m2/repository/org/junit/jupiter/junit-jupiter-engine/5.10.3/junit-jupiter-engine-5.10.3.jar:/Users/demanday67/.m2/repository/org/junit/platform/junit-platform-engine/1.10.3/junit-platform-engine-1.10.3.jar:/Users/demanday67/.m2/repository/org/mockito/mockito-core/5.11.0/mockito-core-5.11.0.jar:/Users/demanday67/.m2/repository/net/bytebuddy/byte-buddy-agent/1.14.19/byte-buddy-agent-1.14.19.jar:/Users/demanday67/.m2/repository/org/objenesis/objenesis/3.3/objenesis-3.3.jar:/Users/demanday67/.m2/repository/org/mockito/mockito-junit-jupiter/5.11.0/mockito-junit-jupiter-5.11.0.jar:/Users/demanday67/.m2/repository/org/skyscreamer/jsonassert/1.5.3/jsonassert-1.5.3.jar:/Users/demanday67/.m2/repository/com/vaadin/external/google/android-json/0.0.20131108.vaadin1/android-json-0.0.20131108.vaadin1.jar:/Users/demanday67/.m2/repository/org/springframework/spring-core/6.1.13/spring-core-6.1.13.jar:/Users/demanday67/.m2/repository/org/springframework/spring-jcl/6.1.13/spring-jcl-6.1.13.jar:/Users/demanday67/.m2/repository/org/springframework/spring-test/6.1.13/spring-test-6.1.13.jar:/Users/demanday67/.m2/repository/org/xmlunit/xmlunit-core/2.9.1/xmlunit-core-2.9.1.jar:/Users/demanday67/.m2/repository/org/springdoc/springdoc-openapi-starter-webmvc-ui/2.3.0/springdoc-openapi-starter-webmvc-ui-2.3.0.jar:/Users/demanday67/.m2/repository/org/springdoc/springdoc-openapi-starter-webmvc-api/2.3.0/springdoc-openapi-starter-webmvc-api-2.3.0.jar:/Users/demanday67/.m2/repository/org/springdoc/springdoc-openapi-starter-common/2.3.0/springdoc-openapi-starter-common-2.3.0.jar:/Users/demanday67/.m2/repository/io/swagger/core/v3/swagger-core-jakarta/2.2.19/swagger-core-jakarta-2.2.19.jar:/Users/demanday67/.m2/repository/org/apache/commons/commons-lang3/3.14.0/commons-lang3-3.14.0.jar:/Users/demanday67/.m2/repository/io/swagger/core/v3/swagger-annotations-jakarta/2.2.19/swagger-annotations-jakarta-2.2.19.jar:/Users/demanday67/.m2/repository/io/swagger/core/v3/swagger-models-jakarta/2.2.19/swagger-models-jakarta-2.2.19.jar:/Users/demanday67/.m2/repository/jakarta/validation/jakarta.validation-api/3.0.2/jakarta.validation-api-3.0.2.jar:/Users/demanday67/.m2/repository/com/fasterxml/jackson/dataformat/jackson-dataformat-yaml/2.17.2/jackson-dataformat-yaml-2.17.2.jar:/Users/demanday67/.m2/repository/org/webjars/swagger-ui/5.10.3/swagger-ui-5.10.3.jar:/Users/demanday67/.m2/repository/javax/persistence/javax.persistence-api/2.2/javax.persistence-api-2.2.jar:/Users/demanday67/.m2/repository/org/springframework/boot/spring-boot-starter-mail/3.3.4/spring-boot-starter-mail-3.3.4.jar:/Users/demanday67/.m2/repository/org/springframework/spring-context-support/6.1.13/spring-context-support-6.1.13.jar:/Users/demanday67/.m2/repository/org/eclipse/angus/jakarta.mail/2.0.3/jakarta.mail-2.0.3.jar:/Users/demanday67/.m2/repository/org/eclipse/angus/angus-activation/2.0.2/angus-activation-2.0.2.jar:/Users/demanday67/.m2/repository/org/springframework/boot/spring-boot-starter-websocket/3.3.4/spring-boot-starter-websocket-3.3.4.jar:/Users/demanday67/.m2/repository/org/springframework/spring-messaging/6.1.13/spring-messaging-6.1.13.jar:/Users/demanday67/.m2/repository/org/springframework/spring-websocket/6.1.13/spring-websocket-6.1.13.jar:"/>
    <property name="sun.cpu.endian" value="little"/>
    <property name="user.home" value="/Users/demanday67"/>
    <property name="user.language" value="en"/>
    <property name="java.specification.vendor" value="Oracle Corporation"/>
    <property name="java.version.date" value="2024-07-16"/>
    <property name="java.home" value="/Library/Java/JavaVirtualMachines/jdk-17.jdk/Contents/Home"/>
    <property name="file.separator" value="/"/>
    <property name="basedir" value="/Users/demanday67/Documents/JavaProjects/infinityDemandDay"/>
    <property name="java.vm.compressedOopsMode" value="Zero based"/>
    <property name="line.separator" value="&#10;"/>
    <property name="java.vm.specification.vendor" value="Oracle Corporation"/>
    <property name="java.specification.name" value="Java Platform API Specification"/>
    <property name="FILE_LOG_CHARSET" value="UTF-8"/>
    <property name="java.awt.headless" value="true"/>
    <property name="surefire.real.class.path" value="/Users/demanday67/Documents/JavaProjects/infinityDemandDay/target/surefire/surefirebooter-20241213180539865_3.jar"/>
    <property name="sun.management.compiler" value="HotSpot 64-Bit Tiered Compilers"/>
    <property name="ftp.nonProxyHosts" value="local|*.local|169.254/16|*.169.254/16"/>
    <property name="java.runtime.version" value="17.0.12+8-LTS-286"/>
    <property name="user.name" value="demanday67"/>
    <property name="path.separator" value=":"/>
    <property name="os.version" value="15.1.1"/>
    <property name="java.runtime.name" value="Java(TM) SE Runtime Environment"/>
    <property name="file.encoding" value="UTF-8"/>
    <property name="java.vm.name" value="Java HotSpot(TM) 64-Bit Server VM"/>
    <property name="localRepository" value="/Users/demanday67/.m2/repository"/>
    <property name="java.vendor.url.bug" value="https://bugreport.java.com/bugreport/"/>
    <property name="java.io.tmpdir" value="/var/folders/4q/_7t4yk210wd0drltfygfxylh0000gn/T/"/>
    <property name="com.zaxxer.hikari.pool_number" value="1"/>
    <property name="java.version" value="17.0.12"/>
    <property name="user.dir" value="/Users/demanday67/Documents/JavaProjects/infinityDemandDay"/>
    <property name="os.arch" value="aarch64"/>
    <property name="java.vm.specification.name" value="Java Virtual Machine Specification"/>
    <property name="PID" value="7187"/>
    <property name="CONSOLE_LOG_CHARSET" value="UTF-8"/>
    <property name="native.encoding" value="UTF-8"/>
    <property name="java.library.path" value="/Users/demanday67/Library/Java/Extensions:/Library/Java/Extensions:/Network/Library/Java/Extensions:/System/Library/Java/Extensions:/usr/lib/java:."/>
    <property name="java.vm.info" value="mixed mode, sharing"/>
    <property name="java.vendor" value="Oracle Corporation"/>
    <property name="java.vm.version" value="17.0.12+8-LTS-286"/>
    <property name="sun.io.unicode.encoding" value="UnicodeBig"/>
    <property name="socksNonProxyHosts" value="local|*.local|169.254/16|*.169.254/16"/>
    <property name="java.class.version" value="61.0"/>
    <property name="LOGGED_APPLICATION_NAME" value="[contenttree] "/>
  </properties>
  <testcase name="contextLoads" classname="com.contenttree.ContenttreeApplicationTests" time="0.299">
    <system-out><![CDATA[18:05:40.245 [main] INFO org.springframework.test.context.support.AnnotationConfigContextLoaderUtils -- Could not detect default configuration classes for test class [com.contenttree.ContenttreeApplicationTests]: ContenttreeApplicationTests does not declare any static, non-private, non-final, nested classes annotated with @Configuration.
18:05:40.298 [main] INFO org.springframework.boot.test.context.SpringBootTestContextBootstrapper -- Found @SpringBootConfiguration com.contenttree.ContenttreeApplication for test class com.contenttree.ContenttreeApplicationTests

  .   ____          _            __ _ _
 /\\ / ___'_ __ _ _(_)_ __  __ _ \ \ \ \
( ( )\___ | '_ | '_| | '_ \/ _` | \ \ \ \
 \\/  ___)| |_)| | | | | || (_| |  ) ) ) )
  '  |____| .__|_| |_|_| |_\__, | / / / /
 =========|_|==============|___/=/_/_/_/

 :: Spring Boot ::                (v3.3.4)

2024-12-13T18:05:40.482+05:30  INFO 7187 --- [contenttree] [           main] c.c.ContenttreeApplicationTests          : Starting ContenttreeApplicationTests using Java 17.0.12 with PID 7187 (started by demanday67 in /Users/demanday67/Documents/JavaProjects/infinityDemandDay)
2024-12-13T18:05:40.483+05:30  INFO 7187 --- [contenttree] [           main] c.c.ContenttreeApplicationTests          : No active profile set, falling back to 1 default profile: "default"
2024-12-13T18:05:40.483+05:30 DEBUG 7187 --- [contenttree] [           main] o.s.boot.SpringApplication               : Loading source class com.contenttree.ContenttreeApplication
2024-12-13T18:05:40.496+05:30 DEBUG 7187 --- [contenttree] [           main] o.s.w.c.s.GenericWebApplicationContext   : Refreshing org.springframework.web.context.support.GenericWebApplicationContext@f713686
2024-12-13T18:05:40.504+05:30 DEBUG 7187 --- [contenttree] [           main] o.s.b.f.s.DefaultListableBeanFactory     : Creating shared instance of singleton bean 'org.springframework.context.annotation.internalConfigurationAnnotationProcessor'
2024-12-13T18:05:40.509+05:30 DEBUG 7187 --- [contenttree] [           main] o.s.b.f.s.DefaultListableBeanFactory     : Creating shared instance of singleton bean 'org.springframework.boot.autoconfigure.internalCachingMetadataReaderFactory'
2024-12-13T18:05:40.531+05:30 DEBUG 7187 --- [contenttree] [           main] o.s.c.a.ClassPathBeanDefinitionScanner   : Identified candidate component class: file [/Users/demanday67/Documents/JavaProjects/infinityDemandDay/target/classes/com/contenttree/Blogs/BlogsController.class]
2024-12-13T18:05:40.533+05:30 DEBUG 7187 --- [contenttree] [           main] o.s.c.a.ClassPathBeanDefinitionScanner   : Identified candidate component class: file [/Users/demanday67/Documents/JavaProjects/infinityDemandDay/target/classes/com/contenttree/CampaignManager/CampaignManagerController.class]
2024-12-13T18:05:40.534+05:30 DEBUG 7187 --- [contenttree] [           main] o.s.c.a.ClassPathBeanDefinitionScanner   : Ignored because not a concrete top-level class: file [/Users/demanday67/Documents/JavaProjects/infinityDemandDay/target/classes/com/contenttree/CampaignManager/EventRepository.class]
2024-12-13T18:05:40.535+05:30 DEBUG 7187 --- [contenttree] [           main] o.s.c.a.ClassPathBeanDefinitionScanner   : Ignored because not a concrete top-level class: file [/Users/demanday67/Documents/JavaProjects/infinityDemandDay/target/classes/com/contenttree/CampaignManager/WebinarRepository.class]
2024-12-13T18:05:40.536+05:30 DEBUG 7187 --- [contenttree] [           main] o.s.c.a.ClassPathBeanDefinitionScanner   : Identified candidate component class: file [/Users/demanday67/Documents/JavaProjects/infinityDemandDay/target/classes/com/contenttree/CountryCode/CountryController.class]
2024-12-13T18:05:40.536+05:30 DEBUG 7187 --- [contenttree] [           main] o.s.c.a.ClassPathBeanDefinitionScanner   : Ignored because not a concrete top-level class: file [/Users/demanday67/Documents/JavaProjects/infinityDemandDay/target/classes/com/contenttree/CountryCode/CountryRepository.class]
2024-12-13T18:05:40.536+05:30 DEBUG 7187 --- [contenttree] [           main] o.s.c.a.ClassPathBeanDefinitionScanner   : Identified candidate component class: file [/Users/demanday67/Documents/JavaProjects/infinityDemandDay/target/classes/com/contenttree/DataBaseBackup/DatabaseBackupService.class]
2024-12-13T18:05:40.537+05:30 DEBUG 7187 --- [contenttree] [           main] o.s.c.a.ClassPathBeanDefinitionScanner   : Identified candidate component class: file [/Users/demanday67/Documents/JavaProjects/infinityDemandDay/target/classes/com/contenttree/NewsLetter/NewsLetterController.class]
2024-12-13T18:05:40.537+05:30 DEBUG 7187 --- [contenttree] [           main] o.s.c.a.ClassPathBeanDefinitionScanner   : Ignored because not a concrete top-level class: file [/Users/demanday67/Documents/JavaProjects/infinityDemandDay/target/classes/com/contenttree/NewsLetter/NewsLetterRepository.class]
2024-12-13T18:05:40.537+05:30 DEBUG 7187 --- [contenttree] [           main] o.s.c.a.ClassPathBeanDefinitionScanner   : Identified candidate component class: file [/Users/demanday67/Documents/JavaProjects/infinityDemandDay/target/classes/com/contenttree/NewsLetter/NewsLetterService.class]
2024-12-13T18:05:40.538+05:30 DEBUG 7187 --- [contenttree] [           main] o.s.c.a.ClassPathBeanDefinitionScanner   : Ignored because not a concrete top-level class: file [/Users/demanday67/Documents/JavaProjects/infinityDemandDay/target/classes/com/contenttree/StaticCount/RegionRepository.class]
2024-12-13T18:05:40.539+05:30 DEBUG 7187 --- [contenttree] [           main] o.s.c.a.ClassPathBeanDefinitionScanner   : Ignored because not a concrete top-level class: file [/Users/demanday67/Documents/JavaProjects/infinityDemandDay/target/classes/com/contenttree/StaticCount/StaticCountRepository.class]
2024-12-13T18:05:40.539+05:30 DEBUG 7187 --- [contenttree] [           main] o.s.c.a.ClassPathBeanDefinitionScanner   : Identified candidate component class: file [/Users/demanday67/Documents/JavaProjects/infinityDemandDay/target/classes/com/contenttree/Websocket/NotificationService.class]
2024-12-13T18:05:40.541+05:30 DEBUG 7187 --- [contenttree] [           main] o.s.c.a.ClassPathBeanDefinitionScanner   : Identified candidate component class: file [/Users/demanday67/Documents/JavaProjects/infinityDemandDay/target/classes/com/contenttree/Websocket/WebSocketConfig.class]
2024-12-13T18:05:40.543+05:30 DEBUG 7187 --- [contenttree] [           main] o.s.c.a.ClassPathBeanDefinitionScanner   : Identified candidate component class: file [/Users/demanday67/Documents/JavaProjects/infinityDemandDay/target/classes/com/contenttree/admin/AdminController.class]
2024-12-13T18:05:40.543+05:30 DEBUG 7187 --- [contenttree] [           main] o.s.c.a.ClassPathBeanDefinitionScanner   : Ignored because not a concrete top-level class: file [/Users/demanday67/Documents/JavaProjects/infinityDemandDay/target/classes/com/contenttree/admin/AdminRepository.class]
2024-12-13T18:05:40.544+05:30 DEBUG 7187 --- [contenttree] [           main] o.s.c.a.ClassPathBeanDefinitionScanner   : Identified candidate component class: file [/Users/demanday67/Documents/JavaProjects/infinityDemandDay/target/classes/com/contenttree/admin/AdminService.class]
2024-12-13T18:05:40.545+05:30 DEBUG 7187 --- [contenttree] [           main] o.s.c.a.ClassPathBeanDefinitionScanner   : Identified candidate component class: file [/Users/demanday67/Documents/JavaProjects/infinityDemandDay/target/classes/com/contenttree/banner/BannerController.class]
2024-12-13T18:05:40.545+05:30 DEBUG 7187 --- [contenttree] [           main] o.s.c.a.ClassPathBeanDefinitionScanner   : Ignored because not a concrete top-level class: file [/Users/demanday67/Documents/JavaProjects/infinityDemandDay/target/classes/com/contenttree/banner/BannerRepository.class]
2024-12-13T18:05:40.546+05:30 DEBUG 7187 --- [contenttree] [           main] o.s.c.a.ClassPathBeanDefinitionScanner   : Identified candidate component class: file [/Users/demanday67/Documents/JavaProjects/infinityDemandDay/target/classes/com/contenttree/banner/BannerService.class]
2024-12-13T18:05:40.546+05:30 DEBUG 7187 --- [contenttree] [           main] o.s.c.a.ClassPathBeanDefinitionScanner   : Identified candidate component class: file [/Users/demanday67/Documents/JavaProjects/infinityDemandDay/target/classes/com/contenttree/category/CategoryController.class]
2024-12-13T18:05:40.546+05:30 DEBUG 7187 --- [contenttree] [           main] o.s.c.a.ClassPathBeanDefinitionScanner   : Ignored because not a concrete top-level class: file [/Users/demanday67/Documents/JavaProjects/infinityDemandDay/target/classes/com/contenttree/category/CategoryRepository.class]
2024-12-13T18:05:40.547+05:30 DEBUG 7187 --- [contenttree] [           main] o.s.c.a.ClassPathBeanDefinitionScanner   : Identified candidate component class: file [/Users/demanday67/Documents/JavaProjects/infinityDemandDay/target/classes/com/contenttree/category/CategoryService.class]
2024-12-13T18:05:40.547+05:30 DEBUG 7187 --- [contenttree] [           main] o.s.c.a.ClassPathBeanDefinitionScanner   : Identified candidate component class: file [/Users/demanday67/Documents/JavaProjects/infinityDemandDay/target/classes/com/contenttree/config/CorsConfig.class]
2024-12-13T18:05:40.547+05:30 DEBUG 7187 --- [contenttree] [           main] o.s.c.a.ClassPathBeanDefinitionScanner   : Identified candidate component class: file [/Users/demanday67/Documents/JavaProjects/infinityDemandDay/target/classes/com/contenttree/config/CustomUserDetailsService.class]
2024-12-13T18:05:40.549+05:30 DEBUG 7187 --- [contenttree] [           main] o.s.c.a.ClassPathBeanDefinitionScanner   : Identified candidate component class: file [/Users/demanday67/Documents/JavaProjects/infinityDemandDay/target/classes/com/contenttree/config/SpringSecurityConfig.class]
2024-12-13T18:05:40.550+05:30 DEBUG 7187 --- [contenttree] [           main] o.s.c.a.ClassPathBeanDefinitionScanner   : Identified candidate component class: file [/Users/demanday67/Documents/JavaProjects/infinityDemandDay/target/classes/com/contenttree/config/WebConfig.class]
2024-12-13T18:05:40.550+05:30 DEBUG 7187 --- [contenttree] [           main] o.s.c.a.ClassPathBeanDefinitionScanner   : Identified candidate component class: file [/Users/demanday67/Documents/JavaProjects/infinityDemandDay/target/classes/com/contenttree/config/XFrameOptionsFilter.class]
2024-12-13T18:05:40.550+05:30 DEBUG 7187 --- [contenttree] [           main] o.s.c.a.ClassPathBeanDefinitionScanner   : Ignored because not a concrete top-level class: file [/Users/demanday67/Documents/JavaProjects/infinityDemandDay/target/classes/com/contenttree/confirmationtoken/ConfirmationTokenRepository.class]
2024-12-13T18:05:40.550+05:30 DEBUG 7187 --- [contenttree] [           main] o.s.c.a.ClassPathBeanDefinitionScanner   : Identified candidate component class: file [/Users/demanday67/Documents/JavaProjects/infinityDemandDay/target/classes/com/contenttree/controller/Controller.class]
2024-12-13T18:05:40.551+05:30 DEBUG 7187 --- [contenttree] [           main] o.s.c.a.ClassPathBeanDefinitionScanner   : Identified candidate component class: file [/Users/demanday67/Documents/JavaProjects/infinityDemandDay/target/classes/com/contenttree/downloadlog/DownloadLogMapper.class]
2024-12-13T18:05:40.551+05:30 DEBUG 7187 --- [contenttree] [           main] o.s.c.a.ClassPathBeanDefinitionScanner   : Ignored because not a concrete top-level class: file [/Users/demanday67/Documents/JavaProjects/infinityDemandDay/target/classes/com/contenttree/downloadlog/DownloadLogRepository.class]
2024-12-13T18:05:40.551+05:30 DEBUG 7187 --- [contenttree] [           main] o.s.c.a.ClassPathBeanDefinitionScanner   : Identified candidate component class: file [/Users/demanday67/Documents/JavaProjects/infinityDemandDay/target/classes/com/contenttree/downloadlog/DownloadLogService.class]
2024-12-13T18:05:40.552+05:30 DEBUG 7187 --- [contenttree] [           main] o.s.c.a.ClassPathBeanDefinitionScanner   : Identified candidate component class: file [/Users/demanday67/Documents/JavaProjects/infinityDemandDay/target/classes/com/contenttree/home/HomePageController.class]
2024-12-13T18:05:40.552+05:30 DEBUG 7187 --- [contenttree] [           main] o.s.c.a.ClassPathBeanDefinitionScanner   : Identified candidate component class: file [/Users/demanday67/Documents/JavaProjects/infinityDemandDay/target/classes/com/contenttree/security/AdminJwtHelper.class]
2024-12-13T18:05:40.552+05:30 DEBUG 7187 --- [contenttree] [           main] o.s.c.a.ClassPathBeanDefinitionScanner   : Identified candidate component class: file [/Users/demanday67/Documents/JavaProjects/infinityDemandDay/target/classes/com/contenttree/security/JwtAuthenticationEntryPoint.class]
2024-12-13T18:05:40.553+05:30 DEBUG 7187 --- [contenttree] [           main] o.s.c.a.ClassPathBeanDefinitionScanner   : Identified candidate component class: file [/Users/demanday67/Documents/JavaProjects/infinityDemandDay/target/classes/com/contenttree/security/JwtHelper.class]
2024-12-13T18:05:40.553+05:30 DEBUG 7187 --- [contenttree] [           main] o.s.c.a.ClassPathBeanDefinitionScanner   : Identified candidate component class: file [/Users/demanday67/Documents/JavaProjects/infinityDemandDay/target/classes/com/contenttree/security/UserJwtHelper.class]
2024-12-13T18:05:40.553+05:30 DEBUG 7187 --- [contenttree] [           main] o.s.c.a.ClassPathBeanDefinitionScanner   : Identified candidate component class: file [/Users/demanday67/Documents/JavaProjects/infinityDemandDay/target/classes/com/contenttree/security/VendorJwtHelper.class]
2024-12-13T18:05:40.554+05:30 DEBUG 7187 --- [contenttree] [           main] o.s.c.a.ClassPathBeanDefinitionScanner   : Identified candidate component class: file [/Users/demanday67/Documents/JavaProjects/infinityDemandDay/target/classes/com/contenttree/solutionsets/SolutionSetMapper.class]
2024-12-13T18:05:40.554+05:30 DEBUG 7187 --- [contenttree] [           main] o.s.c.a.ClassPathBeanDefinitionScanner   : Identified candidate component class: file [/Users/demanday67/Documents/JavaProjects/infinityDemandDay/target/classes/com/contenttree/solutionsets/SolutionSetsController.class]
2024-12-13T18:05:40.555+05:30 DEBUG 7187 --- [contenttree] [           main] o.s.c.a.ClassPathBeanDefinitionScanner   : Ignored because not a concrete top-level class: file [/Users/demanday67/Documents/JavaProjects/infinityDemandDay/target/classes/com/contenttree/solutionsets/SolutionSetsRepository.class]
2024-12-13T18:05:40.556+05:30 DEBUG 7187 --- [contenttree] [           main] o.s.c.a.ClassPathBeanDefinitionScanner   : Identified candidate component class: file [/Users/demanday67/Documents/JavaProjects/infinityDemandDay/target/classes/com/contenttree/solutionsets/SolutionSetsService.class]
2024-12-13T18:05:40.556+05:30 DEBUG 7187 --- [contenttree] [           main] o.s.c.a.ClassPathBeanDefinitionScanner   : Identified candidate component class: file [/Users/demanday67/Documents/JavaProjects/infinityDemandDay/target/classes/com/contenttree/user/EmailService.class]
2024-12-13T18:05:40.558+05:30 DEBUG 7187 --- [contenttree] [           main] o.s.c.a.ClassPathBeanDefinitionScanner   : Identified candidate component class: file [/Users/demanday67/Documents/JavaProjects/infinityDemandDay/target/classes/com/contenttree/user/UserController.class]
2024-12-13T18:05:40.558+05:30 DEBUG 7187 --- [contenttree] [           main] o.s.c.a.ClassPathBeanDefinitionScanner   : Ignored because not a concrete top-level class: file [/Users/demanday67/Documents/JavaProjects/infinityDemandDay/target/classes/com/contenttree/user/UserRepository.class]
2024-12-13T18:05:40.558+05:30 DEBUG 7187 --- [contenttree] [           main] o.s.c.a.ClassPathBeanDefinitionScanner   : Identified candidate component class: file [/Users/demanday67/Documents/JavaProjects/infinityDemandDay/target/classes/com/contenttree/user/UserService.class]
2024-12-13T18:05:40.559+05:30 DEBUG 7187 --- [contenttree] [           main] o.s.c.a.ClassPathBeanDefinitionScanner   : Ignored because not a concrete top-level class: file [/Users/demanday67/Documents/JavaProjects/infinityDemandDay/target/classes/com/contenttree/userdatastorage/UserDataStorageRepository.class]
2024-12-13T18:05:40.559+05:30 DEBUG 7187 --- [contenttree] [           main] o.s.c.a.ClassPathBeanDefinitionScanner   : Identified candidate component class: file [/Users/demanday67/Documents/JavaProjects/infinityDemandDay/target/classes/com/contenttree/userdatastorage/UserDataStorageService.class]
2024-12-13T18:05:40.560+05:30 DEBUG 7187 --- [contenttree] [           main] o.s.c.a.ClassPathBeanDefinitionScanner   : Identified candidate component class: file [/Users/demanday67/Documents/JavaProjects/infinityDemandDay/target/classes/com/contenttree/vendor/VendorController.class]
2024-12-13T18:05:40.560+05:30 DEBUG 7187 --- [contenttree] [           main] o.s.c.a.ClassPathBeanDefinitionScanner   : Ignored because not a concrete top-level class: file [/Users/demanday67/Documents/JavaProjects/infinityDemandDay/target/classes/com/contenttree/vendor/VendorRepository.class]
2024-12-13T18:05:40.561+05:30 DEBUG 7187 --- [contenttree] [           main] o.s.c.a.ClassPathBeanDefinitionScanner   : Identified candidate component class: file [/Users/demanday67/Documents/JavaProjects/infinityDemandDay/target/classes/com/contenttree/vendor/VendorsService.class]
2024-12-13T18:05:40.969+05:30  INFO 7187 --- [contenttree] [           main] .s.d.r.c.RepositoryConfigurationDelegate : Bootstrapping Spring Data JPA repositories in DEFAULT mode.
2024-12-13T18:05:40.974+05:30 DEBUG 7187 --- [contenttree] [           main] o.s.b.f.s.DefaultListableBeanFactory     : Creating shared instance of singleton bean 'org.springframework.boot.autoconfigure.AutoConfigurationPackages'
2024-12-13T18:05:40.978+05:30 DEBUG 7187 --- [contenttree] [           main] o.s.b.a.AutoConfigurationPackages        : @EnableAutoConfiguration was declared on a class in the package 'com.contenttree'. Automatic @Repository and @Entity scanning is enabled.
2024-12-13T18:05:40.979+05:30 DEBUG 7187 --- [contenttree] [           main] .s.d.r.c.RepositoryConfigurationDelegate : Scanning for JPA repositories in packages com.contenttree.
2024-12-13T18:05:40.986+05:30 DEBUG 7187 --- [contenttree] [           main] o.s.d.r.c.RepositoryComponentProvider    : Identified candidate component class: file [/Users/demanday67/Documents/JavaProjects/infinityDemandDay/target/classes/com/contenttree/Blogs/BlogsCategoryRepository.class]
2024-12-13T18:05:40.986+05:30 DEBUG 7187 --- [contenttree] [           main] o.s.d.r.c.RepositoryComponentProvider    : Identified candidate component class: file [/Users/demanday67/Documents/JavaProjects/infinityDemandDay/target/classes/com/contenttree/Blogs/BlogsRepository.class]
2024-12-13T18:05:40.986+05:30 DEBUG 7187 --- [contenttree] [           main] o.s.d.r.c.RepositoryComponentProvider    : Identified candidate component class: file [/Users/demanday67/Documents/JavaProjects/infinityDemandDay/target/classes/com/contenttree/CampaignManager/CampaignReposiotry.class]
2024-12-13T18:05:40.987+05:30 DEBUG 7187 --- [contenttree] [           main] o.s.d.r.c.RepositoryComponentProvider    : Identified candidate component class: file [/Users/demanday67/Documents/JavaProjects/infinityDemandDay/target/classes/com/contenttree/CampaignManager/EventRepository.class]
2024-12-13T18:05:40.987+05:30 DEBUG 7187 --- [contenttree] [           main] o.s.d.r.c.RepositoryComponentProvider    : Identified candidate component class: file [/Users/demanday67/Documents/JavaProjects/infinityDemandDay/target/classes/com/contenttree/CampaignManager/WebinarRepository.class]
2024-12-13T18:05:40.987+05:30 DEBUG 7187 --- [contenttree] [           main] o.s.d.r.c.RepositoryComponentProvider    : Identified candidate component class: file [/Users/demanday67/Documents/JavaProjects/infinityDemandDay/target/classes/com/contenttree/CountryCode/CountryRepository.class]
2024-12-13T18:05:40.987+05:30 DEBUG 7187 --- [contenttree] [           main] o.s.d.r.c.RepositoryComponentProvider    : Identified candidate component class: file [/Users/demanday67/Documents/JavaProjects/infinityDemandDay/target/classes/com/contenttree/NewsLetter/NewsLetterRepository.class]
2024-12-13T18:05:40.987+05:30 DEBUG 7187 --- [contenttree] [           main] o.s.d.r.c.RepositoryComponentProvider    : Identified candidate component class: file [/Users/demanday67/Documents/JavaProjects/infinityDemandDay/target/classes/com/contenttree/StaticCount/RegionRepository.class]
2024-12-13T18:05:40.987+05:30 DEBUG 7187 --- [contenttree] [           main] o.s.d.r.c.RepositoryComponentProvider    : Identified candidate component class: file [/Users/demanday67/Documents/JavaProjects/infinityDemandDay/target/classes/com/contenttree/StaticCount/StaticCountRepository.class]
2024-12-13T18:05:40.988+05:30 DEBUG 7187 --- [contenttree] [           main] o.s.d.r.c.RepositoryComponentProvider    : Identified candidate component class: file [/Users/demanday67/Documents/JavaProjects/infinityDemandDay/target/classes/com/contenttree/admin/AdminRepository.class]
2024-12-13T18:05:40.988+05:30 DEBUG 7187 --- [contenttree] [           main] o.s.d.r.c.RepositoryComponentProvider    : Identified candidate component class: file [/Users/demanday67/Documents/JavaProjects/infinityDemandDay/target/classes/com/contenttree/banner/BannerRepository.class]
2024-12-13T18:05:40.988+05:30 DEBUG 7187 --- [contenttree] [           main] o.s.d.r.c.RepositoryComponentProvider    : Identified candidate component class: file [/Users/demanday67/Documents/JavaProjects/infinityDemandDay/target/classes/com/contenttree/category/CategoryRepository.class]
2024-12-13T18:05:40.988+05:30 DEBUG 7187 --- [contenttree] [           main] o.s.d.r.c.RepositoryComponentProvider    : Identified candidate component class: file [/Users/demanday67/Documents/JavaProjects/infinityDemandDay/target/classes/com/contenttree/confirmationtoken/ConfirmationTokenRepository.class]
2024-12-13T18:05:40.989+05:30 DEBUG 7187 --- [contenttree] [           main] o.s.d.r.c.RepositoryComponentProvider    : Identified candidate component class: file [/Users/demanday67/Documents/JavaProjects/infinityDemandDay/target/classes/com/contenttree/downloadlog/DownloadLogRepository.class]
2024-12-13T18:05:40.989+05:30 DEBUG 7187 --- [contenttree] [           main] o.s.d.r.c.RepositoryComponentProvider    : Identified candidate component class: file [/Users/demanday67/Documents/JavaProjects/infinityDemandDay/target/classes/com/contenttree/solutionsets/SolutionSetsRepository.class]
2024-12-13T18:05:40.989+05:30 DEBUG 7187 --- [contenttree] [           main] o.s.d.r.c.RepositoryComponentProvider    : Identified candidate component class: file [/Users/demanday67/Documents/JavaProjects/infinityDemandDay/target/classes/com/contenttree/user/UserRepository.class]
2024-12-13T18:05:40.989+05:30 DEBUG 7187 --- [contenttree] [           main] o.s.d.r.c.RepositoryComponentProvider    : Identified candidate component class: file [/Users/demanday67/Documents/JavaProjects/infinityDemandDay/target/classes/com/contenttree/userdatastorage/UserDataStorageRepository.class]
2024-12-13T18:05:40.989+05:30 DEBUG 7187 --- [contenttree] [           main] o.s.d.r.c.RepositoryComponentProvider    : Identified candidate component class: file [/Users/demanday67/Documents/JavaProjects/infinityDemandDay/target/classes/com/contenttree/vendor/VendorRepository.class]
2024-12-13T18:05:41.028+05:30  INFO 7187 --- [contenttree] [           main] .s.d.r.c.RepositoryConfigurationDelegate : Finished Spring Data repository scanning in 48 ms. Found 18 JPA repository interfaces.
2024-12-13T18:05:41.094+05:30 DEBUG 7187 --- [contenttree] [           main] o.s.b.f.s.DefaultListableBeanFactory     : Creating shared instance of singleton bean 'springSecurityHandlerMappingIntrospectorBeanDefinitionRegistryPostProcessor'
2024-12-13T18:05:41.138+05:30 DEBUG 7187 --- [contenttree] [           main] o.s.b.f.s.DefaultListableBeanFactory     : Creating shared instance of singleton bean 'scheduledBeanLazyInitializationExcludeFilter'
2024-12-13T18:05:41.231+05:30 DEBUG 7187 --- [contenttree] [           main] o.s.b.f.s.DefaultListableBeanFactory     : Creating shared instance of singleton bean 'propertySourcesPlaceholderConfigurer'
2024-12-13T18:05:41.234+05:30 DEBUG 7187 --- [contenttree] [           main] o.s.b.f.s.DefaultListableBeanFactory     : Creating shared instance of singleton bean 'org.springframework.boot.test.mock.mockito.MockitoPostProcessor'
2024-12-13T18:05:41.234+05:30 DEBUG 7187 --- [contenttree] [           main] o.s.b.f.s.DefaultListableBeanFactory     : Creating shared instance of singleton bean 'emBeanDefinitionRegistrarPostProcessor'
2024-12-13T18:05:41.234+05:30 DEBUG 7187 --- [contenttree] [           main] o.s.b.f.s.DefaultListableBeanFactory     : Creating shared instance of singleton bean 'org.springframework.boot.sql.init.dependency.DatabaseInitializationDependencyConfigurer$DependsOnDatabaseInitializationPostProcessor'
2024-12-13T18:05:41.257+05:30 DEBUG 7187 --- [contenttree] [           main] o.s.b.f.s.DefaultListableBeanFactory     : Creating shared instance of singleton bean 'org.springframework.context.event.internalEventListenerProcessor'
2024-12-13T18:05:41.257+05:30 DEBUG 7187 --- [contenttree] [           main] o.s.b.f.s.DefaultListableBeanFactory     : Creating shared instance of singleton bean 'conversionServicePostProcessor'
2024-12-13T18:05:41.261+05:30 DEBUG 7187 --- [contenttree] [           main] o.s.b.f.s.DefaultListableBeanFactory     : Creating shared instance of singleton bean 'preserveErrorControllerTargetClassPostProcessor'
2024-12-13T18:05:41.262+05:30 DEBUG 7187 --- [contenttree] [           main] o.s.b.f.s.DefaultListableBeanFactory     : Creating shared instance of singleton bean 'org.springframework.context.event.internalEventListenerFactory'
2024-12-13T18:05:41.262+05:30 DEBUG 7187 --- [contenttree] [           main] o.s.b.f.s.DefaultListableBeanFactory     : Creating shared instance of singleton bean 'org.springframework.transaction.config.internalTransactionalEventListenerFactory'
2024-12-13T18:05:41.263+05:30 DEBUG 7187 --- [contenttree] [           main] o.s.b.f.s.DefaultListableBeanFactory     : Creating shared instance of singleton bean 'org.springframework.boot.test.mock.mockito.MockitoPostProcessor$SpyPostProcessor'
2024-12-13T18:05:41.264+05:30 DEBUG 7187 --- [contenttree] [           main] o.s.b.f.s.DefaultListableBeanFactory     : Creating shared instance of singleton bean 'org.springframework.context.annotation.internalAutowiredAnnotationProcessor'
2024-12-13T18:05:41.264+05:30 DEBUG 7187 --- [contenttree] [           main] o.s.b.f.s.DefaultListableBeanFactory     : Creating shared instance of singleton bean 'org.springframework.context.annotation.internalCommonAnnotationProcessor'
2024-12-13T18:05:41.265+05:30 DEBUG 7187 --- [contenttree] [           main] o.s.b.f.s.DefaultListableBeanFactory     : Creating shared instance of singleton bean 'org.springframework.context.annotation.internalPersistenceAnnotationProcessor'
2024-12-13T18:05:41.265+05:30 DEBUG 7187 --- [contenttree] [           main] o.s.b.f.s.DefaultListableBeanFactory     : Creating shared instance of singleton bean 'org.springframework.boot.context.properties.ConfigurationPropertiesBindingPostProcessor'
2024-12-13T18:05:41.265+05:30 DEBUG 7187 --- [contenttree] [           main] o.s.b.f.s.DefaultListableBeanFactory     : Creating shared instance of singleton bean 'org.springframework.boot.context.internalConfigurationPropertiesBinder'
2024-12-13T18:05:41.266+05:30 DEBUG 7187 --- [contenttree] [           main] o.s.b.f.s.DefaultListableBeanFactory     : Creating shared instance of singleton bean 'jdbcConnectionDetailsHikariBeanPostProcessor'
2024-12-13T18:05:41.267+05:30 DEBUG 7187 --- [contenttree] [           main] o.s.b.f.s.DefaultListableBeanFactory     : Creating shared instance of singleton bean 'org.springframework.context.annotation.internalScheduledAnnotationProcessor'
2024-12-13T18:05:41.267+05:30 DEBUG 7187 --- [contenttree] [           main] o.s.b.f.s.DefaultListableBeanFactory     : Creating shared instance of singleton bean 'org.springframework.scheduling.annotation.SchedulingConfiguration'
2024-12-13T18:05:41.270+05:30 DEBUG 7187 --- [contenttree] [           main] o.s.b.f.s.DefaultListableBeanFactory     : Creating shared instance of singleton bean 'org.springframework.aop.config.internalAutoProxyCreator'
2024-12-13T18:05:41.276+05:30 DEBUG 7187 --- [contenttree] [           main] o.s.b.f.s.DefaultListableBeanFactory     : Creating shared instance of singleton bean 'persistenceExceptionTranslationPostProcessor'
2024-12-13T18:05:41.284+05:30 DEBUG 7187 --- [contenttree] [           main] o.s.b.f.s.DefaultListableBeanFactory     : Autowiring by type from bean name 'persistenceExceptionTranslationPostProcessor' via factory method to bean named 'environment'
2024-12-13T18:05:41.286+05:30 DEBUG 7187 --- [contenttree] [           main] o.s.b.f.s.DefaultListableBeanFactory     : Creating shared instance of singleton bean 'webServerFactoryCustomizerBeanPostProcessor'
2024-12-13T18:05:41.286+05:30 DEBUG 7187 --- [contenttree] [           main] o.s.b.f.s.DefaultListableBeanFactory     : Creating shared instance of singleton bean 'errorPageRegistrarBeanPostProcessor'
2024-12-13T18:05:41.286+05:30 DEBUG 7187 --- [contenttree] [           main] o.s.b.f.s.DefaultListableBeanFactory     : Creating shared instance of singleton bean 'projectingArgumentResolverBeanPostProcessor'
2024-12-13T18:05:41.287+05:30 DEBUG 7187 --- [contenttree] [           main] o.s.b.f.s.DefaultListableBeanFactory     : Creating shared instance of singleton bean 'org.springframework.transaction.config.internalTransactionAdvisor'
2024-12-13T18:05:41.287+05:30 DEBUG 7187 --- [contenttree] [           main] o.s.b.f.s.DefaultListableBeanFactory     : Creating shared instance of singleton bean 'org.springframework.transaction.annotation.ProxyTransactionManagementConfiguration'
2024-12-13T18:05:41.294+05:30 DEBUG 7187 --- [contenttree] [           main] o.s.b.f.s.DefaultListableBeanFactory     : Creating shared instance of singleton bean 'transactionAttributeSource'
2024-12-13T18:05:41.295+05:30 DEBUG 7187 --- [contenttree] [           main] o.s.b.f.s.DefaultListableBeanFactory     : Creating shared instance of singleton bean 'transactionInterceptor'
2024-12-13T18:05:41.295+05:30 DEBUG 7187 --- [contenttree] [           main] o.s.b.f.s.DefaultListableBeanFactory     : Autowiring by type from bean name 'transactionInterceptor' via factory method to bean named 'transactionAttributeSource'
2024-12-13T18:05:41.295+05:30 DEBUG 7187 --- [contenttree] [           main] o.s.b.f.s.DefaultListableBeanFactory     : Autowiring by type from bean name 'org.springframework.transaction.config.internalTransactionAdvisor' via factory method to bean named 'transactionAttributeSource'
2024-12-13T18:05:41.295+05:30 DEBUG 7187 --- [contenttree] [           main] o.s.b.f.s.DefaultListableBeanFactory     : Autowiring by type from bean name 'org.springframework.transaction.config.internalTransactionAdvisor' via factory method to bean named 'transactionInterceptor'
2024-12-13T18:05:41.305+05:30 DEBUG 7187 --- [contenttree] [           main] o.s.u.c.s.UiApplicationContextUtils      : Unable to locate ThemeSource with name 'themeSource': using default [org.springframework.ui.context.support.ResourceBundleThemeSource@4962b41e]
2024-12-13T18:05:41.306+05:30 DEBUG 7187 --- [contenttree] [           main] o.s.b.f.s.DefaultListableBeanFactory     : Creating shared instance of singleton bean 'dataSourceScriptDatabaseInitializer'
2024-12-13T18:05:41.306+05:30 DEBUG 7187 --- [contenttree] [           main] o.s.b.f.s.DefaultListableBeanFactory     : Creating shared instance of singleton bean 'org.springframework.boot.autoconfigure.sql.init.DataSourceInitializationConfiguration'
2024-12-13T18:05:41.307+05:30 DEBUG 7187 --- [contenttree] [           main] o.s.b.f.s.DefaultListableBeanFactory     : Creating shared instance of singleton bean 'dataSource'
2024-12-13T18:05:41.307+05:30 DEBUG 7187 --- [contenttree] [           main] o.s.b.f.s.DefaultListableBeanFactory     : Creating shared instance of singleton bean 'org.springframework.boot.autoconfigure.jdbc.DataSourceConfiguration$Hikari'
2024-12-13T18:05:41.308+05:30 DEBUG 7187 --- [contenttree] [           main] o.s.b.f.s.DefaultListableBeanFactory     : Creating shared instance of singleton bean 'spring.datasource-org.springframework.boot.autoconfigure.jdbc.DataSourceProperties'
2024-12-13T18:05:41.308+05:30 DEBUG 7187 --- [contenttree] [           main] o.s.b.f.s.DefaultListableBeanFactory     : Creating shared instance of singleton bean 'org.springframework.boot.context.properties.BoundConfigurationProperties'
2024-12-13T18:05:41.315+05:30 DEBUG 7187 --- [contenttree] [           main] o.s.b.f.s.DefaultListableBeanFactory     : Creating shared instance of singleton bean 'jdbcConnectionDetails'
2024-12-13T18:05:41.315+05:30 DEBUG 7187 --- [contenttree] [           main] o.s.b.f.s.DefaultListableBeanFactory     : Creating shared instance of singleton bean 'org.springframework.boot.autoconfigure.jdbc.DataSourceAutoConfiguration$PooledDataSourceConfiguration'
2024-12-13T18:05:41.315+05:30 DEBUG 7187 --- [contenttree] [           main] o.s.b.f.s.DefaultListableBeanFactory     : Autowiring by type from bean name 'jdbcConnectionDetails' via factory method to bean named 'spring.datasource-org.springframework.boot.autoconfigure.jdbc.DataSourceProperties'
2024-12-13T18:05:41.316+05:30 DEBUG 7187 --- [contenttree] [           main] o.s.b.f.s.DefaultListableBeanFactory     : Autowiring by type from bean name 'dataSource' via factory method to bean named 'spring.datasource-org.springframework.boot.autoconfigure.jdbc.DataSourceProperties'
2024-12-13T18:05:41.316+05:30 DEBUG 7187 --- [contenttree] [           main] o.s.b.f.s.DefaultListableBeanFactory     : Autowiring by type from bean name 'dataSource' via factory method to bean named 'jdbcConnectionDetails'
2024-12-13T18:05:41.332+05:30 DEBUG 7187 --- [contenttree] [           main] o.s.b.f.s.DefaultListableBeanFactory     : Creating shared instance of singleton bean 'spring.sql.init-org.springframework.boot.autoconfigure.sql.init.SqlInitializationProperties'
2024-12-13T18:05:41.334+05:30 DEBUG 7187 --- [contenttree] [           main] o.s.b.f.s.DefaultListableBeanFactory     : Autowiring by type from bean name 'dataSourceScriptDatabaseInitializer' via factory method to bean named 'dataSource'
2024-12-13T18:05:41.334+05:30 DEBUG 7187 --- [contenttree] [           main] o.s.b.f.s.DefaultListableBeanFactory     : Autowiring by type from bean name 'dataSourceScriptDatabaseInitializer' via factory method to bean named 'spring.sql.init-org.springframework.boot.autoconfigure.sql.init.SqlInitializationProperties'
2024-12-13T18:05:41.336+05:30 DEBUG 7187 --- [contenttree] [           main] o.s.b.f.s.DefaultListableBeanFactory     : Creating shared instance of singleton bean 'entityManagerFactory'
2024-12-13T18:05:41.336+05:30 DEBUG 7187 --- [contenttree] [           main] o.s.b.f.s.DefaultListableBeanFactory     : Creating shared instance of singleton bean 'org.springframework.boot.autoconfigure.orm.jpa.HibernateJpaConfiguration'
2024-12-13T18:05:41.337+05:30 DEBUG 7187 --- [contenttree] [           main] o.s.b.f.s.DefaultListableBeanFactory     : Creating shared instance of singleton bean 'spring.jpa-org.springframework.boot.autoconfigure.orm.jpa.JpaProperties'
2024-12-13T18:05:41.338+05:30 DEBUG 7187 --- [contenttree] [           main] o.s.b.f.s.DefaultListableBeanFactory     : Creating shared instance of singleton bean 'spring.jpa.hibernate-org.springframework.boot.autoconfigure.orm.jpa.HibernateProperties'
2024-12-13T18:05:41.339+05:30 DEBUG 7187 --- [contenttree] [           main] o.s.b.f.s.DefaultListableBeanFactory     : Autowiring by type from bean name 'org.springframework.boot.autoconfigure.orm.jpa.HibernateJpaConfiguration' via constructor to bean named 'dataSource'
2024-12-13T18:05:41.339+05:30 DEBUG 7187 --- [contenttree] [           main] o.s.b.f.s.DefaultListableBeanFactory     : Autowiring by type from bean name 'org.springframework.boot.autoconfigure.orm.jpa.HibernateJpaConfiguration' via constructor to bean named 'spring.jpa-org.springframework.boot.autoconfigure.orm.jpa.JpaProperties'
2024-12-13T18:05:41.339+05:30 DEBUG 7187 --- [contenttree] [           main] o.s.b.f.s.DefaultListableBeanFactory     : Autowiring by type from bean name 'org.springframework.boot.autoconfigure.orm.jpa.HibernateJpaConfiguration' via constructor to bean named 'org.springframework.beans.factory.support.DefaultListableBeanFactory@5d10455d'
2024-12-13T18:05:41.339+05:30 DEBUG 7187 --- [contenttree] [           main] o.s.b.f.s.DefaultListableBeanFactory     : Autowiring by type from bean name 'org.springframework.boot.autoconfigure.orm.jpa.HibernateJpaConfiguration' via constructor to bean named 'spring.jpa.hibernate-org.springframework.boot.autoconfigure.orm.jpa.HibernateProperties'
2024-12-13T18:05:41.340+05:30 DEBUG 7187 --- [contenttree] [           main] o.s.b.f.s.DefaultListableBeanFactory     : Creating shared instance of singleton bean 'hikariPoolDataSourceMetadataProvider'
2024-12-13T18:05:41.340+05:30 DEBUG 7187 --- [contenttree] [           main] o.s.b.f.s.DefaultListableBeanFactory     : Creating shared instance of singleton bean 'org.springframework.boot.autoconfigure.jdbc.metadata.DataSourcePoolMetadataProvidersConfiguration$HikariPoolDataSourceMetadataProviderConfiguration'
2024-12-13T18:05:41.343+05:30 DEBUG 7187 --- [contenttree] [           main] o.s.b.f.s.DefaultListableBeanFactory     : Creating shared instance of singleton bean 'entityManagerFactoryBuilder'
2024-12-13T18:05:41.344+05:30 DEBUG 7187 --- [contenttree] [           main] o.s.b.f.s.DefaultListableBeanFactory     : Creating shared instance of singleton bean 'jpaVendorAdapter'
2024-12-13T18:05:41.350+05:30 DEBUG 7187 --- [contenttree] [           main] o.s.b.f.s.DefaultListableBeanFactory     : Autowiring by type from bean name 'entityManagerFactoryBuilder' via factory method to bean named 'jpaVendorAdapter'
2024-12-13T18:05:41.353+05:30 DEBUG 7187 --- [contenttree] [           main] o.s.b.f.s.DefaultListableBeanFactory     : Creating shared instance of singleton bean 'persistenceManagedTypes'
2024-12-13T18:05:41.354+05:30 DEBUG 7187 --- [contenttree] [           main] o.s.b.f.s.DefaultListableBeanFactory     : Autowiring by type from bean name 'persistenceManagedTypes' via factory method to bean named 'org.springframework.beans.factory.support.DefaultListableBeanFactory@5d10455d'
2024-12-13T18:05:41.354+05:30 DEBUG 7187 --- [contenttree] [           main] o.s.b.f.s.DefaultListableBeanFactory     : Autowiring by type from bean name 'persistenceManagedTypes' via factory method to bean named 'org.springframework.web.context.support.GenericWebApplicationContext@f713686'
2024-12-13T18:05:41.354+05:30 DEBUG 7187 --- [contenttree] [           main] o.s.b.f.s.DefaultListableBeanFactory     : Creating shared instance of singleton bean 'org.springframework.boot.autoconfigure.domain.EntityScanPackages'
2024-12-13T18:05:41.360+05:30 DEBUG 7187 --- [contenttree] [           main] o.s.b.f.s.DefaultListableBeanFactory     : Autowiring by type from bean name 'entityManagerFactory' via factory method to bean named 'entityManagerFactoryBuilder'
2024-12-13T18:05:41.360+05:30 DEBUG 7187 --- [contenttree] [           main] o.s.b.f.s.DefaultListableBeanFactory     : Autowiring by type from bean name 'entityManagerFactory' via factory method to bean named 'persistenceManagedTypes'
2024-12-13T18:05:41.367+05:30 DEBUG 7187 --- [contenttree] [           main] j.LocalContainerEntityManagerFactoryBean : Building JPA container EntityManagerFactory for persistence unit 'default'
2024-12-13T18:05:41.375+05:30 DEBUG 7187 --- [contenttree] [           main] o.hibernate.jpa.internal.util.LogHelper  : PersistenceUnitInfo [
	name: default
	persistence provider classname: null
	classloader: jdk.internal.loader.ClassLoaders$AppClassLoader@22d8cfe0
	excludeUnlistedClasses: true
	JTA datasource: null
	Non JTA datasource: HikariDataSource (null)
	Transaction type: RESOURCE_LOCAL
	PU root URL: file:/Users/demanday67/Documents/JavaProjects/infinityDemandDay/target/test-classes/
	Shared Cache Mode: UNSPECIFIED
	Validation Mode: AUTO
	Jar files URLs []
	Managed classes names [
		com.contenttree.Blogs.Blogs
		com.contenttree.Blogs.BlogsCategory
		com.contenttree.CampaignManager.Campaign
		com.contenttree.CampaignManager.Event
		com.contenttree.CampaignManager.Webinar
		com.contenttree.CountryCode.Country
		com.contenttree.NewsLetter.NewsLetter
		com.contenttree.StaticCount.Region
		com.contenttree.StaticCount.StaticCount
		com.contenttree.admin.Admin
		com.contenttree.banner.BannerEntity
		com.contenttree.category.Category
		com.contenttree.confirmationtoken.ConfirmationToken
		com.contenttree.downloadlog.DownloadLog
		com.contenttree.solutionsets.SolutionSets
		com.contenttree.user.User
		com.contenttree.userdatastorage.UserDataStorage
		com.contenttree.vendor.Vendors]
	Mapping files names []
	Properties []
2024-12-13T18:05:41.382+05:30 DEBUG 7187 --- [contenttree] [           main] o.h.i.internal.IntegratorServiceImpl     : Adding Integrator [org.hibernate.boot.beanvalidation.BeanValidationIntegrator].
2024-12-13T18:05:41.383+05:30 DEBUG 7187 --- [contenttree] [           main] o.h.i.internal.IntegratorServiceImpl     : Adding Integrator [org.hibernate.cache.internal.CollectionCacheInvalidator].
2024-12-13T18:05:41.410+05:30  INFO 7187 --- [contenttree] [           main] org.hibernate.Version                    : HHH000412: Hibernate ORM core version 6.5.3.Final
2024-12-13T18:05:41.411+05:30 DEBUG 7187 --- [contenttree] [           main] org.hibernate.cfg.Environment            : HHH000206: 'hibernate.properties' not found
2024-12-13T18:05:41.423+05:30 DEBUG 7187 --- [contenttree] [           main] org.hibernate.orm.idgen.factory          : Registering IdentifierGenerator strategy [uuid2] -> [org.hibernate.id.UUIDGenerator]
2024-12-13T18:05:41.424+05:30 DEBUG 7187 --- [contenttree] [           main] org.hibernate.orm.idgen.factory          : Registering IdentifierGenerator strategy [guid] -> [org.hibernate.id.GUIDGenerator]
2024-12-13T18:05:41.424+05:30 DEBUG 7187 --- [contenttree] [           main] org.hibernate.orm.idgen.factory          : Registering IdentifierGenerator strategy [uuid] -> [org.hibernate.id.UUIDHexGenerator]
2024-12-13T18:05:41.424+05:30 DEBUG 7187 --- [contenttree] [           main] org.hibernate.orm.idgen.factory          : Registering IdentifierGenerator strategy [uuid.hex] -> [org.hibernate.id.UUIDHexGenerator]
2024-12-13T18:05:41.424+05:30 DEBUG 7187 --- [contenttree] [           main] org.hibernate.orm.idgen.factory          : Registering IdentifierGenerator strategy [assigned] -> [org.hibernate.id.Assigned]
2024-12-13T18:05:41.425+05:30 DEBUG 7187 --- [contenttree] [           main] org.hibernate.orm.idgen.factory          : Registering IdentifierGenerator strategy [identity] -> [org.hibernate.id.IdentityGenerator]
2024-12-13T18:05:41.425+05:30 DEBUG 7187 --- [contenttree] [           main] org.hibernate.orm.idgen.factory          : Registering IdentifierGenerator strategy [select] -> [org.hibernate.id.SelectGenerator]
2024-12-13T18:05:41.425+05:30 DEBUG 7187 --- [contenttree] [           main] org.hibernate.orm.idgen.factory          : Registering IdentifierGenerator strategy [sequence] -> [org.hibernate.id.enhanced.SequenceStyleGenerator]
2024-12-13T18:05:41.425+05:30 DEBUG 7187 --- [contenttree] [           main] org.hibernate.orm.idgen.factory          : Registering IdentifierGenerator strategy [increment] -> [org.hibernate.id.IncrementGenerator]
2024-12-13T18:05:41.426+05:30 DEBUG 7187 --- [contenttree] [           main] org.hibernate.orm.idgen.factory          : Registering IdentifierGenerator strategy [foreign] -> [org.hibernate.id.ForeignGenerator]
2024-12-13T18:05:41.426+05:30 DEBUG 7187 --- [contenttree] [           main] org.hibernate.orm.idgen.factory          : Registering IdentifierGenerator strategy [enhanced-sequence] -> [org.hibernate.id.enhanced.SequenceStyleGenerator]
2024-12-13T18:05:41.426+05:30 DEBUG 7187 --- [contenttree] [           main] org.hibernate.orm.idgen.factory          : Registering IdentifierGenerator strategy [enhanced-table] -> [org.hibernate.id.enhanced.TableGenerator]
2024-12-13T18:05:41.431+05:30 DEBUG 7187 --- [contenttree] [           main] o.h.c.internal.RegionFactoryInitiator    : Cannot default RegionFactory based on registered strategies as `[]` RegionFactory strategies were registered
2024-12-13T18:05:41.431+05:30  INFO 7187 --- [contenttree] [           main] o.h.c.internal.RegionFactoryInitiator    : HHH000026: Second-level cache disabled
2024-12-13T18:05:41.474+05:30 DEBUG 7187 --- [contenttree] [           main] org.hibernate.type.BasicTypeRegistry     : Adding type registration boolean -> org.hibernate.type.BasicTypeReference@59d6642a
2024-12-13T18:05:41.474+05:30 DEBUG 7187 --- [contenttree] [           main] org.hibernate.type.BasicTypeRegistry     : Adding type registration boolean -> org.hibernate.type.BasicTypeReference@59d6642a
2024-12-13T18:05:41.474+05:30 DEBUG 7187 --- [contenttree] [           main] org.hibernate.type.BasicTypeRegistry     : Adding type registration java.lang.Boolean -> org.hibernate.type.BasicTypeReference@59d6642a
2024-12-13T18:05:41.474+05:30 DEBUG 7187 --- [contenttree] [           main] org.hibernate.type.BasicTypeRegistry     : Adding type registration numeric_boolean -> org.hibernate.type.BasicTypeReference@365cef67
2024-12-13T18:05:41.474+05:30 DEBUG 7187 --- [contenttree] [           main] org.hibernate.type.BasicTypeRegistry     : Adding type registration org.hibernate.type.NumericBooleanConverter -> org.hibernate.type.BasicTypeReference@365cef67
2024-12-13T18:05:41.474+05:30 DEBUG 7187 --- [contenttree] [           main] org.hibernate.type.BasicTypeRegistry     : Adding type registration true_false -> org.hibernate.type.BasicTypeReference@27df5806
2024-12-13T18:05:41.474+05:30 DEBUG 7187 --- [contenttree] [           main] org.hibernate.type.BasicTypeRegistry     : Adding type registration org.hibernate.type.TrueFalseConverter -> org.hibernate.type.BasicTypeReference@27df5806
2024-12-13T18:05:41.475+05:30 DEBUG 7187 --- [contenttree] [           main] org.hibernate.type.BasicTypeRegistry     : Adding type registration yes_no -> org.hibernate.type.BasicTypeReference@69bc9584
2024-12-13T18:05:41.475+05:30 DEBUG 7187 --- [contenttree] [           main] org.hibernate.type.BasicTypeRegistry     : Adding type registration org.hibernate.type.YesNoConverter -> org.hibernate.type.BasicTypeReference@69bc9584
2024-12-13T18:05:41.475+05:30 DEBUG 7187 --- [contenttree] [           main] org.hibernate.type.BasicTypeRegistry     : Adding type registration byte -> org.hibernate.type.BasicTypeReference@3214bad
2024-12-13T18:05:41.475+05:30 DEBUG 7187 --- [contenttree] [           main] org.hibernate.type.BasicTypeRegistry     : Adding type registration byte -> org.hibernate.type.BasicTypeReference@3214bad
2024-12-13T18:05:41.475+05:30 DEBUG 7187 --- [contenttree] [           main] org.hibernate.type.BasicTypeRegistry     : Adding type registration java.lang.Byte -> org.hibernate.type.BasicTypeReference@3214bad
2024-12-13T18:05:41.475+05:30 DEBUG 7187 --- [contenttree] [           main] org.hibernate.type.BasicTypeRegistry     : Adding type registration binary -> org.hibernate.type.BasicTypeReference@52d7ab79
2024-12-13T18:05:41.475+05:30 DEBUG 7187 --- [contenttree] [           main] org.hibernate.type.BasicTypeRegistry     : Adding type registration byte[] -> org.hibernate.type.BasicTypeReference@52d7ab79
2024-12-13T18:05:41.475+05:30 DEBUG 7187 --- [contenttree] [           main] org.hibernate.type.BasicTypeRegistry     : Adding type registration [B -> org.hibernate.type.BasicTypeReference@52d7ab79
2024-12-13T18:05:41.475+05:30 DEBUG 7187 --- [contenttree] [           main] org.hibernate.type.BasicTypeRegistry     : Adding type registration binary_wrapper -> org.hibernate.type.BasicTypeReference@f95d64d
2024-12-13T18:05:41.475+05:30 DEBUG 7187 --- [contenttree] [           main] org.hibernate.type.BasicTypeRegistry     : Adding type registration wrapper-binary -> org.hibernate.type.BasicTypeReference@f95d64d
2024-12-13T18:05:41.475+05:30 DEBUG 7187 --- [contenttree] [           main] org.hibernate.type.BasicTypeRegistry     : Adding type registration image -> org.hibernate.type.BasicTypeReference@288728e
2024-12-13T18:05:41.475+05:30 DEBUG 7187 --- [contenttree] [           main] org.hibernate.type.BasicTypeRegistry     : Adding type registration blob -> org.hibernate.type.BasicTypeReference@b7d2d51
2024-12-13T18:05:41.475+05:30 DEBUG 7187 --- [contenttree] [           main] org.hibernate.type.BasicTypeRegistry     : Adding type registration java.sql.Blob -> org.hibernate.type.BasicTypeReference@b7d2d51
2024-12-13T18:05:41.475+05:30 DEBUG 7187 --- [contenttree] [           main] org.hibernate.type.BasicTypeRegistry     : Adding type registration materialized_blob -> org.hibernate.type.BasicTypeReference@641ed324
2024-12-13T18:05:41.475+05:30 DEBUG 7187 --- [contenttree] [           main] org.hibernate.type.BasicTypeRegistry     : Adding type registration materialized_blob_wrapper -> org.hibernate.type.BasicTypeReference@45984654
2024-12-13T18:05:41.475+05:30 DEBUG 7187 --- [contenttree] [           main] org.hibernate.type.BasicTypeRegistry     : Adding type registration short -> org.hibernate.type.BasicTypeReference@4c5406b
2024-12-13T18:05:41.475+05:30 DEBUG 7187 --- [contenttree] [           main] org.hibernate.type.BasicTypeRegistry     : Adding type registration short -> org.hibernate.type.BasicTypeReference@4c5406b
2024-12-13T18:05:41.475+05:30 DEBUG 7187 --- [contenttree] [           main] org.hibernate.type.BasicTypeRegistry     : Adding type registration java.lang.Short -> org.hibernate.type.BasicTypeReference@4c5406b
2024-12-13T18:05:41.475+05:30 DEBUG 7187 --- [contenttree] [           main] org.hibernate.type.BasicTypeRegistry     : Adding type registration integer -> org.hibernate.type.BasicTypeReference@66b0e207
2024-12-13T18:05:41.475+05:30 DEBUG 7187 --- [contenttree] [           main] org.hibernate.type.BasicTypeRegistry     : Adding type registration int -> org.hibernate.type.BasicTypeReference@66b0e207
2024-12-13T18:05:41.475+05:30 DEBUG 7187 --- [contenttree] [           main] org.hibernate.type.BasicTypeRegistry     : Adding type registration java.lang.Integer -> org.hibernate.type.BasicTypeReference@66b0e207
2024-12-13T18:05:41.475+05:30 DEBUG 7187 --- [contenttree] [           main] org.hibernate.type.BasicTypeRegistry     : Adding type registration long -> org.hibernate.type.BasicTypeReference@74a58a06
2024-12-13T18:05:41.475+05:30 DEBUG 7187 --- [contenttree] [           main] org.hibernate.type.BasicTypeRegistry     : Adding type registration long -> org.hibernate.type.BasicTypeReference@74a58a06
2024-12-13T18:05:41.475+05:30 DEBUG 7187 --- [contenttree] [           main] org.hibernate.type.BasicTypeRegistry     : Adding type registration java.lang.Long -> org.hibernate.type.BasicTypeReference@74a58a06
2024-12-13T18:05:41.475+05:30 DEBUG 7187 --- [contenttree] [           main] org.hibernate.type.BasicTypeRegistry     : Adding type registration float -> org.hibernate.type.BasicTypeReference@7308c820
2024-12-13T18:05:41.475+05:30 DEBUG 7187 --- [contenttree] [           main] org.hibernate.type.BasicTypeRegistry     : Adding type registration float -> org.hibernate.type.BasicTypeReference@7308c820
2024-12-13T18:05:41.475+05:30 DEBUG 7187 --- [contenttree] [           main] org.hibernate.type.BasicTypeRegistry     : Adding type registration java.lang.Float -> org.hibernate.type.BasicTypeReference@7308c820
2024-12-13T18:05:41.475+05:30 DEBUG 7187 --- [contenttree] [           main] org.hibernate.type.BasicTypeRegistry     : Adding type registration double -> org.hibernate.type.BasicTypeReference@5d601832
2024-12-13T18:05:41.475+05:30 DEBUG 7187 --- [contenttree] [           main] org.hibernate.type.BasicTypeRegistry     : Adding type registration double -> org.hibernate.type.BasicTypeReference@5d601832
2024-12-13T18:05:41.475+05:30 DEBUG 7187 --- [contenttree] [           main] org.hibernate.type.BasicTypeRegistry     : Adding type registration java.lang.Double -> org.hibernate.type.BasicTypeReference@5d601832
2024-12-13T18:05:41.475+05:30 DEBUG 7187 --- [contenttree] [           main] org.hibernate.type.BasicTypeRegistry     : Adding type registration big_integer -> org.hibernate.type.BasicTypeReference@3ca17943
2024-12-13T18:05:41.476+05:30 DEBUG 7187 --- [contenttree] [           main] org.hibernate.type.BasicTypeRegistry     : Adding type registration java.math.BigInteger -> org.hibernate.type.BasicTypeReference@3ca17943
2024-12-13T18:05:41.476+05:30 DEBUG 7187 --- [contenttree] [           main] org.hibernate.type.BasicTypeRegistry     : Adding type registration big_decimal -> org.hibernate.type.BasicTypeReference@640c216b
2024-12-13T18:05:41.476+05:30 DEBUG 7187 --- [contenttree] [           main] org.hibernate.type.BasicTypeRegistry     : Adding type registration java.math.BigDecimal -> org.hibernate.type.BasicTypeReference@640c216b
2024-12-13T18:05:41.476+05:30 DEBUG 7187 --- [contenttree] [           main] org.hibernate.type.BasicTypeRegistry     : Adding type registration character -> org.hibernate.type.BasicTypeReference@5170bc02
2024-12-13T18:05:41.476+05:30 DEBUG 7187 --- [contenttree] [           main] org.hibernate.type.BasicTypeRegistry     : Adding type registration char -> org.hibernate.type.BasicTypeReference@5170bc02
2024-12-13T18:05:41.476+05:30 DEBUG 7187 --- [contenttree] [           main] org.hibernate.type.BasicTypeRegistry     : Adding type registration java.lang.Character -> org.hibernate.type.BasicTypeReference@5170bc02
2024-12-13T18:05:41.476+05:30 DEBUG 7187 --- [contenttree] [           main] org.hibernate.type.BasicTypeRegistry     : Adding type registration character_nchar -> org.hibernate.type.BasicTypeReference@c0c8f96
2024-12-13T18:05:41.476+05:30 DEBUG 7187 --- [contenttree] [           main] org.hibernate.type.BasicTypeRegistry     : Adding type registration string -> org.hibernate.type.BasicTypeReference@3bd08435
2024-12-13T18:05:41.476+05:30 DEBUG 7187 --- [contenttree] [           main] org.hibernate.type.BasicTypeRegistry     : Adding type registration java.lang.String -> org.hibernate.type.BasicTypeReference@3bd08435
2024-12-13T18:05:41.476+05:30 DEBUG 7187 --- [contenttree] [           main] org.hibernate.type.BasicTypeRegistry     : Adding type registration nstring -> org.hibernate.type.BasicTypeReference@3e52ed5d
2024-12-13T18:05:41.476+05:30 DEBUG 7187 --- [contenttree] [           main] org.hibernate.type.BasicTypeRegistry     : Adding type registration characters -> org.hibernate.type.BasicTypeReference@6a96d639
2024-12-13T18:05:41.476+05:30 DEBUG 7187 --- [contenttree] [           main] org.hibernate.type.BasicTypeRegistry     : Adding type registration char[] -> org.hibernate.type.BasicTypeReference@6a96d639
2024-12-13T18:05:41.476+05:30 DEBUG 7187 --- [contenttree] [           main] org.hibernate.type.BasicTypeRegistry     : Adding type registration [C -> org.hibernate.type.BasicTypeReference@6a96d639
2024-12-13T18:05:41.476+05:30 DEBUG 7187 --- [contenttree] [           main] org.hibernate.type.BasicTypeRegistry     : Adding type registration wrapper-characters -> org.hibernate.type.BasicTypeReference@28e94c2
2024-12-13T18:05:41.476+05:30 DEBUG 7187 --- [contenttree] [           main] org.hibernate.type.BasicTypeRegistry     : Adding type registration text -> org.hibernate.type.BasicTypeReference@3d40498a
2024-12-13T18:05:41.476+05:30 DEBUG 7187 --- [contenttree] [           main] org.hibernate.type.BasicTypeRegistry     : Adding type registration ntext -> org.hibernate.type.BasicTypeReference@14d1737a
2024-12-13T18:05:41.476+05:30 DEBUG 7187 --- [contenttree] [           main] org.hibernate.type.BasicTypeRegistry     : Adding type registration clob -> org.hibernate.type.BasicTypeReference@482a58c7
2024-12-13T18:05:41.476+05:30 DEBUG 7187 --- [contenttree] [           main] org.hibernate.type.BasicTypeRegistry     : Adding type registration java.sql.Clob -> org.hibernate.type.BasicTypeReference@482a58c7
2024-12-13T18:05:41.476+05:30 DEBUG 7187 --- [contenttree] [           main] org.hibernate.type.BasicTypeRegistry     : Adding type registration nclob -> org.hibernate.type.BasicTypeReference@3e74fd84
2024-12-13T18:05:41.476+05:30 DEBUG 7187 --- [contenttree] [           main] org.hibernate.type.BasicTypeRegistry     : Adding type registration java.sql.NClob -> org.hibernate.type.BasicTypeReference@3e74fd84
2024-12-13T18:05:41.476+05:30 DEBUG 7187 --- [contenttree] [           main] org.hibernate.type.BasicTypeRegistry     : Adding type registration materialized_clob -> org.hibernate.type.BasicTypeReference@147efd9
2024-12-13T18:05:41.476+05:30 DEBUG 7187 --- [contenttree] [           main] org.hibernate.type.BasicTypeRegistry     : Adding type registration materialized_clob_char_array -> org.hibernate.type.BasicTypeReference@1e120628
2024-12-13T18:05:41.476+05:30 DEBUG 7187 --- [contenttree] [           main] org.hibernate.type.BasicTypeRegistry     : Adding type registration materialized_clob_character_array -> org.hibernate.type.BasicTypeReference@4e4894d
2024-12-13T18:05:41.476+05:30 DEBUG 7187 --- [contenttree] [           main] org.hibernate.type.BasicTypeRegistry     : Adding type registration materialized_nclob -> org.hibernate.type.BasicTypeReference@1de5cc88
2024-12-13T18:05:41.476+05:30 DEBUG 7187 --- [contenttree] [           main] org.hibernate.type.BasicTypeRegistry     : Adding type registration materialized_nclob_character_array -> org.hibernate.type.BasicTypeReference@23e2c1ca
2024-12-13T18:05:41.476+05:30 DEBUG 7187 --- [contenttree] [           main] org.hibernate.type.BasicTypeRegistry     : Adding type registration materialized_nclob_char_array -> org.hibernate.type.BasicTypeReference@2d4fb0d8
2024-12-13T18:05:41.476+05:30 DEBUG 7187 --- [contenttree] [           main] org.hibernate.type.BasicTypeRegistry     : Adding type registration Duration -> org.hibernate.type.BasicTypeReference@dc1fadd
2024-12-13T18:05:41.476+05:30 DEBUG 7187 --- [contenttree] [           main] org.hibernate.type.BasicTypeRegistry     : Adding type registration java.time.Duration -> org.hibernate.type.BasicTypeReference@dc1fadd
2024-12-13T18:05:41.476+05:30 DEBUG 7187 --- [contenttree] [           main] org.hibernate.type.BasicTypeRegistry     : Adding type registration LocalDateTime -> org.hibernate.type.BasicTypeReference@3ef3f661
2024-12-13T18:05:41.476+05:30 DEBUG 7187 --- [contenttree] [           main] org.hibernate.type.BasicTypeRegistry     : Adding type registration java.time.LocalDateTime -> org.hibernate.type.BasicTypeReference@3ef3f661
2024-12-13T18:05:41.476+05:30 DEBUG 7187 --- [contenttree] [           main] org.hibernate.type.BasicTypeRegistry     : Adding type registration LocalDate -> org.hibernate.type.BasicTypeReference@baa9ce4
2024-12-13T18:05:41.476+05:30 DEBUG 7187 --- [contenttree] [           main] org.hibernate.type.BasicTypeRegistry     : Adding type registration java.time.LocalDate -> org.hibernate.type.BasicTypeReference@baa9ce4
2024-12-13T18:05:41.476+05:30 DEBUG 7187 --- [contenttree] [           main] org.hibernate.type.BasicTypeRegistry     : Adding type registration LocalTime -> org.hibernate.type.BasicTypeReference@5b332439
2024-12-13T18:05:41.476+05:30 DEBUG 7187 --- [contenttree] [           main] org.hibernate.type.BasicTypeRegistry     : Adding type registration java.time.LocalTime -> org.hibernate.type.BasicTypeReference@5b332439
2024-12-13T18:05:41.476+05:30 DEBUG 7187 --- [contenttree] [           main] org.hibernate.type.BasicTypeRegistry     : Adding type registration OffsetDateTime -> org.hibernate.type.BasicTypeReference@59262a90
2024-12-13T18:05:41.477+05:30 DEBUG 7187 --- [contenttree] [           main] org.hibernate.type.BasicTypeRegistry     : Adding type registration java.time.OffsetDateTime -> org.hibernate.type.BasicTypeReference@59262a90
2024-12-13T18:05:41.477+05:30 DEBUG 7187 --- [contenttree] [           main] org.hibernate.type.BasicTypeRegistry     : Adding type registration OffsetDateTimeWithTimezone -> org.hibernate.type.BasicTypeReference@78479f2b
2024-12-13T18:05:41.477+05:30 DEBUG 7187 --- [contenttree] [           main] org.hibernate.type.BasicTypeRegistry     : Adding type registration OffsetDateTimeWithoutTimezone -> org.hibernate.type.BasicTypeReference@2755617b
2024-12-13T18:05:41.477+05:30 DEBUG 7187 --- [contenttree] [           main] org.hibernate.type.BasicTypeRegistry     : Adding type registration OffsetTime -> org.hibernate.type.BasicTypeReference@65859b44
2024-12-13T18:05:41.477+05:30 DEBUG 7187 --- [contenttree] [           main] org.hibernate.type.BasicTypeRegistry     : Adding type registration java.time.OffsetTime -> org.hibernate.type.BasicTypeReference@65859b44
2024-12-13T18:05:41.477+05:30 DEBUG 7187 --- [contenttree] [           main] org.hibernate.type.BasicTypeRegistry     : Adding type registration OffsetTimeUtc -> org.hibernate.type.BasicTypeReference@d9f5fce
2024-12-13T18:05:41.477+05:30 DEBUG 7187 --- [contenttree] [           main] org.hibernate.type.BasicTypeRegistry     : Adding type registration OffsetTimeWithTimezone -> org.hibernate.type.BasicTypeReference@49653791
2024-12-13T18:05:41.477+05:30 DEBUG 7187 --- [contenttree] [           main] org.hibernate.type.BasicTypeRegistry     : Adding type registration OffsetTimeWithoutTimezone -> org.hibernate.type.BasicTypeReference@45b7c97f
2024-12-13T18:05:41.477+05:30 DEBUG 7187 --- [contenttree] [           main] org.hibernate.type.BasicTypeRegistry     : Adding type registration ZonedDateTime -> org.hibernate.type.BasicTypeReference@c212536
2024-12-13T18:05:41.477+05:30 DEBUG 7187 --- [contenttree] [           main] org.hibernate.type.BasicTypeRegistry     : Adding type registration java.time.ZonedDateTime -> org.hibernate.type.BasicTypeReference@c212536
2024-12-13T18:05:41.477+05:30 DEBUG 7187 --- [contenttree] [           main] org.hibernate.type.BasicTypeRegistry     : Adding type registration ZonedDateTimeWithTimezone -> org.hibernate.type.BasicTypeReference@7b377a53
2024-12-13T18:05:41.477+05:30 DEBUG 7187 --- [contenttree] [           main] org.hibernate.type.BasicTypeRegistry     : Adding type registration ZonedDateTimeWithoutTimezone -> org.hibernate.type.BasicTypeReference@1b0e031b
2024-12-13T18:05:41.477+05:30 DEBUG 7187 --- [contenttree] [           main] org.hibernate.type.BasicTypeRegistry     : Adding type registration date -> org.hibernate.type.BasicTypeReference@6009cd34
2024-12-13T18:05:41.477+05:30 DEBUG 7187 --- [contenttree] [           main] org.hibernate.type.BasicTypeRegistry     : Adding type registration java.sql.Date -> org.hibernate.type.BasicTypeReference@6009cd34
2024-12-13T18:05:41.477+05:30 DEBUG 7187 --- [contenttree] [           main] org.hibernate.type.BasicTypeRegistry     : Adding type registration time -> org.hibernate.type.BasicTypeReference@65844c96
2024-12-13T18:05:41.477+05:30 DEBUG 7187 --- [contenttree] [           main] org.hibernate.type.BasicTypeRegistry     : Adding type registration java.sql.Time -> org.hibernate.type.BasicTypeReference@65844c96
2024-12-13T18:05:41.477+05:30 DEBUG 7187 --- [contenttree] [           main] org.hibernate.type.BasicTypeRegistry     : Adding type registration timestamp -> org.hibernate.type.BasicTypeReference@25214797
2024-12-13T18:05:41.477+05:30 DEBUG 7187 --- [contenttree] [           main] org.hibernate.type.BasicTypeRegistry     : Adding type registration java.sql.Timestamp -> org.hibernate.type.BasicTypeReference@25214797
2024-12-13T18:05:41.477+05:30 DEBUG 7187 --- [contenttree] [           main] org.hibernate.type.BasicTypeRegistry     : Adding type registration java.util.Date -> org.hibernate.type.BasicTypeReference@25214797
2024-12-13T18:05:41.477+05:30 DEBUG 7187 --- [contenttree] [           main] org.hibernate.type.BasicTypeRegistry     : Adding type registration calendar -> org.hibernate.type.BasicTypeReference@4e5c8ef3
2024-12-13T18:05:41.477+05:30 DEBUG 7187 --- [contenttree] [           main] org.hibernate.type.BasicTypeRegistry     : Adding type registration java.util.Calendar -> org.hibernate.type.BasicTypeReference@4e5c8ef3
2024-12-13T18:05:41.477+05:30 DEBUG 7187 --- [contenttree] [           main] org.hibernate.type.BasicTypeRegistry     : Adding type registration java.util.GregorianCalendar -> org.hibernate.type.BasicTypeReference@4e5c8ef3
2024-12-13T18:05:41.477+05:30 DEBUG 7187 --- [contenttree] [           main] org.hibernate.type.BasicTypeRegistry     : Adding type registration calendar_date -> org.hibernate.type.BasicTypeReference@60928a61
2024-12-13T18:05:41.477+05:30 DEBUG 7187 --- [contenttree] [           main] org.hibernate.type.BasicTypeRegistry     : Adding type registration calendar_time -> org.hibernate.type.BasicTypeReference@27358a19
2024-12-13T18:05:41.477+05:30 DEBUG 7187 --- [contenttree] [           main] org.hibernate.type.BasicTypeRegistry     : Adding type registration instant -> org.hibernate.type.BasicTypeReference@8077c97
2024-12-13T18:05:41.477+05:30 DEBUG 7187 --- [contenttree] [           main] org.hibernate.type.BasicTypeRegistry     : Adding type registration java.time.Instant -> org.hibernate.type.BasicTypeReference@8077c97
2024-12-13T18:05:41.477+05:30 DEBUG 7187 --- [contenttree] [           main] org.hibernate.type.BasicTypeRegistry     : Adding type registration uuid -> org.hibernate.type.BasicTypeReference@22865072
2024-12-13T18:05:41.477+05:30 DEBUG 7187 --- [contenttree] [           main] org.hibernate.type.BasicTypeRegistry     : Adding type registration java.util.UUID -> org.hibernate.type.BasicTypeReference@22865072
2024-12-13T18:05:41.477+05:30 DEBUG 7187 --- [contenttree] [           main] org.hibernate.type.BasicTypeRegistry     : Adding type registration pg-uuid -> org.hibernate.type.BasicTypeReference@22865072
2024-12-13T18:05:41.477+05:30 DEBUG 7187 --- [contenttree] [           main] org.hibernate.type.BasicTypeRegistry     : Adding type registration uuid-binary -> org.hibernate.type.BasicTypeReference@563317c1
2024-12-13T18:05:41.477+05:30 DEBUG 7187 --- [contenttree] [           main] org.hibernate.type.BasicTypeRegistry     : Adding type registration uuid-char -> org.hibernate.type.BasicTypeReference@5d5d3a5c
2024-12-13T18:05:41.477+05:30 DEBUG 7187 --- [contenttree] [           main] org.hibernate.type.BasicTypeRegistry     : Adding type registration class -> org.hibernate.type.BasicTypeReference@6e0d16a4
2024-12-13T18:05:41.477+05:30 DEBUG 7187 --- [contenttree] [           main] org.hibernate.type.BasicTypeRegistry     : Adding type registration java.lang.Class -> org.hibernate.type.BasicTypeReference@6e0d16a4
2024-12-13T18:05:41.477+05:30 DEBUG 7187 --- [contenttree] [           main] org.hibernate.type.BasicTypeRegistry     : Adding type registration currency -> org.hibernate.type.BasicTypeReference@7e18ced7
2024-12-13T18:05:41.477+05:30 DEBUG 7187 --- [contenttree] [           main] org.hibernate.type.BasicTypeRegistry     : Adding type registration Currency -> org.hibernate.type.BasicTypeReference@7e18ced7
2024-12-13T18:05:41.478+05:30 DEBUG 7187 --- [contenttree] [           main] org.hibernate.type.BasicTypeRegistry     : Adding type registration java.util.Currency -> org.hibernate.type.BasicTypeReference@7e18ced7
2024-12-13T18:05:41.478+05:30 DEBUG 7187 --- [contenttree] [           main] org.hibernate.type.BasicTypeRegistry     : Adding type registration locale -> org.hibernate.type.BasicTypeReference@305b43ca
2024-12-13T18:05:41.478+05:30 DEBUG 7187 --- [contenttree] [           main] org.hibernate.type.BasicTypeRegistry     : Adding type registration java.util.Locale -> org.hibernate.type.BasicTypeReference@305b43ca
2024-12-13T18:05:41.478+05:30 DEBUG 7187 --- [contenttree] [           main] org.hibernate.type.BasicTypeRegistry     : Adding type registration serializable -> org.hibernate.type.BasicTypeReference@4601047
2024-12-13T18:05:41.478+05:30 DEBUG 7187 --- [contenttree] [           main] org.hibernate.type.BasicTypeRegistry     : Adding type registration java.io.Serializable -> org.hibernate.type.BasicTypeReference@4601047
2024-12-13T18:05:41.478+05:30 DEBUG 7187 --- [contenttree] [           main] org.hibernate.type.BasicTypeRegistry     : Adding type registration timezone -> org.hibernate.type.BasicTypeReference@25e8e59
2024-12-13T18:05:41.478+05:30 DEBUG 7187 --- [contenttree] [           main] org.hibernate.type.BasicTypeRegistry     : Adding type registration java.util.TimeZone -> org.hibernate.type.BasicTypeReference@25e8e59
2024-12-13T18:05:41.478+05:30 DEBUG 7187 --- [contenttree] [           main] org.hibernate.type.BasicTypeRegistry     : Adding type registration ZoneOffset -> org.hibernate.type.BasicTypeReference@3a0896b3
2024-12-13T18:05:41.478+05:30 DEBUG 7187 --- [contenttree] [           main] org.hibernate.type.BasicTypeRegistry     : Adding type registration java.time.ZoneOffset -> org.hibernate.type.BasicTypeReference@3a0896b3
2024-12-13T18:05:41.478+05:30 DEBUG 7187 --- [contenttree] [           main] org.hibernate.type.BasicTypeRegistry     : Adding type registration url -> org.hibernate.type.BasicTypeReference@50a7c72b
2024-12-13T18:05:41.478+05:30 DEBUG 7187 --- [contenttree] [           main] org.hibernate.type.BasicTypeRegistry     : Adding type registration java.net.URL -> org.hibernate.type.BasicTypeReference@50a7c72b
2024-12-13T18:05:41.478+05:30 DEBUG 7187 --- [contenttree] [           main] org.hibernate.type.BasicTypeRegistry     : Adding type registration vector -> org.hibernate.type.BasicTypeReference@54c11750
2024-12-13T18:05:41.478+05:30 DEBUG 7187 --- [contenttree] [           main] org.hibernate.type.BasicTypeRegistry     : Adding type registration row_version -> org.hibernate.type.BasicTypeReference@221b77d7
2024-12-13T18:05:41.480+05:30 DEBUG 7187 --- [contenttree] [           main] org.hibernate.type.BasicTypeRegistry     : Adding type registration object -> org.hibernate.type.JavaObjectType@609b041c
2024-12-13T18:05:41.480+05:30 DEBUG 7187 --- [contenttree] [           main] org.hibernate.type.BasicTypeRegistry     : Adding type registration java.lang.Object -> org.hibernate.type.JavaObjectType@609b041c
2024-12-13T18:05:41.480+05:30 DEBUG 7187 --- [contenttree] [           main] org.hibernate.type.BasicTypeRegistry     : Adding type registration null -> org.hibernate.type.NullType@4899799b
2024-12-13T18:05:41.480+05:30 DEBUG 7187 --- [contenttree] [           main] org.hibernate.type.BasicTypeRegistry     : Adding type registration imm_date -> org.hibernate.type.BasicTypeReference@3dea226b
2024-12-13T18:05:41.480+05:30 DEBUG 7187 --- [contenttree] [           main] org.hibernate.type.BasicTypeRegistry     : Adding type registration imm_time -> org.hibernate.type.BasicTypeReference@74500e4f
2024-12-13T18:05:41.480+05:30 DEBUG 7187 --- [contenttree] [           main] org.hibernate.type.BasicTypeRegistry     : Adding type registration imm_timestamp -> org.hibernate.type.BasicTypeReference@7c91fe86
2024-12-13T18:05:41.480+05:30 DEBUG 7187 --- [contenttree] [           main] org.hibernate.type.BasicTypeRegistry     : Adding type registration imm_calendar -> org.hibernate.type.BasicTypeReference@7fc7152e
2024-12-13T18:05:41.480+05:30 DEBUG 7187 --- [contenttree] [           main] org.hibernate.type.BasicTypeRegistry     : Adding type registration imm_calendar_date -> org.hibernate.type.BasicTypeReference@13d289c7
2024-12-13T18:05:41.480+05:30 DEBUG 7187 --- [contenttree] [           main] org.hibernate.type.BasicTypeRegistry     : Adding type registration imm_calendar_time -> org.hibernate.type.BasicTypeReference@6704df84
2024-12-13T18:05:41.480+05:30 DEBUG 7187 --- [contenttree] [           main] org.hibernate.type.BasicTypeRegistry     : Adding type registration imm_binary -> org.hibernate.type.BasicTypeReference@1412682c
2024-12-13T18:05:41.480+05:30 DEBUG 7187 --- [contenttree] [           main] org.hibernate.type.BasicTypeRegistry     : Adding type registration imm_serializable -> org.hibernate.type.BasicTypeReference@53bb71e5
2024-12-13T18:05:41.483+05:30 DEBUG 7187 --- [contenttree] [           main] o.h.boot.internal.BootstrapContextImpl   : Injecting JPA temp ClassLoader [org.springframework.instrument.classloading.SimpleThrowawayClassLoader@4ff66917] into BootstrapContext; was [null]
2024-12-13T18:05:41.483+05:30 DEBUG 7187 --- [contenttree] [           main] o.h.boot.internal.ClassLoaderAccessImpl  : ClassLoaderAccessImpl#injectTempClassLoader(org.springframework.instrument.classloading.SimpleThrowawayClassLoader@4ff66917) [was null]
2024-12-13T18:05:41.483+05:30 DEBUG 7187 --- [contenttree] [           main] o.h.boot.internal.BootstrapContextImpl   : Injecting ScanEnvironment [org.hibernate.jpa.boot.internal.StandardJpaScanEnvironmentImpl@67e77f52] into BootstrapContext; was [null]
2024-12-13T18:05:41.483+05:30 DEBUG 7187 --- [contenttree] [           main] o.h.boot.internal.BootstrapContextImpl   : Injecting ScanOptions [org.hibernate.boot.archive.scan.internal.StandardScanOptions@7ead1d80] into BootstrapContext; was [org.hibernate.boot.archive.scan.internal.StandardScanOptions@1d1bf7bf]
2024-12-13T18:05:41.576+05:30  INFO 7187 --- [contenttree] [           main] o.s.o.j.p.SpringPersistenceUnitInfo      : No LoadTimeWeaver setup: ignoring JPA class transformer
2024-12-13T18:05:41.576+05:30 DEBUG 7187 --- [contenttree] [           main] o.h.boot.internal.BootstrapContextImpl   : Injecting JPA temp ClassLoader [null] into BootstrapContext; was [org.springframework.instrument.classloading.SimpleThrowawayClassLoader@4ff66917]
2024-12-13T18:05:41.576+05:30 DEBUG 7187 --- [contenttree] [           main] o.h.boot.internal.ClassLoaderAccessImpl  : ClassLoaderAccessImpl#injectTempClassLoader(null) [was org.springframework.instrument.classloading.SimpleThrowawayClassLoader@4ff66917]
2024-12-13T18:05:41.595+05:30  INFO 7187 --- [contenttree] [           main] com.zaxxer.hikari.HikariDataSource       : HikariPool-1 - Starting...
2024-12-13T18:05:44.224+05:30  INFO 7187 --- [contenttree] [           main] com.zaxxer.hikari.pool.HikariPool        : HikariPool-1 - Added connection com.mysql.cj.jdbc.ConnectionImpl@4e96cb04
2024-12-13T18:05:44.229+05:30  INFO 7187 --- [contenttree] [           main] com.zaxxer.hikari.HikariDataSource       : HikariPool-1 - Start completed.
2024-12-13T18:05:44.238+05:30 DEBUG 7187 --- [contenttree] [           main] o.h.e.j.e.i.JdbcEnvironmentInitiator     : Database ->
	   name : MySQL
	version : 8.0.40-0ubuntu0.22.04.1
	  major : 8
	  minor : 0
2024-12-13T18:05:44.238+05:30 DEBUG 7187 --- [contenttree] [           main] o.h.e.j.e.i.JdbcEnvironmentInitiator     : Driver ->
	   name : MySQL Connector/J
	version : mysql-connector-j-8.3.0 (Revision: 805f872a57875f311cb82487efcfb070411a3fa0)
	  major : 8
	  minor : 3
2024-12-13T18:05:44.238+05:30 DEBUG 7187 --- [contenttree] [           main] o.h.e.j.e.i.JdbcEnvironmentInitiator     : JDBC version : 4.2
2024-12-13T18:05:44.539+05:30  WARN 7187 --- [contenttree] [           main] org.hibernate.orm.deprecation            : HHH90000025: MySQL8Dialect does not need to be specified explicitly using 'hibernate.dialect' (remove the property setting and it will be selected by default)
2024-12-13T18:05:44.540+05:30 DEBUG 7187 --- [contenttree] [           main] org.hibernate.orm.dialect                : HHH035001: Using dialect: org.hibernate.dialect.MySQL8Dialect, version: 8.0
2024-12-13T18:05:44.540+05:30  WARN 7187 --- [contenttree] [           main] org.hibernate.orm.deprecation            : HHH90000026: MySQL8Dialect has been deprecated; use org.hibernate.dialect.MySQLDialect instead
2024-12-13T18:05:44.543+05:30 DEBUG 7187 --- [contenttree] [           main] o.h.e.j.env.spi.IdentifierHelperBuilder  : JDBC driver metadata reported database stores quoted identifiers in more than one case
2024-12-13T18:05:44.543+05:30 DEBUG 7187 --- [contenttree] [           main] o.h.e.j.env.spi.IdentifierHelperBuilder  : IdentifierCaseStrategy for both quoted and unquoted identifiers was set to the same strategy [MIXED]; that will likely lead to problems in schema update and validation if using quoted identifiers
2024-12-13T18:05:44.555+05:30 DEBUG 7187 --- [contenttree] [           main] o.h.t.d.sql.spi.DdlTypeRegistry          : addDescriptor(12, org.hibernate.type.descriptor.sql.internal.CapacityDependentDdlType@72e75786) replaced previous registration(org.hibernate.type.descriptor.sql.internal.CapacityDependentDdlType@2c0fefac)
2024-12-13T18:05:44.555+05:30 DEBUG 7187 --- [contenttree] [           main] o.h.t.d.sql.spi.DdlTypeRegistry          : addDescriptor(-9, org.hibernate.type.descriptor.sql.internal.CapacityDependentDdlType@6fbc7853) replaced previous registration(org.hibernate.type.descriptor.sql.internal.CapacityDependentDdlType@733fa95c)
2024-12-13T18:05:44.555+05:30 DEBUG 7187 --- [contenttree] [           main] o.h.t.d.sql.spi.DdlTypeRegistry          : addDescriptor(-3, org.hibernate.type.descriptor.sql.internal.CapacityDependentDdlType@3b2c8bda) replaced previous registration(org.hibernate.type.descriptor.sql.internal.CapacityDependentDdlType@688d619c)
2024-12-13T18:05:44.555+05:30 DEBUG 7187 --- [contenttree] [           main] o.h.t.d.sql.spi.DdlTypeRegistry          : addDescriptor(4003, org.hibernate.type.descriptor.sql.internal.DdlTypeImpl@647ff23e) replaced previous registration(org.hibernate.type.descriptor.sql.internal.DdlTypeImpl@6a04d2a4)
2024-12-13T18:05:44.555+05:30 DEBUG 7187 --- [contenttree] [           main] o.h.t.d.sql.spi.DdlTypeRegistry          : addDescriptor(4001, org.hibernate.type.descriptor.sql.internal.DdlTypeImpl@35a9e665) replaced previous registration(org.hibernate.type.descriptor.sql.internal.DdlTypeImpl@362be0cd)
2024-12-13T18:05:44.555+05:30 DEBUG 7187 --- [contenttree] [           main] o.h.t.d.sql.spi.DdlTypeRegistry          : addDescriptor(4002, org.hibernate.type.descriptor.sql.internal.DdlTypeImpl@2dde0a34) replaced previous registration(org.hibernate.type.descriptor.sql.internal.DdlTypeImpl@61836cd9)
2024-12-13T18:05:44.555+05:30 DEBUG 7187 --- [contenttree] [           main] o.h.t.d.sql.spi.DdlTypeRegistry          : addDescriptor(2004, org.hibernate.type.descriptor.sql.internal.CapacityDependentDdlType@1b632442) replaced previous registration(org.hibernate.type.descriptor.sql.internal.DdlTypeImpl@7227926b)
2024-12-13T18:05:44.556+05:30 DEBUG 7187 --- [contenttree] [           main] o.h.t.d.sql.spi.DdlTypeRegistry          : addDescriptor(2005, org.hibernate.type.descriptor.sql.internal.CapacityDependentDdlType@2f75a9b1) replaced previous registration(org.hibernate.type.descriptor.sql.internal.DdlTypeImpl@556aed22)
2024-12-13T18:05:44.556+05:30 DEBUG 7187 --- [contenttree] [           main] o.h.t.d.sql.spi.DdlTypeRegistry          : addDescriptor(2011, org.hibernate.type.descriptor.sql.internal.CapacityDependentDdlType@57a982f9) replaced previous registration(org.hibernate.type.descriptor.sql.internal.DdlTypeImpl@19d3f6ad)
2024-12-13T18:05:44.557+05:30 DEBUG 7187 --- [contenttree] [           main] o.h.t.d.jdbc.spi.JdbcTypeRegistry        : addDescriptor(NCharTypeDescriptor) replaced previous registration(CharTypeDescriptor)
2024-12-13T18:05:44.557+05:30 DEBUG 7187 --- [contenttree] [           main] o.h.t.d.jdbc.spi.JdbcTypeRegistry        : addDescriptor(NVarcharTypeDescriptor) replaced previous registration(VarcharTypeDescriptor)
2024-12-13T18:05:44.557+05:30 DEBUG 7187 --- [contenttree] [           main] o.h.t.d.jdbc.spi.JdbcTypeRegistry        : addDescriptor(LongNVarcharTypeDescriptor) replaced previous registration(LongVarcharTypeDescriptor)
2024-12-13T18:05:44.558+05:30 DEBUG 7187 --- [contenttree] [           main] o.h.t.d.jdbc.spi.JdbcTypeRegistry        : addDescriptor(NClobTypeDescriptor(DEFAULT)) replaced previous registration(ClobTypeDescriptor(DEFAULT))
2024-12-13T18:05:44.558+05:30 DEBUG 7187 --- [contenttree] [           main] o.h.t.d.jdbc.spi.JdbcTypeRegistry        : addDescriptor(2005, ClobTypeDescriptor(STREAM_BINDING)) replaced previous registration(ClobTypeDescriptor(DEFAULT))
2024-12-13T18:05:44.563+05:30 DEBUG 7187 --- [contenttree] [           main] org.hibernate.type.BasicTypeRegistry     : Adding type registration null -> org.hibernate.type.NullType@799fb45e
2024-12-13T18:05:44.563+05:30 DEBUG 7187 --- [contenttree] [           main] org.hibernate.type.BasicTypeRegistry     : Type registration key [null] overrode previous entry : `org.hibernate.type.NullType@4899799b`
2024-12-13T18:05:44.565+05:30 DEBUG 7187 --- [contenttree] [           main] org.hibernate.type.BasicTypeRegistry     : Adding type registration org.hibernate.type.DurationType -> basicType@1(java.time.Duration,3015)
2024-12-13T18:05:44.566+05:30 DEBUG 7187 --- [contenttree] [           main] org.hibernate.type.BasicTypeRegistry     : Adding type registration Duration -> basicType@1(java.time.Duration,3015)
2024-12-13T18:05:44.566+05:30 DEBUG 7187 --- [contenttree] [           main] org.hibernate.type.BasicTypeRegistry     : Adding type registration java.time.Duration -> basicType@1(java.time.Duration,3015)
2024-12-13T18:05:44.567+05:30 DEBUG 7187 --- [contenttree] [           main] org.hibernate.type.BasicTypeRegistry     : Adding type registration org.hibernate.type.OffsetDateTimeType -> basicType@2(java.time.OffsetDateTime,3003)
2024-12-13T18:05:44.567+05:30 DEBUG 7187 --- [contenttree] [           main] org.hibernate.type.BasicTypeRegistry     : Adding type registration OffsetDateTime -> basicType@2(java.time.OffsetDateTime,3003)
2024-12-13T18:05:44.567+05:30 DEBUG 7187 --- [contenttree] [           main] org.hibernate.type.BasicTypeRegistry     : Adding type registration java.time.OffsetDateTime -> basicType@2(java.time.OffsetDateTime,3003)
2024-12-13T18:05:44.567+05:30 DEBUG 7187 --- [contenttree] [           main] org.hibernate.type.BasicTypeRegistry     : Adding type registration org.hibernate.type.ZonedDateTimeType -> basicType@3(java.time.ZonedDateTime,3003)
2024-12-13T18:05:44.567+05:30 DEBUG 7187 --- [contenttree] [           main] org.hibernate.type.BasicTypeRegistry     : Adding type registration ZonedDateTime -> basicType@3(java.time.ZonedDateTime,3003)
2024-12-13T18:05:44.567+05:30 DEBUG 7187 --- [contenttree] [           main] org.hibernate.type.BasicTypeRegistry     : Adding type registration java.time.ZonedDateTime -> basicType@3(java.time.ZonedDateTime,3003)
2024-12-13T18:05:44.567+05:30 DEBUG 7187 --- [contenttree] [           main] org.hibernate.type.BasicTypeRegistry     : Adding type registration org.hibernate.type.OffsetTimeType -> basicType@4(java.time.OffsetTime,3007)
2024-12-13T18:05:44.567+05:30 DEBUG 7187 --- [contenttree] [           main] org.hibernate.type.BasicTypeRegistry     : Adding type registration OffsetTime -> basicType@4(java.time.OffsetTime,3007)
2024-12-13T18:05:44.567+05:30 DEBUG 7187 --- [contenttree] [           main] org.hibernate.type.BasicTypeRegistry     : Adding type registration java.time.OffsetTime -> basicType@4(java.time.OffsetTime,3007)
2024-12-13T18:05:44.568+05:30 DEBUG 7187 --- [contenttree] [           main] o.h.type.spi.TypeConfiguration$Scope     : Scoping TypeConfiguration [org.hibernate.type.spi.TypeConfiguration@7544260a] to MetadataBuildingContext [org.hibernate.boot.internal.MetadataBuildingContextRootImpl@bb6869a]
2024-12-13T18:05:44.591+05:30 DEBUG 7187 --- [contenttree] [           main] o.h.boot.model.relational.Namespace      : Created database namespace [logicalName=Name{catalog=null, schema=null}, physicalName=Name{catalog=null, schema=null}]
2024-12-13T18:05:44.604+05:30 DEBUG 7187 --- [contenttree] [           main] o.h.boot.model.internal.EntityBinder     : Binding entity from annotated class: com.contenttree.Blogs.Blogs
2024-12-13T18:05:44.607+05:30 DEBUG 7187 --- [contenttree] [           main] o.h.boot.model.internal.EntityBinder     : Import with entity name Blogs
2024-12-13T18:05:44.610+05:30 DEBUG 7187 --- [contenttree] [           main] o.h.boot.model.internal.EntityBinder     : Bind entity com.contenttree.Blogs.Blogs on table blogs
2024-12-13T18:05:44.614+05:30 DEBUG 7187 --- [contenttree] [           main] o.h.boot.model.internal.AnnotatedColumn  : Binding column: AnnotatedDiscriminatorColumn(column='DTYPE')
2024-12-13T18:05:44.622+05:30 DEBUG 7187 --- [contenttree] [           main] o.h.boot.model.internal.AnnotatedColumn  : Binding column: AnnotatedColumn()
2024-12-13T18:05:44.622+05:30 DEBUG 7187 --- [contenttree] [           main] o.h.boot.internal.ClassLoaderAccessImpl  : Not known whether passed class name [com.contenttree.Blogs.Blogs] is safe
2024-12-13T18:05:44.622+05:30 DEBUG 7187 --- [contenttree] [           main] o.h.boot.internal.ClassLoaderAccessImpl  : No temp ClassLoader provided; using live ClassLoader for loading potentially unsafe class : com.contenttree.Blogs.Blogs
2024-12-13T18:05:44.623+05:30 DEBUG 7187 --- [contenttree] [           main] o.h.boot.model.internal.PropertyBinder   : MetadataSourceProcessor property id with lazy=false
2024-12-13T18:05:44.625+05:30 DEBUG 7187 --- [contenttree] [           main] o.h.b.m.internal.AbstractPropertyHolder  : Attempting to locate auto-apply AttributeConverter for property [com.contenttree.Blogs.Blogs:id]
2024-12-13T18:05:44.627+05:30 DEBUG 7187 --- [contenttree] [           main] o.h.b.model.internal.BasicValueBinder    : building BasicValue for id
2024-12-13T18:05:44.628+05:30 DEBUG 7187 --- [contenttree] [           main] org.hibernate.mapping.BasicValue         : Skipping column re-registration: blogs.id
2024-12-13T18:05:44.628+05:30 DEBUG 7187 --- [contenttree] [           main] o.h.boot.model.internal.PropertyBinder   : Building property id
2024-12-13T18:05:44.629+05:30 DEBUG 7187 --- [contenttree] [           main] o.h.boot.model.internal.BinderHelper     : #makeIdGenerator(BasicValue([Column(id)]), id, identity, , ...)
2024-12-13T18:05:44.630+05:30 DEBUG 7187 --- [contenttree] [           main] o.h.boot.model.internal.AnnotatedColumn  : Binding column: AnnotatedJoinColumn(column='admin_id')
2024-12-13T18:05:44.630+05:30 DEBUG 7187 --- [contenttree] [           main] o.h.boot.model.internal.AnnotatedColumn  : Binding column: AnnotatedColumn()
2024-12-13T18:05:44.632+05:30 DEBUG 7187 --- [contenttree] [           main] o.h.boot.model.internal.PropertyBinder   : Building property admin
2024-12-13T18:05:44.632+05:30 DEBUG 7187 --- [contenttree] [           main] o.h.boot.model.internal.AnnotatedColumn  : Binding column: AnnotatedColumn()
2024-12-13T18:05:44.632+05:30 DEBUG 7187 --- [contenttree] [           main] o.h.boot.model.internal.PropertyBinder   : MetadataSourceProcessor property blogName with lazy=false
2024-12-13T18:05:44.632+05:30 DEBUG 7187 --- [contenttree] [           main] o.h.b.m.internal.AbstractPropertyHolder  : Attempting to locate auto-apply AttributeConverter for property [com.contenttree.Blogs.Blogs:blogName]
2024-12-13T18:05:44.632+05:30 DEBUG 7187 --- [contenttree] [           main] o.h.b.model.internal.BasicValueBinder    : building BasicValue for blogName
2024-12-13T18:05:44.632+05:30 DEBUG 7187 --- [contenttree] [           main] org.hibernate.mapping.BasicValue         : Skipping column re-registration: blogs.blog_name
2024-12-13T18:05:44.632+05:30 DEBUG 7187 --- [contenttree] [           main] o.h.boot.model.internal.PropertyBinder   : Building property blogName
2024-12-13T18:05:44.632+05:30 DEBUG 7187 --- [contenttree] [           main] o.h.boot.model.internal.AnnotatedColumn  : Binding column: AnnotatedColumn()
2024-12-13T18:05:44.632+05:30 DEBUG 7187 --- [contenttree] [           main] o.h.boot.model.internal.PropertyBinder   : MetadataSourceProcessor property blogPath with lazy=false
2024-12-13T18:05:44.632+05:30 DEBUG 7187 --- [contenttree] [           main] o.h.b.m.internal.AbstractPropertyHolder  : Attempting to locate auto-apply AttributeConverter for property [com.contenttree.Blogs.Blogs:blogPath]
2024-12-13T18:05:44.632+05:30 DEBUG 7187 --- [contenttree] [           main] o.h.b.model.internal.BasicValueBinder    : building BasicValue for blogPath
2024-12-13T18:05:44.633+05:30 DEBUG 7187 --- [contenttree] [           main] org.hibernate.mapping.BasicValue         : Skipping column re-registration: blogs.blog_path
2024-12-13T18:05:44.633+05:30 DEBUG 7187 --- [contenttree] [           main] o.h.boot.model.internal.PropertyBinder   : Building property blogPath
2024-12-13T18:05:44.633+05:30 DEBUG 7187 --- [contenttree] [           main] o.h.boot.model.internal.AnnotatedColumn  : Binding column: AnnotatedJoinColumn(column='blogsCategory_id')
2024-12-13T18:05:44.633+05:30 DEBUG 7187 --- [contenttree] [           main] o.h.boot.model.internal.AnnotatedColumn  : Binding column: AnnotatedColumn()
2024-12-13T18:05:44.633+05:30 DEBUG 7187 --- [contenttree] [           main] o.h.boot.model.internal.PropertyBinder   : Building property blogsCategory
2024-12-13T18:05:44.633+05:30 DEBUG 7187 --- [contenttree] [           main] o.h.boot.model.internal.AnnotatedColumn  : Binding column: AnnotatedColumn()
2024-12-13T18:05:44.633+05:30 DEBUG 7187 --- [contenttree] [           main] o.h.boot.model.internal.PropertyBinder   : MetadataSourceProcessor property dt1 with lazy=false
2024-12-13T18:05:44.633+05:30 DEBUG 7187 --- [contenttree] [           main] o.h.b.m.internal.AbstractPropertyHolder  : Attempting to locate auto-apply AttributeConverter for property [com.contenttree.Blogs.Blogs:dt1]
2024-12-13T18:05:44.633+05:30 DEBUG 7187 --- [contenttree] [           main] o.h.b.model.internal.BasicValueBinder    : building BasicValue for dt1
2024-12-13T18:05:44.633+05:30 DEBUG 7187 --- [contenttree] [           main] org.hibernate.mapping.BasicValue         : Skipping column re-registration: blogs.dt1
2024-12-13T18:05:44.633+05:30 DEBUG 7187 --- [contenttree] [           main] o.h.boot.model.internal.PropertyBinder   : Building property dt1
2024-12-13T18:05:44.634+05:30 DEBUG 7187 --- [contenttree] [           main] o.h.b.r.c.i.ClassLoaderServiceImpl       : HHH000194: Package not found or no package-info.java: com.contenttree.Blogs
2024-12-13T18:05:44.636+05:30 DEBUG 7187 --- [contenttree] [           main] e.i.CallbackDefinitionResolverLegacyImpl : Adding prePersist as PrePersist callback for entity com.contenttree.Blogs.Blogs
2024-12-13T18:05:44.636+05:30 DEBUG 7187 --- [contenttree] [           main] o.h.boot.model.internal.EntityBinder     : Binding entity from annotated class: com.contenttree.Blogs.BlogsCategory
2024-12-13T18:05:44.636+05:30 DEBUG 7187 --- [contenttree] [           main] o.h.boot.model.internal.EntityBinder     : Import with entity name BlogsCategory
2024-12-13T18:05:44.636+05:30 DEBUG 7187 --- [contenttree] [           main] o.h.boot.model.internal.EntityBinder     : Bind entity com.contenttree.Blogs.BlogsCategory on table blogs_category
2024-12-13T18:05:44.636+05:30 DEBUG 7187 --- [contenttree] [           main] o.h.boot.model.internal.AnnotatedColumn  : Binding column: AnnotatedDiscriminatorColumn(column='DTYPE')
2024-12-13T18:05:44.638+05:30 DEBUG 7187 --- [contenttree] [           main] o.h.boot.model.internal.AnnotatedColumn  : Binding column: AnnotatedColumn()
2024-12-13T18:05:44.638+05:30 DEBUG 7187 --- [contenttree] [           main] o.h.boot.internal.ClassLoaderAccessImpl  : Not known whether passed class name [com.contenttree.Blogs.BlogsCategory] is safe
2024-12-13T18:05:44.638+05:30 DEBUG 7187 --- [contenttree] [           main] o.h.boot.internal.ClassLoaderAccessImpl  : No temp ClassLoader provided; using live ClassLoader for loading potentially unsafe class : com.contenttree.Blogs.BlogsCategory
2024-12-13T18:05:44.638+05:30 DEBUG 7187 --- [contenttree] [           main] o.h.boot.model.internal.PropertyBinder   : MetadataSourceProcessor property id with lazy=false
2024-12-13T18:05:44.638+05:30 DEBUG 7187 --- [contenttree] [           main] o.h.b.m.internal.AbstractPropertyHolder  : Attempting to locate auto-apply AttributeConverter for property [com.contenttree.Blogs.BlogsCategory:id]
2024-12-13T18:05:44.638+05:30 DEBUG 7187 --- [contenttree] [           main] o.h.b.model.internal.BasicValueBinder    : building BasicValue for id
2024-12-13T18:05:44.638+05:30 DEBUG 7187 --- [contenttree] [           main] org.hibernate.mapping.BasicValue         : Skipping column re-registration: blogs_category.id
2024-12-13T18:05:44.638+05:30 DEBUG 7187 --- [contenttree] [           main] o.h.boot.model.internal.PropertyBinder   : Building property id
2024-12-13T18:05:44.638+05:30 DEBUG 7187 --- [contenttree] [           main] o.h.boot.model.internal.BinderHelper     : #makeIdGenerator(BasicValue([Column(id)]), id, identity, , ...)
2024-12-13T18:05:44.638+05:30 DEBUG 7187 --- [contenttree] [           main] o.h.boot.model.internal.AnnotatedColumn  : Binding column: AnnotatedColumn()
2024-12-13T18:05:44.638+05:30 DEBUG 7187 --- [contenttree] [           main] o.h.boot.model.internal.PropertyBinder   : MetadataSourceProcessor property blogCategoryDescp with lazy=false
2024-12-13T18:05:44.638+05:30 DEBUG 7187 --- [contenttree] [           main] o.h.b.m.internal.AbstractPropertyHolder  : Attempting to locate auto-apply AttributeConverter for property [com.contenttree.Blogs.BlogsCategory:blogCategoryDescp]
2024-12-13T18:05:44.638+05:30 DEBUG 7187 --- [contenttree] [           main] o.h.b.model.internal.BasicValueBinder    : building BasicValue for blogCategoryDescp
2024-12-13T18:05:44.638+05:30 DEBUG 7187 --- [contenttree] [           main] org.hibernate.mapping.BasicValue         : Skipping column re-registration: blogs_category.blog_category_descp
2024-12-13T18:05:44.638+05:30 DEBUG 7187 --- [contenttree] [           main] o.h.boot.model.internal.PropertyBinder   : Building property blogCategoryDescp
2024-12-13T18:05:44.638+05:30 DEBUG 7187 --- [contenttree] [           main] o.h.boot.model.internal.AnnotatedColumn  : Binding column: AnnotatedColumn()
2024-12-13T18:05:44.638+05:30 DEBUG 7187 --- [contenttree] [           main] o.h.boot.model.internal.PropertyBinder   : MetadataSourceProcessor property blogCategoryName with lazy=false
2024-12-13T18:05:44.638+05:30 DEBUG 7187 --- [contenttree] [           main] o.h.b.m.internal.AbstractPropertyHolder  : Attempting to locate auto-apply AttributeConverter for property [com.contenttree.Blogs.BlogsCategory:blogCategoryName]
2024-12-13T18:05:44.638+05:30 DEBUG 7187 --- [contenttree] [           main] o.h.b.model.internal.BasicValueBinder    : building BasicValue for blogCategoryName
2024-12-13T18:05:44.638+05:30 DEBUG 7187 --- [contenttree] [           main] org.hibernate.mapping.BasicValue         : Skipping column re-registration: blogs_category.blog_category_name
2024-12-13T18:05:44.638+05:30 DEBUG 7187 --- [contenttree] [           main] o.h.boot.model.internal.PropertyBinder   : Building property blogCategoryName
2024-12-13T18:05:44.639+05:30 DEBUG 7187 --- [contenttree] [           main] o.h.boot.model.internal.AnnotatedColumn  : Binding column: AnnotatedJoinColumn()
2024-12-13T18:05:44.639+05:30 DEBUG 7187 --- [contenttree] [           main] o.h.boot.model.internal.AnnotatedColumn  : Binding column: AnnotatedColumn()
2024-12-13T18:05:44.643+05:30 DEBUG 7187 --- [contenttree] [           main] o.h.boot.model.internal.AnnotatedColumn  : Binding column: IndexColumn(column='blogs_ORDER')
2024-12-13T18:05:44.644+05:30 DEBUG 7187 --- [contenttree] [           main] o.h.boot.model.internal.AnnotatedColumn  : Binding column: AnnotatedColumn()
2024-12-13T18:05:44.644+05:30 DEBUG 7187 --- [contenttree] [           main] o.h.boot.model.internal.AnnotatedColumn  : Binding column: AnnotatedColumn(column='blogs_KEY')
2024-12-13T18:05:44.644+05:30 DEBUG 7187 --- [contenttree] [           main] o.h.boot.model.internal.AnnotatedColumn  : Binding column: AnnotatedJoinColumn(column='blogs_KEY')
2024-12-13T18:05:44.644+05:30 DEBUG 7187 --- [contenttree] [           main] o.h.boot.model.internal.AnnotatedColumn  : Binding column: AnnotatedJoinColumn()
2024-12-13T18:05:44.644+05:30 DEBUG 7187 --- [contenttree] [           main] o.h.boot.model.internal.AnnotatedColumn  : Binding column: AnnotatedJoinColumn()
2024-12-13T18:05:44.645+05:30 DEBUG 7187 --- [contenttree] [           main] o.h.b.model.internal.CollectionBinder    : Collection role: com.contenttree.Blogs.BlogsCategory.blogs
2024-12-13T18:05:44.646+05:30 DEBUG 7187 --- [contenttree] [           main] o.h.boot.model.internal.PropertyBinder   : Building property blogs
2024-12-13T18:05:44.646+05:30 DEBUG 7187 --- [contenttree] [           main] o.h.boot.model.internal.AnnotatedColumn  : Binding column: AnnotatedColumn()
2024-12-13T18:05:44.646+05:30 DEBUG 7187 --- [contenttree] [           main] o.h.boot.model.internal.PropertyBinder   : MetadataSourceProcessor property dt1 with lazy=false
2024-12-13T18:05:44.646+05:30 DEBUG 7187 --- [contenttree] [           main] o.h.b.m.internal.AbstractPropertyHolder  : Attempting to locate auto-apply AttributeConverter for property [com.contenttree.Blogs.BlogsCategory:dt1]
2024-12-13T18:05:44.646+05:30 DEBUG 7187 --- [contenttree] [           main] o.h.b.model.internal.BasicValueBinder    : building BasicValue for dt1
2024-12-13T18:05:44.646+05:30 DEBUG 7187 --- [contenttree] [           main] org.hibernate.mapping.BasicValue         : Skipping column re-registration: blogs_category.dt1
2024-12-13T18:05:44.646+05:30 DEBUG 7187 --- [contenttree] [           main] o.h.boot.model.internal.PropertyBinder   : Building property dt1
2024-12-13T18:05:44.646+05:30 DEBUG 7187 --- [contenttree] [           main] o.h.b.r.c.i.ClassLoaderServiceImpl       : HHH000194: Package not found or no package-info.java: com.contenttree.Blogs
2024-12-13T18:05:44.646+05:30 DEBUG 7187 --- [contenttree] [           main] e.i.CallbackDefinitionResolverLegacyImpl : Adding prePersist as PrePersist callback for entity com.contenttree.Blogs.BlogsCategory
2024-12-13T18:05:44.646+05:30 DEBUG 7187 --- [contenttree] [           main] o.h.boot.model.internal.EntityBinder     : Binding entity from annotated class: com.contenttree.CampaignManager.Campaign
2024-12-13T18:05:44.646+05:30 DEBUG 7187 --- [contenttree] [           main] o.h.boot.model.internal.EntityBinder     : Import with entity name Campaign
2024-12-13T18:05:44.647+05:30 DEBUG 7187 --- [contenttree] [           main] o.h.boot.model.internal.EntityBinder     : Bind entity com.contenttree.CampaignManager.Campaign on table campaign
2024-12-13T18:05:44.647+05:30 DEBUG 7187 --- [contenttree] [           main] o.h.boot.model.internal.AnnotatedColumn  : Binding column: AnnotatedDiscriminatorColumn(column='DTYPE')
2024-12-13T18:05:44.648+05:30 DEBUG 7187 --- [contenttree] [           main] o.h.boot.model.internal.AnnotatedColumn  : Binding column: AnnotatedColumn()
2024-12-13T18:05:44.648+05:30 DEBUG 7187 --- [contenttree] [           main] o.h.boot.internal.ClassLoaderAccessImpl  : Not known whether passed class name [com.contenttree.CampaignManager.Campaign] is safe
2024-12-13T18:05:44.648+05:30 DEBUG 7187 --- [contenttree] [           main] o.h.boot.internal.ClassLoaderAccessImpl  : No temp ClassLoader provided; using live ClassLoader for loading potentially unsafe class : com.contenttree.CampaignManager.Campaign
2024-12-13T18:05:44.648+05:30 DEBUG 7187 --- [contenttree] [           main] o.h.boot.model.internal.PropertyBinder   : MetadataSourceProcessor property id with lazy=false
2024-12-13T18:05:44.648+05:30 DEBUG 7187 --- [contenttree] [           main] o.h.b.m.internal.AbstractPropertyHolder  : Attempting to locate auto-apply AttributeConverter for property [com.contenttree.CampaignManager.Campaign:id]
2024-12-13T18:05:44.648+05:30 DEBUG 7187 --- [contenttree] [           main] o.h.b.model.internal.BasicValueBinder    : building BasicValue for id
2024-12-13T18:05:44.648+05:30 DEBUG 7187 --- [contenttree] [           main] org.hibernate.mapping.BasicValue         : Skipping column re-registration: campaign.id
2024-12-13T18:05:44.648+05:30 DEBUG 7187 --- [contenttree] [           main] o.h.boot.model.internal.PropertyBinder   : Building property id
2024-12-13T18:05:44.648+05:30 DEBUG 7187 --- [contenttree] [           main] o.h.boot.model.internal.BinderHelper     : #makeIdGenerator(BasicValue([Column(id)]), id, identity, , ...)
2024-12-13T18:05:44.648+05:30 DEBUG 7187 --- [contenttree] [           main] o.h.boot.model.internal.AnnotatedColumn  : Binding column: AnnotatedJoinColumn(column='admin_id')
2024-12-13T18:05:44.648+05:30 DEBUG 7187 --- [contenttree] [           main] o.h.boot.model.internal.AnnotatedColumn  : Binding column: AnnotatedColumn()
2024-12-13T18:05:44.648+05:30 DEBUG 7187 --- [contenttree] [           main] o.h.boot.model.internal.PropertyBinder   : Building property admin
2024-12-13T18:05:44.648+05:30 DEBUG 7187 --- [contenttree] [           main] o.h.boot.model.internal.AnnotatedColumn  : Binding column: AnnotatedJoinColumn(column='category_id')
2024-12-13T18:05:44.648+05:30 DEBUG 7187 --- [contenttree] [           main] o.h.boot.model.internal.AnnotatedColumn  : Binding column: AnnotatedColumn()
2024-12-13T18:05:44.648+05:30 DEBUG 7187 --- [contenttree] [           main] o.h.boot.model.internal.PropertyBinder   : Building property category
2024-12-13T18:05:44.648+05:30 DEBUG 7187 --- [contenttree] [           main] o.h.boot.model.internal.AnnotatedColumn  : Binding column: AnnotatedColumn()
2024-12-13T18:05:44.648+05:30 DEBUG 7187 --- [contenttree] [           main] o.h.boot.model.internal.PropertyBinder   : MetadataSourceProcessor property dt1 with lazy=false
2024-12-13T18:05:44.648+05:30 DEBUG 7187 --- [contenttree] [           main] o.h.b.m.internal.AbstractPropertyHolder  : Attempting to locate auto-apply AttributeConverter for property [com.contenttree.CampaignManager.Campaign:dt1]
2024-12-13T18:05:44.648+05:30 DEBUG 7187 --- [contenttree] [           main] o.h.b.model.internal.BasicValueBinder    : building BasicValue for dt1
2024-12-13T18:05:44.648+05:30 DEBUG 7187 --- [contenttree] [           main] org.hibernate.mapping.BasicValue         : Skipping column re-registration: campaign.dt1
2024-12-13T18:05:44.648+05:30 DEBUG 7187 --- [contenttree] [           main] o.h.boot.model.internal.PropertyBinder   : Building property dt1
2024-12-13T18:05:44.649+05:30 DEBUG 7187 --- [contenttree] [           main] o.h.boot.model.internal.AnnotatedColumn  : Binding column: AnnotatedColumn()
2024-12-13T18:05:44.649+05:30 DEBUG 7187 --- [contenttree] [           main] o.h.boot.model.internal.PropertyBinder   : MetadataSourceProcessor property endDate with lazy=false
2024-12-13T18:05:44.649+05:30 DEBUG 7187 --- [contenttree] [           main] o.h.b.m.internal.AbstractPropertyHolder  : Attempting to locate auto-apply AttributeConverter for property [com.contenttree.CampaignManager.Campaign:endDate]
2024-12-13T18:05:44.649+05:30 DEBUG 7187 --- [contenttree] [           main] o.h.b.model.internal.BasicValueBinder    : building BasicValue for endDate
2024-12-13T18:05:44.649+05:30 DEBUG 7187 --- [contenttree] [           main] org.hibernate.mapping.BasicValue         : Skipping column re-registration: campaign.end_date
2024-12-13T18:05:44.649+05:30 DEBUG 7187 --- [contenttree] [           main] o.h.boot.model.internal.PropertyBinder   : Building property endDate
2024-12-13T18:05:44.649+05:30 DEBUG 7187 --- [contenttree] [           main] o.h.boot.model.internal.AnnotatedColumn  : Binding column: AnnotatedColumn()
2024-12-13T18:05:44.649+05:30 DEBUG 7187 --- [contenttree] [           main] o.h.boot.model.internal.PropertyBinder   : MetadataSourceProcessor property name with lazy=false
2024-12-13T18:05:44.649+05:30 DEBUG 7187 --- [contenttree] [           main] o.h.b.m.internal.AbstractPropertyHolder  : Attempting to locate auto-apply AttributeConverter for property [com.contenttree.CampaignManager.Campaign:name]
2024-12-13T18:05:44.649+05:30 DEBUG 7187 --- [contenttree] [           main] o.h.b.model.internal.BasicValueBinder    : building BasicValue for name
2024-12-13T18:05:44.649+05:30 DEBUG 7187 --- [contenttree] [           main] org.hibernate.mapping.BasicValue         : Skipping column re-registration: campaign.name
2024-12-13T18:05:44.649+05:30 DEBUG 7187 --- [contenttree] [           main] o.h.boot.model.internal.PropertyBinder   : Building property name
2024-12-13T18:05:44.649+05:30 DEBUG 7187 --- [contenttree] [           main] o.h.boot.model.internal.AnnotatedColumn  : Binding column: AnnotatedColumn()
2024-12-13T18:05:44.649+05:30 DEBUG 7187 --- [contenttree] [           main] o.h.boot.model.internal.PropertyBinder   : MetadataSourceProcessor property startDate with lazy=false
2024-12-13T18:05:44.649+05:30 DEBUG 7187 --- [contenttree] [           main] o.h.b.m.internal.AbstractPropertyHolder  : Attempting to locate auto-apply AttributeConverter for property [com.contenttree.CampaignManager.Campaign:startDate]
2024-12-13T18:05:44.649+05:30 DEBUG 7187 --- [contenttree] [           main] o.h.b.model.internal.BasicValueBinder    : building BasicValue for startDate
2024-12-13T18:05:44.649+05:30 DEBUG 7187 --- [contenttree] [           main] org.hibernate.mapping.BasicValue         : Skipping column re-registration: campaign.start_date
2024-12-13T18:05:44.649+05:30 DEBUG 7187 --- [contenttree] [           main] o.h.boot.model.internal.PropertyBinder   : Building property startDate
2024-12-13T18:05:44.649+05:30 DEBUG 7187 --- [contenttree] [           main] o.h.boot.model.internal.AnnotatedColumn  : Binding column: AnnotatedColumn()
2024-12-13T18:05:44.649+05:30 DEBUG 7187 --- [contenttree] [           main] o.h.boot.model.internal.PropertyBinder   : MetadataSourceProcessor property status with lazy=false
2024-12-13T18:05:44.649+05:30 DEBUG 7187 --- [contenttree] [           main] o.h.b.m.internal.AbstractPropertyHolder  : Attempting to locate auto-apply AttributeConverter for property [com.contenttree.CampaignManager.Campaign:status]
2024-12-13T18:05:44.649+05:30 DEBUG 7187 --- [contenttree] [           main] o.h.b.model.internal.BasicValueBinder    : building BasicValue for status
2024-12-13T18:05:44.649+05:30 DEBUG 7187 --- [contenttree] [           main] org.hibernate.mapping.BasicValue         : Skipping column re-registration: campaign.status
2024-12-13T18:05:44.649+05:30 DEBUG 7187 --- [contenttree] [           main] o.h.boot.model.internal.PropertyBinder   : Building property status
2024-12-13T18:05:44.650+05:30 DEBUG 7187 --- [contenttree] [           main] o.h.b.r.c.i.ClassLoaderServiceImpl       : HHH000194: Package not found or no package-info.java: com.contenttree.CampaignManager
2024-12-13T18:05:44.650+05:30 DEBUG 7187 --- [contenttree] [           main] e.i.CallbackDefinitionResolverLegacyImpl : Adding prePersist as PrePersist callback for entity com.contenttree.CampaignManager.Campaign
2024-12-13T18:05:44.650+05:30 DEBUG 7187 --- [contenttree] [           main] o.h.boot.model.internal.EntityBinder     : Binding entity from annotated class: com.contenttree.CampaignManager.Event
2024-12-13T18:05:44.650+05:30 DEBUG 7187 --- [contenttree] [           main] o.h.boot.model.internal.EntityBinder     : Import with entity name Event
2024-12-13T18:05:44.650+05:30 DEBUG 7187 --- [contenttree] [           main] o.h.boot.model.internal.EntityBinder     : Bind entity com.contenttree.CampaignManager.Event on table event
2024-12-13T18:05:44.650+05:30 DEBUG 7187 --- [contenttree] [           main] o.h.boot.model.internal.AnnotatedColumn  : Binding column: AnnotatedDiscriminatorColumn(column='DTYPE')
2024-12-13T18:05:44.650+05:30 DEBUG 7187 --- [contenttree] [           main] o.h.boot.model.internal.AnnotatedColumn  : Binding column: AnnotatedColumn()
2024-12-13T18:05:44.650+05:30 DEBUG 7187 --- [contenttree] [           main] o.h.boot.internal.ClassLoaderAccessImpl  : Not known whether passed class name [com.contenttree.CampaignManager.Event] is safe
2024-12-13T18:05:44.650+05:30 DEBUG 7187 --- [contenttree] [           main] o.h.boot.internal.ClassLoaderAccessImpl  : No temp ClassLoader provided; using live ClassLoader for loading potentially unsafe class : com.contenttree.CampaignManager.Event
2024-12-13T18:05:44.650+05:30 DEBUG 7187 --- [contenttree] [           main] o.h.boot.model.internal.PropertyBinder   : MetadataSourceProcessor property id with lazy=false
2024-12-13T18:05:44.650+05:30 DEBUG 7187 --- [contenttree] [           main] o.h.b.m.internal.AbstractPropertyHolder  : Attempting to locate auto-apply AttributeConverter for property [com.contenttree.CampaignManager.Event:id]
2024-12-13T18:05:44.650+05:30 DEBUG 7187 --- [contenttree] [           main] o.h.b.model.internal.BasicValueBinder    : building BasicValue for id
2024-12-13T18:05:44.650+05:30 DEBUG 7187 --- [contenttree] [           main] org.hibernate.mapping.BasicValue         : Skipping column re-registration: event.id
2024-12-13T18:05:44.651+05:30 DEBUG 7187 --- [contenttree] [           main] o.h.boot.model.internal.PropertyBinder   : Building property id
2024-12-13T18:05:44.651+05:30 DEBUG 7187 --- [contenttree] [           main] o.h.boot.model.internal.BinderHelper     : #makeIdGenerator(BasicValue([Column(id)]), id, identity, , ...)
2024-12-13T18:05:44.651+05:30 DEBUG 7187 --- [contenttree] [           main] o.h.boot.model.internal.AnnotatedColumn  : Binding column: AnnotatedJoinColumn()
2024-12-13T18:05:44.651+05:30 DEBUG 7187 --- [contenttree] [           main] o.h.boot.model.internal.AnnotatedColumn  : Binding column: AnnotatedColumn()
2024-12-13T18:05:44.651+05:30 DEBUG 7187 --- [contenttree] [           main] o.h.boot.model.internal.PropertyBinder   : Building property admin
2024-12-13T18:05:44.651+05:30 DEBUG 7187 --- [contenttree] [           main] o.h.boot.model.internal.AnnotatedColumn  : Binding column: AnnotatedColumn()
2024-12-13T18:05:44.651+05:30 DEBUG 7187 --- [contenttree] [           main] o.h.boot.model.internal.PropertyBinder   : MetadataSourceProcessor property dt1 with lazy=false
2024-12-13T18:05:44.651+05:30 DEBUG 7187 --- [contenttree] [           main] o.h.b.m.internal.AbstractPropertyHolder  : Attempting to locate auto-apply AttributeConverter for property [com.contenttree.CampaignManager.Event:dt1]
2024-12-13T18:05:44.651+05:30 DEBUG 7187 --- [contenttree] [           main] o.h.b.model.internal.BasicValueBinder    : building BasicValue for dt1
2024-12-13T18:05:44.651+05:30 DEBUG 7187 --- [contenttree] [           main] org.hibernate.mapping.BasicValue         : Skipping column re-registration: event.dt1
2024-12-13T18:05:44.651+05:30 DEBUG 7187 --- [contenttree] [           main] o.h.boot.model.internal.PropertyBinder   : Building property dt1
2024-12-13T18:05:44.651+05:30 DEBUG 7187 --- [contenttree] [           main] o.h.boot.model.internal.AnnotatedColumn  : Binding column: AnnotatedColumn()
2024-12-13T18:05:44.651+05:30 DEBUG 7187 --- [contenttree] [           main] o.h.boot.model.internal.PropertyBinder   : MetadataSourceProcessor property eventAddress with lazy=false
2024-12-13T18:05:44.651+05:30 DEBUG 7187 --- [contenttree] [           main] o.h.b.m.internal.AbstractPropertyHolder  : Attempting to locate auto-apply AttributeConverter for property [com.contenttree.CampaignManager.Event:eventAddress]
2024-12-13T18:05:44.651+05:30 DEBUG 7187 --- [contenttree] [           main] o.h.b.model.internal.BasicValueBinder    : building BasicValue for eventAddress
2024-12-13T18:05:44.651+05:30 DEBUG 7187 --- [contenttree] [           main] org.hibernate.mapping.BasicValue         : Skipping column re-registration: event.event_address
2024-12-13T18:05:44.651+05:30 DEBUG 7187 --- [contenttree] [           main] o.h.boot.model.internal.PropertyBinder   : Building property eventAddress
2024-12-13T18:05:44.651+05:30 DEBUG 7187 --- [contenttree] [           main] o.h.boot.model.internal.AnnotatedColumn  : Binding column: AnnotatedColumn()
2024-12-13T18:05:44.651+05:30 DEBUG 7187 --- [contenttree] [           main] o.h.boot.model.internal.PropertyBinder   : MetadataSourceProcessor property eventLink with lazy=false
2024-12-13T18:05:44.651+05:30 DEBUG 7187 --- [contenttree] [           main] o.h.b.m.internal.AbstractPropertyHolder  : Attempting to locate auto-apply AttributeConverter for property [com.contenttree.CampaignManager.Event:eventLink]
2024-12-13T18:05:44.651+05:30 DEBUG 7187 --- [contenttree] [           main] o.h.b.model.internal.BasicValueBinder    : building BasicValue for eventLink
2024-12-13T18:05:44.651+05:30 DEBUG 7187 --- [contenttree] [           main] org.hibernate.mapping.BasicValue         : Skipping column re-registration: event.event_link
2024-12-13T18:05:44.651+05:30 DEBUG 7187 --- [contenttree] [           main] o.h.boot.model.internal.PropertyBinder   : Building property eventLink
2024-12-13T18:05:44.651+05:30 DEBUG 7187 --- [contenttree] [           main] o.h.boot.model.internal.AnnotatedColumn  : Binding column: AnnotatedColumn()
2024-12-13T18:05:44.652+05:30 DEBUG 7187 --- [contenttree] [           main] o.h.boot.model.internal.PropertyBinder   : MetadataSourceProcessor property eventName with lazy=false
2024-12-13T18:05:44.652+05:30 DEBUG 7187 --- [contenttree] [           main] o.h.b.m.internal.AbstractPropertyHolder  : Attempting to locate auto-apply AttributeConverter for property [com.contenttree.CampaignManager.Event:eventName]
2024-12-13T18:05:44.652+05:30 DEBUG 7187 --- [contenttree] [           main] o.h.b.model.internal.BasicValueBinder    : building BasicValue for eventName
2024-12-13T18:05:44.652+05:30 DEBUG 7187 --- [contenttree] [           main] org.hibernate.mapping.BasicValue         : Skipping column re-registration: event.event_name
2024-12-13T18:05:44.652+05:30 DEBUG 7187 --- [contenttree] [           main] o.h.boot.model.internal.PropertyBinder   : Building property eventName
2024-12-13T18:05:44.652+05:30 DEBUG 7187 --- [contenttree] [           main] o.h.boot.model.internal.AnnotatedColumn  : Binding column: AnnotatedColumn()
2024-12-13T18:05:44.652+05:30 DEBUG 7187 --- [contenttree] [           main] o.h.boot.model.internal.PropertyBinder   : MetadataSourceProcessor property eventSpeakers with lazy=false
2024-12-13T18:05:44.652+05:30 DEBUG 7187 --- [contenttree] [           main] o.h.b.m.internal.AbstractPropertyHolder  : Attempting to locate auto-apply AttributeConverter for property [com.contenttree.CampaignManager.Event:eventSpeakers]
2024-12-13T18:05:44.652+05:30 DEBUG 7187 --- [contenttree] [           main] o.h.b.model.internal.BasicValueBinder    : building BasicValue for eventSpeakers
2024-12-13T18:05:44.652+05:30 DEBUG 7187 --- [contenttree] [           main] org.hibernate.mapping.BasicValue         : Skipping column re-registration: event.event_speakers
2024-12-13T18:05:44.652+05:30 DEBUG 7187 --- [contenttree] [           main] o.h.boot.model.internal.PropertyBinder   : Building property eventSpeakers
2024-12-13T18:05:44.652+05:30 DEBUG 7187 --- [contenttree] [           main] o.h.boot.model.internal.AnnotatedColumn  : Binding column: AnnotatedColumn()
2024-12-13T18:05:44.652+05:30 DEBUG 7187 --- [contenttree] [           main] o.h.boot.model.internal.PropertyBinder   : MetadataSourceProcessor property eventSubject with lazy=false
2024-12-13T18:05:44.652+05:30 DEBUG 7187 --- [contenttree] [           main] o.h.b.m.internal.AbstractPropertyHolder  : Attempting to locate auto-apply AttributeConverter for property [com.contenttree.CampaignManager.Event:eventSubject]
2024-12-13T18:05:44.652+05:30 DEBUG 7187 --- [contenttree] [           main] o.h.b.model.internal.BasicValueBinder    : building BasicValue for eventSubject
2024-12-13T18:05:44.652+05:30 DEBUG 7187 --- [contenttree] [           main] org.hibernate.mapping.BasicValue         : Skipping column re-registration: event.event_subject
2024-12-13T18:05:44.652+05:30 DEBUG 7187 --- [contenttree] [           main] o.h.boot.model.internal.PropertyBinder   : Building property eventSubject
2024-12-13T18:05:44.652+05:30 DEBUG 7187 --- [contenttree] [           main] o.h.b.r.c.i.ClassLoaderServiceImpl       : HHH000194: Package not found or no package-info.java: com.contenttree.CampaignManager
2024-12-13T18:05:44.653+05:30 DEBUG 7187 --- [contenttree] [           main] e.i.CallbackDefinitionResolverLegacyImpl : Adding prePersist as PrePersist callback for entity com.contenttree.CampaignManager.Event
2024-12-13T18:05:44.653+05:30 DEBUG 7187 --- [contenttree] [           main] o.h.boot.model.internal.EntityBinder     : Binding entity from annotated class: com.contenttree.CampaignManager.Webinar
2024-12-13T18:05:44.653+05:30 DEBUG 7187 --- [contenttree] [           main] o.h.boot.model.internal.EntityBinder     : Import with entity name Webinar
2024-12-13T18:05:44.653+05:30 DEBUG 7187 --- [contenttree] [           main] o.h.boot.model.internal.EntityBinder     : Bind entity com.contenttree.CampaignManager.Webinar on table webinar
2024-12-13T18:05:44.653+05:30 DEBUG 7187 --- [contenttree] [           main] o.h.boot.model.internal.AnnotatedColumn  : Binding column: AnnotatedDiscriminatorColumn(column='DTYPE')
2024-12-13T18:05:44.653+05:30 DEBUG 7187 --- [contenttree] [           main] o.h.boot.model.internal.AnnotatedColumn  : Binding column: AnnotatedColumn()
2024-12-13T18:05:44.653+05:30 DEBUG 7187 --- [contenttree] [           main] o.h.boot.internal.ClassLoaderAccessImpl  : Not known whether passed class name [com.contenttree.CampaignManager.Webinar] is safe
2024-12-13T18:05:44.653+05:30 DEBUG 7187 --- [contenttree] [           main] o.h.boot.internal.ClassLoaderAccessImpl  : No temp ClassLoader provided; using live ClassLoader for loading potentially unsafe class : com.contenttree.CampaignManager.Webinar
2024-12-13T18:05:44.653+05:30 DEBUG 7187 --- [contenttree] [           main] o.h.boot.model.internal.PropertyBinder   : MetadataSourceProcessor property id with lazy=false
2024-12-13T18:05:44.653+05:30 DEBUG 7187 --- [contenttree] [           main] o.h.b.m.internal.AbstractPropertyHolder  : Attempting to locate auto-apply AttributeConverter for property [com.contenttree.CampaignManager.Webinar:id]
2024-12-13T18:05:44.653+05:30 DEBUG 7187 --- [contenttree] [           main] o.h.b.model.internal.BasicValueBinder    : building BasicValue for id
2024-12-13T18:05:44.653+05:30 DEBUG 7187 --- [contenttree] [           main] org.hibernate.mapping.BasicValue         : Skipping column re-registration: webinar.id
2024-12-13T18:05:44.653+05:30 DEBUG 7187 --- [contenttree] [           main] o.h.boot.model.internal.PropertyBinder   : Building property id
2024-12-13T18:05:44.653+05:30 DEBUG 7187 --- [contenttree] [           main] o.h.boot.model.internal.BinderHelper     : #makeIdGenerator(BasicValue([Column(id)]), id, identity, , ...)
2024-12-13T18:05:44.653+05:30 DEBUG 7187 --- [contenttree] [           main] o.h.boot.model.internal.AnnotatedColumn  : Binding column: AnnotatedJoinColumn()
2024-12-13T18:05:44.653+05:30 DEBUG 7187 --- [contenttree] [           main] o.h.boot.model.internal.AnnotatedColumn  : Binding column: AnnotatedColumn()
2024-12-13T18:05:44.654+05:30 DEBUG 7187 --- [contenttree] [           main] o.h.boot.model.internal.PropertyBinder   : Building property admin
2024-12-13T18:05:44.654+05:30 DEBUG 7187 --- [contenttree] [           main] o.h.boot.model.internal.AnnotatedColumn  : Binding column: AnnotatedColumn()
2024-12-13T18:05:44.654+05:30 DEBUG 7187 --- [contenttree] [           main] o.h.boot.model.internal.PropertyBinder   : MetadataSourceProcessor property dt1 with lazy=false
2024-12-13T18:05:44.654+05:30 DEBUG 7187 --- [contenttree] [           main] o.h.b.m.internal.AbstractPropertyHolder  : Attempting to locate auto-apply AttributeConverter for property [com.contenttree.CampaignManager.Webinar:dt1]
2024-12-13T18:05:44.654+05:30 DEBUG 7187 --- [contenttree] [           main] o.h.b.model.internal.BasicValueBinder    : building BasicValue for dt1
2024-12-13T18:05:44.654+05:30 DEBUG 7187 --- [contenttree] [           main] org.hibernate.mapping.BasicValue         : Skipping column re-registration: webinar.dt1
2024-12-13T18:05:44.654+05:30 DEBUG 7187 --- [contenttree] [           main] o.h.boot.model.internal.PropertyBinder   : Building property dt1
2024-12-13T18:05:44.654+05:30 DEBUG 7187 --- [contenttree] [           main] o.h.boot.model.internal.AnnotatedColumn  : Binding column: AnnotatedColumn()
2024-12-13T18:05:44.654+05:30 DEBUG 7187 --- [contenttree] [           main] o.h.boot.model.internal.PropertyBinder   : MetadataSourceProcessor property liveLink with lazy=false
2024-12-13T18:05:44.654+05:30 DEBUG 7187 --- [contenttree] [           main] o.h.b.m.internal.AbstractPropertyHolder  : Attempting to locate auto-apply AttributeConverter for property [com.contenttree.CampaignManager.Webinar:liveLink]
2024-12-13T18:05:44.654+05:30 DEBUG 7187 --- [contenttree] [           main] o.h.b.model.internal.BasicValueBinder    : building BasicValue for liveLink
2024-12-13T18:05:44.654+05:30 DEBUG 7187 --- [contenttree] [           main] org.hibernate.mapping.BasicValue         : Skipping column re-registration: webinar.live_link
2024-12-13T18:05:44.654+05:30 DEBUG 7187 --- [contenttree] [           main] o.h.boot.model.internal.PropertyBinder   : Building property liveLink
2024-12-13T18:05:44.654+05:30 DEBUG 7187 --- [contenttree] [           main] o.h.boot.model.internal.AnnotatedColumn  : Binding column: AnnotatedColumn()
2024-12-13T18:05:44.654+05:30 DEBUG 7187 --- [contenttree] [           main] o.h.boot.model.internal.PropertyBinder   : MetadataSourceProcessor property webinarName with lazy=false
2024-12-13T18:05:44.654+05:30 DEBUG 7187 --- [contenttree] [           main] o.h.b.m.internal.AbstractPropertyHolder  : Attempting to locate auto-apply AttributeConverter for property [com.contenttree.CampaignManager.Webinar:webinarName]
2024-12-13T18:05:44.654+05:30 DEBUG 7187 --- [contenttree] [           main] o.h.b.model.internal.BasicValueBinder    : building BasicValue for webinarName
2024-12-13T18:05:44.654+05:30 DEBUG 7187 --- [contenttree] [           main] org.hibernate.mapping.BasicValue         : Skipping column re-registration: webinar.webinar_name
2024-12-13T18:05:44.654+05:30 DEBUG 7187 --- [contenttree] [           main] o.h.boot.model.internal.PropertyBinder   : Building property webinarName
2024-12-13T18:05:44.654+05:30 DEBUG 7187 --- [contenttree] [           main] o.h.boot.model.internal.AnnotatedColumn  : Binding column: AnnotatedColumn()
2024-12-13T18:05:44.654+05:30 DEBUG 7187 --- [contenttree] [           main] o.h.boot.model.internal.PropertyBinder   : MetadataSourceProcessor property webinarSpeakers with lazy=false
2024-12-13T18:05:44.654+05:30 DEBUG 7187 --- [contenttree] [           main] o.h.b.m.internal.AbstractPropertyHolder  : Attempting to locate auto-apply AttributeConverter for property [com.contenttree.CampaignManager.Webinar:webinarSpeakers]
2024-12-13T18:05:44.654+05:30 DEBUG 7187 --- [contenttree] [           main] o.h.b.model.internal.BasicValueBinder    : building BasicValue for webinarSpeakers
2024-12-13T18:05:44.654+05:30 DEBUG 7187 --- [contenttree] [           main] org.hibernate.mapping.BasicValue         : Skipping column re-registration: webinar.webinar_speakers
2024-12-13T18:05:44.654+05:30 DEBUG 7187 --- [contenttree] [           main] o.h.boot.model.internal.PropertyBinder   : Building property webinarSpeakers
2024-12-13T18:05:44.654+05:30 DEBUG 7187 --- [contenttree] [           main] o.h.boot.model.internal.AnnotatedColumn  : Binding column: AnnotatedColumn()
2024-12-13T18:05:44.654+05:30 DEBUG 7187 --- [contenttree] [           main] o.h.boot.model.internal.PropertyBinder   : MetadataSourceProcessor property webinarSubject with lazy=false
2024-12-13T18:05:44.654+05:30 DEBUG 7187 --- [contenttree] [           main] o.h.b.m.internal.AbstractPropertyHolder  : Attempting to locate auto-apply AttributeConverter for property [com.contenttree.CampaignManager.Webinar:webinarSubject]
2024-12-13T18:05:44.654+05:30 DEBUG 7187 --- [contenttree] [           main] o.h.b.model.internal.BasicValueBinder    : building BasicValue for webinarSubject
2024-12-13T18:05:44.654+05:30 DEBUG 7187 --- [contenttree] [           main] org.hibernate.mapping.BasicValue         : Skipping column re-registration: webinar.webinar_subject
2024-12-13T18:05:44.654+05:30 DEBUG 7187 --- [contenttree] [           main] o.h.boot.model.internal.PropertyBinder   : Building property webinarSubject
2024-12-13T18:05:44.655+05:30 DEBUG 7187 --- [contenttree] [           main] o.h.b.r.c.i.ClassLoaderServiceImpl       : HHH000194: Package not found or no package-info.java: com.contenttree.CampaignManager
2024-12-13T18:05:44.655+05:30 DEBUG 7187 --- [contenttree] [           main] e.i.CallbackDefinitionResolverLegacyImpl : Adding prePersist as PrePersist callback for entity com.contenttree.CampaignManager.Webinar
2024-12-13T18:05:44.655+05:30 DEBUG 7187 --- [contenttree] [           main] o.h.boot.model.internal.EntityBinder     : Binding entity from annotated class: com.contenttree.CountryCode.Country
2024-12-13T18:05:44.655+05:30 DEBUG 7187 --- [contenttree] [           main] o.h.boot.model.internal.EntityBinder     : Import with entity name Country
2024-12-13T18:05:44.655+05:30 DEBUG 7187 --- [contenttree] [           main] o.h.boot.model.internal.EntityBinder     : Bind entity com.contenttree.CountryCode.Country on table country_code
2024-12-13T18:05:44.655+05:30 DEBUG 7187 --- [contenttree] [           main] o.h.boot.model.internal.AnnotatedColumn  : Binding column: AnnotatedDiscriminatorColumn(column='DTYPE')
2024-12-13T18:05:44.656+05:30 DEBUG 7187 --- [contenttree] [           main] o.h.boot.model.internal.AnnotatedColumn  : Binding column: AnnotatedColumn()
2024-12-13T18:05:44.656+05:30 DEBUG 7187 --- [contenttree] [           main] o.h.boot.internal.ClassLoaderAccessImpl  : Not known whether passed class name [com.contenttree.CountryCode.Country] is safe
2024-12-13T18:05:44.656+05:30 DEBUG 7187 --- [contenttree] [           main] o.h.boot.internal.ClassLoaderAccessImpl  : No temp ClassLoader provided; using live ClassLoader for loading potentially unsafe class : com.contenttree.CountryCode.Country
2024-12-13T18:05:44.656+05:30 DEBUG 7187 --- [contenttree] [           main] o.h.boot.model.internal.PropertyBinder   : MetadataSourceProcessor property id with lazy=false
2024-12-13T18:05:44.656+05:30 DEBUG 7187 --- [contenttree] [           main] o.h.b.m.internal.AbstractPropertyHolder  : Attempting to locate auto-apply AttributeConverter for property [com.contenttree.CountryCode.Country:id]
2024-12-13T18:05:44.656+05:30 DEBUG 7187 --- [contenttree] [           main] o.h.b.model.internal.BasicValueBinder    : building BasicValue for id
2024-12-13T18:05:44.656+05:30 DEBUG 7187 --- [contenttree] [           main] org.hibernate.mapping.BasicValue         : Skipping column re-registration: country_code.id
2024-12-13T18:05:44.656+05:30 DEBUG 7187 --- [contenttree] [           main] o.h.boot.model.internal.PropertyBinder   : Building property id
2024-12-13T18:05:44.656+05:30 DEBUG 7187 --- [contenttree] [           main] o.h.boot.model.internal.BinderHelper     : #makeIdGenerator(BasicValue([Column(id)]), id, identity, , ...)
2024-12-13T18:05:44.656+05:30 DEBUG 7187 --- [contenttree] [           main] o.h.boot.model.internal.AnnotatedColumn  : Binding column: AnnotatedColumn(column='country_code')
2024-12-13T18:05:44.656+05:30 DEBUG 7187 --- [contenttree] [           main] o.h.boot.model.internal.PropertyBinder   : MetadataSourceProcessor property code with lazy=false
2024-12-13T18:05:44.656+05:30 DEBUG 7187 --- [contenttree] [           main] o.h.b.m.internal.AbstractPropertyHolder  : Attempting to locate auto-apply AttributeConverter for property [com.contenttree.CountryCode.Country:code]
2024-12-13T18:05:44.656+05:30 DEBUG 7187 --- [contenttree] [           main] o.h.b.model.internal.BasicValueBinder    : building BasicValue for code
2024-12-13T18:05:44.656+05:30 DEBUG 7187 --- [contenttree] [           main] org.hibernate.mapping.BasicValue         : Skipping column re-registration: country_code.country_code
2024-12-13T18:05:44.656+05:30 DEBUG 7187 --- [contenttree] [           main] o.h.boot.model.internal.PropertyBinder   : Building property code
2024-12-13T18:05:44.656+05:30 DEBUG 7187 --- [contenttree] [           main] o.h.boot.model.internal.AnnotatedColumn  : Binding column: AnnotatedColumn(column='country_name')
2024-12-13T18:05:44.656+05:30 DEBUG 7187 --- [contenttree] [           main] o.h.boot.model.internal.PropertyBinder   : MetadataSourceProcessor property name with lazy=false
2024-12-13T18:05:44.656+05:30 DEBUG 7187 --- [contenttree] [           main] o.h.b.m.internal.AbstractPropertyHolder  : Attempting to locate auto-apply AttributeConverter for property [com.contenttree.CountryCode.Country:name]
2024-12-13T18:05:44.656+05:30 DEBUG 7187 --- [contenttree] [           main] o.h.b.model.internal.BasicValueBinder    : building BasicValue for name
2024-12-13T18:05:44.656+05:30 DEBUG 7187 --- [contenttree] [           main] org.hibernate.mapping.BasicValue         : Skipping column re-registration: country_code.country_name
2024-12-13T18:05:44.656+05:30 DEBUG 7187 --- [contenttree] [           main] o.h.boot.model.internal.PropertyBinder   : Building property name
2024-12-13T18:05:44.656+05:30 DEBUG 7187 --- [contenttree] [           main] o.h.b.r.c.i.ClassLoaderServiceImpl       : HHH000194: Package not found or no package-info.java: com.contenttree.CountryCode
2024-12-13T18:05:44.657+05:30 DEBUG 7187 --- [contenttree] [           main] o.h.boot.model.internal.EntityBinder     : Binding entity from annotated class: com.contenttree.NewsLetter.NewsLetter
2024-12-13T18:05:44.657+05:30 DEBUG 7187 --- [contenttree] [           main] o.h.boot.model.internal.EntityBinder     : Import with entity name NewsLetter
2024-12-13T18:05:44.657+05:30 DEBUG 7187 --- [contenttree] [           main] o.h.boot.model.internal.EntityBinder     : Bind entity com.contenttree.NewsLetter.NewsLetter on table news_letter
2024-12-13T18:05:44.657+05:30 DEBUG 7187 --- [contenttree] [           main] o.h.boot.model.internal.AnnotatedColumn  : Binding column: AnnotatedDiscriminatorColumn(column='DTYPE')
2024-12-13T18:05:44.657+05:30 DEBUG 7187 --- [contenttree] [           main] o.h.boot.model.internal.AnnotatedColumn  : Binding column: AnnotatedColumn()
2024-12-13T18:05:44.657+05:30 DEBUG 7187 --- [contenttree] [           main] o.h.boot.internal.ClassLoaderAccessImpl  : Not known whether passed class name [com.contenttree.NewsLetter.NewsLetter] is safe
2024-12-13T18:05:44.657+05:30 DEBUG 7187 --- [contenttree] [           main] o.h.boot.internal.ClassLoaderAccessImpl  : No temp ClassLoader provided; using live ClassLoader for loading potentially unsafe class : com.contenttree.NewsLetter.NewsLetter
2024-12-13T18:05:44.657+05:30 DEBUG 7187 --- [contenttree] [           main] o.h.boot.model.internal.PropertyBinder   : MetadataSourceProcessor property id with lazy=false
2024-12-13T18:05:44.657+05:30 DEBUG 7187 --- [contenttree] [           main] o.h.b.m.internal.AbstractPropertyHolder  : Attempting to locate auto-apply AttributeConverter for property [com.contenttree.NewsLetter.NewsLetter:id]
2024-12-13T18:05:44.657+05:30 DEBUG 7187 --- [contenttree] [           main] o.h.b.model.internal.BasicValueBinder    : building BasicValue for id
2024-12-13T18:05:44.657+05:30 DEBUG 7187 --- [contenttree] [           main] org.hibernate.mapping.BasicValue         : Skipping column re-registration: news_letter.id
2024-12-13T18:05:44.657+05:30 DEBUG 7187 --- [contenttree] [           main] o.h.boot.model.internal.PropertyBinder   : Building property id
2024-12-13T18:05:44.657+05:30 DEBUG 7187 --- [contenttree] [           main] o.h.boot.model.internal.BinderHelper     : #makeIdGenerator(BasicValue([Column(id)]), id, identity, , ...)
2024-12-13T18:05:44.657+05:30 DEBUG 7187 --- [contenttree] [           main] o.h.boot.model.internal.AnnotatedColumn  : Binding column: AnnotatedJoinColumn(column='admin_id')
2024-12-13T18:05:44.657+05:30 DEBUG 7187 --- [contenttree] [           main] o.h.boot.model.internal.AnnotatedColumn  : Binding column: AnnotatedColumn()
2024-12-13T18:05:44.657+05:30 DEBUG 7187 --- [contenttree] [           main] o.h.boot.model.internal.PropertyBinder   : Building property admin
2024-12-13T18:05:44.657+05:30 DEBUG 7187 --- [contenttree] [           main] o.h.boot.model.internal.AnnotatedColumn  : Binding column: AnnotatedColumn()
2024-12-13T18:05:44.657+05:30 DEBUG 7187 --- [contenttree] [           main] o.h.boot.model.internal.PropertyBinder   : MetadataSourceProcessor property content with lazy=false
2024-12-13T18:05:44.657+05:30 DEBUG 7187 --- [contenttree] [           main] o.h.b.m.internal.AbstractPropertyHolder  : Attempting to locate auto-apply AttributeConverter for property [com.contenttree.NewsLetter.NewsLetter:content]
2024-12-13T18:05:44.657+05:30 DEBUG 7187 --- [contenttree] [           main] o.h.b.model.internal.BasicValueBinder    : building BasicValue for content
2024-12-13T18:05:44.658+05:30 DEBUG 7187 --- [contenttree] [           main] org.hibernate.mapping.BasicValue         : Skipping column re-registration: news_letter.content
2024-12-13T18:05:44.658+05:30 DEBUG 7187 --- [contenttree] [           main] o.h.boot.model.internal.PropertyBinder   : Building property content
2024-12-13T18:05:44.658+05:30 DEBUG 7187 --- [contenttree] [           main] o.h.boot.model.internal.AnnotatedColumn  : Binding column: AnnotatedColumn()
2024-12-13T18:05:44.658+05:30 DEBUG 7187 --- [contenttree] [           main] o.h.boot.model.internal.PropertyBinder   : MetadataSourceProcessor property dt1 with lazy=false
2024-12-13T18:05:44.658+05:30 DEBUG 7187 --- [contenttree] [           main] o.h.b.m.internal.AbstractPropertyHolder  : Attempting to locate auto-apply AttributeConverter for property [com.contenttree.NewsLetter.NewsLetter:dt1]
2024-12-13T18:05:44.658+05:30 DEBUG 7187 --- [contenttree] [           main] o.h.b.model.internal.BasicValueBinder    : building BasicValue for dt1
2024-12-13T18:05:44.658+05:30 DEBUG 7187 --- [contenttree] [           main] org.hibernate.mapping.BasicValue         : Skipping column re-registration: news_letter.dt1
2024-12-13T18:05:44.658+05:30 DEBUG 7187 --- [contenttree] [           main] o.h.boot.model.internal.PropertyBinder   : Building property dt1
2024-12-13T18:05:44.658+05:30 DEBUG 7187 --- [contenttree] [           main] o.h.boot.model.internal.AnnotatedColumn  : Binding column: AnnotatedColumn()
2024-12-13T18:05:44.658+05:30 DEBUG 7187 --- [contenttree] [           main] o.h.boot.model.internal.PropertyBinder   : MetadataSourceProcessor property filePath with lazy=false
2024-12-13T18:05:44.658+05:30 DEBUG 7187 --- [contenttree] [           main] o.h.b.m.internal.AbstractPropertyHolder  : Attempting to locate auto-apply AttributeConverter for property [com.contenttree.NewsLetter.NewsLetter:filePath]
2024-12-13T18:05:44.658+05:30 DEBUG 7187 --- [contenttree] [           main] o.h.b.model.internal.BasicValueBinder    : building BasicValue for filePath
2024-12-13T18:05:44.658+05:30 DEBUG 7187 --- [contenttree] [           main] org.hibernate.mapping.BasicValue         : Skipping column re-registration: news_letter.file_path
2024-12-13T18:05:44.658+05:30 DEBUG 7187 --- [contenttree] [           main] o.h.boot.model.internal.PropertyBinder   : Building property filePath
2024-12-13T18:05:44.658+05:30 DEBUG 7187 --- [contenttree] [           main] o.h.boot.model.internal.AnnotatedColumn  : Binding column: AnnotatedColumn()
2024-12-13T18:05:44.658+05:30 DEBUG 7187 --- [contenttree] [           main] o.h.boot.model.internal.PropertyBinder   : MetadataSourceProcessor property title with lazy=false
2024-12-13T18:05:44.658+05:30 DEBUG 7187 --- [contenttree] [           main] o.h.b.m.internal.AbstractPropertyHolder  : Attempting to locate auto-apply AttributeConverter for property [com.contenttree.NewsLetter.NewsLetter:title]
2024-12-13T18:05:44.658+05:30 DEBUG 7187 --- [contenttree] [           main] o.h.b.model.internal.BasicValueBinder    : building BasicValue for title
2024-12-13T18:05:44.658+05:30 DEBUG 7187 --- [contenttree] [           main] org.hibernate.mapping.BasicValue         : Skipping column re-registration: news_letter.title
2024-12-13T18:05:44.658+05:30 DEBUG 7187 --- [contenttree] [           main] o.h.boot.model.internal.PropertyBinder   : Building property title
2024-12-13T18:05:44.658+05:30 DEBUG 7187 --- [contenttree] [           main] o.h.boot.model.internal.AnnotatedColumn  : Binding column: AnnotatedJoinColumn(column='user_id')
2024-12-13T18:05:44.658+05:30 DEBUG 7187 --- [contenttree] [           main] o.h.boot.model.internal.AnnotatedColumn  : Binding column: AnnotatedColumn()
2024-12-13T18:05:44.658+05:30 DEBUG 7187 --- [contenttree] [           main] o.h.boot.model.internal.PropertyBinder   : Building property user
2024-12-13T18:05:44.659+05:30 DEBUG 7187 --- [contenttree] [           main] o.h.b.r.c.i.ClassLoaderServiceImpl       : HHH000194: Package not found or no package-info.java: com.contenttree.NewsLetter
2024-12-13T18:05:44.659+05:30 DEBUG 7187 --- [contenttree] [           main] e.i.CallbackDefinitionResolverLegacyImpl : Adding prepersit as PrePersist callback for entity com.contenttree.NewsLetter.NewsLetter
2024-12-13T18:05:44.659+05:30 DEBUG 7187 --- [contenttree] [           main] o.h.boot.model.internal.EntityBinder     : Binding entity from annotated class: com.contenttree.StaticCount.Region
2024-12-13T18:05:44.659+05:30 DEBUG 7187 --- [contenttree] [           main] o.h.boot.model.internal.EntityBinder     : Import with entity name Region
2024-12-13T18:05:44.659+05:30 DEBUG 7187 --- [contenttree] [           main] o.h.boot.model.internal.EntityBinder     : Bind entity com.contenttree.StaticCount.Region on table region
2024-12-13T18:05:44.659+05:30 DEBUG 7187 --- [contenttree] [           main] o.h.boot.model.internal.AnnotatedColumn  : Binding column: AnnotatedDiscriminatorColumn(column='DTYPE')
2024-12-13T18:05:44.659+05:30 DEBUG 7187 --- [contenttree] [           main] o.h.boot.model.internal.AnnotatedColumn  : Binding column: AnnotatedColumn()
2024-12-13T18:05:44.660+05:30 DEBUG 7187 --- [contenttree] [           main] o.h.boot.internal.ClassLoaderAccessImpl  : Not known whether passed class name [com.contenttree.StaticCount.Region] is safe
2024-12-13T18:05:44.660+05:30 DEBUG 7187 --- [contenttree] [           main] o.h.boot.internal.ClassLoaderAccessImpl  : No temp ClassLoader provided; using live ClassLoader for loading potentially unsafe class : com.contenttree.StaticCount.Region
2024-12-13T18:05:44.660+05:30 DEBUG 7187 --- [contenttree] [           main] o.h.boot.model.internal.PropertyBinder   : MetadataSourceProcessor property id with lazy=false
2024-12-13T18:05:44.660+05:30 DEBUG 7187 --- [contenttree] [           main] o.h.b.m.internal.AbstractPropertyHolder  : Attempting to locate auto-apply AttributeConverter for property [com.contenttree.StaticCount.Region:id]
2024-12-13T18:05:44.660+05:30 DEBUG 7187 --- [contenttree] [           main] o.h.b.model.internal.BasicValueBinder    : building BasicValue for id
2024-12-13T18:05:44.660+05:30 DEBUG 7187 --- [contenttree] [           main] org.hibernate.mapping.BasicValue         : Skipping column re-registration: region.id
2024-12-13T18:05:44.660+05:30 DEBUG 7187 --- [contenttree] [           main] o.h.boot.model.internal.PropertyBinder   : Building property id
2024-12-13T18:05:44.660+05:30 DEBUG 7187 --- [contenttree] [           main] o.h.boot.model.internal.BinderHelper     : #makeIdGenerator(BasicValue([Column(id)]), id, identity, , ...)
2024-12-13T18:05:44.660+05:30 DEBUG 7187 --- [contenttree] [           main] o.h.boot.model.internal.AnnotatedColumn  : Binding column: AnnotatedColumn()
2024-12-13T18:05:44.660+05:30 DEBUG 7187 --- [contenttree] [           main] o.h.boot.model.internal.PropertyBinder   : MetadataSourceProcessor property countryName with lazy=false
2024-12-13T18:05:44.660+05:30 DEBUG 7187 --- [contenttree] [           main] o.h.b.m.internal.AbstractPropertyHolder  : Attempting to locate auto-apply AttributeConverter for property [com.contenttree.StaticCount.Region:countryName]
2024-12-13T18:05:44.660+05:30 DEBUG 7187 --- [contenttree] [           main] o.h.b.model.internal.BasicValueBinder    : building BasicValue for countryName
2024-12-13T18:05:44.660+05:30 DEBUG 7187 --- [contenttree] [           main] org.hibernate.mapping.BasicValue         : Skipping column re-registration: region.country_name
2024-12-13T18:05:44.660+05:30 DEBUG 7187 --- [contenttree] [           main] o.h.boot.model.internal.PropertyBinder   : Building property countryName
2024-12-13T18:05:44.660+05:30 DEBUG 7187 --- [contenttree] [           main] o.h.boot.model.internal.AnnotatedColumn  : Binding column: AnnotatedColumn()
2024-12-13T18:05:44.660+05:30 DEBUG 7187 --- [contenttree] [           main] o.h.boot.model.internal.PropertyBinder   : MetadataSourceProcessor property dt1 with lazy=false
2024-12-13T18:05:44.660+05:30 DEBUG 7187 --- [contenttree] [           main] o.h.b.m.internal.AbstractPropertyHolder  : Attempting to locate auto-apply AttributeConverter for property [com.contenttree.StaticCount.Region:dt1]
2024-12-13T18:05:44.660+05:30 DEBUG 7187 --- [contenttree] [           main] o.h.b.model.internal.BasicValueBinder    : building BasicValue for dt1
2024-12-13T18:05:44.660+05:30 DEBUG 7187 --- [contenttree] [           main] org.hibernate.mapping.BasicValue         : Skipping column re-registration: region.dt1
2024-12-13T18:05:44.660+05:30 DEBUG 7187 --- [contenttree] [           main] o.h.boot.model.internal.PropertyBinder   : Building property dt1
2024-12-13T18:05:44.660+05:30 DEBUG 7187 --- [contenttree] [           main] o.h.boot.model.internal.AnnotatedColumn  : Binding column: AnnotatedColumn()
2024-12-13T18:05:44.660+05:30 DEBUG 7187 --- [contenttree] [           main] o.h.boot.model.internal.PropertyBinder   : MetadataSourceProcessor property percent with lazy=false
2024-12-13T18:05:44.660+05:30 DEBUG 7187 --- [contenttree] [           main] o.h.b.m.internal.AbstractPropertyHolder  : Attempting to locate auto-apply AttributeConverter for property [com.contenttree.StaticCount.Region:percent]
2024-12-13T18:05:44.660+05:30 DEBUG 7187 --- [contenttree] [           main] o.h.b.model.internal.BasicValueBinder    : building BasicValue for percent
2024-12-13T18:05:44.660+05:30 DEBUG 7187 --- [contenttree] [           main] org.hibernate.mapping.BasicValue         : Skipping column re-registration: region.percent
2024-12-13T18:05:44.660+05:30 DEBUG 7187 --- [contenttree] [           main] o.h.boot.model.internal.PropertyBinder   : Building property percent
2024-12-13T18:05:44.660+05:30 DEBUG 7187 --- [contenttree] [           main] o.h.b.r.c.i.ClassLoaderServiceImpl       : HHH000194: Package not found or no package-info.java: com.contenttree.StaticCount
2024-12-13T18:05:44.660+05:30 DEBUG 7187 --- [contenttree] [           main] e.i.CallbackDefinitionResolverLegacyImpl : Adding prepersist as PrePersist callback for entity com.contenttree.StaticCount.Region
2024-12-13T18:05:44.661+05:30 DEBUG 7187 --- [contenttree] [           main] o.h.boot.model.internal.EntityBinder     : Binding entity from annotated class: com.contenttree.StaticCount.StaticCount
2024-12-13T18:05:44.661+05:30 DEBUG 7187 --- [contenttree] [           main] o.h.boot.model.internal.EntityBinder     : Import with entity name StaticCount
2024-12-13T18:05:44.661+05:30 DEBUG 7187 --- [contenttree] [           main] o.h.boot.model.internal.EntityBinder     : Bind entity com.contenttree.StaticCount.StaticCount on table static_count
2024-12-13T18:05:44.661+05:30 DEBUG 7187 --- [contenttree] [           main] o.h.boot.model.internal.AnnotatedColumn  : Binding column: AnnotatedDiscriminatorColumn(column='DTYPE')
2024-12-13T18:05:44.661+05:30 DEBUG 7187 --- [contenttree] [           main] o.h.boot.model.internal.AnnotatedColumn  : Binding column: AnnotatedColumn()
2024-12-13T18:05:44.661+05:30 DEBUG 7187 --- [contenttree] [           main] o.h.boot.internal.ClassLoaderAccessImpl  : Not known whether passed class name [com.contenttree.StaticCount.StaticCount] is safe
2024-12-13T18:05:44.661+05:30 DEBUG 7187 --- [contenttree] [           main] o.h.boot.internal.ClassLoaderAccessImpl  : No temp ClassLoader provided; using live ClassLoader for loading potentially unsafe class : com.contenttree.StaticCount.StaticCount
2024-12-13T18:05:44.661+05:30 DEBUG 7187 --- [contenttree] [           main] o.h.boot.model.internal.PropertyBinder   : MetadataSourceProcessor property id with lazy=false
2024-12-13T18:05:44.661+05:30 DEBUG 7187 --- [contenttree] [           main] o.h.b.m.internal.AbstractPropertyHolder  : Attempting to locate auto-apply AttributeConverter for property [com.contenttree.StaticCount.StaticCount:id]
2024-12-13T18:05:44.661+05:30 DEBUG 7187 --- [contenttree] [           main] o.h.b.model.internal.BasicValueBinder    : building BasicValue for id
2024-12-13T18:05:44.661+05:30 DEBUG 7187 --- [contenttree] [           main] org.hibernate.mapping.BasicValue         : Skipping column re-registration: static_count.id
2024-12-13T18:05:44.662+05:30 DEBUG 7187 --- [contenttree] [           main] o.h.boot.model.internal.PropertyBinder   : Building property id
2024-12-13T18:05:44.662+05:30 DEBUG 7187 --- [contenttree] [           main] o.h.boot.model.internal.BinderHelper     : #makeIdGenerator(BasicValue([Column(id)]), id, identity, , ...)
2024-12-13T18:05:44.662+05:30 DEBUG 7187 --- [contenttree] [           main] o.h.boot.model.internal.AnnotatedColumn  : Binding column: AnnotatedColumn()
2024-12-13T18:05:44.662+05:30 DEBUG 7187 --- [contenttree] [           main] o.h.boot.model.internal.PropertyBinder   : MetadataSourceProcessor property categoryCount with lazy=false
2024-12-13T18:05:44.662+05:30 DEBUG 7187 --- [contenttree] [           main] o.h.b.m.internal.AbstractPropertyHolder  : Attempting to locate auto-apply AttributeConverter for property [com.contenttree.StaticCount.StaticCount:categoryCount]
2024-12-13T18:05:44.662+05:30 DEBUG 7187 --- [contenttree] [           main] o.h.b.model.internal.BasicValueBinder    : building BasicValue for categoryCount
2024-12-13T18:05:44.662+05:30 DEBUG 7187 --- [contenttree] [           main] org.hibernate.mapping.BasicValue         : Skipping column re-registration: static_count.category_count
2024-12-13T18:05:44.662+05:30 DEBUG 7187 --- [contenttree] [           main] o.h.boot.model.internal.PropertyBinder   : Building property categoryCount
2024-12-13T18:05:44.662+05:30 DEBUG 7187 --- [contenttree] [           main] o.h.boot.model.internal.AnnotatedColumn  : Binding column: AnnotatedColumn()
2024-12-13T18:05:44.662+05:30 DEBUG 7187 --- [contenttree] [           main] o.h.boot.model.internal.PropertyBinder   : MetadataSourceProcessor property dt1 with lazy=false
2024-12-13T18:05:44.662+05:30 DEBUG 7187 --- [contenttree] [           main] o.h.b.m.internal.AbstractPropertyHolder  : Attempting to locate auto-apply AttributeConverter for property [com.contenttree.StaticCount.StaticCount:dt1]
2024-12-13T18:05:44.662+05:30 DEBUG 7187 --- [contenttree] [           main] o.h.b.model.internal.BasicValueBinder    : building BasicValue for dt1
2024-12-13T18:05:44.662+05:30 DEBUG 7187 --- [contenttree] [           main] org.hibernate.mapping.BasicValue         : Skipping column re-registration: static_count.dt1
2024-12-13T18:05:44.663+05:30 DEBUG 7187 --- [contenttree] [           main] o.h.boot.model.internal.PropertyBinder   : Building property dt1
2024-12-13T18:05:44.663+05:30 DEBUG 7187 --- [contenttree] [           main] o.h.boot.model.internal.AnnotatedColumn  : Binding column: AnnotatedColumn()
2024-12-13T18:05:44.663+05:30 DEBUG 7187 --- [contenttree] [           main] o.h.boot.model.internal.PropertyBinder   : MetadataSourceProcessor property usersCount with lazy=false
2024-12-13T18:05:44.663+05:30 DEBUG 7187 --- [contenttree] [           main] o.h.b.m.internal.AbstractPropertyHolder  : Attempting to locate auto-apply AttributeConverter for property [com.contenttree.StaticCount.StaticCount:usersCount]
2024-12-13T18:05:44.663+05:30 DEBUG 7187 --- [contenttree] [           main] o.h.b.model.internal.BasicValueBinder    : building BasicValue for usersCount
2024-12-13T18:05:44.663+05:30 DEBUG 7187 --- [contenttree] [           main] org.hibernate.mapping.BasicValue         : Skipping column re-registration: static_count.users_count
2024-12-13T18:05:44.663+05:30 DEBUG 7187 --- [contenttree] [           main] o.h.boot.model.internal.PropertyBinder   : Building property usersCount
2024-12-13T18:05:44.663+05:30 DEBUG 7187 --- [contenttree] [           main] o.h.boot.model.internal.AnnotatedColumn  : Binding column: AnnotatedColumn()
2024-12-13T18:05:44.663+05:30 DEBUG 7187 --- [contenttree] [           main] o.h.boot.model.internal.PropertyBinder   : MetadataSourceProcessor property vendorsCount with lazy=false
2024-12-13T18:05:44.663+05:30 DEBUG 7187 --- [contenttree] [           main] o.h.b.m.internal.AbstractPropertyHolder  : Attempting to locate auto-apply AttributeConverter for property [com.contenttree.StaticCount.StaticCount:vendorsCount]
2024-12-13T18:05:44.663+05:30 DEBUG 7187 --- [contenttree] [           main] o.h.b.model.internal.BasicValueBinder    : building BasicValue for vendorsCount
2024-12-13T18:05:44.663+05:30 DEBUG 7187 --- [contenttree] [           main] org.hibernate.mapping.BasicValue         : Skipping column re-registration: static_count.vendors_count
2024-12-13T18:05:44.663+05:30 DEBUG 7187 --- [contenttree] [           main] o.h.boot.model.internal.PropertyBinder   : Building property vendorsCount
2024-12-13T18:05:44.663+05:30 DEBUG 7187 --- [contenttree] [           main] o.h.boot.model.internal.AnnotatedColumn  : Binding column: AnnotatedColumn()
2024-12-13T18:05:44.663+05:30 DEBUG 7187 --- [contenttree] [           main] o.h.boot.model.internal.PropertyBinder   : MetadataSourceProcessor property whitePaperCount with lazy=false
2024-12-13T18:05:44.663+05:30 DEBUG 7187 --- [contenttree] [           main] o.h.b.m.internal.AbstractPropertyHolder  : Attempting to locate auto-apply AttributeConverter for property [com.contenttree.StaticCount.StaticCount:whitePaperCount]
2024-12-13T18:05:44.663+05:30 DEBUG 7187 --- [contenttree] [           main] o.h.b.model.internal.BasicValueBinder    : building BasicValue for whitePaperCount
2024-12-13T18:05:44.663+05:30 DEBUG 7187 --- [contenttree] [           main] org.hibernate.mapping.BasicValue         : Skipping column re-registration: static_count.white_paper_count
2024-12-13T18:05:44.663+05:30 DEBUG 7187 --- [contenttree] [           main] o.h.boot.model.internal.PropertyBinder   : Building property whitePaperCount
2024-12-13T18:05:44.664+05:30 DEBUG 7187 --- [contenttree] [           main] o.h.b.r.c.i.ClassLoaderServiceImpl       : HHH000194: Package not found or no package-info.java: com.contenttree.StaticCount
2024-12-13T18:05:44.664+05:30 DEBUG 7187 --- [contenttree] [           main] e.i.CallbackDefinitionResolverLegacyImpl : Adding prePersist as PrePersist callback for entity com.contenttree.StaticCount.StaticCount
2024-12-13T18:05:44.664+05:30 DEBUG 7187 --- [contenttree] [           main] o.h.boot.model.internal.EntityBinder     : Binding entity from annotated class: com.contenttree.admin.Admin
2024-12-13T18:05:44.664+05:30 DEBUG 7187 --- [contenttree] [           main] o.h.boot.model.internal.EntityBinder     : Import with entity name Admin
2024-12-13T18:05:44.664+05:30 DEBUG 7187 --- [contenttree] [           main] o.h.boot.model.internal.EntityBinder     : Bind entity com.contenttree.admin.Admin on table admin
2024-12-13T18:05:44.664+05:30 DEBUG 7187 --- [contenttree] [           main] o.h.boot.model.internal.AnnotatedColumn  : Binding column: AnnotatedDiscriminatorColumn(column='DTYPE')
2024-12-13T18:05:44.666+05:30 DEBUG 7187 --- [contenttree] [           main] o.h.boot.model.internal.AnnotatedColumn  : Binding column: AnnotatedColumn()
2024-12-13T18:05:44.666+05:30 DEBUG 7187 --- [contenttree] [           main] o.h.boot.internal.ClassLoaderAccessImpl  : Not known whether passed class name [com.contenttree.admin.Admin] is safe
2024-12-13T18:05:44.666+05:30 DEBUG 7187 --- [contenttree] [           main] o.h.boot.internal.ClassLoaderAccessImpl  : No temp ClassLoader provided; using live ClassLoader for loading potentially unsafe class : com.contenttree.admin.Admin
2024-12-13T18:05:44.666+05:30 DEBUG 7187 --- [contenttree] [           main] o.h.boot.model.internal.PropertyBinder   : MetadataSourceProcessor property id with lazy=false
2024-12-13T18:05:44.666+05:30 DEBUG 7187 --- [contenttree] [           main] o.h.b.m.internal.AbstractPropertyHolder  : Attempting to locate auto-apply AttributeConverter for property [com.contenttree.admin.Admin:id]
2024-12-13T18:05:44.666+05:30 DEBUG 7187 --- [contenttree] [           main] o.h.b.model.internal.BasicValueBinder    : building BasicValue for id
2024-12-13T18:05:44.666+05:30 DEBUG 7187 --- [contenttree] [           main] org.hibernate.mapping.BasicValue         : Skipping column re-registration: admin.id
2024-12-13T18:05:44.666+05:30 DEBUG 7187 --- [contenttree] [           main] o.h.boot.model.internal.PropertyBinder   : Building property id
2024-12-13T18:05:44.666+05:30 DEBUG 7187 --- [contenttree] [           main] o.h.boot.model.internal.BinderHelper     : #makeIdGenerator(BasicValue([Column(id)]), id, identity, , ...)
2024-12-13T18:05:44.666+05:30 DEBUG 7187 --- [contenttree] [           main] o.h.boot.model.internal.AnnotatedColumn  : Binding column: AnnotatedJoinColumn()
2024-12-13T18:05:44.667+05:30 DEBUG 7187 --- [contenttree] [           main] o.h.boot.model.internal.AnnotatedColumn  : Binding column: AnnotatedColumn()
2024-12-13T18:05:44.667+05:30 DEBUG 7187 --- [contenttree] [           main] o.h.boot.model.internal.AnnotatedColumn  : Binding column: IndexColumn(column='blogs_ORDER')
2024-12-13T18:05:44.667+05:30 DEBUG 7187 --- [contenttree] [           main] o.h.boot.model.internal.AnnotatedColumn  : Binding column: AnnotatedColumn()
2024-12-13T18:05:44.667+05:30 DEBUG 7187 --- [contenttree] [           main] o.h.boot.model.internal.AnnotatedColumn  : Binding column: AnnotatedColumn(column='blogs_KEY')
2024-12-13T18:05:44.667+05:30 DEBUG 7187 --- [contenttree] [           main] o.h.boot.model.internal.AnnotatedColumn  : Binding column: AnnotatedJoinColumn(column='blogs_KEY')
2024-12-13T18:05:44.667+05:30 DEBUG 7187 --- [contenttree] [           main] o.h.boot.model.internal.AnnotatedColumn  : Binding column: AnnotatedJoinColumn()
2024-12-13T18:05:44.667+05:30 DEBUG 7187 --- [contenttree] [           main] o.h.boot.model.internal.AnnotatedColumn  : Binding column: AnnotatedJoinColumn()
2024-12-13T18:05:44.667+05:30 DEBUG 7187 --- [contenttree] [           main] o.h.b.model.internal.CollectionBinder    : Collection role: com.contenttree.admin.Admin.blogs
2024-12-13T18:05:44.667+05:30 DEBUG 7187 --- [contenttree] [           main] o.h.boot.model.internal.PropertyBinder   : Building property blogs
2024-12-13T18:05:44.667+05:30 DEBUG 7187 --- [contenttree] [           main] o.h.boot.model.internal.AnnotatedColumn  : Binding column: AnnotatedJoinColumn()
2024-12-13T18:05:44.667+05:30 DEBUG 7187 --- [contenttree] [           main] o.h.boot.model.internal.AnnotatedColumn  : Binding column: AnnotatedColumn()
2024-12-13T18:05:44.667+05:30 DEBUG 7187 --- [contenttree] [           main] o.h.boot.model.internal.AnnotatedColumn  : Binding column: IndexColumn(column='campaignList_ORDER')
2024-12-13T18:05:44.667+05:30 DEBUG 7187 --- [contenttree] [           main] o.h.boot.model.internal.AnnotatedColumn  : Binding column: AnnotatedColumn()
2024-12-13T18:05:44.667+05:30 DEBUG 7187 --- [contenttree] [           main] o.h.boot.model.internal.AnnotatedColumn  : Binding column: AnnotatedColumn(column='campaignList_KEY')
2024-12-13T18:05:44.667+05:30 DEBUG 7187 --- [contenttree] [           main] o.h.boot.model.internal.AnnotatedColumn  : Binding column: AnnotatedJoinColumn(column='campaignList_KEY')
2024-12-13T18:05:44.667+05:30 DEBUG 7187 --- [contenttree] [           main] o.h.boot.model.internal.AnnotatedColumn  : Binding column: AnnotatedJoinColumn()
2024-12-13T18:05:44.667+05:30 DEBUG 7187 --- [contenttree] [           main] o.h.boot.model.internal.AnnotatedColumn  : Binding column: AnnotatedJoinColumn()
2024-12-13T18:05:44.667+05:30 DEBUG 7187 --- [contenttree] [           main] o.h.b.model.internal.CollectionBinder    : Collection role: com.contenttree.admin.Admin.campaignList
2024-12-13T18:05:44.667+05:30 DEBUG 7187 --- [contenttree] [           main] o.h.boot.model.internal.PropertyBinder   : Building property campaignList
2024-12-13T18:05:44.667+05:30 DEBUG 7187 --- [contenttree] [           main] o.h.boot.model.internal.AnnotatedColumn  : Binding column: AnnotatedColumn()
2024-12-13T18:05:44.667+05:30 DEBUG 7187 --- [contenttree] [           main] o.h.boot.model.internal.PropertyBinder   : MetadataSourceProcessor property dt1 with lazy=false
2024-12-13T18:05:44.667+05:30 DEBUG 7187 --- [contenttree] [           main] o.h.b.m.internal.AbstractPropertyHolder  : Attempting to locate auto-apply AttributeConverter for property [com.contenttree.admin.Admin:dt1]
2024-12-13T18:05:44.667+05:30 DEBUG 7187 --- [contenttree] [           main] o.h.b.model.internal.BasicValueBinder    : building BasicValue for dt1
2024-12-13T18:05:44.667+05:30 DEBUG 7187 --- [contenttree] [           main] org.hibernate.mapping.BasicValue         : Skipping column re-registration: admin.dt1
2024-12-13T18:05:44.667+05:30 DEBUG 7187 --- [contenttree] [           main] o.h.boot.model.internal.PropertyBinder   : Building property dt1
2024-12-13T18:05:44.670+05:30 DEBUG 7187 --- [contenttree] [           main] o.h.boot.model.internal.AnnotatedColumn  : Binding column: AnnotatedColumn()
2024-12-13T18:05:44.670+05:30 DEBUG 7187 --- [contenttree] [           main] o.h.boot.model.internal.PropertyBinder   : MetadataSourceProcessor property email with lazy=false
2024-12-13T18:05:44.670+05:30 DEBUG 7187 --- [contenttree] [           main] o.h.b.m.internal.AbstractPropertyHolder  : Attempting to locate auto-apply AttributeConverter for property [com.contenttree.admin.Admin:email]
2024-12-13T18:05:44.670+05:30 DEBUG 7187 --- [contenttree] [           main] o.h.b.model.internal.BasicValueBinder    : building BasicValue for email
2024-12-13T18:05:44.670+05:30 DEBUG 7187 --- [contenttree] [           main] org.hibernate.mapping.BasicValue         : Skipping column re-registration: admin.email
2024-12-13T18:05:44.670+05:30 DEBUG 7187 --- [contenttree] [           main] o.h.boot.model.internal.PropertyBinder   : Building property email
2024-12-13T18:05:44.670+05:30 DEBUG 7187 --- [contenttree] [           main] o.h.boot.model.internal.AnnotatedColumn  : Binding column: AnnotatedJoinColumn()
2024-12-13T18:05:44.670+05:30 DEBUG 7187 --- [contenttree] [           main] o.h.boot.model.internal.AnnotatedColumn  : Binding column: AnnotatedColumn()
2024-12-13T18:05:44.670+05:30 DEBUG 7187 --- [contenttree] [           main] o.h.boot.model.internal.AnnotatedColumn  : Binding column: IndexColumn(column='events_ORDER')
2024-12-13T18:05:44.670+05:30 DEBUG 7187 --- [contenttree] [           main] o.h.boot.model.internal.AnnotatedColumn  : Binding column: AnnotatedColumn()
2024-12-13T18:05:44.670+05:30 DEBUG 7187 --- [contenttree] [           main] o.h.boot.model.internal.AnnotatedColumn  : Binding column: AnnotatedColumn(column='events_KEY')
2024-12-13T18:05:44.670+05:30 DEBUG 7187 --- [contenttree] [           main] o.h.boot.model.internal.AnnotatedColumn  : Binding column: AnnotatedJoinColumn(column='events_KEY')
2024-12-13T18:05:44.670+05:30 DEBUG 7187 --- [contenttree] [           main] o.h.boot.model.internal.AnnotatedColumn  : Binding column: AnnotatedJoinColumn()
2024-12-13T18:05:44.670+05:30 DEBUG 7187 --- [contenttree] [           main] o.h.boot.model.internal.AnnotatedColumn  : Binding column: AnnotatedJoinColumn()
2024-12-13T18:05:44.670+05:30 DEBUG 7187 --- [contenttree] [           main] o.h.b.model.internal.CollectionBinder    : Collection role: com.contenttree.admin.Admin.events
2024-12-13T18:05:44.671+05:30 DEBUG 7187 --- [contenttree] [           main] o.h.boot.model.internal.PropertyBinder   : Building property events
2024-12-13T18:05:44.671+05:30 DEBUG 7187 --- [contenttree] [           main] o.h.boot.model.internal.AnnotatedColumn  : Binding column: AnnotatedColumn()
2024-12-13T18:05:44.671+05:30 DEBUG 7187 --- [contenttree] [           main] o.h.boot.model.internal.PropertyBinder   : MetadataSourceProcessor property location with lazy=false
2024-12-13T18:05:44.671+05:30 DEBUG 7187 --- [contenttree] [           main] o.h.b.m.internal.AbstractPropertyHolder  : Attempting to locate auto-apply AttributeConverter for property [com.contenttree.admin.Admin:location]
2024-12-13T18:05:44.671+05:30 DEBUG 7187 --- [contenttree] [           main] o.h.b.model.internal.BasicValueBinder    : building BasicValue for location
2024-12-13T18:05:44.671+05:30 DEBUG 7187 --- [contenttree] [           main] org.hibernate.mapping.BasicValue         : Skipping column re-registration: admin.location
2024-12-13T18:05:44.671+05:30 DEBUG 7187 --- [contenttree] [           main] o.h.boot.model.internal.PropertyBinder   : Building property location
2024-12-13T18:05:44.671+05:30 DEBUG 7187 --- [contenttree] [           main] o.h.boot.model.internal.AnnotatedColumn  : Binding column: AnnotatedColumn()
2024-12-13T18:05:44.671+05:30 DEBUG 7187 --- [contenttree] [           main] o.h.boot.model.internal.PropertyBinder   : MetadataSourceProcessor property name with lazy=false
2024-12-13T18:05:44.671+05:30 DEBUG 7187 --- [contenttree] [           main] o.h.b.m.internal.AbstractPropertyHolder  : Attempting to locate auto-apply AttributeConverter for property [com.contenttree.admin.Admin:name]
2024-12-13T18:05:44.671+05:30 DEBUG 7187 --- [contenttree] [           main] o.h.b.model.internal.BasicValueBinder    : building BasicValue for name
2024-12-13T18:05:44.671+05:30 DEBUG 7187 --- [contenttree] [           main] org.hibernate.mapping.BasicValue         : Skipping column re-registration: admin.name
2024-12-13T18:05:44.671+05:30 DEBUG 7187 --- [contenttree] [           main] o.h.boot.model.internal.PropertyBinder   : Building property name
2024-12-13T18:05:44.671+05:30 DEBUG 7187 --- [contenttree] [           main] o.h.boot.model.internal.AnnotatedColumn  : Binding column: AnnotatedJoinColumn()
2024-12-13T18:05:44.671+05:30 DEBUG 7187 --- [contenttree] [           main] o.h.boot.model.internal.AnnotatedColumn  : Binding column: AnnotatedColumn()
2024-12-13T18:05:44.671+05:30 DEBUG 7187 --- [contenttree] [           main] o.h.boot.model.internal.AnnotatedColumn  : Binding column: IndexColumn(column='newsLetters_ORDER')
2024-12-13T18:05:44.671+05:30 DEBUG 7187 --- [contenttree] [           main] o.h.boot.model.internal.AnnotatedColumn  : Binding column: AnnotatedColumn()
2024-12-13T18:05:44.671+05:30 DEBUG 7187 --- [contenttree] [           main] o.h.boot.model.internal.AnnotatedColumn  : Binding column: AnnotatedColumn(column='newsLetters_KEY')
2024-12-13T18:05:44.671+05:30 DEBUG 7187 --- [contenttree] [           main] o.h.boot.model.internal.AnnotatedColumn  : Binding column: AnnotatedJoinColumn(column='newsLetters_KEY')
2024-12-13T18:05:44.671+05:30 DEBUG 7187 --- [contenttree] [           main] o.h.boot.model.internal.AnnotatedColumn  : Binding column: AnnotatedJoinColumn()
2024-12-13T18:05:44.671+05:30 DEBUG 7187 --- [contenttree] [           main] o.h.boot.model.internal.AnnotatedColumn  : Binding column: AnnotatedJoinColumn()
2024-12-13T18:05:44.671+05:30 DEBUG 7187 --- [contenttree] [           main] o.h.b.model.internal.CollectionBinder    : Collection role: com.contenttree.admin.Admin.newsLetters
2024-12-13T18:05:44.671+05:30 DEBUG 7187 --- [contenttree] [           main] o.h.boot.model.internal.PropertyBinder   : Building property newsLetters
2024-12-13T18:05:44.671+05:30 DEBUG 7187 --- [contenttree] [           main] o.h.boot.model.internal.AnnotatedColumn  : Binding column: AnnotatedColumn()
2024-12-13T18:05:44.671+05:30 DEBUG 7187 --- [contenttree] [           main] o.h.boot.model.internal.PropertyBinder   : MetadataSourceProcessor property password with lazy=false
2024-12-13T18:05:44.671+05:30 DEBUG 7187 --- [contenttree] [           main] o.h.b.m.internal.AbstractPropertyHolder  : Attempting to locate auto-apply AttributeConverter for property [com.contenttree.admin.Admin:password]
2024-12-13T18:05:44.671+05:30 DEBUG 7187 --- [contenttree] [           main] o.h.b.model.internal.BasicValueBinder    : building BasicValue for password
2024-12-13T18:05:44.671+05:30 DEBUG 7187 --- [contenttree] [           main] org.hibernate.mapping.BasicValue         : Skipping column re-registration: admin.password
2024-12-13T18:05:44.671+05:30 DEBUG 7187 --- [contenttree] [           main] o.h.boot.model.internal.PropertyBinder   : Building property password
2024-12-13T18:05:44.671+05:30 DEBUG 7187 --- [contenttree] [           main] o.h.boot.model.internal.AnnotatedColumn  : Binding column: AnnotatedColumn()
2024-12-13T18:05:44.671+05:30 DEBUG 7187 --- [contenttree] [           main] o.h.boot.model.internal.PropertyBinder   : MetadataSourceProcessor property phone with lazy=false
2024-12-13T18:05:44.671+05:30 DEBUG 7187 --- [contenttree] [           main] o.h.b.m.internal.AbstractPropertyHolder  : Attempting to locate auto-apply AttributeConverter for property [com.contenttree.admin.Admin:phone]
2024-12-13T18:05:44.671+05:30 DEBUG 7187 --- [contenttree] [           main] o.h.b.model.internal.BasicValueBinder    : building BasicValue for phone
2024-12-13T18:05:44.671+05:30 DEBUG 7187 --- [contenttree] [           main] org.hibernate.mapping.BasicValue         : Skipping column re-registration: admin.phone
2024-12-13T18:05:44.671+05:30 DEBUG 7187 --- [contenttree] [           main] o.h.boot.model.internal.PropertyBinder   : Building property phone
2024-12-13T18:05:44.672+05:30 DEBUG 7187 --- [contenttree] [           main] o.h.boot.model.internal.AnnotatedColumn  : Binding column: AnnotatedColumn(column='role')
2024-12-13T18:05:44.672+05:30 DEBUG 7187 --- [contenttree] [           main] o.h.boot.model.internal.AnnotatedColumn  : Binding column: AnnotatedJoinColumn()
2024-12-13T18:05:44.672+05:30 DEBUG 7187 --- [contenttree] [           main] o.h.boot.model.internal.AnnotatedColumn  : Binding column: IndexColumn(column='role_ORDER')
2024-12-13T18:05:44.672+05:30 DEBUG 7187 --- [contenttree] [           main] o.h.boot.model.internal.AnnotatedColumn  : Binding column: AnnotatedColumn(column='role')
2024-12-13T18:05:44.672+05:30 DEBUG 7187 --- [contenttree] [           main] o.h.boot.model.internal.AnnotatedColumn  : Binding column: AnnotatedColumn(column='role_KEY')
2024-12-13T18:05:44.672+05:30 DEBUG 7187 --- [contenttree] [           main] o.h.boot.model.internal.AnnotatedColumn  : Binding column: AnnotatedJoinColumn(column='role_KEY')
2024-12-13T18:05:44.672+05:30 DEBUG 7187 --- [contenttree] [           main] o.h.boot.model.internal.AnnotatedColumn  : Binding column: AnnotatedJoinColumn(column='admin_id')
2024-12-13T18:05:44.672+05:30 DEBUG 7187 --- [contenttree] [           main] o.h.boot.model.internal.AnnotatedColumn  : Binding column: AnnotatedJoinColumn()
2024-12-13T18:05:44.672+05:30 DEBUG 7187 --- [contenttree] [           main] o.h.b.model.internal.CollectionBinder    : Collection role: com.contenttree.admin.Admin.role
2024-12-13T18:05:44.672+05:30 DEBUG 7187 --- [contenttree] [           main] o.h.boot.model.internal.PropertyBinder   : Building property role
2024-12-13T18:05:44.672+05:30 DEBUG 7187 --- [contenttree] [           main] o.h.boot.model.internal.AnnotatedColumn  : Binding column: AnnotatedJoinColumn()
2024-12-13T18:05:44.672+05:30 DEBUG 7187 --- [contenttree] [           main] o.h.boot.model.internal.AnnotatedColumn  : Binding column: AnnotatedColumn()
2024-12-13T18:05:44.672+05:30 DEBUG 7187 --- [contenttree] [           main] o.h.boot.model.internal.AnnotatedColumn  : Binding column: IndexColumn(column='webinars_ORDER')
2024-12-13T18:05:44.672+05:30 DEBUG 7187 --- [contenttree] [           main] o.h.boot.model.internal.AnnotatedColumn  : Binding column: AnnotatedColumn()
2024-12-13T18:05:44.672+05:30 DEBUG 7187 --- [contenttree] [           main] o.h.boot.model.internal.AnnotatedColumn  : Binding column: AnnotatedColumn(column='webinars_KEY')
2024-12-13T18:05:44.672+05:30 DEBUG 7187 --- [contenttree] [           main] o.h.boot.model.internal.AnnotatedColumn  : Binding column: AnnotatedJoinColumn(column='webinars_KEY')
2024-12-13T18:05:44.672+05:30 DEBUG 7187 --- [contenttree] [           main] o.h.boot.model.internal.AnnotatedColumn  : Binding column: AnnotatedJoinColumn()
2024-12-13T18:05:44.672+05:30 DEBUG 7187 --- [contenttree] [           main] o.h.boot.model.internal.AnnotatedColumn  : Binding column: AnnotatedJoinColumn()
2024-12-13T18:05:44.672+05:30 DEBUG 7187 --- [contenttree] [           main] o.h.b.model.internal.CollectionBinder    : Collection role: com.contenttree.admin.Admin.webinars
2024-12-13T18:05:44.672+05:30 DEBUG 7187 --- [contenttree] [           main] o.h.boot.model.internal.PropertyBinder   : Building property webinars
2024-12-13T18:05:44.672+05:30 DEBUG 7187 --- [contenttree] [           main] o.h.b.r.c.i.ClassLoaderServiceImpl       : HHH000194: Package not found or no package-info.java: com.contenttree.admin
2024-12-13T18:05:44.673+05:30 DEBUG 7187 --- [contenttree] [           main] e.i.CallbackDefinitionResolverLegacyImpl : Adding prePersist as PrePersist callback for entity com.contenttree.admin.Admin
2024-12-13T18:05:44.673+05:30 DEBUG 7187 --- [contenttree] [           main] o.h.boot.model.internal.EntityBinder     : Binding entity from annotated class: com.contenttree.banner.BannerEntity
2024-12-13T18:05:44.673+05:30 DEBUG 7187 --- [contenttree] [           main] o.h.boot.model.internal.EntityBinder     : Import with entity name BannerEntity
2024-12-13T18:05:44.673+05:30 DEBUG 7187 --- [contenttree] [           main] o.h.boot.model.internal.EntityBinder     : Bind entity com.contenttree.banner.BannerEntity on table banner_entity
2024-12-13T18:05:44.673+05:30 DEBUG 7187 --- [contenttree] [           main] o.h.boot.model.internal.AnnotatedColumn  : Binding column: AnnotatedDiscriminatorColumn(column='DTYPE')
2024-12-13T18:05:44.675+05:30 DEBUG 7187 --- [contenttree] [           main] o.h.boot.model.internal.AnnotatedColumn  : Binding column: AnnotatedColumn()
2024-12-13T18:05:44.675+05:30 DEBUG 7187 --- [contenttree] [           main] o.h.boot.internal.ClassLoaderAccessImpl  : Not known whether passed class name [com.contenttree.banner.BannerEntity] is safe
2024-12-13T18:05:44.675+05:30 DEBUG 7187 --- [contenttree] [           main] o.h.boot.internal.ClassLoaderAccessImpl  : No temp ClassLoader provided; using live ClassLoader for loading potentially unsafe class : com.contenttree.banner.BannerEntity
2024-12-13T18:05:44.675+05:30 DEBUG 7187 --- [contenttree] [           main] o.h.boot.model.internal.PropertyBinder   : MetadataSourceProcessor property id with lazy=false
2024-12-13T18:05:44.675+05:30 DEBUG 7187 --- [contenttree] [           main] o.h.b.m.internal.AbstractPropertyHolder  : Attempting to locate auto-apply AttributeConverter for property [com.contenttree.banner.BannerEntity:id]
2024-12-13T18:05:44.675+05:30 DEBUG 7187 --- [contenttree] [           main] o.h.b.model.internal.BasicValueBinder    : building BasicValue for id
2024-12-13T18:05:44.675+05:30 DEBUG 7187 --- [contenttree] [           main] org.hibernate.mapping.BasicValue         : Skipping column re-registration: banner_entity.id
2024-12-13T18:05:44.675+05:30 DEBUG 7187 --- [contenttree] [           main] o.h.boot.model.internal.PropertyBinder   : Building property id
2024-12-13T18:05:44.675+05:30 DEBUG 7187 --- [contenttree] [           main] o.h.boot.model.internal.BinderHelper     : #makeIdGenerator(BasicValue([Column(id)]), id, identity, , ...)
2024-12-13T18:05:44.675+05:30 DEBUG 7187 --- [contenttree] [           main] o.h.boot.model.internal.AnnotatedColumn  : Binding column: AnnotatedColumn()
2024-12-13T18:05:44.675+05:30 DEBUG 7187 --- [contenttree] [           main] o.h.boot.model.internal.PropertyBinder   : MetadataSourceProcessor property bannerType with lazy=false
2024-12-13T18:05:44.675+05:30 DEBUG 7187 --- [contenttree] [           main] o.h.b.m.internal.AbstractPropertyHolder  : Attempting to locate auto-apply AttributeConverter for property [com.contenttree.banner.BannerEntity:bannerType]
2024-12-13T18:05:44.675+05:30 DEBUG 7187 --- [contenttree] [           main] o.h.b.model.internal.BasicValueBinder    : building BasicValue for bannerType
2024-12-13T18:05:44.675+05:30 DEBUG 7187 --- [contenttree] [           main] org.hibernate.mapping.BasicValue         : Skipping column re-registration: banner_entity.banner_type
2024-12-13T18:05:44.675+05:30 DEBUG 7187 --- [contenttree] [           main] o.h.boot.model.internal.PropertyBinder   : Building property bannerType
2024-12-13T18:05:44.675+05:30 DEBUG 7187 --- [contenttree] [           main] o.h.boot.model.internal.AnnotatedColumn  : Binding column: AnnotatedColumn()
2024-12-13T18:05:44.675+05:30 DEBUG 7187 --- [contenttree] [           main] o.h.boot.model.internal.PropertyBinder   : MetadataSourceProcessor property dt1 with lazy=false
2024-12-13T18:05:44.675+05:30 DEBUG 7187 --- [contenttree] [           main] o.h.b.m.internal.AbstractPropertyHolder  : Attempting to locate auto-apply AttributeConverter for property [com.contenttree.banner.BannerEntity:dt1]
2024-12-13T18:05:44.675+05:30 DEBUG 7187 --- [contenttree] [           main] o.h.b.model.internal.BasicValueBinder    : building BasicValue for dt1
2024-12-13T18:05:44.675+05:30 DEBUG 7187 --- [contenttree] [           main] org.hibernate.mapping.BasicValue         : Skipping column re-registration: banner_entity.dt1
2024-12-13T18:05:44.675+05:30 DEBUG 7187 --- [contenttree] [           main] o.h.boot.model.internal.PropertyBinder   : Building property dt1
2024-12-13T18:05:44.675+05:30 DEBUG 7187 --- [contenttree] [           main] o.h.boot.model.internal.AnnotatedColumn  : Binding column: AnnotatedColumn()
2024-12-13T18:05:44.675+05:30 DEBUG 7187 --- [contenttree] [           main] o.h.boot.model.internal.PropertyBinder   : MetadataSourceProcessor property filePath with lazy=false
2024-12-13T18:05:44.675+05:30 DEBUG 7187 --- [contenttree] [           main] o.h.b.m.internal.AbstractPropertyHolder  : Attempting to locate auto-apply AttributeConverter for property [com.contenttree.banner.BannerEntity:filePath]
2024-12-13T18:05:44.675+05:30 DEBUG 7187 --- [contenttree] [           main] o.h.b.model.internal.BasicValueBinder    : building BasicValue for filePath
2024-12-13T18:05:44.675+05:30 DEBUG 7187 --- [contenttree] [           main] org.hibernate.mapping.BasicValue         : Skipping column re-registration: banner_entity.file_path
2024-12-13T18:05:44.675+05:30 DEBUG 7187 --- [contenttree] [           main] o.h.boot.model.internal.PropertyBinder   : Building property filePath
2024-12-13T18:05:44.675+05:30 DEBUG 7187 --- [contenttree] [           main] o.h.boot.model.internal.AnnotatedColumn  : Binding column: AnnotatedColumn()
2024-12-13T18:05:44.675+05:30 DEBUG 7187 --- [contenttree] [           main] o.h.boot.model.internal.PropertyBinder   : MetadataSourceProcessor property name with lazy=false
2024-12-13T18:05:44.675+05:30 DEBUG 7187 --- [contenttree] [           main] o.h.b.m.internal.AbstractPropertyHolder  : Attempting to locate auto-apply AttributeConverter for property [com.contenttree.banner.BannerEntity:name]
2024-12-13T18:05:44.675+05:30 DEBUG 7187 --- [contenttree] [           main] o.h.b.model.internal.BasicValueBinder    : building BasicValue for name
2024-12-13T18:05:44.675+05:30 DEBUG 7187 --- [contenttree] [           main] org.hibernate.mapping.BasicValue         : Skipping column re-registration: banner_entity.name
2024-12-13T18:05:44.675+05:30 DEBUG 7187 --- [contenttree] [           main] o.h.boot.model.internal.PropertyBinder   : Building property name
2024-12-13T18:05:44.676+05:30 DEBUG 7187 --- [contenttree] [           main] o.h.b.r.c.i.ClassLoaderServiceImpl       : HHH000194: Package not found or no package-info.java: com.contenttree.banner
2024-12-13T18:05:44.676+05:30 DEBUG 7187 --- [contenttree] [           main] e.i.CallbackDefinitionResolverLegacyImpl : Adding prepersist as PrePersist callback for entity com.contenttree.banner.BannerEntity
2024-12-13T18:05:44.676+05:30 DEBUG 7187 --- [contenttree] [           main] o.h.boot.model.internal.EntityBinder     : Binding entity from annotated class: com.contenttree.category.Category
2024-12-13T18:05:44.676+05:30 DEBUG 7187 --- [contenttree] [           main] o.h.boot.model.internal.EntityBinder     : Import with entity name Category
2024-12-13T18:05:44.676+05:30 DEBUG 7187 --- [contenttree] [           main] o.h.boot.model.internal.EntityBinder     : Bind entity com.contenttree.category.Category on table category
2024-12-13T18:05:44.676+05:30 DEBUG 7187 --- [contenttree] [           main] o.h.boot.model.internal.AnnotatedColumn  : Binding column: AnnotatedDiscriminatorColumn(column='DTYPE')
2024-12-13T18:05:44.677+05:30 DEBUG 7187 --- [contenttree] [           main] o.h.boot.model.internal.AnnotatedColumn  : Binding column: AnnotatedColumn()
2024-12-13T18:05:44.677+05:30 DEBUG 7187 --- [contenttree] [           main] o.h.boot.internal.ClassLoaderAccessImpl  : Not known whether passed class name [com.contenttree.category.Category] is safe
2024-12-13T18:05:44.677+05:30 DEBUG 7187 --- [contenttree] [           main] o.h.boot.internal.ClassLoaderAccessImpl  : No temp ClassLoader provided; using live ClassLoader for loading potentially unsafe class : com.contenttree.category.Category
2024-12-13T18:05:44.677+05:30 DEBUG 7187 --- [contenttree] [           main] o.h.boot.model.internal.PropertyBinder   : MetadataSourceProcessor property id with lazy=false
2024-12-13T18:05:44.677+05:30 DEBUG 7187 --- [contenttree] [           main] o.h.b.m.internal.AbstractPropertyHolder  : Attempting to locate auto-apply AttributeConverter for property [com.contenttree.category.Category:id]
2024-12-13T18:05:44.677+05:30 DEBUG 7187 --- [contenttree] [           main] o.h.b.model.internal.BasicValueBinder    : building BasicValue for id
2024-12-13T18:05:44.677+05:30 DEBUG 7187 --- [contenttree] [           main] org.hibernate.mapping.BasicValue         : Skipping column re-registration: category.id
2024-12-13T18:05:44.677+05:30 DEBUG 7187 --- [contenttree] [           main] o.h.boot.model.internal.PropertyBinder   : Building property id
2024-12-13T18:05:44.677+05:30 DEBUG 7187 --- [contenttree] [           main] o.h.boot.model.internal.BinderHelper     : #makeIdGenerator(BasicValue([Column(id)]), id, identity, , ...)
2024-12-13T18:05:44.677+05:30 DEBUG 7187 --- [contenttree] [           main] o.h.boot.model.internal.AnnotatedColumn  : Binding column: AnnotatedColumn()
2024-12-13T18:05:44.677+05:30 DEBUG 7187 --- [contenttree] [           main] o.h.boot.model.internal.PropertyBinder   : MetadataSourceProcessor property bannerPath with lazy=false
2024-12-13T18:05:44.677+05:30 DEBUG 7187 --- [contenttree] [           main] o.h.b.m.internal.AbstractPropertyHolder  : Attempting to locate auto-apply AttributeConverter for property [com.contenttree.category.Category:bannerPath]
2024-12-13T18:05:44.677+05:30 DEBUG 7187 --- [contenttree] [           main] o.h.b.model.internal.BasicValueBinder    : building BasicValue for bannerPath
2024-12-13T18:05:44.677+05:30 DEBUG 7187 --- [contenttree] [           main] org.hibernate.mapping.BasicValue         : Skipping column re-registration: category.banner_path
2024-12-13T18:05:44.677+05:30 DEBUG 7187 --- [contenttree] [           main] o.h.boot.model.internal.PropertyBinder   : Building property bannerPath
2024-12-13T18:05:44.677+05:30 DEBUG 7187 --- [contenttree] [           main] o.h.boot.model.internal.AnnotatedColumn  : Binding column: AnnotatedColumn()
2024-12-13T18:05:44.677+05:30 DEBUG 7187 --- [contenttree] [           main] o.h.boot.model.internal.PropertyBinder   : MetadataSourceProcessor property descp with lazy=false
2024-12-13T18:05:44.677+05:30 DEBUG 7187 --- [contenttree] [           main] o.h.b.m.internal.AbstractPropertyHolder  : Attempting to locate auto-apply AttributeConverter for property [com.contenttree.category.Category:descp]
2024-12-13T18:05:44.677+05:30 DEBUG 7187 --- [contenttree] [           main] o.h.b.model.internal.BasicValueBinder    : building BasicValue for descp
2024-12-13T18:05:44.677+05:30 DEBUG 7187 --- [contenttree] [           main] org.hibernate.mapping.BasicValue         : Skipping column re-registration: category.descp
2024-12-13T18:05:44.677+05:30 DEBUG 7187 --- [contenttree] [           main] o.h.boot.model.internal.PropertyBinder   : Building property descp
2024-12-13T18:05:44.677+05:30 DEBUG 7187 --- [contenttree] [           main] o.h.boot.model.internal.AnnotatedColumn  : Binding column: AnnotatedColumn()
2024-12-13T18:05:44.677+05:30 DEBUG 7187 --- [contenttree] [           main] o.h.boot.model.internal.PropertyBinder   : MetadataSourceProcessor property dt1 with lazy=false
2024-12-13T18:05:44.677+05:30 DEBUG 7187 --- [contenttree] [           main] o.h.b.m.internal.AbstractPropertyHolder  : Attempting to locate auto-apply AttributeConverter for property [com.contenttree.category.Category:dt1]
2024-12-13T18:05:44.677+05:30 DEBUG 7187 --- [contenttree] [           main] o.h.b.model.internal.BasicValueBinder    : building BasicValue for dt1
2024-12-13T18:05:44.677+05:30 DEBUG 7187 --- [contenttree] [           main] org.hibernate.mapping.BasicValue         : Skipping column re-registration: category.dt1
2024-12-13T18:05:44.678+05:30 DEBUG 7187 --- [contenttree] [           main] o.h.boot.model.internal.PropertyBinder   : Building property dt1
2024-12-13T18:05:44.678+05:30 DEBUG 7187 --- [contenttree] [           main] o.h.boot.model.internal.AnnotatedColumn  : Binding column: AnnotatedColumn()
2024-12-13T18:05:44.678+05:30 DEBUG 7187 --- [contenttree] [           main] o.h.boot.model.internal.PropertyBinder   : MetadataSourceProcessor property iconPath with lazy=false
2024-12-13T18:05:44.678+05:30 DEBUG 7187 --- [contenttree] [           main] o.h.b.m.internal.AbstractPropertyHolder  : Attempting to locate auto-apply AttributeConverter for property [com.contenttree.category.Category:iconPath]
2024-12-13T18:05:44.678+05:30 DEBUG 7187 --- [contenttree] [           main] o.h.b.model.internal.BasicValueBinder    : building BasicValue for iconPath
2024-12-13T18:05:44.678+05:30 DEBUG 7187 --- [contenttree] [           main] org.hibernate.mapping.BasicValue         : Skipping column re-registration: category.icon_path
2024-12-13T18:05:44.678+05:30 DEBUG 7187 --- [contenttree] [           main] o.h.boot.model.internal.PropertyBinder   : Building property iconPath
2024-12-13T18:05:44.678+05:30 DEBUG 7187 --- [contenttree] [           main] o.h.boot.model.internal.AnnotatedColumn  : Binding column: AnnotatedColumn()
2024-12-13T18:05:44.678+05:30 DEBUG 7187 --- [contenttree] [           main] o.h.boot.model.internal.PropertyBinder   : MetadataSourceProcessor property name with lazy=false
2024-12-13T18:05:44.678+05:30 DEBUG 7187 --- [contenttree] [           main] o.h.b.m.internal.AbstractPropertyHolder  : Attempting to locate auto-apply AttributeConverter for property [com.contenttree.category.Category:name]
2024-12-13T18:05:44.678+05:30 DEBUG 7187 --- [contenttree] [           main] o.h.b.model.internal.BasicValueBinder    : building BasicValue for name
2024-12-13T18:05:44.678+05:30 DEBUG 7187 --- [contenttree] [           main] org.hibernate.mapping.BasicValue         : Skipping column re-registration: category.name
2024-12-13T18:05:44.678+05:30 DEBUG 7187 --- [contenttree] [           main] o.h.boot.model.internal.PropertyBinder   : Building property name
2024-12-13T18:05:44.678+05:30 DEBUG 7187 --- [contenttree] [           main] o.h.boot.model.internal.AnnotatedColumn  : Binding column: AnnotatedJoinColumn()
2024-12-13T18:05:44.678+05:30 DEBUG 7187 --- [contenttree] [           main] o.h.boot.model.internal.AnnotatedColumn  : Binding column: AnnotatedColumn()
2024-12-13T18:05:44.678+05:30 DEBUG 7187 --- [contenttree] [           main] o.h.boot.model.internal.AnnotatedColumn  : Binding column: IndexColumn(column='solutionSets_ORDER')
2024-12-13T18:05:44.678+05:30 DEBUG 7187 --- [contenttree] [           main] o.h.boot.model.internal.AnnotatedColumn  : Binding column: AnnotatedColumn()
2024-12-13T18:05:44.678+05:30 DEBUG 7187 --- [contenttree] [           main] o.h.boot.model.internal.AnnotatedColumn  : Binding column: AnnotatedColumn(column='solutionSets_KEY')
2024-12-13T18:05:44.678+05:30 DEBUG 7187 --- [contenttree] [           main] o.h.boot.model.internal.AnnotatedColumn  : Binding column: AnnotatedJoinColumn(column='solutionSets_KEY')
2024-12-13T18:05:44.678+05:30 DEBUG 7187 --- [contenttree] [           main] o.h.boot.model.internal.AnnotatedColumn  : Binding column: AnnotatedJoinColumn()
2024-12-13T18:05:44.678+05:30 DEBUG 7187 --- [contenttree] [           main] o.h.boot.model.internal.AnnotatedColumn  : Binding column: AnnotatedJoinColumn()
2024-12-13T18:05:44.678+05:30 DEBUG 7187 --- [contenttree] [           main] o.h.b.model.internal.CollectionBinder    : Collection role: com.contenttree.category.Category.solutionSets
2024-12-13T18:05:44.678+05:30 DEBUG 7187 --- [contenttree] [           main] o.h.boot.model.internal.PropertyBinder   : Building property solutionSets
2024-12-13T18:05:44.678+05:30 DEBUG 7187 --- [contenttree] [           main] o.h.b.r.c.i.ClassLoaderServiceImpl       : HHH000194: Package not found or no package-info.java: com.contenttree.category
2024-12-13T18:05:44.679+05:30 DEBUG 7187 --- [contenttree] [           main] e.i.CallbackDefinitionResolverLegacyImpl : Adding prePersist as PrePersist callback for entity com.contenttree.category.Category
2024-12-13T18:05:44.679+05:30 DEBUG 7187 --- [contenttree] [           main] o.h.boot.model.internal.EntityBinder     : Binding entity from annotated class: com.contenttree.confirmationtoken.ConfirmationToken
2024-12-13T18:05:44.679+05:30 DEBUG 7187 --- [contenttree] [           main] o.h.boot.model.internal.EntityBinder     : Import with entity name ConfirmationToken
2024-12-13T18:05:44.679+05:30 DEBUG 7187 --- [contenttree] [           main] o.h.boot.model.internal.EntityBinder     : Bind entity com.contenttree.confirmationtoken.ConfirmationToken on table confirmation_token
2024-12-13T18:05:44.679+05:30 DEBUG 7187 --- [contenttree] [           main] o.h.boot.model.internal.AnnotatedColumn  : Binding column: AnnotatedDiscriminatorColumn(column='DTYPE')
2024-12-13T18:05:44.679+05:30 DEBUG 7187 --- [contenttree] [           main] o.h.boot.model.internal.AnnotatedColumn  : Binding column: AnnotatedColumn(column='token_id')
2024-12-13T18:05:44.679+05:30 DEBUG 7187 --- [contenttree] [           main] o.h.boot.internal.ClassLoaderAccessImpl  : Not known whether passed class name [com.contenttree.confirmationtoken.ConfirmationToken] is safe
2024-12-13T18:05:44.679+05:30 DEBUG 7187 --- [contenttree] [           main] o.h.boot.internal.ClassLoaderAccessImpl  : No temp ClassLoader provided; using live ClassLoader for loading potentially unsafe class : com.contenttree.confirmationtoken.ConfirmationToken
2024-12-13T18:05:44.679+05:30 DEBUG 7187 --- [contenttree] [           main] o.h.boot.model.internal.PropertyBinder   : MetadataSourceProcessor property tokenId with lazy=false
2024-12-13T18:05:44.679+05:30 DEBUG 7187 --- [contenttree] [           main] o.h.b.m.internal.AbstractPropertyHolder  : Attempting to locate auto-apply AttributeConverter for property [com.contenttree.confirmationtoken.ConfirmationToken:tokenId]
2024-12-13T18:05:44.679+05:30 DEBUG 7187 --- [contenttree] [           main] o.h.b.model.internal.BasicValueBinder    : building BasicValue for tokenId
2024-12-13T18:05:44.679+05:30 DEBUG 7187 --- [contenttree] [           main] org.hibernate.mapping.BasicValue         : Skipping column re-registration: confirmation_token.token_id
2024-12-13T18:05:44.680+05:30 DEBUG 7187 --- [contenttree] [           main] o.h.boot.model.internal.PropertyBinder   : Building property tokenId
2024-12-13T18:05:44.680+05:30 DEBUG 7187 --- [contenttree] [           main] o.h.boot.model.internal.BinderHelper     : #makeIdGenerator(BasicValue([Column(token_id)]), tokenId, identity, , ...)
2024-12-13T18:05:44.680+05:30 DEBUG 7187 --- [contenttree] [           main] o.h.boot.model.internal.AnnotatedColumn  : Binding column: AnnotatedColumn(column='confirmation_token')
2024-12-13T18:05:44.680+05:30 DEBUG 7187 --- [contenttree] [           main] o.h.boot.model.internal.PropertyBinder   : MetadataSourceProcessor property confirmationToken with lazy=false
2024-12-13T18:05:44.680+05:30 DEBUG 7187 --- [contenttree] [           main] o.h.b.m.internal.AbstractPropertyHolder  : Attempting to locate auto-apply AttributeConverter for property [com.contenttree.confirmationtoken.ConfirmationToken:confirmationToken]
2024-12-13T18:05:44.680+05:30 DEBUG 7187 --- [contenttree] [           main] o.h.b.model.internal.BasicValueBinder    : building BasicValue for confirmationToken
2024-12-13T18:05:44.680+05:30 DEBUG 7187 --- [contenttree] [           main] org.hibernate.mapping.BasicValue         : Skipping column re-registration: confirmation_token.confirmation_token
2024-12-13T18:05:44.680+05:30 DEBUG 7187 --- [contenttree] [           main] o.h.boot.model.internal.PropertyBinder   : Building property confirmationToken
2024-12-13T18:05:44.680+05:30 DEBUG 7187 --- [contenttree] [           main] o.h.boot.model.internal.AnnotatedColumn  : Binding column: AnnotatedColumn()
2024-12-13T18:05:44.680+05:30 DEBUG 7187 --- [contenttree] [           main] o.h.boot.model.internal.PropertyBinder   : MetadataSourceProcessor property createdDate with lazy=false
2024-12-13T18:05:44.680+05:30 DEBUG 7187 --- [contenttree] [           main] o.h.b.m.internal.AbstractPropertyHolder  : Attempting to locate auto-apply AttributeConverter for property [com.contenttree.confirmationtoken.ConfirmationToken:createdDate]
2024-12-13T18:05:44.680+05:30 DEBUG 7187 --- [contenttree] [           main] o.h.b.model.internal.BasicValueBinder    : building BasicValue for createdDate
2024-12-13T18:05:44.680+05:30 DEBUG 7187 --- [contenttree] [           main] org.hibernate.mapping.BasicValue         : Skipping column re-registration: confirmation_token.created_date
2024-12-13T18:05:44.680+05:30 DEBUG 7187 --- [contenttree] [           main] o.h.boot.model.internal.PropertyBinder   : Building property createdDate
2024-12-13T18:05:44.680+05:30 DEBUG 7187 --- [contenttree] [           main] o.h.boot.model.internal.AnnotatedColumn  : Binding column: AnnotatedJoinColumn(column='user_id')
2024-12-13T18:05:44.680+05:30 DEBUG 7187 --- [contenttree] [           main] o.h.boot.model.internal.AnnotatedColumn  : Binding column: AnnotatedColumn()
2024-12-13T18:05:44.680+05:30 DEBUG 7187 --- [contenttree] [           main] o.h.boot.model.internal.PropertyBinder   : Building property user
2024-12-13T18:05:44.680+05:30 DEBUG 7187 --- [contenttree] [           main] o.h.b.r.c.i.ClassLoaderServiceImpl       : HHH000194: Package not found or no package-info.java: com.contenttree.confirmationtoken
2024-12-13T18:05:44.680+05:30 DEBUG 7187 --- [contenttree] [           main] o.h.boot.model.internal.EntityBinder     : Binding entity from annotated class: com.contenttree.downloadlog.DownloadLog
2024-12-13T18:05:44.680+05:30 DEBUG 7187 --- [contenttree] [           main] o.h.boot.model.internal.EntityBinder     : Import with entity name DownloadLog
2024-12-13T18:05:44.680+05:30 DEBUG 7187 --- [contenttree] [           main] o.h.boot.model.internal.EntityBinder     : Bind entity com.contenttree.downloadlog.DownloadLog on table download_log
2024-12-13T18:05:44.681+05:30 DEBUG 7187 --- [contenttree] [           main] o.h.boot.model.internal.AnnotatedColumn  : Binding column: AnnotatedDiscriminatorColumn(column='DTYPE')
2024-12-13T18:05:44.681+05:30 DEBUG 7187 --- [contenttree] [           main] o.h.boot.model.internal.AnnotatedColumn  : Binding column: AnnotatedColumn()
2024-12-13T18:05:44.681+05:30 DEBUG 7187 --- [contenttree] [           main] o.h.boot.internal.ClassLoaderAccessImpl  : Not known whether passed class name [com.contenttree.downloadlog.DownloadLog] is safe
2024-12-13T18:05:44.681+05:30 DEBUG 7187 --- [contenttree] [           main] o.h.boot.internal.ClassLoaderAccessImpl  : No temp ClassLoader provided; using live ClassLoader for loading potentially unsafe class : com.contenttree.downloadlog.DownloadLog
2024-12-13T18:05:44.681+05:30 DEBUG 7187 --- [contenttree] [           main] o.h.boot.model.internal.PropertyBinder   : MetadataSourceProcessor property id with lazy=false
2024-12-13T18:05:44.681+05:30 DEBUG 7187 --- [contenttree] [           main] o.h.b.m.internal.AbstractPropertyHolder  : Attempting to locate auto-apply AttributeConverter for property [com.contenttree.downloadlog.DownloadLog:id]
2024-12-13T18:05:44.681+05:30 DEBUG 7187 --- [contenttree] [           main] o.h.b.model.internal.BasicValueBinder    : building BasicValue for id
2024-12-13T18:05:44.681+05:30 DEBUG 7187 --- [contenttree] [           main] org.hibernate.mapping.BasicValue         : Skipping column re-registration: download_log.id
2024-12-13T18:05:44.681+05:30 DEBUG 7187 --- [contenttree] [           main] o.h.boot.model.internal.PropertyBinder   : Building property id
2024-12-13T18:05:44.681+05:30 DEBUG 7187 --- [contenttree] [           main] o.h.boot.model.internal.BinderHelper     : #makeIdGenerator(BasicValue([Column(id)]), id, identity, , ...)
2024-12-13T18:05:44.681+05:30 DEBUG 7187 --- [contenttree] [           main] o.h.boot.model.internal.AnnotatedColumn  : Binding column: AnnotatedColumn()
2024-12-13T18:05:44.681+05:30 DEBUG 7187 --- [contenttree] [           main] o.h.boot.model.internal.PropertyBinder   : MetadataSourceProcessor property dt1 with lazy=false
2024-12-13T18:05:44.681+05:30 DEBUG 7187 --- [contenttree] [           main] o.h.b.m.internal.AbstractPropertyHolder  : Attempting to locate auto-apply AttributeConverter for property [com.contenttree.downloadlog.DownloadLog:dt1]
2024-12-13T18:05:44.681+05:30 DEBUG 7187 --- [contenttree] [           main] o.h.b.model.internal.BasicValueBinder    : building BasicValue for dt1
2024-12-13T18:05:44.681+05:30 DEBUG 7187 --- [contenttree] [           main] org.hibernate.mapping.BasicValue         : Skipping column re-registration: download_log.dt1
2024-12-13T18:05:44.681+05:30 DEBUG 7187 --- [contenttree] [           main] o.h.boot.model.internal.PropertyBinder   : Building property dt1
2024-12-13T18:05:44.681+05:30 DEBUG 7187 --- [contenttree] [           main] o.h.boot.model.internal.AnnotatedColumn  : Binding column: AnnotatedColumn()
2024-12-13T18:05:44.681+05:30 DEBUG 7187 --- [contenttree] [           main] o.h.boot.model.internal.PropertyBinder   : MetadataSourceProcessor property ipAddress with lazy=false
2024-12-13T18:05:44.681+05:30 DEBUG 7187 --- [contenttree] [           main] o.h.b.m.internal.AbstractPropertyHolder  : Attempting to locate auto-apply AttributeConverter for property [com.contenttree.downloadlog.DownloadLog:ipAddress]
2024-12-13T18:05:44.681+05:30 DEBUG 7187 --- [contenttree] [           main] o.h.b.model.internal.BasicValueBinder    : building BasicValue for ipAddress
2024-12-13T18:05:44.681+05:30 DEBUG 7187 --- [contenttree] [           main] org.hibernate.mapping.BasicValue         : Skipping column re-registration: download_log.ip_address
2024-12-13T18:05:44.681+05:30 DEBUG 7187 --- [contenttree] [           main] o.h.boot.model.internal.PropertyBinder   : Building property ipAddress
2024-12-13T18:05:44.681+05:30 DEBUG 7187 --- [contenttree] [           main] o.h.boot.model.internal.AnnotatedColumn  : Binding column: AnnotatedColumn()
2024-12-13T18:05:44.682+05:30 DEBUG 7187 --- [contenttree] [           main] o.h.boot.model.internal.PropertyBinder   : MetadataSourceProcessor property pdfId with lazy=false
2024-12-13T18:05:44.682+05:30 DEBUG 7187 --- [contenttree] [           main] o.h.b.m.internal.AbstractPropertyHolder  : Attempting to locate auto-apply AttributeConverter for property [com.contenttree.downloadlog.DownloadLog:pdfId]
2024-12-13T18:05:44.682+05:30 DEBUG 7187 --- [contenttree] [           main] o.h.b.model.internal.BasicValueBinder    : building BasicValue for pdfId
2024-12-13T18:05:44.682+05:30 DEBUG 7187 --- [contenttree] [           main] org.hibernate.mapping.BasicValue         : Skipping column re-registration: download_log.pdf_id
2024-12-13T18:05:44.682+05:30 DEBUG 7187 --- [contenttree] [           main] o.h.boot.model.internal.PropertyBinder   : Building property pdfId
2024-12-13T18:05:44.682+05:30 DEBUG 7187 --- [contenttree] [           main] o.h.boot.model.internal.AnnotatedColumn  : Binding column: AnnotatedJoinColumn(column='user_id')
2024-12-13T18:05:44.682+05:30 DEBUG 7187 --- [contenttree] [           main] o.h.boot.model.internal.AnnotatedColumn  : Binding column: AnnotatedColumn()
2024-12-13T18:05:44.682+05:30 DEBUG 7187 --- [contenttree] [           main] o.h.boot.model.internal.PropertyBinder   : Building property user
2024-12-13T18:05:44.682+05:30 DEBUG 7187 --- [contenttree] [           main] o.h.boot.model.internal.AnnotatedColumn  : Binding column: AnnotatedJoinColumn(column='vendor_id')
2024-12-13T18:05:44.682+05:30 DEBUG 7187 --- [contenttree] [           main] o.h.boot.model.internal.AnnotatedColumn  : Binding column: AnnotatedColumn()
2024-12-13T18:05:44.682+05:30 DEBUG 7187 --- [contenttree] [           main] o.h.boot.model.internal.PropertyBinder   : Building property vendor
2024-12-13T18:05:44.682+05:30 DEBUG 7187 --- [contenttree] [           main] o.h.b.r.c.i.ClassLoaderServiceImpl       : HHH000194: Package not found or no package-info.java: com.contenttree.downloadlog
2024-12-13T18:05:44.682+05:30 DEBUG 7187 --- [contenttree] [           main] o.h.boot.model.internal.EntityBinder     : Binding entity from annotated class: com.contenttree.solutionsets.SolutionSets
2024-12-13T18:05:44.682+05:30 DEBUG 7187 --- [contenttree] [           main] o.h.boot.model.internal.EntityBinder     : Import with entity name SolutionSets
2024-12-13T18:05:44.683+05:30 DEBUG 7187 --- [contenttree] [           main] o.h.boot.model.internal.EntityBinder     : Bind entity com.contenttree.solutionsets.SolutionSets on table solution_sets
2024-12-13T18:05:44.683+05:30 DEBUG 7187 --- [contenttree] [           main] o.h.boot.model.internal.AnnotatedColumn  : Binding column: AnnotatedDiscriminatorColumn(column='DTYPE')
2024-12-13T18:05:44.683+05:30 DEBUG 7187 --- [contenttree] [           main] o.h.boot.model.internal.AnnotatedColumn  : Binding column: AnnotatedColumn()
2024-12-13T18:05:44.683+05:30 DEBUG 7187 --- [contenttree] [           main] o.h.boot.internal.ClassLoaderAccessImpl  : Not known whether passed class name [com.contenttree.solutionsets.SolutionSets] is safe
2024-12-13T18:05:44.683+05:30 DEBUG 7187 --- [contenttree] [           main] o.h.boot.internal.ClassLoaderAccessImpl  : No temp ClassLoader provided; using live ClassLoader for loading potentially unsafe class : com.contenttree.solutionsets.SolutionSets
2024-12-13T18:05:44.683+05:30 DEBUG 7187 --- [contenttree] [           main] o.h.boot.model.internal.PropertyBinder   : MetadataSourceProcessor property id with lazy=false
2024-12-13T18:05:44.683+05:30 DEBUG 7187 --- [contenttree] [           main] o.h.b.m.internal.AbstractPropertyHolder  : Attempting to locate auto-apply AttributeConverter for property [com.contenttree.solutionsets.SolutionSets:id]
2024-12-13T18:05:44.683+05:30 DEBUG 7187 --- [contenttree] [           main] o.h.b.model.internal.BasicValueBinder    : building BasicValue for id
2024-12-13T18:05:44.683+05:30 DEBUG 7187 --- [contenttree] [           main] org.hibernate.mapping.BasicValue         : Skipping column re-registration: solution_sets.id
2024-12-13T18:05:44.683+05:30 DEBUG 7187 --- [contenttree] [           main] o.h.boot.model.internal.PropertyBinder   : Building property id
2024-12-13T18:05:44.683+05:30 DEBUG 7187 --- [contenttree] [           main] o.h.boot.model.internal.BinderHelper     : #makeIdGenerator(BasicValue([Column(id)]), id, identity, , ...)
2024-12-13T18:05:44.683+05:30 DEBUG 7187 --- [contenttree] [           main] o.h.boot.model.internal.AnnotatedColumn  : Binding column: AnnotatedJoinColumn(column='category_id')
2024-12-13T18:05:44.684+05:30 DEBUG 7187 --- [contenttree] [           main] o.h.boot.model.internal.AnnotatedColumn  : Binding column: AnnotatedColumn()
2024-12-13T18:05:44.684+05:30 DEBUG 7187 --- [contenttree] [           main] o.h.boot.model.internal.PropertyBinder   : Building property category
2024-12-13T18:05:44.684+05:30 DEBUG 7187 --- [contenttree] [           main] o.h.boot.model.internal.AnnotatedColumn  : Binding column: AnnotatedColumn()
2024-12-13T18:05:44.684+05:30 DEBUG 7187 --- [contenttree] [           main] o.h.boot.model.internal.PropertyBinder   : MetadataSourceProcessor property description with lazy=false
2024-12-13T18:05:44.684+05:30 DEBUG 7187 --- [contenttree] [           main] o.h.b.m.internal.AbstractPropertyHolder  : Attempting to locate auto-apply AttributeConverter for property [com.contenttree.solutionsets.SolutionSets:description]
2024-12-13T18:05:44.684+05:30 DEBUG 7187 --- [contenttree] [           main] o.h.b.model.internal.BasicValueBinder    : building BasicValue for description
2024-12-13T18:05:44.684+05:30 DEBUG 7187 --- [contenttree] [           main] org.hibernate.mapping.BasicValue         : Skipping column re-registration: solution_sets.description
2024-12-13T18:05:44.684+05:30 DEBUG 7187 --- [contenttree] [           main] o.h.boot.model.internal.PropertyBinder   : Building property description
2024-12-13T18:05:44.684+05:30 DEBUG 7187 --- [contenttree] [           main] o.h.boot.model.internal.AnnotatedColumn  : Binding column: AnnotatedColumn()
2024-12-13T18:05:44.684+05:30 DEBUG 7187 --- [contenttree] [           main] o.h.boot.model.internal.PropertyBinder   : MetadataSourceProcessor property dt1 with lazy=false
2024-12-13T18:05:44.684+05:30 DEBUG 7187 --- [contenttree] [           main] o.h.b.m.internal.AbstractPropertyHolder  : Attempting to locate auto-apply AttributeConverter for property [com.contenttree.solutionsets.SolutionSets:dt1]
2024-12-13T18:05:44.684+05:30 DEBUG 7187 --- [contenttree] [           main] o.h.b.model.internal.BasicValueBinder    : building BasicValue for dt1
2024-12-13T18:05:44.685+05:30 DEBUG 7187 --- [contenttree] [           main] org.hibernate.mapping.BasicValue         : Skipping column re-registration: solution_sets.dt1
2024-12-13T18:05:44.685+05:30 DEBUG 7187 --- [contenttree] [           main] o.h.boot.model.internal.PropertyBinder   : Building property dt1
2024-12-13T18:05:44.685+05:30 DEBUG 7187 --- [contenttree] [           main] o.h.boot.model.internal.AnnotatedColumn  : Binding column: AnnotatedColumn()
2024-12-13T18:05:44.685+05:30 DEBUG 7187 --- [contenttree] [           main] o.h.boot.model.internal.PropertyBinder   : MetadataSourceProcessor property filePath with lazy=false
2024-12-13T18:05:44.685+05:30 DEBUG 7187 --- [contenttree] [           main] o.h.b.m.internal.AbstractPropertyHolder  : Attempting to locate auto-apply AttributeConverter for property [com.contenttree.solutionsets.SolutionSets:filePath]
2024-12-13T18:05:44.685+05:30 DEBUG 7187 --- [contenttree] [           main] o.h.b.model.internal.BasicValueBinder    : building BasicValue for filePath
2024-12-13T18:05:44.685+05:30 DEBUG 7187 --- [contenttree] [           main] org.hibernate.mapping.BasicValue         : Skipping column re-registration: solution_sets.file_path
2024-12-13T18:05:44.685+05:30 DEBUG 7187 --- [contenttree] [           main] o.h.boot.model.internal.PropertyBinder   : Building property filePath
2024-12-13T18:05:44.685+05:30 DEBUG 7187 --- [contenttree] [           main] o.h.boot.model.internal.AnnotatedColumn  : Binding column: AnnotatedColumn()
2024-12-13T18:05:44.685+05:30 DEBUG 7187 --- [contenttree] [           main] o.h.boot.model.internal.PropertyBinder   : MetadataSourceProcessor property fileType with lazy=false
2024-12-13T18:05:44.685+05:30 DEBUG 7187 --- [contenttree] [           main] o.h.b.m.internal.AbstractPropertyHolder  : Attempting to locate auto-apply AttributeConverter for property [com.contenttree.solutionsets.SolutionSets:fileType]
2024-12-13T18:05:44.685+05:30 DEBUG 7187 --- [contenttree] [           main] o.h.b.model.internal.BasicValueBinder    : building BasicValue for fileType
2024-12-13T18:05:44.685+05:30 DEBUG 7187 --- [contenttree] [           main] org.hibernate.mapping.BasicValue         : Skipping column re-registration: solution_sets.file_type
2024-12-13T18:05:44.685+05:30 DEBUG 7187 --- [contenttree] [           main] o.h.boot.model.internal.PropertyBinder   : Building property fileType
2024-12-13T18:05:44.685+05:30 DEBUG 7187 --- [contenttree] [           main] o.h.boot.model.internal.AnnotatedColumn  : Binding column: AnnotatedColumn()
2024-12-13T18:05:44.685+05:30 DEBUG 7187 --- [contenttree] [           main] o.h.boot.model.internal.PropertyBinder   : MetadataSourceProcessor property imagePath with lazy=false
2024-12-13T18:05:44.685+05:30 DEBUG 7187 --- [contenttree] [           main] o.h.b.m.internal.AbstractPropertyHolder  : Attempting to locate auto-apply AttributeConverter for property [com.contenttree.solutionsets.SolutionSets:imagePath]
2024-12-13T18:05:44.685+05:30 DEBUG 7187 --- [contenttree] [           main] o.h.b.model.internal.BasicValueBinder    : building BasicValue for imagePath
2024-12-13T18:05:44.685+05:30 DEBUG 7187 --- [contenttree] [           main] org.hibernate.mapping.BasicValue         : Skipping column re-registration: solution_sets.image_path
2024-12-13T18:05:44.685+05:30 DEBUG 7187 --- [contenttree] [           main] o.h.boot.model.internal.PropertyBinder   : Building property imagePath
2024-12-13T18:05:44.685+05:30 DEBUG 7187 --- [contenttree] [           main] o.h.boot.model.internal.AnnotatedColumn  : Binding column: AnnotatedColumn()
2024-12-13T18:05:44.685+05:30 DEBUG 7187 --- [contenttree] [           main] o.h.boot.model.internal.PropertyBinder   : MetadataSourceProcessor property name with lazy=false
2024-12-13T18:05:44.685+05:30 DEBUG 7187 --- [contenttree] [           main] o.h.b.m.internal.AbstractPropertyHolder  : Attempting to locate auto-apply AttributeConverter for property [com.contenttree.solutionsets.SolutionSets:name]
2024-12-13T18:05:44.685+05:30 DEBUG 7187 --- [contenttree] [           main] o.h.b.model.internal.BasicValueBinder    : building BasicValue for name
2024-12-13T18:05:44.685+05:30 DEBUG 7187 --- [contenttree] [           main] org.hibernate.mapping.BasicValue         : Skipping column re-registration: solution_sets.name
2024-12-13T18:05:44.685+05:30 DEBUG 7187 --- [contenttree] [           main] o.h.boot.model.internal.PropertyBinder   : Building property name
2024-12-13T18:05:44.686+05:30 DEBUG 7187 --- [contenttree] [           main] o.h.boot.model.internal.AnnotatedColumn  : Binding column: AnnotatedColumn()
2024-12-13T18:05:44.686+05:30 DEBUG 7187 --- [contenttree] [           main] o.h.boot.model.internal.PropertyBinder   : MetadataSourceProcessor property status with lazy=false
2024-12-13T18:05:44.686+05:30 DEBUG 7187 --- [contenttree] [           main] o.h.b.m.internal.AbstractPropertyHolder  : Attempting to locate auto-apply AttributeConverter for property [com.contenttree.solutionsets.SolutionSets:status]
2024-12-13T18:05:44.686+05:30 DEBUG 7187 --- [contenttree] [           main] o.h.b.model.internal.BasicValueBinder    : building BasicValue for status
2024-12-13T18:05:44.686+05:30 DEBUG 7187 --- [contenttree] [           main] org.hibernate.mapping.BasicValue         : Skipping column re-registration: solution_sets.status
2024-12-13T18:05:44.686+05:30 DEBUG 7187 --- [contenttree] [           main] o.h.boot.model.internal.PropertyBinder   : Building property status
2024-12-13T18:05:44.686+05:30 DEBUG 7187 --- [contenttree] [           main] o.h.boot.model.internal.AnnotatedColumn  : Binding column: AnnotatedColumn()
2024-12-13T18:05:44.686+05:30 DEBUG 7187 --- [contenttree] [           main] o.h.boot.model.internal.PropertyBinder   : MetadataSourceProcessor property title with lazy=false
2024-12-13T18:05:44.686+05:30 DEBUG 7187 --- [contenttree] [           main] o.h.b.m.internal.AbstractPropertyHolder  : Attempting to locate auto-apply AttributeConverter for property [com.contenttree.solutionsets.SolutionSets:title]
2024-12-13T18:05:44.686+05:30 DEBUG 7187 --- [contenttree] [           main] o.h.b.model.internal.BasicValueBinder    : building BasicValue for title
2024-12-13T18:05:44.686+05:30 DEBUG 7187 --- [contenttree] [           main] org.hibernate.mapping.BasicValue         : Skipping column re-registration: solution_sets.title
2024-12-13T18:05:44.686+05:30 DEBUG 7187 --- [contenttree] [           main] o.h.boot.model.internal.PropertyBinder   : Building property title
2024-12-13T18:05:44.686+05:30 DEBUG 7187 --- [contenttree] [           main] o.h.boot.model.internal.AnnotatedColumn  : Binding column: AnnotatedJoinColumn(column='vendor_id')
2024-12-13T18:05:44.686+05:30 DEBUG 7187 --- [contenttree] [           main] o.h.boot.model.internal.AnnotatedColumn  : Binding column: AnnotatedColumn()
2024-12-13T18:05:44.686+05:30 DEBUG 7187 --- [contenttree] [           main] o.h.boot.model.internal.PropertyBinder   : Building property uploadedBy
2024-12-13T18:05:44.686+05:30 DEBUG 7187 --- [contenttree] [           main] o.h.b.r.c.i.ClassLoaderServiceImpl       : HHH000194: Package not found or no package-info.java: com.contenttree.solutionsets
2024-12-13T18:05:44.687+05:30 DEBUG 7187 --- [contenttree] [           main] e.i.CallbackDefinitionResolverLegacyImpl : Adding prePersist as PrePersist callback for entity com.contenttree.solutionsets.SolutionSets
2024-12-13T18:05:44.687+05:30 DEBUG 7187 --- [contenttree] [           main] o.h.boot.model.internal.EntityBinder     : Binding entity from annotated class: com.contenttree.user.User
2024-12-13T18:05:44.687+05:30 DEBUG 7187 --- [contenttree] [           main] o.h.boot.model.internal.EntityBinder     : Import with entity name User
2024-12-13T18:05:44.687+05:30 DEBUG 7187 --- [contenttree] [           main] o.h.boot.model.internal.EntityBinder     : Bind entity com.contenttree.user.User on table user
2024-12-13T18:05:44.687+05:30 DEBUG 7187 --- [contenttree] [           main] o.h.boot.model.internal.AnnotatedColumn  : Binding column: AnnotatedDiscriminatorColumn(column='DTYPE')
2024-12-13T18:05:44.691+05:30 DEBUG 7187 --- [contenttree] [           main] o.h.boot.model.internal.AnnotatedColumn  : Binding column: AnnotatedColumn()
2024-12-13T18:05:44.691+05:30 DEBUG 7187 --- [contenttree] [           main] o.h.boot.internal.ClassLoaderAccessImpl  : Not known whether passed class name [com.contenttree.user.User] is safe
2024-12-13T18:05:44.691+05:30 DEBUG 7187 --- [contenttree] [           main] o.h.boot.internal.ClassLoaderAccessImpl  : No temp ClassLoader provided; using live ClassLoader for loading potentially unsafe class : com.contenttree.user.User
2024-12-13T18:05:44.691+05:30 DEBUG 7187 --- [contenttree] [           main] o.h.boot.model.internal.PropertyBinder   : MetadataSourceProcessor property id with lazy=false
2024-12-13T18:05:44.691+05:30 DEBUG 7187 --- [contenttree] [           main] o.h.b.m.internal.AbstractPropertyHolder  : Attempting to locate auto-apply AttributeConverter for property [com.contenttree.user.User:id]
2024-12-13T18:05:44.691+05:30 DEBUG 7187 --- [contenttree] [           main] o.h.b.model.internal.BasicValueBinder    : building BasicValue for id
2024-12-13T18:05:44.691+05:30 DEBUG 7187 --- [contenttree] [           main] org.hibernate.mapping.BasicValue         : Skipping column re-registration: user.id
2024-12-13T18:05:44.691+05:30 DEBUG 7187 --- [contenttree] [           main] o.h.boot.model.internal.PropertyBinder   : Building property id
2024-12-13T18:05:44.691+05:30 DEBUG 7187 --- [contenttree] [           main] o.h.boot.model.internal.BinderHelper     : #makeIdGenerator(BasicValue([Column(id)]), id, identity, , ...)
2024-12-13T18:05:44.691+05:30 DEBUG 7187 --- [contenttree] [           main] o.h.boot.model.internal.AnnotatedColumn  : Binding column: AnnotatedColumn()
2024-12-13T18:05:44.692+05:30 DEBUG 7187 --- [contenttree] [           main] o.h.boot.model.internal.PropertyBinder   : MetadataSourceProcessor property company with lazy=false
2024-12-13T18:05:44.692+05:30 DEBUG 7187 --- [contenttree] [           main] o.h.b.m.internal.AbstractPropertyHolder  : Attempting to locate auto-apply AttributeConverter for property [com.contenttree.user.User:company]
2024-12-13T18:05:44.692+05:30 DEBUG 7187 --- [contenttree] [           main] o.h.b.model.internal.BasicValueBinder    : building BasicValue for company
2024-12-13T18:05:44.692+05:30 DEBUG 7187 --- [contenttree] [           main] org.hibernate.mapping.BasicValue         : Skipping column re-registration: user.company
2024-12-13T18:05:44.692+05:30 DEBUG 7187 --- [contenttree] [           main] o.h.boot.model.internal.PropertyBinder   : Building property company
2024-12-13T18:05:44.692+05:30 DEBUG 7187 --- [contenttree] [           main] o.h.boot.model.internal.AnnotatedColumn  : Binding column: AnnotatedJoinColumn()
2024-12-13T18:05:44.692+05:30 DEBUG 7187 --- [contenttree] [           main] o.h.boot.model.internal.AnnotatedColumn  : Binding column: AnnotatedColumn()
2024-12-13T18:05:44.692+05:30 DEBUG 7187 --- [contenttree] [           main] o.h.boot.model.internal.AnnotatedColumn  : Binding column: IndexColumn(column='confirmationTokens_ORDER')
2024-12-13T18:05:44.692+05:30 DEBUG 7187 --- [contenttree] [           main] o.h.boot.model.internal.AnnotatedColumn  : Binding column: AnnotatedColumn()
2024-12-13T18:05:44.693+05:30 DEBUG 7187 --- [contenttree] [           main] o.h.boot.model.internal.AnnotatedColumn  : Binding column: AnnotatedColumn(column='confirmationTokens_KEY')
2024-12-13T18:05:44.693+05:30 DEBUG 7187 --- [contenttree] [           main] o.h.boot.model.internal.AnnotatedColumn  : Binding column: AnnotatedJoinColumn(column='confirmationTokens_KEY')
2024-12-13T18:05:44.693+05:30 DEBUG 7187 --- [contenttree] [           main] o.h.boot.model.internal.AnnotatedColumn  : Binding column: AnnotatedJoinColumn()
2024-12-13T18:05:44.693+05:30 DEBUG 7187 --- [contenttree] [           main] o.h.boot.model.internal.AnnotatedColumn  : Binding column: AnnotatedJoinColumn()
2024-12-13T18:05:44.693+05:30 DEBUG 7187 --- [contenttree] [           main] o.h.b.model.internal.CollectionBinder    : Collection role: com.contenttree.user.User.confirmationTokens
2024-12-13T18:05:44.693+05:30 DEBUG 7187 --- [contenttree] [           main] o.h.boot.model.internal.PropertyBinder   : Building property confirmationTokens
2024-12-13T18:05:44.693+05:30 DEBUG 7187 --- [contenttree] [           main] o.h.boot.model.internal.AnnotatedColumn  : Binding column: AnnotatedColumn()
2024-12-13T18:05:44.693+05:30 DEBUG 7187 --- [contenttree] [           main] o.h.boot.model.internal.PropertyBinder   : MetadataSourceProcessor property country with lazy=false
2024-12-13T18:05:44.693+05:30 DEBUG 7187 --- [contenttree] [           main] o.h.b.m.internal.AbstractPropertyHolder  : Attempting to locate auto-apply AttributeConverter for property [com.contenttree.user.User:country]
2024-12-13T18:05:44.693+05:30 DEBUG 7187 --- [contenttree] [           main] o.h.b.model.internal.BasicValueBinder    : building BasicValue for country
2024-12-13T18:05:44.693+05:30 DEBUG 7187 --- [contenttree] [           main] org.hibernate.mapping.BasicValue         : Skipping column re-registration: user.country
2024-12-13T18:05:44.693+05:30 DEBUG 7187 --- [contenttree] [           main] o.h.boot.model.internal.PropertyBinder   : Building property country
2024-12-13T18:05:44.694+05:30 DEBUG 7187 --- [contenttree] [           main] o.h.boot.model.internal.AnnotatedColumn  : Binding column: AnnotatedJoinColumn()
2024-12-13T18:05:44.694+05:30 DEBUG 7187 --- [contenttree] [           main] o.h.boot.model.internal.AnnotatedColumn  : Binding column: AnnotatedColumn()
2024-12-13T18:05:44.694+05:30 DEBUG 7187 --- [contenttree] [           main] o.h.boot.model.internal.AnnotatedColumn  : Binding column: IndexColumn(column='downloadLogs_ORDER')
2024-12-13T18:05:44.694+05:30 DEBUG 7187 --- [contenttree] [           main] o.h.boot.model.internal.AnnotatedColumn  : Binding column: AnnotatedColumn()
2024-12-13T18:05:44.694+05:30 DEBUG 7187 --- [contenttree] [           main] o.h.boot.model.internal.AnnotatedColumn  : Binding column: AnnotatedColumn(column='downloadLogs_KEY')
2024-12-13T18:05:44.694+05:30 DEBUG 7187 --- [contenttree] [           main] o.h.boot.model.internal.AnnotatedColumn  : Binding column: AnnotatedJoinColumn(column='downloadLogs_KEY')
2024-12-13T18:05:44.694+05:30 DEBUG 7187 --- [contenttree] [           main] o.h.boot.model.internal.AnnotatedColumn  : Binding column: AnnotatedJoinColumn()
2024-12-13T18:05:44.694+05:30 DEBUG 7187 --- [contenttree] [           main] o.h.boot.model.internal.AnnotatedColumn  : Binding column: AnnotatedJoinColumn()
2024-12-13T18:05:44.694+05:30 DEBUG 7187 --- [contenttree] [           main] o.h.b.model.internal.CollectionBinder    : Collection role: com.contenttree.user.User.downloadLogs
2024-12-13T18:05:44.694+05:30 DEBUG 7187 --- [contenttree] [           main] o.h.boot.model.internal.PropertyBinder   : Building property downloadLogs
2024-12-13T18:05:44.694+05:30 DEBUG 7187 --- [contenttree] [           main] o.h.boot.model.internal.AnnotatedColumn  : Binding column: AnnotatedColumn()
2024-12-13T18:05:44.695+05:30 DEBUG 7187 --- [contenttree] [           main] o.h.boot.model.internal.PropertyBinder   : MetadataSourceProcessor property dt1 with lazy=false
2024-12-13T18:05:44.695+05:30 DEBUG 7187 --- [contenttree] [           main] o.h.b.m.internal.AbstractPropertyHolder  : Attempting to locate auto-apply AttributeConverter for property [com.contenttree.user.User:dt1]
2024-12-13T18:05:44.695+05:30 DEBUG 7187 --- [contenttree] [           main] o.h.b.model.internal.BasicValueBinder    : building BasicValue for dt1
2024-12-13T18:05:44.695+05:30 DEBUG 7187 --- [contenttree] [           main] org.hibernate.mapping.BasicValue         : Skipping column re-registration: user.dt1
2024-12-13T18:05:44.695+05:30 DEBUG 7187 --- [contenttree] [           main] o.h.boot.model.internal.PropertyBinder   : Building property dt1
2024-12-13T18:05:44.696+05:30 DEBUG 7187 --- [contenttree] [           main] o.h.boot.model.internal.AnnotatedColumn  : Binding column: AnnotatedColumn()
2024-12-13T18:05:44.696+05:30 DEBUG 7187 --- [contenttree] [           main] o.h.boot.model.internal.PropertyBinder   : MetadataSourceProcessor property email with lazy=false
2024-12-13T18:05:44.696+05:30 DEBUG 7187 --- [contenttree] [           main] o.h.b.m.internal.AbstractPropertyHolder  : Attempting to locate auto-apply AttributeConverter for property [com.contenttree.user.User:email]
2024-12-13T18:05:44.696+05:30 DEBUG 7187 --- [contenttree] [           main] o.h.b.model.internal.BasicValueBinder    : building BasicValue for email
2024-12-13T18:05:44.696+05:30 DEBUG 7187 --- [contenttree] [           main] org.hibernate.mapping.BasicValue         : Skipping column re-registration: user.email
2024-12-13T18:05:44.696+05:30 DEBUG 7187 --- [contenttree] [           main] o.h.boot.model.internal.PropertyBinder   : Building property email
2024-12-13T18:05:44.696+05:30 DEBUG 7187 --- [contenttree] [           main] o.h.boot.model.internal.AnnotatedColumn  : Binding column: AnnotatedColumn()
2024-12-13T18:05:44.696+05:30 DEBUG 7187 --- [contenttree] [           main] o.h.boot.model.internal.PropertyBinder   : MetadataSourceProcessor property favorites with lazy=false
2024-12-13T18:05:44.696+05:30 DEBUG 7187 --- [contenttree] [           main] o.h.b.m.internal.AbstractPropertyHolder  : Attempting to locate auto-apply AttributeConverter for property [com.contenttree.user.User:favorites]
2024-12-13T18:05:44.696+05:30 DEBUG 7187 --- [contenttree] [           main] o.h.b.model.internal.BasicValueBinder    : building BasicValue for favorites
2024-12-13T18:05:44.696+05:30 DEBUG 7187 --- [contenttree] [           main] org.hibernate.mapping.BasicValue         : Skipping column re-registration: user.favorites
2024-12-13T18:05:44.696+05:30 DEBUG 7187 --- [contenttree] [           main] o.h.boot.model.internal.PropertyBinder   : Building property favorites
2024-12-13T18:05:44.696+05:30 DEBUG 7187 --- [contenttree] [           main] o.h.boot.model.internal.AnnotatedColumn  : Binding column: AnnotatedColumn()
2024-12-13T18:05:44.696+05:30 DEBUG 7187 --- [contenttree] [           main] o.h.boot.model.internal.PropertyBinder   : MetadataSourceProcessor property ipAddress with lazy=false
2024-12-13T18:05:44.696+05:30 DEBUG 7187 --- [contenttree] [           main] o.h.b.m.internal.AbstractPropertyHolder  : Attempting to locate auto-apply AttributeConverter for property [com.contenttree.user.User:ipAddress]
2024-12-13T18:05:44.696+05:30 DEBUG 7187 --- [contenttree] [           main] o.h.b.model.internal.BasicValueBinder    : building BasicValue for ipAddress
2024-12-13T18:05:44.696+05:30 DEBUG 7187 --- [contenttree] [           main] org.hibernate.mapping.BasicValue         : Skipping column re-registration: user.ip_address
2024-12-13T18:05:44.696+05:30 DEBUG 7187 --- [contenttree] [           main] o.h.boot.model.internal.PropertyBinder   : Building property ipAddress
2024-12-13T18:05:44.696+05:30 DEBUG 7187 --- [contenttree] [           main] o.h.boot.model.internal.AnnotatedColumn  : Binding column: AnnotatedColumn()
2024-12-13T18:05:44.696+05:30 DEBUG 7187 --- [contenttree] [           main] o.h.boot.model.internal.PropertyBinder   : MetadataSourceProcessor property isEnabled with lazy=false
2024-12-13T18:05:44.696+05:30 DEBUG 7187 --- [contenttree] [           main] o.h.b.m.internal.AbstractPropertyHolder  : Attempting to locate auto-apply AttributeConverter for property [com.contenttree.user.User:isEnabled]
2024-12-13T18:05:44.696+05:30 DEBUG 7187 --- [contenttree] [           main] o.h.b.model.internal.BasicValueBinder    : building BasicValue for isEnabled
2024-12-13T18:05:44.696+05:30 DEBUG 7187 --- [contenttree] [           main] org.hibernate.mapping.BasicValue         : Skipping column re-registration: user.is_enabled
2024-12-13T18:05:44.696+05:30 DEBUG 7187 --- [contenttree] [           main] o.h.boot.model.internal.PropertyBinder   : Building property isEnabled
2024-12-13T18:05:44.696+05:30 DEBUG 7187 --- [contenttree] [           main] o.h.boot.model.internal.AnnotatedColumn  : Binding column: AnnotatedColumn()
2024-12-13T18:05:44.696+05:30 DEBUG 7187 --- [contenttree] [           main] o.h.boot.model.internal.PropertyBinder   : MetadataSourceProcessor property isSubscriber with lazy=false
2024-12-13T18:05:44.696+05:30 DEBUG 7187 --- [contenttree] [           main] o.h.b.m.internal.AbstractPropertyHolder  : Attempting to locate auto-apply AttributeConverter for property [com.contenttree.user.User:isSubscriber]
2024-12-13T18:05:44.696+05:30 DEBUG 7187 --- [contenttree] [           main] o.h.b.model.internal.BasicValueBinder    : building BasicValue for isSubscriber
2024-12-13T18:05:44.696+05:30 DEBUG 7187 --- [contenttree] [           main] org.hibernate.mapping.BasicValue         : Skipping column re-registration: user.is_subscriber
2024-12-13T18:05:44.696+05:30 DEBUG 7187 --- [contenttree] [           main] o.h.boot.model.internal.PropertyBinder   : Building property isSubscriber
2024-12-13T18:05:44.696+05:30 DEBUG 7187 --- [contenttree] [           main] o.h.boot.model.internal.AnnotatedColumn  : Binding column: AnnotatedColumn()
2024-12-13T18:05:44.696+05:30 DEBUG 7187 --- [contenttree] [           main] o.h.boot.model.internal.PropertyBinder   : MetadataSourceProcessor property jobTitle with lazy=false
2024-12-13T18:05:44.696+05:30 DEBUG 7187 --- [contenttree] [           main] o.h.b.m.internal.AbstractPropertyHolder  : Attempting to locate auto-apply AttributeConverter for property [com.contenttree.user.User:jobTitle]
2024-12-13T18:05:44.696+05:30 DEBUG 7187 --- [contenttree] [           main] o.h.b.model.internal.BasicValueBinder    : building BasicValue for jobTitle
2024-12-13T18:05:44.696+05:30 DEBUG 7187 --- [contenttree] [           main] org.hibernate.mapping.BasicValue         : Skipping column re-registration: user.job_title
2024-12-13T18:05:44.696+05:30 DEBUG 7187 --- [contenttree] [           main] o.h.boot.model.internal.PropertyBinder   : Building property jobTitle
2024-12-13T18:05:44.696+05:30 DEBUG 7187 --- [contenttree] [           main] o.h.boot.model.internal.AnnotatedColumn  : Binding column: AnnotatedColumn()
2024-12-13T18:05:44.696+05:30 DEBUG 7187 --- [contenttree] [           main] o.h.boot.model.internal.PropertyBinder   : MetadataSourceProcessor property lastName with lazy=false
2024-12-13T18:05:44.696+05:30 DEBUG 7187 --- [contenttree] [           main] o.h.b.m.internal.AbstractPropertyHolder  : Attempting to locate auto-apply AttributeConverter for property [com.contenttree.user.User:lastName]
2024-12-13T18:05:44.696+05:30 DEBUG 7187 --- [contenttree] [           main] o.h.b.model.internal.BasicValueBinder    : building BasicValue for lastName
2024-12-13T18:05:44.696+05:30 DEBUG 7187 --- [contenttree] [           main] org.hibernate.mapping.BasicValue         : Skipping column re-registration: user.last_name
2024-12-13T18:05:44.696+05:30 DEBUG 7187 --- [contenttree] [           main] o.h.boot.model.internal.PropertyBinder   : Building property lastName
2024-12-13T18:05:44.696+05:30 DEBUG 7187 --- [contenttree] [           main] o.h.boot.model.internal.AnnotatedColumn  : Binding column: AnnotatedColumn()
2024-12-13T18:05:44.696+05:30 DEBUG 7187 --- [contenttree] [           main] o.h.boot.model.internal.PropertyBinder   : MetadataSourceProcessor property name with lazy=false
2024-12-13T18:05:44.696+05:30 DEBUG 7187 --- [contenttree] [           main] o.h.b.m.internal.AbstractPropertyHolder  : Attempting to locate auto-apply AttributeConverter for property [com.contenttree.user.User:name]
2024-12-13T18:05:44.696+05:30 DEBUG 7187 --- [contenttree] [           main] o.h.b.model.internal.BasicValueBinder    : building BasicValue for name
2024-12-13T18:05:44.696+05:30 DEBUG 7187 --- [contenttree] [           main] org.hibernate.mapping.BasicValue         : Skipping column re-registration: user.name
2024-12-13T18:05:44.697+05:30 DEBUG 7187 --- [contenttree] [           main] o.h.boot.model.internal.PropertyBinder   : Building property name
2024-12-13T18:05:44.697+05:30 DEBUG 7187 --- [contenttree] [           main] o.h.boot.model.internal.AnnotatedColumn  : Binding column: AnnotatedJoinColumn(column='user_id')
2024-12-13T18:05:44.697+05:30 DEBUG 7187 --- [contenttree] [           main] o.h.boot.model.internal.AnnotatedColumn  : Binding column: AnnotatedColumn()
2024-12-13T18:05:44.697+05:30 DEBUG 7187 --- [contenttree] [           main] o.h.boot.model.internal.AnnotatedColumn  : Binding column: IndexColumn(column='newsLetterList_ORDER')
2024-12-13T18:05:44.697+05:30 DEBUG 7187 --- [contenttree] [           main] o.h.boot.model.internal.AnnotatedColumn  : Binding column: AnnotatedColumn()
2024-12-13T18:05:44.697+05:30 DEBUG 7187 --- [contenttree] [           main] o.h.boot.model.internal.AnnotatedColumn  : Binding column: AnnotatedColumn(column='newsLetterList_KEY')
2024-12-13T18:05:44.697+05:30 DEBUG 7187 --- [contenttree] [           main] o.h.boot.model.internal.AnnotatedColumn  : Binding column: AnnotatedJoinColumn(column='newsLetterList_KEY')
2024-12-13T18:05:44.697+05:30 DEBUG 7187 --- [contenttree] [           main] o.h.boot.model.internal.AnnotatedColumn  : Binding column: AnnotatedJoinColumn()
2024-12-13T18:05:44.697+05:30 DEBUG 7187 --- [contenttree] [           main] o.h.boot.model.internal.AnnotatedColumn  : Binding column: AnnotatedJoinColumn()
2024-12-13T18:05:44.697+05:30 DEBUG 7187 --- [contenttree] [           main] o.h.b.model.internal.CollectionBinder    : Collection role: com.contenttree.user.User.newsLetterList
2024-12-13T18:05:44.697+05:30 DEBUG 7187 --- [contenttree] [           main] o.h.boot.model.internal.PropertyBinder   : Building property newsLetterList
2024-12-13T18:05:44.697+05:30 DEBUG 7187 --- [contenttree] [           main] o.h.boot.model.internal.AnnotatedColumn  : Binding column: AnnotatedColumn()
2024-12-13T18:05:44.697+05:30 DEBUG 7187 --- [contenttree] [           main] o.h.boot.model.internal.PropertyBinder   : MetadataSourceProcessor property password with lazy=false
2024-12-13T18:05:44.698+05:30 DEBUG 7187 --- [contenttree] [           main] o.h.b.m.internal.AbstractPropertyHolder  : Attempting to locate auto-apply AttributeConverter for property [com.contenttree.user.User:password]
2024-12-13T18:05:44.698+05:30 DEBUG 7187 --- [contenttree] [           main] o.h.b.model.internal.BasicValueBinder    : building BasicValue for password
2024-12-13T18:05:44.698+05:30 DEBUG 7187 --- [contenttree] [           main] org.hibernate.mapping.BasicValue         : Skipping column re-registration: user.password
2024-12-13T18:05:44.698+05:30 DEBUG 7187 --- [contenttree] [           main] o.h.boot.model.internal.PropertyBinder   : Building property password
2024-12-13T18:05:44.698+05:30 DEBUG 7187 --- [contenttree] [           main] o.h.boot.model.internal.AnnotatedColumn  : Binding column: AnnotatedColumn()
2024-12-13T18:05:44.698+05:30 DEBUG 7187 --- [contenttree] [           main] o.h.boot.model.internal.PropertyBinder   : MetadataSourceProcessor property phone with lazy=false
2024-12-13T18:05:44.698+05:30 DEBUG 7187 --- [contenttree] [           main] o.h.b.m.internal.AbstractPropertyHolder  : Attempting to locate auto-apply AttributeConverter for property [com.contenttree.user.User:phone]
2024-12-13T18:05:44.698+05:30 DEBUG 7187 --- [contenttree] [           main] o.h.b.model.internal.BasicValueBinder    : building BasicValue for phone
2024-12-13T18:05:44.698+05:30 DEBUG 7187 --- [contenttree] [           main] org.hibernate.mapping.BasicValue         : Skipping column re-registration: user.phone
2024-12-13T18:05:44.698+05:30 DEBUG 7187 --- [contenttree] [           main] o.h.boot.model.internal.PropertyBinder   : Building property phone
2024-12-13T18:05:44.698+05:30 DEBUG 7187 --- [contenttree] [           main] o.h.boot.model.internal.AnnotatedColumn  : Binding column: AnnotatedColumn()
2024-12-13T18:05:44.698+05:30 DEBUG 7187 --- [contenttree] [           main] o.h.boot.model.internal.PropertyBinder   : MetadataSourceProcessor property savedPdf with lazy=false
2024-12-13T18:05:44.698+05:30 DEBUG 7187 --- [contenttree] [           main] o.h.b.m.internal.AbstractPropertyHolder  : Attempting to locate auto-apply AttributeConverter for property [com.contenttree.user.User:savedPdf]
2024-12-13T18:05:44.698+05:30 DEBUG 7187 --- [contenttree] [           main] o.h.b.model.internal.BasicValueBinder    : building BasicValue for savedPdf
2024-12-13T18:05:44.698+05:30 DEBUG 7187 --- [contenttree] [           main] org.hibernate.mapping.BasicValue         : Skipping column re-registration: user.saved_pdf
2024-12-13T18:05:44.698+05:30 DEBUG 7187 --- [contenttree] [           main] o.h.boot.model.internal.PropertyBinder   : Building property savedPdf
2024-12-13T18:05:44.698+05:30 DEBUG 7187 --- [contenttree] [           main] o.h.boot.model.internal.AnnotatedColumn  : Binding column: AnnotatedColumn()
2024-12-13T18:05:44.698+05:30 DEBUG 7187 --- [contenttree] [           main] o.h.boot.model.internal.PropertyBinder   : MetadataSourceProcessor property viewdPdf with lazy=false
2024-12-13T18:05:44.698+05:30 DEBUG 7187 --- [contenttree] [           main] o.h.b.m.internal.AbstractPropertyHolder  : Attempting to locate auto-apply AttributeConverter for property [com.contenttree.user.User:viewdPdf]
2024-12-13T18:05:44.698+05:30 DEBUG 7187 --- [contenttree] [           main] o.h.b.model.internal.BasicValueBinder    : building BasicValue for viewdPdf
2024-12-13T18:05:44.698+05:30 DEBUG 7187 --- [contenttree] [           main] org.hibernate.mapping.BasicValue         : Skipping column re-registration: user.viewd_pdf
2024-12-13T18:05:44.698+05:30 DEBUG 7187 --- [contenttree] [           main] o.h.boot.model.internal.PropertyBinder   : Building property viewdPdf
2024-12-13T18:05:44.698+05:30 DEBUG 7187 --- [contenttree] [           main] o.h.b.r.c.i.ClassLoaderServiceImpl       : HHH000194: Package not found or no package-info.java: com.contenttree.user
2024-12-13T18:05:44.699+05:30 DEBUG 7187 --- [contenttree] [           main] e.i.CallbackDefinitionResolverLegacyImpl : Adding prePersist as PrePersist callback for entity com.contenttree.user.User
2024-12-13T18:05:44.699+05:30 DEBUG 7187 --- [contenttree] [           main] o.h.boot.model.internal.EntityBinder     : Binding entity from annotated class: com.contenttree.userdatastorage.UserDataStorage
2024-12-13T18:05:44.699+05:30 DEBUG 7187 --- [contenttree] [           main] o.h.boot.model.internal.EntityBinder     : Import with entity name UserDataStorage
2024-12-13T18:05:44.699+05:30 DEBUG 7187 --- [contenttree] [           main] o.h.boot.model.internal.EntityBinder     : Bind entity com.contenttree.userdatastorage.UserDataStorage on table user_data_storage
2024-12-13T18:05:44.699+05:30 DEBUG 7187 --- [contenttree] [           main] o.h.boot.model.internal.AnnotatedColumn  : Binding column: AnnotatedDiscriminatorColumn(column='DTYPE')
2024-12-13T18:05:44.699+05:30 DEBUG 7187 --- [contenttree] [           main] o.h.boot.model.internal.AnnotatedColumn  : Binding column: AnnotatedColumn()
2024-12-13T18:05:44.699+05:30 DEBUG 7187 --- [contenttree] [           main] o.h.boot.internal.ClassLoaderAccessImpl  : Not known whether passed class name [com.contenttree.userdatastorage.UserDataStorage] is safe
2024-12-13T18:05:44.699+05:30 DEBUG 7187 --- [contenttree] [           main] o.h.boot.internal.ClassLoaderAccessImpl  : No temp ClassLoader provided; using live ClassLoader for loading potentially unsafe class : com.contenttree.userdatastorage.UserDataStorage
2024-12-13T18:05:44.699+05:30 DEBUG 7187 --- [contenttree] [           main] o.h.boot.model.internal.PropertyBinder   : MetadataSourceProcessor property id with lazy=false
2024-12-13T18:05:44.699+05:30 DEBUG 7187 --- [contenttree] [           main] o.h.b.m.internal.AbstractPropertyHolder  : Attempting to locate auto-apply AttributeConverter for property [com.contenttree.userdatastorage.UserDataStorage:id]
2024-12-13T18:05:44.699+05:30 DEBUG 7187 --- [contenttree] [           main] o.h.b.model.internal.BasicValueBinder    : building BasicValue for id
2024-12-13T18:05:44.699+05:30 DEBUG 7187 --- [contenttree] [           main] org.hibernate.mapping.BasicValue         : Skipping column re-registration: user_data_storage.id
2024-12-13T18:05:44.700+05:30 DEBUG 7187 --- [contenttree] [           main] o.h.boot.model.internal.PropertyBinder   : Building property id
2024-12-13T18:05:44.700+05:30 DEBUG 7187 --- [contenttree] [           main] o.h.boot.model.internal.BinderHelper     : #makeIdGenerator(BasicValue([Column(id)]), id, identity, , ...)
2024-12-13T18:05:44.700+05:30 DEBUG 7187 --- [contenttree] [           main] o.h.boot.model.internal.AnnotatedColumn  : Binding column: AnnotatedColumn()
2024-12-13T18:05:44.700+05:30 DEBUG 7187 --- [contenttree] [           main] o.h.boot.model.internal.PropertyBinder   : MetadataSourceProcessor property city with lazy=false
2024-12-13T18:05:44.700+05:30 DEBUG 7187 --- [contenttree] [           main] o.h.b.m.internal.AbstractPropertyHolder  : Attempting to locate auto-apply AttributeConverter for property [com.contenttree.userdatastorage.UserDataStorage:city]
2024-12-13T18:05:44.700+05:30 DEBUG 7187 --- [contenttree] [           main] o.h.b.model.internal.BasicValueBinder    : building BasicValue for city
2024-12-13T18:05:44.700+05:30 DEBUG 7187 --- [contenttree] [           main] org.hibernate.mapping.BasicValue         : Skipping column re-registration: user_data_storage.city
2024-12-13T18:05:44.700+05:30 DEBUG 7187 --- [contenttree] [           main] o.h.boot.model.internal.PropertyBinder   : Building property city
2024-12-13T18:05:44.700+05:30 DEBUG 7187 --- [contenttree] [           main] o.h.boot.model.internal.AnnotatedColumn  : Binding column: AnnotatedColumn()
2024-12-13T18:05:44.700+05:30 DEBUG 7187 --- [contenttree] [           main] o.h.boot.model.internal.PropertyBinder   : MetadataSourceProcessor property country with lazy=false
2024-12-13T18:05:44.700+05:30 DEBUG 7187 --- [contenttree] [           main] o.h.b.m.internal.AbstractPropertyHolder  : Attempting to locate auto-apply AttributeConverter for property [com.contenttree.userdatastorage.UserDataStorage:country]
2024-12-13T18:05:44.700+05:30 DEBUG 7187 --- [contenttree] [           main] o.h.b.model.internal.BasicValueBinder    : building BasicValue for country
2024-12-13T18:05:44.700+05:30 DEBUG 7187 --- [contenttree] [           main] org.hibernate.mapping.BasicValue         : Skipping column re-registration: user_data_storage.country
2024-12-13T18:05:44.700+05:30 DEBUG 7187 --- [contenttree] [           main] o.h.boot.model.internal.PropertyBinder   : Building property country
2024-12-13T18:05:44.700+05:30 DEBUG 7187 --- [contenttree] [           main] o.h.boot.model.internal.AnnotatedColumn  : Binding column: AnnotatedColumn()
2024-12-13T18:05:44.700+05:30 DEBUG 7187 --- [contenttree] [           main] o.h.boot.model.internal.PropertyBinder   : MetadataSourceProcessor property download with lazy=false
2024-12-13T18:05:44.700+05:30 DEBUG 7187 --- [contenttree] [           main] o.h.b.m.internal.AbstractPropertyHolder  : Attempting to locate auto-apply AttributeConverter for property [com.contenttree.userdatastorage.UserDataStorage:download]
2024-12-13T18:05:44.700+05:30 DEBUG 7187 --- [contenttree] [           main] o.h.b.model.internal.BasicValueBinder    : building BasicValue for download
2024-12-13T18:05:44.700+05:30 DEBUG 7187 --- [contenttree] [           main] org.hibernate.mapping.BasicValue         : Skipping column re-registration: user_data_storage.download
2024-12-13T18:05:44.700+05:30 DEBUG 7187 --- [contenttree] [           main] o.h.boot.model.internal.PropertyBinder   : Building property download
2024-12-13T18:05:44.700+05:30 DEBUG 7187 --- [contenttree] [           main] o.h.boot.model.internal.AnnotatedColumn  : Binding column: AnnotatedColumn()
2024-12-13T18:05:44.700+05:30 DEBUG 7187 --- [contenttree] [           main] o.h.boot.model.internal.PropertyBinder   : MetadataSourceProcessor property dt1 with lazy=false
2024-12-13T18:05:44.700+05:30 DEBUG 7187 --- [contenttree] [           main] o.h.b.m.internal.AbstractPropertyHolder  : Attempting to locate auto-apply AttributeConverter for property [com.contenttree.userdatastorage.UserDataStorage:dt1]
2024-12-13T18:05:44.700+05:30 DEBUG 7187 --- [contenttree] [           main] o.h.b.model.internal.BasicValueBinder    : building BasicValue for dt1
2024-12-13T18:05:44.700+05:30 DEBUG 7187 --- [contenttree] [           main] org.hibernate.mapping.BasicValue         : Skipping column re-registration: user_data_storage.dt1
2024-12-13T18:05:44.700+05:30 DEBUG 7187 --- [contenttree] [           main] o.h.boot.model.internal.PropertyBinder   : Building property dt1
2024-12-13T18:05:44.700+05:30 DEBUG 7187 --- [contenttree] [           main] o.h.boot.model.internal.AnnotatedColumn  : Binding column: AnnotatedColumn()
2024-12-13T18:05:44.700+05:30 DEBUG 7187 --- [contenttree] [           main] o.h.boot.model.internal.PropertyBinder   : MetadataSourceProcessor property ip with lazy=false
2024-12-13T18:05:44.700+05:30 DEBUG 7187 --- [contenttree] [           main] o.h.b.m.internal.AbstractPropertyHolder  : Attempting to locate auto-apply AttributeConverter for property [com.contenttree.userdatastorage.UserDataStorage:ip]
2024-12-13T18:05:44.700+05:30 DEBUG 7187 --- [contenttree] [           main] o.h.b.model.internal.BasicValueBinder    : building BasicValue for ip
2024-12-13T18:05:44.700+05:30 DEBUG 7187 --- [contenttree] [           main] org.hibernate.mapping.BasicValue         : Skipping column re-registration: user_data_storage.ip
2024-12-13T18:05:44.700+05:30 DEBUG 7187 --- [contenttree] [           main] o.h.boot.model.internal.PropertyBinder   : Building property ip
2024-12-13T18:05:44.700+05:30 DEBUG 7187 --- [contenttree] [           main] o.h.boot.model.internal.AnnotatedColumn  : Binding column: AnnotatedColumn()
2024-12-13T18:05:44.700+05:30 DEBUG 7187 --- [contenttree] [           main] o.h.boot.model.internal.PropertyBinder   : MetadataSourceProcessor property location with lazy=false
2024-12-13T18:05:44.700+05:30 DEBUG 7187 --- [contenttree] [           main] o.h.b.m.internal.AbstractPropertyHolder  : Attempting to locate auto-apply AttributeConverter for property [com.contenttree.userdatastorage.UserDataStorage:location]
2024-12-13T18:05:44.700+05:30 DEBUG 7187 --- [contenttree] [           main] o.h.b.model.internal.BasicValueBinder    : building BasicValue for location
2024-12-13T18:05:44.700+05:30 DEBUG 7187 --- [contenttree] [           main] org.hibernate.mapping.BasicValue         : Skipping column re-registration: user_data_storage.location
2024-12-13T18:05:44.700+05:30 DEBUG 7187 --- [contenttree] [           main] o.h.boot.model.internal.PropertyBinder   : Building property location
2024-12-13T18:05:44.700+05:30 DEBUG 7187 --- [contenttree] [           main] o.h.boot.model.internal.AnnotatedColumn  : Binding column: AnnotatedColumn()
2024-12-13T18:05:44.700+05:30 DEBUG 7187 --- [contenttree] [           main] o.h.boot.model.internal.PropertyBinder   : MetadataSourceProcessor property org with lazy=false
2024-12-13T18:05:44.700+05:30 DEBUG 7187 --- [contenttree] [           main] o.h.b.m.internal.AbstractPropertyHolder  : Attempting to locate auto-apply AttributeConverter for property [com.contenttree.userdatastorage.UserDataStorage:org]
2024-12-13T18:05:44.700+05:30 DEBUG 7187 --- [contenttree] [           main] o.h.b.model.internal.BasicValueBinder    : building BasicValue for org
2024-12-13T18:05:44.700+05:30 DEBUG 7187 --- [contenttree] [           main] org.hibernate.mapping.BasicValue         : Skipping column re-registration: user_data_storage.org
2024-12-13T18:05:44.700+05:30 DEBUG 7187 --- [contenttree] [           main] o.h.boot.model.internal.PropertyBinder   : Building property org
2024-12-13T18:05:44.700+05:30 DEBUG 7187 --- [contenttree] [           main] o.h.boot.model.internal.AnnotatedColumn  : Binding column: AnnotatedColumn()
2024-12-13T18:05:44.700+05:30 DEBUG 7187 --- [contenttree] [           main] o.h.boot.model.internal.PropertyBinder   : MetadataSourceProcessor property postal with lazy=false
2024-12-13T18:05:44.700+05:30 DEBUG 7187 --- [contenttree] [           main] o.h.b.m.internal.AbstractPropertyHolder  : Attempting to locate auto-apply AttributeConverter for property [com.contenttree.userdatastorage.UserDataStorage:postal]
2024-12-13T18:05:44.700+05:30 DEBUG 7187 --- [contenttree] [           main] o.h.b.model.internal.BasicValueBinder    : building BasicValue for postal
2024-12-13T18:05:44.700+05:30 DEBUG 7187 --- [contenttree] [           main] org.hibernate.mapping.BasicValue         : Skipping column re-registration: user_data_storage.postal
2024-12-13T18:05:44.700+05:30 DEBUG 7187 --- [contenttree] [           main] o.h.boot.model.internal.PropertyBinder   : Building property postal
2024-12-13T18:05:44.701+05:30 DEBUG 7187 --- [contenttree] [           main] o.h.boot.model.internal.AnnotatedColumn  : Binding column: AnnotatedColumn()
2024-12-13T18:05:44.701+05:30 DEBUG 7187 --- [contenttree] [           main] o.h.boot.model.internal.PropertyBinder   : MetadataSourceProcessor property region with lazy=false
2024-12-13T18:05:44.701+05:30 DEBUG 7187 --- [contenttree] [           main] o.h.b.m.internal.AbstractPropertyHolder  : Attempting to locate auto-apply AttributeConverter for property [com.contenttree.userdatastorage.UserDataStorage:region]
2024-12-13T18:05:44.701+05:30 DEBUG 7187 --- [contenttree] [           main] o.h.b.model.internal.BasicValueBinder    : building BasicValue for region
2024-12-13T18:05:44.701+05:30 DEBUG 7187 --- [contenttree] [           main] org.hibernate.mapping.BasicValue         : Skipping column re-registration: user_data_storage.region
2024-12-13T18:05:44.701+05:30 DEBUG 7187 --- [contenttree] [           main] o.h.boot.model.internal.PropertyBinder   : Building property region
2024-12-13T18:05:44.701+05:30 DEBUG 7187 --- [contenttree] [           main] o.h.boot.model.internal.AnnotatedColumn  : Binding column: AnnotatedColumn()
2024-12-13T18:05:44.701+05:30 DEBUG 7187 --- [contenttree] [           main] o.h.boot.model.internal.PropertyBinder   : MetadataSourceProcessor property save with lazy=false
2024-12-13T18:05:44.701+05:30 DEBUG 7187 --- [contenttree] [           main] o.h.b.m.internal.AbstractPropertyHolder  : Attempting to locate auto-apply AttributeConverter for property [com.contenttree.userdatastorage.UserDataStorage:save]
2024-12-13T18:05:44.701+05:30 DEBUG 7187 --- [contenttree] [           main] o.h.b.model.internal.BasicValueBinder    : building BasicValue for save
2024-12-13T18:05:44.701+05:30 DEBUG 7187 --- [contenttree] [           main] org.hibernate.mapping.BasicValue         : Skipping column re-registration: user_data_storage.save
2024-12-13T18:05:44.701+05:30 DEBUG 7187 --- [contenttree] [           main] o.h.boot.model.internal.PropertyBinder   : Building property save
2024-12-13T18:05:44.701+05:30 DEBUG 7187 --- [contenttree] [           main] o.h.boot.model.internal.AnnotatedColumn  : Binding column: AnnotatedColumn()
2024-12-13T18:05:44.701+05:30 DEBUG 7187 --- [contenttree] [           main] o.h.boot.model.internal.PropertyBinder   : MetadataSourceProcessor property solutionSetId with lazy=false
2024-12-13T18:05:44.701+05:30 DEBUG 7187 --- [contenttree] [           main] o.h.b.m.internal.AbstractPropertyHolder  : Attempting to locate auto-apply AttributeConverter for property [com.contenttree.userdatastorage.UserDataStorage:solutionSetId]
2024-12-13T18:05:44.702+05:30 DEBUG 7187 --- [contenttree] [           main] o.h.b.model.internal.BasicValueBinder    : building BasicValue for solutionSetId
2024-12-13T18:05:44.702+05:30 DEBUG 7187 --- [contenttree] [           main] org.hibernate.mapping.BasicValue         : Skipping column re-registration: user_data_storage.solution_set_id
2024-12-13T18:05:44.702+05:30 DEBUG 7187 --- [contenttree] [           main] o.h.boot.model.internal.PropertyBinder   : Building property solutionSetId
2024-12-13T18:05:44.702+05:30 DEBUG 7187 --- [contenttree] [           main] o.h.boot.model.internal.AnnotatedColumn  : Binding column: AnnotatedColumn()
2024-12-13T18:05:44.702+05:30 DEBUG 7187 --- [contenttree] [           main] o.h.boot.model.internal.PropertyBinder   : MetadataSourceProcessor property timezone with lazy=false
2024-12-13T18:05:44.702+05:30 DEBUG 7187 --- [contenttree] [           main] o.h.b.m.internal.AbstractPropertyHolder  : Attempting to locate auto-apply AttributeConverter for property [com.contenttree.userdatastorage.UserDataStorage:timezone]
2024-12-13T18:05:44.702+05:30 DEBUG 7187 --- [contenttree] [           main] o.h.b.model.internal.BasicValueBinder    : building BasicValue for timezone
2024-12-13T18:05:44.702+05:30 DEBUG 7187 --- [contenttree] [           main] org.hibernate.mapping.BasicValue         : Skipping column re-registration: user_data_storage.timezone
2024-12-13T18:05:44.702+05:30 DEBUG 7187 --- [contenttree] [           main] o.h.boot.model.internal.PropertyBinder   : Building property timezone
2024-12-13T18:05:44.702+05:30 DEBUG 7187 --- [contenttree] [           main] o.h.boot.model.internal.AnnotatedColumn  : Binding column: AnnotatedColumn()
2024-12-13T18:05:44.702+05:30 DEBUG 7187 --- [contenttree] [           main] o.h.boot.model.internal.PropertyBinder   : MetadataSourceProcessor property user_id with lazy=false
2024-12-13T18:05:44.702+05:30 DEBUG 7187 --- [contenttree] [           main] o.h.b.m.internal.AbstractPropertyHolder  : Attempting to locate auto-apply AttributeConverter for property [com.contenttree.userdatastorage.UserDataStorage:user_id]
2024-12-13T18:05:44.702+05:30 DEBUG 7187 --- [contenttree] [           main] o.h.b.model.internal.BasicValueBinder    : building BasicValue for user_id
2024-12-13T18:05:44.702+05:30 DEBUG 7187 --- [contenttree] [           main] org.hibernate.mapping.BasicValue         : Skipping column re-registration: user_data_storage.user_id
2024-12-13T18:05:44.702+05:30 DEBUG 7187 --- [contenttree] [           main] o.h.boot.model.internal.PropertyBinder   : Building property user_id
2024-12-13T18:05:44.702+05:30 DEBUG 7187 --- [contenttree] [           main] o.h.boot.model.internal.AnnotatedColumn  : Binding column: AnnotatedColumn()
2024-12-13T18:05:44.702+05:30 DEBUG 7187 --- [contenttree] [           main] o.h.boot.model.internal.PropertyBinder   : MetadataSourceProcessor property view with lazy=false
2024-12-13T18:05:44.702+05:30 DEBUG 7187 --- [contenttree] [           main] o.h.b.m.internal.AbstractPropertyHolder  : Attempting to locate auto-apply AttributeConverter for property [com.contenttree.userdatastorage.UserDataStorage:view]
2024-12-13T18:05:44.702+05:30 DEBUG 7187 --- [contenttree] [           main] o.h.b.model.internal.BasicValueBinder    : building BasicValue for view
2024-12-13T18:05:44.702+05:30 DEBUG 7187 --- [contenttree] [           main] org.hibernate.mapping.BasicValue         : Skipping column re-registration: user_data_storage.view
2024-12-13T18:05:44.702+05:30 DEBUG 7187 --- [contenttree] [           main] o.h.boot.model.internal.PropertyBinder   : Building property view
2024-12-13T18:05:44.703+05:30 DEBUG 7187 --- [contenttree] [           main] o.h.b.r.c.i.ClassLoaderServiceImpl       : HHH000194: Package not found or no package-info.java: com.contenttree.userdatastorage
2024-12-13T18:05:44.703+05:30 DEBUG 7187 --- [contenttree] [           main] e.i.CallbackDefinitionResolverLegacyImpl : Adding prePersist as PrePersist callback for entity com.contenttree.userdatastorage.UserDataStorage
2024-12-13T18:05:44.703+05:30 DEBUG 7187 --- [contenttree] [           main] o.h.boot.model.internal.EntityBinder     : Binding entity from annotated class: com.contenttree.vendor.Vendors
2024-12-13T18:05:44.703+05:30 DEBUG 7187 --- [contenttree] [           main] o.h.boot.model.internal.EntityBinder     : Import with entity name Vendors
2024-12-13T18:05:44.703+05:30 DEBUG 7187 --- [contenttree] [           main] o.h.boot.model.internal.EntityBinder     : Bind entity com.contenttree.vendor.Vendors on table vendors
2024-12-13T18:05:44.703+05:30 DEBUG 7187 --- [contenttree] [           main] o.h.boot.model.internal.AnnotatedColumn  : Binding column: AnnotatedDiscriminatorColumn(column='DTYPE')
2024-12-13T18:05:44.704+05:30 DEBUG 7187 --- [contenttree] [           main] o.h.boot.model.internal.AnnotatedColumn  : Binding column: AnnotatedColumn()
2024-12-13T18:05:44.704+05:30 DEBUG 7187 --- [contenttree] [           main] o.h.boot.internal.ClassLoaderAccessImpl  : Not known whether passed class name [com.contenttree.vendor.Vendors] is safe
2024-12-13T18:05:44.704+05:30 DEBUG 7187 --- [contenttree] [           main] o.h.boot.internal.ClassLoaderAccessImpl  : No temp ClassLoader provided; using live ClassLoader for loading potentially unsafe class : com.contenttree.vendor.Vendors
2024-12-13T18:05:44.704+05:30 DEBUG 7187 --- [contenttree] [           main] o.h.boot.model.internal.PropertyBinder   : MetadataSourceProcessor property id with lazy=false
2024-12-13T18:05:44.704+05:30 DEBUG 7187 --- [contenttree] [           main] o.h.b.m.internal.AbstractPropertyHolder  : Attempting to locate auto-apply AttributeConverter for property [com.contenttree.vendor.Vendors:id]
2024-12-13T18:05:44.704+05:30 DEBUG 7187 --- [contenttree] [           main] o.h.b.model.internal.BasicValueBinder    : building BasicValue for id
2024-12-13T18:05:44.704+05:30 DEBUG 7187 --- [contenttree] [           main] org.hibernate.mapping.BasicValue         : Skipping column re-registration: vendors.id
2024-12-13T18:05:44.704+05:30 DEBUG 7187 --- [contenttree] [           main] o.h.boot.model.internal.PropertyBinder   : Building property id
2024-12-13T18:05:44.704+05:30 DEBUG 7187 --- [contenttree] [           main] o.h.boot.model.internal.BinderHelper     : #makeIdGenerator(BasicValue([Column(id)]), id, identity, , ...)
2024-12-13T18:05:44.704+05:30 DEBUG 7187 --- [contenttree] [           main] o.h.boot.model.internal.AnnotatedColumn  : Binding column: AnnotatedColumn()
2024-12-13T18:05:44.704+05:30 DEBUG 7187 --- [contenttree] [           main] o.h.boot.model.internal.PropertyBinder   : MetadataSourceProcessor property companyName with lazy=false
2024-12-13T18:05:44.704+05:30 DEBUG 7187 --- [contenttree] [           main] o.h.b.m.internal.AbstractPropertyHolder  : Attempting to locate auto-apply AttributeConverter for property [com.contenttree.vendor.Vendors:companyName]
2024-12-13T18:05:44.704+05:30 DEBUG 7187 --- [contenttree] [           main] o.h.b.model.internal.BasicValueBinder    : building BasicValue for companyName
2024-12-13T18:05:44.704+05:30 DEBUG 7187 --- [contenttree] [           main] org.hibernate.mapping.BasicValue         : Skipping column re-registration: vendors.company_name
2024-12-13T18:05:44.704+05:30 DEBUG 7187 --- [contenttree] [           main] o.h.boot.model.internal.PropertyBinder   : Building property companyName
2024-12-13T18:05:44.704+05:30 DEBUG 7187 --- [contenttree] [           main] o.h.boot.model.internal.AnnotatedColumn  : Binding column: AnnotatedJoinColumn()
2024-12-13T18:05:44.704+05:30 DEBUG 7187 --- [contenttree] [           main] o.h.boot.model.internal.AnnotatedColumn  : Binding column: AnnotatedColumn()
2024-12-13T18:05:44.704+05:30 DEBUG 7187 --- [contenttree] [           main] o.h.boot.model.internal.AnnotatedColumn  : Binding column: IndexColumn(column='downloadLogs_ORDER')
2024-12-13T18:05:44.704+05:30 DEBUG 7187 --- [contenttree] [           main] o.h.boot.model.internal.AnnotatedColumn  : Binding column: AnnotatedColumn()
2024-12-13T18:05:44.704+05:30 DEBUG 7187 --- [contenttree] [           main] o.h.boot.model.internal.AnnotatedColumn  : Binding column: AnnotatedColumn(column='downloadLogs_KEY')
2024-12-13T18:05:44.704+05:30 DEBUG 7187 --- [contenttree] [           main] o.h.boot.model.internal.AnnotatedColumn  : Binding column: AnnotatedJoinColumn(column='downloadLogs_KEY')
2024-12-13T18:05:44.704+05:30 DEBUG 7187 --- [contenttree] [           main] o.h.boot.model.internal.AnnotatedColumn  : Binding column: AnnotatedJoinColumn()
2024-12-13T18:05:44.704+05:30 DEBUG 7187 --- [contenttree] [           main] o.h.boot.model.internal.AnnotatedColumn  : Binding column: AnnotatedJoinColumn()
2024-12-13T18:05:44.704+05:30 DEBUG 7187 --- [contenttree] [           main] o.h.b.model.internal.CollectionBinder    : Collection role: com.contenttree.vendor.Vendors.downloadLogs
2024-12-13T18:05:44.704+05:30 DEBUG 7187 --- [contenttree] [           main] o.h.boot.model.internal.PropertyBinder   : Building property downloadLogs
2024-12-13T18:05:44.704+05:30 DEBUG 7187 --- [contenttree] [           main] o.h.boot.model.internal.AnnotatedColumn  : Binding column: AnnotatedColumn()
2024-12-13T18:05:44.704+05:30 DEBUG 7187 --- [contenttree] [           main] o.h.boot.model.internal.PropertyBinder   : MetadataSourceProcessor property dt1 with lazy=false
2024-12-13T18:05:44.704+05:30 DEBUG 7187 --- [contenttree] [           main] o.h.b.m.internal.AbstractPropertyHolder  : Attempting to locate auto-apply AttributeConverter for property [com.contenttree.vendor.Vendors:dt1]
2024-12-13T18:05:44.704+05:30 DEBUG 7187 --- [contenttree] [           main] o.h.b.model.internal.BasicValueBinder    : building BasicValue for dt1
2024-12-13T18:05:44.704+05:30 DEBUG 7187 --- [contenttree] [           main] org.hibernate.mapping.BasicValue         : Skipping column re-registration: vendors.dt1
2024-12-13T18:05:44.704+05:30 DEBUG 7187 --- [contenttree] [           main] o.h.boot.model.internal.PropertyBinder   : Building property dt1
2024-12-13T18:05:44.705+05:30 DEBUG 7187 --- [contenttree] [           main] o.h.boot.model.internal.AnnotatedColumn  : Binding column: AnnotatedColumn()
2024-12-13T18:05:44.705+05:30 DEBUG 7187 --- [contenttree] [           main] o.h.boot.model.internal.PropertyBinder   : MetadataSourceProcessor property email with lazy=false
2024-12-13T18:05:44.705+05:30 DEBUG 7187 --- [contenttree] [           main] o.h.b.m.internal.AbstractPropertyHolder  : Attempting to locate auto-apply AttributeConverter for property [com.contenttree.vendor.Vendors:email]
2024-12-13T18:05:44.705+05:30 DEBUG 7187 --- [contenttree] [           main] o.h.b.model.internal.BasicValueBinder    : building BasicValue for email
2024-12-13T18:05:44.705+05:30 DEBUG 7187 --- [contenttree] [           main] org.hibernate.mapping.BasicValue         : Skipping column re-registration: vendors.email
2024-12-13T18:05:44.705+05:30 DEBUG 7187 --- [contenttree] [           main] o.h.boot.model.internal.PropertyBinder   : Building property email
2024-12-13T18:05:44.705+05:30 DEBUG 7187 --- [contenttree] [           main] o.h.boot.model.internal.AnnotatedColumn  : Binding column: AnnotatedColumn()
2024-12-13T18:05:44.705+05:30 DEBUG 7187 --- [contenttree] [           main] o.h.boot.model.internal.PropertyBinder   : MetadataSourceProcessor property location with lazy=false
2024-12-13T18:05:44.705+05:30 DEBUG 7187 --- [contenttree] [           main] o.h.b.m.internal.AbstractPropertyHolder  : Attempting to locate auto-apply AttributeConverter for property [com.contenttree.vendor.Vendors:location]
2024-12-13T18:05:44.705+05:30 DEBUG 7187 --- [contenttree] [           main] o.h.b.model.internal.BasicValueBinder    : building BasicValue for location
2024-12-13T18:05:44.705+05:30 DEBUG 7187 --- [contenttree] [           main] org.hibernate.mapping.BasicValue         : Skipping column re-registration: vendors.location
2024-12-13T18:05:44.705+05:30 DEBUG 7187 --- [contenttree] [           main] o.h.boot.model.internal.PropertyBinder   : Building property location
2024-12-13T18:05:44.705+05:30 DEBUG 7187 --- [contenttree] [           main] o.h.boot.model.internal.AnnotatedColumn  : Binding column: AnnotatedColumn()
2024-12-13T18:05:44.705+05:30 DEBUG 7187 --- [contenttree] [           main] o.h.boot.model.internal.PropertyBinder   : MetadataSourceProcessor property name with lazy=false
2024-12-13T18:05:44.705+05:30 DEBUG 7187 --- [contenttree] [           main] o.h.b.m.internal.AbstractPropertyHolder  : Attempting to locate auto-apply AttributeConverter for property [com.contenttree.vendor.Vendors:name]
2024-12-13T18:05:44.705+05:30 DEBUG 7187 --- [contenttree] [           main] o.h.b.model.internal.BasicValueBinder    : building BasicValue for name
2024-12-13T18:05:44.705+05:30 DEBUG 7187 --- [contenttree] [           main] org.hibernate.mapping.BasicValue         : Skipping column re-registration: vendors.name
2024-12-13T18:05:44.705+05:30 DEBUG 7187 --- [contenttree] [           main] o.h.boot.model.internal.PropertyBinder   : Building property name
2024-12-13T18:05:44.705+05:30 DEBUG 7187 --- [contenttree] [           main] o.h.boot.model.internal.AnnotatedColumn  : Binding column: AnnotatedColumn()
2024-12-13T18:05:44.705+05:30 DEBUG 7187 --- [contenttree] [           main] o.h.boot.model.internal.PropertyBinder   : MetadataSourceProcessor property password with lazy=false
2024-12-13T18:05:44.705+05:30 DEBUG 7187 --- [contenttree] [           main] o.h.b.m.internal.AbstractPropertyHolder  : Attempting to locate auto-apply AttributeConverter for property [com.contenttree.vendor.Vendors:password]
2024-12-13T18:05:44.705+05:30 DEBUG 7187 --- [contenttree] [           main] o.h.b.model.internal.BasicValueBinder    : building BasicValue for password
2024-12-13T18:05:44.705+05:30 DEBUG 7187 --- [contenttree] [           main] org.hibernate.mapping.BasicValue         : Skipping column re-registration: vendors.password
2024-12-13T18:05:44.705+05:30 DEBUG 7187 --- [contenttree] [           main] o.h.boot.model.internal.PropertyBinder   : Building property password
2024-12-13T18:05:44.705+05:30 DEBUG 7187 --- [contenttree] [           main] o.h.boot.model.internal.AnnotatedColumn  : Binding column: AnnotatedColumn()
2024-12-13T18:05:44.705+05:30 DEBUG 7187 --- [contenttree] [           main] o.h.boot.model.internal.PropertyBinder   : MetadataSourceProcessor property phone with lazy=false
2024-12-13T18:05:44.705+05:30 DEBUG 7187 --- [contenttree] [           main] o.h.b.m.internal.AbstractPropertyHolder  : Attempting to locate auto-apply AttributeConverter for property [com.contenttree.vendor.Vendors:phone]
2024-12-13T18:05:44.705+05:30 DEBUG 7187 --- [contenttree] [           main] o.h.b.model.internal.BasicValueBinder    : building BasicValue for phone
2024-12-13T18:05:44.705+05:30 DEBUG 7187 --- [contenttree] [           main] org.hibernate.mapping.BasicValue         : Skipping column re-registration: vendors.phone
2024-12-13T18:05:44.705+05:30 DEBUG 7187 --- [contenttree] [           main] o.h.boot.model.internal.PropertyBinder   : Building property phone
2024-12-13T18:05:44.705+05:30 DEBUG 7187 --- [contenttree] [           main] o.h.boot.model.internal.AnnotatedColumn  : Binding column: AnnotatedJoinColumn()
2024-12-13T18:05:44.705+05:30 DEBUG 7187 --- [contenttree] [           main] o.h.boot.model.internal.AnnotatedColumn  : Binding column: AnnotatedColumn()
2024-12-13T18:05:44.705+05:30 DEBUG 7187 --- [contenttree] [           main] o.h.boot.model.internal.AnnotatedColumn  : Binding column: IndexColumn(column='solutionSets_ORDER')
2024-12-13T18:05:44.705+05:30 DEBUG 7187 --- [contenttree] [           main] o.h.boot.model.internal.AnnotatedColumn  : Binding column: AnnotatedColumn()
2024-12-13T18:05:44.705+05:30 DEBUG 7187 --- [contenttree] [           main] o.h.boot.model.internal.AnnotatedColumn  : Binding column: AnnotatedColumn(column='solutionSets_KEY')
2024-12-13T18:05:44.705+05:30 DEBUG 7187 --- [contenttree] [           main] o.h.boot.model.internal.AnnotatedColumn  : Binding column: AnnotatedJoinColumn(column='solutionSets_KEY')
2024-12-13T18:05:44.705+05:30 DEBUG 7187 --- [contenttree] [           main] o.h.boot.model.internal.AnnotatedColumn  : Binding column: AnnotatedJoinColumn()
2024-12-13T18:05:44.705+05:30 DEBUG 7187 --- [contenttree] [           main] o.h.boot.model.internal.AnnotatedColumn  : Binding column: AnnotatedJoinColumn()
2024-12-13T18:05:44.705+05:30 DEBUG 7187 --- [contenttree] [           main] o.h.b.model.internal.CollectionBinder    : Collection role: com.contenttree.vendor.Vendors.solutionSets
2024-12-13T18:05:44.705+05:30 DEBUG 7187 --- [contenttree] [           main] o.h.boot.model.internal.PropertyBinder   : Building property solutionSets
2024-12-13T18:05:44.705+05:30 DEBUG 7187 --- [contenttree] [           main] o.h.boot.model.internal.AnnotatedColumn  : Binding column: AnnotatedColumn()
2024-12-13T18:05:44.705+05:30 DEBUG 7187 --- [contenttree] [           main] o.h.boot.model.internal.PropertyBinder   : MetadataSourceProcessor property status with lazy=false
2024-12-13T18:05:44.705+05:30 DEBUG 7187 --- [contenttree] [           main] o.h.b.m.internal.AbstractPropertyHolder  : Attempting to locate auto-apply AttributeConverter for property [com.contenttree.vendor.Vendors:status]
2024-12-13T18:05:44.705+05:30 DEBUG 7187 --- [contenttree] [           main] o.h.b.model.internal.BasicValueBinder    : building BasicValue for status
2024-12-13T18:05:44.705+05:30 DEBUG 7187 --- [contenttree] [           main] org.hibernate.mapping.BasicValue         : Skipping column re-registration: vendors.status
2024-12-13T18:05:44.706+05:30 DEBUG 7187 --- [contenttree] [           main] o.h.boot.model.internal.PropertyBinder   : Building property status
2024-12-13T18:05:44.706+05:30 DEBUG 7187 --- [contenttree] [           main] o.h.b.r.c.i.ClassLoaderServiceImpl       : HHH000194: Package not found or no package-info.java: com.contenttree.vendor
2024-12-13T18:05:44.706+05:30 DEBUG 7187 --- [contenttree] [           main] e.i.CallbackDefinitionResolverLegacyImpl : Adding prePersist as PrePersist callback for entity com.contenttree.vendor.Vendors
2024-12-13T18:05:44.706+05:30 DEBUG 7187 --- [contenttree] [           main] o.h.b.model.internal.BasicValueBinder    : Starting `BasicValueBinder#fillSimpleValue` for id
2024-12-13T18:05:44.707+05:30 DEBUG 7187 --- [contenttree] [           main] o.h.b.model.internal.BasicValueBinder    : Starting `BasicValueBinder#fillSimpleValue` for blogName
2024-12-13T18:05:44.707+05:30 DEBUG 7187 --- [contenttree] [           main] o.h.b.model.internal.BasicValueBinder    : Starting `BasicValueBinder#fillSimpleValue` for blogPath
2024-12-13T18:05:44.707+05:30 DEBUG 7187 --- [contenttree] [           main] o.h.b.model.internal.BasicValueBinder    : Starting `BasicValueBinder#fillSimpleValue` for dt1
2024-12-13T18:05:44.707+05:30 DEBUG 7187 --- [contenttree] [           main] o.h.b.model.internal.BasicValueBinder    : Starting `BasicValueBinder#fillSimpleValue` for id
2024-12-13T18:05:44.707+05:30 DEBUG 7187 --- [contenttree] [           main] o.h.b.model.internal.BasicValueBinder    : Starting `BasicValueBinder#fillSimpleValue` for blogCategoryDescp
2024-12-13T18:05:44.707+05:30 DEBUG 7187 --- [contenttree] [           main] o.h.b.model.internal.BasicValueBinder    : Starting `BasicValueBinder#fillSimpleValue` for blogCategoryName
2024-12-13T18:05:44.707+05:30 DEBUG 7187 --- [contenttree] [           main] o.h.b.model.internal.BasicValueBinder    : Starting `BasicValueBinder#fillSimpleValue` for dt1
2024-12-13T18:05:44.707+05:30 DEBUG 7187 --- [contenttree] [           main] o.h.b.model.internal.BasicValueBinder    : Starting `BasicValueBinder#fillSimpleValue` for id
2024-12-13T18:05:44.707+05:30 DEBUG 7187 --- [contenttree] [           main] o.h.b.model.internal.BasicValueBinder    : Starting `BasicValueBinder#fillSimpleValue` for dt1
2024-12-13T18:05:44.707+05:30 DEBUG 7187 --- [contenttree] [           main] o.h.b.model.internal.BasicValueBinder    : Starting `BasicValueBinder#fillSimpleValue` for endDate
2024-12-13T18:05:44.707+05:30 DEBUG 7187 --- [contenttree] [           main] o.h.b.model.internal.BasicValueBinder    : Starting `BasicValueBinder#fillSimpleValue` for name
2024-12-13T18:05:44.707+05:30 DEBUG 7187 --- [contenttree] [           main] o.h.b.model.internal.BasicValueBinder    : Starting `BasicValueBinder#fillSimpleValue` for startDate
2024-12-13T18:05:44.707+05:30 DEBUG 7187 --- [contenttree] [           main] o.h.b.model.internal.BasicValueBinder    : Starting `BasicValueBinder#fillSimpleValue` for status
2024-12-13T18:05:44.708+05:30 DEBUG 7187 --- [contenttree] [           main] o.h.b.model.internal.BasicValueBinder    : Starting `BasicValueBinder#fillSimpleValue` for id
2024-12-13T18:05:44.708+05:30 DEBUG 7187 --- [contenttree] [           main] o.h.b.model.internal.BasicValueBinder    : Starting `BasicValueBinder#fillSimpleValue` for dt1
2024-12-13T18:05:44.708+05:30 DEBUG 7187 --- [contenttree] [           main] o.h.b.model.internal.BasicValueBinder    : Starting `BasicValueBinder#fillSimpleValue` for eventAddress
2024-12-13T18:05:44.708+05:30 DEBUG 7187 --- [contenttree] [           main] o.h.b.model.internal.BasicValueBinder    : Starting `BasicValueBinder#fillSimpleValue` for eventLink
2024-12-13T18:05:44.708+05:30 DEBUG 7187 --- [contenttree] [           main] o.h.b.model.internal.BasicValueBinder    : Starting `BasicValueBinder#fillSimpleValue` for eventName
2024-12-13T18:05:44.708+05:30 DEBUG 7187 --- [contenttree] [           main] o.h.b.model.internal.BasicValueBinder    : Starting `BasicValueBinder#fillSimpleValue` for eventSpeakers
2024-12-13T18:05:44.708+05:30 DEBUG 7187 --- [contenttree] [           main] o.h.b.model.internal.BasicValueBinder    : Starting `BasicValueBinder#fillSimpleValue` for eventSubject
2024-12-13T18:05:44.708+05:30 DEBUG 7187 --- [contenttree] [           main] o.h.b.model.internal.BasicValueBinder    : Starting `BasicValueBinder#fillSimpleValue` for id
2024-12-13T18:05:44.708+05:30 DEBUG 7187 --- [contenttree] [           main] o.h.b.model.internal.BasicValueBinder    : Starting `BasicValueBinder#fillSimpleValue` for dt1
2024-12-13T18:05:44.708+05:30 DEBUG 7187 --- [contenttree] [           main] o.h.b.model.internal.BasicValueBinder    : Starting `BasicValueBinder#fillSimpleValue` for liveLink
2024-12-13T18:05:44.708+05:30 DEBUG 7187 --- [contenttree] [           main] o.h.b.model.internal.BasicValueBinder    : Starting `BasicValueBinder#fillSimpleValue` for webinarName
2024-12-13T18:05:44.708+05:30 DEBUG 7187 --- [contenttree] [           main] o.h.b.model.internal.BasicValueBinder    : Starting `BasicValueBinder#fillSimpleValue` for webinarSpeakers
2024-12-13T18:05:44.708+05:30 DEBUG 7187 --- [contenttree] [           main] o.h.b.model.internal.BasicValueBinder    : Starting `BasicValueBinder#fillSimpleValue` for webinarSubject
2024-12-13T18:05:44.708+05:30 DEBUG 7187 --- [contenttree] [           main] o.h.b.model.internal.BasicValueBinder    : Starting `BasicValueBinder#fillSimpleValue` for id
2024-12-13T18:05:44.708+05:30 DEBUG 7187 --- [contenttree] [           main] o.h.b.model.internal.BasicValueBinder    : Starting `BasicValueBinder#fillSimpleValue` for code
2024-12-13T18:05:44.708+05:30 DEBUG 7187 --- [contenttree] [           main] o.h.b.model.internal.BasicValueBinder    : Starting `BasicValueBinder#fillSimpleValue` for name
2024-12-13T18:05:44.708+05:30 DEBUG 7187 --- [contenttree] [           main] o.h.b.model.internal.BasicValueBinder    : Starting `BasicValueBinder#fillSimpleValue` for id
2024-12-13T18:05:44.708+05:30 DEBUG 7187 --- [contenttree] [           main] o.h.b.model.internal.BasicValueBinder    : Starting `BasicValueBinder#fillSimpleValue` for content
2024-12-13T18:05:44.708+05:30 DEBUG 7187 --- [contenttree] [           main] o.h.b.model.internal.BasicValueBinder    : Starting `BasicValueBinder#fillSimpleValue` for dt1
2024-12-13T18:05:44.708+05:30 DEBUG 7187 --- [contenttree] [           main] o.h.b.model.internal.BasicValueBinder    : Starting `BasicValueBinder#fillSimpleValue` for filePath
2024-12-13T18:05:44.708+05:30 DEBUG 7187 --- [contenttree] [           main] o.h.b.model.internal.BasicValueBinder    : Starting `BasicValueBinder#fillSimpleValue` for title
2024-12-13T18:05:44.708+05:30 DEBUG 7187 --- [contenttree] [           main] o.h.b.model.internal.BasicValueBinder    : Starting `BasicValueBinder#fillSimpleValue` for id
2024-12-13T18:05:44.708+05:30 DEBUG 7187 --- [contenttree] [           main] o.h.b.model.internal.BasicValueBinder    : Starting `BasicValueBinder#fillSimpleValue` for countryName
2024-12-13T18:05:44.708+05:30 DEBUG 7187 --- [contenttree] [           main] o.h.b.model.internal.BasicValueBinder    : Starting `BasicValueBinder#fillSimpleValue` for dt1
2024-12-13T18:05:44.708+05:30 DEBUG 7187 --- [contenttree] [           main] o.h.b.model.internal.BasicValueBinder    : Starting `BasicValueBinder#fillSimpleValue` for percent
2024-12-13T18:05:44.708+05:30 DEBUG 7187 --- [contenttree] [           main] o.h.b.model.internal.BasicValueBinder    : Starting `BasicValueBinder#fillSimpleValue` for id
2024-12-13T18:05:44.708+05:30 DEBUG 7187 --- [contenttree] [           main] o.h.b.model.internal.BasicValueBinder    : Starting `BasicValueBinder#fillSimpleValue` for categoryCount
2024-12-13T18:05:44.708+05:30 DEBUG 7187 --- [contenttree] [           main] o.h.b.model.internal.BasicValueBinder    : Starting `BasicValueBinder#fillSimpleValue` for dt1
2024-12-13T18:05:44.708+05:30 DEBUG 7187 --- [contenttree] [           main] o.h.b.model.internal.BasicValueBinder    : Starting `BasicValueBinder#fillSimpleValue` for usersCount
2024-12-13T18:05:44.708+05:30 DEBUG 7187 --- [contenttree] [           main] o.h.b.model.internal.BasicValueBinder    : Starting `BasicValueBinder#fillSimpleValue` for vendorsCount
2024-12-13T18:05:44.708+05:30 DEBUG 7187 --- [contenttree] [           main] o.h.b.model.internal.BasicValueBinder    : Starting `BasicValueBinder#fillSimpleValue` for whitePaperCount
2024-12-13T18:05:44.708+05:30 DEBUG 7187 --- [contenttree] [           main] o.h.b.model.internal.BasicValueBinder    : Starting `BasicValueBinder#fillSimpleValue` for id
2024-12-13T18:05:44.708+05:30 DEBUG 7187 --- [contenttree] [           main] o.h.b.model.internal.BasicValueBinder    : Starting `BasicValueBinder#fillSimpleValue` for dt1
2024-12-13T18:05:44.708+05:30 DEBUG 7187 --- [contenttree] [           main] o.h.b.model.internal.BasicValueBinder    : Starting `BasicValueBinder#fillSimpleValue` for email
2024-12-13T18:05:44.708+05:30 DEBUG 7187 --- [contenttree] [           main] o.h.b.model.internal.BasicValueBinder    : Starting `BasicValueBinder#fillSimpleValue` for location
2024-12-13T18:05:44.708+05:30 DEBUG 7187 --- [contenttree] [           main] o.h.b.model.internal.BasicValueBinder    : Starting `BasicValueBinder#fillSimpleValue` for name
2024-12-13T18:05:44.708+05:30 DEBUG 7187 --- [contenttree] [           main] o.h.b.model.internal.BasicValueBinder    : Starting `BasicValueBinder#fillSimpleValue` for password
2024-12-13T18:05:44.708+05:30 DEBUG 7187 --- [contenttree] [           main] o.h.b.model.internal.BasicValueBinder    : Starting `BasicValueBinder#fillSimpleValue` for phone
2024-12-13T18:05:44.708+05:30 DEBUG 7187 --- [contenttree] [           main] o.h.b.model.internal.BasicValueBinder    : Starting `BasicValueBinder#fillSimpleValue` for id
2024-12-13T18:05:44.708+05:30 DEBUG 7187 --- [contenttree] [           main] o.h.b.model.internal.BasicValueBinder    : Starting `BasicValueBinder#fillSimpleValue` for bannerType
2024-12-13T18:05:44.708+05:30 DEBUG 7187 --- [contenttree] [           main] o.h.b.model.internal.BasicValueBinder    : Starting `BasicValueBinder#fillSimpleValue` for dt1
2024-12-13T18:05:44.708+05:30 DEBUG 7187 --- [contenttree] [           main] o.h.b.model.internal.BasicValueBinder    : Starting `BasicValueBinder#fillSimpleValue` for filePath
2024-12-13T18:05:44.708+05:30 DEBUG 7187 --- [contenttree] [           main] o.h.b.model.internal.BasicValueBinder    : Starting `BasicValueBinder#fillSimpleValue` for name
2024-12-13T18:05:44.709+05:30 DEBUG 7187 --- [contenttree] [           main] o.h.b.model.internal.BasicValueBinder    : Starting `BasicValueBinder#fillSimpleValue` for id
2024-12-13T18:05:44.709+05:30 DEBUG 7187 --- [contenttree] [           main] o.h.b.model.internal.BasicValueBinder    : Starting `BasicValueBinder#fillSimpleValue` for bannerPath
2024-12-13T18:05:44.709+05:30 DEBUG 7187 --- [contenttree] [           main] o.h.b.model.internal.BasicValueBinder    : Starting `BasicValueBinder#fillSimpleValue` for descp
2024-12-13T18:05:44.709+05:30 DEBUG 7187 --- [contenttree] [           main] o.h.b.model.internal.BasicValueBinder    : Starting `BasicValueBinder#fillSimpleValue` for dt1
2024-12-13T18:05:44.709+05:30 DEBUG 7187 --- [contenttree] [           main] o.h.b.model.internal.BasicValueBinder    : Starting `BasicValueBinder#fillSimpleValue` for iconPath
2024-12-13T18:05:44.709+05:30 DEBUG 7187 --- [contenttree] [           main] o.h.b.model.internal.BasicValueBinder    : Starting `BasicValueBinder#fillSimpleValue` for name
2024-12-13T18:05:44.709+05:30 DEBUG 7187 --- [contenttree] [           main] o.h.b.model.internal.BasicValueBinder    : Starting `BasicValueBinder#fillSimpleValue` for tokenId
2024-12-13T18:05:44.709+05:30 DEBUG 7187 --- [contenttree] [           main] o.h.b.model.internal.BasicValueBinder    : Starting `BasicValueBinder#fillSimpleValue` for confirmationToken
2024-12-13T18:05:44.709+05:30 DEBUG 7187 --- [contenttree] [           main] o.h.b.model.internal.BasicValueBinder    : Starting `BasicValueBinder#fillSimpleValue` for createdDate
2024-12-13T18:05:44.709+05:30 DEBUG 7187 --- [contenttree] [           main] o.h.b.model.internal.BasicValueBinder    : Starting `BasicValueBinder#fillSimpleValue` for id
2024-12-13T18:05:44.709+05:30 DEBUG 7187 --- [contenttree] [           main] o.h.b.model.internal.BasicValueBinder    : Starting `BasicValueBinder#fillSimpleValue` for dt1
2024-12-13T18:05:44.709+05:30 DEBUG 7187 --- [contenttree] [           main] o.h.b.model.internal.BasicValueBinder    : Starting `BasicValueBinder#fillSimpleValue` for ipAddress
2024-12-13T18:05:44.709+05:30 DEBUG 7187 --- [contenttree] [           main] o.h.b.model.internal.BasicValueBinder    : Starting `BasicValueBinder#fillSimpleValue` for pdfId
2024-12-13T18:05:44.709+05:30 DEBUG 7187 --- [contenttree] [           main] o.h.b.model.internal.BasicValueBinder    : Starting `BasicValueBinder#fillSimpleValue` for id
2024-12-13T18:05:44.709+05:30 DEBUG 7187 --- [contenttree] [           main] o.h.b.model.internal.BasicValueBinder    : Starting `BasicValueBinder#fillSimpleValue` for description
2024-12-13T18:05:44.709+05:30 DEBUG 7187 --- [contenttree] [           main] o.h.b.model.internal.BasicValueBinder    : Starting `BasicValueBinder#fillSimpleValue` for dt1
2024-12-13T18:05:44.709+05:30 DEBUG 7187 --- [contenttree] [           main] o.h.b.model.internal.BasicValueBinder    : Starting `BasicValueBinder#fillSimpleValue` for filePath
2024-12-13T18:05:44.709+05:30 DEBUG 7187 --- [contenttree] [           main] o.h.b.model.internal.BasicValueBinder    : Starting `BasicValueBinder#fillSimpleValue` for fileType
2024-12-13T18:05:44.709+05:30 DEBUG 7187 --- [contenttree] [           main] o.h.b.model.internal.BasicValueBinder    : Starting `BasicValueBinder#fillSimpleValue` for imagePath
2024-12-13T18:05:44.709+05:30 DEBUG 7187 --- [contenttree] [           main] o.h.b.model.internal.BasicValueBinder    : Starting `BasicValueBinder#fillSimpleValue` for name
2024-12-13T18:05:44.709+05:30 DEBUG 7187 --- [contenttree] [           main] o.h.b.model.internal.BasicValueBinder    : Starting `BasicValueBinder#fillSimpleValue` for status
2024-12-13T18:05:44.709+05:30 DEBUG 7187 --- [contenttree] [           main] o.h.b.model.internal.BasicValueBinder    : Starting `BasicValueBinder#fillSimpleValue` for title
2024-12-13T18:05:44.709+05:30 DEBUG 7187 --- [contenttree] [           main] o.h.b.model.internal.BasicValueBinder    : Starting `BasicValueBinder#fillSimpleValue` for id
2024-12-13T18:05:44.709+05:30 DEBUG 7187 --- [contenttree] [           main] o.h.b.model.internal.BasicValueBinder    : Starting `BasicValueBinder#fillSimpleValue` for company
2024-12-13T18:05:44.709+05:30 DEBUG 7187 --- [contenttree] [           main] o.h.b.model.internal.BasicValueBinder    : Starting `BasicValueBinder#fillSimpleValue` for country
2024-12-13T18:05:44.709+05:30 DEBUG 7187 --- [contenttree] [           main] o.h.b.model.internal.BasicValueBinder    : Starting `BasicValueBinder#fillSimpleValue` for dt1
2024-12-13T18:05:44.709+05:30 DEBUG 7187 --- [contenttree] [           main] o.h.b.model.internal.BasicValueBinder    : Starting `BasicValueBinder#fillSimpleValue` for email
2024-12-13T18:05:44.709+05:30 DEBUG 7187 --- [contenttree] [           main] o.h.b.model.internal.BasicValueBinder    : Starting `BasicValueBinder#fillSimpleValue` for favorites
2024-12-13T18:05:44.709+05:30 DEBUG 7187 --- [contenttree] [           main] o.h.b.model.internal.BasicValueBinder    : Starting `BasicValueBinder#fillSimpleValue` for ipAddress
2024-12-13T18:05:44.709+05:30 DEBUG 7187 --- [contenttree] [           main] o.h.b.model.internal.BasicValueBinder    : Starting `BasicValueBinder#fillSimpleValue` for isEnabled
2024-12-13T18:05:44.709+05:30 DEBUG 7187 --- [contenttree] [           main] o.h.b.model.internal.BasicValueBinder    : Starting `BasicValueBinder#fillSimpleValue` for isSubscriber
2024-12-13T18:05:44.709+05:30 DEBUG 7187 --- [contenttree] [           main] o.h.b.model.internal.BasicValueBinder    : Starting `BasicValueBinder#fillSimpleValue` for jobTitle
2024-12-13T18:05:44.709+05:30 DEBUG 7187 --- [contenttree] [           main] o.h.b.model.internal.BasicValueBinder    : Starting `BasicValueBinder#fillSimpleValue` for lastName
2024-12-13T18:05:44.709+05:30 DEBUG 7187 --- [contenttree] [           main] o.h.b.model.internal.BasicValueBinder    : Starting `BasicValueBinder#fillSimpleValue` for name
2024-12-13T18:05:44.709+05:30 DEBUG 7187 --- [contenttree] [           main] o.h.b.model.internal.BasicValueBinder    : Starting `BasicValueBinder#fillSimpleValue` for password
2024-12-13T18:05:44.709+05:30 DEBUG 7187 --- [contenttree] [           main] o.h.b.model.internal.BasicValueBinder    : Starting `BasicValueBinder#fillSimpleValue` for phone
2024-12-13T18:05:44.709+05:30 DEBUG 7187 --- [contenttree] [           main] o.h.b.model.internal.BasicValueBinder    : Starting `BasicValueBinder#fillSimpleValue` for savedPdf
2024-12-13T18:05:44.709+05:30 DEBUG 7187 --- [contenttree] [           main] o.h.b.model.internal.BasicValueBinder    : Starting `BasicValueBinder#fillSimpleValue` for viewdPdf
2024-12-13T18:05:44.709+05:30 DEBUG 7187 --- [contenttree] [           main] o.h.b.model.internal.BasicValueBinder    : Starting `BasicValueBinder#fillSimpleValue` for id
2024-12-13T18:05:44.709+05:30 DEBUG 7187 --- [contenttree] [           main] o.h.b.model.internal.BasicValueBinder    : Starting `BasicValueBinder#fillSimpleValue` for city
2024-12-13T18:05:44.709+05:30 DEBUG 7187 --- [contenttree] [           main] o.h.b.model.internal.BasicValueBinder    : Starting `BasicValueBinder#fillSimpleValue` for country
2024-12-13T18:05:44.709+05:30 DEBUG 7187 --- [contenttree] [           main] o.h.b.model.internal.BasicValueBinder    : Starting `BasicValueBinder#fillSimpleValue` for download
2024-12-13T18:05:44.709+05:30 DEBUG 7187 --- [contenttree] [           main] o.h.b.model.internal.BasicValueBinder    : Starting `BasicValueBinder#fillSimpleValue` for dt1
2024-12-13T18:05:44.709+05:30 DEBUG 7187 --- [contenttree] [           main] o.h.b.model.internal.BasicValueBinder    : Starting `BasicValueBinder#fillSimpleValue` for ip
2024-12-13T18:05:44.709+05:30 DEBUG 7187 --- [contenttree] [           main] o.h.b.model.internal.BasicValueBinder    : Starting `BasicValueBinder#fillSimpleValue` for location
2024-12-13T18:05:44.709+05:30 DEBUG 7187 --- [contenttree] [           main] o.h.b.model.internal.BasicValueBinder    : Starting `BasicValueBinder#fillSimpleValue` for org
2024-12-13T18:05:44.709+05:30 DEBUG 7187 --- [contenttree] [           main] o.h.b.model.internal.BasicValueBinder    : Starting `BasicValueBinder#fillSimpleValue` for postal
2024-12-13T18:05:44.709+05:30 DEBUG 7187 --- [contenttree] [           main] o.h.b.model.internal.BasicValueBinder    : Starting `BasicValueBinder#fillSimpleValue` for region
2024-12-13T18:05:44.709+05:30 DEBUG 7187 --- [contenttree] [           main] o.h.b.model.internal.BasicValueBinder    : Starting `BasicValueBinder#fillSimpleValue` for save
2024-12-13T18:05:44.709+05:30 DEBUG 7187 --- [contenttree] [           main] o.h.b.model.internal.BasicValueBinder    : Starting `BasicValueBinder#fillSimpleValue` for solutionSetId
2024-12-13T18:05:44.709+05:30 DEBUG 7187 --- [contenttree] [           main] o.h.b.model.internal.BasicValueBinder    : Starting `BasicValueBinder#fillSimpleValue` for timezone
2024-12-13T18:05:44.709+05:30 DEBUG 7187 --- [contenttree] [           main] o.h.b.model.internal.BasicValueBinder    : Starting `BasicValueBinder#fillSimpleValue` for user_id
2024-12-13T18:05:44.709+05:30 DEBUG 7187 --- [contenttree] [           main] o.h.b.model.internal.BasicValueBinder    : Starting `BasicValueBinder#fillSimpleValue` for view
2024-12-13T18:05:44.709+05:30 DEBUG 7187 --- [contenttree] [           main] o.h.b.model.internal.BasicValueBinder    : Starting `BasicValueBinder#fillSimpleValue` for id
2024-12-13T18:05:44.709+05:30 DEBUG 7187 --- [contenttree] [           main] o.h.b.model.internal.BasicValueBinder    : Starting `BasicValueBinder#fillSimpleValue` for companyName
2024-12-13T18:05:44.709+05:30 DEBUG 7187 --- [contenttree] [           main] o.h.b.model.internal.BasicValueBinder    : Starting `BasicValueBinder#fillSimpleValue` for dt1
2024-12-13T18:05:44.709+05:30 DEBUG 7187 --- [contenttree] [           main] o.h.b.model.internal.BasicValueBinder    : Starting `BasicValueBinder#fillSimpleValue` for email
2024-12-13T18:05:44.709+05:30 DEBUG 7187 --- [contenttree] [           main] o.h.b.model.internal.BasicValueBinder    : Starting `BasicValueBinder#fillSimpleValue` for location
2024-12-13T18:05:44.709+05:30 DEBUG 7187 --- [contenttree] [           main] o.h.b.model.internal.BasicValueBinder    : Starting `BasicValueBinder#fillSimpleValue` for name
2024-12-13T18:05:44.709+05:30 DEBUG 7187 --- [contenttree] [           main] o.h.b.model.internal.BasicValueBinder    : Starting `BasicValueBinder#fillSimpleValue` for password
2024-12-13T18:05:44.709+05:30 DEBUG 7187 --- [contenttree] [           main] o.h.b.model.internal.BasicValueBinder    : Starting `BasicValueBinder#fillSimpleValue` for phone
2024-12-13T18:05:44.709+05:30 DEBUG 7187 --- [contenttree] [           main] o.h.b.model.internal.BasicValueBinder    : Starting `BasicValueBinder#fillSimpleValue` for status
2024-12-13T18:05:44.712+05:30 DEBUG 7187 --- [contenttree] [           main] org.hibernate.mapping.PrimaryKey         : Forcing column [id] to be non-null as it is part of the primary key for table [blogs]
2024-12-13T18:05:44.713+05:30 DEBUG 7187 --- [contenttree] [           main] org.hibernate.mapping.PrimaryKey         : Forcing column [id] to be non-null as it is part of the primary key for table [blogs_category]
2024-12-13T18:05:44.713+05:30 DEBUG 7187 --- [contenttree] [           main] org.hibernate.mapping.PrimaryKey         : Forcing column [id] to be non-null as it is part of the primary key for table [campaign]
2024-12-13T18:05:44.713+05:30 DEBUG 7187 --- [contenttree] [           main] org.hibernate.mapping.PrimaryKey         : Forcing column [id] to be non-null as it is part of the primary key for table [event]
2024-12-13T18:05:44.713+05:30 DEBUG 7187 --- [contenttree] [           main] org.hibernate.mapping.PrimaryKey         : Forcing column [id] to be non-null as it is part of the primary key for table [webinar]
2024-12-13T18:05:44.713+05:30 DEBUG 7187 --- [contenttree] [           main] org.hibernate.mapping.PrimaryKey         : Forcing column [id] to be non-null as it is part of the primary key for table [country_code]
2024-12-13T18:05:44.713+05:30 DEBUG 7187 --- [contenttree] [           main] org.hibernate.mapping.PrimaryKey         : Forcing column [id] to be non-null as it is part of the primary key for table [news_letter]
2024-12-13T18:05:44.713+05:30 DEBUG 7187 --- [contenttree] [           main] org.hibernate.mapping.PrimaryKey         : Forcing column [id] to be non-null as it is part of the primary key for table [region]
2024-12-13T18:05:44.713+05:30 DEBUG 7187 --- [contenttree] [           main] org.hibernate.mapping.PrimaryKey         : Forcing column [id] to be non-null as it is part of the primary key for table [static_count]
2024-12-13T18:05:44.713+05:30 DEBUG 7187 --- [contenttree] [           main] org.hibernate.mapping.PrimaryKey         : Forcing column [id] to be non-null as it is part of the primary key for table [admin]
2024-12-13T18:05:44.713+05:30 DEBUG 7187 --- [contenttree] [           main] org.hibernate.mapping.PrimaryKey         : Forcing column [id] to be non-null as it is part of the primary key for table [banner_entity]
2024-12-13T18:05:44.713+05:30 DEBUG 7187 --- [contenttree] [           main] org.hibernate.mapping.PrimaryKey         : Forcing column [id] to be non-null as it is part of the primary key for table [category]
2024-12-13T18:05:44.713+05:30 DEBUG 7187 --- [contenttree] [           main] org.hibernate.mapping.PrimaryKey         : Forcing column [token_id] to be non-null as it is part of the primary key for table [confirmation_token]
2024-12-13T18:05:44.713+05:30 DEBUG 7187 --- [contenttree] [           main] org.hibernate.mapping.PrimaryKey         : Forcing column [id] to be non-null as it is part of the primary key for table [download_log]
2024-12-13T18:05:44.713+05:30 DEBUG 7187 --- [contenttree] [           main] org.hibernate.mapping.PrimaryKey         : Forcing column [id] to be non-null as it is part of the primary key for table [solution_sets]
2024-12-13T18:05:44.713+05:30 DEBUG 7187 --- [contenttree] [           main] org.hibernate.mapping.PrimaryKey         : Forcing column [id] to be non-null as it is part of the primary key for table [user]
2024-12-13T18:05:44.713+05:30 DEBUG 7187 --- [contenttree] [           main] org.hibernate.mapping.PrimaryKey         : Forcing column [id] to be non-null as it is part of the primary key for table [user_data_storage]
2024-12-13T18:05:44.713+05:30 DEBUG 7187 --- [contenttree] [           main] org.hibernate.mapping.PrimaryKey         : Forcing column [id] to be non-null as it is part of the primary key for table [vendors]
2024-12-13T18:05:44.713+05:30 DEBUG 7187 --- [contenttree] [           main] o.h.b.m.internal.CollectionSecondPass    : Second pass for collection: com.contenttree.user.User.newsLetterList
2024-12-13T18:05:44.713+05:30 DEBUG 7187 --- [contenttree] [           main] o.h.b.model.internal.CollectionBinder    : Binding a OneToMany: com.contenttree.user.User.newsLetterList through a foreign key
2024-12-13T18:05:44.714+05:30 DEBUG 7187 --- [contenttree] [           main] o.h.b.model.internal.CollectionBinder    : Mapping collection: com.contenttree.user.User.newsLetterList -> news_letter
2024-12-13T18:05:44.714+05:30 DEBUG 7187 --- [contenttree] [           main] o.h.b.m.internal.CollectionSecondPass    : Mapped collection key: user_id, one-to-many: com.contenttree.NewsLetter.NewsLetter
2024-12-13T18:05:44.714+05:30 DEBUG 7187 --- [contenttree] [           main] o.h.b.m.internal.CollectionSecondPass    : Second pass for collection: com.contenttree.admin.Admin.role
2024-12-13T18:05:44.714+05:30 DEBUG 7187 --- [contenttree] [           main] o.h.b.model.internal.CollectionBinder    : Binding a collection of element: com.contenttree.admin.Admin.role
2024-12-13T18:05:44.715+05:30 DEBUG 7187 --- [contenttree] [           main] o.h.b.r.c.i.ClassLoaderServiceImpl       : HHH000194: Package not found or no package-info.java: com.contenttree.admin
2024-12-13T18:05:44.717+05:30 DEBUG 7187 --- [contenttree] [           main] o.h.b.m.i.CollectionPropertyHolder       : Attempting to locate auto-apply AttributeConverter for collection element [com.contenttree.admin.Admin.role]
2024-12-13T18:05:44.717+05:30 DEBUG 7187 --- [contenttree] [           main] o.h.b.model.internal.BasicValueBinder    : building BasicValue for null
2024-12-13T18:05:44.717+05:30 DEBUG 7187 --- [contenttree] [           main] org.hibernate.mapping.BasicValue         : Skipping column re-registration: admin_roles.role
2024-12-13T18:05:44.717+05:30 DEBUG 7187 --- [contenttree] [           main] o.h.b.model.internal.BasicValueBinder    : Starting `BasicValueBinder#fillSimpleValue` for null
2024-12-13T18:05:44.718+05:30 DEBUG 7187 --- [contenttree] [           main] o.h.b.m.internal.CollectionSecondPass    : Mapped collection key: admin_id, element: role
2024-12-13T18:05:44.718+05:30 DEBUG 7187 --- [contenttree] [           main] o.h.b.m.internal.CollectionSecondPass    : Second pass for collection: com.contenttree.Blogs.BlogsCategory.blogs
2024-12-13T18:05:44.718+05:30 DEBUG 7187 --- [contenttree] [           main] o.h.b.model.internal.CollectionBinder    : Binding a OneToMany: com.contenttree.Blogs.BlogsCategory.blogs through a foreign key
2024-12-13T18:05:44.718+05:30 DEBUG 7187 --- [contenttree] [           main] o.h.b.model.internal.CollectionBinder    : Mapping collection: com.contenttree.Blogs.BlogsCategory.blogs -> blogs
2024-12-13T18:05:44.718+05:30 DEBUG 7187 --- [contenttree] [           main] o.h.boot.model.internal.TableBinder      : Retrieving property com.contenttree.Blogs.Blogs.blogsCategory
2024-12-13T18:05:44.718+05:30 DEBUG 7187 --- [contenttree] [           main] o.h.b.m.internal.CollectionSecondPass    : Mapped collection key: blogs_category_id, one-to-many: com.contenttree.Blogs.Blogs
2024-12-13T18:05:44.719+05:30 DEBUG 7187 --- [contenttree] [           main] o.h.b.m.internal.CollectionSecondPass    : Second pass for collection: com.contenttree.admin.Admin.blogs
2024-12-13T18:05:44.719+05:30 DEBUG 7187 --- [contenttree] [           main] o.h.b.model.internal.CollectionBinder    : Binding a OneToMany: com.contenttree.admin.Admin.blogs through a foreign key
2024-12-13T18:05:44.719+05:30 DEBUG 7187 --- [contenttree] [           main] o.h.b.model.internal.CollectionBinder    : Mapping collection: com.contenttree.admin.Admin.blogs -> blogs
2024-12-13T18:05:44.719+05:30 DEBUG 7187 --- [contenttree] [           main] o.h.boot.model.internal.TableBinder      : Retrieving property com.contenttree.Blogs.Blogs.admin
2024-12-13T18:05:44.719+05:30 DEBUG 7187 --- [contenttree] [           main] o.h.b.m.internal.CollectionSecondPass    : Mapped collection key: admin_id, one-to-many: com.contenttree.Blogs.Blogs
2024-12-13T18:05:44.719+05:30 DEBUG 7187 --- [contenttree] [           main] o.h.b.m.internal.CollectionSecondPass    : Second pass for collection: com.contenttree.admin.Admin.campaignList
2024-12-13T18:05:44.719+05:30 DEBUG 7187 --- [contenttree] [           main] o.h.b.model.internal.CollectionBinder    : Binding a OneToMany: com.contenttree.admin.Admin.campaignList through a foreign key
2024-12-13T18:05:44.719+05:30 DEBUG 7187 --- [contenttree] [           main] o.h.b.model.internal.CollectionBinder    : Mapping collection: com.contenttree.admin.Admin.campaignList -> campaign
2024-12-13T18:05:44.719+05:30 DEBUG 7187 --- [contenttree] [           main] o.h.boot.model.internal.TableBinder      : Retrieving property com.contenttree.CampaignManager.Campaign.admin
2024-12-13T18:05:44.719+05:30 DEBUG 7187 --- [contenttree] [           main] o.h.b.m.internal.CollectionSecondPass    : Mapped collection key: admin_id, one-to-many: com.contenttree.CampaignManager.Campaign
2024-12-13T18:05:44.719+05:30 DEBUG 7187 --- [contenttree] [           main] o.h.b.m.internal.CollectionSecondPass    : Second pass for collection: com.contenttree.admin.Admin.events
2024-12-13T18:05:44.719+05:30 DEBUG 7187 --- [contenttree] [           main] o.h.b.model.internal.CollectionBinder    : Binding a OneToMany: com.contenttree.admin.Admin.events through a foreign key
2024-12-13T18:05:44.719+05:30 DEBUG 7187 --- [contenttree] [           main] o.h.b.model.internal.CollectionBinder    : Mapping collection: com.contenttree.admin.Admin.events -> event
2024-12-13T18:05:44.719+05:30 DEBUG 7187 --- [contenttree] [           main] o.h.boot.model.internal.TableBinder      : Retrieving property com.contenttree.CampaignManager.Event.admin
2024-12-13T18:05:44.719+05:30 DEBUG 7187 --- [contenttree] [           main] o.h.b.m.internal.CollectionSecondPass    : Mapped collection key: admin_id, one-to-many: com.contenttree.CampaignManager.Event
2024-12-13T18:05:44.719+05:30 DEBUG 7187 --- [contenttree] [           main] o.h.b.m.internal.CollectionSecondPass    : Second pass for collection: com.contenttree.admin.Admin.newsLetters
2024-12-13T18:05:44.719+05:30 DEBUG 7187 --- [contenttree] [           main] o.h.b.model.internal.CollectionBinder    : Binding a OneToMany: com.contenttree.admin.Admin.newsLetters through a foreign key
2024-12-13T18:05:44.719+05:30 DEBUG 7187 --- [contenttree] [           main] o.h.b.model.internal.CollectionBinder    : Mapping collection: com.contenttree.admin.Admin.newsLetters -> news_letter
2024-12-13T18:05:44.719+05:30 DEBUG 7187 --- [contenttree] [           main] o.h.boot.model.internal.TableBinder      : Retrieving property com.contenttree.NewsLetter.NewsLetter.admin
2024-12-13T18:05:44.719+05:30 DEBUG 7187 --- [contenttree] [           main] o.h.b.m.internal.CollectionSecondPass    : Mapped collection key: admin_id, one-to-many: com.contenttree.NewsLetter.NewsLetter
2024-12-13T18:05:44.719+05:30 DEBUG 7187 --- [contenttree] [           main] o.h.b.m.internal.CollectionSecondPass    : Second pass for collection: com.contenttree.admin.Admin.webinars
2024-12-13T18:05:44.719+05:30 DEBUG 7187 --- [contenttree] [           main] o.h.b.model.internal.CollectionBinder    : Binding a OneToMany: com.contenttree.admin.Admin.webinars through a foreign key
2024-12-13T18:05:44.719+05:30 DEBUG 7187 --- [contenttree] [           main] o.h.b.model.internal.CollectionBinder    : Mapping collection: com.contenttree.admin.Admin.webinars -> webinar
2024-12-13T18:05:44.719+05:30 DEBUG 7187 --- [contenttree] [           main] o.h.boot.model.internal.TableBinder      : Retrieving property com.contenttree.CampaignManager.Webinar.admin
2024-12-13T18:05:44.719+05:30 DEBUG 7187 --- [contenttree] [           main] o.h.b.m.internal.CollectionSecondPass    : Mapped collection key: admin_id, one-to-many: com.contenttree.CampaignManager.Webinar
2024-12-13T18:05:44.719+05:30 DEBUG 7187 --- [contenttree] [           main] o.h.b.m.internal.CollectionSecondPass    : Second pass for collection: com.contenttree.category.Category.solutionSets
2024-12-13T18:05:44.719+05:30 DEBUG 7187 --- [contenttree] [           main] o.h.b.model.internal.CollectionBinder    : Binding a OneToMany: com.contenttree.category.Category.solutionSets through a foreign key
2024-12-13T18:05:44.719+05:30 DEBUG 7187 --- [contenttree] [           main] o.h.b.model.internal.CollectionBinder    : Mapping collection: com.contenttree.category.Category.solutionSets -> solution_sets
2024-12-13T18:05:44.719+05:30 DEBUG 7187 --- [contenttree] [           main] o.h.boot.model.internal.TableBinder      : Retrieving property com.contenttree.solutionsets.SolutionSets.category
2024-12-13T18:05:44.719+05:30 DEBUG 7187 --- [contenttree] [           main] o.h.b.m.internal.CollectionSecondPass    : Mapped collection key: category_id, one-to-many: com.contenttree.solutionsets.SolutionSets
2024-12-13T18:05:44.719+05:30 DEBUG 7187 --- [contenttree] [           main] o.h.b.m.internal.CollectionSecondPass    : Second pass for collection: com.contenttree.user.User.confirmationTokens
2024-12-13T18:05:44.719+05:30 DEBUG 7187 --- [contenttree] [           main] o.h.b.model.internal.CollectionBinder    : Binding a OneToMany: com.contenttree.user.User.confirmationTokens through a foreign key
2024-12-13T18:05:44.719+05:30 DEBUG 7187 --- [contenttree] [           main] o.h.b.model.internal.CollectionBinder    : Mapping collection: com.contenttree.user.User.confirmationTokens -> confirmation_token
2024-12-13T18:05:44.719+05:30 DEBUG 7187 --- [contenttree] [           main] o.h.boot.model.internal.TableBinder      : Retrieving property com.contenttree.confirmationtoken.ConfirmationToken.user
2024-12-13T18:05:44.719+05:30 DEBUG 7187 --- [contenttree] [           main] o.h.b.m.internal.CollectionSecondPass    : Mapped collection key: user_id, one-to-many: com.contenttree.confirmationtoken.ConfirmationToken
2024-12-13T18:05:44.719+05:30 DEBUG 7187 --- [contenttree] [           main] o.h.b.m.internal.CollectionSecondPass    : Second pass for collection: com.contenttree.user.User.downloadLogs
2024-12-13T18:05:44.719+05:30 DEBUG 7187 --- [contenttree] [           main] o.h.b.model.internal.CollectionBinder    : Binding a OneToMany: com.contenttree.user.User.downloadLogs through a foreign key
2024-12-13T18:05:44.719+05:30 DEBUG 7187 --- [contenttree] [           main] o.h.b.model.internal.CollectionBinder    : Mapping collection: com.contenttree.user.User.downloadLogs -> download_log
2024-12-13T18:05:44.719+05:30 DEBUG 7187 --- [contenttree] [           main] o.h.boot.model.internal.TableBinder      : Retrieving property com.contenttree.downloadlog.DownloadLog.user
2024-12-13T18:05:44.719+05:30 DEBUG 7187 --- [contenttree] [           main] o.h.b.m.internal.CollectionSecondPass    : Mapped collection key: user_id, one-to-many: com.contenttree.downloadlog.DownloadLog
2024-12-13T18:05:44.720+05:30 DEBUG 7187 --- [contenttree] [           main] o.h.b.m.internal.CollectionSecondPass    : Second pass for collection: com.contenttree.vendor.Vendors.downloadLogs
2024-12-13T18:05:44.720+05:30 DEBUG 7187 --- [contenttree] [           main] o.h.b.model.internal.CollectionBinder    : Binding a OneToMany: com.contenttree.vendor.Vendors.downloadLogs through a foreign key
2024-12-13T18:05:44.720+05:30 DEBUG 7187 --- [contenttree] [           main] o.h.b.model.internal.CollectionBinder    : Mapping collection: com.contenttree.vendor.Vendors.downloadLogs -> download_log
2024-12-13T18:05:44.720+05:30 DEBUG 7187 --- [contenttree] [           main] o.h.boot.model.internal.TableBinder      : Retrieving property com.contenttree.downloadlog.DownloadLog.vendor
2024-12-13T18:05:44.720+05:30 DEBUG 7187 --- [contenttree] [           main] o.h.b.m.internal.CollectionSecondPass    : Mapped collection key: vendor_id, one-to-many: com.contenttree.downloadlog.DownloadLog
2024-12-13T18:05:44.720+05:30 DEBUG 7187 --- [contenttree] [           main] o.h.b.m.internal.CollectionSecondPass    : Second pass for collection: com.contenttree.vendor.Vendors.solutionSets
2024-12-13T18:05:44.720+05:30 DEBUG 7187 --- [contenttree] [           main] o.h.b.model.internal.CollectionBinder    : Binding a OneToMany: com.contenttree.vendor.Vendors.solutionSets through a foreign key
2024-12-13T18:05:44.720+05:30 DEBUG 7187 --- [contenttree] [           main] o.h.b.model.internal.CollectionBinder    : Mapping collection: com.contenttree.vendor.Vendors.solutionSets -> solution_sets
2024-12-13T18:05:44.720+05:30 DEBUG 7187 --- [contenttree] [           main] o.h.boot.model.internal.TableBinder      : Retrieving property com.contenttree.solutionsets.SolutionSets.uploadedBy
2024-12-13T18:05:44.720+05:30 DEBUG 7187 --- [contenttree] [           main] o.h.b.m.internal.CollectionSecondPass    : Mapped collection key: vendor_id, one-to-many: com.contenttree.solutionsets.SolutionSets
2024-12-13T18:05:44.733+05:30 DEBUG 7187 --- [contenttree] [           main] org.hibernate.type.BasicTypeRegistry     : BasicTypeRegistry registration overwritten (VARBINARY + org.hibernate.type.descriptor.java.spi.BasicCollectionJavaType@1174676f); previous =`org.hibernate.type.BasicCollectionType@52efb338`
2024-12-13T18:05:44.733+05:30 DEBUG 7187 --- [contenttree] [           main] org.hibernate.type.BasicTypeRegistry     : Adding type registration List<string> -> org.hibernate.type.BasicCollectionType@52efb338
2024-12-13T18:05:44.733+05:30 DEBUG 7187 --- [contenttree] [           main] org.hibernate.type.BasicTypeRegistry     : Adding type registration java.util.List<java.lang.String> -> org.hibernate.type.BasicCollectionType@52efb338
2024-12-13T18:05:44.733+05:30 DEBUG 7187 --- [contenttree] [           main] org.hibernate.type.BasicTypeRegistry     : BasicTypeRegistry registration overwritten (VARBINARY + org.hibernate.type.descriptor.java.spi.BasicCollectionJavaType@1174676f); previous =`org.hibernate.type.BasicCollectionType@52efb338`
2024-12-13T18:05:44.733+05:30 DEBUG 7187 --- [contenttree] [           main] org.hibernate.type.BasicTypeRegistry     : Adding type registration List<string> -> org.hibernate.type.BasicCollectionType@52efb338
2024-12-13T18:05:44.733+05:30 DEBUG 7187 --- [contenttree] [           main] org.hibernate.type.BasicTypeRegistry     : Adding type registration java.util.List<java.lang.String> -> org.hibernate.type.BasicCollectionType@52efb338
2024-12-13T18:05:44.735+05:30 DEBUG 7187 --- [contenttree] [           main] org.hibernate.type.BasicTypeRegistry     : BasicTypeRegistry registration overwritten (VARBINARY + org.hibernate.type.descriptor.java.spi.BasicCollectionJavaType@1174676f); previous =`org.hibernate.type.BasicCollectionType@52efb338`
2024-12-13T18:05:44.735+05:30 DEBUG 7187 --- [contenttree] [           main] org.hibernate.type.BasicTypeRegistry     : Adding type registration List<string> -> org.hibernate.type.BasicCollectionType@52efb338
2024-12-13T18:05:44.735+05:30 DEBUG 7187 --- [contenttree] [           main] org.hibernate.type.BasicTypeRegistry     : Adding type registration java.util.List<java.lang.String> -> org.hibernate.type.BasicCollectionType@52efb338
2024-12-13T18:05:44.735+05:30 DEBUG 7187 --- [contenttree] [           main] org.hibernate.type.BasicTypeRegistry     : BasicTypeRegistry registration overwritten (VARBINARY + org.hibernate.type.descriptor.java.spi.BasicCollectionJavaType@1818d00b); previous =`org.hibernate.type.BasicCollectionType@62f37bfd`
2024-12-13T18:05:44.735+05:30 DEBUG 7187 --- [contenttree] [           main] org.hibernate.type.BasicTypeRegistry     : Adding type registration List<long> -> org.hibernate.type.BasicCollectionType@62f37bfd
2024-12-13T18:05:44.735+05:30 DEBUG 7187 --- [contenttree] [           main] org.hibernate.type.BasicTypeRegistry     : Adding type registration java.util.List<java.lang.Long> -> org.hibernate.type.BasicCollectionType@62f37bfd
2024-12-13T18:05:44.735+05:30 DEBUG 7187 --- [contenttree] [           main] org.hibernate.type.BasicTypeRegistry     : BasicTypeRegistry registration overwritten (VARBINARY + org.hibernate.type.descriptor.java.spi.BasicCollectionJavaType@1818d00b); previous =`org.hibernate.type.BasicCollectionType@62f37bfd`
2024-12-13T18:05:44.735+05:30 DEBUG 7187 --- [contenttree] [           main] org.hibernate.type.BasicTypeRegistry     : Adding type registration List<long> -> org.hibernate.type.BasicCollectionType@62f37bfd
2024-12-13T18:05:44.736+05:30 DEBUG 7187 --- [contenttree] [           main] org.hibernate.type.BasicTypeRegistry     : Adding type registration java.util.List<java.lang.Long> -> org.hibernate.type.BasicCollectionType@62f37bfd
2024-12-13T18:05:44.761+05:30 DEBUG 7187 --- [contenttree] [           main] o.hibernate.internal.SessionFactoryImpl  : Building session factory
2024-12-13T18:05:44.777+05:30 DEBUG 7187 --- [contenttree] [           main] .h.s.i.SessionFactoryServiceRegistryImpl : EventListenerRegistry access via ServiceRegistry is deprecated.  Use `sessionFactory.getEventEngine().getListenerRegistry()` instead
2024-12-13T18:05:44.777+05:30 DEBUG 7187 --- [contenttree] [           main] o.hibernate.internal.SessionFactoryImpl  : Instantiating SessionFactory with settings: {java.specification.version=17, hibernate.resource.beans.container=org.springframework.orm.hibernate5.SpringBeanContainer@5751e53e, hibernate.connection.handling_mode=DELAYED_ACQUISITION_AND_HOLD, sun.jnu.encoding=UTF-8, hibernate.dialect=org.hibernate.dialect.MySQL8Dialect, hibernate.implicit_naming_strategy=org.springframework.boot.orm.jpa.hibernate.SpringImplicitNamingStrategy, java.class.path=/Users/demanday67/Documents/JavaProjects/infinityDemandDay/target/test-classes:/Users/demanday67/Documents/JavaProjects/infinityDemandDay/target/classes:/Users/demanday67/.m2/repository/org/springframework/boot/spring-boot-starter-data-jpa/3.3.4/spring-boot-starter-data-jpa-3.3.4.jar:/Users/demanday67/.m2/repository/org/springframework/boot/spring-boot-starter-aop/3.3.4/spring-boot-starter-aop-3.3.4.jar:/Users/demanday67/.m2/repository/org/aspectj/aspectjweaver/1.9.22.1/aspectjweaver-1.9.22.1.jar:/Users/demanday67/.m2/repository/org/springframework/boot/spring-boot-starter-jdbc/3.3.4/spring-boot-starter-jdbc-3.3.4.jar:/Users/demanday67/.m2/repository/com/zaxxer/HikariCP/5.1.0/HikariCP-5.1.0.jar:/Users/demanday67/.m2/repository/org/springframework/spring-jdbc/6.1.13/spring-jdbc-6.1.13.jar:/Users/demanday67/.m2/repository/org/hibernate/orm/hibernate-core/6.5.3.Final/hibernate-core-6.5.3.Final.jar:/Users/demanday67/.m2/repository/jakarta/persistence/jakarta.persistence-api/3.1.0/jakarta.persistence-api-3.1.0.jar:/Users/demanday67/.m2/repository/jakarta/transaction/jakarta.transaction-api/2.0.1/jakarta.transaction-api-2.0.1.jar:/Users/demanday67/.m2/repository/org/jboss/logging/jboss-logging/3.5.3.Final/jboss-logging-3.5.3.Final.jar:/Users/demanday67/.m2/repository/org/hibernate/common/hibernate-commons-annotations/6.0.6.Final/hibernate-commons-annotations-6.0.6.Final.jar:/Users/demanday67/.m2/repository/io/smallrye/jandex/3.1.2/jandex-3.1.2.jar:/Users/demanday67/.m2/repository/net/bytebuddy/byte-buddy/1.14.19/byte-buddy-1.14.19.jar:/Users/demanday67/.m2/repository/org/glassfish/jaxb/jaxb-runtime/4.0.5/jaxb-runtime-4.0.5.jar:/Users/demanday67/.m2/repository/org/glassfish/jaxb/jaxb-core/4.0.5/jaxb-core-4.0.5.jar:/Users/demanday67/.m2/repository/org/glassfish/jaxb/txw2/4.0.5/txw2-4.0.5.jar:/Users/demanday67/.m2/repository/com/sun/istack/istack-commons-runtime/4.1.2/istack-commons-runtime-4.1.2.jar:/Users/demanday67/.m2/repository/jakarta/inject/jakarta.inject-api/2.0.1/jakarta.inject-api-2.0.1.jar:/Users/demanday67/.m2/repository/org/antlr/antlr4-runtime/4.13.0/antlr4-runtime-4.13.0.jar:/Users/demanday67/.m2/repository/org/springframework/data/spring-data-jpa/3.3.4/spring-data-jpa-3.3.4.jar:/Users/demanday67/.m2/repository/org/springframework/data/spring-data-commons/3.3.4/spring-data-commons-3.3.4.jar:/Users/demanday67/.m2/repository/org/springframework/spring-orm/6.1.13/spring-orm-6.1.13.jar:/Users/demanday67/.m2/repository/org/springframework/spring-context/6.1.13/spring-context-6.1.13.jar:/Users/demanday67/.m2/repository/org/springframework/spring-tx/6.1.13/spring-tx-6.1.13.jar:/Users/demanday67/.m2/repository/org/springframework/spring-beans/6.1.13/spring-beans-6.1.13.jar:/Users/demanday67/.m2/repository/jakarta/annotation/jakarta.annotation-api/2.1.1/jakarta.annotation-api-2.1.1.jar:/Users/demanday67/.m2/repository/org/springframework/spring-aspects/6.1.13/spring-aspects-6.1.13.jar:/Users/demanday67/.m2/repository/org/springframework/boot/spring-boot-starter-web/3.3.4/spring-boot-starter-web-3.3.4.jar:/Users/demanday67/.m2/repository/org/springframework/boot/spring-boot-starter/3.3.4/spring-boot-starter-3.3.4.jar:/Users/demanday67/.m2/repository/org/springframework/boot/spring-boot/3.3.4/spring-boot-3.3.4.jar:/Users/demanday67/.m2/repository/org/springframework/boot/spring-boot-autoconfigure/3.3.4/spring-boot-autoconfigure-3.3.4.jar:/Users/demanday67/.m2/repository/org/springframework/boot/spring-boot-starter-logging/3.3.4/spring-boot-starter-logging-3.3.4.jar:/Users/demanday67/.m2/repository/ch/qos/logback/logback-classic/1.5.8/logback-classic-1.5.8.jar:/Users/demanday67/.m2/repository/ch/qos/logback/logback-core/1.5.8/logback-core-1.5.8.jar:/Users/demanday67/.m2/repository/org/apache/logging/log4j/log4j-to-slf4j/2.23.1/log4j-to-slf4j-2.23.1.jar:/Users/demanday67/.m2/repository/org/apache/logging/log4j/log4j-api/2.23.1/log4j-api-2.23.1.jar:/Users/demanday67/.m2/repository/org/slf4j/jul-to-slf4j/2.0.16/jul-to-slf4j-2.0.16.jar:/Users/demanday67/.m2/repository/org/yaml/snakeyaml/2.2/snakeyaml-2.2.jar:/Users/demanday67/.m2/repository/org/springframework/boot/spring-boot-starter-json/3.3.4/spring-boot-starter-json-3.3.4.jar:/Users/demanday67/.m2/repository/com/fasterxml/jackson/datatype/jackson-datatype-jdk8/2.17.2/jackson-datatype-jdk8-2.17.2.jar:/Users/demanday67/.m2/repository/com/fasterxml/jackson/datatype/jackson-datatype-jsr310/2.17.2/jackson-datatype-jsr310-2.17.2.jar:/Users/demanday67/.m2/repository/com/fasterxml/jackson/module/jackson-module-parameter-names/2.17.2/jackson-module-parameter-names-2.17.2.jar:/Users/demanday67/.m2/repository/org/springframework/boot/spring-boot-starter-tomcat/3.3.4/spring-boot-starter-tomcat-3.3.4.jar:/Users/demanday67/.m2/repository/org/apache/tomcat/embed/tomcat-embed-core/10.1.30/tomcat-embed-core-10.1.30.jar:/Users/demanday67/.m2/repository/org/apache/tomcat/embed/tomcat-embed-el/10.1.30/tomcat-embed-el-10.1.30.jar:/Users/demanday67/.m2/repository/org/apache/tomcat/embed/tomcat-embed-websocket/10.1.30/tomcat-embed-websocket-10.1.30.jar:/Users/demanday67/.m2/repository/org/springframework/spring-web/6.1.13/spring-web-6.1.13.jar:/Users/demanday67/.m2/repository/io/micrometer/micrometer-observation/1.13.4/micrometer-observation-1.13.4.jar:/Users/demanday67/.m2/repository/io/micrometer/micrometer-commons/1.13.4/micrometer-commons-1.13.4.jar:/Users/demanday67/.m2/repository/org/springframework/spring-webmvc/6.1.13/spring-webmvc-6.1.13.jar:/Users/demanday67/.m2/repository/org/springframework/spring-expression/6.1.13/spring-expression-6.1.13.jar:/Users/demanday67/.m2/repository/org/springframework/boot/spring-boot-starter-security/3.3.4/spring-boot-starter-security-3.3.4.jar:/Users/demanday67/.m2/repository/org/springframework/spring-aop/6.1.13/spring-aop-6.1.13.jar:/Users/demanday67/.m2/repository/org/springframework/security/spring-security-config/6.3.3/spring-security-config-6.3.3.jar:/Users/demanday67/.m2/repository/org/springframework/security/spring-security-core/6.3.3/spring-security-core-6.3.3.jar:/Users/demanday67/.m2/repository/org/springframework/security/spring-security-crypto/6.3.3/spring-security-crypto-6.3.3.jar:/Users/demanday67/.m2/repository/org/springframework/security/spring-security-web/6.3.3/spring-security-web-6.3.3.jar:/Users/demanday67/.m2/repository/io/jsonwebtoken/jjwt-api/0.11.5/jjwt-api-0.11.5.jar:/Users/demanday67/.m2/repository/io/jsonwebtoken/jjwt-jackson/0.11.5/jjwt-jackson-0.11.5.jar:/Users/demanday67/.m2/repository/com/fasterxml/jackson/core/jackson-databind/2.17.2/jackson-databind-2.17.2.jar:/Users/demanday67/.m2/repository/com/fasterxml/jackson/core/jackson-annotations/2.17.2/jackson-annotations-2.17.2.jar:/Users/demanday67/.m2/repository/com/fasterxml/jackson/core/jackson-core/2.17.2/jackson-core-2.17.2.jar:/Users/demanday67/.m2/repository/io/jsonwebtoken/jjwt-impl/0.11.5/jjwt-impl-0.11.5.jar:/Users/demanday67/.m2/repository/io/springfox/springfox-boot-starter/3.0.0/springfox-boot-starter-3.0.0.jar:/Users/demanday67/.m2/repository/io/springfox/springfox-oas/3.0.0/springfox-oas-3.0.0.jar:/Users/demanday67/.m2/repository/io/swagger/core/v3/swagger-annotations/2.1.2/swagger-annotations-2.1.2.jar:/Users/demanday67/.m2/repository/io/swagger/core/v3/swagger-models/2.1.2/swagger-models-2.1.2.jar:/Users/demanday67/.m2/repository/io/springfox/springfox-core/3.0.0/springfox-core-3.0.0.jar:/Users/demanday67/.m2/repository/io/springfox/springfox-data-rest/3.0.0/springfox-data-rest-3.0.0.jar:/Users/demanday67/.m2/repository/io/springfox/springfox-bean-validators/3.0.0/springfox-bean-validators-3.0.0.jar:/Users/demanday67/.m2/repository/com/fasterxml/classmate/1.7.0/classmate-1.7.0.jar:/Users/demanday67/.m2/repository/org/slf4j/slf4j-api/2.0.16/slf4j-api-2.0.16.jar:/Users/demanday67/.m2/repository/org/springframework/plugin/spring-plugin-core/2.0.0.RELEASE/spring-plugin-core-2.0.0.RELEASE.jar:/Users/demanday67/.m2/repository/org/springframework/plugin/spring-plugin-metadata/2.0.0.RELEASE/spring-plugin-metadata-2.0.0.RELEASE.jar:/Users/demanday67/.m2/repository/io/springfox/springfox-swagger-ui/3.0.0/springfox-swagger-ui-3.0.0.jar:/Users/demanday67/.m2/repository/io/springfox/springfox-spring-webmvc/3.0.0/springfox-spring-webmvc-3.0.0.jar:/Users/demanday67/.m2/repository/io/springfox/springfox-swagger2/3.0.0/springfox-swagger2-3.0.0.jar:/Users/demanday67/.m2/repository/io/springfox/springfox-spi/3.0.0/springfox-spi-3.0.0.jar:/Users/demanday67/.m2/repository/io/springfox/springfox-schema/3.0.0/springfox-schema-3.0.0.jar:/Users/demanday67/.m2/repository/io/springfox/springfox-swagger-common/3.0.0/springfox-swagger-common-3.0.0.jar:/Users/demanday67/.m2/repository/io/springfox/springfox-spring-web/3.0.0/springfox-spring-web-3.0.0.jar:/Users/demanday67/.m2/repository/io/github/classgraph/classgraph/4.8.83/classgraph-4.8.83.jar:/Users/demanday67/.m2/repository/io/springfox/springfox-spring-webflux/3.0.0/springfox-spring-webflux-3.0.0.jar:/Users/demanday67/.m2/repository/io/swagger/swagger-annotations/1.5.20/swagger-annotations-1.5.20.jar:/Users/demanday67/.m2/repository/io/swagger/swagger-models/1.5.20/swagger-models-1.5.20.jar:/Users/demanday67/.m2/repository/org/mapstruct/mapstruct/1.3.1.Final/mapstruct-1.3.1.Final.jar:/Users/demanday67/.m2/repository/com/mysql/mysql-connector-j/8.3.0/mysql-connector-j-8.3.0.jar:/Users/demanday67/.m2/repository/org/projectlombok/lombok/1.18.34/lombok-1.18.34.jar:/Users/demanday67/.m2/repository/org/springframework/boot/spring-boot-starter-test/3.3.4/spring-boot-starter-test-3.3.4.jar:/Users/demanday67/.m2/repository/org/springframework/boot/spring-boot-test/3.3.4/spring-boot-test-3.3.4.jar:/Users/demanday67/.m2/repository/org/springframework/boot/spring-boot-test-autoconfigure/3.3.4/spring-boot-test-autoconfigure-3.3.4.jar:/Users/demanday67/.m2/repository/com/jayway/jsonpath/json-path/2.9.0/json-path-2.9.0.jar:/Users/demanday67/.m2/repository/jakarta/xml/bind/jakarta.xml.bind-api/4.0.2/jakarta.xml.bind-api-4.0.2.jar:/Users/demanday67/.m2/repository/jakarta/activation/jakarta.activation-api/2.1.3/jakarta.activation-api-2.1.3.jar:/Users/demanday67/.m2/repository/net/minidev/json-smart/2.5.1/json-smart-2.5.1.jar:/Users/demanday67/.m2/repository/net/minidev/accessors-smart/2.5.1/accessors-smart-2.5.1.jar:/Users/demanday67/.m2/repository/org/ow2/asm/asm/9.6/asm-9.6.jar:/Users/demanday67/.m2/repository/org/assertj/assertj-core/3.25.3/assertj-core-3.25.3.jar:/Users/demanday67/.m2/repository/org/awaitility/awaitility/4.2.2/awaitility-4.2.2.jar:/Users/demanday67/.m2/repository/org/hamcrest/hamcrest/2.2/hamcrest-2.2.jar:/Users/demanday67/.m2/repository/org/junit/jupiter/junit-jupiter/5.10.3/junit-jupiter-5.10.3.jar:/Users/demanday67/.m2/repository/org/junit/jupiter/junit-jupiter-api/5.10.3/junit-jupiter-api-5.10.3.jar:/Users/demanday67/.m2/repository/org/opentest4j/opentest4j/1.3.0/opentest4j-1.3.0.jar:/Users/demanday67/.m2/repository/org/junit/platform/junit-platform-commons/1.10.3/junit-platform-commons-1.10.3.jar:/Users/demanday67/.m2/repository/org/apiguardian/apiguardian-api/1.1.2/apiguardian-api-1.1.2.jar:/Users/demanday67/.m2/repository/org/junit/jupiter/junit-jupiter-params/5.10.3/junit-jupiter-params-5.10.3.jar:/Users/demanday67/.m2/repository/org/junit/jupiter/junit-jupiter-engine/5.10.3/junit-jupiter-engine-5.10.3.jar:/Users/demanday67/.m2/repository/org/junit/platform/junit-platform-engine/1.10.3/junit-platform-engine-1.10.3.jar:/Users/demanday67/.m2/repository/org/mockito/mockito-core/5.11.0/mockito-core-5.11.0.jar:/Users/demanday67/.m2/repository/net/bytebuddy/byte-buddy-agent/1.14.19/byte-buddy-agent-1.14.19.jar:/Users/demanday67/.m2/repository/org/objenesis/objenesis/3.3/objenesis-3.3.jar:/Users/demanday67/.m2/repository/org/mockito/mockito-junit-jupiter/5.11.0/mockito-junit-jupiter-5.11.0.jar:/Users/demanday67/.m2/repository/org/skyscreamer/jsonassert/1.5.3/jsonassert-1.5.3.jar:/Users/demanday67/.m2/repository/com/vaadin/external/google/android-json/0.0.20131108.vaadin1/android-json-0.0.20131108.vaadin1.jar:/Users/demanday67/.m2/repository/org/springframework/spring-core/6.1.13/spring-core-6.1.13.jar:/Users/demanday67/.m2/repository/org/springframework/spring-jcl/6.1.13/spring-jcl-6.1.13.jar:/Users/demanday67/.m2/repository/org/springframework/spring-test/6.1.13/spring-test-6.1.13.jar:/Users/demanday67/.m2/repository/org/xmlunit/xmlunit-core/2.9.1/xmlunit-core-2.9.1.jar:/Users/demanday67/.m2/repository/org/springdoc/springdoc-openapi-starter-webmvc-ui/2.3.0/springdoc-openapi-starter-webmvc-ui-2.3.0.jar:/Users/demanday67/.m2/repository/org/springdoc/springdoc-openapi-starter-webmvc-api/2.3.0/springdoc-openapi-starter-webmvc-api-2.3.0.jar:/Users/demanday67/.m2/repository/org/springdoc/springdoc-openapi-starter-common/2.3.0/springdoc-openapi-starter-common-2.3.0.jar:/Users/demanday67/.m2/repository/io/swagger/core/v3/swagger-core-jakarta/2.2.19/swagger-core-jakarta-2.2.19.jar:/Users/demanday67/.m2/repository/org/apache/commons/commons-lang3/3.14.0/commons-lang3-3.14.0.jar:/Users/demanday67/.m2/repository/io/swagger/core/v3/swagger-annotations-jakarta/2.2.19/swagger-annotations-jakarta-2.2.19.jar:/Users/demanday67/.m2/repository/io/swagger/core/v3/swagger-models-jakarta/2.2.19/swagger-models-jakarta-2.2.19.jar:/Users/demanday67/.m2/repository/jakarta/validation/jakarta.validation-api/3.0.2/jakarta.validation-api-3.0.2.jar:/Users/demanday67/.m2/repository/com/fasterxml/jackson/dataformat/jackson-dataformat-yaml/2.17.2/jackson-dataformat-yaml-2.17.2.jar:/Users/demanday67/.m2/repository/org/webjars/swagger-ui/5.10.3/swagger-ui-5.10.3.jar:/Users/demanday67/.m2/repository/javax/persistence/javax.persistence-api/2.2/javax.persistence-api-2.2.jar:/Users/demanday67/.m2/repository/org/springframework/boot/spring-boot-starter-mail/3.3.4/spring-boot-starter-mail-3.3.4.jar:/Users/demanday67/.m2/repository/org/springframework/spring-context-support/6.1.13/spring-context-support-6.1.13.jar:/Users/demanday67/.m2/repository/org/eclipse/angus/jakarta.mail/2.0.3/jakarta.mail-2.0.3.jar:/Users/demanday67/.m2/repository/org/eclipse/angus/angus-activation/2.0.2/angus-activation-2.0.2.jar:/Users/demanday67/.m2/repository/org/springframework/boot/spring-boot-starter-websocket/3.3.4/spring-boot-starter-websocket-3.3.4.jar:/Users/demanday67/.m2/repository/org/springframework/spring-messaging/6.1.13/spring-messaging-6.1.13.jar:/Users/demanday67/.m2/repository/org/springframework/spring-websocket/6.1.13/spring-websocket-6.1.13.jar:, java.vm.vendor=Oracle Corporation, sun.arch.data.model=64, java.vendor.url=https://java.oracle.com/, user.timezone=Asia/Kolkata, jakarta.persistence.sharedCache.mode=UNSPECIFIED, org.jboss.logging.provider=slf4j, java.vm.specification.version=17, os.name=Mac OS X, jakarta.persistence.nonJtaDataSource=HikariDataSource (HikariPool-1), sun.java.launcher=SUN_STANDARD, user.country=IN, sun.boot.library.path=/Library/Java/JavaVirtualMachines/jdk-17.jdk/Contents/Home/lib, sun.java.command=/Users/demanday67/Documents/JavaProjects/infinityDemandDay/target/surefire/surefirebooter-20241213180539865_3.jar /Users/demanday67/Documents/JavaProjects/infinityDemandDay/target/surefire 2024-12-13T18-05-39_822-jvmRun1 surefire-20241213180539865_1tmp surefire_0-20241213180539865_2tmp, javax.persistence.nonJtaDataSource=HikariDataSource (HikariPool-1), hibernate.transaction.jta.platform=org.hibernate.engine.transaction.jta.platform.internal.NoJtaPlatform@4e45fbd0, http.nonProxyHosts=local|*.local|169.254/16|*.169.254/16, jdk.debug=release, surefire.test.class.path=/Users/demanday67/Documents/JavaProjects/infinityDemandDay/target/test-classes:/Users/demanday67/Documents/JavaProjects/infinityDemandDay/target/classes:/Users/demanday67/.m2/repository/org/springframework/boot/spring-boot-starter-data-jpa/3.3.4/spring-boot-starter-data-jpa-3.3.4.jar:/Users/demanday67/.m2/repository/org/springframework/boot/spring-boot-starter-aop/3.3.4/spring-boot-starter-aop-3.3.4.jar:/Users/demanday67/.m2/repository/org/aspectj/aspectjweaver/1.9.22.1/aspectjweaver-1.9.22.1.jar:/Users/demanday67/.m2/repository/org/springframework/boot/spring-boot-starter-jdbc/3.3.4/spring-boot-starter-jdbc-3.3.4.jar:/Users/demanday67/.m2/repository/com/zaxxer/HikariCP/5.1.0/HikariCP-5.1.0.jar:/Users/demanday67/.m2/repository/org/springframework/spring-jdbc/6.1.13/spring-jdbc-6.1.13.jar:/Users/demanday67/.m2/repository/org/hibernate/orm/hibernate-core/6.5.3.Final/hibernate-core-6.5.3.Final.jar:/Users/demanday67/.m2/repository/jakarta/persistence/jakarta.persistence-api/3.1.0/jakarta.persistence-api-3.1.0.jar:/Users/demanday67/.m2/repository/jakarta/transaction/jakarta.transaction-api/2.0.1/jakarta.transaction-api-2.0.1.jar:/Users/demanday67/.m2/repository/org/jboss/logging/jboss-logging/3.5.3.Final/jboss-logging-3.5.3.Final.jar:/Users/demanday67/.m2/repository/org/hibernate/common/hibernate-commons-annotations/6.0.6.Final/hibernate-commons-annotations-6.0.6.Final.jar:/Users/demanday67/.m2/repository/io/smallrye/jandex/3.1.2/jandex-3.1.2.jar:/Users/demanday67/.m2/repository/net/bytebuddy/byte-buddy/1.14.19/byte-buddy-1.14.19.jar:/Users/demanday67/.m2/repository/org/glassfish/jaxb/jaxb-runtime/4.0.5/jaxb-runtime-4.0.5.jar:/Users/demanday67/.m2/repository/org/glassfish/jaxb/jaxb-core/4.0.5/jaxb-core-4.0.5.jar:/Users/demanday67/.m2/repository/org/glassfish/jaxb/txw2/4.0.5/txw2-4.0.5.jar:/Users/demanday67/.m2/repository/com/sun/istack/istack-commons-runtime/4.1.2/istack-commons-runtime-4.1.2.jar:/Users/demanday67/.m2/repository/jakarta/inject/jakarta.inject-api/2.0.1/jakarta.inject-api-2.0.1.jar:/Users/demanday67/.m2/repository/org/antlr/antlr4-runtime/4.13.0/antlr4-runtime-4.13.0.jar:/Users/demanday67/.m2/repository/org/springframework/data/spring-data-jpa/3.3.4/spring-data-jpa-3.3.4.jar:/Users/demanday67/.m2/repository/org/springframework/data/spring-data-commons/3.3.4/spring-data-commons-3.3.4.jar:/Users/demanday67/.m2/repository/org/springframework/spring-orm/6.1.13/spring-orm-6.1.13.jar:/Users/demanday67/.m2/repository/org/springframework/spring-context/6.1.13/spring-context-6.1.13.jar:/Users/demanday67/.m2/repository/org/springframework/spring-tx/6.1.13/spring-tx-6.1.13.jar:/Users/demanday67/.m2/repository/org/springframework/spring-beans/6.1.13/spring-beans-6.1.13.jar:/Users/demanday67/.m2/repository/jakarta/annotation/jakarta.annotation-api/2.1.1/jakarta.annotation-api-2.1.1.jar:/Users/demanday67/.m2/repository/org/springframework/spring-aspects/6.1.13/spring-aspects-6.1.13.jar:/Users/demanday67/.m2/repository/org/springframework/boot/spring-boot-starter-web/3.3.4/spring-boot-starter-web-3.3.4.jar:/Users/demanday67/.m2/repository/org/springframework/boot/spring-boot-starter/3.3.4/spring-boot-starter-3.3.4.jar:/Users/demanday67/.m2/repository/org/springframework/boot/spring-boot/3.3.4/spring-boot-3.3.4.jar:/Users/demanday67/.m2/repository/org/springframework/boot/spring-boot-autoconfigure/3.3.4/spring-boot-autoconfigure-3.3.4.jar:/Users/demanday67/.m2/repository/org/springframework/boot/spring-boot-starter-logging/3.3.4/spring-boot-starter-logging-3.3.4.jar:/Users/demanday67/.m2/repository/ch/qos/logback/logback-classic/1.5.8/logback-classic-1.5.8.jar:/Users/demanday67/.m2/repository/ch/qos/logback/logback-core/1.5.8/logback-core-1.5.8.jar:/Users/demanday67/.m2/repository/org/apache/logging/log4j/log4j-to-slf4j/2.23.1/log4j-to-slf4j-2.23.1.jar:/Users/demanday67/.m2/repository/org/apache/logging/log4j/log4j-api/2.23.1/log4j-api-2.23.1.jar:/Users/demanday67/.m2/repository/org/slf4j/jul-to-slf4j/2.0.16/jul-to-slf4j-2.0.16.jar:/Users/demanday67/.m2/repository/org/yaml/snakeyaml/2.2/snakeyaml-2.2.jar:/Users/demanday67/.m2/repository/org/springframework/boot/spring-boot-starter-json/3.3.4/spring-boot-starter-json-3.3.4.jar:/Users/demanday67/.m2/repository/com/fasterxml/jackson/datatype/jackson-datatype-jdk8/2.17.2/jackson-datatype-jdk8-2.17.2.jar:/Users/demanday67/.m2/repository/com/fasterxml/jackson/datatype/jackson-datatype-jsr310/2.17.2/jackson-datatype-jsr310-2.17.2.jar:/Users/demanday67/.m2/repository/com/fasterxml/jackson/module/jackson-module-parameter-names/2.17.2/jackson-module-parameter-names-2.17.2.jar:/Users/demanday67/.m2/repository/org/springframework/boot/spring-boot-starter-tomcat/3.3.4/spring-boot-starter-tomcat-3.3.4.jar:/Users/demanday67/.m2/repository/org/apache/tomcat/embed/tomcat-embed-core/10.1.30/tomcat-embed-core-10.1.30.jar:/Users/demanday67/.m2/repository/org/apache/tomcat/embed/tomcat-embed-el/10.1.30/tomcat-embed-el-10.1.30.jar:/Users/demanday67/.m2/repository/org/apache/tomcat/embed/tomcat-embed-websocket/10.1.30/tomcat-embed-websocket-10.1.30.jar:/Users/demanday67/.m2/repository/org/springframework/spring-web/6.1.13/spring-web-6.1.13.jar:/Users/demanday67/.m2/repository/io/micrometer/micrometer-observation/1.13.4/micrometer-observation-1.13.4.jar:/Users/demanday67/.m2/repository/io/micrometer/micrometer-commons/1.13.4/micrometer-commons-1.13.4.jar:/Users/demanday67/.m2/repository/org/springframework/spring-webmvc/6.1.13/spring-webmvc-6.1.13.jar:/Users/demanday67/.m2/repository/org/springframework/spring-expression/6.1.13/spring-expression-6.1.13.jar:/Users/demanday67/.m2/repository/org/springframework/boot/spring-boot-starter-security/3.3.4/spring-boot-starter-security-3.3.4.jar:/Users/demanday67/.m2/repository/org/springframework/spring-aop/6.1.13/spring-aop-6.1.13.jar:/Users/demanday67/.m2/repository/org/springframework/security/spring-security-config/6.3.3/spring-security-config-6.3.3.jar:/Users/demanday67/.m2/repository/org/springframework/security/spring-security-core/6.3.3/spring-security-core-6.3.3.jar:/Users/demanday67/.m2/repository/org/springframework/security/spring-security-crypto/6.3.3/spring-security-crypto-6.3.3.jar:/Users/demanday67/.m2/repository/org/springframework/security/spring-security-web/6.3.3/spring-security-web-6.3.3.jar:/Users/demanday67/.m2/repository/io/jsonwebtoken/jjwt-api/0.11.5/jjwt-api-0.11.5.jar:/Users/demanday67/.m2/repository/io/jsonwebtoken/jjwt-jackson/0.11.5/jjwt-jackson-0.11.5.jar:/Users/demanday67/.m2/repository/com/fasterxml/jackson/core/jackson-databind/2.17.2/jackson-databind-2.17.2.jar:/Users/demanday67/.m2/repository/com/fasterxml/jackson/core/jackson-annotations/2.17.2/jackson-annotations-2.17.2.jar:/Users/demanday67/.m2/repository/com/fasterxml/jackson/core/jackson-core/2.17.2/jackson-core-2.17.2.jar:/Users/demanday67/.m2/repository/io/jsonwebtoken/jjwt-impl/0.11.5/jjwt-impl-0.11.5.jar:/Users/demanday67/.m2/repository/io/springfox/springfox-boot-starter/3.0.0/springfox-boot-starter-3.0.0.jar:/Users/demanday67/.m2/repository/io/springfox/springfox-oas/3.0.0/springfox-oas-3.0.0.jar:/Users/demanday67/.m2/repository/io/swagger/core/v3/swagger-annotations/2.1.2/swagger-annotations-2.1.2.jar:/Users/demanday67/.m2/repository/io/swagger/core/v3/swagger-models/2.1.2/swagger-models-2.1.2.jar:/Users/demanday67/.m2/repository/io/springfox/springfox-core/3.0.0/springfox-core-3.0.0.jar:/Users/demanday67/.m2/repository/io/springfox/springfox-data-rest/3.0.0/springfox-data-rest-3.0.0.jar:/Users/demanday67/.m2/repository/io/springfox/springfox-bean-validators/3.0.0/springfox-bean-validators-3.0.0.jar:/Users/demanday67/.m2/repository/com/fasterxml/classmate/1.7.0/classmate-1.7.0.jar:/Users/demanday67/.m2/repository/org/slf4j/slf4j-api/2.0.16/slf4j-api-2.0.16.jar:/Users/demanday67/.m2/repository/org/springframework/plugin/spring-plugin-core/2.0.0.RELEASE/spring-plugin-core-2.0.0.RELEASE.jar:/Users/demanday67/.m2/repository/org/springframework/plugin/spring-plugin-metadata/2.0.0.RELEASE/spring-plugin-metadata-2.0.0.RELEASE.jar:/Users/demanday67/.m2/repository/io/springfox/springfox-swagger-ui/3.0.0/springfox-swagger-ui-3.0.0.jar:/Users/demanday67/.m2/repository/io/springfox/springfox-spring-webmvc/3.0.0/springfox-spring-webmvc-3.0.0.jar:/Users/demanday67/.m2/repository/io/springfox/springfox-swagger2/3.0.0/springfox-swagger2-3.0.0.jar:/Users/demanday67/.m2/repository/io/springfox/springfox-spi/3.0.0/springfox-spi-3.0.0.jar:/Users/demanday67/.m2/repository/io/springfox/springfox-schema/3.0.0/springfox-schema-3.0.0.jar:/Users/demanday67/.m2/repository/io/springfox/springfox-swagger-common/3.0.0/springfox-swagger-common-3.0.0.jar:/Users/demanday67/.m2/repository/io/springfox/springfox-spring-web/3.0.0/springfox-spring-web-3.0.0.jar:/Users/demanday67/.m2/repository/io/github/classgraph/classgraph/4.8.83/classgraph-4.8.83.jar:/Users/demanday67/.m2/repository/io/springfox/springfox-spring-webflux/3.0.0/springfox-spring-webflux-3.0.0.jar:/Users/demanday67/.m2/repository/io/swagger/swagger-annotations/1.5.20/swagger-annotations-1.5.20.jar:/Users/demanday67/.m2/repository/io/swagger/swagger-models/1.5.20/swagger-models-1.5.20.jar:/Users/demanday67/.m2/repository/org/mapstruct/mapstruct/1.3.1.Final/mapstruct-1.3.1.Final.jar:/Users/demanday67/.m2/repository/com/mysql/mysql-connector-j/8.3.0/mysql-connector-j-8.3.0.jar:/Users/demanday67/.m2/repository/org/projectlombok/lombok/1.18.34/lombok-1.18.34.jar:/Users/demanday67/.m2/repository/org/springframework/boot/spring-boot-starter-test/3.3.4/spring-boot-starter-test-3.3.4.jar:/Users/demanday67/.m2/repository/org/springframework/boot/spring-boot-test/3.3.4/spring-boot-test-3.3.4.jar:/Users/demanday67/.m2/repository/org/springframework/boot/spring-boot-test-autoconfigure/3.3.4/spring-boot-test-autoconfigure-3.3.4.jar:/Users/demanday67/.m2/repository/com/jayway/jsonpath/json-path/2.9.0/json-path-2.9.0.jar:/Users/demanday67/.m2/repository/jakarta/xml/bind/jakarta.xml.bind-api/4.0.2/jakarta.xml.bind-api-4.0.2.jar:/Users/demanday67/.m2/repository/jakarta/activation/jakarta.activation-api/2.1.3/jakarta.activation-api-2.1.3.jar:/Users/demanday67/.m2/repository/net/minidev/json-smart/2.5.1/json-smart-2.5.1.jar:/Users/demanday67/.m2/repository/net/minidev/accessors-smart/2.5.1/accessors-smart-2.5.1.jar:/Users/demanday67/.m2/repository/org/ow2/asm/asm/9.6/asm-9.6.jar:/Users/demanday67/.m2/repository/org/assertj/assertj-core/3.25.3/assertj-core-3.25.3.jar:/Users/demanday67/.m2/repository/org/awaitility/awaitility/4.2.2/awaitility-4.2.2.jar:/Users/demanday67/.m2/repository/org/hamcrest/hamcrest/2.2/hamcrest-2.2.jar:/Users/demanday67/.m2/repository/org/junit/jupiter/junit-jupiter/5.10.3/junit-jupiter-5.10.3.jar:/Users/demanday67/.m2/repository/org/junit/jupiter/junit-jupiter-api/5.10.3/junit-jupiter-api-5.10.3.jar:/Users/demanday67/.m2/repository/org/opentest4j/opentest4j/1.3.0/opentest4j-1.3.0.jar:/Users/demanday67/.m2/repository/org/junit/platform/junit-platform-commons/1.10.3/junit-platform-commons-1.10.3.jar:/Users/demanday67/.m2/repository/org/apiguardian/apiguardian-api/1.1.2/apiguardian-api-1.1.2.jar:/Users/demanday67/.m2/repository/org/junit/jupiter/junit-jupiter-params/5.10.3/junit-jupiter-params-5.10.3.jar:/Users/demanday67/.m2/repository/org/junit/jupiter/junit-jupiter-engine/5.10.3/junit-jupiter-engine-5.10.3.jar:/Users/demanday67/.m2/repository/org/junit/platform/junit-platform-engine/1.10.3/junit-platform-engine-1.10.3.jar:/Users/demanday67/.m2/repository/org/mockito/mockito-core/5.11.0/mockito-core-5.11.0.jar:/Users/demanday67/.m2/repository/net/bytebuddy/byte-buddy-agent/1.14.19/byte-buddy-agent-1.14.19.jar:/Users/demanday67/.m2/repository/org/objenesis/objenesis/3.3/objenesis-3.3.jar:/Users/demanday67/.m2/repository/org/mockito/mockito-junit-jupiter/5.11.0/mockito-junit-jupiter-5.11.0.jar:/Users/demanday67/.m2/repository/org/skyscreamer/jsonassert/1.5.3/jsonassert-1.5.3.jar:/Users/demanday67/.m2/repository/com/vaadin/external/google/android-json/0.0.20131108.vaadin1/android-json-0.0.20131108.vaadin1.jar:/Users/demanday67/.m2/repository/org/springframework/spring-core/6.1.13/spring-core-6.1.13.jar:/Users/demanday67/.m2/repository/org/springframework/spring-jcl/6.1.13/spring-jcl-6.1.13.jar:/Users/demanday67/.m2/repository/org/springframework/spring-test/6.1.13/spring-test-6.1.13.jar:/Users/demanday67/.m2/repository/org/xmlunit/xmlunit-core/2.9.1/xmlunit-core-2.9.1.jar:/Users/demanday67/.m2/repository/org/springdoc/springdoc-openapi-starter-webmvc-ui/2.3.0/springdoc-openapi-starter-webmvc-ui-2.3.0.jar:/Users/demanday67/.m2/repository/org/springdoc/springdoc-openapi-starter-webmvc-api/2.3.0/springdoc-openapi-starter-webmvc-api-2.3.0.jar:/Users/demanday67/.m2/repository/org/springdoc/springdoc-openapi-starter-common/2.3.0/springdoc-openapi-starter-common-2.3.0.jar:/Users/demanday67/.m2/repository/io/swagger/core/v3/swagger-core-jakarta/2.2.19/swagger-core-jakarta-2.2.19.jar:/Users/demanday67/.m2/repository/org/apache/commons/commons-lang3/3.14.0/commons-lang3-3.14.0.jar:/Users/demanday67/.m2/repository/io/swagger/core/v3/swagger-annotations-jakarta/2.2.19/swagger-annotations-jakarta-2.2.19.jar:/Users/demanday67/.m2/repository/io/swagger/core/v3/swagger-models-jakarta/2.2.19/swagger-models-jakarta-2.2.19.jar:/Users/demanday67/.m2/repository/jakarta/validation/jakarta.validation-api/3.0.2/jakarta.validation-api-3.0.2.jar:/Users/demanday67/.m2/repository/com/fasterxml/jackson/dataformat/jackson-dataformat-yaml/2.17.2/jackson-dataformat-yaml-2.17.2.jar:/Users/demanday67/.m2/repository/org/webjars/swagger-ui/5.10.3/swagger-ui-5.10.3.jar:/Users/demanday67/.m2/repository/javax/persistence/javax.persistence-api/2.2/javax.persistence-api-2.2.jar:/Users/demanday67/.m2/repository/org/springframework/boot/spring-boot-starter-mail/3.3.4/spring-boot-starter-mail-3.3.4.jar:/Users/demanday67/.m2/repository/org/springframework/spring-context-support/6.1.13/spring-context-support-6.1.13.jar:/Users/demanday67/.m2/repository/org/eclipse/angus/jakarta.mail/2.0.3/jakarta.mail-2.0.3.jar:/Users/demanday67/.m2/repository/org/eclipse/angus/angus-activation/2.0.2/angus-activation-2.0.2.jar:/Users/demanday67/.m2/repository/org/springframework/boot/spring-boot-starter-websocket/3.3.4/spring-boot-starter-websocket-3.3.4.jar:/Users/demanday67/.m2/repository/org/springframework/spring-messaging/6.1.13/spring-messaging-6.1.13.jar:/Users/demanday67/.m2/repository/org/springframework/spring-websocket/6.1.13/spring-websocket-6.1.13.jar:, sun.cpu.endian=little, hibernate.cdi.extensions=true, user.home=/Users/demanday67, user.language=en, java.specification.vendor=Oracle Corporation, java.version.date=2024-07-16, java.home=/Library/Java/JavaVirtualMachines/jdk-17.jdk/Contents/Home, file.separator=/, basedir=/Users/demanday67/Documents/JavaProjects/infinityDemandDay, java.vm.compressedOopsMode=Zero based, line.separator=
, hibernate.persistenceUnitName=default, java.vm.specification.vendor=Oracle Corporation, java.specification.name=Java Platform API Specification, FILE_LOG_CHARSET=UTF-8, hibernate.transaction.coordinator_class=class org.hibernate.resource.transaction.backend.jdbc.internal.JdbcResourceLocalTransactionCoordinatorBuilderImpl, java.awt.headless=true, surefire.real.class.path=/Users/demanday67/Documents/JavaProjects/infinityDemandDay/target/surefire/surefirebooter-20241213180539865_3.jar, jakarta.persistence.validation.mode=AUTO, hibernate.hbm2ddl.auto=update, sun.management.compiler=HotSpot 64-Bit Tiered Compilers, ftp.nonProxyHosts=local|*.local|169.254/16|*.169.254/16, java.runtime.version=17.0.12+8-LTS-286, user.name=demanday67, path.separator=:, os.version=15.1.1, java.runtime.name=Java(TM) SE Runtime Environment, file.encoding=UTF-8, java.vm.name=Java HotSpot(TM) 64-Bit Server VM, hibernate.show_sql=true, localRepository=/Users/demanday67/.m2/repository, java.vendor.url.bug=https://bugreport.java.com/bugreport/, java.io.tmpdir=/var/folders/4q/_7t4yk210wd0drltfygfxylh0000gn/T/, java.version=17.0.12, hibernate.physical_naming_strategy=org.hibernate.boot.model.naming.CamelCaseToUnderscoresNamingStrategy, user.dir=/Users/demanday67/Documents/JavaProjects/infinityDemandDay, os.arch=aarch64, java.vm.specification.name=Java Virtual Machine Specification, PID=7187, CONSOLE_LOG_CHARSET=UTF-8, hibernate.boot.CfgXmlAccessService.key=org.hibernate.boot.registry.StandardServiceRegistryBuilder$1@19ce19b7, native.encoding=UTF-8, java.library.path=/Users/demanday67/Library/Java/Extensions:/Library/Java/Extensions:/Network/Library/Java/Extensions:/System/Library/Java/Extensions:/usr/lib/java:., java.vendor=Oracle Corporation, java.vm.info=mixed mode, sharing, java.vm.version=17.0.12+8-LTS-286, sun.io.unicode.encoding=UnicodeBig, hibernate.archive.scanner=org.hibernate.boot.archive.scan.internal.DisabledScanner, hibernate.connection.datasource=HikariDataSource (HikariPool-1), socksNonProxyHosts=local|*.local|169.254/16|*.169.254/16, java.class.version=61.0, LOGGED_APPLICATION_NAME=[contenttree] }
2024-12-13T18:05:44.779+05:30 DEBUG 7187 --- [contenttree] [           main] o.hibernate.internal.SessionFactoryImpl  : Session factory constructed with filter configurations : {}
2024-12-13T18:05:44.781+05:30 DEBUG 7187 --- [contenttree] [           main] o.h.b.beanvalidation.TypeSafeActivator   : Unable to acquire Bean Validation ValidatorFactory, skipping activation
2024-12-13T18:05:44.800+05:30 DEBUG 7187 --- [contenttree] [           main] o.h.q.sqm.function.SqmFunctionRegistry   : Registered SqmFunctionTemplate [NamedSqmFunctionTemplate(max)] under max; prior registration was null
2024-12-13T18:05:44.800+05:30 DEBUG 7187 --- [contenttree] [           main] o.h.q.sqm.function.SqmFunctionRegistry   : Registered SqmFunctionTemplate [NamedSqmFunctionTemplate(min)] under min; prior registration was null
2024-12-13T18:05:44.801+05:30 DEBUG 7187 --- [contenttree] [           main] o.h.q.sqm.function.SqmFunctionRegistry   : Registered SqmFunctionTemplate [NamedSqmFunctionTemplate(sum)] under sum; prior registration was null
2024-12-13T18:05:44.801+05:30 DEBUG 7187 --- [contenttree] [           main] o.h.q.sqm.function.SqmFunctionRegistry   : Registered SqmFunctionTemplate [NamedSqmFunctionTemplate(avg)] under avg; prior registration was null
2024-12-13T18:05:44.802+05:30 DEBUG 7187 --- [contenttree] [           main] o.h.q.sqm.function.SqmFunctionRegistry   : Registered SqmFunctionTemplate [org.hibernate.dialect.function.CountFunction@541897c6] under count; prior registration was null
2024-12-13T18:05:44.802+05:30 DEBUG 7187 --- [contenttree] [           main] o.h.q.sqm.function.SqmFunctionRegistry   : Registered SqmFunctionTemplate [org.hibernate.dialect.function.EveryAnyEmulation@59d0fac9] under every; prior registration was null
2024-12-13T18:05:44.802+05:30 DEBUG 7187 --- [contenttree] [           main] o.h.q.sqm.function.SqmFunctionRegistry   : Registered SqmFunctionTemplate [org.hibernate.dialect.function.EveryAnyEmulation@1d3546f9] under any; prior registration was null
2024-12-13T18:05:44.802+05:30 DEBUG 7187 --- [contenttree] [           main] o.h.q.sqm.function.SqmFunctionRegistry   : Registered SqmFunctionTemplate [NamedSqmFunctionTemplate(floor)] under floor; prior registration was null
2024-12-13T18:05:44.802+05:30 DEBUG 7187 --- [contenttree] [           main] o.h.q.sqm.function.SqmFunctionRegistry   : Registered SqmFunctionTemplate [NamedSqmFunctionTemplate(ceiling)] under ceiling; prior registration was null
2024-12-13T18:05:44.802+05:30 DEBUG 7187 --- [contenttree] [           main] o.h.q.sqm.function.SqmFunctionRegistry   : Registered SqmFunctionTemplate [NamedSqmFunctionTemplate(mod)] under mod; prior registration was null
2024-12-13T18:05:44.802+05:30 DEBUG 7187 --- [contenttree] [           main] o.h.q.sqm.function.SqmFunctionRegistry   : Registered SqmFunctionTemplate [NamedSqmFunctionTemplate(abs)] under abs; prior registration was null
2024-12-13T18:05:44.802+05:30 DEBUG 7187 --- [contenttree] [           main] o.h.q.sqm.function.SqmFunctionRegistry   : Registered SqmFunctionTemplate [NamedSqmFunctionTemplate(sign)] under sign; prior registration was null
2024-12-13T18:05:44.802+05:30 DEBUG 7187 --- [contenttree] [           main] o.h.q.sqm.function.SqmFunctionRegistry   : Registered SqmFunctionTemplate [NamedSqmFunctionTemplate(sqrt)] under sqrt; prior registration was null
2024-12-13T18:05:44.802+05:30 DEBUG 7187 --- [contenttree] [           main] o.h.q.sqm.function.SqmFunctionRegistry   : Registered SqmFunctionTemplate [NamedSqmFunctionTemplate(ln)] under ln; prior registration was null
2024-12-13T18:05:44.802+05:30 DEBUG 7187 --- [contenttree] [           main] o.h.q.sqm.function.SqmFunctionRegistry   : Registered SqmFunctionTemplate [NamedSqmFunctionTemplate(exp)] under exp; prior registration was null
2024-12-13T18:05:44.802+05:30 DEBUG 7187 --- [contenttree] [           main] o.h.q.sqm.function.SqmFunctionRegistry   : Registered SqmFunctionTemplate [NamedSqmFunctionTemplate(power)] under power; prior registration was null
2024-12-13T18:05:44.803+05:30 DEBUG 7187 --- [contenttree] [           main] o.h.q.sqm.function.SqmFunctionRegistry   : Registered SqmFunctionTemplate [NamedSqmFunctionTemplate(round)] under round; prior registration was null
2024-12-13T18:05:44.803+05:30 DEBUG 7187 --- [contenttree] [           main] o.h.q.sqm.function.SqmFunctionRegistry   : Registered SqmFunctionTemplate [NamedSqmFunctionTemplate(sin)] under sin; prior registration was null
2024-12-13T18:05:44.803+05:30 DEBUG 7187 --- [contenttree] [           main] o.h.q.sqm.function.SqmFunctionRegistry   : Registered SqmFunctionTemplate [NamedSqmFunctionTemplate(cos)] under cos; prior registration was null
2024-12-13T18:05:44.803+05:30 DEBUG 7187 --- [contenttree] [           main] o.h.q.sqm.function.SqmFunctionRegistry   : Registered SqmFunctionTemplate [NamedSqmFunctionTemplate(tan)] under tan; prior registration was null
2024-12-13T18:05:44.803+05:30 DEBUG 7187 --- [contenttree] [           main] o.h.q.sqm.function.SqmFunctionRegistry   : Registered SqmFunctionTemplate [NamedSqmFunctionTemplate(asin)] under asin; prior registration was null
2024-12-13T18:05:44.803+05:30 DEBUG 7187 --- [contenttree] [           main] o.h.q.sqm.function.SqmFunctionRegistry   : Registered SqmFunctionTemplate [NamedSqmFunctionTemplate(acos)] under acos; prior registration was null
2024-12-13T18:05:44.803+05:30 DEBUG 7187 --- [contenttree] [           main] o.h.q.sqm.function.SqmFunctionRegistry   : Registered SqmFunctionTemplate [NamedSqmFunctionTemplate(atan)] under atan; prior registration was null
2024-12-13T18:05:44.803+05:30 DEBUG 7187 --- [contenttree] [           main] o.h.q.sqm.function.SqmFunctionRegistry   : Registered SqmFunctionTemplate [NamedSqmFunctionTemplate(atan2)] under atan2; prior registration was null
2024-12-13T18:05:44.803+05:30 DEBUG 7187 --- [contenttree] [           main] o.h.q.sqm.function.SqmFunctionRegistry   : Registered SqmFunctionTemplate [org.hibernate.query.sqm.function.PatternBasedSqmFunctionDescriptor@229514ff] under sinh; prior registration was null
2024-12-13T18:05:44.803+05:30 DEBUG 7187 --- [contenttree] [           main] o.h.q.sqm.function.SqmFunctionRegistry   : Registered SqmFunctionTemplate [org.hibernate.query.sqm.function.PatternBasedSqmFunctionDescriptor@664254b6] under cosh; prior registration was null
2024-12-13T18:05:44.803+05:30 DEBUG 7187 --- [contenttree] [           main] o.h.q.sqm.function.SqmFunctionRegistry   : Registered SqmFunctionTemplate [org.hibernate.query.sqm.function.PatternBasedSqmFunctionDescriptor@714b6999] under tanh; prior registration was null
2024-12-13T18:05:44.803+05:30 DEBUG 7187 --- [contenttree] [           main] o.h.q.sqm.function.SqmFunctionRegistry   : Registered SqmFunctionTemplate [org.hibernate.query.sqm.function.PatternBasedSqmFunctionDescriptor@2e4d2232] under pi; prior registration was null
2024-12-13T18:05:44.803+05:30 DEBUG 7187 --- [contenttree] [           main] o.h.q.sqm.function.SqmFunctionRegistry   : Registered SqmFunctionTemplate [org.hibernate.query.sqm.function.PatternBasedSqmFunctionDescriptor@24f5e9e8] under log; prior registration was null
2024-12-13T18:05:44.803+05:30 DEBUG 7187 --- [contenttree] [           main] o.h.q.sqm.function.SqmFunctionRegistry   : Registered SqmFunctionTemplate [NamedSqmFunctionTemplate(coalesce)] under coalesce; prior registration was null
2024-12-13T18:05:44.803+05:30 DEBUG 7187 --- [contenttree] [           main] o.h.q.sqm.function.SqmFunctionRegistry   : Registered SqmFunctionTemplate [NamedSqmFunctionTemplate(nullif)] under nullif; prior registration was null
2024-12-13T18:05:44.803+05:30 DEBUG 7187 --- [contenttree] [           main] o.h.q.sqm.function.SqmFunctionRegistry   : Registered SqmFunctionTemplate [NamedSqmFunctionTemplate(left)] under left; prior registration was null
2024-12-13T18:05:44.803+05:30 DEBUG 7187 --- [contenttree] [           main] o.h.q.sqm.function.SqmFunctionRegistry   : Registered SqmFunctionTemplate [NamedSqmFunctionTemplate(right)] under right; prior registration was null
2024-12-13T18:05:44.803+05:30 DEBUG 7187 --- [contenttree] [           main] o.h.q.sqm.function.SqmFunctionRegistry   : Registered SqmFunctionTemplate [NamedSqmFunctionTemplate(replace)] under replace; prior registration was null
2024-12-13T18:05:44.803+05:30 DEBUG 7187 --- [contenttree] [           main] o.h.q.sqm.function.SqmFunctionRegistry   : Registered SqmFunctionTemplate [NamedSqmFunctionTemplate(concat)] under concat; prior registration was null
2024-12-13T18:05:44.803+05:30 DEBUG 7187 --- [contenttree] [           main] o.h.q.sqm.function.SqmFunctionRegistry   : Registered SqmFunctionTemplate [NamedSqmFunctionTemplate(lower)] under lower; prior registration was null
2024-12-13T18:05:44.803+05:30 DEBUG 7187 --- [contenttree] [           main] o.h.q.sqm.function.SqmFunctionRegistry   : Registered SqmFunctionTemplate [NamedSqmFunctionTemplate(upper)] under upper; prior registration was null
2024-12-13T18:05:44.803+05:30 DEBUG 7187 --- [contenttree] [           main] o.h.q.sqm.function.SqmFunctionRegistry   : Registered SqmFunctionTemplate [NamedSqmFunctionTemplate(substring)] under substring; prior registration was null
2024-12-13T18:05:44.804+05:30 DEBUG 7187 --- [contenttree] [           main] o.h.q.sqm.function.SqmFunctionRegistry   : Registered SqmFunctionTemplate [NamedSqmFunctionTemplate(locate)] under locate; prior registration was null
2024-12-13T18:05:44.804+05:30 DEBUG 7187 --- [contenttree] [           main] o.h.q.sqm.function.SqmFunctionRegistry   : Registered SqmFunctionTemplate [NamedSqmFunctionTemplate(character_length)] under character_length; prior registration was null
2024-12-13T18:05:44.804+05:30 DEBUG 7187 --- [contenttree] [           main] o.h.q.sqm.function.SqmFunctionRegistry   : Registering alternate key : length -> character_length
2024-12-13T18:05:44.804+05:30 DEBUG 7187 --- [contenttree] [           main] o.h.q.sqm.function.SqmFunctionRegistry   : Registered SqmFunctionTemplate [org.hibernate.dialect.function.LocatePositionEmulation@ae74eef] under position; prior registration was null
2024-12-13T18:05:44.804+05:30 DEBUG 7187 --- [contenttree] [           main] o.h.q.sqm.function.SqmFunctionRegistry   : Registered SqmFunctionTemplate [org.hibernate.dialect.function.InsertSubstringOverlayEmulation@6a5c2d2d] under overlay; prior registration was null
2024-12-13T18:05:44.805+05:30 DEBUG 7187 --- [contenttree] [           main] o.h.q.sqm.function.SqmFunctionRegistry   : Registered SqmFunctionTemplate [org.hibernate.dialect.function.TrimFunction@4bceac99] under trim; prior registration was null
2024-12-13T18:05:44.805+05:30 DEBUG 7187 --- [contenttree] [           main] o.h.q.sqm.function.SqmFunctionRegistry   : Registered SqmFunctionTemplate [org.hibernate.dialect.function.CastFunction@178ba69f] under cast; prior registration was null
2024-12-13T18:05:44.805+05:30 DEBUG 7187 --- [contenttree] [           main] o.h.q.sqm.function.SqmFunctionRegistry   : Registered SqmFunctionTemplate [org.hibernate.query.sqm.function.PatternBasedSqmFunctionDescriptor@1e4c4fda] under collate; prior registration was null
2024-12-13T18:05:44.805+05:30 DEBUG 7187 --- [contenttree] [           main] o.h.q.sqm.function.SqmFunctionRegistry   : Registered SqmFunctionTemplate [org.hibernate.dialect.function.ExtractFunction@36ab69d9] under extract; prior registration was null
2024-12-13T18:05:44.805+05:30 DEBUG 7187 --- [contenttree] [           main] o.h.q.sqm.function.SqmFunctionRegistry   : Registered SqmFunctionTemplate [NamedSqmFunctionTemplate(least)] under least; prior registration was null
2024-12-13T18:05:44.805+05:30 DEBUG 7187 --- [contenttree] [           main] o.h.q.sqm.function.SqmFunctionRegistry   : Registered SqmFunctionTemplate [NamedSqmFunctionTemplate(greatest)] under greatest; prior registration was null
2024-12-13T18:05:44.805+05:30 DEBUG 7187 --- [contenttree] [           main] o.h.q.sqm.function.SqmFunctionRegistry   : Registered SqmFunctionTemplate [org.hibernate.dialect.function.CoalesceIfnullEmulation@56a9b662] under ifnull; prior registration was null
2024-12-13T18:05:44.805+05:30 DEBUG 7187 --- [contenttree] [           main] o.h.q.sqm.function.SqmFunctionRegistry   : Registered SqmFunctionTemplate [NamedSqmFunctionTemplate(lpad)] under lpad; prior registration was null
2024-12-13T18:05:44.805+05:30 DEBUG 7187 --- [contenttree] [           main] o.h.q.sqm.function.SqmFunctionRegistry   : Registered SqmFunctionTemplate [NamedSqmFunctionTemplate(rpad)] under rpad; prior registration was null
2024-12-13T18:05:44.805+05:30 DEBUG 7187 --- [contenttree] [           main] o.h.q.sqm.function.SqmFunctionRegistry   : Registered SqmFunctionTemplate [org.hibernate.dialect.function.LpadRpadPadEmulation@76134251] under pad; prior registration was null
2024-12-13T18:05:44.805+05:30 DEBUG 7187 --- [contenttree] [           main] o.h.q.sqm.function.SqmFunctionRegistry   : Registered SqmFunctionTemplate [org.hibernate.dialect.function.CastStrEmulation@6dc2e473] under str; prior registration was null
2024-12-13T18:05:44.806+05:30 DEBUG 7187 --- [contenttree] [           main] o.h.q.sqm.function.SqmFunctionRegistry   : Registered SqmFunctionTemplate [org.hibernate.dialect.function.FormatFunction@23365142] under format; prior registration was null
2024-12-13T18:05:44.807+05:30 DEBUG 7187 --- [contenttree] [           main] o.h.q.sqm.function.SqmFunctionRegistry   : Registered SqmFunctionTemplate [org.hibernate.dialect.function.TimestampaddFunction@3f2ef402] under timestampadd; prior registration was null
2024-12-13T18:05:44.807+05:30 DEBUG 7187 --- [contenttree] [           main] o.h.q.sqm.function.SqmFunctionRegistry   : Registered SqmFunctionTemplate [org.hibernate.dialect.function.TimestampdiffFunction@26b3fe8] under timestampdiff; prior registration was null
2024-12-13T18:05:44.807+05:30 DEBUG 7187 --- [contenttree] [           main] o.h.q.sqm.function.SqmFunctionRegistry   : Registering alternate key : dateadd -> timestampadd
2024-12-13T18:05:44.807+05:30 DEBUG 7187 --- [contenttree] [           main] o.h.q.sqm.function.SqmFunctionRegistry   : Registering alternate key : datediff -> timestampdiff
2024-12-13T18:05:44.807+05:30 DEBUG 7187 --- [contenttree] [           main] o.h.q.sqm.function.SqmFunctionRegistry   : Registered SqmFunctionTemplate [org.hibernate.dialect.function.CurrentFunction@5ccc971e] under current_date; prior registration was null
2024-12-13T18:05:44.807+05:30 DEBUG 7187 --- [contenttree] [           main] o.h.q.sqm.function.SqmFunctionRegistry   : Registered SqmFunctionTemplate [org.hibernate.dialect.function.CurrentFunction@28269c65] under current_time; prior registration was null
2024-12-13T18:05:44.807+05:30 DEBUG 7187 --- [contenttree] [           main] o.h.q.sqm.function.SqmFunctionRegistry   : Registered SqmFunctionTemplate [org.hibernate.dialect.function.CurrentFunction@4c9d833] under current_timestamp; prior registration was null
2024-12-13T18:05:44.807+05:30 DEBUG 7187 --- [contenttree] [           main] o.h.q.sqm.function.SqmFunctionRegistry   : Registering alternate key : current date -> current_date
2024-12-13T18:05:44.807+05:30 DEBUG 7187 --- [contenttree] [           main] o.h.q.sqm.function.SqmFunctionRegistry   : Registering alternate key : current time -> current_time
2024-12-13T18:05:44.807+05:30 DEBUG 7187 --- [contenttree] [           main] o.h.q.sqm.function.SqmFunctionRegistry   : Registering alternate key : current timestamp -> current_timestamp
2024-12-13T18:05:44.807+05:30 DEBUG 7187 --- [contenttree] [           main] o.h.q.sqm.function.SqmFunctionRegistry   : Registered SqmFunctionTemplate [org.hibernate.dialect.function.CurrentFunction@18b58c77] under local_date; prior registration was null
2024-12-13T18:05:44.807+05:30 DEBUG 7187 --- [contenttree] [           main] o.h.q.sqm.function.SqmFunctionRegistry   : Registered SqmFunctionTemplate [org.hibernate.dialect.function.CurrentFunction@20f99c18] under local_time; prior registration was null
2024-12-13T18:05:44.807+05:30 DEBUG 7187 --- [contenttree] [           main] o.h.q.sqm.function.SqmFunctionRegistry   : Registered SqmFunctionTemplate [org.hibernate.dialect.function.CurrentFunction@3c20e9d6] under local_datetime; prior registration was null
2024-12-13T18:05:44.807+05:30 DEBUG 7187 --- [contenttree] [           main] o.h.q.sqm.function.SqmFunctionRegistry   : Registered SqmFunctionTemplate [org.hibernate.dialect.function.CurrentFunction@76e2a621] under offset_datetime; prior registration was null
2024-12-13T18:05:44.807+05:30 DEBUG 7187 --- [contenttree] [           main] o.h.q.sqm.function.SqmFunctionRegistry   : Registering alternate key : local date -> local_date
2024-12-13T18:05:44.807+05:30 DEBUG 7187 --- [contenttree] [           main] o.h.q.sqm.function.SqmFunctionRegistry   : Registering alternate key : local time -> local_time
2024-12-13T18:05:44.807+05:30 DEBUG 7187 --- [contenttree] [           main] o.h.q.sqm.function.SqmFunctionRegistry   : Registering alternate key : local datetime -> local_datetime
2024-12-13T18:05:44.807+05:30 DEBUG 7187 --- [contenttree] [           main] o.h.q.sqm.function.SqmFunctionRegistry   : Registering alternate key : offset datetime -> offset_datetime
2024-12-13T18:05:44.807+05:30 DEBUG 7187 --- [contenttree] [           main] o.h.q.sqm.function.SqmFunctionRegistry   : Registered SqmFunctionTemplate [org.hibernate.dialect.function.CurrentFunction@42805abe] under instant; prior registration was null
2024-12-13T18:05:44.807+05:30 DEBUG 7187 --- [contenttree] [           main] o.h.q.sqm.function.SqmFunctionRegistry   : Registering alternate key : current_instant -> instant
2024-12-13T18:05:44.807+05:30 DEBUG 7187 --- [contenttree] [           main] o.h.q.sqm.function.SqmFunctionRegistry   : Registered SqmFunctionTemplate [org.hibernate.dialect.function.SqlFunction@3605ab16] under sql; prior registration was null
2024-12-13T18:05:44.807+05:30 DEBUG 7187 --- [contenttree] [           main] o.h.q.sqm.function.SqmFunctionRegistry   : Registered SqmFunctionTemplate [NamedSqmFunctionTemplate(soundex)] under soundex; prior registration was null
2024-12-13T18:05:44.807+05:30 DEBUG 7187 --- [contenttree] [           main] o.h.q.sqm.function.SqmFunctionRegistry   : Registered SqmFunctionTemplate [NamedSqmFunctionTemplate(radians)] under radians; prior registration was null
2024-12-13T18:05:44.807+05:30 DEBUG 7187 --- [contenttree] [           main] o.h.q.sqm.function.SqmFunctionRegistry   : Registered SqmFunctionTemplate [NamedSqmFunctionTemplate(degrees)] under degrees; prior registration was null
2024-12-13T18:05:44.807+05:30 DEBUG 7187 --- [contenttree] [           main] o.h.q.sqm.function.SqmFunctionRegistry   : Registered SqmFunctionTemplate [NamedSqmFunctionTemplate(cot)] under cot; prior registration was null
2024-12-13T18:05:44.807+05:30 DEBUG 7187 --- [contenttree] [           main] o.h.q.sqm.function.SqmFunctionRegistry   : Registered SqmFunctionTemplate [NamedSqmFunctionTemplate(log)] under log; prior registration was org.hibernate.query.sqm.function.PatternBasedSqmFunctionDescriptor@24f5e9e8
2024-12-13T18:05:44.807+05:30 DEBUG 7187 --- [contenttree] [           main] o.h.q.sqm.function.SqmFunctionRegistry   : Registered SqmFunctionTemplate [NamedSqmFunctionTemplate(log2)] under log2; prior registration was null
2024-12-13T18:05:44.807+05:30 DEBUG 7187 --- [contenttree] [           main] o.h.q.sqm.function.SqmFunctionRegistry   : Registered SqmFunctionTemplate [NamedSqmFunctionTemplate(log10)] under log10; prior registration was null
2024-12-13T18:05:44.807+05:30 DEBUG 7187 --- [contenttree] [           main] o.h.q.sqm.function.SqmFunctionRegistry   : Registered SqmFunctionTemplate [NamedSqmFunctionTemplate(ltrim)] under ltrim; prior registration was null
2024-12-13T18:05:44.807+05:30 DEBUG 7187 --- [contenttree] [           main] o.h.q.sqm.function.SqmFunctionRegistry   : Registered SqmFunctionTemplate [NamedSqmFunctionTemplate(rtrim)] under rtrim; prior registration was null
2024-12-13T18:05:44.807+05:30 DEBUG 7187 --- [contenttree] [           main] o.h.q.sqm.function.SqmFunctionRegistry   : Registered SqmFunctionTemplate [NamedSqmFunctionTemplate(octet_length)] under octet_length; prior registration was null
2024-12-13T18:05:44.807+05:30 DEBUG 7187 --- [contenttree] [           main] o.h.q.sqm.function.SqmFunctionRegistry   : Registered SqmFunctionTemplate [NamedSqmFunctionTemplate(reverse)] under reverse; prior registration was null
2024-12-13T18:05:44.807+05:30 DEBUG 7187 --- [contenttree] [           main] o.h.q.sqm.function.SqmFunctionRegistry   : Registered SqmFunctionTemplate [NamedSqmFunctionTemplate(space)] under space; prior registration was null
2024-12-13T18:05:44.807+05:30 DEBUG 7187 --- [contenttree] [           main] o.h.q.sqm.function.SqmFunctionRegistry   : Registered SqmFunctionTemplate [NamedSqmFunctionTemplate(repeat)] under repeat; prior registration was null
2024-12-13T18:05:44.807+05:30 DEBUG 7187 --- [contenttree] [           main] o.h.q.sqm.function.SqmFunctionRegistry   : Registered SqmFunctionTemplate [org.hibernate.query.sqm.function.MultipatternSqmFunctionDescriptor@4ba402b5] under lpad; prior registration was NamedSqmFunctionTemplate(lpad)
2024-12-13T18:05:44.807+05:30 DEBUG 7187 --- [contenttree] [           main] o.h.q.sqm.function.SqmFunctionRegistry   : Registered SqmFunctionTemplate [org.hibernate.query.sqm.function.MultipatternSqmFunctionDescriptor@22172b00] under rpad; prior registration was NamedSqmFunctionTemplate(rpad)
2024-12-13T18:05:44.807+05:30 DEBUG 7187 --- [contenttree] [           main] o.h.q.sqm.function.SqmFunctionRegistry   : Registered SqmFunctionTemplate [NamedSqmFunctionTemplate(md5)] under md5; prior registration was null
2024-12-13T18:05:44.807+05:30 DEBUG 7187 --- [contenttree] [           main] o.h.q.sqm.function.SqmFunctionRegistry   : Registered SqmFunctionTemplate [NamedSqmFunctionTemplate(day)] under day; prior registration was null
2024-12-13T18:05:44.808+05:30 DEBUG 7187 --- [contenttree] [           main] o.h.q.sqm.function.SqmFunctionRegistry   : Registered SqmFunctionTemplate [NamedSqmFunctionTemplate(month)] under month; prior registration was null
2024-12-13T18:05:44.808+05:30 DEBUG 7187 --- [contenttree] [           main] o.h.q.sqm.function.SqmFunctionRegistry   : Registered SqmFunctionTemplate [NamedSqmFunctionTemplate(year)] under year; prior registration was null
2024-12-13T18:05:44.808+05:30 DEBUG 7187 --- [contenttree] [           main] o.h.q.sqm.function.SqmFunctionRegistry   : Registered SqmFunctionTemplate [NamedSqmFunctionTemplate(hour)] under hour; prior registration was null
2024-12-13T18:05:44.808+05:30 DEBUG 7187 --- [contenttree] [           main] o.h.q.sqm.function.SqmFunctionRegistry   : Registered SqmFunctionTemplate [NamedSqmFunctionTemplate(minute)] under minute; prior registration was null
2024-12-13T18:05:44.808+05:30 DEBUG 7187 --- [contenttree] [           main] o.h.q.sqm.function.SqmFunctionRegistry   : Registered SqmFunctionTemplate [NamedSqmFunctionTemplate(second)] under second; prior registration was null
2024-12-13T18:05:44.808+05:30 DEBUG 7187 --- [contenttree] [           main] o.h.q.sqm.function.SqmFunctionRegistry   : Registered SqmFunctionTemplate [NamedSqmFunctionTemplate(microsecond)] under microsecond; prior registration was null
2024-12-13T18:05:44.808+05:30 DEBUG 7187 --- [contenttree] [           main] o.h.q.sqm.function.SqmFunctionRegistry   : Registered SqmFunctionTemplate [NamedSqmFunctionTemplate(dayofweek)] under dayofweek; prior registration was null
2024-12-13T18:05:44.808+05:30 DEBUG 7187 --- [contenttree] [           main] o.h.q.sqm.function.SqmFunctionRegistry   : Registered SqmFunctionTemplate [NamedSqmFunctionTemplate(dayofmonth)] under dayofmonth; prior registration was null
2024-12-13T18:05:44.808+05:30 DEBUG 7187 --- [contenttree] [           main] o.h.q.sqm.function.SqmFunctionRegistry   : Registering alternate key : day -> dayofmonth
2024-12-13T18:05:44.808+05:30 DEBUG 7187 --- [contenttree] [           main] o.h.q.sqm.function.SqmFunctionRegistry   : Registered SqmFunctionTemplate [NamedSqmFunctionTemplate(dayofyear)] under dayofyear; prior registration was null
2024-12-13T18:05:44.808+05:30 DEBUG 7187 --- [contenttree] [           main] o.h.q.sqm.function.SqmFunctionRegistry   : Registered SqmFunctionTemplate [NamedSqmFunctionTemplate(week)] under week; prior registration was null
2024-12-13T18:05:44.808+05:30 DEBUG 7187 --- [contenttree] [           main] o.h.q.sqm.function.SqmFunctionRegistry   : Registered SqmFunctionTemplate [NamedSqmFunctionTemplate(quarter)] under quarter; prior registration was null
2024-12-13T18:05:44.808+05:30 DEBUG 7187 --- [contenttree] [           main] o.h.q.sqm.function.SqmFunctionRegistry   : Registered SqmFunctionTemplate [NamedSqmFunctionTemplate(monthname)] under monthname; prior registration was null
2024-12-13T18:05:44.808+05:30 DEBUG 7187 --- [contenttree] [           main] o.h.q.sqm.function.SqmFunctionRegistry   : Registered SqmFunctionTemplate [NamedSqmFunctionTemplate(dayname)] under dayname; prior registration was null
2024-12-13T18:05:44.808+05:30 DEBUG 7187 --- [contenttree] [           main] o.h.q.sqm.function.SqmFunctionRegistry   : Registered SqmFunctionTemplate [NamedSqmFunctionTemplate(last_day)] under last_day; prior registration was null
2024-12-13T18:05:44.808+05:30 DEBUG 7187 --- [contenttree] [           main] o.h.q.sqm.function.SqmFunctionRegistry   : Registered SqmFunctionTemplate [NamedSqmFunctionTemplate(date)] under date; prior registration was null
2024-12-13T18:05:44.808+05:30 DEBUG 7187 --- [contenttree] [           main] o.h.q.sqm.function.SqmFunctionRegistry   : Registered SqmFunctionTemplate [NamedSqmFunctionTemplate(timestamp)] under timestamp; prior registration was null
2024-12-13T18:05:44.808+05:30 DEBUG 7187 --- [contenttree] [           main] o.h.q.sqm.function.SqmFunctionRegistry   : Registered SqmFunctionTemplate [NamedSqmFunctionTemplate(time)] under time; prior registration was null
2024-12-13T18:05:44.808+05:30 DEBUG 7187 --- [contenttree] [           main] o.h.q.sqm.function.SqmFunctionRegistry   : Registered SqmFunctionTemplate [NamedSqmFunctionTemplate(utc_date)] under utc_date; prior registration was null
2024-12-13T18:05:44.808+05:30 DEBUG 7187 --- [contenttree] [           main] o.h.q.sqm.function.SqmFunctionRegistry   : Registered SqmFunctionTemplate [NamedSqmFunctionTemplate(utc_time)] under utc_time; prior registration was null
2024-12-13T18:05:44.808+05:30 DEBUG 7187 --- [contenttree] [           main] o.h.q.sqm.function.SqmFunctionRegistry   : Registered SqmFunctionTemplate [NamedSqmFunctionTemplate(utc_timestamp)] under utc_timestamp; prior registration was null
2024-12-13T18:05:44.808+05:30 DEBUG 7187 --- [contenttree] [           main] o.h.q.sqm.function.SqmFunctionRegistry   : Registered SqmFunctionTemplate [NamedSqmFunctionTemplate(rand)] under rand; prior registration was null
2024-12-13T18:05:44.808+05:30 DEBUG 7187 --- [contenttree] [           main] o.h.q.sqm.function.SqmFunctionRegistry   : Registered SqmFunctionTemplate [NamedSqmFunctionTemplate(crc32)] under crc32; prior registration was null
2024-12-13T18:05:44.808+05:30 DEBUG 7187 --- [contenttree] [           main] o.h.q.sqm.function.SqmFunctionRegistry   : Registered SqmFunctionTemplate [NamedSqmFunctionTemplate(sha1)] under sha1; prior registration was null
2024-12-13T18:05:44.808+05:30 DEBUG 7187 --- [contenttree] [           main] o.h.q.sqm.function.SqmFunctionRegistry   : Registered SqmFunctionTemplate [NamedSqmFunctionTemplate(sha2)] under sha2; prior registration was null
2024-12-13T18:05:44.808+05:30 DEBUG 7187 --- [contenttree] [           main] o.h.q.sqm.function.SqmFunctionRegistry   : Registered SqmFunctionTemplate [NamedSqmFunctionTemplate(sha)] under sha; prior registration was null
2024-12-13T18:05:44.808+05:30 DEBUG 7187 --- [contenttree] [           main] o.h.q.sqm.function.SqmFunctionRegistry   : Registered SqmFunctionTemplate [NamedSqmFunctionTemplate(bit_length)] under bit_length; prior registration was null
2024-12-13T18:05:44.808+05:30 DEBUG 7187 --- [contenttree] [           main] o.h.q.sqm.function.SqmFunctionRegistry   : Registered SqmFunctionTemplate [NamedSqmFunctionTemplate(octet_length)] under octet_length; prior registration was NamedSqmFunctionTemplate(octet_length)
2024-12-13T18:05:44.808+05:30 DEBUG 7187 --- [contenttree] [           main] o.h.q.sqm.function.SqmFunctionRegistry   : Registered SqmFunctionTemplate [NamedSqmFunctionTemplate(ascii)] under ascii; prior registration was null
2024-12-13T18:05:44.808+05:30 DEBUG 7187 --- [contenttree] [           main] o.h.q.sqm.function.SqmFunctionRegistry   : Registered SqmFunctionTemplate [NamedSqmFunctionTemplate(instr)] under instr; prior registration was null
2024-12-13T18:05:44.808+05:30 DEBUG 7187 --- [contenttree] [           main] o.h.q.sqm.function.SqmFunctionRegistry   : Registered SqmFunctionTemplate [NamedSqmFunctionTemplate(substr)] under substr; prior registration was null
2024-12-13T18:05:44.808+05:30 DEBUG 7187 --- [contenttree] [           main] o.h.q.sqm.function.SqmFunctionRegistry   : Registered SqmFunctionTemplate [org.hibernate.query.sqm.function.PatternBasedSqmFunctionDescriptor@d02c00] under position; prior registration was org.hibernate.dialect.function.LocatePositionEmulation@ae74eef
2024-12-13T18:05:44.808+05:30 DEBUG 7187 --- [contenttree] [           main] o.h.q.sqm.function.SqmFunctionRegistry   : Registered SqmFunctionTemplate [NamedSqmFunctionTemplate(curtime)] under curtime; prior registration was null
2024-12-13T18:05:44.808+05:30 DEBUG 7187 --- [contenttree] [           main] o.h.q.sqm.function.SqmFunctionRegistry   : Registered SqmFunctionTemplate [NamedSqmFunctionTemplate(curdate)] under curdate; prior registration was null
2024-12-13T18:05:44.808+05:30 DEBUG 7187 --- [contenttree] [           main] o.h.q.sqm.function.SqmFunctionRegistry   : Registered SqmFunctionTemplate [NamedSqmFunctionTemplate(now)] under now; prior registration was null
2024-12-13T18:05:44.810+05:30 DEBUG 7187 --- [contenttree] [           main] o.h.q.sqm.function.SqmFunctionRegistry   : Registered SqmFunctionTemplate [org.hibernate.dialect.function.TruncFunction@60b4d934] under trunc; prior registration was null
2024-12-13T18:05:44.810+05:30 DEBUG 7187 --- [contenttree] [           main] o.h.q.sqm.function.SqmFunctionRegistry   : Registering alternate key : truncate -> trunc
2024-12-13T18:05:44.810+05:30 DEBUG 7187 --- [contenttree] [           main] o.h.q.sqm.function.SqmFunctionRegistry   : Registered SqmFunctionTemplate [NamedSqmFunctionTemplate(insert)] under insert; prior registration was null
2024-12-13T18:05:44.810+05:30 DEBUG 7187 --- [contenttree] [           main] o.h.q.sqm.function.SqmFunctionRegistry   : Registered SqmFunctionTemplate [org.hibernate.query.sqm.function.PatternBasedSqmFunctionDescriptor@6a3e633a] under bitand; prior registration was null
2024-12-13T18:05:44.810+05:30 DEBUG 7187 --- [contenttree] [           main] o.h.q.sqm.function.SqmFunctionRegistry   : Registered SqmFunctionTemplate [org.hibernate.query.sqm.function.PatternBasedSqmFunctionDescriptor@41abee65] under bitor; prior registration was null
2024-12-13T18:05:44.810+05:30 DEBUG 7187 --- [contenttree] [           main] o.h.q.sqm.function.SqmFunctionRegistry   : Registered SqmFunctionTemplate [org.hibernate.query.sqm.function.PatternBasedSqmFunctionDescriptor@6fc6f68f] under bitxor; prior registration was null
2024-12-13T18:05:44.810+05:30 DEBUG 7187 --- [contenttree] [           main] o.h.q.sqm.function.SqmFunctionRegistry   : Registered SqmFunctionTemplate [org.hibernate.query.sqm.function.PatternBasedSqmFunctionDescriptor@297dff3a] under bitnot; prior registration was null
2024-12-13T18:05:44.810+05:30 DEBUG 7187 --- [contenttree] [           main] o.h.q.sqm.function.SqmFunctionRegistry   : Registered SqmFunctionTemplate [NamedSqmFunctionTemplate(bit_and)] under bit_and; prior registration was null
2024-12-13T18:05:44.810+05:30 DEBUG 7187 --- [contenttree] [           main] o.h.q.sqm.function.SqmFunctionRegistry   : Registered SqmFunctionTemplate [NamedSqmFunctionTemplate(bit_or)] under bit_or; prior registration was null
2024-12-13T18:05:44.810+05:30 DEBUG 7187 --- [contenttree] [           main] o.h.q.sqm.function.SqmFunctionRegistry   : Registered SqmFunctionTemplate [NamedSqmFunctionTemplate(stddev)] under stddev; prior registration was null
2024-12-13T18:05:44.810+05:30 DEBUG 7187 --- [contenttree] [           main] o.h.q.sqm.function.SqmFunctionRegistry   : Registered SqmFunctionTemplate [NamedSqmFunctionTemplate(stddev_pop)] under stddev_pop; prior registration was null
2024-12-13T18:05:44.810+05:30 DEBUG 7187 --- [contenttree] [           main] o.h.q.sqm.function.SqmFunctionRegistry   : Registered SqmFunctionTemplate [NamedSqmFunctionTemplate(stddev_samp)] under stddev_samp; prior registration was null
2024-12-13T18:05:44.810+05:30 DEBUG 7187 --- [contenttree] [           main] o.h.q.sqm.function.SqmFunctionRegistry   : Registered SqmFunctionTemplate [NamedSqmFunctionTemplate(variance)] under variance; prior registration was null
2024-12-13T18:05:44.810+05:30 DEBUG 7187 --- [contenttree] [           main] o.h.q.sqm.function.SqmFunctionRegistry   : Registered SqmFunctionTemplate [NamedSqmFunctionTemplate(var_pop)] under var_pop; prior registration was null
2024-12-13T18:05:44.810+05:30 DEBUG 7187 --- [contenttree] [           main] o.h.q.sqm.function.SqmFunctionRegistry   : Registered SqmFunctionTemplate [NamedSqmFunctionTemplate(var_samp)] under var_samp; prior registration was null
2024-12-13T18:05:44.810+05:30 DEBUG 7187 --- [contenttree] [           main] o.h.q.sqm.function.SqmFunctionRegistry   : Registered SqmFunctionTemplate [NamedSqmFunctionTemplate(datediff)] under datediff; prior registration was null
2024-12-13T18:05:44.810+05:30 DEBUG 7187 --- [contenttree] [           main] o.h.q.sqm.function.SqmFunctionRegistry   : Registered SqmFunctionTemplate [NamedSqmFunctionTemplate(adddate)] under adddate; prior registration was null
2024-12-13T18:05:44.810+05:30 DEBUG 7187 --- [contenttree] [           main] o.h.q.sqm.function.SqmFunctionRegistry   : Registered SqmFunctionTemplate [NamedSqmFunctionTemplate(subdate)] under subdate; prior registration was null
2024-12-13T18:05:44.810+05:30 DEBUG 7187 --- [contenttree] [           main] o.h.q.sqm.function.SqmFunctionRegistry   : Registered SqmFunctionTemplate [NamedSqmFunctionTemplate(addtime)] under addtime; prior registration was null
2024-12-13T18:05:44.810+05:30 DEBUG 7187 --- [contenttree] [           main] o.h.q.sqm.function.SqmFunctionRegistry   : Registered SqmFunctionTemplate [NamedSqmFunctionTemplate(subtime)] under subtime; prior registration was null
2024-12-13T18:05:44.810+05:30 DEBUG 7187 --- [contenttree] [           main] o.h.q.sqm.function.SqmFunctionRegistry   : Registered SqmFunctionTemplate [org.hibernate.dialect.function.FormatFunction@30437e9c] under format; prior registration was org.hibernate.dialect.function.FormatFunction@23365142
2024-12-13T18:05:44.810+05:30 DEBUG 7187 --- [contenttree] [           main] o.h.q.sqm.function.SqmFunctionRegistry   : Registered SqmFunctionTemplate [NamedSqmFunctionTemplate(makedate)] under makedate; prior registration was null
2024-12-13T18:05:44.810+05:30 DEBUG 7187 --- [contenttree] [           main] o.h.q.sqm.function.SqmFunctionRegistry   : Registered SqmFunctionTemplate [NamedSqmFunctionTemplate(maketime)] under maketime; prior registration was null
2024-12-13T18:05:44.810+05:30 DEBUG 7187 --- [contenttree] [           main] o.h.q.sqm.function.SqmFunctionRegistry   : Registered SqmFunctionTemplate [NamedSqmFunctionTemplate(localtime)] under localtime; prior registration was null
2024-12-13T18:05:44.810+05:30 DEBUG 7187 --- [contenttree] [           main] o.h.q.sqm.function.SqmFunctionRegistry   : Registered SqmFunctionTemplate [NamedSqmFunctionTemplate(localtimestamp)] under localtimestamp; prior registration was null
2024-12-13T18:05:44.810+05:30 DEBUG 7187 --- [contenttree] [           main] o.h.q.sqm.function.SqmFunctionRegistry   : Registered SqmFunctionTemplate [NamedSqmFunctionTemplate(localtime)] under local_time; prior registration was org.hibernate.dialect.function.CurrentFunction@20f99c18
2024-12-13T18:05:44.810+05:30 DEBUG 7187 --- [contenttree] [           main] o.h.q.sqm.function.SqmFunctionRegistry   : Registered SqmFunctionTemplate [NamedSqmFunctionTemplate(localtimestamp)] under local_datetime; prior registration was org.hibernate.dialect.function.CurrentFunction@3c20e9d6
2024-12-13T18:05:44.810+05:30 DEBUG 7187 --- [contenttree] [           main] o.h.q.sqm.function.SqmFunctionRegistry   : Registered SqmFunctionTemplate [NamedSqmFunctionTemplate(localtime)] under localtime; prior registration was NamedSqmFunctionTemplate(localtime)
2024-12-13T18:05:44.810+05:30 DEBUG 7187 --- [contenttree] [           main] o.h.q.sqm.function.SqmFunctionRegistry   : Registered SqmFunctionTemplate [org.hibernate.query.sqm.function.PatternBasedSqmFunctionDescriptor@2e057637] under pi; prior registration was org.hibernate.query.sqm.function.PatternBasedSqmFunctionDescriptor@2e4d2232
2024-12-13T18:05:44.810+05:30 DEBUG 7187 --- [contenttree] [           main] o.h.q.sqm.function.SqmFunctionRegistry   : Registered SqmFunctionTemplate [org.hibernate.query.sqm.function.PatternBasedSqmFunctionDescriptor@762f8ff6] under chr; prior registration was null
2024-12-13T18:05:44.810+05:30 DEBUG 7187 --- [contenttree] [           main] o.h.q.sqm.function.SqmFunctionRegistry   : Registering alternate key : char -> chr
2024-12-13T18:05:44.810+05:30 DEBUG 7187 --- [contenttree] [           main] o.h.q.sqm.function.SqmFunctionRegistry   : Registered SqmFunctionTemplate [org.hibernate.query.sqm.function.PatternBasedSqmFunctionDescriptor@30ed2a26] under sysdate; prior registration was null
2024-12-13T18:05:44.810+05:30 DEBUG 7187 --- [contenttree] [           main] o.h.q.sqm.function.SqmFunctionRegistry   : Registered SqmFunctionTemplate [org.hibernate.dialect.function.ListaggGroupConcatEmulation@4dffa400] under listagg; prior registration was null
2024-12-13T18:05:44.811+05:30 DEBUG 7187 --- [contenttree] [           main] org.hibernate.HQL_FUNCTIONS              : abs(NUMERIC arg)
2024-12-13T18:05:44.811+05:30 DEBUG 7187 --- [contenttree] [           main] org.hibernate.HQL_FUNCTIONS              : Double acos(NUMERIC arg)
2024-12-13T18:05:44.811+05:30 DEBUG 7187 --- [contenttree] [           main] org.hibernate.HQL_FUNCTIONS              : adddate(DATE datetime, INTEGER days)
2024-12-13T18:05:44.811+05:30 DEBUG 7187 --- [contenttree] [           main] org.hibernate.HQL_FUNCTIONS              : addtime(TIME datetime, TIME time)
2024-12-13T18:05:44.811+05:30 DEBUG 7187 --- [contenttree] [           main] org.hibernate.HQL_FUNCTIONS              : Boolean any(BOOLEAN arg)
2024-12-13T18:05:44.811+05:30 DEBUG 7187 --- [contenttree] [           main] org.hibernate.HQL_FUNCTIONS              : Integer ascii(STRING arg)
2024-12-13T18:05:44.811+05:30 DEBUG 7187 --- [contenttree] [           main] org.hibernate.HQL_FUNCTIONS              : Double asin(NUMERIC arg)
2024-12-13T18:05:44.811+05:30 DEBUG 7187 --- [contenttree] [           main] org.hibernate.HQL_FUNCTIONS              : Double atan(NUMERIC arg)
2024-12-13T18:05:44.811+05:30 DEBUG 7187 --- [contenttree] [           main] org.hibernate.HQL_FUNCTIONS              : Double atan2(NUMERIC arg0, NUMERIC arg1)
2024-12-13T18:05:44.811+05:30 DEBUG 7187 --- [contenttree] [           main] org.hibernate.HQL_FUNCTIONS              : avg(arg)
2024-12-13T18:05:44.811+05:30 DEBUG 7187 --- [contenttree] [           main] org.hibernate.HQL_FUNCTIONS              : bit_and(arg)
2024-12-13T18:05:44.811+05:30 DEBUG 7187 --- [contenttree] [           main] org.hibernate.HQL_FUNCTIONS              : Integer bit_length(STRING_OR_CLOB arg)
2024-12-13T18:05:44.811+05:30 DEBUG 7187 --- [contenttree] [           main] org.hibernate.HQL_FUNCTIONS              : bit_or(arg)
2024-12-13T18:05:44.811+05:30 DEBUG 7187 --- [contenttree] [           main] org.hibernate.HQL_FUNCTIONS              : bitand(arg0, arg1)
2024-12-13T18:05:44.811+05:30 DEBUG 7187 --- [contenttree] [           main] org.hibernate.HQL_FUNCTIONS              : bitnot(arg)
2024-12-13T18:05:44.811+05:30 DEBUG 7187 --- [contenttree] [           main] org.hibernate.HQL_FUNCTIONS              : bitor(arg0, arg1)
2024-12-13T18:05:44.811+05:30 DEBUG 7187 --- [contenttree] [           main] org.hibernate.HQL_FUNCTIONS              : bitxor(arg0, arg1)
2024-12-13T18:05:44.811+05:30 DEBUG 7187 --- [contenttree] [           main] org.hibernate.HQL_FUNCTIONS              : cast(arg as Type)
2024-12-13T18:05:44.811+05:30 DEBUG 7187 --- [contenttree] [           main] org.hibernate.HQL_FUNCTIONS              : ceiling(NUMERIC arg)
2024-12-13T18:05:44.811+05:30 DEBUG 7187 --- [contenttree] [           main] org.hibernate.HQL_FUNCTIONS              : Character char(INTEGER arg)
2024-12-13T18:05:44.811+05:30 DEBUG 7187 --- [contenttree] [           main] org.hibernate.HQL_FUNCTIONS              : Integer character_length(STRING_OR_CLOB arg)
2024-12-13T18:05:44.811+05:30 DEBUG 7187 --- [contenttree] [           main] org.hibernate.HQL_FUNCTIONS              : Character chr(INTEGER arg)
2024-12-13T18:05:44.811+05:30 DEBUG 7187 --- [contenttree] [           main] org.hibernate.HQL_FUNCTIONS              : coalesce(arg0[, arg1[, ...]])
2024-12-13T18:05:44.811+05:30 DEBUG 7187 --- [contenttree] [           main] org.hibernate.HQL_FUNCTIONS              : String collate(STRING string as COLLATION collation)
2024-12-13T18:05:44.811+05:30 DEBUG 7187 --- [contenttree] [           main] org.hibernate.HQL_FUNCTIONS              : String concat(STRING string0[, STRING string1[, ...]])
2024-12-13T18:05:44.812+05:30 DEBUG 7187 --- [contenttree] [           main] org.hibernate.HQL_FUNCTIONS              : Double cos(NUMERIC arg)
2024-12-13T18:05:44.812+05:30 DEBUG 7187 --- [contenttree] [           main] org.hibernate.HQL_FUNCTIONS              : Double cosh(NUMERIC arg)
2024-12-13T18:05:44.812+05:30 DEBUG 7187 --- [contenttree] [           main] org.hibernate.HQL_FUNCTIONS              : Double cot(NUMERIC arg)
2024-12-13T18:05:44.812+05:30 DEBUG 7187 --- [contenttree] [           main] org.hibernate.HQL_FUNCTIONS              : Long count([distinct ]{arg|*})
2024-12-13T18:05:44.812+05:30 DEBUG 7187 --- [contenttree] [           main] org.hibernate.HQL_FUNCTIONS              : Integer crc32(arg)
2024-12-13T18:05:44.812+05:30 DEBUG 7187 --- [contenttree] [           main] org.hibernate.HQL_FUNCTIONS              : Date curdate()
2024-12-13T18:05:44.812+05:30 DEBUG 7187 --- [contenttree] [           main] org.hibernate.HQL_FUNCTIONS              : Date current date
2024-12-13T18:05:44.812+05:30 DEBUG 7187 --- [contenttree] [           main] org.hibernate.HQL_FUNCTIONS              : Time current time
2024-12-13T18:05:44.812+05:30 DEBUG 7187 --- [contenttree] [           main] org.hibernate.HQL_FUNCTIONS              : Timestamp current timestamp
2024-12-13T18:05:44.812+05:30 DEBUG 7187 --- [contenttree] [           main] org.hibernate.HQL_FUNCTIONS              : Date current_date
2024-12-13T18:05:44.812+05:30 DEBUG 7187 --- [contenttree] [           main] org.hibernate.HQL_FUNCTIONS              : Instant current_instant
2024-12-13T18:05:44.812+05:30 DEBUG 7187 --- [contenttree] [           main] org.hibernate.HQL_FUNCTIONS              : Time current_time
2024-12-13T18:05:44.812+05:30 DEBUG 7187 --- [contenttree] [           main] org.hibernate.HQL_FUNCTIONS              : Timestamp current_timestamp
2024-12-13T18:05:44.812+05:30 DEBUG 7187 --- [contenttree] [           main] org.hibernate.HQL_FUNCTIONS              : Time curtime()
2024-12-13T18:05:44.812+05:30 DEBUG 7187 --- [contenttree] [           main] org.hibernate.HQL_FUNCTIONS              : Date date(arg)
2024-12-13T18:05:44.812+05:30 DEBUG 7187 --- [contenttree] [           main] org.hibernate.HQL_FUNCTIONS              : dateadd(TEMPORAL_UNIT field, INTEGER magnitude, TEMPORAL datetime)
2024-12-13T18:05:44.812+05:30 DEBUG 7187 --- [contenttree] [           main] org.hibernate.HQL_FUNCTIONS              : Integer datediff(DATE end, DATE start)
2024-12-13T18:05:44.812+05:30 DEBUG 7187 --- [contenttree] [           main] org.hibernate.HQL_FUNCTIONS              : Integer day(DATE arg)
2024-12-13T18:05:44.812+05:30 DEBUG 7187 --- [contenttree] [           main] org.hibernate.HQL_FUNCTIONS              : String dayname(DATE arg)
2024-12-13T18:05:44.812+05:30 DEBUG 7187 --- [contenttree] [           main] org.hibernate.HQL_FUNCTIONS              : Integer dayofmonth(DATE arg)
2024-12-13T18:05:44.812+05:30 DEBUG 7187 --- [contenttree] [           main] org.hibernate.HQL_FUNCTIONS              : Integer dayofweek(DATE arg)
2024-12-13T18:05:44.812+05:30 DEBUG 7187 --- [contenttree] [           main] org.hibernate.HQL_FUNCTIONS              : Integer dayofyear(DATE arg)
2024-12-13T18:05:44.812+05:30 DEBUG 7187 --- [contenttree] [           main] org.hibernate.HQL_FUNCTIONS              : Double degrees(NUMERIC arg)
2024-12-13T18:05:44.812+05:30 DEBUG 7187 --- [contenttree] [           main] org.hibernate.HQL_FUNCTIONS              : Boolean every(BOOLEAN arg)
2024-12-13T18:05:44.812+05:30 DEBUG 7187 --- [contenttree] [           main] org.hibernate.HQL_FUNCTIONS              : Double exp(NUMERIC arg)
2024-12-13T18:05:44.812+05:30 DEBUG 7187 --- [contenttree] [           main] org.hibernate.HQL_FUNCTIONS              : extract(TEMPORAL_UNIT field from TEMPORAL arg)
2024-12-13T18:05:44.812+05:30 DEBUG 7187 --- [contenttree] [           main] org.hibernate.HQL_FUNCTIONS              : floor(NUMERIC arg)
2024-12-13T18:05:44.812+05:30 DEBUG 7187 --- [contenttree] [           main] org.hibernate.HQL_FUNCTIONS              : String format(TEMPORAL datetime as STRING pattern)
2024-12-13T18:05:44.812+05:30 DEBUG 7187 --- [contenttree] [           main] org.hibernate.HQL_FUNCTIONS              : greatest(COMPARABLE arg0, COMPARABLE arg1[, arg2[, ...]])
2024-12-13T18:05:44.812+05:30 DEBUG 7187 --- [contenttree] [           main] org.hibernate.HQL_FUNCTIONS              : Integer hour(TIME arg)
2024-12-13T18:05:44.812+05:30 DEBUG 7187 --- [contenttree] [           main] org.hibernate.HQL_FUNCTIONS              : ifnull(arg0, arg1)
2024-12-13T18:05:44.812+05:30 DEBUG 7187 --- [contenttree] [           main] org.hibernate.HQL_FUNCTIONS              : String insert(STRING string, INTEGER start, INTEGER length, STRING replacement)
2024-12-13T18:05:44.812+05:30 DEBUG 7187 --- [contenttree] [           main] org.hibernate.HQL_FUNCTIONS              : Instant instant
2024-12-13T18:05:44.812+05:30 DEBUG 7187 --- [contenttree] [           main] org.hibernate.HQL_FUNCTIONS              : Integer instr(STRING string, STRING pattern[, INTEGER start[, INTEGER occurrence]])
2024-12-13T18:05:44.812+05:30 DEBUG 7187 --- [contenttree] [           main] org.hibernate.HQL_FUNCTIONS              : Date last_day(DATE arg)
2024-12-13T18:05:44.812+05:30 DEBUG 7187 --- [contenttree] [           main] org.hibernate.HQL_FUNCTIONS              : least(COMPARABLE arg0, COMPARABLE arg1[, arg2[, ...]])
2024-12-13T18:05:44.812+05:30 DEBUG 7187 --- [contenttree] [           main] org.hibernate.HQL_FUNCTIONS              : String left(STRING string, INTEGER length)
2024-12-13T18:05:44.812+05:30 DEBUG 7187 --- [contenttree] [           main] org.hibernate.HQL_FUNCTIONS              : Integer length(STRING_OR_CLOB arg)
2024-12-13T18:05:44.812+05:30 DEBUG 7187 --- [contenttree] [           main] org.hibernate.HQL_FUNCTIONS              : String listagg(STRING arg0, STRING arg1)
2024-12-13T18:05:44.812+05:30 DEBUG 7187 --- [contenttree] [           main] org.hibernate.HQL_FUNCTIONS              : Double ln(NUMERIC arg)
2024-12-13T18:05:44.812+05:30 DEBUG 7187 --- [contenttree] [           main] org.hibernate.HQL_FUNCTIONS              : LocalDate local date
2024-12-13T18:05:44.812+05:30 DEBUG 7187 --- [contenttree] [           main] org.hibernate.HQL_FUNCTIONS              : LocalDateTime local datetime
2024-12-13T18:05:44.812+05:30 DEBUG 7187 --- [contenttree] [           main] org.hibernate.HQL_FUNCTIONS              : LocalTime local time
2024-12-13T18:05:44.812+05:30 DEBUG 7187 --- [contenttree] [           main] org.hibernate.HQL_FUNCTIONS              : LocalDate local_date
2024-12-13T18:05:44.812+05:30 DEBUG 7187 --- [contenttree] [           main] org.hibernate.HQL_FUNCTIONS              : LocalDateTime local_datetime
2024-12-13T18:05:44.812+05:30 DEBUG 7187 --- [contenttree] [           main] org.hibernate.HQL_FUNCTIONS              : LocalTime local_time
2024-12-13T18:05:44.812+05:30 DEBUG 7187 --- [contenttree] [           main] org.hibernate.HQL_FUNCTIONS              : Timestamp localtime
2024-12-13T18:05:44.812+05:30 DEBUG 7187 --- [contenttree] [           main] org.hibernate.HQL_FUNCTIONS              : Timestamp localtimestamp
2024-12-13T18:05:44.812+05:30 DEBUG 7187 --- [contenttree] [           main] org.hibernate.HQL_FUNCTIONS              : Integer locate(STRING pattern, STRING string[, INTEGER start])
2024-12-13T18:05:44.812+05:30 DEBUG 7187 --- [contenttree] [           main] org.hibernate.HQL_FUNCTIONS              : Double log(NUMERIC arg0[, NUMERIC arg1])
2024-12-13T18:05:44.812+05:30 DEBUG 7187 --- [contenttree] [           main] org.hibernate.HQL_FUNCTIONS              : Double log10(NUMERIC arg)
2024-12-13T18:05:44.812+05:30 DEBUG 7187 --- [contenttree] [           main] org.hibernate.HQL_FUNCTIONS              : Double log2(NUMERIC arg)
2024-12-13T18:05:44.812+05:30 DEBUG 7187 --- [contenttree] [           main] org.hibernate.HQL_FUNCTIONS              : String lower(STRING string)
2024-12-13T18:05:44.812+05:30 DEBUG 7187 --- [contenttree] [           main] org.hibernate.HQL_FUNCTIONS              : String lpad(string, length[, padding])
2024-12-13T18:05:44.812+05:30 DEBUG 7187 --- [contenttree] [           main] org.hibernate.HQL_FUNCTIONS              : String ltrim(STRING string[, STRING characters])
2024-12-13T18:05:44.812+05:30 DEBUG 7187 --- [contenttree] [           main] org.hibernate.HQL_FUNCTIONS              : Date makedate(INTEGER year, INTEGER dayofyear)
2024-12-13T18:05:44.812+05:30 DEBUG 7187 --- [contenttree] [           main] org.hibernate.HQL_FUNCTIONS              : Time maketime(INTEGER hour, INTEGER min, INTEGER sec)
2024-12-13T18:05:44.812+05:30 DEBUG 7187 --- [contenttree] [           main] org.hibernate.HQL_FUNCTIONS              : max(COMPARABLE arg)
2024-12-13T18:05:44.812+05:30 DEBUG 7187 --- [contenttree] [           main] org.hibernate.HQL_FUNCTIONS              : String md5(arg)
2024-12-13T18:05:44.812+05:30 DEBUG 7187 --- [contenttree] [           main] org.hibernate.HQL_FUNCTIONS              : Integer microsecond(TIME arg)
2024-12-13T18:05:44.812+05:30 DEBUG 7187 --- [contenttree] [           main] org.hibernate.HQL_FUNCTIONS              : min(COMPARABLE arg)
2024-12-13T18:05:44.812+05:30 DEBUG 7187 --- [contenttree] [           main] org.hibernate.HQL_FUNCTIONS              : Integer minute(TIME arg)
2024-12-13T18:05:44.812+05:30 DEBUG 7187 --- [contenttree] [           main] org.hibernate.HQL_FUNCTIONS              : Integer mod(INTEGER arg0, INTEGER arg1)
2024-12-13T18:05:44.812+05:30 DEBUG 7187 --- [contenttree] [           main] org.hibernate.HQL_FUNCTIONS              : Integer month(DATE arg)
2024-12-13T18:05:44.812+05:30 DEBUG 7187 --- [contenttree] [           main] org.hibernate.HQL_FUNCTIONS              : String monthname(DATE arg)
2024-12-13T18:05:44.812+05:30 DEBUG 7187 --- [contenttree] [           main] org.hibernate.HQL_FUNCTIONS              : Timestamp now()
2024-12-13T18:05:44.812+05:30 DEBUG 7187 --- [contenttree] [           main] org.hibernate.HQL_FUNCTIONS              : nullif(arg0, arg1)
2024-12-13T18:05:44.812+05:30 DEBUG 7187 --- [contenttree] [           main] org.hibernate.HQL_FUNCTIONS              : Integer octet_length(STRING_OR_CLOB arg)
2024-12-13T18:05:44.812+05:30 DEBUG 7187 --- [contenttree] [           main] org.hibernate.HQL_FUNCTIONS              : OffsetDateTime offset datetime
2024-12-13T18:05:44.812+05:30 DEBUG 7187 --- [contenttree] [           main] org.hibernate.HQL_FUNCTIONS              : OffsetDateTime offset_datetime
2024-12-13T18:05:44.812+05:30 DEBUG 7187 --- [contenttree] [           main] org.hibernate.HQL_FUNCTIONS              : String overlay(STRING string placing STRING replacement from INTEGER start[ for INTEGER length])
2024-12-13T18:05:44.812+05:30 DEBUG 7187 --- [contenttree] [           main] org.hibernate.HQL_FUNCTIONS              : String pad(STRING string with INTEGER length {leading|trailing}[ STRING character])
2024-12-13T18:05:44.812+05:30 DEBUG 7187 --- [contenttree] [           main] org.hibernate.HQL_FUNCTIONS              : Double pi
2024-12-13T18:05:44.812+05:30 DEBUG 7187 --- [contenttree] [           main] org.hibernate.HQL_FUNCTIONS              : Integer position(STRING pattern in STRING string)
2024-12-13T18:05:44.813+05:30 DEBUG 7187 --- [contenttree] [           main] org.hibernate.HQL_FUNCTIONS              : Double power(NUMERIC arg0, NUMERIC arg1)
2024-12-13T18:05:44.813+05:30 DEBUG 7187 --- [contenttree] [           main] org.hibernate.HQL_FUNCTIONS              : Integer quarter(DATE arg)
2024-12-13T18:05:44.813+05:30 DEBUG 7187 --- [contenttree] [           main] org.hibernate.HQL_FUNCTIONS              : Double radians(NUMERIC arg)
2024-12-13T18:05:44.813+05:30 DEBUG 7187 --- [contenttree] [           main] org.hibernate.HQL_FUNCTIONS              : Double rand([INTEGER seed])
2024-12-13T18:05:44.813+05:30 DEBUG 7187 --- [contenttree] [           main] org.hibernate.HQL_FUNCTIONS              : String repeat(STRING string, INTEGER times)
2024-12-13T18:05:44.813+05:30 DEBUG 7187 --- [contenttree] [           main] org.hibernate.HQL_FUNCTIONS              : String replace(STRING string, STRING pattern, STRING replacement)
2024-12-13T18:05:44.813+05:30 DEBUG 7187 --- [contenttree] [           main] org.hibernate.HQL_FUNCTIONS              : String reverse(STRING arg)
2024-12-13T18:05:44.813+05:30 DEBUG 7187 --- [contenttree] [           main] org.hibernate.HQL_FUNCTIONS              : String right(STRING string, INTEGER length)
2024-12-13T18:05:44.813+05:30 DEBUG 7187 --- [contenttree] [           main] org.hibernate.HQL_FUNCTIONS              : round(NUMERIC number[, INTEGER places])
2024-12-13T18:05:44.813+05:30 DEBUG 7187 --- [contenttree] [           main] org.hibernate.HQL_FUNCTIONS              : String rpad(string, length[, padding])
2024-12-13T18:05:44.813+05:30 DEBUG 7187 --- [contenttree] [           main] org.hibernate.HQL_FUNCTIONS              : String rtrim(STRING string[, STRING characters])
2024-12-13T18:05:44.813+05:30 DEBUG 7187 --- [contenttree] [           main] org.hibernate.HQL_FUNCTIONS              : Integer second(TIME arg)
2024-12-13T18:05:44.813+05:30 DEBUG 7187 --- [contenttree] [           main] org.hibernate.HQL_FUNCTIONS              : String sha(arg)
2024-12-13T18:05:44.813+05:30 DEBUG 7187 --- [contenttree] [           main] org.hibernate.HQL_FUNCTIONS              : String sha1(arg)
2024-12-13T18:05:44.813+05:30 DEBUG 7187 --- [contenttree] [           main] org.hibernate.HQL_FUNCTIONS              : String sha2(arg0, arg1)
2024-12-13T18:05:44.813+05:30 DEBUG 7187 --- [contenttree] [           main] org.hibernate.HQL_FUNCTIONS              : Integer sign(NUMERIC arg)
2024-12-13T18:05:44.813+05:30 DEBUG 7187 --- [contenttree] [           main] org.hibernate.HQL_FUNCTIONS              : Double sin(NUMERIC arg)
2024-12-13T18:05:44.813+05:30 DEBUG 7187 --- [contenttree] [           main] org.hibernate.HQL_FUNCTIONS              : Double sinh(NUMERIC arg)
2024-12-13T18:05:44.813+05:30 DEBUG 7187 --- [contenttree] [           main] org.hibernate.HQL_FUNCTIONS              : String soundex(arg)
2024-12-13T18:05:44.813+05:30 DEBUG 7187 --- [contenttree] [           main] org.hibernate.HQL_FUNCTIONS              : String space(INTEGER arg)
2024-12-13T18:05:44.813+05:30 DEBUG 7187 --- [contenttree] [           main] org.hibernate.HQL_FUNCTIONS              : Object sql
2024-12-13T18:05:44.813+05:30 DEBUG 7187 --- [contenttree] [           main] org.hibernate.HQL_FUNCTIONS              : Double sqrt(NUMERIC arg)
2024-12-13T18:05:44.813+05:30 DEBUG 7187 --- [contenttree] [           main] org.hibernate.HQL_FUNCTIONS              : Double stddev(NUMERIC arg)
2024-12-13T18:05:44.813+05:30 DEBUG 7187 --- [contenttree] [           main] org.hibernate.HQL_FUNCTIONS              : Double stddev_pop(NUMERIC arg)
2024-12-13T18:05:44.813+05:30 DEBUG 7187 --- [contenttree] [           main] org.hibernate.HQL_FUNCTIONS              : Double stddev_samp(NUMERIC arg)
2024-12-13T18:05:44.813+05:30 DEBUG 7187 --- [contenttree] [           main] org.hibernate.HQL_FUNCTIONS              : String str(arg)
2024-12-13T18:05:44.813+05:30 DEBUG 7187 --- [contenttree] [           main] org.hibernate.HQL_FUNCTIONS              : subdate(DATE datetime, INTEGER days)
2024-12-13T18:05:44.813+05:30 DEBUG 7187 --- [contenttree] [           main] org.hibernate.HQL_FUNCTIONS              : String substr(STRING string, INTEGER start[, INTEGER length])
2024-12-13T18:05:44.813+05:30 DEBUG 7187 --- [contenttree] [           main] org.hibernate.HQL_FUNCTIONS              : String substring(STRING string{ from|,} INTEGER start[{ for|,} INTEGER length])
2024-12-13T18:05:44.813+05:30 DEBUG 7187 --- [contenttree] [           main] org.hibernate.HQL_FUNCTIONS              : subtime(TIME datetime, TIME time)
2024-12-13T18:05:44.813+05:30 DEBUG 7187 --- [contenttree] [           main] org.hibernate.HQL_FUNCTIONS              : sum(arg)
2024-12-13T18:05:44.813+05:30 DEBUG 7187 --- [contenttree] [           main] org.hibernate.HQL_FUNCTIONS              : Timestamp sysdate()
2024-12-13T18:05:44.813+05:30 DEBUG 7187 --- [contenttree] [           main] org.hibernate.HQL_FUNCTIONS              : Double tan(NUMERIC arg)
2024-12-13T18:05:44.813+05:30 DEBUG 7187 --- [contenttree] [           main] org.hibernate.HQL_FUNCTIONS              : Double tanh(NUMERIC arg)
2024-12-13T18:05:44.813+05:30 DEBUG 7187 --- [contenttree] [           main] org.hibernate.HQL_FUNCTIONS              : String time(arg)
2024-12-13T18:05:44.813+05:30 DEBUG 7187 --- [contenttree] [           main] org.hibernate.HQL_FUNCTIONS              : Timestamp timestamp(arg0[, arg1])
2024-12-13T18:05:44.813+05:30 DEBUG 7187 --- [contenttree] [           main] org.hibernate.HQL_FUNCTIONS              : timestampadd(TEMPORAL_UNIT field, INTEGER magnitude, TEMPORAL datetime)
2024-12-13T18:05:44.814+05:30 DEBUG 7187 --- [contenttree] [           main] org.hibernate.HQL_FUNCTIONS              : Long|Double timestampdiff(TEMPORAL_UNIT field, TEMPORAL start, TEMPORAL end)
2024-12-13T18:05:44.814+05:30 DEBUG 7187 --- [contenttree] [           main] org.hibernate.HQL_FUNCTIONS              : String trim([[{leading|trailing|both} ][STRING arg0 ]from] STRING arg1)
2024-12-13T18:05:44.814+05:30 DEBUG 7187 --- [contenttree] [           main] org.hibernate.HQL_FUNCTIONS              : trunc( ... )
2024-12-13T18:05:44.814+05:30 DEBUG 7187 --- [contenttree] [           main] org.hibernate.HQL_FUNCTIONS              : truncate( ... )
2024-12-13T18:05:44.814+05:30 DEBUG 7187 --- [contenttree] [           main] org.hibernate.HQL_FUNCTIONS              : String upper(STRING string)
2024-12-13T18:05:44.814+05:30 DEBUG 7187 --- [contenttree] [           main] org.hibernate.HQL_FUNCTIONS              : Date utc_date
2024-12-13T18:05:44.814+05:30 DEBUG 7187 --- [contenttree] [           main] org.hibernate.HQL_FUNCTIONS              : Time utc_time
2024-12-13T18:05:44.814+05:30 DEBUG 7187 --- [contenttree] [           main] org.hibernate.HQL_FUNCTIONS              : Timestamp utc_timestamp
2024-12-13T18:05:44.814+05:30 DEBUG 7187 --- [contenttree] [           main] org.hibernate.HQL_FUNCTIONS              : Double var_pop(NUMERIC arg)
2024-12-13T18:05:44.814+05:30 DEBUG 7187 --- [contenttree] [           main] org.hibernate.HQL_FUNCTIONS              : Double var_samp(NUMERIC arg)
2024-12-13T18:05:44.814+05:30 DEBUG 7187 --- [contenttree] [           main] org.hibernate.HQL_FUNCTIONS              : Double variance(NUMERIC arg)
2024-12-13T18:05:44.814+05:30 DEBUG 7187 --- [contenttree] [           main] org.hibernate.HQL_FUNCTIONS              : Integer week(DATE arg)
2024-12-13T18:05:44.814+05:30 DEBUG 7187 --- [contenttree] [           main] org.hibernate.HQL_FUNCTIONS              : Integer year(DATE arg)
2024-12-13T18:05:44.816+05:30 DEBUG 7187 --- [contenttree] [           main] org.hibernate.orm.query.plan.cache       : Starting QueryInterpretationCache(2048)
2024-12-13T18:05:44.850+05:30 DEBUG 7187 --- [contenttree] [           main] .h.s.i.SessionFactoryServiceRegistryImpl : EventListenerRegistry access via ServiceRegistry is deprecated.  Use `sessionFactory.getEventEngine().getListenerRegistry()` instead
2024-12-13T18:05:44.851+05:30 DEBUG 7187 --- [contenttree] [           main] h.e.i.EntityCopyObserverFactoryInitiator : Configured EntityCopyObserver strategy: disallow
2024-12-13T18:05:44.887+05:30 DEBUG 7187 --- [contenttree] [           main] o.h.boot.internal.ClassLoaderAccessImpl  : Not known whether passed class name [com.contenttree.Blogs.BlogsCategory] is safe
2024-12-13T18:05:44.887+05:30 DEBUG 7187 --- [contenttree] [           main] o.h.boot.internal.ClassLoaderAccessImpl  : No temp ClassLoader provided; using live ClassLoader for loading potentially unsafe class : com.contenttree.Blogs.BlogsCategory
2024-12-13T18:05:44.960+05:30 DEBUG 7187 --- [contenttree] [           main] o.h.b.i.bytebuddy.BytecodeProviderImpl   : HHH000513: Unable to create the ReflectionOptimizer for [com.contenttree.Blogs.BlogsCategory]: private accessor [blogCategoryDescp]
2024-12-13T18:05:44.972+05:30 DEBUG 7187 --- [contenttree] [           main] org.hibernate.ormbytecode.interceptor    : To-one property `com.contenttree.CampaignManager.Campaign#admin` was mapped with LAZY + NO_PROXY but the class was not enhanced
2024-12-13T18:05:44.972+05:30 DEBUG 7187 --- [contenttree] [           main] org.hibernate.ormbytecode.interceptor    : To-one property `com.contenttree.CampaignManager.Campaign#admin` was mapped with LAZY + NO_PROXY but the class was not enhanced
2024-12-13T18:05:44.972+05:30 DEBUG 7187 --- [contenttree] [           main] org.hibernate.ormbytecode.interceptor    : To-one property `com.contenttree.CampaignManager.Campaign#category` was mapped with LAZY + NO_PROXY but the class was not enhanced
2024-12-13T18:05:44.972+05:30 DEBUG 7187 --- [contenttree] [           main] org.hibernate.ormbytecode.interceptor    : To-one property `com.contenttree.CampaignManager.Campaign#category` was mapped with LAZY + NO_PROXY but the class was not enhanced
2024-12-13T18:05:44.972+05:30 DEBUG 7187 --- [contenttree] [           main] o.h.boot.internal.ClassLoaderAccessImpl  : Not known whether passed class name [com.contenttree.CampaignManager.Campaign] is safe
2024-12-13T18:05:44.972+05:30 DEBUG 7187 --- [contenttree] [           main] o.h.boot.internal.ClassLoaderAccessImpl  : No temp ClassLoader provided; using live ClassLoader for loading potentially unsafe class : com.contenttree.CampaignManager.Campaign
2024-12-13T18:05:44.981+05:30 DEBUG 7187 --- [contenttree] [           main] o.h.b.i.bytebuddy.BytecodeProviderImpl   : HHH000513: Unable to create the ReflectionOptimizer for [com.contenttree.CampaignManager.Campaign]: private accessor [admin]
2024-12-13T18:05:44.981+05:30 DEBUG 7187 --- [contenttree] [           main] org.hibernate.ormbytecode.interceptor    : To-one property `com.contenttree.CampaignManager.Campaign#admin` was mapped with LAZY + NO_PROXY but the class was not enhanced
2024-12-13T18:05:44.981+05:30 DEBUG 7187 --- [contenttree] [           main] org.hibernate.ormbytecode.interceptor    : To-one property `com.contenttree.CampaignManager.Campaign#category` was mapped with LAZY + NO_PROXY but the class was not enhanced
2024-12-13T18:05:44.981+05:30 DEBUG 7187 --- [contenttree] [           main] o.h.boot.internal.ClassLoaderAccessImpl  : Not known whether passed class name [com.contenttree.StaticCount.Region] is safe
2024-12-13T18:05:44.981+05:30 DEBUG 7187 --- [contenttree] [           main] o.h.boot.internal.ClassLoaderAccessImpl  : No temp ClassLoader provided; using live ClassLoader for loading potentially unsafe class : com.contenttree.StaticCount.Region
2024-12-13T18:05:44.987+05:30 DEBUG 7187 --- [contenttree] [           main] o.h.b.i.bytebuddy.BytecodeProviderImpl   : HHH000513: Unable to create the ReflectionOptimizer for [com.contenttree.StaticCount.Region]: private accessor [countryName]
2024-12-13T18:05:44.987+05:30 DEBUG 7187 --- [contenttree] [           main] org.hibernate.ormbytecode.interceptor    : To-one property `com.contenttree.solutionsets.SolutionSets#category` was mapped with LAZY + NO_PROXY but the class was not enhanced
2024-12-13T18:05:44.987+05:30 DEBUG 7187 --- [contenttree] [           main] org.hibernate.ormbytecode.interceptor    : To-one property `com.contenttree.solutionsets.SolutionSets#category` was mapped with LAZY + NO_PROXY but the class was not enhanced
2024-12-13T18:05:44.987+05:30 DEBUG 7187 --- [contenttree] [           main] org.hibernate.ormbytecode.interceptor    : To-one property `com.contenttree.solutionsets.SolutionSets#uploadedBy` was mapped with LAZY + NO_PROXY but the class was not enhanced
2024-12-13T18:05:44.987+05:30 DEBUG 7187 --- [contenttree] [           main] org.hibernate.ormbytecode.interceptor    : To-one property `com.contenttree.solutionsets.SolutionSets#uploadedBy` was mapped with LAZY + NO_PROXY but the class was not enhanced
2024-12-13T18:05:44.987+05:30 DEBUG 7187 --- [contenttree] [           main] o.h.boot.internal.ClassLoaderAccessImpl  : Not known whether passed class name [com.contenttree.solutionsets.SolutionSets] is safe
2024-12-13T18:05:44.987+05:30 DEBUG 7187 --- [contenttree] [           main] o.h.boot.internal.ClassLoaderAccessImpl  : No temp ClassLoader provided; using live ClassLoader for loading potentially unsafe class : com.contenttree.solutionsets.SolutionSets
2024-12-13T18:05:44.995+05:30 DEBUG 7187 --- [contenttree] [           main] o.h.b.i.bytebuddy.BytecodeProviderImpl   : HHH000513: Unable to create the ReflectionOptimizer for [com.contenttree.solutionsets.SolutionSets]: private accessor [category]
2024-12-13T18:05:44.995+05:30 DEBUG 7187 --- [contenttree] [           main] org.hibernate.ormbytecode.interceptor    : To-one property `com.contenttree.solutionsets.SolutionSets#category` was mapped with LAZY + NO_PROXY but the class was not enhanced
2024-12-13T18:05:44.995+05:30 DEBUG 7187 --- [contenttree] [           main] org.hibernate.ormbytecode.interceptor    : To-one property `com.contenttree.solutionsets.SolutionSets#uploadedBy` was mapped with LAZY + NO_PROXY but the class was not enhanced
2024-12-13T18:05:44.995+05:30 DEBUG 7187 --- [contenttree] [           main] o.h.boot.internal.ClassLoaderAccessImpl  : Not known whether passed class name [com.contenttree.CountryCode.Country] is safe
2024-12-13T18:05:44.995+05:30 DEBUG 7187 --- [contenttree] [           main] o.h.boot.internal.ClassLoaderAccessImpl  : No temp ClassLoader provided; using live ClassLoader for loading potentially unsafe class : com.contenttree.CountryCode.Country
2024-12-13T18:05:44.999+05:30 DEBUG 7187 --- [contenttree] [           main] o.h.b.i.bytebuddy.BytecodeProviderImpl   : HHH000513: Unable to create the ReflectionOptimizer for [com.contenttree.CountryCode.Country]: private accessor [code]
2024-12-13T18:05:45.000+05:30 DEBUG 7187 --- [contenttree] [           main] org.hibernate.ormbytecode.interceptor    : To-one property `com.contenttree.CampaignManager.Event#admin` was mapped with LAZY + NO_PROXY but the class was not enhanced
2024-12-13T18:05:45.000+05:30 DEBUG 7187 --- [contenttree] [           main] org.hibernate.ormbytecode.interceptor    : To-one property `com.contenttree.CampaignManager.Event#admin` was mapped with LAZY + NO_PROXY but the class was not enhanced
2024-12-13T18:05:45.000+05:30 DEBUG 7187 --- [contenttree] [           main] o.h.boot.internal.ClassLoaderAccessImpl  : Not known whether passed class name [com.contenttree.CampaignManager.Event] is safe
2024-12-13T18:05:45.000+05:30 DEBUG 7187 --- [contenttree] [           main] o.h.boot.internal.ClassLoaderAccessImpl  : No temp ClassLoader provided; using live ClassLoader for loading potentially unsafe class : com.contenttree.CampaignManager.Event
2024-12-13T18:05:45.006+05:30 DEBUG 7187 --- [contenttree] [           main] o.h.b.i.bytebuddy.BytecodeProviderImpl   : HHH000513: Unable to create the ReflectionOptimizer for [com.contenttree.CampaignManager.Event]: private accessor [admin]
2024-12-13T18:05:45.006+05:30 DEBUG 7187 --- [contenttree] [           main] org.hibernate.ormbytecode.interceptor    : To-one property `com.contenttree.CampaignManager.Event#admin` was mapped with LAZY + NO_PROXY but the class was not enhanced
2024-12-13T18:05:45.006+05:30 DEBUG 7187 --- [contenttree] [           main] o.h.boot.internal.ClassLoaderAccessImpl  : Not known whether passed class name [com.contenttree.vendor.Vendors] is safe
2024-12-13T18:05:45.006+05:30 DEBUG 7187 --- [contenttree] [           main] o.h.boot.internal.ClassLoaderAccessImpl  : No temp ClassLoader provided; using live ClassLoader for loading potentially unsafe class : com.contenttree.vendor.Vendors
2024-12-13T18:05:45.015+05:30 DEBUG 7187 --- [contenttree] [           main] o.h.b.i.bytebuddy.BytecodeProviderImpl   : HHH000513: Unable to create the ReflectionOptimizer for [com.contenttree.vendor.Vendors]: private accessor [companyName]
2024-12-13T18:05:45.016+05:30 DEBUG 7187 --- [contenttree] [           main] org.hibernate.ormbytecode.interceptor    : To-one property `com.contenttree.NewsLetter.NewsLetter#admin` was mapped with LAZY + NO_PROXY but the class was not enhanced
2024-12-13T18:05:45.016+05:30 DEBUG 7187 --- [contenttree] [           main] org.hibernate.ormbytecode.interceptor    : To-one property `com.contenttree.NewsLetter.NewsLetter#admin` was mapped with LAZY + NO_PROXY but the class was not enhanced
2024-12-13T18:05:45.016+05:30 DEBUG 7187 --- [contenttree] [           main] org.hibernate.ormbytecode.interceptor    : To-one property `com.contenttree.NewsLetter.NewsLetter#user` was mapped with LAZY + NO_PROXY but the class was not enhanced
2024-12-13T18:05:45.016+05:30 DEBUG 7187 --- [contenttree] [           main] org.hibernate.ormbytecode.interceptor    : To-one property `com.contenttree.NewsLetter.NewsLetter#user` was mapped with LAZY + NO_PROXY but the class was not enhanced
2024-12-13T18:05:45.016+05:30 DEBUG 7187 --- [contenttree] [           main] o.h.boot.internal.ClassLoaderAccessImpl  : Not known whether passed class name [com.contenttree.NewsLetter.NewsLetter] is safe
2024-12-13T18:05:45.016+05:30 DEBUG 7187 --- [contenttree] [           main] o.h.boot.internal.ClassLoaderAccessImpl  : No temp ClassLoader provided; using live ClassLoader for loading potentially unsafe class : com.contenttree.NewsLetter.NewsLetter
2024-12-13T18:05:45.020+05:30 DEBUG 7187 --- [contenttree] [           main] o.h.b.i.bytebuddy.BytecodeProviderImpl   : HHH000513: Unable to create the ReflectionOptimizer for [com.contenttree.NewsLetter.NewsLetter]: private accessor [admin]
2024-12-13T18:05:45.020+05:30 DEBUG 7187 --- [contenttree] [           main] org.hibernate.ormbytecode.interceptor    : To-one property `com.contenttree.NewsLetter.NewsLetter#admin` was mapped with LAZY + NO_PROXY but the class was not enhanced
2024-12-13T18:05:45.020+05:30 DEBUG 7187 --- [contenttree] [           main] org.hibernate.ormbytecode.interceptor    : To-one property `com.contenttree.NewsLetter.NewsLetter#user` was mapped with LAZY + NO_PROXY but the class was not enhanced
2024-12-13T18:05:45.020+05:30 DEBUG 7187 --- [contenttree] [           main] o.h.boot.internal.ClassLoaderAccessImpl  : Not known whether passed class name [com.contenttree.banner.BannerEntity] is safe
2024-12-13T18:05:45.020+05:30 DEBUG 7187 --- [contenttree] [           main] o.h.boot.internal.ClassLoaderAccessImpl  : No temp ClassLoader provided; using live ClassLoader for loading potentially unsafe class : com.contenttree.banner.BannerEntity
2024-12-13T18:05:45.024+05:30 DEBUG 7187 --- [contenttree] [           main] o.h.b.i.bytebuddy.BytecodeProviderImpl   : HHH000513: Unable to create the ReflectionOptimizer for [com.contenttree.banner.BannerEntity]: private accessor [bannerType]
2024-12-13T18:05:45.025+05:30 DEBUG 7187 --- [contenttree] [           main] o.h.boot.internal.ClassLoaderAccessImpl  : Not known whether passed class name [com.contenttree.user.User] is safe
2024-12-13T18:05:45.025+05:30 DEBUG 7187 --- [contenttree] [           main] o.h.boot.internal.ClassLoaderAccessImpl  : No temp ClassLoader provided; using live ClassLoader for loading potentially unsafe class : com.contenttree.user.User
2024-12-13T18:05:45.034+05:30 DEBUG 7187 --- [contenttree] [           main] o.h.b.i.bytebuddy.BytecodeProviderImpl   : HHH000513: Unable to create the ReflectionOptimizer for [com.contenttree.user.User]: private accessor [company]
2024-12-13T18:05:45.034+05:30 DEBUG 7187 --- [contenttree] [           main] o.h.boot.internal.ClassLoaderAccessImpl  : Not known whether passed class name [com.contenttree.category.Category] is safe
2024-12-13T18:05:45.034+05:30 DEBUG 7187 --- [contenttree] [           main] o.h.boot.internal.ClassLoaderAccessImpl  : No temp ClassLoader provided; using live ClassLoader for loading potentially unsafe class : com.contenttree.category.Category
2024-12-13T18:05:45.039+05:30 DEBUG 7187 --- [contenttree] [           main] o.h.b.i.bytebuddy.BytecodeProviderImpl   : HHH000513: Unable to create the ReflectionOptimizer for [com.contenttree.category.Category]: private accessor [bannerPath]
2024-12-13T18:05:45.039+05:30 DEBUG 7187 --- [contenttree] [           main] o.h.boot.internal.ClassLoaderAccessImpl  : Not known whether passed class name [com.contenttree.StaticCount.StaticCount] is safe
2024-12-13T18:05:45.039+05:30 DEBUG 7187 --- [contenttree] [           main] o.h.boot.internal.ClassLoaderAccessImpl  : No temp ClassLoader provided; using live ClassLoader for loading potentially unsafe class : com.contenttree.StaticCount.StaticCount
2024-12-13T18:05:45.042+05:30 DEBUG 7187 --- [contenttree] [           main] o.h.b.i.bytebuddy.BytecodeProviderImpl   : HHH000513: Unable to create the ReflectionOptimizer for [com.contenttree.StaticCount.StaticCount]: private accessor [categoryCount]
2024-12-13T18:05:45.043+05:30 DEBUG 7187 --- [contenttree] [           main] org.hibernate.ormbytecode.interceptor    : To-one property `com.contenttree.confirmationtoken.ConfirmationToken#user` was mapped with LAZY + NO_PROXY but the class was not enhanced
2024-12-13T18:05:45.043+05:30 DEBUG 7187 --- [contenttree] [           main] org.hibernate.ormbytecode.interceptor    : To-one property `com.contenttree.confirmationtoken.ConfirmationToken#user` was mapped with LAZY + NO_PROXY but the class was not enhanced
2024-12-13T18:05:45.043+05:30 DEBUG 7187 --- [contenttree] [           main] o.h.boot.internal.ClassLoaderAccessImpl  : Not known whether passed class name [com.contenttree.confirmationtoken.ConfirmationToken] is safe
2024-12-13T18:05:45.043+05:30 DEBUG 7187 --- [contenttree] [           main] o.h.boot.internal.ClassLoaderAccessImpl  : No temp ClassLoader provided; using live ClassLoader for loading potentially unsafe class : com.contenttree.confirmationtoken.ConfirmationToken
2024-12-13T18:05:45.045+05:30 DEBUG 7187 --- [contenttree] [           main] o.h.b.i.bytebuddy.BytecodeProviderImpl   : HHH000513: Unable to create the ReflectionOptimizer for [com.contenttree.confirmationtoken.ConfirmationToken]: private accessor [confirmationToken]
2024-12-13T18:05:45.046+05:30 DEBUG 7187 --- [contenttree] [           main] org.hibernate.ormbytecode.interceptor    : To-one property `com.contenttree.confirmationtoken.ConfirmationToken#user` was mapped with LAZY + NO_PROXY but the class was not enhanced
2024-12-13T18:05:45.046+05:30 DEBUG 7187 --- [contenttree] [           main] o.h.boot.internal.ClassLoaderAccessImpl  : Not known whether passed class name [com.contenttree.userdatastorage.UserDataStorage] is safe
2024-12-13T18:05:45.046+05:30 DEBUG 7187 --- [contenttree] [           main] o.h.boot.internal.ClassLoaderAccessImpl  : No temp ClassLoader provided; using live ClassLoader for loading potentially unsafe class : com.contenttree.userdatastorage.UserDataStorage
2024-12-13T18:05:45.053+05:30 DEBUG 7187 --- [contenttree] [           main] o.h.b.i.bytebuddy.BytecodeProviderImpl   : HHH000513: Unable to create the ReflectionOptimizer for [com.contenttree.userdatastorage.UserDataStorage]: private accessor [city]
2024-12-13T18:05:45.054+05:30 DEBUG 7187 --- [contenttree] [           main] org.hibernate.ormbytecode.interceptor    : To-one property `com.contenttree.Blogs.Blogs#admin` was mapped with LAZY + NO_PROXY but the class was not enhanced
2024-12-13T18:05:45.054+05:30 DEBUG 7187 --- [contenttree] [           main] org.hibernate.ormbytecode.interceptor    : To-one property `com.contenttree.Blogs.Blogs#admin` was mapped with LAZY + NO_PROXY but the class was not enhanced
2024-12-13T18:05:45.054+05:30 DEBUG 7187 --- [contenttree] [           main] org.hibernate.ormbytecode.interceptor    : To-one property `com.contenttree.Blogs.Blogs#blogsCategory` was mapped with LAZY + NO_PROXY but the class was not enhanced
2024-12-13T18:05:45.054+05:30 DEBUG 7187 --- [contenttree] [           main] org.hibernate.ormbytecode.interceptor    : To-one property `com.contenttree.Blogs.Blogs#blogsCategory` was mapped with LAZY + NO_PROXY but the class was not enhanced
2024-12-13T18:05:45.054+05:30 DEBUG 7187 --- [contenttree] [           main] o.h.boot.internal.ClassLoaderAccessImpl  : Not known whether passed class name [com.contenttree.Blogs.Blogs] is safe
2024-12-13T18:05:45.054+05:30 DEBUG 7187 --- [contenttree] [           main] o.h.boot.internal.ClassLoaderAccessImpl  : No temp ClassLoader provided; using live ClassLoader for loading potentially unsafe class : com.contenttree.Blogs.Blogs
2024-12-13T18:05:45.057+05:30 DEBUG 7187 --- [contenttree] [           main] o.h.b.i.bytebuddy.BytecodeProviderImpl   : HHH000513: Unable to create the ReflectionOptimizer for [com.contenttree.Blogs.Blogs]: private accessor [admin]
2024-12-13T18:05:45.057+05:30 DEBUG 7187 --- [contenttree] [           main] org.hibernate.ormbytecode.interceptor    : To-one property `com.contenttree.Blogs.Blogs#admin` was mapped with LAZY + NO_PROXY but the class was not enhanced
2024-12-13T18:05:45.057+05:30 DEBUG 7187 --- [contenttree] [           main] org.hibernate.ormbytecode.interceptor    : To-one property `com.contenttree.Blogs.Blogs#blogsCategory` was mapped with LAZY + NO_PROXY but the class was not enhanced
2024-12-13T18:05:45.058+05:30 DEBUG 7187 --- [contenttree] [           main] o.h.boot.internal.ClassLoaderAccessImpl  : Not known whether passed class name [com.contenttree.admin.Admin] is safe
2024-12-13T18:05:45.058+05:30 DEBUG 7187 --- [contenttree] [           main] o.h.boot.internal.ClassLoaderAccessImpl  : No temp ClassLoader provided; using live ClassLoader for loading potentially unsafe class : com.contenttree.admin.Admin
2024-12-13T18:05:45.067+05:30 DEBUG 7187 --- [contenttree] [           main] o.h.b.i.bytebuddy.BytecodeProviderImpl   : HHH000513: Unable to create the ReflectionOptimizer for [com.contenttree.admin.Admin]: private accessor [blogs]
2024-12-13T18:05:45.067+05:30 DEBUG 7187 --- [contenttree] [           main] org.hibernate.ormbytecode.interceptor    : To-one property `com.contenttree.downloadlog.DownloadLog#user` was mapped with LAZY + NO_PROXY but the class was not enhanced
2024-12-13T18:05:45.067+05:30 DEBUG 7187 --- [contenttree] [           main] org.hibernate.ormbytecode.interceptor    : To-one property `com.contenttree.downloadlog.DownloadLog#user` was mapped with LAZY + NO_PROXY but the class was not enhanced
2024-12-13T18:05:45.067+05:30 DEBUG 7187 --- [contenttree] [           main] o.h.boot.internal.ClassLoaderAccessImpl  : Not known whether passed class name [com.contenttree.downloadlog.DownloadLog] is safe
2024-12-13T18:05:45.067+05:30 DEBUG 7187 --- [contenttree] [           main] o.h.boot.internal.ClassLoaderAccessImpl  : No temp ClassLoader provided; using live ClassLoader for loading potentially unsafe class : com.contenttree.downloadlog.DownloadLog
2024-12-13T18:05:45.070+05:30 DEBUG 7187 --- [contenttree] [           main] o.h.b.i.bytebuddy.BytecodeProviderImpl   : HHH000513: Unable to create the ReflectionOptimizer for [com.contenttree.downloadlog.DownloadLog]: private accessor [dt1]
2024-12-13T18:05:45.070+05:30 DEBUG 7187 --- [contenttree] [           main] org.hibernate.ormbytecode.interceptor    : To-one property `com.contenttree.downloadlog.DownloadLog#user` was mapped with LAZY + NO_PROXY but the class was not enhanced
2024-12-13T18:05:45.070+05:30 DEBUG 7187 --- [contenttree] [           main] org.hibernate.ormbytecode.interceptor    : To-one property `com.contenttree.CampaignManager.Webinar#admin` was mapped with LAZY + NO_PROXY but the class was not enhanced
2024-12-13T18:05:45.070+05:30 DEBUG 7187 --- [contenttree] [           main] org.hibernate.ormbytecode.interceptor    : To-one property `com.contenttree.CampaignManager.Webinar#admin` was mapped with LAZY + NO_PROXY but the class was not enhanced
2024-12-13T18:05:45.070+05:30 DEBUG 7187 --- [contenttree] [           main] o.h.boot.internal.ClassLoaderAccessImpl  : Not known whether passed class name [com.contenttree.CampaignManager.Webinar] is safe
2024-12-13T18:05:45.070+05:30 DEBUG 7187 --- [contenttree] [           main] o.h.boot.internal.ClassLoaderAccessImpl  : No temp ClassLoader provided; using live ClassLoader for loading potentially unsafe class : com.contenttree.CampaignManager.Webinar
2024-12-13T18:05:45.074+05:30 DEBUG 7187 --- [contenttree] [           main] o.h.b.i.bytebuddy.BytecodeProviderImpl   : HHH000513: Unable to create the ReflectionOptimizer for [com.contenttree.CampaignManager.Webinar]: private accessor [admin]
2024-12-13T18:05:45.074+05:30 DEBUG 7187 --- [contenttree] [           main] org.hibernate.ormbytecode.interceptor    : To-one property `com.contenttree.CampaignManager.Webinar#admin` was mapped with LAZY + NO_PROXY but the class was not enhanced
2024-12-13T18:05:45.081+05:30 DEBUG 7187 --- [contenttree] [           main] org.hibernate.orm.jdbc.mutation          : Skipping collection (re)creation - com.contenttree.Blogs.BlogsCategory.blogs
2024-12-13T18:05:45.081+05:30 DEBUG 7187 --- [contenttree] [           main] org.hibernate.orm.jdbc.mutation          : Skipping collection row deletions - com.contenttree.Blogs.BlogsCategory.blogs
2024-12-13T18:05:45.081+05:30 DEBUG 7187 --- [contenttree] [           main] org.hibernate.orm.jdbc.mutation          : Skipping collection removals - com.contenttree.Blogs.BlogsCategory.blogs
2024-12-13T18:05:45.082+05:30 DEBUG 7187 --- [contenttree] [           main] org.hibernate.orm.jdbc.mutation          : Skipping collection (re)creation - com.contenttree.admin.Admin.newsLetters
2024-12-13T18:05:45.082+05:30 DEBUG 7187 --- [contenttree] [           main] org.hibernate.orm.jdbc.mutation          : Skipping collection row deletions - com.contenttree.admin.Admin.newsLetters
2024-12-13T18:05:45.082+05:30 DEBUG 7187 --- [contenttree] [           main] org.hibernate.orm.jdbc.mutation          : Skipping collection removals - com.contenttree.admin.Admin.newsLetters
2024-12-13T18:05:45.082+05:30 DEBUG 7187 --- [contenttree] [           main] org.hibernate.orm.jdbc.mutation          : Skipping collection (re)creation - com.contenttree.vendor.Vendors.downloadLogs
2024-12-13T18:05:45.082+05:30 DEBUG 7187 --- [contenttree] [           main] org.hibernate.orm.jdbc.mutation          : Skipping collection row deletions - com.contenttree.vendor.Vendors.downloadLogs
2024-12-13T18:05:45.082+05:30 DEBUG 7187 --- [contenttree] [           main] org.hibernate.orm.jdbc.mutation          : Skipping collection removals - com.contenttree.vendor.Vendors.downloadLogs
2024-12-13T18:05:45.082+05:30 DEBUG 7187 --- [contenttree] [           main] org.hibernate.orm.jdbc.mutation          : Skipping collection (re)creation - com.contenttree.admin.Admin.events
2024-12-13T18:05:45.082+05:30 DEBUG 7187 --- [contenttree] [           main] org.hibernate.orm.jdbc.mutation          : Skipping collection row deletions - com.contenttree.admin.Admin.events
2024-12-13T18:05:45.082+05:30 DEBUG 7187 --- [contenttree] [           main] org.hibernate.orm.jdbc.mutation          : Skipping collection removals - com.contenttree.admin.Admin.events
2024-12-13T18:05:45.082+05:30 DEBUG 7187 --- [contenttree] [           main] org.hibernate.orm.jdbc.mutation          : Skipping collection (re)creation - com.contenttree.admin.Admin.webinars
2024-12-13T18:05:45.082+05:30 DEBUG 7187 --- [contenttree] [           main] org.hibernate.orm.jdbc.mutation          : Skipping collection row deletions - com.contenttree.admin.Admin.webinars
2024-12-13T18:05:45.082+05:30 DEBUG 7187 --- [contenttree] [           main] org.hibernate.orm.jdbc.mutation          : Skipping collection removals - com.contenttree.admin.Admin.webinars
2024-12-13T18:05:45.083+05:30 DEBUG 7187 --- [contenttree] [           main] org.hibernate.orm.jdbc.mutation          : Skipping collection (re)creation - com.contenttree.admin.Admin.blogs
2024-12-13T18:05:45.083+05:30 DEBUG 7187 --- [contenttree] [           main] org.hibernate.orm.jdbc.mutation          : Skipping collection row deletions - com.contenttree.admin.Admin.blogs
2024-12-13T18:05:45.083+05:30 DEBUG 7187 --- [contenttree] [           main] org.hibernate.orm.jdbc.mutation          : Skipping collection removals - com.contenttree.admin.Admin.blogs
2024-12-13T18:05:45.083+05:30 DEBUG 7187 --- [contenttree] [           main] org.hibernate.orm.jdbc.mutation          : Skipping collection (re)creation - com.contenttree.user.User.downloadLogs
2024-12-13T18:05:45.083+05:30 DEBUG 7187 --- [contenttree] [           main] org.hibernate.orm.jdbc.mutation          : Skipping collection row deletions - com.contenttree.user.User.downloadLogs
2024-12-13T18:05:45.083+05:30 DEBUG 7187 --- [contenttree] [           main] org.hibernate.orm.jdbc.mutation          : Skipping collection removals - com.contenttree.user.User.downloadLogs
2024-12-13T18:05:45.083+05:30 DEBUG 7187 --- [contenttree] [           main] org.hibernate.orm.jdbc.mutation          : Skipping collection (re)creation - com.contenttree.user.User.confirmationTokens
2024-12-13T18:05:45.083+05:30 DEBUG 7187 --- [contenttree] [           main] org.hibernate.orm.jdbc.mutation          : Skipping collection row deletions - com.contenttree.user.User.confirmationTokens
2024-12-13T18:05:45.083+05:30 DEBUG 7187 --- [contenttree] [           main] org.hibernate.orm.jdbc.mutation          : Skipping collection removals - com.contenttree.user.User.confirmationTokens
2024-12-13T18:05:45.084+05:30 DEBUG 7187 --- [contenttree] [           main] org.hibernate.orm.jdbc.mutation          : Skipping collection row updates - com.contenttree.admin.Admin.role
2024-12-13T18:05:45.084+05:30 DEBUG 7187 --- [contenttree] [           main] org.hibernate.orm.jdbc.mutation          : Skipping collection (re)creation - com.contenttree.category.Category.solutionSets
2024-12-13T18:05:45.084+05:30 DEBUG 7187 --- [contenttree] [           main] org.hibernate.orm.jdbc.mutation          : Skipping collection row deletions - com.contenttree.category.Category.solutionSets
2024-12-13T18:05:45.084+05:30 DEBUG 7187 --- [contenttree] [           main] org.hibernate.orm.jdbc.mutation          : Skipping collection removals - com.contenttree.category.Category.solutionSets
2024-12-13T18:05:45.084+05:30 DEBUG 7187 --- [contenttree] [           main] org.hibernate.orm.jdbc.mutation          : Skipping collection (re)creation - com.contenttree.admin.Admin.campaignList
2024-12-13T18:05:45.084+05:30 DEBUG 7187 --- [contenttree] [           main] org.hibernate.orm.jdbc.mutation          : Skipping collection row deletions - com.contenttree.admin.Admin.campaignList
2024-12-13T18:05:45.084+05:30 DEBUG 7187 --- [contenttree] [           main] org.hibernate.orm.jdbc.mutation          : Skipping collection removals - com.contenttree.admin.Admin.campaignList
2024-12-13T18:05:45.084+05:30 DEBUG 7187 --- [contenttree] [           main] org.hibernate.orm.jdbc.mutation          : Skipping collection (re)creation - com.contenttree.vendor.Vendors.solutionSets
2024-12-13T18:05:45.084+05:30 DEBUG 7187 --- [contenttree] [           main] org.hibernate.orm.jdbc.mutation          : Skipping collection row deletions - com.contenttree.vendor.Vendors.solutionSets
2024-12-13T18:05:45.084+05:30 DEBUG 7187 --- [contenttree] [           main] org.hibernate.orm.jdbc.mutation          : Skipping collection removals - com.contenttree.vendor.Vendors.solutionSets
2024-12-13T18:05:45.098+05:30 DEBUG 7187 --- [contenttree] [           main] o.hibernate.orm.model.mapping.creation   : Starting post-init callbacks
2024-12-13T18:05:45.099+05:30 DEBUG 7187 --- [contenttree] [           main] o.hibernate.orm.model.mapping.creation   : Starting PostInitCallbackEntry : PluralAttributeMapping( NavigableRole[com.contenttree.Blogs.BlogsCategory.blogs#{element}]) - element descriptor
2024-12-13T18:05:45.099+05:30 DEBUG 7187 --- [contenttree] [           main] o.hibernate.orm.model.mapping.creation   : Starting PostInitCallbackEntry : PluralAttributeMapping(com.contenttree.Blogs.BlogsCategory.blogs)#finishInitialization
2024-12-13T18:05:45.099+05:30 DEBUG 7187 --- [contenttree] [           main] o.hibernate.orm.model.mapping.creation   : Starting PostInitCallbackEntry : PluralAttributeMapping(com.contenttree.Blogs.BlogsCategory.blogs) - key descriptor
2024-12-13T18:05:45.100+05:30 DEBUG 7187 --- [contenttree] [           main] o.hibernate.orm.model.mapping.creation   : Starting PostInitCallbackEntry : Entity(com.contenttree.Blogs.BlogsCategory) `staticFetchableList` generator
2024-12-13T18:05:45.100+05:30 DEBUG 7187 --- [contenttree] [           main] o.hibernate.orm.model.mapping.creation   : Starting PostInitCallbackEntry : To-one key - NavigableRole[com.contenttree.CampaignManager.Campaign.admin]
2024-12-13T18:05:45.100+05:30 DEBUG 7187 --- [contenttree] [           main] o.hibernate.orm.model.mapping.creation   : Starting PostInitCallbackEntry : To-one key - NavigableRole[com.contenttree.CampaignManager.Campaign.category]
2024-12-13T18:05:45.100+05:30 DEBUG 7187 --- [contenttree] [           main] o.hibernate.orm.model.mapping.creation   : Starting PostInitCallbackEntry : Entity(com.contenttree.CampaignManager.Campaign) `staticFetchableList` generator
2024-12-13T18:05:45.100+05:30 DEBUG 7187 --- [contenttree] [           main] o.hibernate.orm.model.mapping.creation   : Starting PostInitCallbackEntry : Entity(com.contenttree.StaticCount.Region) `staticFetchableList` generator
2024-12-13T18:05:45.100+05:30 DEBUG 7187 --- [contenttree] [           main] o.hibernate.orm.model.mapping.creation   : Starting PostInitCallbackEntry : To-one key - NavigableRole[com.contenttree.solutionsets.SolutionSets.category]
2024-12-13T18:05:45.100+05:30 DEBUG 7187 --- [contenttree] [           main] o.hibernate.orm.model.mapping.creation   : Starting PostInitCallbackEntry : To-one key - NavigableRole[com.contenttree.solutionsets.SolutionSets.uploadedBy]
2024-12-13T18:05:45.100+05:30 DEBUG 7187 --- [contenttree] [           main] o.hibernate.orm.model.mapping.creation   : Starting PostInitCallbackEntry : Entity(com.contenttree.solutionsets.SolutionSets) `staticFetchableList` generator
2024-12-13T18:05:45.100+05:30 DEBUG 7187 --- [contenttree] [           main] o.hibernate.orm.model.mapping.creation   : Starting PostInitCallbackEntry : Entity(com.contenttree.CountryCode.Country) `staticFetchableList` generator
2024-12-13T18:05:45.100+05:30 DEBUG 7187 --- [contenttree] [           main] o.hibernate.orm.model.mapping.creation   : Starting PostInitCallbackEntry : To-one key - NavigableRole[com.contenttree.CampaignManager.Event.admin]
2024-12-13T18:05:45.100+05:30 DEBUG 7187 --- [contenttree] [           main] o.hibernate.orm.model.mapping.creation   : Starting PostInitCallbackEntry : Entity(com.contenttree.CampaignManager.Event) `staticFetchableList` generator
2024-12-13T18:05:45.101+05:30 DEBUG 7187 --- [contenttree] [           main] o.hibernate.orm.model.mapping.creation   : Starting PostInitCallbackEntry : PluralAttributeMapping( NavigableRole[com.contenttree.vendor.Vendors.downloadLogs#{element}]) - element descriptor
2024-12-13T18:05:45.101+05:30 DEBUG 7187 --- [contenttree] [           main] o.hibernate.orm.model.mapping.creation   : Starting PostInitCallbackEntry : PluralAttributeMapping(com.contenttree.vendor.Vendors.downloadLogs)#finishInitialization
2024-12-13T18:05:45.101+05:30 DEBUG 7187 --- [contenttree] [           main] o.hibernate.orm.model.mapping.creation   : Starting PostInitCallbackEntry : PluralAttributeMapping(com.contenttree.vendor.Vendors.downloadLogs) - key descriptor
2024-12-13T18:05:45.101+05:30 DEBUG 7187 --- [contenttree] [           main] o.hibernate.orm.model.mapping.creation   : Starting PostInitCallbackEntry : PluralAttributeMapping( NavigableRole[com.contenttree.vendor.Vendors.solutionSets#{element}]) - element descriptor
2024-12-13T18:05:45.101+05:30 DEBUG 7187 --- [contenttree] [           main] o.hibernate.orm.model.mapping.creation   : Starting PostInitCallbackEntry : PluralAttributeMapping(com.contenttree.vendor.Vendors.solutionSets)#finishInitialization
2024-12-13T18:05:45.101+05:30 DEBUG 7187 --- [contenttree] [           main] o.hibernate.orm.model.mapping.creation   : Starting PostInitCallbackEntry : PluralAttributeMapping(com.contenttree.vendor.Vendors.solutionSets) - key descriptor
2024-12-13T18:05:45.101+05:30 DEBUG 7187 --- [contenttree] [           main] o.hibernate.orm.model.mapping.creation   : Starting PostInitCallbackEntry : Entity(com.contenttree.vendor.Vendors) `staticFetchableList` generator
2024-12-13T18:05:45.101+05:30 DEBUG 7187 --- [contenttree] [           main] o.hibernate.orm.model.mapping.creation   : Starting PostInitCallbackEntry : To-one key - NavigableRole[com.contenttree.NewsLetter.NewsLetter.admin]
2024-12-13T18:05:45.101+05:30 DEBUG 7187 --- [contenttree] [           main] o.hibernate.orm.model.mapping.creation   : Starting PostInitCallbackEntry : To-one key - NavigableRole[com.contenttree.NewsLetter.NewsLetter.user]
2024-12-13T18:05:45.101+05:30 DEBUG 7187 --- [contenttree] [           main] o.hibernate.orm.model.mapping.creation   : Starting PostInitCallbackEntry : Entity(com.contenttree.NewsLetter.NewsLetter) `staticFetchableList` generator
2024-12-13T18:05:45.101+05:30 DEBUG 7187 --- [contenttree] [           main] o.hibernate.orm.model.mapping.creation   : Starting PostInitCallbackEntry : Entity(com.contenttree.banner.BannerEntity) `staticFetchableList` generator
2024-12-13T18:05:45.101+05:30 DEBUG 7187 --- [contenttree] [           main] o.hibernate.orm.model.mapping.creation   : Starting PostInitCallbackEntry : PluralAttributeMapping( NavigableRole[com.contenttree.user.User.confirmationTokens#{element}]) - element descriptor
2024-12-13T18:05:45.101+05:30 DEBUG 7187 --- [contenttree] [           main] o.hibernate.orm.model.mapping.creation   : Starting PostInitCallbackEntry : PluralAttributeMapping(com.contenttree.user.User.confirmationTokens)#finishInitialization
2024-12-13T18:05:45.101+05:30 DEBUG 7187 --- [contenttree] [           main] o.hibernate.orm.model.mapping.creation   : Starting PostInitCallbackEntry : PluralAttributeMapping(com.contenttree.user.User.confirmationTokens) - key descriptor
2024-12-13T18:05:45.101+05:30 DEBUG 7187 --- [contenttree] [           main] o.hibernate.orm.model.mapping.creation   : Starting PostInitCallbackEntry : PluralAttributeMapping( NavigableRole[com.contenttree.user.User.downloadLogs#{element}]) - element descriptor
2024-12-13T18:05:45.101+05:30 DEBUG 7187 --- [contenttree] [           main] o.hibernate.orm.model.mapping.creation   : Starting PostInitCallbackEntry : PluralAttributeMapping(com.contenttree.user.User.downloadLogs)#finishInitialization
2024-12-13T18:05:45.101+05:30 DEBUG 7187 --- [contenttree] [           main] o.hibernate.orm.model.mapping.creation   : Starting PostInitCallbackEntry : PluralAttributeMapping(com.contenttree.user.User.downloadLogs) - key descriptor
2024-12-13T18:05:45.101+05:30 DEBUG 7187 --- [contenttree] [           main] o.hibernate.orm.model.mapping.creation   : Starting PostInitCallbackEntry : PluralAttributeMapping( NavigableRole[com.contenttree.user.User.newsLetterList#{element}]) - element descriptor
2024-12-13T18:05:45.101+05:30 DEBUG 7187 --- [contenttree] [           main] o.hibernate.orm.model.mapping.creation   : Starting PostInitCallbackEntry : PluralAttributeMapping(com.contenttree.user.User.newsLetterList)#finishInitialization
2024-12-13T18:05:45.101+05:30 DEBUG 7187 --- [contenttree] [           main] o.hibernate.orm.model.mapping.creation   : Starting PostInitCallbackEntry : PluralAttributeMapping(com.contenttree.user.User.newsLetterList) - key descriptor
2024-12-13T18:05:45.101+05:30 DEBUG 7187 --- [contenttree] [           main] o.hibernate.orm.model.mapping.creation   : Starting PostInitCallbackEntry : Entity(com.contenttree.user.User) `staticFetchableList` generator
2024-12-13T18:05:45.101+05:30 DEBUG 7187 --- [contenttree] [           main] o.hibernate.orm.model.mapping.creation   : Starting PostInitCallbackEntry : PluralAttributeMapping( NavigableRole[com.contenttree.category.Category.solutionSets#{element}]) - element descriptor
2024-12-13T18:05:45.101+05:30 DEBUG 7187 --- [contenttree] [           main] o.hibernate.orm.model.mapping.creation   : Starting PostInitCallbackEntry : PluralAttributeMapping(com.contenttree.category.Category.solutionSets)#finishInitialization
2024-12-13T18:05:45.101+05:30 DEBUG 7187 --- [contenttree] [           main] o.hibernate.orm.model.mapping.creation   : Starting PostInitCallbackEntry : PluralAttributeMapping(com.contenttree.category.Category.solutionSets) - key descriptor
2024-12-13T18:05:45.101+05:30 DEBUG 7187 --- [contenttree] [           main] o.hibernate.orm.model.mapping.creation   : Starting PostInitCallbackEntry : Entity(com.contenttree.category.Category) `staticFetchableList` generator
2024-12-13T18:05:45.101+05:30 DEBUG 7187 --- [contenttree] [           main] o.hibernate.orm.model.mapping.creation   : Starting PostInitCallbackEntry : Entity(com.contenttree.StaticCount.StaticCount) `staticFetchableList` generator
2024-12-13T18:05:45.101+05:30 DEBUG 7187 --- [contenttree] [           main] o.hibernate.orm.model.mapping.creation   : Starting PostInitCallbackEntry : To-one key - NavigableRole[com.contenttree.confirmationtoken.ConfirmationToken.user]
2024-12-13T18:05:45.101+05:30 DEBUG 7187 --- [contenttree] [           main] o.hibernate.orm.model.mapping.creation   : Starting PostInitCallbackEntry : Entity(com.contenttree.confirmationtoken.ConfirmationToken) `staticFetchableList` generator
2024-12-13T18:05:45.101+05:30 DEBUG 7187 --- [contenttree] [           main] o.hibernate.orm.model.mapping.creation   : Starting PostInitCallbackEntry : Entity(com.contenttree.userdatastorage.UserDataStorage) `staticFetchableList` generator
2024-12-13T18:05:45.101+05:30 DEBUG 7187 --- [contenttree] [           main] o.hibernate.orm.model.mapping.creation   : Starting PostInitCallbackEntry : To-one key - NavigableRole[com.contenttree.Blogs.Blogs.admin]
2024-12-13T18:05:45.101+05:30 DEBUG 7187 --- [contenttree] [           main] o.hibernate.orm.model.mapping.creation   : Starting PostInitCallbackEntry : To-one key - NavigableRole[com.contenttree.Blogs.Blogs.blogsCategory]
2024-12-13T18:05:45.101+05:30 DEBUG 7187 --- [contenttree] [           main] o.hibernate.orm.model.mapping.creation   : Starting PostInitCallbackEntry : Entity(com.contenttree.Blogs.Blogs) `staticFetchableList` generator
2024-12-13T18:05:45.101+05:30 DEBUG 7187 --- [contenttree] [           main] o.hibernate.orm.model.mapping.creation   : Starting PostInitCallbackEntry : PluralAttributeMapping( NavigableRole[com.contenttree.admin.Admin.blogs#{element}]) - element descriptor
2024-12-13T18:05:45.101+05:30 DEBUG 7187 --- [contenttree] [           main] o.hibernate.orm.model.mapping.creation   : Starting PostInitCallbackEntry : PluralAttributeMapping(com.contenttree.admin.Admin.blogs)#finishInitialization
2024-12-13T18:05:45.101+05:30 DEBUG 7187 --- [contenttree] [           main] o.hibernate.orm.model.mapping.creation   : Starting PostInitCallbackEntry : PluralAttributeMapping(com.contenttree.admin.Admin.blogs) - key descriptor
2024-12-13T18:05:45.101+05:30 DEBUG 7187 --- [contenttree] [           main] o.hibernate.orm.model.mapping.creation   : Starting PostInitCallbackEntry : PluralAttributeMapping( NavigableRole[com.contenttree.admin.Admin.campaignList#{element}]) - element descriptor
2024-12-13T18:05:45.101+05:30 DEBUG 7187 --- [contenttree] [           main] o.hibernate.orm.model.mapping.creation   : Starting PostInitCallbackEntry : PluralAttributeMapping(com.contenttree.admin.Admin.campaignList)#finishInitialization
2024-12-13T18:05:45.101+05:30 DEBUG 7187 --- [contenttree] [           main] o.hibernate.orm.model.mapping.creation   : Starting PostInitCallbackEntry : PluralAttributeMapping(com.contenttree.admin.Admin.campaignList) - key descriptor
2024-12-13T18:05:45.101+05:30 DEBUG 7187 --- [contenttree] [           main] o.hibernate.orm.model.mapping.creation   : Starting PostInitCallbackEntry : PluralAttributeMapping( NavigableRole[com.contenttree.admin.Admin.events#{element}]) - element descriptor
2024-12-13T18:05:45.101+05:30 DEBUG 7187 --- [contenttree] [           main] o.hibernate.orm.model.mapping.creation   : Starting PostInitCallbackEntry : PluralAttributeMapping(com.contenttree.admin.Admin.events)#finishInitialization
2024-12-13T18:05:45.101+05:30 DEBUG 7187 --- [contenttree] [           main] o.hibernate.orm.model.mapping.creation   : Starting PostInitCallbackEntry : PluralAttributeMapping(com.contenttree.admin.Admin.events) - key descriptor
2024-12-13T18:05:45.101+05:30 DEBUG 7187 --- [contenttree] [           main] o.hibernate.orm.model.mapping.creation   : Starting PostInitCallbackEntry : PluralAttributeMapping( NavigableRole[com.contenttree.admin.Admin.newsLetters#{element}]) - element descriptor
2024-12-13T18:05:45.101+05:30 DEBUG 7187 --- [contenttree] [           main] o.hibernate.orm.model.mapping.creation   : Starting PostInitCallbackEntry : PluralAttributeMapping(com.contenttree.admin.Admin.newsLetters)#finishInitialization
2024-12-13T18:05:45.101+05:30 DEBUG 7187 --- [contenttree] [           main] o.hibernate.orm.model.mapping.creation   : Starting PostInitCallbackEntry : PluralAttributeMapping(com.contenttree.admin.Admin.newsLetters) - key descriptor
2024-12-13T18:05:45.101+05:30 DEBUG 7187 --- [contenttree] [           main] o.hibernate.orm.model.mapping.creation   : Starting PostInitCallbackEntry : PluralAttributeMapping(com.contenttree.admin.Admin.role)#finishInitialization
2024-12-13T18:05:45.101+05:30 DEBUG 7187 --- [contenttree] [           main] o.hibernate.orm.model.mapping.creation   : Starting PostInitCallbackEntry : PluralAttributeMapping(com.contenttree.admin.Admin.role) - key descriptor
2024-12-13T18:05:45.101+05:30 DEBUG 7187 --- [contenttree] [           main] o.hibernate.orm.model.mapping.creation   : Starting PostInitCallbackEntry : PluralAttributeMapping( NavigableRole[com.contenttree.admin.Admin.webinars#{element}]) - element descriptor
2024-12-13T18:05:45.101+05:30 DEBUG 7187 --- [contenttree] [           main] o.hibernate.orm.model.mapping.creation   : Starting PostInitCallbackEntry : PluralAttributeMapping(com.contenttree.admin.Admin.webinars)#finishInitialization
2024-12-13T18:05:45.101+05:30 DEBUG 7187 --- [contenttree] [           main] o.hibernate.orm.model.mapping.creation   : Starting PostInitCallbackEntry : PluralAttributeMapping(com.contenttree.admin.Admin.webinars) - key descriptor
2024-12-13T18:05:45.101+05:30 DEBUG 7187 --- [contenttree] [           main] o.hibernate.orm.model.mapping.creation   : Starting PostInitCallbackEntry : Entity(com.contenttree.admin.Admin) `staticFetchableList` generator
2024-12-13T18:05:45.101+05:30 DEBUG 7187 --- [contenttree] [           main] o.hibernate.orm.model.mapping.creation   : Starting PostInitCallbackEntry : To-one key - NavigableRole[com.contenttree.downloadlog.DownloadLog.user]
2024-12-13T18:05:45.101+05:30 DEBUG 7187 --- [contenttree] [           main] o.hibernate.orm.model.mapping.creation   : Starting PostInitCallbackEntry : To-one key - NavigableRole[com.contenttree.downloadlog.DownloadLog.vendor]
2024-12-13T18:05:45.101+05:30 DEBUG 7187 --- [contenttree] [           main] o.hibernate.orm.model.mapping.creation   : Starting PostInitCallbackEntry : Entity(com.contenttree.downloadlog.DownloadLog) `staticFetchableList` generator
2024-12-13T18:05:45.101+05:30 DEBUG 7187 --- [contenttree] [           main] o.hibernate.orm.model.mapping.creation   : Starting PostInitCallbackEntry : To-one key - NavigableRole[com.contenttree.CampaignManager.Webinar.admin]
2024-12-13T18:05:45.101+05:30 DEBUG 7187 --- [contenttree] [           main] o.hibernate.orm.model.mapping.creation   : Starting PostInitCallbackEntry : Entity(com.contenttree.CampaignManager.Webinar) `staticFetchableList` generator
2024-12-13T18:05:45.101+05:30 DEBUG 7187 --- [contenttree] [           main] o.hibernate.orm.model.mapping.creation   : Starting PostInitCallbackEntry : PluralAttributeMapping( NavigableRole[com.contenttree.Blogs.BlogsCategory.blogs#{element}]) - element descriptor
2024-12-13T18:05:45.101+05:30 DEBUG 7187 --- [contenttree] [           main] o.hibernate.orm.model.mapping.creation   : Starting PostInitCallbackEntry : PluralAttributeMapping( NavigableRole[com.contenttree.vendor.Vendors.downloadLogs#{element}]) - element descriptor
2024-12-13T18:05:45.101+05:30 DEBUG 7187 --- [contenttree] [           main] o.hibernate.orm.model.mapping.creation   : Starting PostInitCallbackEntry : PluralAttributeMapping( NavigableRole[com.contenttree.vendor.Vendors.solutionSets#{element}]) - element descriptor
2024-12-13T18:05:45.101+05:30 DEBUG 7187 --- [contenttree] [           main] o.hibernate.orm.model.mapping.creation   : Starting PostInitCallbackEntry : PluralAttributeMapping( NavigableRole[com.contenttree.user.User.confirmationTokens#{element}]) - element descriptor
2024-12-13T18:05:45.101+05:30 DEBUG 7187 --- [contenttree] [           main] o.hibernate.orm.model.mapping.creation   : Starting PostInitCallbackEntry : PluralAttributeMapping( NavigableRole[com.contenttree.user.User.downloadLogs#{element}]) - element descriptor
2024-12-13T18:05:45.101+05:30 DEBUG 7187 --- [contenttree] [           main] o.hibernate.orm.model.mapping.creation   : Starting PostInitCallbackEntry : PluralAttributeMapping( NavigableRole[com.contenttree.user.User.newsLetterList#{element}]) - element descriptor
2024-12-13T18:05:45.101+05:30 DEBUG 7187 --- [contenttree] [           main] o.hibernate.orm.model.mapping.creation   : Starting PostInitCallbackEntry : PluralAttributeMapping( NavigableRole[com.contenttree.category.Category.solutionSets#{element}]) - element descriptor
2024-12-13T18:05:45.101+05:30 DEBUG 7187 --- [contenttree] [           main] o.hibernate.orm.model.mapping.creation   : Starting PostInitCallbackEntry : PluralAttributeMapping( NavigableRole[com.contenttree.admin.Admin.blogs#{element}]) - element descriptor
2024-12-13T18:05:45.101+05:30 DEBUG 7187 --- [contenttree] [           main] o.hibernate.orm.model.mapping.creation   : Starting PostInitCallbackEntry : PluralAttributeMapping( NavigableRole[com.contenttree.admin.Admin.campaignList#{element}]) - element descriptor
2024-12-13T18:05:45.101+05:30 DEBUG 7187 --- [contenttree] [           main] o.hibernate.orm.model.mapping.creation   : Starting PostInitCallbackEntry : PluralAttributeMapping( NavigableRole[com.contenttree.admin.Admin.events#{element}]) - element descriptor
2024-12-13T18:05:45.101+05:30 DEBUG 7187 --- [contenttree] [           main] o.hibernate.orm.model.mapping.creation   : Starting PostInitCallbackEntry : PluralAttributeMapping( NavigableRole[com.contenttree.admin.Admin.newsLetters#{element}]) - element descriptor
2024-12-13T18:05:45.101+05:30 DEBUG 7187 --- [contenttree] [           main] o.hibernate.orm.model.mapping.creation   : Starting PostInitCallbackEntry : PluralAttributeMapping( NavigableRole[com.contenttree.admin.Admin.webinars#{element}]) - element descriptor
2024-12-13T18:05:45.136+05:30 DEBUG 7187 --- [contenttree] [           main] org.hibernate.orm.sql.ast.create         : Created new SQL alias : bc1_0
2024-12-13T18:05:45.137+05:30 DEBUG 7187 --- [contenttree] [           main] org.hibernate.orm.sql.ast.create         : Registration of TableGroup [StandardTableGroup(com.contenttree.Blogs.BlogsCategory)] with identifierForTableGroup [com.contenttree.Blogs.BlogsCategory] for NavigablePath [com.contenttree.Blogs.BlogsCategory] 
2024-12-13T18:05:45.142+05:30 DEBUG 7187 --- [contenttree] [           main] org.hibernate.orm.results.graph.AST      : DomainResult Graph:
 \-EntityResultImpl [com.contenttree.Blogs.BlogsCategory]
 |  +-BasicFetch [com.contenttree.Blogs.BlogsCategory.blogCategoryDescp]
 |  +-BasicFetch [com.contenttree.Blogs.BlogsCategory.blogCategoryName]
 |  +-DelayedCollectionFetch [com.contenttree.Blogs.BlogsCategory.blogs]
 |  \-BasicFetch [com.contenttree.Blogs.BlogsCategory.dt1]

2024-12-13T18:05:45.143+05:30 DEBUG 7187 --- [contenttree] [           main] org.hibernate.orm.sql.ast.tree           : SQL AST Tree:
    SelectStatement {
      FromClause {
        StandardTableGroup (bc1 : com.contenttree.Blogs.BlogsCategory) {
          primaryTableReference : blogs_category as bc1_0
        }
      }
    }

2024-12-13T18:05:45.147+05:30 DEBUG 7187 --- [contenttree] [           main] o.h.p.entity.AbstractEntityPersister     : Static SQL for entity: com.contenttree.Blogs.BlogsCategory
2024-12-13T18:05:45.147+05:30 DEBUG 7187 --- [contenttree] [           main] o.h.p.entity.AbstractEntityPersister     :  Version select: select id from blogs_category where id=?
2024-12-13T18:05:45.147+05:30 DEBUG 7187 --- [contenttree] [           main] o.h.p.entity.AbstractEntityPersister     :  Insert (0): insert into blogs_category (blog_category_descp,blog_category_name,dt1) values (?,?,?)
2024-12-13T18:05:45.147+05:30 DEBUG 7187 --- [contenttree] [           main] o.h.p.entity.AbstractEntityPersister     :  Update (0): update blogs_category set blog_category_descp=?,blog_category_name=?,dt1=? where id=?
2024-12-13T18:05:45.147+05:30 DEBUG 7187 --- [contenttree] [           main] o.h.p.entity.AbstractEntityPersister     :  Delete (0): delete from blogs_category where id=?
2024-12-13T18:05:45.147+05:30 DEBUG 7187 --- [contenttree] [           main] org.hibernate.orm.sql.ast.create         : Created new SQL alias : c1_0
2024-12-13T18:05:45.147+05:30 DEBUG 7187 --- [contenttree] [           main] org.hibernate.orm.sql.ast.create         : Registration of TableGroup [StandardTableGroup(com.contenttree.CampaignManager.Campaign)] with identifierForTableGroup [com.contenttree.CampaignManager.Campaign] for NavigablePath [com.contenttree.CampaignManager.Campaign] 
2024-12-13T18:05:45.150+05:30 DEBUG 7187 --- [contenttree] [           main] org.hibernate.orm.sql.ast.create         : Registration of TableGroup [org.hibernate.sql.ast.tree.from.LazyTableGroup@e353e1d] with identifierForTableGroup [com.contenttree.CampaignManager.Campaign.admin] for NavigablePath [com.contenttree.CampaignManager.Campaign.admin] 
2024-12-13T18:05:45.150+05:30 DEBUG 7187 --- [contenttree] [           main] org.hibernate.orm.sql.ast.create         : Created new SQL alias : a1_0
2024-12-13T18:05:45.151+05:30 DEBUG 7187 --- [contenttree] [           main] org.hibernate.orm.sql.ast.create         : Created new SQL alias : r1_0
2024-12-13T18:05:45.151+05:30 DEBUG 7187 --- [contenttree] [           main] org.hibernate.orm.sql.ast.create         : Registration of TableGroup [CollectionTableGroup(com.contenttree.CampaignManager.Campaign.admin.role)] with identifierForTableGroup [com.contenttree.CampaignManager.Campaign.admin.role] for NavigablePath [com.contenttree.CampaignManager.Campaign.admin.role] 
2024-12-13T18:05:45.152+05:30 DEBUG 7187 --- [contenttree] [           main] org.hibernate.orm.results                : Generating Fetch for collection-part : `com.contenttree.admin.Admin.role` -> `{element}`
2024-12-13T18:05:45.153+05:30 DEBUG 7187 --- [contenttree] [           main] org.hibernate.orm.sql.ast.create         : Registration of TableGroup [org.hibernate.sql.ast.tree.from.LazyTableGroup@2284058a] with identifierForTableGroup [com.contenttree.CampaignManager.Campaign.category] for NavigablePath [com.contenttree.CampaignManager.Campaign.category] 
2024-12-13T18:05:45.153+05:30 DEBUG 7187 --- [contenttree] [           main] org.hibernate.orm.sql.ast.create         : Created new SQL alias : c2_0
2024-12-13T18:05:45.153+05:30 DEBUG 7187 --- [contenttree] [           main] org.hibernate.orm.results.graph.AST      : DomainResult Graph:
 \-EntityResultImpl [com.contenttree.CampaignManager.Campaign]
 |  +-EntityFetchJoinedImpl [com.contenttree.CampaignManager.Campaign.admin]
 |  +-EntityFetchJoinedImpl [com.contenttree.CampaignManager.Campaign.category]
 |  +-BasicFetch [com.contenttree.CampaignManager.Campaign.dt1]
 |  +-BasicFetch [com.contenttree.CampaignManager.Campaign.endDate]
 |  +-BasicFetch [com.contenttree.CampaignManager.Campaign.name]
 |  +-BasicFetch [com.contenttree.CampaignManager.Campaign.startDate]
 |  \-BasicFetch [com.contenttree.CampaignManager.Campaign.status]

2024-12-13T18:05:45.153+05:30 DEBUG 7187 --- [contenttree] [           main] org.hibernate.orm.sql.ast.tree           : SQL AST Tree:
    SelectStatement {
      FromClause {
        StandardTableGroup (c1 : com.contenttree.CampaignManager.Campaign) {
          primaryTableReference : campaign as c1_0
          TableGroupJoins {
            left  join LazyTableGroup (a1 : com.contenttree.CampaignManager.Campaign.admin) {
              primaryTableReference : admin as a1_0
              TableGroupJoins {
                left  join CollectionTableGroup (r1 : com.contenttree.CampaignManager.Campaign.admin.role) {
                  primaryTableReference : admin_roles as r1_0
                }
              }
            }
            left  join LazyTableGroup (c2 : com.contenttree.CampaignManager.Campaign.category) {
              primaryTableReference : category as c2_0
            }
          }
        }
      }
    }

2024-12-13T18:05:45.153+05:30 DEBUG 7187 --- [contenttree] [           main] o.h.p.entity.AbstractEntityPersister     : Static SQL for entity: com.contenttree.CampaignManager.Campaign
2024-12-13T18:05:45.153+05:30 DEBUG 7187 --- [contenttree] [           main] o.h.p.entity.AbstractEntityPersister     :  Version select: select id from campaign where id=?
2024-12-13T18:05:45.153+05:30 DEBUG 7187 --- [contenttree] [           main] o.h.p.entity.AbstractEntityPersister     :  Insert (0): insert into campaign (admin_id,category_id,dt1,end_date,name,start_date,status) values (?,?,?,?,?,?,?)
2024-12-13T18:05:45.153+05:30 DEBUG 7187 --- [contenttree] [           main] o.h.p.entity.AbstractEntityPersister     :  Update (0): update campaign set admin_id=?,category_id=?,dt1=?,end_date=?,name=?,start_date=?,status=? where id=?
2024-12-13T18:05:45.153+05:30 DEBUG 7187 --- [contenttree] [           main] o.h.p.entity.AbstractEntityPersister     :  Delete (0): delete from campaign where id=?
2024-12-13T18:05:45.153+05:30 DEBUG 7187 --- [contenttree] [           main] org.hibernate.orm.sql.ast.create         : Created new SQL alias : r1_0
2024-12-13T18:05:45.153+05:30 DEBUG 7187 --- [contenttree] [           main] org.hibernate.orm.sql.ast.create         : Registration of TableGroup [StandardTableGroup(com.contenttree.StaticCount.Region)] with identifierForTableGroup [com.contenttree.StaticCount.Region] for NavigablePath [com.contenttree.StaticCount.Region] 
2024-12-13T18:05:45.153+05:30 DEBUG 7187 --- [contenttree] [           main] org.hibernate.orm.results.graph.AST      : DomainResult Graph:
 \-EntityResultImpl [com.contenttree.StaticCount.Region]
 |  +-BasicFetch [com.contenttree.StaticCount.Region.countryName]
 |  +-BasicFetch [com.contenttree.StaticCount.Region.dt1]
 |  \-BasicFetch [com.contenttree.StaticCount.Region.percent]

2024-12-13T18:05:45.153+05:30 DEBUG 7187 --- [contenttree] [           main] org.hibernate.orm.sql.ast.tree           : SQL AST Tree:
    SelectStatement {
      FromClause {
        StandardTableGroup (r1 : com.contenttree.StaticCount.Region) {
          primaryTableReference : region as r1_0
        }
      }
    }

2024-12-13T18:05:45.153+05:30 DEBUG 7187 --- [contenttree] [           main] o.h.p.entity.AbstractEntityPersister     : Static SQL for entity: com.contenttree.StaticCount.Region
2024-12-13T18:05:45.153+05:30 DEBUG 7187 --- [contenttree] [           main] o.h.p.entity.AbstractEntityPersister     :  Version select: select id from region where id=?
2024-12-13T18:05:45.153+05:30 DEBUG 7187 --- [contenttree] [           main] o.h.p.entity.AbstractEntityPersister     :  Insert (0): insert into region (country_name,dt1,percent) values (?,?,?)
2024-12-13T18:05:45.153+05:30 DEBUG 7187 --- [contenttree] [           main] o.h.p.entity.AbstractEntityPersister     :  Update (0): update region set country_name=?,dt1=?,percent=? where id=?
2024-12-13T18:05:45.153+05:30 DEBUG 7187 --- [contenttree] [           main] o.h.p.entity.AbstractEntityPersister     :  Delete (0): delete from region where id=?
2024-12-13T18:05:45.153+05:30 DEBUG 7187 --- [contenttree] [           main] org.hibernate.orm.sql.ast.create         : Created new SQL alias : ss1_0
2024-12-13T18:05:45.153+05:30 DEBUG 7187 --- [contenttree] [           main] org.hibernate.orm.sql.ast.create         : Registration of TableGroup [StandardTableGroup(com.contenttree.solutionsets.SolutionSets)] with identifierForTableGroup [com.contenttree.solutionsets.SolutionSets] for NavigablePath [com.contenttree.solutionsets.SolutionSets] 
2024-12-13T18:05:45.153+05:30 DEBUG 7187 --- [contenttree] [           main] org.hibernate.orm.sql.ast.create         : Registration of TableGroup [org.hibernate.sql.ast.tree.from.LazyTableGroup@4cd7128] with identifierForTableGroup [com.contenttree.solutionsets.SolutionSets.category] for NavigablePath [com.contenttree.solutionsets.SolutionSets.category] 
2024-12-13T18:05:45.153+05:30 DEBUG 7187 --- [contenttree] [           main] org.hibernate.orm.sql.ast.create         : Created new SQL alias : c1_0
2024-12-13T18:05:45.154+05:30 DEBUG 7187 --- [contenttree] [           main] org.hibernate.orm.sql.ast.create         : Registration of TableGroup [org.hibernate.sql.ast.tree.from.LazyTableGroup@25af1dbf] with identifierForTableGroup [com.contenttree.solutionsets.SolutionSets.uploadedBy] for NavigablePath [com.contenttree.solutionsets.SolutionSets.uploadedBy] 
2024-12-13T18:05:45.154+05:30 DEBUG 7187 --- [contenttree] [           main] org.hibernate.orm.sql.ast.create         : Created new SQL alias : ub1_0
2024-12-13T18:05:45.154+05:30 DEBUG 7187 --- [contenttree] [           main] org.hibernate.orm.results.graph.AST      : DomainResult Graph:
 \-EntityResultImpl [com.contenttree.solutionsets.SolutionSets]
 |  +-EntityFetchJoinedImpl [com.contenttree.solutionsets.SolutionSets.category]
 |  +-BasicFetch [com.contenttree.solutionsets.SolutionSets.description]
 |  +-BasicFetch [com.contenttree.solutionsets.SolutionSets.dt1]
 |  +-BasicFetch [com.contenttree.solutionsets.SolutionSets.filePath]
 |  +-BasicFetch [com.contenttree.solutionsets.SolutionSets.fileType]
 |  +-BasicFetch [com.contenttree.solutionsets.SolutionSets.imagePath]
 |  +-BasicFetch [com.contenttree.solutionsets.SolutionSets.name]
 |  +-BasicFetch [com.contenttree.solutionsets.SolutionSets.status]
 |  +-BasicFetch [com.contenttree.solutionsets.SolutionSets.title]
 |  \-EntityFetchJoinedImpl [com.contenttree.solutionsets.SolutionSets.uploadedBy]

2024-12-13T18:05:45.154+05:30 DEBUG 7187 --- [contenttree] [           main] org.hibernate.orm.sql.ast.tree           : SQL AST Tree:
    SelectStatement {
      FromClause {
        StandardTableGroup (ss1 : com.contenttree.solutionsets.SolutionSets) {
          primaryTableReference : solution_sets as ss1_0
          TableGroupJoins {
            left  join LazyTableGroup (c1 : com.contenttree.solutionsets.SolutionSets.category) {
              primaryTableReference : category as c1_0
            }
            left  join LazyTableGroup (ub1 : com.contenttree.solutionsets.SolutionSets.uploadedBy) {
              primaryTableReference : vendors as ub1_0
            }
          }
        }
      }
    }

2024-12-13T18:05:45.154+05:30 DEBUG 7187 --- [contenttree] [           main] o.h.p.entity.AbstractEntityPersister     : Static SQL for entity: com.contenttree.solutionsets.SolutionSets
2024-12-13T18:05:45.154+05:30 DEBUG 7187 --- [contenttree] [           main] o.h.p.entity.AbstractEntityPersister     :  Version select: select id from solution_sets where id=?
2024-12-13T18:05:45.154+05:30 DEBUG 7187 --- [contenttree] [           main] o.h.p.entity.AbstractEntityPersister     :  Insert (0): insert into solution_sets (category_id,description,dt1,file_path,file_type,image_path,name,status,title,vendor_id) values (?,?,?,?,?,?,?,?,?,?)
2024-12-13T18:05:45.154+05:30 DEBUG 7187 --- [contenttree] [           main] o.h.p.entity.AbstractEntityPersister     :  Update (0): update solution_sets set category_id=?,description=?,dt1=?,file_path=?,file_type=?,image_path=?,name=?,status=?,title=?,vendor_id=? where id=?
2024-12-13T18:05:45.154+05:30 DEBUG 7187 --- [contenttree] [           main] o.h.p.entity.AbstractEntityPersister     :  Delete (0): delete from solution_sets where id=?
2024-12-13T18:05:45.154+05:30 DEBUG 7187 --- [contenttree] [           main] org.hibernate.orm.sql.ast.create         : Created new SQL alias : c1_0
2024-12-13T18:05:45.154+05:30 DEBUG 7187 --- [contenttree] [           main] org.hibernate.orm.sql.ast.create         : Registration of TableGroup [StandardTableGroup(com.contenttree.CountryCode.Country)] with identifierForTableGroup [com.contenttree.CountryCode.Country] for NavigablePath [com.contenttree.CountryCode.Country] 
2024-12-13T18:05:45.154+05:30 DEBUG 7187 --- [contenttree] [           main] org.hibernate.orm.results.graph.AST      : DomainResult Graph:
 \-EntityResultImpl [com.contenttree.CountryCode.Country]
 |  +-BasicFetch [com.contenttree.CountryCode.Country.code]
 |  \-BasicFetch [com.contenttree.CountryCode.Country.name]

2024-12-13T18:05:45.154+05:30 DEBUG 7187 --- [contenttree] [           main] org.hibernate.orm.sql.ast.tree           : SQL AST Tree:
    SelectStatement {
      FromClause {
        StandardTableGroup (c1 : com.contenttree.CountryCode.Country) {
          primaryTableReference : country_code as c1_0
        }
      }
    }

2024-12-13T18:05:45.154+05:30 DEBUG 7187 --- [contenttree] [           main] o.h.p.entity.AbstractEntityPersister     : Static SQL for entity: com.contenttree.CountryCode.Country
2024-12-13T18:05:45.154+05:30 DEBUG 7187 --- [contenttree] [           main] o.h.p.entity.AbstractEntityPersister     :  Version select: select id from country_code where id=?
2024-12-13T18:05:45.154+05:30 DEBUG 7187 --- [contenttree] [           main] o.h.p.entity.AbstractEntityPersister     :  Insert (0): insert into country_code (country_code,country_name) values (?,?)
2024-12-13T18:05:45.154+05:30 DEBUG 7187 --- [contenttree] [           main] o.h.p.entity.AbstractEntityPersister     :  Update (0): update country_code set country_code=?,country_name=? where id=?
2024-12-13T18:05:45.154+05:30 DEBUG 7187 --- [contenttree] [           main] o.h.p.entity.AbstractEntityPersister     :  Delete (0): delete from country_code where id=?
2024-12-13T18:05:45.154+05:30 DEBUG 7187 --- [contenttree] [           main] org.hibernate.orm.sql.ast.create         : Created new SQL alias : e1_0
2024-12-13T18:05:45.154+05:30 DEBUG 7187 --- [contenttree] [           main] org.hibernate.orm.sql.ast.create         : Registration of TableGroup [StandardTableGroup(com.contenttree.CampaignManager.Event)] with identifierForTableGroup [com.contenttree.CampaignManager.Event] for NavigablePath [com.contenttree.CampaignManager.Event] 
2024-12-13T18:05:45.154+05:30 DEBUG 7187 --- [contenttree] [           main] org.hibernate.orm.sql.ast.create         : Registration of TableGroup [org.hibernate.sql.ast.tree.from.LazyTableGroup@19b33b0d] with identifierForTableGroup [com.contenttree.CampaignManager.Event.admin] for NavigablePath [com.contenttree.CampaignManager.Event.admin] 
2024-12-13T18:05:45.154+05:30 DEBUG 7187 --- [contenttree] [           main] org.hibernate.orm.sql.ast.create         : Created new SQL alias : a1_0
2024-12-13T18:05:45.154+05:30 DEBUG 7187 --- [contenttree] [           main] org.hibernate.orm.sql.ast.create         : Created new SQL alias : r1_0
2024-12-13T18:05:45.154+05:30 DEBUG 7187 --- [contenttree] [           main] org.hibernate.orm.sql.ast.create         : Registration of TableGroup [CollectionTableGroup(com.contenttree.CampaignManager.Event.admin.role)] with identifierForTableGroup [com.contenttree.CampaignManager.Event.admin.role] for NavigablePath [com.contenttree.CampaignManager.Event.admin.role] 
2024-12-13T18:05:45.154+05:30 DEBUG 7187 --- [contenttree] [           main] org.hibernate.orm.results                : Generating Fetch for collection-part : `com.contenttree.admin.Admin.role` -> `{element}`
2024-12-13T18:05:45.154+05:30 DEBUG 7187 --- [contenttree] [           main] org.hibernate.orm.results.graph.AST      : DomainResult Graph:
 \-EntityResultImpl [com.contenttree.CampaignManager.Event]
 |  +-EntityFetchJoinedImpl [com.contenttree.CampaignManager.Event.admin]
 |  +-BasicFetch [com.contenttree.CampaignManager.Event.dt1]
 |  +-BasicFetch [com.contenttree.CampaignManager.Event.eventAddress]
 |  +-BasicFetch [com.contenttree.CampaignManager.Event.eventLink]
 |  +-BasicFetch [com.contenttree.CampaignManager.Event.eventName]
 |  +-BasicFetch [com.contenttree.CampaignManager.Event.eventSpeakers]
 |  \-BasicFetch [com.contenttree.CampaignManager.Event.eventSubject]

2024-12-13T18:05:45.154+05:30 DEBUG 7187 --- [contenttree] [           main] org.hibernate.orm.sql.ast.tree           : SQL AST Tree:
    SelectStatement {
      FromClause {
        StandardTableGroup (e1 : com.contenttree.CampaignManager.Event) {
          primaryTableReference : event as e1_0
          TableGroupJoins {
            left  join LazyTableGroup (a1 : com.contenttree.CampaignManager.Event.admin) {
              primaryTableReference : admin as a1_0
              TableGroupJoins {
                left  join CollectionTableGroup (r1 : com.contenttree.CampaignManager.Event.admin.role) {
                  primaryTableReference : admin_roles as r1_0
                }
              }
            }
          }
        }
      }
    }

2024-12-13T18:05:45.155+05:30 DEBUG 7187 --- [contenttree] [           main] o.h.p.entity.AbstractEntityPersister     : Static SQL for entity: com.contenttree.CampaignManager.Event
2024-12-13T18:05:45.155+05:30 DEBUG 7187 --- [contenttree] [           main] o.h.p.entity.AbstractEntityPersister     :  Version select: select id from event where id=?
2024-12-13T18:05:45.155+05:30 DEBUG 7187 --- [contenttree] [           main] o.h.p.entity.AbstractEntityPersister     :  Insert (0): insert into event (admin_id,dt1,event_address,event_link,event_name,event_speakers,event_subject) values (?,?,?,?,?,?,?)
2024-12-13T18:05:45.155+05:30 DEBUG 7187 --- [contenttree] [           main] o.h.p.entity.AbstractEntityPersister     :  Update (0): update event set admin_id=?,dt1=?,event_address=?,event_link=?,event_name=?,event_speakers=?,event_subject=? where id=?
2024-12-13T18:05:45.155+05:30 DEBUG 7187 --- [contenttree] [           main] o.h.p.entity.AbstractEntityPersister     :  Delete (0): delete from event where id=?
2024-12-13T18:05:45.155+05:30 DEBUG 7187 --- [contenttree] [           main] org.hibernate.orm.sql.ast.create         : Created new SQL alias : v1_0
2024-12-13T18:05:45.155+05:30 DEBUG 7187 --- [contenttree] [           main] org.hibernate.orm.sql.ast.create         : Registration of TableGroup [StandardTableGroup(com.contenttree.vendor.Vendors)] with identifierForTableGroup [com.contenttree.vendor.Vendors] for NavigablePath [com.contenttree.vendor.Vendors] 
2024-12-13T18:05:45.155+05:30 DEBUG 7187 --- [contenttree] [           main] org.hibernate.orm.results.graph.AST      : DomainResult Graph:
 \-EntityResultImpl [com.contenttree.vendor.Vendors]
 |  +-BasicFetch [com.contenttree.vendor.Vendors.companyName]
 |  +-DelayedCollectionFetch [com.contenttree.vendor.Vendors.downloadLogs]
 |  +-BasicFetch [com.contenttree.vendor.Vendors.dt1]
 |  +-BasicFetch [com.contenttree.vendor.Vendors.email]
 |  +-BasicFetch [com.contenttree.vendor.Vendors.location]
 |  +-BasicFetch [com.contenttree.vendor.Vendors.name]
 |  +-BasicFetch [com.contenttree.vendor.Vendors.password]
 |  +-BasicFetch [com.contenttree.vendor.Vendors.phone]
 |  +-DelayedCollectionFetch [com.contenttree.vendor.Vendors.solutionSets]
 |  \-BasicFetch [com.contenttree.vendor.Vendors.status]

2024-12-13T18:05:45.155+05:30 DEBUG 7187 --- [contenttree] [           main] org.hibernate.orm.sql.ast.tree           : SQL AST Tree:
    SelectStatement {
      FromClause {
        StandardTableGroup (v1 : com.contenttree.vendor.Vendors) {
          primaryTableReference : vendors as v1_0
        }
      }
    }

2024-12-13T18:05:45.155+05:30 DEBUG 7187 --- [contenttree] [           main] o.h.p.entity.AbstractEntityPersister     : Static SQL for entity: com.contenttree.vendor.Vendors
2024-12-13T18:05:45.155+05:30 DEBUG 7187 --- [contenttree] [           main] o.h.p.entity.AbstractEntityPersister     :  Version select: select id from vendors where id=?
2024-12-13T18:05:45.155+05:30 DEBUG 7187 --- [contenttree] [           main] o.h.p.entity.AbstractEntityPersister     :  Insert (0): insert into vendors (company_name,dt1,email,location,name,password,phone,status) values (?,?,?,?,?,?,?,?)
2024-12-13T18:05:45.155+05:30 DEBUG 7187 --- [contenttree] [           main] o.h.p.entity.AbstractEntityPersister     :  Update (0): update vendors set company_name=?,dt1=?,email=?,location=?,name=?,password=?,phone=?,status=? where id=?
2024-12-13T18:05:45.155+05:30 DEBUG 7187 --- [contenttree] [           main] o.h.p.entity.AbstractEntityPersister     :  Delete (0): delete from vendors where id=?
2024-12-13T18:05:45.155+05:30 DEBUG 7187 --- [contenttree] [           main] org.hibernate.orm.sql.ast.create         : Created new SQL alias : nl1_0
2024-12-13T18:05:45.155+05:30 DEBUG 7187 --- [contenttree] [           main] org.hibernate.orm.sql.ast.create         : Registration of TableGroup [StandardTableGroup(com.contenttree.NewsLetter.NewsLetter)] with identifierForTableGroup [com.contenttree.NewsLetter.NewsLetter] for NavigablePath [com.contenttree.NewsLetter.NewsLetter] 
2024-12-13T18:05:45.155+05:30 DEBUG 7187 --- [contenttree] [           main] org.hibernate.orm.sql.ast.create         : Registration of TableGroup [org.hibernate.sql.ast.tree.from.LazyTableGroup@d827673] with identifierForTableGroup [com.contenttree.NewsLetter.NewsLetter.admin] for NavigablePath [com.contenttree.NewsLetter.NewsLetter.admin] 
2024-12-13T18:05:45.155+05:30 DEBUG 7187 --- [contenttree] [           main] org.hibernate.orm.sql.ast.create         : Created new SQL alias : a1_0
2024-12-13T18:05:45.155+05:30 DEBUG 7187 --- [contenttree] [           main] org.hibernate.orm.sql.ast.create         : Created new SQL alias : r1_0
2024-12-13T18:05:45.155+05:30 DEBUG 7187 --- [contenttree] [           main] org.hibernate.orm.sql.ast.create         : Registration of TableGroup [CollectionTableGroup(com.contenttree.NewsLetter.NewsLetter.admin.role)] with identifierForTableGroup [com.contenttree.NewsLetter.NewsLetter.admin.role] for NavigablePath [com.contenttree.NewsLetter.NewsLetter.admin.role] 
2024-12-13T18:05:45.155+05:30 DEBUG 7187 --- [contenttree] [           main] org.hibernate.orm.results                : Generating Fetch for collection-part : `com.contenttree.admin.Admin.role` -> `{element}`
2024-12-13T18:05:45.155+05:30 DEBUG 7187 --- [contenttree] [           main] org.hibernate.orm.sql.ast.create         : Registration of TableGroup [org.hibernate.sql.ast.tree.from.LazyTableGroup@d695f9d] with identifierForTableGroup [com.contenttree.NewsLetter.NewsLetter.user] for NavigablePath [com.contenttree.NewsLetter.NewsLetter.user] 
2024-12-13T18:05:45.155+05:30 DEBUG 7187 --- [contenttree] [           main] org.hibernate.orm.sql.ast.create         : Created new SQL alias : u1_0
2024-12-13T18:05:45.156+05:30 DEBUG 7187 --- [contenttree] [           main] org.hibernate.orm.results.graph.AST      : DomainResult Graph:
 \-EntityResultImpl [com.contenttree.NewsLetter.NewsLetter]
 |  +-EntityFetchJoinedImpl [com.contenttree.NewsLetter.NewsLetter.admin]
 |  +-BasicFetch [com.contenttree.NewsLetter.NewsLetter.content]
 |  +-BasicFetch [com.contenttree.NewsLetter.NewsLetter.dt1]
 |  +-BasicFetch [com.contenttree.NewsLetter.NewsLetter.filePath]
 |  +-BasicFetch [com.contenttree.NewsLetter.NewsLetter.title]
 |  \-EntityFetchJoinedImpl [com.contenttree.NewsLetter.NewsLetter.user]

2024-12-13T18:05:45.156+05:30 DEBUG 7187 --- [contenttree] [           main] org.hibernate.orm.sql.ast.tree           : SQL AST Tree:
    SelectStatement {
      FromClause {
        StandardTableGroup (nl1 : com.contenttree.NewsLetter.NewsLetter) {
          primaryTableReference : news_letter as nl1_0
          TableGroupJoins {
            left  join LazyTableGroup (a1 : com.contenttree.NewsLetter.NewsLetter.admin) {
              primaryTableReference : admin as a1_0
              TableGroupJoins {
                left  join CollectionTableGroup (r1 : com.contenttree.NewsLetter.NewsLetter.admin.role) {
                  primaryTableReference : admin_roles as r1_0
                }
              }
            }
            left  join LazyTableGroup (u1 : com.contenttree.NewsLetter.NewsLetter.user) {
              primaryTableReference : user as u1_0
            }
          }
        }
      }
    }

2024-12-13T18:05:45.156+05:30 DEBUG 7187 --- [contenttree] [           main] o.h.p.entity.AbstractEntityPersister     : Static SQL for entity: com.contenttree.NewsLetter.NewsLetter
2024-12-13T18:05:45.156+05:30 DEBUG 7187 --- [contenttree] [           main] o.h.p.entity.AbstractEntityPersister     :  Version select: select id from news_letter where id=?
2024-12-13T18:05:45.156+05:30 DEBUG 7187 --- [contenttree] [           main] o.h.p.entity.AbstractEntityPersister     :  Insert (0): insert into news_letter (admin_id,content,dt1,file_path,title,user_id) values (?,?,?,?,?,?)
2024-12-13T18:05:45.156+05:30 DEBUG 7187 --- [contenttree] [           main] o.h.p.entity.AbstractEntityPersister     :  Update (0): update news_letter set admin_id=?,content=?,dt1=?,file_path=?,title=?,user_id=? where id=?
2024-12-13T18:05:45.156+05:30 DEBUG 7187 --- [contenttree] [           main] o.h.p.entity.AbstractEntityPersister     :  Delete (0): delete from news_letter where id=?
2024-12-13T18:05:45.156+05:30 DEBUG 7187 --- [contenttree] [           main] org.hibernate.orm.sql.ast.create         : Created new SQL alias : be1_0
2024-12-13T18:05:45.156+05:30 DEBUG 7187 --- [contenttree] [           main] org.hibernate.orm.sql.ast.create         : Registration of TableGroup [StandardTableGroup(com.contenttree.banner.BannerEntity)] with identifierForTableGroup [com.contenttree.banner.BannerEntity] for NavigablePath [com.contenttree.banner.BannerEntity] 
2024-12-13T18:05:45.156+05:30 DEBUG 7187 --- [contenttree] [           main] org.hibernate.orm.results.graph.AST      : DomainResult Graph:
 \-EntityResultImpl [com.contenttree.banner.BannerEntity]
 |  +-BasicFetch [com.contenttree.banner.BannerEntity.bannerType]
 |  +-BasicFetch [com.contenttree.banner.BannerEntity.dt1]
 |  +-BasicFetch [com.contenttree.banner.BannerEntity.filePath]
 |  \-BasicFetch [com.contenttree.banner.BannerEntity.name]

2024-12-13T18:05:45.156+05:30 DEBUG 7187 --- [contenttree] [           main] org.hibernate.orm.sql.ast.tree           : SQL AST Tree:
    SelectStatement {
      FromClause {
        StandardTableGroup (be1 : com.contenttree.banner.BannerEntity) {
          primaryTableReference : banner_entity as be1_0
        }
      }
    }

2024-12-13T18:05:45.156+05:30 DEBUG 7187 --- [contenttree] [           main] o.h.p.entity.AbstractEntityPersister     : Static SQL for entity: com.contenttree.banner.BannerEntity
2024-12-13T18:05:45.156+05:30 DEBUG 7187 --- [contenttree] [           main] o.h.p.entity.AbstractEntityPersister     :  Version select: select id from banner_entity where id=?
2024-12-13T18:05:45.156+05:30 DEBUG 7187 --- [contenttree] [           main] o.h.p.entity.AbstractEntityPersister     :  Insert (0): insert into banner_entity (banner_type,dt1,file_path,name) values (?,?,?,?)
2024-12-13T18:05:45.156+05:30 DEBUG 7187 --- [contenttree] [           main] o.h.p.entity.AbstractEntityPersister     :  Update (0): update banner_entity set banner_type=?,dt1=?,file_path=?,name=? where id=?
2024-12-13T18:05:45.156+05:30 DEBUG 7187 --- [contenttree] [           main] o.h.p.entity.AbstractEntityPersister     :  Delete (0): delete from banner_entity where id=?
2024-12-13T18:05:45.156+05:30 DEBUG 7187 --- [contenttree] [           main] org.hibernate.orm.sql.ast.create         : Created new SQL alias : u1_0
2024-12-13T18:05:45.156+05:30 DEBUG 7187 --- [contenttree] [           main] org.hibernate.orm.sql.ast.create         : Registration of TableGroup [StandardTableGroup(com.contenttree.user.User)] with identifierForTableGroup [com.contenttree.user.User] for NavigablePath [com.contenttree.user.User] 
2024-12-13T18:05:45.157+05:30 DEBUG 7187 --- [contenttree] [           main] org.hibernate.orm.sql.ast.create         : Created new SQL alias : ct1_0
2024-12-13T18:05:45.157+05:30 DEBUG 7187 --- [contenttree] [           main] org.hibernate.orm.sql.ast.create         : Registration of TableGroup [org.hibernate.sql.ast.tree.from.OneToManyTableGroup@6a9d572] with identifierForTableGroup [com.contenttree.user.User.confirmationTokens] for NavigablePath [com.contenttree.user.User.confirmationTokens] 
2024-12-13T18:05:45.158+05:30 DEBUG 7187 --- [contenttree] [           main] org.hibernate.orm.sql.ast.create         : Registration of TableGroup [StandardTableGroup(com.contenttree.user.User.confirmationTokens.{element})] with identifierForTableGroup [com.contenttree.user.User.confirmationTokens.{element}] for NavigablePath [com.contenttree.user.User.confirmationTokens.{element}] 
2024-12-13T18:05:45.160+05:30 DEBUG 7187 --- [contenttree] [           main] org.hibernate.orm.sql.ast.create         : Registration of TableGroup [org.hibernate.sql.ast.tree.from.LazyTableGroup@51eeae0a] with identifierForTableGroup [com.contenttree.user.User.confirmationTokens.{element}.user] for NavigablePath [com.contenttree.user.User.confirmationTokens.{element}.user] 
2024-12-13T18:05:45.160+05:30 DEBUG 7187 --- [contenttree] [           main] org.hibernate.orm.results.graph.AST      : DomainResult Graph:
 \-EntityResultImpl [com.contenttree.user.User]
 |  +-BasicFetch [com.contenttree.user.User.company]
 |  +-EagerCollectionFetch [com.contenttree.user.User.confirmationTokens]
 |  |  \-EntityFetchJoinedImpl [com.contenttree.user.User.confirmationTokens.{element}]
 |  +-BasicFetch [com.contenttree.user.User.country]
 |  +-DelayedCollectionFetch [com.contenttree.user.User.downloadLogs]
 |  +-BasicFetch [com.contenttree.user.User.dt1]
 |  +-BasicFetch [com.contenttree.user.User.email]
 |  +-BasicFetch [com.contenttree.user.User.favorites]
 |  +-BasicFetch [com.contenttree.user.User.ipAddress]
 |  +-BasicFetch [com.contenttree.user.User.isEnabled]
 |  +-BasicFetch [com.contenttree.user.User.isSubscriber]
 |  +-BasicFetch [com.contenttree.user.User.jobTitle]
 |  +-BasicFetch [com.contenttree.user.User.lastName]
 |  +-BasicFetch [com.contenttree.user.User.name]
 |  +-DelayedCollectionFetch [com.contenttree.user.User.newsLetterList]
 |  +-BasicFetch [com.contenttree.user.User.password]
 |  +-BasicFetch [com.contenttree.user.User.phone]
 |  +-BasicFetch [com.contenttree.user.User.savedPdf]
 |  \-BasicFetch [com.contenttree.user.User.viewdPdf]

2024-12-13T18:05:45.160+05:30 DEBUG 7187 --- [contenttree] [           main] org.hibernate.orm.sql.ast.tree           : SQL AST Tree:
    SelectStatement {
      FromClause {
        StandardTableGroup (u1 : com.contenttree.user.User) {
          primaryTableReference : user as u1_0
          TableGroupJoins {
            left  join OneToManyTableGroup (ct1 : com.contenttree.user.User.confirmationTokens) {
              primaryTableReference : confirmation_token as ct1_0
              TableGroupJoins {
                left  join LazyTableGroup (u2 : com.contenttree.user.User.confirmationTokens.{element}.user) {
                }
              }
            }
          }
        }
      }
    }

2024-12-13T18:05:45.160+05:30 DEBUG 7187 --- [contenttree] [           main] o.h.p.entity.AbstractEntityPersister     : Static SQL for entity: com.contenttree.user.User
2024-12-13T18:05:45.160+05:30 DEBUG 7187 --- [contenttree] [           main] o.h.p.entity.AbstractEntityPersister     :  Version select: select id from user where id=?
2024-12-13T18:05:45.160+05:30 DEBUG 7187 --- [contenttree] [           main] o.h.p.entity.AbstractEntityPersister     :  Insert (0): insert into user (company,country,dt1,email,favorites,ip_address,is_enabled,is_subscriber,job_title,last_name,name,password,phone,saved_pdf,viewd_pdf) values (?,?,?,?,?,?,?,?,?,?,?,?,?,?,?)
2024-12-13T18:05:45.160+05:30 DEBUG 7187 --- [contenttree] [           main] o.h.p.entity.AbstractEntityPersister     :  Update (0): update user set company=?,country=?,dt1=?,email=?,favorites=?,ip_address=?,is_enabled=?,is_subscriber=?,job_title=?,last_name=?,name=?,password=?,phone=?,saved_pdf=?,viewd_pdf=? where id=?
2024-12-13T18:05:45.160+05:30 DEBUG 7187 --- [contenttree] [           main] o.h.p.entity.AbstractEntityPersister     :  Delete (0): delete from user where id=?
2024-12-13T18:05:45.161+05:30 DEBUG 7187 --- [contenttree] [           main] org.hibernate.orm.sql.ast.create         : Created new SQL alias : c1_0
2024-12-13T18:05:45.161+05:30 DEBUG 7187 --- [contenttree] [           main] org.hibernate.orm.sql.ast.create         : Registration of TableGroup [StandardTableGroup(com.contenttree.category.Category)] with identifierForTableGroup [com.contenttree.category.Category] for NavigablePath [com.contenttree.category.Category] 
2024-12-13T18:05:45.161+05:30 DEBUG 7187 --- [contenttree] [           main] org.hibernate.orm.results.graph.AST      : DomainResult Graph:
 \-EntityResultImpl [com.contenttree.category.Category]
 |  +-BasicFetch [com.contenttree.category.Category.bannerPath]
 |  +-BasicFetch [com.contenttree.category.Category.descp]
 |  +-BasicFetch [com.contenttree.category.Category.dt1]
 |  +-BasicFetch [com.contenttree.category.Category.iconPath]
 |  +-BasicFetch [com.contenttree.category.Category.name]
 |  \-DelayedCollectionFetch [com.contenttree.category.Category.solutionSets]

2024-12-13T18:05:45.161+05:30 DEBUG 7187 --- [contenttree] [           main] org.hibernate.orm.sql.ast.tree           : SQL AST Tree:
    SelectStatement {
      FromClause {
        StandardTableGroup (c1 : com.contenttree.category.Category) {
          primaryTableReference : category as c1_0
        }
      }
    }

2024-12-13T18:05:45.161+05:30 DEBUG 7187 --- [contenttree] [           main] o.h.p.entity.AbstractEntityPersister     : Static SQL for entity: com.contenttree.category.Category
2024-12-13T18:05:45.161+05:30 DEBUG 7187 --- [contenttree] [           main] o.h.p.entity.AbstractEntityPersister     :  Version select: select id from category where id=?
2024-12-13T18:05:45.161+05:30 DEBUG 7187 --- [contenttree] [           main] o.h.p.entity.AbstractEntityPersister     :  Insert (0): insert into category (banner_path,descp,dt1,icon_path,name) values (?,?,?,?,?)
2024-12-13T18:05:45.161+05:30 DEBUG 7187 --- [contenttree] [           main] o.h.p.entity.AbstractEntityPersister     :  Update (0): update category set banner_path=?,descp=?,dt1=?,icon_path=?,name=? where id=?
2024-12-13T18:05:45.161+05:30 DEBUG 7187 --- [contenttree] [           main] o.h.p.entity.AbstractEntityPersister     :  Delete (0): delete from category where id=?
2024-12-13T18:05:45.161+05:30 DEBUG 7187 --- [contenttree] [           main] org.hibernate.orm.sql.ast.create         : Created new SQL alias : sc1_0
2024-12-13T18:05:45.161+05:30 DEBUG 7187 --- [contenttree] [           main] org.hibernate.orm.sql.ast.create         : Registration of TableGroup [StandardTableGroup(com.contenttree.StaticCount.StaticCount)] with identifierForTableGroup [com.contenttree.StaticCount.StaticCount] for NavigablePath [com.contenttree.StaticCount.StaticCount] 
2024-12-13T18:05:45.161+05:30 DEBUG 7187 --- [contenttree] [           main] org.hibernate.orm.results.graph.AST      : DomainResult Graph:
 \-EntityResultImpl [com.contenttree.StaticCount.StaticCount]
 |  +-BasicFetch [com.contenttree.StaticCount.StaticCount.categoryCount]
 |  +-BasicFetch [com.contenttree.StaticCount.StaticCount.dt1]
 |  +-BasicFetch [com.contenttree.StaticCount.StaticCount.usersCount]
 |  +-BasicFetch [com.contenttree.StaticCount.StaticCount.vendorsCount]
 |  \-BasicFetch [com.contenttree.StaticCount.StaticCount.whitePaperCount]

2024-12-13T18:05:45.161+05:30 DEBUG 7187 --- [contenttree] [           main] org.hibernate.orm.sql.ast.tree           : SQL AST Tree:
    SelectStatement {
      FromClause {
        StandardTableGroup (sc1 : com.contenttree.StaticCount.StaticCount) {
          primaryTableReference : static_count as sc1_0
        }
      }
    }

2024-12-13T18:05:45.161+05:30 DEBUG 7187 --- [contenttree] [           main] o.h.p.entity.AbstractEntityPersister     : Static SQL for entity: com.contenttree.StaticCount.StaticCount
2024-12-13T18:05:45.161+05:30 DEBUG 7187 --- [contenttree] [           main] o.h.p.entity.AbstractEntityPersister     :  Version select: select id from static_count where id=?
2024-12-13T18:05:45.161+05:30 DEBUG 7187 --- [contenttree] [           main] o.h.p.entity.AbstractEntityPersister     :  Insert (0): insert into static_count (category_count,dt1,users_count,vendors_count,white_paper_count) values (?,?,?,?,?)
2024-12-13T18:05:45.161+05:30 DEBUG 7187 --- [contenttree] [           main] o.h.p.entity.AbstractEntityPersister     :  Update (0): update static_count set category_count=?,dt1=?,users_count=?,vendors_count=?,white_paper_count=? where id=?
2024-12-13T18:05:45.161+05:30 DEBUG 7187 --- [contenttree] [           main] o.h.p.entity.AbstractEntityPersister     :  Delete (0): delete from static_count where id=?
2024-12-13T18:05:45.161+05:30 DEBUG 7187 --- [contenttree] [           main] org.hibernate.orm.sql.ast.create         : Created new SQL alias : ct1_0
2024-12-13T18:05:45.161+05:30 DEBUG 7187 --- [contenttree] [           main] org.hibernate.orm.sql.ast.create         : Registration of TableGroup [StandardTableGroup(com.contenttree.confirmationtoken.ConfirmationToken)] with identifierForTableGroup [com.contenttree.confirmationtoken.ConfirmationToken] for NavigablePath [com.contenttree.confirmationtoken.ConfirmationToken] 
2024-12-13T18:05:45.161+05:30 DEBUG 7187 --- [contenttree] [           main] org.hibernate.orm.sql.ast.create         : Registration of TableGroup [org.hibernate.sql.ast.tree.from.LazyTableGroup@6414eb98] with identifierForTableGroup [com.contenttree.confirmationtoken.ConfirmationToken.user] for NavigablePath [com.contenttree.confirmationtoken.ConfirmationToken.user] 
2024-12-13T18:05:45.161+05:30 DEBUG 7187 --- [contenttree] [           main] org.hibernate.orm.sql.ast.create         : Created new SQL alias : u1_0
2024-12-13T18:05:45.161+05:30 DEBUG 7187 --- [contenttree] [           main] org.hibernate.orm.results.graph.AST      : DomainResult Graph:
 \-EntityResultImpl [com.contenttree.confirmationtoken.ConfirmationToken]
 |  +-BasicFetch [com.contenttree.confirmationtoken.ConfirmationToken.confirmationToken]
 |  +-BasicFetch [com.contenttree.confirmationtoken.ConfirmationToken.createdDate]
 |  \-EntityFetchJoinedImpl [com.contenttree.confirmationtoken.ConfirmationToken.user]

2024-12-13T18:05:45.161+05:30 DEBUG 7187 --- [contenttree] [           main] org.hibernate.orm.sql.ast.tree           : SQL AST Tree:
    SelectStatement {
      FromClause {
        StandardTableGroup (ct1 : com.contenttree.confirmationtoken.ConfirmationToken) {
          primaryTableReference : confirmation_token as ct1_0
          TableGroupJoins {
             join LazyTableGroup (u1 : com.contenttree.confirmationtoken.ConfirmationToken.user) {
              primaryTableReference : user as u1_0
            }
          }
        }
      }
    }

2024-12-13T18:05:45.161+05:30 DEBUG 7187 --- [contenttree] [           main] o.h.p.entity.AbstractEntityPersister     : Static SQL for entity: com.contenttree.confirmationtoken.ConfirmationToken
2024-12-13T18:05:45.161+05:30 DEBUG 7187 --- [contenttree] [           main] o.h.p.entity.AbstractEntityPersister     :  Version select: select token_id from confirmation_token where token_id=?
2024-12-13T18:05:45.161+05:30 DEBUG 7187 --- [contenttree] [           main] o.h.p.entity.AbstractEntityPersister     :  Insert (0): insert into confirmation_token (confirmation_token,created_date,user_id) values (?,?,?)
2024-12-13T18:05:45.161+05:30 DEBUG 7187 --- [contenttree] [           main] o.h.p.entity.AbstractEntityPersister     :  Update (0): update confirmation_token set confirmation_token=?,created_date=?,user_id=? where token_id=?
2024-12-13T18:05:45.161+05:30 DEBUG 7187 --- [contenttree] [           main] o.h.p.entity.AbstractEntityPersister     :  Delete (0): delete from confirmation_token where token_id=?
2024-12-13T18:05:45.161+05:30 DEBUG 7187 --- [contenttree] [           main] org.hibernate.orm.sql.ast.create         : Created new SQL alias : uds1_0
2024-12-13T18:05:45.162+05:30 DEBUG 7187 --- [contenttree] [           main] org.hibernate.orm.sql.ast.create         : Registration of TableGroup [StandardTableGroup(com.contenttree.userdatastorage.UserDataStorage)] with identifierForTableGroup [com.contenttree.userdatastorage.UserDataStorage] for NavigablePath [com.contenttree.userdatastorage.UserDataStorage] 
2024-12-13T18:05:45.162+05:30 DEBUG 7187 --- [contenttree] [           main] org.hibernate.orm.results.graph.AST      : DomainResult Graph:
 \-EntityResultImpl [com.contenttree.userdatastorage.UserDataStorage]
 |  +-BasicFetch [com.contenttree.userdatastorage.UserDataStorage.city]
 |  +-BasicFetch [com.contenttree.userdatastorage.UserDataStorage.country]
 |  +-BasicFetch [com.contenttree.userdatastorage.UserDataStorage.download]
 |  +-BasicFetch [com.contenttree.userdatastorage.UserDataStorage.dt1]
 |  +-BasicFetch [com.contenttree.userdatastorage.UserDataStorage.ip]
 |  +-BasicFetch [com.contenttree.userdatastorage.UserDataStorage.location]
 |  +-BasicFetch [com.contenttree.userdatastorage.UserDataStorage.org]
 |  +-BasicFetch [com.contenttree.userdatastorage.UserDataStorage.postal]
 |  +-BasicFetch [com.contenttree.userdatastorage.UserDataStorage.region]
 |  +-BasicFetch [com.contenttree.userdatastorage.UserDataStorage.save]
 |  +-BasicFetch [com.contenttree.userdatastorage.UserDataStorage.solutionSetId]
 |  +-BasicFetch [com.contenttree.userdatastorage.UserDataStorage.timezone]
 |  +-BasicFetch [com.contenttree.userdatastorage.UserDataStorage.user_id]
 |  \-BasicFetch [com.contenttree.userdatastorage.UserDataStorage.view]

2024-12-13T18:05:45.162+05:30 DEBUG 7187 --- [contenttree] [           main] org.hibernate.orm.sql.ast.tree           : SQL AST Tree:
    SelectStatement {
      FromClause {
        StandardTableGroup (uds1 : com.contenttree.userdatastorage.UserDataStorage) {
          primaryTableReference : user_data_storage as uds1_0
        }
      }
    }

2024-12-13T18:05:45.162+05:30 DEBUG 7187 --- [contenttree] [           main] o.h.p.entity.AbstractEntityPersister     : Static SQL for entity: com.contenttree.userdatastorage.UserDataStorage
2024-12-13T18:05:45.162+05:30 DEBUG 7187 --- [contenttree] [           main] o.h.p.entity.AbstractEntityPersister     :  Version select: select id from user_data_storage where id=?
2024-12-13T18:05:45.162+05:30 DEBUG 7187 --- [contenttree] [           main] o.h.p.entity.AbstractEntityPersister     :  Insert (0): insert into user_data_storage (city,country,download,dt1,ip,location,org,postal,region,save,solution_set_id,timezone,user_id,view) values (?,?,?,?,?,?,?,?,?,?,?,?,?,?)
2024-12-13T18:05:45.162+05:30 DEBUG 7187 --- [contenttree] [           main] o.h.p.entity.AbstractEntityPersister     :  Update (0): update user_data_storage set city=?,country=?,download=?,dt1=?,ip=?,location=?,org=?,postal=?,region=?,save=?,solution_set_id=?,timezone=?,user_id=?,view=? where id=?
2024-12-13T18:05:45.162+05:30 DEBUG 7187 --- [contenttree] [           main] o.h.p.entity.AbstractEntityPersister     :  Delete (0): delete from user_data_storage where id=?
2024-12-13T18:05:45.162+05:30 DEBUG 7187 --- [contenttree] [           main] org.hibernate.orm.sql.ast.create         : Created new SQL alias : b1_0
2024-12-13T18:05:45.162+05:30 DEBUG 7187 --- [contenttree] [           main] org.hibernate.orm.sql.ast.create         : Registration of TableGroup [StandardTableGroup(com.contenttree.Blogs.Blogs)] with identifierForTableGroup [com.contenttree.Blogs.Blogs] for NavigablePath [com.contenttree.Blogs.Blogs] 
2024-12-13T18:05:45.162+05:30 DEBUG 7187 --- [contenttree] [           main] org.hibernate.orm.sql.ast.create         : Registration of TableGroup [org.hibernate.sql.ast.tree.from.LazyTableGroup@1a3e8b68] with identifierForTableGroup [com.contenttree.Blogs.Blogs.admin] for NavigablePath [com.contenttree.Blogs.Blogs.admin] 
2024-12-13T18:05:45.162+05:30 DEBUG 7187 --- [contenttree] [           main] org.hibernate.orm.sql.ast.create         : Created new SQL alias : a1_0
2024-12-13T18:05:45.162+05:30 DEBUG 7187 --- [contenttree] [           main] org.hibernate.orm.sql.ast.create         : Created new SQL alias : r1_0
2024-12-13T18:05:45.162+05:30 DEBUG 7187 --- [contenttree] [           main] org.hibernate.orm.sql.ast.create         : Registration of TableGroup [CollectionTableGroup(com.contenttree.Blogs.Blogs.admin.role)] with identifierForTableGroup [com.contenttree.Blogs.Blogs.admin.role] for NavigablePath [com.contenttree.Blogs.Blogs.admin.role] 
2024-12-13T18:05:45.162+05:30 DEBUG 7187 --- [contenttree] [           main] org.hibernate.orm.results                : Generating Fetch for collection-part : `com.contenttree.admin.Admin.role` -> `{element}`
2024-12-13T18:05:45.162+05:30 DEBUG 7187 --- [contenttree] [           main] org.hibernate.orm.sql.ast.create         : Registration of TableGroup [org.hibernate.sql.ast.tree.from.LazyTableGroup@5935eb9c] with identifierForTableGroup [com.contenttree.Blogs.Blogs.blogsCategory] for NavigablePath [com.contenttree.Blogs.Blogs.blogsCategory] 
2024-12-13T18:05:45.162+05:30 DEBUG 7187 --- [contenttree] [           main] org.hibernate.orm.sql.ast.create         : Created new SQL alias : bc1_0
2024-12-13T18:05:45.162+05:30 DEBUG 7187 --- [contenttree] [           main] org.hibernate.orm.results.graph.AST      : DomainResult Graph:
 \-EntityResultImpl [com.contenttree.Blogs.Blogs]
 |  +-EntityFetchJoinedImpl [com.contenttree.Blogs.Blogs.admin]
 |  +-BasicFetch [com.contenttree.Blogs.Blogs.blogName]
 |  +-BasicFetch [com.contenttree.Blogs.Blogs.blogPath]
 |  +-EntityFetchJoinedImpl [com.contenttree.Blogs.Blogs.blogsCategory]
 |  \-BasicFetch [com.contenttree.Blogs.Blogs.dt1]

2024-12-13T18:05:45.162+05:30 DEBUG 7187 --- [contenttree] [           main] org.hibernate.orm.sql.ast.tree           : SQL AST Tree:
    SelectStatement {
      FromClause {
        StandardTableGroup (b1 : com.contenttree.Blogs.Blogs) {
          primaryTableReference : blogs as b1_0
          TableGroupJoins {
            left  join LazyTableGroup (a1 : com.contenttree.Blogs.Blogs.admin) {
              primaryTableReference : admin as a1_0
              TableGroupJoins {
                left  join CollectionTableGroup (r1 : com.contenttree.Blogs.Blogs.admin.role) {
                  primaryTableReference : admin_roles as r1_0
                }
              }
            }
            left  join LazyTableGroup (bc1 : com.contenttree.Blogs.Blogs.blogsCategory) {
              primaryTableReference : blogs_category as bc1_0
            }
          }
        }
      }
    }

2024-12-13T18:05:45.162+05:30 DEBUG 7187 --- [contenttree] [           main] o.h.p.entity.AbstractEntityPersister     : Static SQL for entity: com.contenttree.Blogs.Blogs
2024-12-13T18:05:45.162+05:30 DEBUG 7187 --- [contenttree] [           main] o.h.p.entity.AbstractEntityPersister     :  Version select: select id from blogs where id=?
2024-12-13T18:05:45.162+05:30 DEBUG 7187 --- [contenttree] [           main] o.h.p.entity.AbstractEntityPersister     :  Insert (0): insert into blogs (admin_id,blog_name,blog_path,blogs_category_id,dt1) values (?,?,?,?,?)
2024-12-13T18:05:45.162+05:30 DEBUG 7187 --- [contenttree] [           main] o.h.p.entity.AbstractEntityPersister     :  Update (0): update blogs set admin_id=?,blog_name=?,blog_path=?,blogs_category_id=?,dt1=? where id=?
2024-12-13T18:05:45.162+05:30 DEBUG 7187 --- [contenttree] [           main] o.h.p.entity.AbstractEntityPersister     :  Delete (0): delete from blogs where id=?
2024-12-13T18:05:45.162+05:30 DEBUG 7187 --- [contenttree] [           main] org.hibernate.orm.sql.ast.create         : Created new SQL alias : a1_0
2024-12-13T18:05:45.162+05:30 DEBUG 7187 --- [contenttree] [           main] org.hibernate.orm.sql.ast.create         : Registration of TableGroup [StandardTableGroup(com.contenttree.admin.Admin)] with identifierForTableGroup [com.contenttree.admin.Admin] for NavigablePath [com.contenttree.admin.Admin] 
2024-12-13T18:05:45.162+05:30 DEBUG 7187 --- [contenttree] [           main] org.hibernate.orm.sql.ast.create         : Created new SQL alias : r1_0
2024-12-13T18:05:45.163+05:30 DEBUG 7187 --- [contenttree] [           main] org.hibernate.orm.sql.ast.create         : Registration of TableGroup [CollectionTableGroup(com.contenttree.admin.Admin.role)] with identifierForTableGroup [com.contenttree.admin.Admin.role] for NavigablePath [com.contenttree.admin.Admin.role] 
2024-12-13T18:05:45.163+05:30 DEBUG 7187 --- [contenttree] [           main] org.hibernate.orm.results                : Generating Fetch for collection-part : `com.contenttree.admin.Admin.role` -> `{element}`
2024-12-13T18:05:45.163+05:30 DEBUG 7187 --- [contenttree] [           main] org.hibernate.orm.results.graph.AST      : DomainResult Graph:
 \-EntityResultImpl [com.contenttree.admin.Admin]
 |  +-DelayedCollectionFetch [com.contenttree.admin.Admin.blogs]
 |  +-DelayedCollectionFetch [com.contenttree.admin.Admin.campaignList]
 |  +-BasicFetch [com.contenttree.admin.Admin.dt1]
 |  +-BasicFetch [com.contenttree.admin.Admin.email]
 |  +-DelayedCollectionFetch [com.contenttree.admin.Admin.events]
 |  +-BasicFetch [com.contenttree.admin.Admin.location]
 |  +-BasicFetch [com.contenttree.admin.Admin.name]
 |  +-DelayedCollectionFetch [com.contenttree.admin.Admin.newsLetters]
 |  +-BasicFetch [com.contenttree.admin.Admin.password]
 |  +-BasicFetch [com.contenttree.admin.Admin.phone]
 |  +-EagerCollectionFetch [com.contenttree.admin.Admin.role]
 |  |  \-BasicFetch [com.contenttree.admin.Admin.role.{element}]
 |  \-DelayedCollectionFetch [com.contenttree.admin.Admin.webinars]

2024-12-13T18:05:45.163+05:30 DEBUG 7187 --- [contenttree] [           main] org.hibernate.orm.sql.ast.tree           : SQL AST Tree:
    SelectStatement {
      FromClause {
        StandardTableGroup (a1 : com.contenttree.admin.Admin) {
          primaryTableReference : admin as a1_0
          TableGroupJoins {
            left  join CollectionTableGroup (r1 : com.contenttree.admin.Admin.role) {
              primaryTableReference : admin_roles as r1_0
            }
          }
        }
      }
    }

2024-12-13T18:05:45.163+05:30 DEBUG 7187 --- [contenttree] [           main] o.h.p.entity.AbstractEntityPersister     : Static SQL for entity: com.contenttree.admin.Admin
2024-12-13T18:05:45.163+05:30 DEBUG 7187 --- [contenttree] [           main] o.h.p.entity.AbstractEntityPersister     :  Version select: select id from admin where id=?
2024-12-13T18:05:45.163+05:30 DEBUG 7187 --- [contenttree] [           main] o.h.p.entity.AbstractEntityPersister     :  Insert (0): insert into admin (dt1,email,location,name,password,phone) values (?,?,?,?,?,?)
2024-12-13T18:05:45.163+05:30 DEBUG 7187 --- [contenttree] [           main] o.h.p.entity.AbstractEntityPersister     :  Update (0): update admin set dt1=?,email=?,location=?,name=?,password=?,phone=? where id=?
2024-12-13T18:05:45.163+05:30 DEBUG 7187 --- [contenttree] [           main] o.h.p.entity.AbstractEntityPersister     :  Delete (0): delete from admin where id=?
2024-12-13T18:05:45.163+05:30 DEBUG 7187 --- [contenttree] [           main] org.hibernate.orm.sql.ast.create         : Created new SQL alias : dl1_0
2024-12-13T18:05:45.163+05:30 DEBUG 7187 --- [contenttree] [           main] org.hibernate.orm.sql.ast.create         : Registration of TableGroup [StandardTableGroup(com.contenttree.downloadlog.DownloadLog)] with identifierForTableGroup [com.contenttree.downloadlog.DownloadLog] for NavigablePath [com.contenttree.downloadlog.DownloadLog] 
2024-12-13T18:05:45.163+05:30 DEBUG 7187 --- [contenttree] [           main] org.hibernate.orm.sql.ast.create         : Registration of TableGroup [org.hibernate.sql.ast.tree.from.LazyTableGroup@3d0697da] with identifierForTableGroup [com.contenttree.downloadlog.DownloadLog.user] for NavigablePath [com.contenttree.downloadlog.DownloadLog.user] 
2024-12-13T18:05:45.163+05:30 DEBUG 7187 --- [contenttree] [           main] org.hibernate.orm.sql.ast.create         : Created new SQL alias : u1_0
2024-12-13T18:05:45.163+05:30 DEBUG 7187 --- [contenttree] [           main] org.hibernate.orm.sql.ast.create         : Created new SQL alias : ct1_0
2024-12-13T18:05:45.163+05:30 DEBUG 7187 --- [contenttree] [           main] org.hibernate.orm.sql.ast.create         : Registration of TableGroup [org.hibernate.sql.ast.tree.from.OneToManyTableGroup@4b99f2ed] with identifierForTableGroup [com.contenttree.downloadlog.DownloadLog.user.confirmationTokens] for NavigablePath [com.contenttree.downloadlog.DownloadLog.user.confirmationTokens] 
2024-12-13T18:05:45.163+05:30 DEBUG 7187 --- [contenttree] [           main] org.hibernate.orm.sql.ast.create         : Registration of TableGroup [StandardTableGroup(com.contenttree.downloadlog.DownloadLog.user.confirmationTokens.{element})] with identifierForTableGroup [com.contenttree.downloadlog.DownloadLog.user.confirmationTokens.{element}] for NavigablePath [com.contenttree.downloadlog.DownloadLog.user.confirmationTokens.{element}] 
2024-12-13T18:05:45.163+05:30 DEBUG 7187 --- [contenttree] [           main] org.hibernate.orm.sql.ast.create         : Registration of TableGroup [org.hibernate.sql.ast.tree.from.LazyTableGroup@723081a2] with identifierForTableGroup [com.contenttree.downloadlog.DownloadLog.user.confirmationTokens.{element}.user] for NavigablePath [com.contenttree.downloadlog.DownloadLog.user.confirmationTokens.{element}.user] 
2024-12-13T18:05:45.163+05:30 DEBUG 7187 --- [contenttree] [           main] org.hibernate.orm.sql.ast.create         : Registration of TableGroup [org.hibernate.sql.ast.tree.from.LazyTableGroup@481f698f] with identifierForTableGroup [com.contenttree.downloadlog.DownloadLog.vendor] for NavigablePath [com.contenttree.downloadlog.DownloadLog.vendor] 
2024-12-13T18:05:45.163+05:30 DEBUG 7187 --- [contenttree] [           main] org.hibernate.orm.results.graph.AST      : DomainResult Graph:
 \-EntityResultImpl [com.contenttree.downloadlog.DownloadLog]
 |  +-BasicFetch [com.contenttree.downloadlog.DownloadLog.dt1]
 |  +-BasicFetch [com.contenttree.downloadlog.DownloadLog.ipAddress]
 |  +-BasicFetch [com.contenttree.downloadlog.DownloadLog.pdfId]
 |  +-EntityFetchJoinedImpl [com.contenttree.downloadlog.DownloadLog.user]
 |  \-EntityDelayedFetchImpl [com.contenttree.downloadlog.DownloadLog.vendor]

2024-12-13T18:05:45.163+05:30 DEBUG 7187 --- [contenttree] [           main] org.hibernate.orm.sql.ast.tree           : SQL AST Tree:
    SelectStatement {
      FromClause {
        StandardTableGroup (dl1 : com.contenttree.downloadlog.DownloadLog) {
          primaryTableReference : download_log as dl1_0
          TableGroupJoins {
            left  join LazyTableGroup (u1 : com.contenttree.downloadlog.DownloadLog.user) {
              primaryTableReference : user as u1_0
              TableGroupJoins {
                left  join OneToManyTableGroup (ct1 : com.contenttree.downloadlog.DownloadLog.user.confirmationTokens) {
                  primaryTableReference : confirmation_token as ct1_0
                  TableGroupJoins {
                    left  join LazyTableGroup (u2 : com.contenttree.downloadlog.DownloadLog.user.confirmationTokens.{element}.user) {
                    }
                  }
                }
              }
            }
            left  join LazyTableGroup (v1 : com.contenttree.downloadlog.DownloadLog.vendor) {
            }
          }
        }
      }
    }

2024-12-13T18:05:45.164+05:30 DEBUG 7187 --- [contenttree] [           main] o.h.p.entity.AbstractEntityPersister     : Static SQL for entity: com.contenttree.downloadlog.DownloadLog
2024-12-13T18:05:45.164+05:30 DEBUG 7187 --- [contenttree] [           main] o.h.p.entity.AbstractEntityPersister     :  Version select: select id from download_log where id=?
2024-12-13T18:05:45.164+05:30 DEBUG 7187 --- [contenttree] [           main] o.h.p.entity.AbstractEntityPersister     :  Insert (0): insert into download_log (dt1,ip_address,pdf_id,user_id,vendor_id) values (?,?,?,?,?)
2024-12-13T18:05:45.164+05:30 DEBUG 7187 --- [contenttree] [           main] o.h.p.entity.AbstractEntityPersister     :  Update (0): update download_log set dt1=?,ip_address=?,pdf_id=?,user_id=?,vendor_id=? where id=?
2024-12-13T18:05:45.164+05:30 DEBUG 7187 --- [contenttree] [           main] o.h.p.entity.AbstractEntityPersister     :  Delete (0): delete from download_log where id=?
2024-12-13T18:05:45.164+05:30 DEBUG 7187 --- [contenttree] [           main] org.hibernate.orm.sql.ast.create         : Created new SQL alias : w1_0
2024-12-13T18:05:45.164+05:30 DEBUG 7187 --- [contenttree] [           main] org.hibernate.orm.sql.ast.create         : Registration of TableGroup [StandardTableGroup(com.contenttree.CampaignManager.Webinar)] with identifierForTableGroup [com.contenttree.CampaignManager.Webinar] for NavigablePath [com.contenttree.CampaignManager.Webinar] 
2024-12-13T18:05:45.164+05:30 DEBUG 7187 --- [contenttree] [           main] org.hibernate.orm.sql.ast.create         : Registration of TableGroup [org.hibernate.sql.ast.tree.from.LazyTableGroup@50b78155] with identifierForTableGroup [com.contenttree.CampaignManager.Webinar.admin] for NavigablePath [com.contenttree.CampaignManager.Webinar.admin] 
2024-12-13T18:05:45.164+05:30 DEBUG 7187 --- [contenttree] [           main] org.hibernate.orm.sql.ast.create         : Created new SQL alias : a1_0
2024-12-13T18:05:45.164+05:30 DEBUG 7187 --- [contenttree] [           main] org.hibernate.orm.sql.ast.create         : Created new SQL alias : r1_0
2024-12-13T18:05:45.164+05:30 DEBUG 7187 --- [contenttree] [           main] org.hibernate.orm.sql.ast.create         : Registration of TableGroup [CollectionTableGroup(com.contenttree.CampaignManager.Webinar.admin.role)] with identifierForTableGroup [com.contenttree.CampaignManager.Webinar.admin.role] for NavigablePath [com.contenttree.CampaignManager.Webinar.admin.role] 
2024-12-13T18:05:45.164+05:30 DEBUG 7187 --- [contenttree] [           main] org.hibernate.orm.results                : Generating Fetch for collection-part : `com.contenttree.admin.Admin.role` -> `{element}`
2024-12-13T18:05:45.164+05:30 DEBUG 7187 --- [contenttree] [           main] org.hibernate.orm.results.graph.AST      : DomainResult Graph:
 \-EntityResultImpl [com.contenttree.CampaignManager.Webinar]
 |  +-EntityFetchJoinedImpl [com.contenttree.CampaignManager.Webinar.admin]
 |  +-BasicFetch [com.contenttree.CampaignManager.Webinar.dt1]
 |  +-BasicFetch [com.contenttree.CampaignManager.Webinar.liveLink]
 |  +-BasicFetch [com.contenttree.CampaignManager.Webinar.webinarName]
 |  +-BasicFetch [com.contenttree.CampaignManager.Webinar.webinarSpeakers]
 |  \-BasicFetch [com.contenttree.CampaignManager.Webinar.webinarSubject]

2024-12-13T18:05:45.164+05:30 DEBUG 7187 --- [contenttree] [           main] org.hibernate.orm.sql.ast.tree           : SQL AST Tree:
    SelectStatement {
      FromClause {
        StandardTableGroup (w1 : com.contenttree.CampaignManager.Webinar) {
          primaryTableReference : webinar as w1_0
          TableGroupJoins {
            left  join LazyTableGroup (a1 : com.contenttree.CampaignManager.Webinar.admin) {
              primaryTableReference : admin as a1_0
              TableGroupJoins {
                left  join CollectionTableGroup (r1 : com.contenttree.CampaignManager.Webinar.admin.role) {
                  primaryTableReference : admin_roles as r1_0
                }
              }
            }
          }
        }
      }
    }

2024-12-13T18:05:45.164+05:30 DEBUG 7187 --- [contenttree] [           main] o.h.p.entity.AbstractEntityPersister     : Static SQL for entity: com.contenttree.CampaignManager.Webinar
2024-12-13T18:05:45.164+05:30 DEBUG 7187 --- [contenttree] [           main] o.h.p.entity.AbstractEntityPersister     :  Version select: select id from webinar where id=?
2024-12-13T18:05:45.164+05:30 DEBUG 7187 --- [contenttree] [           main] o.h.p.entity.AbstractEntityPersister     :  Insert (0): insert into webinar (admin_id,dt1,live_link,webinar_name,webinar_speakers,webinar_subject) values (?,?,?,?,?,?)
2024-12-13T18:05:45.164+05:30 DEBUG 7187 --- [contenttree] [           main] o.h.p.entity.AbstractEntityPersister     :  Update (0): update webinar set admin_id=?,dt1=?,live_link=?,webinar_name=?,webinar_speakers=?,webinar_subject=? where id=?
2024-12-13T18:05:45.164+05:30 DEBUG 7187 --- [contenttree] [           main] o.h.p.entity.AbstractEntityPersister     :  Delete (0): delete from webinar where id=?
2024-12-13T18:05:45.165+05:30 DEBUG 7187 --- [contenttree] [           main] org.hibernate.orm.sql.ast.create         : Created new SQL alias : b1_0
2024-12-13T18:05:45.165+05:30 DEBUG 7187 --- [contenttree] [           main] org.hibernate.orm.sql.ast.create         : Registration of TableGroup [org.hibernate.sql.ast.tree.from.OneToManyTableGroup@8b71052] with identifierForTableGroup [com.contenttree.Blogs.BlogsCategory.blogs] for NavigablePath [com.contenttree.Blogs.BlogsCategory.blogs] 
2024-12-13T18:05:45.165+05:30 DEBUG 7187 --- [contenttree] [           main] org.hibernate.orm.sql.ast.create         : Registration of TableGroup [StandardTableGroup(com.contenttree.Blogs.BlogsCategory.blogs.{element})] with identifierForTableGroup [com.contenttree.Blogs.BlogsCategory.blogs.{element}] for NavigablePath [com.contenttree.Blogs.BlogsCategory.blogs.{element}] 
2024-12-13T18:05:45.165+05:30 DEBUG 7187 --- [contenttree] [           main] org.hibernate.orm.sql.ast.create         : Registration of TableGroup [org.hibernate.sql.ast.tree.from.LazyTableGroup@6e161cea] with identifierForTableGroup [com.contenttree.Blogs.BlogsCategory.blogs.{element}.admin] for NavigablePath [com.contenttree.Blogs.BlogsCategory.blogs.{element}.admin] 
2024-12-13T18:05:45.165+05:30 DEBUG 7187 --- [contenttree] [           main] org.hibernate.orm.sql.ast.create         : Created new SQL alias : a1_0
2024-12-13T18:05:45.165+05:30 DEBUG 7187 --- [contenttree] [           main] org.hibernate.orm.sql.ast.create         : Registration of TableGroup [org.hibernate.sql.ast.tree.from.LazyTableGroup@673e1cf2] with identifierForTableGroup [com.contenttree.Blogs.BlogsCategory.blogs.{element}.blogsCategory] for NavigablePath [com.contenttree.Blogs.BlogsCategory.blogs.{element}.blogsCategory] 
2024-12-13T18:05:45.166+05:30 DEBUG 7187 --- [contenttree] [           main] org.hibernate.orm.results.graph.AST      : DomainResult Graph:
 \-CollectionDomainResult [com.contenttree.Blogs.BlogsCategory.blogs]

2024-12-13T18:05:45.166+05:30 DEBUG 7187 --- [contenttree] [           main] org.hibernate.orm.sql.ast.tree           : SQL AST Tree:
    SelectStatement {
      FromClause {
        OneToManyTableGroup (b1 : com.contenttree.Blogs.BlogsCategory.blogs) {
          primaryTableReference : blogs as b1_0
          TableGroupJoins {
            left  join LazyTableGroup (a1 : com.contenttree.Blogs.BlogsCategory.blogs.{element}.admin) {
              primaryTableReference : admin as a1_0
            }
            left  join LazyTableGroup (bc1 : com.contenttree.Blogs.BlogsCategory.blogs.{element}.blogsCategory) {
            }
          }
        }
      }
    }

2024-12-13T18:05:45.166+05:30 DEBUG 7187 --- [contenttree] [           main] org.hibernate.orm.jdbc.mutation          : Static SQL for collection: com.contenttree.Blogs.BlogsCategory.blogs
2024-12-13T18:05:45.166+05:30 DEBUG 7187 --- [contenttree] [           main] org.hibernate.orm.sql.ast.create         : Created new SQL alias : nl1_0
2024-12-13T18:05:45.166+05:30 DEBUG 7187 --- [contenttree] [           main] org.hibernate.orm.sql.ast.create         : Registration of TableGroup [org.hibernate.sql.ast.tree.from.OneToManyTableGroup@5d50e7f6] with identifierForTableGroup [com.contenttree.admin.Admin.newsLetters] for NavigablePath [com.contenttree.admin.Admin.newsLetters] 
2024-12-13T18:05:45.166+05:30 DEBUG 7187 --- [contenttree] [           main] org.hibernate.orm.sql.ast.create         : Registration of TableGroup [StandardTableGroup(com.contenttree.admin.Admin.newsLetters.{element})] with identifierForTableGroup [com.contenttree.admin.Admin.newsLetters.{element}] for NavigablePath [com.contenttree.admin.Admin.newsLetters.{element}] 
2024-12-13T18:05:45.166+05:30 DEBUG 7187 --- [contenttree] [           main] org.hibernate.orm.sql.ast.create         : Registration of TableGroup [org.hibernate.sql.ast.tree.from.LazyTableGroup@54fbaa65] with identifierForTableGroup [com.contenttree.admin.Admin.newsLetters.{element}.admin] for NavigablePath [com.contenttree.admin.Admin.newsLetters.{element}.admin] 
2024-12-13T18:05:45.166+05:30 DEBUG 7187 --- [contenttree] [           main] org.hibernate.orm.sql.ast.create         : Registration of TableGroup [org.hibernate.sql.ast.tree.from.LazyTableGroup@48e3017a] with identifierForTableGroup [com.contenttree.admin.Admin.newsLetters.{element}.user] for NavigablePath [com.contenttree.admin.Admin.newsLetters.{element}.user] 
2024-12-13T18:05:45.166+05:30 DEBUG 7187 --- [contenttree] [           main] org.hibernate.orm.sql.ast.create         : Created new SQL alias : u1_0
2024-12-13T18:05:45.167+05:30 DEBUG 7187 --- [contenttree] [           main] org.hibernate.orm.results.graph.AST      : DomainResult Graph:
 \-CollectionDomainResult [com.contenttree.admin.Admin.newsLetters]

2024-12-13T18:05:45.167+05:30 DEBUG 7187 --- [contenttree] [           main] org.hibernate.orm.sql.ast.tree           : SQL AST Tree:
    SelectStatement {
      FromClause {
        OneToManyTableGroup (nl1 : com.contenttree.admin.Admin.newsLetters) {
          primaryTableReference : news_letter as nl1_0
          TableGroupJoins {
            left  join LazyTableGroup (a1 : com.contenttree.admin.Admin.newsLetters.{element}.admin) {
            }
            left  join LazyTableGroup (u1 : com.contenttree.admin.Admin.newsLetters.{element}.user) {
              primaryTableReference : user as u1_0
            }
          }
        }
      }
    }

2024-12-13T18:05:45.167+05:30 DEBUG 7187 --- [contenttree] [           main] org.hibernate.orm.jdbc.mutation          : Static SQL for collection: com.contenttree.admin.Admin.newsLetters
2024-12-13T18:05:45.167+05:30 DEBUG 7187 --- [contenttree] [           main] org.hibernate.orm.sql.ast.create         : Created new SQL alias : dl1_0
2024-12-13T18:05:45.167+05:30 DEBUG 7187 --- [contenttree] [           main] org.hibernate.orm.sql.ast.create         : Registration of TableGroup [org.hibernate.sql.ast.tree.from.OneToManyTableGroup@10264cb0] with identifierForTableGroup [com.contenttree.vendor.Vendors.downloadLogs] for NavigablePath [com.contenttree.vendor.Vendors.downloadLogs] 
2024-12-13T18:05:45.167+05:30 DEBUG 7187 --- [contenttree] [           main] org.hibernate.orm.sql.ast.create         : Registration of TableGroup [StandardTableGroup(com.contenttree.vendor.Vendors.downloadLogs.{element})] with identifierForTableGroup [com.contenttree.vendor.Vendors.downloadLogs.{element}] for NavigablePath [com.contenttree.vendor.Vendors.downloadLogs.{element}] 
2024-12-13T18:05:45.167+05:30 DEBUG 7187 --- [contenttree] [           main] org.hibernate.orm.sql.ast.create         : Registration of TableGroup [org.hibernate.sql.ast.tree.from.LazyTableGroup@19877453] with identifierForTableGroup [com.contenttree.vendor.Vendors.downloadLogs.{element}.user] for NavigablePath [com.contenttree.vendor.Vendors.downloadLogs.{element}.user] 
2024-12-13T18:05:45.167+05:30 DEBUG 7187 --- [contenttree] [           main] org.hibernate.orm.sql.ast.create         : Created new SQL alias : u1_0
2024-12-13T18:05:45.167+05:30 DEBUG 7187 --- [contenttree] [           main] org.hibernate.orm.sql.ast.create         : Registration of TableGroup [org.hibernate.sql.ast.tree.from.LazyTableGroup@49bf5ec8] with identifierForTableGroup [com.contenttree.vendor.Vendors.downloadLogs.{element}.vendor] for NavigablePath [com.contenttree.vendor.Vendors.downloadLogs.{element}.vendor] 
2024-12-13T18:05:45.167+05:30 DEBUG 7187 --- [contenttree] [           main] org.hibernate.orm.results.graph.AST      : DomainResult Graph:
 \-CollectionDomainResult [com.contenttree.vendor.Vendors.downloadLogs]

2024-12-13T18:05:45.167+05:30 DEBUG 7187 --- [contenttree] [           main] org.hibernate.orm.sql.ast.tree           : SQL AST Tree:
    SelectStatement {
      FromClause {
        OneToManyTableGroup (dl1 : com.contenttree.vendor.Vendors.downloadLogs) {
          primaryTableReference : download_log as dl1_0
          TableGroupJoins {
            left  join LazyTableGroup (u1 : com.contenttree.vendor.Vendors.downloadLogs.{element}.user) {
              primaryTableReference : user as u1_0
            }
            left  join LazyTableGroup (v1 : com.contenttree.vendor.Vendors.downloadLogs.{element}.vendor) {
            }
          }
        }
      }
    }

2024-12-13T18:05:45.167+05:30 DEBUG 7187 --- [contenttree] [           main] org.hibernate.orm.jdbc.mutation          : Static SQL for collection: com.contenttree.vendor.Vendors.downloadLogs
2024-12-13T18:05:45.167+05:30 DEBUG 7187 --- [contenttree] [           main] org.hibernate.orm.sql.ast.create         : Created new SQL alias : w1_0
2024-12-13T18:05:45.167+05:30 DEBUG 7187 --- [contenttree] [           main] org.hibernate.orm.sql.ast.create         : Registration of TableGroup [org.hibernate.sql.ast.tree.from.OneToManyTableGroup@3af6d7a7] with identifierForTableGroup [com.contenttree.admin.Admin.webinars] for NavigablePath [com.contenttree.admin.Admin.webinars] 
2024-12-13T18:05:45.167+05:30 DEBUG 7187 --- [contenttree] [           main] org.hibernate.orm.sql.ast.create         : Registration of TableGroup [StandardTableGroup(com.contenttree.admin.Admin.webinars.{element})] with identifierForTableGroup [com.contenttree.admin.Admin.webinars.{element}] for NavigablePath [com.contenttree.admin.Admin.webinars.{element}] 
2024-12-13T18:05:45.167+05:30 DEBUG 7187 --- [contenttree] [           main] org.hibernate.orm.sql.ast.create         : Registration of TableGroup [org.hibernate.sql.ast.tree.from.LazyTableGroup@18711946] with identifierForTableGroup [com.contenttree.admin.Admin.webinars.{element}.admin] for NavigablePath [com.contenttree.admin.Admin.webinars.{element}.admin] 
2024-12-13T18:05:45.167+05:30 DEBUG 7187 --- [contenttree] [           main] org.hibernate.orm.results.graph.AST      : DomainResult Graph:
 \-CollectionDomainResult [com.contenttree.admin.Admin.webinars]

2024-12-13T18:05:45.167+05:30 DEBUG 7187 --- [contenttree] [           main] org.hibernate.orm.sql.ast.tree           : SQL AST Tree:
    SelectStatement {
      FromClause {
        OneToManyTableGroup (w1 : com.contenttree.admin.Admin.webinars) {
          primaryTableReference : webinar as w1_0
          TableGroupJoins {
            left  join LazyTableGroup (a1 : com.contenttree.admin.Admin.webinars.{element}.admin) {
            }
          }
        }
      }
    }

2024-12-13T18:05:45.167+05:30 DEBUG 7187 --- [contenttree] [           main] org.hibernate.orm.jdbc.mutation          : Static SQL for collection: com.contenttree.admin.Admin.webinars
2024-12-13T18:05:45.167+05:30 DEBUG 7187 --- [contenttree] [           main] org.hibernate.orm.sql.ast.create         : Created new SQL alias : e1_0
2024-12-13T18:05:45.167+05:30 DEBUG 7187 --- [contenttree] [           main] org.hibernate.orm.sql.ast.create         : Registration of TableGroup [org.hibernate.sql.ast.tree.from.OneToManyTableGroup@9e092b5] with identifierForTableGroup [com.contenttree.admin.Admin.events] for NavigablePath [com.contenttree.admin.Admin.events] 
2024-12-13T18:05:45.167+05:30 DEBUG 7187 --- [contenttree] [           main] org.hibernate.orm.sql.ast.create         : Registration of TableGroup [StandardTableGroup(com.contenttree.admin.Admin.events.{element})] with identifierForTableGroup [com.contenttree.admin.Admin.events.{element}] for NavigablePath [com.contenttree.admin.Admin.events.{element}] 
2024-12-13T18:05:45.167+05:30 DEBUG 7187 --- [contenttree] [           main] org.hibernate.orm.sql.ast.create         : Registration of TableGroup [org.hibernate.sql.ast.tree.from.LazyTableGroup@52737c1] with identifierForTableGroup [com.contenttree.admin.Admin.events.{element}.admin] for NavigablePath [com.contenttree.admin.Admin.events.{element}.admin] 
2024-12-13T18:05:45.167+05:30 DEBUG 7187 --- [contenttree] [           main] org.hibernate.orm.results.graph.AST      : DomainResult Graph:
 \-CollectionDomainResult [com.contenttree.admin.Admin.events]

2024-12-13T18:05:45.167+05:30 DEBUG 7187 --- [contenttree] [           main] org.hibernate.orm.sql.ast.tree           : SQL AST Tree:
    SelectStatement {
      FromClause {
        OneToManyTableGroup (e1 : com.contenttree.admin.Admin.events) {
          primaryTableReference : event as e1_0
          TableGroupJoins {
            left  join LazyTableGroup (a1 : com.contenttree.admin.Admin.events.{element}.admin) {
            }
          }
        }
      }
    }

2024-12-13T18:05:45.168+05:30 DEBUG 7187 --- [contenttree] [           main] org.hibernate.orm.jdbc.mutation          : Static SQL for collection: com.contenttree.admin.Admin.events
2024-12-13T18:05:45.168+05:30 DEBUG 7187 --- [contenttree] [           main] org.hibernate.orm.sql.ast.create         : Created new SQL alias : nll1_0
2024-12-13T18:05:45.168+05:30 DEBUG 7187 --- [contenttree] [           main] org.hibernate.orm.sql.ast.create         : Registration of TableGroup [org.hibernate.sql.ast.tree.from.OneToManyTableGroup@649a6d88] with identifierForTableGroup [com.contenttree.user.User.newsLetterList] for NavigablePath [com.contenttree.user.User.newsLetterList] 
2024-12-13T18:05:45.168+05:30 DEBUG 7187 --- [contenttree] [           main] org.hibernate.orm.sql.ast.create         : Registration of TableGroup [StandardTableGroup(com.contenttree.user.User.newsLetterList.{element})] with identifierForTableGroup [com.contenttree.user.User.newsLetterList.{element}] for NavigablePath [com.contenttree.user.User.newsLetterList.{element}] 
2024-12-13T18:05:45.168+05:30 DEBUG 7187 --- [contenttree] [           main] org.hibernate.orm.sql.ast.create         : Registration of TableGroup [org.hibernate.sql.ast.tree.from.LazyTableGroup@69e23e94] with identifierForTableGroup [com.contenttree.user.User.newsLetterList.{element}.admin] for NavigablePath [com.contenttree.user.User.newsLetterList.{element}.admin] 
2024-12-13T18:05:45.168+05:30 DEBUG 7187 --- [contenttree] [           main] org.hibernate.orm.sql.ast.create         : Created new SQL alias : a1_0
2024-12-13T18:05:45.168+05:30 DEBUG 7187 --- [contenttree] [           main] org.hibernate.orm.sql.ast.create         : Registration of TableGroup [org.hibernate.sql.ast.tree.from.LazyTableGroup@55c78556] with identifierForTableGroup [com.contenttree.user.User.newsLetterList.{element}.user] for NavigablePath [com.contenttree.user.User.newsLetterList.{element}.user] 
2024-12-13T18:05:45.168+05:30 DEBUG 7187 --- [contenttree] [           main] org.hibernate.orm.results.graph.AST      : DomainResult Graph:
 \-CollectionDomainResult [com.contenttree.user.User.newsLetterList]

2024-12-13T18:05:45.168+05:30 DEBUG 7187 --- [contenttree] [           main] org.hibernate.orm.sql.ast.tree           : SQL AST Tree:
    SelectStatement {
      FromClause {
        OneToManyTableGroup (nll1 : com.contenttree.user.User.newsLetterList) {
          primaryTableReference : news_letter as nll1_0
          TableGroupJoins {
            left  join LazyTableGroup (a1 : com.contenttree.user.User.newsLetterList.{element}.admin) {
              primaryTableReference : admin as a1_0
            }
            left  join LazyTableGroup (u1 : com.contenttree.user.User.newsLetterList.{element}.user) {
            }
          }
        }
      }
    }

2024-12-13T18:05:45.168+05:30 DEBUG 7187 --- [contenttree] [           main] org.hibernate.orm.jdbc.mutation          : Static SQL for collection: com.contenttree.user.User.newsLetterList
2024-12-13T18:05:45.168+05:30 DEBUG 7187 --- [contenttree] [           main] org.hibernate.orm.jdbc.mutation          :  Row insert: update news_letter set user_id=? where id=?
2024-12-13T18:05:45.169+05:30 DEBUG 7187 --- [contenttree] [           main] org.hibernate.orm.jdbc.mutation          :  Row delete: update news_letter set user_id=null where user_id=? and id=?
2024-12-13T18:05:45.169+05:30 DEBUG 7187 --- [contenttree] [           main] org.hibernate.orm.jdbc.mutation          :  One-shot delete: update news_letter set user_id=null where user_id=?
2024-12-13T18:05:45.169+05:30 DEBUG 7187 --- [contenttree] [           main] org.hibernate.orm.sql.ast.create         : Created new SQL alias : b1_0
2024-12-13T18:05:45.169+05:30 DEBUG 7187 --- [contenttree] [           main] org.hibernate.orm.sql.ast.create         : Registration of TableGroup [org.hibernate.sql.ast.tree.from.OneToManyTableGroup@40e7aea9] with identifierForTableGroup [com.contenttree.admin.Admin.blogs] for NavigablePath [com.contenttree.admin.Admin.blogs] 
2024-12-13T18:05:45.169+05:30 DEBUG 7187 --- [contenttree] [           main] org.hibernate.orm.sql.ast.create         : Registration of TableGroup [StandardTableGroup(com.contenttree.admin.Admin.blogs.{element})] with identifierForTableGroup [com.contenttree.admin.Admin.blogs.{element}] for NavigablePath [com.contenttree.admin.Admin.blogs.{element}] 
2024-12-13T18:05:45.169+05:30 DEBUG 7187 --- [contenttree] [           main] org.hibernate.orm.sql.ast.create         : Registration of TableGroup [org.hibernate.sql.ast.tree.from.LazyTableGroup@63ff861e] with identifierForTableGroup [com.contenttree.admin.Admin.blogs.{element}.admin] for NavigablePath [com.contenttree.admin.Admin.blogs.{element}.admin] 
2024-12-13T18:05:45.169+05:30 DEBUG 7187 --- [contenttree] [           main] org.hibernate.orm.sql.ast.create         : Registration of TableGroup [org.hibernate.sql.ast.tree.from.LazyTableGroup@46e38c28] with identifierForTableGroup [com.contenttree.admin.Admin.blogs.{element}.blogsCategory] for NavigablePath [com.contenttree.admin.Admin.blogs.{element}.blogsCategory] 
2024-12-13T18:05:45.169+05:30 DEBUG 7187 --- [contenttree] [           main] org.hibernate.orm.sql.ast.create         : Created new SQL alias : bc1_0
2024-12-13T18:05:45.169+05:30 DEBUG 7187 --- [contenttree] [           main] org.hibernate.orm.results.graph.AST      : DomainResult Graph:
 \-CollectionDomainResult [com.contenttree.admin.Admin.blogs]

2024-12-13T18:05:45.169+05:30 DEBUG 7187 --- [contenttree] [           main] org.hibernate.orm.sql.ast.tree           : SQL AST Tree:
    SelectStatement {
      FromClause {
        OneToManyTableGroup (b1 : com.contenttree.admin.Admin.blogs) {
          primaryTableReference : blogs as b1_0
          TableGroupJoins {
            left  join LazyTableGroup (a1 : com.contenttree.admin.Admin.blogs.{element}.admin) {
            }
            left  join LazyTableGroup (bc1 : com.contenttree.admin.Admin.blogs.{element}.blogsCategory) {
              primaryTableReference : blogs_category as bc1_0
            }
          }
        }
      }
    }

2024-12-13T18:05:45.169+05:30 DEBUG 7187 --- [contenttree] [           main] org.hibernate.orm.jdbc.mutation          : Static SQL for collection: com.contenttree.admin.Admin.blogs
2024-12-13T18:05:45.169+05:30 DEBUG 7187 --- [contenttree] [           main] org.hibernate.orm.sql.ast.create         : Created new SQL alias : dl1_0
2024-12-13T18:05:45.169+05:30 DEBUG 7187 --- [contenttree] [           main] org.hibernate.orm.sql.ast.create         : Registration of TableGroup [org.hibernate.sql.ast.tree.from.OneToManyTableGroup@4110ffe5] with identifierForTableGroup [com.contenttree.user.User.downloadLogs] for NavigablePath [com.contenttree.user.User.downloadLogs] 
2024-12-13T18:05:45.169+05:30 DEBUG 7187 --- [contenttree] [           main] org.hibernate.orm.sql.ast.create         : Registration of TableGroup [StandardTableGroup(com.contenttree.user.User.downloadLogs.{element})] with identifierForTableGroup [com.contenttree.user.User.downloadLogs.{element}] for NavigablePath [com.contenttree.user.User.downloadLogs.{element}] 
2024-12-13T18:05:45.170+05:30 DEBUG 7187 --- [contenttree] [           main] org.hibernate.orm.sql.ast.create         : Registration of TableGroup [org.hibernate.sql.ast.tree.from.LazyTableGroup@5e405eaf] with identifierForTableGroup [com.contenttree.user.User.downloadLogs.{element}.user] for NavigablePath [com.contenttree.user.User.downloadLogs.{element}.user] 
2024-12-13T18:05:45.170+05:30 DEBUG 7187 --- [contenttree] [           main] org.hibernate.orm.sql.ast.create         : Registration of TableGroup [org.hibernate.sql.ast.tree.from.LazyTableGroup@4981b83] with identifierForTableGroup [com.contenttree.user.User.downloadLogs.{element}.vendor] for NavigablePath [com.contenttree.user.User.downloadLogs.{element}.vendor] 
2024-12-13T18:05:45.170+05:30 DEBUG 7187 --- [contenttree] [           main] org.hibernate.orm.results.graph.AST      : DomainResult Graph:
 \-CollectionDomainResult [com.contenttree.user.User.downloadLogs]

2024-12-13T18:05:45.170+05:30 DEBUG 7187 --- [contenttree] [           main] org.hibernate.orm.sql.ast.tree           : SQL AST Tree:
    SelectStatement {
      FromClause {
        OneToManyTableGroup (dl1 : com.contenttree.user.User.downloadLogs) {
          primaryTableReference : download_log as dl1_0
          TableGroupJoins {
            left  join LazyTableGroup (u1 : com.contenttree.user.User.downloadLogs.{element}.user) {
            }
            left  join LazyTableGroup (v1 : com.contenttree.user.User.downloadLogs.{element}.vendor) {
            }
          }
        }
      }
    }

2024-12-13T18:05:45.170+05:30 DEBUG 7187 --- [contenttree] [           main] org.hibernate.orm.jdbc.mutation          : Static SQL for collection: com.contenttree.user.User.downloadLogs
2024-12-13T18:05:45.170+05:30 DEBUG 7187 --- [contenttree] [           main] org.hibernate.orm.sql.ast.create         : Created new SQL alias : ct1_0
2024-12-13T18:05:45.170+05:30 DEBUG 7187 --- [contenttree] [           main] org.hibernate.orm.sql.ast.create         : Registration of TableGroup [org.hibernate.sql.ast.tree.from.OneToManyTableGroup@2ef812b] with identifierForTableGroup [com.contenttree.user.User.confirmationTokens] for NavigablePath [com.contenttree.user.User.confirmationTokens] 
2024-12-13T18:05:45.170+05:30 DEBUG 7187 --- [contenttree] [           main] org.hibernate.orm.sql.ast.create         : Registration of TableGroup [StandardTableGroup(com.contenttree.user.User.confirmationTokens.{element})] with identifierForTableGroup [com.contenttree.user.User.confirmationTokens.{element}] for NavigablePath [com.contenttree.user.User.confirmationTokens.{element}] 
2024-12-13T18:05:45.170+05:30 DEBUG 7187 --- [contenttree] [           main] org.hibernate.orm.sql.ast.create         : Registration of TableGroup [org.hibernate.sql.ast.tree.from.LazyTableGroup@5e0602ff] with identifierForTableGroup [com.contenttree.user.User.confirmationTokens.{element}.user] for NavigablePath [com.contenttree.user.User.confirmationTokens.{element}.user] 
2024-12-13T18:05:45.170+05:30 DEBUG 7187 --- [contenttree] [           main] org.hibernate.orm.results.graph.AST      : DomainResult Graph:
 \-CollectionDomainResult [com.contenttree.user.User.confirmationTokens]

2024-12-13T18:05:45.170+05:30 DEBUG 7187 --- [contenttree] [           main] org.hibernate.orm.sql.ast.tree           : SQL AST Tree:
    SelectStatement {
      FromClause {
        OneToManyTableGroup (ct1 : com.contenttree.user.User.confirmationTokens) {
          primaryTableReference : confirmation_token as ct1_0
          TableGroupJoins {
            left  join LazyTableGroup (u1 : com.contenttree.user.User.confirmationTokens.{element}.user) {
            }
          }
        }
      }
    }

2024-12-13T18:05:45.170+05:30 DEBUG 7187 --- [contenttree] [           main] org.hibernate.orm.jdbc.mutation          : Static SQL for collection: com.contenttree.user.User.confirmationTokens
2024-12-13T18:05:45.170+05:30 DEBUG 7187 --- [contenttree] [           main] org.hibernate.orm.sql.ast.create         : Created new SQL alias : r1_0
2024-12-13T18:05:45.170+05:30 DEBUG 7187 --- [contenttree] [           main] org.hibernate.orm.sql.ast.create         : Registration of TableGroup [CollectionTableGroup(com.contenttree.admin.Admin.role)] with identifierForTableGroup [com.contenttree.admin.Admin.role] for NavigablePath [com.contenttree.admin.Admin.role] 
2024-12-13T18:05:45.170+05:30 DEBUG 7187 --- [contenttree] [           main] org.hibernate.orm.results                : Generating Fetch for collection-part : `com.contenttree.admin.Admin.role` -> `{element}`
2024-12-13T18:05:45.170+05:30 DEBUG 7187 --- [contenttree] [           main] org.hibernate.orm.results.graph.AST      : DomainResult Graph:
 \-CollectionDomainResult [com.contenttree.admin.Admin.role]

2024-12-13T18:05:45.170+05:30 DEBUG 7187 --- [contenttree] [           main] org.hibernate.orm.sql.ast.tree           : SQL AST Tree:
    SelectStatement {
      FromClause {
        CollectionTableGroup (r1 : com.contenttree.admin.Admin.role) {
          primaryTableReference : admin_roles as r1_0
        }
      }
    }

2024-12-13T18:05:45.170+05:30 DEBUG 7187 --- [contenttree] [           main] org.hibernate.orm.jdbc.mutation          : Static SQL for collection: com.contenttree.admin.Admin.role
2024-12-13T18:05:45.170+05:30 DEBUG 7187 --- [contenttree] [           main] org.hibernate.orm.jdbc.mutation          :  Row insert: insert into admin_roles (admin_id,role) values (?,?)
2024-12-13T18:05:45.170+05:30 DEBUG 7187 --- [contenttree] [           main] org.hibernate.orm.jdbc.mutation          :  Row delete: delete from admin_roles where admin_id=? and role=?
2024-12-13T18:05:45.170+05:30 DEBUG 7187 --- [contenttree] [           main] org.hibernate.orm.jdbc.mutation          :  One-shot delete: delete from admin_roles where admin_id=?
2024-12-13T18:05:45.170+05:30 DEBUG 7187 --- [contenttree] [           main] org.hibernate.orm.sql.ast.create         : Created new SQL alias : ss1_0
2024-12-13T18:05:45.170+05:30 DEBUG 7187 --- [contenttree] [           main] org.hibernate.orm.sql.ast.create         : Registration of TableGroup [org.hibernate.sql.ast.tree.from.OneToManyTableGroup@85fd4b] with identifierForTableGroup [com.contenttree.category.Category.solutionSets] for NavigablePath [com.contenttree.category.Category.solutionSets] 
2024-12-13T18:05:45.170+05:30 DEBUG 7187 --- [contenttree] [           main] org.hibernate.orm.sql.ast.create         : Registration of TableGroup [StandardTableGroup(com.contenttree.category.Category.solutionSets.{element})] with identifierForTableGroup [com.contenttree.category.Category.solutionSets.{element}] for NavigablePath [com.contenttree.category.Category.solutionSets.{element}] 
2024-12-13T18:05:45.171+05:30 DEBUG 7187 --- [contenttree] [           main] org.hibernate.orm.sql.ast.create         : Registration of TableGroup [org.hibernate.sql.ast.tree.from.LazyTableGroup@6715a6da] with identifierForTableGroup [com.contenttree.category.Category.solutionSets.{element}.category] for NavigablePath [com.contenttree.category.Category.solutionSets.{element}.category] 
2024-12-13T18:05:45.171+05:30 DEBUG 7187 --- [contenttree] [           main] org.hibernate.orm.sql.ast.create         : Registration of TableGroup [org.hibernate.sql.ast.tree.from.LazyTableGroup@1eb207c3] with identifierForTableGroup [com.contenttree.category.Category.solutionSets.{element}.uploadedBy] for NavigablePath [com.contenttree.category.Category.solutionSets.{element}.uploadedBy] 
2024-12-13T18:05:45.171+05:30 DEBUG 7187 --- [contenttree] [           main] org.hibernate.orm.sql.ast.create         : Created new SQL alias : ub1_0
2024-12-13T18:05:45.171+05:30 DEBUG 7187 --- [contenttree] [           main] org.hibernate.orm.results.graph.AST      : DomainResult Graph:
 \-CollectionDomainResult [com.contenttree.category.Category.solutionSets]

2024-12-13T18:05:45.171+05:30 DEBUG 7187 --- [contenttree] [           main] org.hibernate.orm.sql.ast.tree           : SQL AST Tree:
    SelectStatement {
      FromClause {
        OneToManyTableGroup (ss1 : com.contenttree.category.Category.solutionSets) {
          primaryTableReference : solution_sets as ss1_0
          TableGroupJoins {
            left  join LazyTableGroup (c1 : com.contenttree.category.Category.solutionSets.{element}.category) {
            }
            left  join LazyTableGroup (ub1 : com.contenttree.category.Category.solutionSets.{element}.uploadedBy) {
              primaryTableReference : vendors as ub1_0
            }
          }
        }
      }
    }

2024-12-13T18:05:45.171+05:30 DEBUG 7187 --- [contenttree] [           main] org.hibernate.orm.jdbc.mutation          : Static SQL for collection: com.contenttree.category.Category.solutionSets
2024-12-13T18:05:45.171+05:30 DEBUG 7187 --- [contenttree] [           main] org.hibernate.orm.sql.ast.create         : Created new SQL alias : cl1_0
2024-12-13T18:05:45.171+05:30 DEBUG 7187 --- [contenttree] [           main] org.hibernate.orm.sql.ast.create         : Registration of TableGroup [org.hibernate.sql.ast.tree.from.OneToManyTableGroup@6b8a9e1] with identifierForTableGroup [com.contenttree.admin.Admin.campaignList] for NavigablePath [com.contenttree.admin.Admin.campaignList] 
2024-12-13T18:05:45.171+05:30 DEBUG 7187 --- [contenttree] [           main] org.hibernate.orm.sql.ast.create         : Registration of TableGroup [StandardTableGroup(com.contenttree.admin.Admin.campaignList.{element})] with identifierForTableGroup [com.contenttree.admin.Admin.campaignList.{element}] for NavigablePath [com.contenttree.admin.Admin.campaignList.{element}] 
2024-12-13T18:05:45.171+05:30 DEBUG 7187 --- [contenttree] [           main] org.hibernate.orm.sql.ast.create         : Registration of TableGroup [org.hibernate.sql.ast.tree.from.LazyTableGroup@4c51fc9a] with identifierForTableGroup [com.contenttree.admin.Admin.campaignList.{element}.admin] for NavigablePath [com.contenttree.admin.Admin.campaignList.{element}.admin] 
2024-12-13T18:05:45.171+05:30 DEBUG 7187 --- [contenttree] [           main] org.hibernate.orm.sql.ast.create         : Registration of TableGroup [org.hibernate.sql.ast.tree.from.LazyTableGroup@425376cc] with identifierForTableGroup [com.contenttree.admin.Admin.campaignList.{element}.category] for NavigablePath [com.contenttree.admin.Admin.campaignList.{element}.category] 
2024-12-13T18:05:45.171+05:30 DEBUG 7187 --- [contenttree] [           main] org.hibernate.orm.sql.ast.create         : Created new SQL alias : c1_0
2024-12-13T18:05:45.171+05:30 DEBUG 7187 --- [contenttree] [           main] org.hibernate.orm.results.graph.AST      : DomainResult Graph:
 \-CollectionDomainResult [com.contenttree.admin.Admin.campaignList]

2024-12-13T18:05:45.171+05:30 DEBUG 7187 --- [contenttree] [           main] org.hibernate.orm.sql.ast.tree           : SQL AST Tree:
    SelectStatement {
      FromClause {
        OneToManyTableGroup (cl1 : com.contenttree.admin.Admin.campaignList) {
          primaryTableReference : campaign as cl1_0
          TableGroupJoins {
            left  join LazyTableGroup (a1 : com.contenttree.admin.Admin.campaignList.{element}.admin) {
            }
            left  join LazyTableGroup (c1 : com.contenttree.admin.Admin.campaignList.{element}.category) {
              primaryTableReference : category as c1_0
            }
          }
        }
      }
    }

2024-12-13T18:05:45.171+05:30 DEBUG 7187 --- [contenttree] [           main] org.hibernate.orm.jdbc.mutation          : Static SQL for collection: com.contenttree.admin.Admin.campaignList
2024-12-13T18:05:45.171+05:30 DEBUG 7187 --- [contenttree] [           main] org.hibernate.orm.sql.ast.create         : Created new SQL alias : ss1_0
2024-12-13T18:05:45.171+05:30 DEBUG 7187 --- [contenttree] [           main] org.hibernate.orm.sql.ast.create         : Registration of TableGroup [org.hibernate.sql.ast.tree.from.OneToManyTableGroup@6b44121e] with identifierForTableGroup [com.contenttree.vendor.Vendors.solutionSets] for NavigablePath [com.contenttree.vendor.Vendors.solutionSets] 
2024-12-13T18:05:45.171+05:30 DEBUG 7187 --- [contenttree] [           main] org.hibernate.orm.sql.ast.create         : Registration of TableGroup [StandardTableGroup(com.contenttree.vendor.Vendors.solutionSets.{element})] with identifierForTableGroup [com.contenttree.vendor.Vendors.solutionSets.{element}] for NavigablePath [com.contenttree.vendor.Vendors.solutionSets.{element}] 
2024-12-13T18:05:45.171+05:30 DEBUG 7187 --- [contenttree] [           main] org.hibernate.orm.sql.ast.create         : Registration of TableGroup [org.hibernate.sql.ast.tree.from.LazyTableGroup@28b286c0] with identifierForTableGroup [com.contenttree.vendor.Vendors.solutionSets.{element}.category] for NavigablePath [com.contenttree.vendor.Vendors.solutionSets.{element}.category] 
2024-12-13T18:05:45.171+05:30 DEBUG 7187 --- [contenttree] [           main] org.hibernate.orm.sql.ast.create         : Created new SQL alias : c1_0
2024-12-13T18:05:45.171+05:30 DEBUG 7187 --- [contenttree] [           main] org.hibernate.orm.sql.ast.create         : Registration of TableGroup [org.hibernate.sql.ast.tree.from.LazyTableGroup@718e700c] with identifierForTableGroup [com.contenttree.vendor.Vendors.solutionSets.{element}.uploadedBy] for NavigablePath [com.contenttree.vendor.Vendors.solutionSets.{element}.uploadedBy] 
2024-12-13T18:05:45.171+05:30 DEBUG 7187 --- [contenttree] [           main] org.hibernate.orm.results.graph.AST      : DomainResult Graph:
 \-CollectionDomainResult [com.contenttree.vendor.Vendors.solutionSets]

2024-12-13T18:05:45.171+05:30 DEBUG 7187 --- [contenttree] [           main] org.hibernate.orm.sql.ast.tree           : SQL AST Tree:
    SelectStatement {
      FromClause {
        OneToManyTableGroup (ss1 : com.contenttree.vendor.Vendors.solutionSets) {
          primaryTableReference : solution_sets as ss1_0
          TableGroupJoins {
            left  join LazyTableGroup (c1 : com.contenttree.vendor.Vendors.solutionSets.{element}.category) {
              primaryTableReference : category as c1_0
            }
            left  join LazyTableGroup (ub1 : com.contenttree.vendor.Vendors.solutionSets.{element}.uploadedBy) {
            }
          }
        }
      }
    }

2024-12-13T18:05:45.171+05:30 DEBUG 7187 --- [contenttree] [           main] org.hibernate.orm.jdbc.mutation          : Static SQL for collection: com.contenttree.vendor.Vendors.solutionSets
2024-12-13T18:05:45.188+05:30  INFO 7187 --- [contenttree] [           main] o.h.e.t.j.p.i.JtaPlatformInitiator       : HHH000489: No JTA platform available (set 'hibernate.transaction.jta.platform' to enable JTA platform integration)
2024-12-13T18:05:45.188+05:30 DEBUG 7187 --- [contenttree] [           main] o.h.type.spi.TypeConfiguration$Scope     : Scoping TypeConfiguration [org.hibernate.type.spi.TypeConfiguration@7544260a] to SessionFactoryImplementor [org.hibernate.internal.SessionFactoryImpl@1a916120]
2024-12-13T18:05:45.188+05:30 DEBUG 7187 --- [contenttree] [           main] o.h.query.named.NamedObjectRepository    : Checking 0 named HQL queries
2024-12-13T18:05:45.188+05:30 DEBUG 7187 --- [contenttree] [           main] o.h.query.named.NamedObjectRepository    : Checking 0 named SQL queries
2024-12-13T18:05:46.256+05:30 DEBUG 7187 --- [contenttree] [           main] org.hibernate.mapping.Table              : No alter strings for table : admin
2024-12-13T18:05:46.257+05:30 DEBUG 7187 --- [contenttree] [           main] org.hibernate.SQL                        : alter table admin_roles modify column role enum ('ADMIN','CAMPAIGNMANAGER','EDITOR','SUPERADMIN')
Hibernate: alter table admin_roles modify column role enum ('ADMIN','CAMPAIGNMANAGER','EDITOR','SUPERADMIN')
2024-12-13T18:05:47.023+05:30 DEBUG 7187 --- [contenttree] [           main] org.hibernate.mapping.Table              : No alter strings for table : banner_entity
2024-12-13T18:05:47.024+05:30 DEBUG 7187 --- [contenttree] [           main] org.hibernate.mapping.Table              : No alter strings for table : blogs
2024-12-13T18:05:47.024+05:30 DEBUG 7187 --- [contenttree] [           main] org.hibernate.mapping.Table              : No alter strings for table : blogs_category
2024-12-13T18:05:47.024+05:30 DEBUG 7187 --- [contenttree] [           main] org.hibernate.mapping.Table              : No alter strings for table : campaign
2024-12-13T18:05:47.025+05:30 DEBUG 7187 --- [contenttree] [           main] org.hibernate.SQL                        : alter table category modify column descp varchar(255)
Hibernate: alter table category modify column descp varchar(255)
2024-12-13T18:05:47.572+05:30  WARN 7187 --- [contenttree] [           main] o.h.t.s.i.ExceptionHandlerLoggedImpl     : GenerationTarget encountered exception accepting command : Error executing DDL "alter table category modify column descp varchar(255)" via JDBC [Data truncated for column 'descp' at row 4]

org.hibernate.tool.schema.spi.CommandAcceptanceException: Error executing DDL "alter table category modify column descp varchar(255)" via JDBC [Data truncated for column 'descp' at row 4]
	at org.hibernate.tool.schema.internal.exec.GenerationTargetToDatabase.accept(GenerationTargetToDatabase.java:94) ~[hibernate-core-6.5.3.Final.jar:6.5.3.Final]
	at org.hibernate.tool.schema.internal.AbstractSchemaMigrator.applySqlString(AbstractSchemaMigrator.java:583) ~[hibernate-core-6.5.3.Final.jar:6.5.3.Final]
	at org.hibernate.tool.schema.internal.AbstractSchemaMigrator.applySqlStrings(AbstractSchemaMigrator.java:523) ~[hibernate-core-6.5.3.Final.jar:6.5.3.Final]
	at org.hibernate.tool.schema.internal.AbstractSchemaMigrator.migrateTable(AbstractSchemaMigrator.java:341) ~[hibernate-core-6.5.3.Final.jar:6.5.3.Final]
	at org.hibernate.tool.schema.internal.GroupedSchemaMigratorImpl.performTablesMigration(GroupedSchemaMigratorImpl.java:84) ~[hibernate-core-6.5.3.Final.jar:6.5.3.Final]
	at org.hibernate.tool.schema.internal.AbstractSchemaMigrator.performMigration(AbstractSchemaMigrator.java:240) ~[hibernate-core-6.5.3.Final.jar:6.5.3.Final]
	at org.hibernate.tool.schema.internal.AbstractSchemaMigrator.doMigration(AbstractSchemaMigrator.java:119) ~[hibernate-core-6.5.3.Final.jar:6.5.3.Final]
	at org.hibernate.tool.schema.spi.SchemaManagementToolCoordinator.performDatabaseAction(SchemaManagementToolCoordinator.java:280) ~[hibernate-core-6.5.3.Final.jar:6.5.3.Final]
	at org.hibernate.tool.schema.spi.SchemaManagementToolCoordinator.lambda$process$5(SchemaManagementToolCoordinator.java:144) ~[hibernate-core-6.5.3.Final.jar:6.5.3.Final]
	at java.base/java.util.HashMap.forEach(HashMap.java:1421) ~[na:na]
	at org.hibernate.tool.schema.spi.SchemaManagementToolCoordinator.process(SchemaManagementToolCoordinator.java:141) ~[hibernate-core-6.5.3.Final.jar:6.5.3.Final]
	at org.hibernate.boot.internal.SessionFactoryObserverForSchemaExport.sessionFactoryCreated(SessionFactoryObserverForSchemaExport.java:37) ~[hibernate-core-6.5.3.Final.jar:6.5.3.Final]
	at org.hibernate.internal.SessionFactoryObserverChain.sessionFactoryCreated(SessionFactoryObserverChain.java:35) ~[hibernate-core-6.5.3.Final.jar:6.5.3.Final]
	at org.hibernate.internal.SessionFactoryImpl.<init>(SessionFactoryImpl.java:322) ~[hibernate-core-6.5.3.Final.jar:6.5.3.Final]
	at org.hibernate.boot.internal.SessionFactoryBuilderImpl.build(SessionFactoryBuilderImpl.java:457) ~[hibernate-core-6.5.3.Final.jar:6.5.3.Final]
	at org.hibernate.jpa.boot.internal.EntityManagerFactoryBuilderImpl.build(EntityManagerFactoryBuilderImpl.java:1506) ~[hibernate-core-6.5.3.Final.jar:6.5.3.Final]
	at org.springframework.orm.jpa.vendor.SpringHibernateJpaPersistenceProvider.createContainerEntityManagerFactory(SpringHibernateJpaPersistenceProvider.java:75) ~[spring-orm-6.1.13.jar:6.1.13]
	at org.springframework.orm.jpa.LocalContainerEntityManagerFactoryBean.createNativeEntityManagerFactory(LocalContainerEntityManagerFactoryBean.java:390) ~[spring-orm-6.1.13.jar:6.1.13]
	at org.springframework.orm.jpa.AbstractEntityManagerFactoryBean.buildNativeEntityManagerFactory(AbstractEntityManagerFactoryBean.java:409) ~[spring-orm-6.1.13.jar:6.1.13]
	at org.springframework.orm.jpa.AbstractEntityManagerFactoryBean.afterPropertiesSet(AbstractEntityManagerFactoryBean.java:396) ~[spring-orm-6.1.13.jar:6.1.13]
	at org.springframework.orm.jpa.LocalContainerEntityManagerFactoryBean.afterPropertiesSet(LocalContainerEntityManagerFactoryBean.java:366) ~[spring-orm-6.1.13.jar:6.1.13]
	at org.springframework.beans.factory.support.AbstractAutowireCapableBeanFactory.invokeInitMethods(AbstractAutowireCapableBeanFactory.java:1853) ~[spring-beans-6.1.13.jar:6.1.13]
	at org.springframework.beans.factory.support.AbstractAutowireCapableBeanFactory.initializeBean(AbstractAutowireCapableBeanFactory.java:1802) ~[spring-beans-6.1.13.jar:6.1.13]
	at org.springframework.beans.factory.support.AbstractAutowireCapableBeanFactory.doCreateBean(AbstractAutowireCapableBeanFactory.java:600) ~[spring-beans-6.1.13.jar:6.1.13]
	at org.springframework.beans.factory.support.AbstractAutowireCapableBeanFactory.createBean(AbstractAutowireCapableBeanFactory.java:522) ~[spring-beans-6.1.13.jar:6.1.13]
	at org.springframework.beans.factory.support.AbstractBeanFactory.lambda$doGetBean$0(AbstractBeanFactory.java:337) ~[spring-beans-6.1.13.jar:6.1.13]
	at org.springframework.beans.factory.support.DefaultSingletonBeanRegistry.getSingleton(DefaultSingletonBeanRegistry.java:234) ~[spring-beans-6.1.13.jar:6.1.13]
	at org.springframework.beans.factory.support.AbstractBeanFactory.doGetBean(AbstractBeanFactory.java:335) ~[spring-beans-6.1.13.jar:6.1.13]
	at org.springframework.beans.factory.support.AbstractBeanFactory.getBean(AbstractBeanFactory.java:205) ~[spring-beans-6.1.13.jar:6.1.13]
	at org.springframework.context.support.AbstractApplicationContext.finishBeanFactoryInitialization(AbstractApplicationContext.java:954) ~[spring-context-6.1.13.jar:6.1.13]
	at org.springframework.context.support.AbstractApplicationContext.refresh(AbstractApplicationContext.java:625) ~[spring-context-6.1.13.jar:6.1.13]
	at org.springframework.boot.SpringApplication.refresh(SpringApplication.java:754) ~[spring-boot-3.3.4.jar:3.3.4]
	at org.springframework.boot.SpringApplication.refreshContext(SpringApplication.java:456) ~[spring-boot-3.3.4.jar:3.3.4]
	at org.springframework.boot.SpringApplication.run(SpringApplication.java:335) ~[spring-boot-3.3.4.jar:3.3.4]
	at org.springframework.boot.test.context.SpringBootContextLoader.lambda$loadContext$3(SpringBootContextLoader.java:137) ~[spring-boot-test-3.3.4.jar:3.3.4]
	at org.springframework.util.function.ThrowingSupplier.get(ThrowingSupplier.java:58) ~[spring-core-6.1.13.jar:6.1.13]
	at org.springframework.util.function.ThrowingSupplier.get(ThrowingSupplier.java:46) ~[spring-core-6.1.13.jar:6.1.13]
	at org.springframework.boot.SpringApplication.withHook(SpringApplication.java:1463) ~[spring-boot-3.3.4.jar:3.3.4]
	at org.springframework.boot.test.context.SpringBootContextLoader$ContextLoaderHook.run(SpringBootContextLoader.java:553) ~[spring-boot-test-3.3.4.jar:3.3.4]
	at org.springframework.boot.test.context.SpringBootContextLoader.loadContext(SpringBootContextLoader.java:137) ~[spring-boot-test-3.3.4.jar:3.3.4]
	at org.springframework.boot.test.context.SpringBootContextLoader.loadContext(SpringBootContextLoader.java:108) ~[spring-boot-test-3.3.4.jar:3.3.4]
	at org.springframework.test.context.cache.DefaultCacheAwareContextLoaderDelegate.loadContextInternal(DefaultCacheAwareContextLoaderDelegate.java:225) ~[spring-test-6.1.13.jar:6.1.13]
	at org.springframework.test.context.cache.DefaultCacheAwareContextLoaderDelegate.loadContext(DefaultCacheAwareContextLoaderDelegate.java:152) ~[spring-test-6.1.13.jar:6.1.13]
	at org.springframework.test.context.support.DefaultTestContext.getApplicationContext(DefaultTestContext.java:130) ~[spring-test-6.1.13.jar:6.1.13]
	at org.springframework.test.context.web.ServletTestExecutionListener.setUpRequestContextIfNecessary(ServletTestExecutionListener.java:191) ~[spring-test-6.1.13.jar:6.1.13]
	at org.springframework.test.context.web.ServletTestExecutionListener.prepareTestInstance(ServletTestExecutionListener.java:130) ~[spring-test-6.1.13.jar:6.1.13]
	at org.springframework.test.context.TestContextManager.prepareTestInstance(TestContextManager.java:260) ~[spring-test-6.1.13.jar:6.1.13]
	at org.springframework.test.context.junit.jupiter.SpringExtension.postProcessTestInstance(SpringExtension.java:163) ~[spring-test-6.1.13.jar:6.1.13]
	at org.junit.jupiter.engine.descriptor.ClassBasedTestDescriptor.lambda$invokeTestInstancePostProcessors$10(ClassBasedTestDescriptor.java:378) ~[junit-jupiter-engine-5.10.3.jar:5.10.3]
	at org.junit.jupiter.engine.descriptor.ClassBasedTestDescriptor.executeAndMaskThrowable(ClassBasedTestDescriptor.java:383) ~[junit-jupiter-engine-5.10.3.jar:5.10.3]
	at org.junit.jupiter.engine.descriptor.ClassBasedTestDescriptor.lambda$invokeTestInstancePostProcessors$11(ClassBasedTestDescriptor.java:378) ~[junit-jupiter-engine-5.10.3.jar:5.10.3]
	at java.base/java.util.stream.ReferencePipeline$3$1.accept(ReferencePipeline.java:197) ~[na:na]
	at java.base/java.util.stream.ReferencePipeline$2$1.accept(ReferencePipeline.java:179) ~[na:na]
	at java.base/java.util.ArrayList$ArrayListSpliterator.forEachRemaining(ArrayList.java:1625) ~[na:na]
	at java.base/java.util.stream.AbstractPipeline.copyInto(AbstractPipeline.java:509) ~[na:na]
	at java.base/java.util.stream.AbstractPipeline.wrapAndCopyInto(AbstractPipeline.java:499) ~[na:na]
	at java.base/java.util.stream.StreamSpliterators$WrappingSpliterator.forEachRemaining(StreamSpliterators.java:310) ~[na:na]
	at java.base/java.util.stream.Streams$ConcatSpliterator.forEachRemaining(Streams.java:735) ~[na:na]
	at java.base/java.util.stream.Streams$ConcatSpliterator.forEachRemaining(Streams.java:734) ~[na:na]
	at java.base/java.util.stream.ReferencePipeline$Head.forEach(ReferencePipeline.java:762) ~[na:na]
	at org.junit.jupiter.engine.descriptor.ClassBasedTestDescriptor.invokeTestInstancePostProcessors(ClassBasedTestDescriptor.java:377) ~[junit-jupiter-engine-5.10.3.jar:5.10.3]
	at org.junit.jupiter.engine.descriptor.ClassBasedTestDescriptor.lambda$instantiateAndPostProcessTestInstance$6(ClassBasedTestDescriptor.java:290) ~[junit-jupiter-engine-5.10.3.jar:5.10.3]
	at org.junit.platform.engine.support.hierarchical.ThrowableCollector.execute(ThrowableCollector.java:73) ~[junit-platform-engine-1.10.3.jar:1.10.3]
	at org.junit.jupiter.engine.descriptor.ClassBasedTestDescriptor.instantiateAndPostProcessTestInstance(ClassBasedTestDescriptor.java:289) ~[junit-jupiter-engine-5.10.3.jar:5.10.3]
	at org.junit.jupiter.engine.descriptor.ClassBasedTestDescriptor.lambda$testInstancesProvider$4(ClassBasedTestDescriptor.java:279) ~[junit-jupiter-engine-5.10.3.jar:5.10.3]
	at java.base/java.util.Optional.orElseGet(Optional.java:364) ~[na:na]
	at org.junit.jupiter.engine.descriptor.ClassBasedTestDescriptor.lambda$testInstancesProvider$5(ClassBasedTestDescriptor.java:278) ~[junit-jupiter-engine-5.10.3.jar:5.10.3]
	at org.junit.jupiter.engine.execution.TestInstancesProvider.getTestInstances(TestInstancesProvider.java:31) ~[junit-jupiter-engine-5.10.3.jar:5.10.3]
	at org.junit.jupiter.engine.descriptor.TestMethodTestDescriptor.lambda$prepare$0(TestMethodTestDescriptor.java:106) ~[junit-jupiter-engine-5.10.3.jar:5.10.3]
	at org.junit.platform.engine.support.hierarchical.ThrowableCollector.execute(ThrowableCollector.java:73) ~[junit-platform-engine-1.10.3.jar:1.10.3]
	at org.junit.jupiter.engine.descriptor.TestMethodTestDescriptor.prepare(TestMethodTestDescriptor.java:105) ~[junit-jupiter-engine-5.10.3.jar:5.10.3]
	at org.junit.jupiter.engine.descriptor.TestMethodTestDescriptor.prepare(TestMethodTestDescriptor.java:69) ~[junit-jupiter-engine-5.10.3.jar:5.10.3]
	at org.junit.platform.engine.support.hierarchical.NodeTestTask.lambda$prepare$2(NodeTestTask.java:123) ~[junit-platform-engine-1.10.3.jar:1.10.3]
	at org.junit.platform.engine.support.hierarchical.ThrowableCollector.execute(ThrowableCollector.java:73) ~[junit-platform-engine-1.10.3.jar:1.10.3]
	at org.junit.platform.engine.support.hierarchical.NodeTestTask.prepare(NodeTestTask.java:123) ~[junit-platform-engine-1.10.3.jar:1.10.3]
	at org.junit.platform.engine.support.hierarchical.NodeTestTask.execute(NodeTestTask.java:90) ~[junit-platform-engine-1.10.3.jar:1.10.3]
	at java.base/java.util.ArrayList.forEach(ArrayList.java:1511) ~[na:na]
	at org.junit.platform.engine.support.hierarchical.SameThreadHierarchicalTestExecutorService.invokeAll(SameThreadHierarchicalTestExecutorService.java:41) ~[junit-platform-engine-1.10.3.jar:1.10.3]
	at org.junit.platform.engine.support.hierarchical.NodeTestTask.lambda$executeRecursively$6(NodeTestTask.java:155) ~[junit-platform-engine-1.10.3.jar:1.10.3]
	at org.junit.platform.engine.support.hierarchical.ThrowableCollector.execute(ThrowableCollector.java:73) ~[junit-platform-engine-1.10.3.jar:1.10.3]
	at org.junit.platform.engine.support.hierarchical.NodeTestTask.lambda$executeRecursively$8(NodeTestTask.java:141) ~[junit-platform-engine-1.10.3.jar:1.10.3]
	at org.junit.platform.engine.support.hierarchical.Node.around(Node.java:137) ~[junit-platform-engine-1.10.3.jar:1.10.3]
	at org.junit.platform.engine.support.hierarchical.NodeTestTask.lambda$executeRecursively$9(NodeTestTask.java:139) ~[junit-platform-engine-1.10.3.jar:1.10.3]
	at org.junit.platform.engine.support.hierarchical.ThrowableCollector.execute(ThrowableCollector.java:73) ~[junit-platform-engine-1.10.3.jar:1.10.3]
	at org.junit.platform.engine.support.hierarchical.NodeTestTask.executeRecursively(NodeTestTask.java:138) ~[junit-platform-engine-1.10.3.jar:1.10.3]
	at org.junit.platform.engine.support.hierarchical.NodeTestTask.execute(NodeTestTask.java:95) ~[junit-platform-engine-1.10.3.jar:1.10.3]
	at java.base/java.util.ArrayList.forEach(ArrayList.java:1511) ~[na:na]
	at org.junit.platform.engine.support.hierarchical.SameThreadHierarchicalTestExecutorService.invokeAll(SameThreadHierarchicalTestExecutorService.java:41) ~[junit-platform-engine-1.10.3.jar:1.10.3]
	at org.junit.platform.engine.support.hierarchical.NodeTestTask.lambda$executeRecursively$6(NodeTestTask.java:155) ~[junit-platform-engine-1.10.3.jar:1.10.3]
	at org.junit.platform.engine.support.hierarchical.ThrowableCollector.execute(ThrowableCollector.java:73) ~[junit-platform-engine-1.10.3.jar:1.10.3]
	at org.junit.platform.engine.support.hierarchical.NodeTestTask.lambda$executeRecursively$8(NodeTestTask.java:141) ~[junit-platform-engine-1.10.3.jar:1.10.3]
	at org.junit.platform.engine.support.hierarchical.Node.around(Node.java:137) ~[junit-platform-engine-1.10.3.jar:1.10.3]
	at org.junit.platform.engine.support.hierarchical.NodeTestTask.lambda$executeRecursively$9(NodeTestTask.java:139) ~[junit-platform-engine-1.10.3.jar:1.10.3]
	at org.junit.platform.engine.support.hierarchical.ThrowableCollector.execute(ThrowableCollector.java:73) ~[junit-platform-engine-1.10.3.jar:1.10.3]
	at org.junit.platform.engine.support.hierarchical.NodeTestTask.executeRecursively(NodeTestTask.java:138) ~[junit-platform-engine-1.10.3.jar:1.10.3]
	at org.junit.platform.engine.support.hierarchical.NodeTestTask.execute(NodeTestTask.java:95) ~[junit-platform-engine-1.10.3.jar:1.10.3]
	at org.junit.platform.engine.support.hierarchical.SameThreadHierarchicalTestExecutorService.submit(SameThreadHierarchicalTestExecutorService.java:35) ~[junit-platform-engine-1.10.3.jar:1.10.3]
	at org.junit.platform.engine.support.hierarchical.HierarchicalTestExecutor.execute(HierarchicalTestExecutor.java:57) ~[junit-platform-engine-1.10.3.jar:1.10.3]
	at org.junit.platform.engine.support.hierarchical.HierarchicalTestEngine.execute(HierarchicalTestEngine.java:54) ~[junit-platform-engine-1.10.3.jar:1.10.3]
	at org.junit.platform.launcher.core.EngineExecutionOrchestrator.execute(EngineExecutionOrchestrator.java:198) ~[junit-platform-launcher-1.10.3.jar:1.10.3]
	at org.junit.platform.launcher.core.EngineExecutionOrchestrator.execute(EngineExecutionOrchestrator.java:169) ~[junit-platform-launcher-1.10.3.jar:1.10.3]
	at org.junit.platform.launcher.core.EngineExecutionOrchestrator.execute(EngineExecutionOrchestrator.java:93) ~[junit-platform-launcher-1.10.3.jar:1.10.3]
	at org.junit.platform.launcher.core.EngineExecutionOrchestrator.lambda$execute$0(EngineExecutionOrchestrator.java:58) ~[junit-platform-launcher-1.10.3.jar:1.10.3]
	at org.junit.platform.launcher.core.EngineExecutionOrchestrator.withInterceptedStreams(EngineExecutionOrchestrator.java:141) ~[junit-platform-launcher-1.10.3.jar:1.10.3]
	at org.junit.platform.launcher.core.EngineExecutionOrchestrator.execute(EngineExecutionOrchestrator.java:57) ~[junit-platform-launcher-1.10.3.jar:1.10.3]
	at org.junit.platform.launcher.core.DefaultLauncher.execute(DefaultLauncher.java:103) ~[junit-platform-launcher-1.10.3.jar:1.10.3]
	at org.junit.platform.launcher.core.DefaultLauncher.execute(DefaultLauncher.java:85) ~[junit-platform-launcher-1.10.3.jar:1.10.3]
	at org.junit.platform.launcher.core.DelegatingLauncher.execute(DelegatingLauncher.java:47) ~[junit-platform-launcher-1.10.3.jar:1.10.3]
	at org.apache.maven.surefire.junitplatform.LazyLauncher.execute(LazyLauncher.java:56) ~[surefire-junit-platform-3.2.5.jar:3.2.5]
	at org.apache.maven.surefire.junitplatform.JUnitPlatformProvider.execute(JUnitPlatformProvider.java:184) ~[surefire-junit-platform-3.2.5.jar:3.2.5]
	at org.apache.maven.surefire.junitplatform.JUnitPlatformProvider.invokeAllTests(JUnitPlatformProvider.java:148) ~[surefire-junit-platform-3.2.5.jar:3.2.5]
	at org.apache.maven.surefire.junitplatform.JUnitPlatformProvider.invoke(JUnitPlatformProvider.java:122) ~[surefire-junit-platform-3.2.5.jar:3.2.5]
	at org.apache.maven.surefire.booter.ForkedBooter.runSuitesInProcess(ForkedBooter.java:385) ~[surefire-booter-3.2.5.jar:3.2.5]
	at org.apache.maven.surefire.booter.ForkedBooter.execute(ForkedBooter.java:162) ~[surefire-booter-3.2.5.jar:3.2.5]
	at org.apache.maven.surefire.booter.ForkedBooter.run(ForkedBooter.java:507) ~[surefire-booter-3.2.5.jar:3.2.5]
	at org.apache.maven.surefire.booter.ForkedBooter.main(ForkedBooter.java:495) ~[surefire-booter-3.2.5.jar:3.2.5]
Caused by: java.sql.SQLException: Data truncated for column 'descp' at row 4
	at com.mysql.cj.jdbc.exceptions.SQLError.createSQLException(SQLError.java:130) ~[mysql-connector-j-8.3.0.jar:8.3.0]
	at com.mysql.cj.jdbc.exceptions.SQLExceptionsMapping.translateException(SQLExceptionsMapping.java:122) ~[mysql-connector-j-8.3.0.jar:8.3.0]
	at com.mysql.cj.jdbc.StatementImpl.executeInternal(StatementImpl.java:770) ~[mysql-connector-j-8.3.0.jar:8.3.0]
	at com.mysql.cj.jdbc.StatementImpl.execute(StatementImpl.java:653) ~[mysql-connector-j-8.3.0.jar:8.3.0]
	at com.zaxxer.hikari.pool.ProxyStatement.execute(ProxyStatement.java:94) ~[HikariCP-5.1.0.jar:na]
	at com.zaxxer.hikari.pool.HikariProxyStatement.execute(HikariProxyStatement.java) ~[HikariCP-5.1.0.jar:na]
	at org.hibernate.tool.schema.internal.exec.GenerationTargetToDatabase.accept(GenerationTargetToDatabase.java:80) ~[hibernate-core-6.5.3.Final.jar:6.5.3.Final]
	... 115 common frames omitted

2024-12-13T18:05:47.579+05:30 DEBUG 7187 --- [contenttree] [           main] org.hibernate.mapping.Table              : No alter strings for table : confirmation_token
2024-12-13T18:05:47.579+05:30 DEBUG 7187 --- [contenttree] [           main] org.hibernate.mapping.Table              : No alter strings for table : country_code
2024-12-13T18:05:47.579+05:30 DEBUG 7187 --- [contenttree] [           main] org.hibernate.mapping.Table              : No alter strings for table : download_log
2024-12-13T18:05:47.579+05:30 DEBUG 7187 --- [contenttree] [           main] org.hibernate.mapping.Table              : No alter strings for table : event
2024-12-13T18:05:47.579+05:30 DEBUG 7187 --- [contenttree] [           main] org.hibernate.mapping.Table              : No alter strings for table : news_letter
2024-12-13T18:05:47.579+05:30 DEBUG 7187 --- [contenttree] [           main] org.hibernate.mapping.Table              : No alter strings for table : region
2024-12-13T18:05:47.579+05:30 DEBUG 7187 --- [contenttree] [           main] org.hibernate.SQL                        : alter table solution_sets modify column description varchar(255)
Hibernate: alter table solution_sets modify column description varchar(255)
2024-12-13T18:05:48.170+05:30  WARN 7187 --- [contenttree] [           main] o.h.t.s.i.ExceptionHandlerLoggedImpl     : GenerationTarget encountered exception accepting command : Error executing DDL "alter table solution_sets modify column description varchar(255)" via JDBC [Data truncated for column 'description' at row 24]

org.hibernate.tool.schema.spi.CommandAcceptanceException: Error executing DDL "alter table solution_sets modify column description varchar(255)" via JDBC [Data truncated for column 'description' at row 24]
	at org.hibernate.tool.schema.internal.exec.GenerationTargetToDatabase.accept(GenerationTargetToDatabase.java:94) ~[hibernate-core-6.5.3.Final.jar:6.5.3.Final]
	at org.hibernate.tool.schema.internal.AbstractSchemaMigrator.applySqlString(AbstractSchemaMigrator.java:583) ~[hibernate-core-6.5.3.Final.jar:6.5.3.Final]
	at org.hibernate.tool.schema.internal.AbstractSchemaMigrator.applySqlStrings(AbstractSchemaMigrator.java:523) ~[hibernate-core-6.5.3.Final.jar:6.5.3.Final]
	at org.hibernate.tool.schema.internal.AbstractSchemaMigrator.migrateTable(AbstractSchemaMigrator.java:341) ~[hibernate-core-6.5.3.Final.jar:6.5.3.Final]
	at org.hibernate.tool.schema.internal.GroupedSchemaMigratorImpl.performTablesMigration(GroupedSchemaMigratorImpl.java:84) ~[hibernate-core-6.5.3.Final.jar:6.5.3.Final]
	at org.hibernate.tool.schema.internal.AbstractSchemaMigrator.performMigration(AbstractSchemaMigrator.java:240) ~[hibernate-core-6.5.3.Final.jar:6.5.3.Final]
	at org.hibernate.tool.schema.internal.AbstractSchemaMigrator.doMigration(AbstractSchemaMigrator.java:119) ~[hibernate-core-6.5.3.Final.jar:6.5.3.Final]
	at org.hibernate.tool.schema.spi.SchemaManagementToolCoordinator.performDatabaseAction(SchemaManagementToolCoordinator.java:280) ~[hibernate-core-6.5.3.Final.jar:6.5.3.Final]
	at org.hibernate.tool.schema.spi.SchemaManagementToolCoordinator.lambda$process$5(SchemaManagementToolCoordinator.java:144) ~[hibernate-core-6.5.3.Final.jar:6.5.3.Final]
	at java.base/java.util.HashMap.forEach(HashMap.java:1421) ~[na:na]
	at org.hibernate.tool.schema.spi.SchemaManagementToolCoordinator.process(SchemaManagementToolCoordinator.java:141) ~[hibernate-core-6.5.3.Final.jar:6.5.3.Final]
	at org.hibernate.boot.internal.SessionFactoryObserverForSchemaExport.sessionFactoryCreated(SessionFactoryObserverForSchemaExport.java:37) ~[hibernate-core-6.5.3.Final.jar:6.5.3.Final]
	at org.hibernate.internal.SessionFactoryObserverChain.sessionFactoryCreated(SessionFactoryObserverChain.java:35) ~[hibernate-core-6.5.3.Final.jar:6.5.3.Final]
	at org.hibernate.internal.SessionFactoryImpl.<init>(SessionFactoryImpl.java:322) ~[hibernate-core-6.5.3.Final.jar:6.5.3.Final]
	at org.hibernate.boot.internal.SessionFactoryBuilderImpl.build(SessionFactoryBuilderImpl.java:457) ~[hibernate-core-6.5.3.Final.jar:6.5.3.Final]
	at org.hibernate.jpa.boot.internal.EntityManagerFactoryBuilderImpl.build(EntityManagerFactoryBuilderImpl.java:1506) ~[hibernate-core-6.5.3.Final.jar:6.5.3.Final]
	at org.springframework.orm.jpa.vendor.SpringHibernateJpaPersistenceProvider.createContainerEntityManagerFactory(SpringHibernateJpaPersistenceProvider.java:75) ~[spring-orm-6.1.13.jar:6.1.13]
	at org.springframework.orm.jpa.LocalContainerEntityManagerFactoryBean.createNativeEntityManagerFactory(LocalContainerEntityManagerFactoryBean.java:390) ~[spring-orm-6.1.13.jar:6.1.13]
	at org.springframework.orm.jpa.AbstractEntityManagerFactoryBean.buildNativeEntityManagerFactory(AbstractEntityManagerFactoryBean.java:409) ~[spring-orm-6.1.13.jar:6.1.13]
	at org.springframework.orm.jpa.AbstractEntityManagerFactoryBean.afterPropertiesSet(AbstractEntityManagerFactoryBean.java:396) ~[spring-orm-6.1.13.jar:6.1.13]
	at org.springframework.orm.jpa.LocalContainerEntityManagerFactoryBean.afterPropertiesSet(LocalContainerEntityManagerFactoryBean.java:366) ~[spring-orm-6.1.13.jar:6.1.13]
	at org.springframework.beans.factory.support.AbstractAutowireCapableBeanFactory.invokeInitMethods(AbstractAutowireCapableBeanFactory.java:1853) ~[spring-beans-6.1.13.jar:6.1.13]
	at org.springframework.beans.factory.support.AbstractAutowireCapableBeanFactory.initializeBean(AbstractAutowireCapableBeanFactory.java:1802) ~[spring-beans-6.1.13.jar:6.1.13]
	at org.springframework.beans.factory.support.AbstractAutowireCapableBeanFactory.doCreateBean(AbstractAutowireCapableBeanFactory.java:600) ~[spring-beans-6.1.13.jar:6.1.13]
	at org.springframework.beans.factory.support.AbstractAutowireCapableBeanFactory.createBean(AbstractAutowireCapableBeanFactory.java:522) ~[spring-beans-6.1.13.jar:6.1.13]
	at org.springframework.beans.factory.support.AbstractBeanFactory.lambda$doGetBean$0(AbstractBeanFactory.java:337) ~[spring-beans-6.1.13.jar:6.1.13]
	at org.springframework.beans.factory.support.DefaultSingletonBeanRegistry.getSingleton(DefaultSingletonBeanRegistry.java:234) ~[spring-beans-6.1.13.jar:6.1.13]
	at org.springframework.beans.factory.support.AbstractBeanFactory.doGetBean(AbstractBeanFactory.java:335) ~[spring-beans-6.1.13.jar:6.1.13]
	at org.springframework.beans.factory.support.AbstractBeanFactory.getBean(AbstractBeanFactory.java:205) ~[spring-beans-6.1.13.jar:6.1.13]
	at org.springframework.context.support.AbstractApplicationContext.finishBeanFactoryInitialization(AbstractApplicationContext.java:954) ~[spring-context-6.1.13.jar:6.1.13]
	at org.springframework.context.support.AbstractApplicationContext.refresh(AbstractApplicationContext.java:625) ~[spring-context-6.1.13.jar:6.1.13]
	at org.springframework.boot.SpringApplication.refresh(SpringApplication.java:754) ~[spring-boot-3.3.4.jar:3.3.4]
	at org.springframework.boot.SpringApplication.refreshContext(SpringApplication.java:456) ~[spring-boot-3.3.4.jar:3.3.4]
	at org.springframework.boot.SpringApplication.run(SpringApplication.java:335) ~[spring-boot-3.3.4.jar:3.3.4]
	at org.springframework.boot.test.context.SpringBootContextLoader.lambda$loadContext$3(SpringBootContextLoader.java:137) ~[spring-boot-test-3.3.4.jar:3.3.4]
	at org.springframework.util.function.ThrowingSupplier.get(ThrowingSupplier.java:58) ~[spring-core-6.1.13.jar:6.1.13]
	at org.springframework.util.function.ThrowingSupplier.get(ThrowingSupplier.java:46) ~[spring-core-6.1.13.jar:6.1.13]
	at org.springframework.boot.SpringApplication.withHook(SpringApplication.java:1463) ~[spring-boot-3.3.4.jar:3.3.4]
	at org.springframework.boot.test.context.SpringBootContextLoader$ContextLoaderHook.run(SpringBootContextLoader.java:553) ~[spring-boot-test-3.3.4.jar:3.3.4]
	at org.springframework.boot.test.context.SpringBootContextLoader.loadContext(SpringBootContextLoader.java:137) ~[spring-boot-test-3.3.4.jar:3.3.4]
	at org.springframework.boot.test.context.SpringBootContextLoader.loadContext(SpringBootContextLoader.java:108) ~[spring-boot-test-3.3.4.jar:3.3.4]
	at org.springframework.test.context.cache.DefaultCacheAwareContextLoaderDelegate.loadContextInternal(DefaultCacheAwareContextLoaderDelegate.java:225) ~[spring-test-6.1.13.jar:6.1.13]
	at org.springframework.test.context.cache.DefaultCacheAwareContextLoaderDelegate.loadContext(DefaultCacheAwareContextLoaderDelegate.java:152) ~[spring-test-6.1.13.jar:6.1.13]
	at org.springframework.test.context.support.DefaultTestContext.getApplicationContext(DefaultTestContext.java:130) ~[spring-test-6.1.13.jar:6.1.13]
	at org.springframework.test.context.web.ServletTestExecutionListener.setUpRequestContextIfNecessary(ServletTestExecutionListener.java:191) ~[spring-test-6.1.13.jar:6.1.13]
	at org.springframework.test.context.web.ServletTestExecutionListener.prepareTestInstance(ServletTestExecutionListener.java:130) ~[spring-test-6.1.13.jar:6.1.13]
	at org.springframework.test.context.TestContextManager.prepareTestInstance(TestContextManager.java:260) ~[spring-test-6.1.13.jar:6.1.13]
	at org.springframework.test.context.junit.jupiter.SpringExtension.postProcessTestInstance(SpringExtension.java:163) ~[spring-test-6.1.13.jar:6.1.13]
	at org.junit.jupiter.engine.descriptor.ClassBasedTestDescriptor.lambda$invokeTestInstancePostProcessors$10(ClassBasedTestDescriptor.java:378) ~[junit-jupiter-engine-5.10.3.jar:5.10.3]
	at org.junit.jupiter.engine.descriptor.ClassBasedTestDescriptor.executeAndMaskThrowable(ClassBasedTestDescriptor.java:383) ~[junit-jupiter-engine-5.10.3.jar:5.10.3]
	at org.junit.jupiter.engine.descriptor.ClassBasedTestDescriptor.lambda$invokeTestInstancePostProcessors$11(ClassBasedTestDescriptor.java:378) ~[junit-jupiter-engine-5.10.3.jar:5.10.3]
	at java.base/java.util.stream.ReferencePipeline$3$1.accept(ReferencePipeline.java:197) ~[na:na]
	at java.base/java.util.stream.ReferencePipeline$2$1.accept(ReferencePipeline.java:179) ~[na:na]
	at java.base/java.util.ArrayList$ArrayListSpliterator.forEachRemaining(ArrayList.java:1625) ~[na:na]
	at java.base/java.util.stream.AbstractPipeline.copyInto(AbstractPipeline.java:509) ~[na:na]
	at java.base/java.util.stream.AbstractPipeline.wrapAndCopyInto(AbstractPipeline.java:499) ~[na:na]
	at java.base/java.util.stream.StreamSpliterators$WrappingSpliterator.forEachRemaining(StreamSpliterators.java:310) ~[na:na]
	at java.base/java.util.stream.Streams$ConcatSpliterator.forEachRemaining(Streams.java:735) ~[na:na]
	at java.base/java.util.stream.Streams$ConcatSpliterator.forEachRemaining(Streams.java:734) ~[na:na]
	at java.base/java.util.stream.ReferencePipeline$Head.forEach(ReferencePipeline.java:762) ~[na:na]
	at org.junit.jupiter.engine.descriptor.ClassBasedTestDescriptor.invokeTestInstancePostProcessors(ClassBasedTestDescriptor.java:377) ~[junit-jupiter-engine-5.10.3.jar:5.10.3]
	at org.junit.jupiter.engine.descriptor.ClassBasedTestDescriptor.lambda$instantiateAndPostProcessTestInstance$6(ClassBasedTestDescriptor.java:290) ~[junit-jupiter-engine-5.10.3.jar:5.10.3]
	at org.junit.platform.engine.support.hierarchical.ThrowableCollector.execute(ThrowableCollector.java:73) ~[junit-platform-engine-1.10.3.jar:1.10.3]
	at org.junit.jupiter.engine.descriptor.ClassBasedTestDescriptor.instantiateAndPostProcessTestInstance(ClassBasedTestDescriptor.java:289) ~[junit-jupiter-engine-5.10.3.jar:5.10.3]
	at org.junit.jupiter.engine.descriptor.ClassBasedTestDescriptor.lambda$testInstancesProvider$4(ClassBasedTestDescriptor.java:279) ~[junit-jupiter-engine-5.10.3.jar:5.10.3]
	at java.base/java.util.Optional.orElseGet(Optional.java:364) ~[na:na]
	at org.junit.jupiter.engine.descriptor.ClassBasedTestDescriptor.lambda$testInstancesProvider$5(ClassBasedTestDescriptor.java:278) ~[junit-jupiter-engine-5.10.3.jar:5.10.3]
	at org.junit.jupiter.engine.execution.TestInstancesProvider.getTestInstances(TestInstancesProvider.java:31) ~[junit-jupiter-engine-5.10.3.jar:5.10.3]
	at org.junit.jupiter.engine.descriptor.TestMethodTestDescriptor.lambda$prepare$0(TestMethodTestDescriptor.java:106) ~[junit-jupiter-engine-5.10.3.jar:5.10.3]
	at org.junit.platform.engine.support.hierarchical.ThrowableCollector.execute(ThrowableCollector.java:73) ~[junit-platform-engine-1.10.3.jar:1.10.3]
	at org.junit.jupiter.engine.descriptor.TestMethodTestDescriptor.prepare(TestMethodTestDescriptor.java:105) ~[junit-jupiter-engine-5.10.3.jar:5.10.3]
	at org.junit.jupiter.engine.descriptor.TestMethodTestDescriptor.prepare(TestMethodTestDescriptor.java:69) ~[junit-jupiter-engine-5.10.3.jar:5.10.3]
	at org.junit.platform.engine.support.hierarchical.NodeTestTask.lambda$prepare$2(NodeTestTask.java:123) ~[junit-platform-engine-1.10.3.jar:1.10.3]
	at org.junit.platform.engine.support.hierarchical.ThrowableCollector.execute(ThrowableCollector.java:73) ~[junit-platform-engine-1.10.3.jar:1.10.3]
	at org.junit.platform.engine.support.hierarchical.NodeTestTask.prepare(NodeTestTask.java:123) ~[junit-platform-engine-1.10.3.jar:1.10.3]
	at org.junit.platform.engine.support.hierarchical.NodeTestTask.execute(NodeTestTask.java:90) ~[junit-platform-engine-1.10.3.jar:1.10.3]
	at java.base/java.util.ArrayList.forEach(ArrayList.java:1511) ~[na:na]
	at org.junit.platform.engine.support.hierarchical.SameThreadHierarchicalTestExecutorService.invokeAll(SameThreadHierarchicalTestExecutorService.java:41) ~[junit-platform-engine-1.10.3.jar:1.10.3]
	at org.junit.platform.engine.support.hierarchical.NodeTestTask.lambda$executeRecursively$6(NodeTestTask.java:155) ~[junit-platform-engine-1.10.3.jar:1.10.3]
	at org.junit.platform.engine.support.hierarchical.ThrowableCollector.execute(ThrowableCollector.java:73) ~[junit-platform-engine-1.10.3.jar:1.10.3]
	at org.junit.platform.engine.support.hierarchical.NodeTestTask.lambda$executeRecursively$8(NodeTestTask.java:141) ~[junit-platform-engine-1.10.3.jar:1.10.3]
	at org.junit.platform.engine.support.hierarchical.Node.around(Node.java:137) ~[junit-platform-engine-1.10.3.jar:1.10.3]
	at org.junit.platform.engine.support.hierarchical.NodeTestTask.lambda$executeRecursively$9(NodeTestTask.java:139) ~[junit-platform-engine-1.10.3.jar:1.10.3]
	at org.junit.platform.engine.support.hierarchical.ThrowableCollector.execute(ThrowableCollector.java:73) ~[junit-platform-engine-1.10.3.jar:1.10.3]
	at org.junit.platform.engine.support.hierarchical.NodeTestTask.executeRecursively(NodeTestTask.java:138) ~[junit-platform-engine-1.10.3.jar:1.10.3]
	at org.junit.platform.engine.support.hierarchical.NodeTestTask.execute(NodeTestTask.java:95) ~[junit-platform-engine-1.10.3.jar:1.10.3]
	at java.base/java.util.ArrayList.forEach(ArrayList.java:1511) ~[na:na]
	at org.junit.platform.engine.support.hierarchical.SameThreadHierarchicalTestExecutorService.invokeAll(SameThreadHierarchicalTestExecutorService.java:41) ~[junit-platform-engine-1.10.3.jar:1.10.3]
	at org.junit.platform.engine.support.hierarchical.NodeTestTask.lambda$executeRecursively$6(NodeTestTask.java:155) ~[junit-platform-engine-1.10.3.jar:1.10.3]
	at org.junit.platform.engine.support.hierarchical.ThrowableCollector.execute(ThrowableCollector.java:73) ~[junit-platform-engine-1.10.3.jar:1.10.3]
	at org.junit.platform.engine.support.hierarchical.NodeTestTask.lambda$executeRecursively$8(NodeTestTask.java:141) ~[junit-platform-engine-1.10.3.jar:1.10.3]
	at org.junit.platform.engine.support.hierarchical.Node.around(Node.java:137) ~[junit-platform-engine-1.10.3.jar:1.10.3]
	at org.junit.platform.engine.support.hierarchical.NodeTestTask.lambda$executeRecursively$9(NodeTestTask.java:139) ~[junit-platform-engine-1.10.3.jar:1.10.3]
	at org.junit.platform.engine.support.hierarchical.ThrowableCollector.execute(ThrowableCollector.java:73) ~[junit-platform-engine-1.10.3.jar:1.10.3]
	at org.junit.platform.engine.support.hierarchical.NodeTestTask.executeRecursively(NodeTestTask.java:138) ~[junit-platform-engine-1.10.3.jar:1.10.3]
	at org.junit.platform.engine.support.hierarchical.NodeTestTask.execute(NodeTestTask.java:95) ~[junit-platform-engine-1.10.3.jar:1.10.3]
	at org.junit.platform.engine.support.hierarchical.SameThreadHierarchicalTestExecutorService.submit(SameThreadHierarchicalTestExecutorService.java:35) ~[junit-platform-engine-1.10.3.jar:1.10.3]
	at org.junit.platform.engine.support.hierarchical.HierarchicalTestExecutor.execute(HierarchicalTestExecutor.java:57) ~[junit-platform-engine-1.10.3.jar:1.10.3]
	at org.junit.platform.engine.support.hierarchical.HierarchicalTestEngine.execute(HierarchicalTestEngine.java:54) ~[junit-platform-engine-1.10.3.jar:1.10.3]
	at org.junit.platform.launcher.core.EngineExecutionOrchestrator.execute(EngineExecutionOrchestrator.java:198) ~[junit-platform-launcher-1.10.3.jar:1.10.3]
	at org.junit.platform.launcher.core.EngineExecutionOrchestrator.execute(EngineExecutionOrchestrator.java:169) ~[junit-platform-launcher-1.10.3.jar:1.10.3]
	at org.junit.platform.launcher.core.EngineExecutionOrchestrator.execute(EngineExecutionOrchestrator.java:93) ~[junit-platform-launcher-1.10.3.jar:1.10.3]
	at org.junit.platform.launcher.core.EngineExecutionOrchestrator.lambda$execute$0(EngineExecutionOrchestrator.java:58) ~[junit-platform-launcher-1.10.3.jar:1.10.3]
	at org.junit.platform.launcher.core.EngineExecutionOrchestrator.withInterceptedStreams(EngineExecutionOrchestrator.java:141) ~[junit-platform-launcher-1.10.3.jar:1.10.3]
	at org.junit.platform.launcher.core.EngineExecutionOrchestrator.execute(EngineExecutionOrchestrator.java:57) ~[junit-platform-launcher-1.10.3.jar:1.10.3]
	at org.junit.platform.launcher.core.DefaultLauncher.execute(DefaultLauncher.java:103) ~[junit-platform-launcher-1.10.3.jar:1.10.3]
	at org.junit.platform.launcher.core.DefaultLauncher.execute(DefaultLauncher.java:85) ~[junit-platform-launcher-1.10.3.jar:1.10.3]
	at org.junit.platform.launcher.core.DelegatingLauncher.execute(DelegatingLauncher.java:47) ~[junit-platform-launcher-1.10.3.jar:1.10.3]
	at org.apache.maven.surefire.junitplatform.LazyLauncher.execute(LazyLauncher.java:56) ~[surefire-junit-platform-3.2.5.jar:3.2.5]
	at org.apache.maven.surefire.junitplatform.JUnitPlatformProvider.execute(JUnitPlatformProvider.java:184) ~[surefire-junit-platform-3.2.5.jar:3.2.5]
	at org.apache.maven.surefire.junitplatform.JUnitPlatformProvider.invokeAllTests(JUnitPlatformProvider.java:148) ~[surefire-junit-platform-3.2.5.jar:3.2.5]
	at org.apache.maven.surefire.junitplatform.JUnitPlatformProvider.invoke(JUnitPlatformProvider.java:122) ~[surefire-junit-platform-3.2.5.jar:3.2.5]
	at org.apache.maven.surefire.booter.ForkedBooter.runSuitesInProcess(ForkedBooter.java:385) ~[surefire-booter-3.2.5.jar:3.2.5]
	at org.apache.maven.surefire.booter.ForkedBooter.execute(ForkedBooter.java:162) ~[surefire-booter-3.2.5.jar:3.2.5]
	at org.apache.maven.surefire.booter.ForkedBooter.run(ForkedBooter.java:507) ~[surefire-booter-3.2.5.jar:3.2.5]
	at org.apache.maven.surefire.booter.ForkedBooter.main(ForkedBooter.java:495) ~[surefire-booter-3.2.5.jar:3.2.5]
Caused by: java.sql.SQLException: Data truncated for column 'description' at row 24
	at com.mysql.cj.jdbc.exceptions.SQLError.createSQLException(SQLError.java:130) ~[mysql-connector-j-8.3.0.jar:8.3.0]
	at com.mysql.cj.jdbc.exceptions.SQLExceptionsMapping.translateException(SQLExceptionsMapping.java:122) ~[mysql-connector-j-8.3.0.jar:8.3.0]
	at com.mysql.cj.jdbc.StatementImpl.executeInternal(StatementImpl.java:770) ~[mysql-connector-j-8.3.0.jar:8.3.0]
	at com.mysql.cj.jdbc.StatementImpl.execute(StatementImpl.java:653) ~[mysql-connector-j-8.3.0.jar:8.3.0]
	at com.zaxxer.hikari.pool.ProxyStatement.execute(ProxyStatement.java:94) ~[HikariCP-5.1.0.jar:na]
	at com.zaxxer.hikari.pool.HikariProxyStatement.execute(HikariProxyStatement.java) ~[HikariCP-5.1.0.jar:na]
	at org.hibernate.tool.schema.internal.exec.GenerationTargetToDatabase.accept(GenerationTargetToDatabase.java:80) ~[hibernate-core-6.5.3.Final.jar:6.5.3.Final]
	... 115 common frames omitted

2024-12-13T18:05:48.174+05:30 DEBUG 7187 --- [contenttree] [           main] org.hibernate.mapping.Table              : No alter strings for table : static_count
2024-12-13T18:05:48.175+05:30 DEBUG 7187 --- [contenttree] [           main] org.hibernate.mapping.Table              : No alter strings for table : user
2024-12-13T18:05:48.175+05:30 DEBUG 7187 --- [contenttree] [           main] org.hibernate.mapping.Table              : No alter strings for table : user_data_storage
2024-12-13T18:05:48.175+05:30 DEBUG 7187 --- [contenttree] [           main] org.hibernate.mapping.Table              : No alter strings for table : vendors
2024-12-13T18:05:48.175+05:30 DEBUG 7187 --- [contenttree] [           main] org.hibernate.mapping.Table              : No alter strings for table : webinar
2024-12-13T18:05:59.219+05:30 DEBUG 7187 --- [contenttree] [           main] o.h.internal.SessionFactoryRegistry      : Initializing SessionFactoryRegistry : org.hibernate.internal.SessionFactoryRegistry@751526a7
2024-12-13T18:05:59.220+05:30 DEBUG 7187 --- [contenttree] [           main] o.h.internal.SessionFactoryRegistry      : Registering SessionFactory: 3ea07d2f-b3f7-40db-84d5-424fb8d25e45 (<unnamed>)
2024-12-13T18:05:59.220+05:30 DEBUG 7187 --- [contenttree] [           main] o.h.internal.SessionFactoryRegistry      : Not binding SessionFactory to JNDI, no JNDI name configured
2024-12-13T18:05:59.220+05:30 DEBUG 7187 --- [contenttree] [           main] o.hibernate.internal.SessionFactoryImpl  : Instantiated SessionFactory
2024-12-13T18:05:59.220+05:30  INFO 7187 --- [contenttree] [           main] j.LocalContainerEntityManagerFactoryBean : Initialized JPA EntityManagerFactory for persistence unit 'default'
2024-12-13T18:05:59.242+05:30 DEBUG 7187 --- [contenttree] [           main] o.s.b.f.s.DefaultListableBeanFactory     : Creating shared instance of singleton bean 'org.springframework.security.config.annotation.configuration.ObjectPostProcessorConfiguration'
2024-12-13T18:05:59.244+05:30 DEBUG 7187 --- [contenttree] [           main] o.s.b.f.s.DefaultListableBeanFactory     : Creating shared instance of singleton bean 'objectPostProcessor'
2024-12-13T18:05:59.247+05:30 DEBUG 7187 --- [contenttree] [           main] o.s.b.f.s.DefaultListableBeanFactory     : Autowiring by type from bean name 'objectPostProcessor' via factory method to bean named 'org.springframework.beans.factory.support.DefaultListableBeanFactory@5d10455d'
2024-12-13T18:05:59.248+05:30 DEBUG 7187 --- [contenttree] [           main] o.s.b.f.s.DefaultListableBeanFactory     : Creating shared instance of singleton bean 'org.springframework.boot.context.properties.EnableConfigurationPropertiesRegistrar.methodValidationExcludeFilter'
2024-12-13T18:05:59.251+05:30 DEBUG 7187 --- [contenttree] [           main] o.s.b.f.s.DefaultListableBeanFactory     : Creating shared instance of singleton bean 'queryDslQuerydslPredicateOperationCustomizer'
2024-12-13T18:05:59.251+05:30 DEBUG 7187 --- [contenttree] [           main] o.s.b.f.s.DefaultListableBeanFactory     : Creating shared instance of singleton bean 'org.springdoc.core.configuration.SpringDocConfiguration$QuerydslProvider'
2024-12-13T18:05:59.252+05:30 DEBUG 7187 --- [contenttree] [           main] o.s.b.f.s.DefaultListableBeanFactory     : Creating shared instance of singleton bean 'org.springdoc.core.properties.SpringDocConfigProperties'
2024-12-13T18:05:59.261+05:30 DEBUG 7187 --- [contenttree] [           main] o.s.b.f.s.DefaultListableBeanFactory     : Autowiring by type from bean name 'queryDslQuerydslPredicateOperationCustomizer' via factory method to bean named 'org.springdoc.core.properties.SpringDocConfigProperties'
2024-12-13T18:05:59.261+05:30 DEBUG 7187 --- [contenttree] [           main] o.s.b.f.s.DefaultListableBeanFactory     : Creating shared instance of singleton bean 'springDataWebPropertiesProvider'
2024-12-13T18:05:59.261+05:30 DEBUG 7187 --- [contenttree] [           main] o.s.b.f.s.DefaultListableBeanFactory     : Creating shared instance of singleton bean 'org.springdoc.core.configuration.SpringDocConfiguration$SpringDocSpringDataWebPropertiesProvider'
2024-12-13T18:05:59.262+05:30 DEBUG 7187 --- [contenttree] [           main] o.s.b.f.s.DefaultListableBeanFactory     : Creating shared instance of singleton bean 'spring.data.web-org.springframework.boot.autoconfigure.data.web.SpringDataWebProperties'
2024-12-13T18:05:59.263+05:30 DEBUG 7187 --- [contenttree] [           main] o.s.b.f.s.DefaultListableBeanFactory     : Creating shared instance of singleton bean 'webConversionServiceProvider'
2024-12-13T18:05:59.263+05:30 DEBUG 7187 --- [contenttree] [           main] o.s.b.f.s.DefaultListableBeanFactory     : Creating shared instance of singleton bean 'org.springdoc.core.configuration.SpringDocConfiguration$WebConversionServiceConfiguration'
2024-12-13T18:05:59.263+05:30 DEBUG 7187 --- [contenttree] [           main] o.s.b.f.s.DefaultListableBeanFactory     : Creating shared instance of singleton bean 'mvcConversionService'
2024-12-13T18:05:59.263+05:30 DEBUG 7187 --- [contenttree] [           main] o.s.b.f.s.DefaultListableBeanFactory     : Creating shared instance of singleton bean 'org.springframework.boot.autoconfigure.web.servlet.WebMvcAutoConfiguration$EnableWebMvcConfiguration'
2024-12-13T18:05:59.264+05:30 DEBUG 7187 --- [contenttree] [           main] o.s.b.f.s.DefaultListableBeanFactory     : Creating shared instance of singleton bean 'spring.mvc-org.springframework.boot.autoconfigure.web.servlet.WebMvcProperties'
2024-12-13T18:05:59.267+05:30 DEBUG 7187 --- [contenttree] [           main] o.s.b.f.s.DefaultListableBeanFactory     : Creating shared instance of singleton bean 'spring.web-org.springframework.boot.autoconfigure.web.WebProperties'
2024-12-13T18:05:59.270+05:30 DEBUG 7187 --- [contenttree] [           main] o.s.b.f.s.DefaultListableBeanFactory     : Autowiring by type from bean name 'org.springframework.boot.autoconfigure.web.servlet.WebMvcAutoConfiguration$EnableWebMvcConfiguration' via constructor to bean named 'spring.mvc-org.springframework.boot.autoconfigure.web.servlet.WebMvcProperties'
2024-12-13T18:05:59.270+05:30 DEBUG 7187 --- [contenttree] [           main] o.s.b.f.s.DefaultListableBeanFactory     : Autowiring by type from bean name 'org.springframework.boot.autoconfigure.web.servlet.WebMvcAutoConfiguration$EnableWebMvcConfiguration' via constructor to bean named 'spring.web-org.springframework.boot.autoconfigure.web.WebProperties'
2024-12-13T18:05:59.270+05:30 DEBUG 7187 --- [contenttree] [           main] o.s.b.f.s.DefaultListableBeanFactory     : Autowiring by type from bean name 'org.springframework.boot.autoconfigure.web.servlet.WebMvcAutoConfiguration$EnableWebMvcConfiguration' via constructor to bean named 'org.springframework.beans.factory.support.DefaultListableBeanFactory@5d10455d'
2024-12-13T18:05:59.272+05:30 DEBUG 7187 --- [contenttree] [           main] o.s.b.f.s.DefaultListableBeanFactory     : Creating shared instance of singleton bean 'webConfig'
2024-12-13T18:05:59.273+05:30 DEBUG 7187 --- [contenttree] [           main] o.s.b.f.s.DefaultListableBeanFactory     : Creating shared instance of singleton bean 'org.springframework.security.config.annotation.web.configuration.WebMvcSecurityConfiguration'
2024-12-13T18:05:59.275+05:30 DEBUG 7187 --- [contenttree] [           main] o.s.b.f.s.DefaultListableBeanFactory     : Creating shared instance of singleton bean 'org.springframework.boot.autoconfigure.web.servlet.WebMvcAutoConfiguration$WebMvcAutoConfigurationAdapter'
2024-12-13T18:05:59.275+05:30 DEBUG 7187 --- [contenttree] [           main] o.s.b.f.s.DefaultListableBeanFactory     : Autowiring by type from bean name 'org.springframework.boot.autoconfigure.web.servlet.WebMvcAutoConfiguration$WebMvcAutoConfigurationAdapter' via constructor to bean named 'spring.web-org.springframework.boot.autoconfigure.web.WebProperties'
2024-12-13T18:05:59.275+05:30 DEBUG 7187 --- [contenttree] [           main] o.s.b.f.s.DefaultListableBeanFactory     : Autowiring by type from bean name 'org.springframework.boot.autoconfigure.web.servlet.WebMvcAutoConfiguration$WebMvcAutoConfigurationAdapter' via constructor to bean named 'spring.mvc-org.springframework.boot.autoconfigure.web.servlet.WebMvcProperties'
2024-12-13T18:05:59.275+05:30 DEBUG 7187 --- [contenttree] [           main] o.s.b.f.s.DefaultListableBeanFactory     : Autowiring by type from bean name 'org.springframework.boot.autoconfigure.web.servlet.WebMvcAutoConfiguration$WebMvcAutoConfigurationAdapter' via constructor to bean named 'org.springframework.beans.factory.support.DefaultListableBeanFactory@5d10455d'
2024-12-13T18:05:59.276+05:30 DEBUG 7187 --- [contenttree] [           main] o.s.b.f.s.DefaultListableBeanFactory     : Creating shared instance of singleton bean 'swaggerWebMvcConfigurer'
2024-12-13T18:05:59.277+05:30 DEBUG 7187 --- [contenttree] [           main] o.s.b.f.s.DefaultListableBeanFactory     : Creating shared instance of singleton bean 'org.springdoc.webmvc.ui.SwaggerConfig'
2024-12-13T18:05:59.278+05:30 DEBUG 7187 --- [contenttree] [           main] o.s.b.f.s.DefaultListableBeanFactory     : Creating shared instance of singleton bean 'org.springdoc.core.properties.SwaggerUiConfigParameters'
2024-12-13T18:05:59.278+05:30 DEBUG 7187 --- [contenttree] [           main] o.s.b.f.s.DefaultListableBeanFactory     : Creating shared instance of singleton bean 'org.springdoc.core.properties.SwaggerUiConfigProperties'
2024-12-13T18:05:59.282+05:30 DEBUG 7187 --- [contenttree] [           main] o.s.b.f.s.DefaultListableBeanFactory     : Autowiring by type from bean name 'org.springdoc.core.properties.SwaggerUiConfigParameters' via constructor to bean named 'org.springdoc.core.properties.SwaggerUiConfigProperties'
2024-12-13T18:05:59.285+05:30 DEBUG 7187 --- [contenttree] [           main] o.s.b.f.s.DefaultListableBeanFactory     : Creating shared instance of singleton bean 'indexPageTransformer'
2024-12-13T18:05:59.285+05:30 DEBUG 7187 --- [contenttree] [           main] o.s.b.f.s.DefaultListableBeanFactory     : Creating shared instance of singleton bean 'org.springdoc.core.properties.SwaggerUiOAuthProperties'
2024-12-13T18:05:59.287+05:30 DEBUG 7187 --- [contenttree] [           main] o.s.b.f.s.DefaultListableBeanFactory     : Creating shared instance of singleton bean 'swaggerWelcome'
2024-12-13T18:05:59.288+05:30 DEBUG 7187 --- [contenttree] [           main] o.s.b.f.s.DefaultListableBeanFactory     : Creating shared instance of singleton bean 'springWebProvider'
2024-12-13T18:05:59.288+05:30 DEBUG 7187 --- [contenttree] [           main] o.s.b.f.s.DefaultListableBeanFactory     : Creating shared instance of singleton bean 'org.springdoc.webmvc.core.configuration.SpringDocWebMvcConfiguration'
2024-12-13T18:05:59.291+05:30 DEBUG 7187 --- [contenttree] [           main] o.s.b.f.s.DefaultListableBeanFactory     : Autowiring by type from bean name 'swaggerWelcome' via factory method to bean named 'org.springdoc.core.properties.SwaggerUiConfigProperties'
2024-12-13T18:05:59.291+05:30 DEBUG 7187 --- [contenttree] [           main] o.s.b.f.s.DefaultListableBeanFactory     : Autowiring by type from bean name 'swaggerWelcome' via factory method to bean named 'org.springdoc.core.properties.SpringDocConfigProperties'
2024-12-13T18:05:59.291+05:30 DEBUG 7187 --- [contenttree] [           main] o.s.b.f.s.DefaultListableBeanFactory     : Autowiring by type from bean name 'swaggerWelcome' via factory method to bean named 'org.springdoc.core.properties.SwaggerUiConfigParameters'
2024-12-13T18:05:59.291+05:30 DEBUG 7187 --- [contenttree] [           main] o.s.b.f.s.DefaultListableBeanFactory     : Autowiring by type from bean name 'swaggerWelcome' via factory method to bean named 'springWebProvider'
2024-12-13T18:05:59.300+05:30 DEBUG 7187 --- [contenttree] [           main] o.s.b.f.s.DefaultListableBeanFactory     : Creating shared instance of singleton bean 'springdocObjectMapperProvider'
2024-12-13T18:05:59.301+05:30 DEBUG 7187 --- [contenttree] [           main] o.s.b.f.s.DefaultListableBeanFactory     : Creating shared instance of singleton bean 'org.springdoc.core.configuration.SpringDocConfiguration'
2024-12-13T18:05:59.302+05:30 DEBUG 7187 --- [contenttree] [           main] o.s.b.f.s.DefaultListableBeanFactory     : Autowiring by type from bean name 'springdocObjectMapperProvider' via factory method to bean named 'org.springdoc.core.properties.SpringDocConfigProperties'
2024-12-13T18:05:59.314+05:30 DEBUG 7187 --- [contenttree] [           main] o.s.b.f.s.DefaultListableBeanFactory     : Autowiring by type from bean name 'indexPageTransformer' via factory method to bean named 'org.springdoc.core.properties.SwaggerUiConfigProperties'
2024-12-13T18:05:59.314+05:30 DEBUG 7187 --- [contenttree] [           main] o.s.b.f.s.DefaultListableBeanFactory     : Autowiring by type from bean name 'indexPageTransformer' via factory method to bean named 'org.springdoc.core.properties.SwaggerUiOAuthProperties'
2024-12-13T18:05:59.314+05:30 DEBUG 7187 --- [contenttree] [           main] o.s.b.f.s.DefaultListableBeanFactory     : Autowiring by type from bean name 'indexPageTransformer' via factory method to bean named 'org.springdoc.core.properties.SwaggerUiConfigParameters'
2024-12-13T18:05:59.314+05:30 DEBUG 7187 --- [contenttree] [           main] o.s.b.f.s.DefaultListableBeanFactory     : Autowiring by type from bean name 'indexPageTransformer' via factory method to bean named 'swaggerWelcome'
2024-12-13T18:05:59.314+05:30 DEBUG 7187 --- [contenttree] [           main] o.s.b.f.s.DefaultListableBeanFactory     : Autowiring by type from bean name 'indexPageTransformer' via factory method to bean named 'springdocObjectMapperProvider'
2024-12-13T18:05:59.316+05:30 DEBUG 7187 --- [contenttree] [           main] o.s.b.f.s.DefaultListableBeanFactory     : Creating shared instance of singleton bean 'swaggerResourceResolver'
2024-12-13T18:05:59.316+05:30 DEBUG 7187 --- [contenttree] [           main] o.s.b.f.s.DefaultListableBeanFactory     : Autowiring by type from bean name 'swaggerResourceResolver' via factory method to bean named 'org.springdoc.core.properties.SwaggerUiConfigProperties'
2024-12-13T18:05:59.316+05:30 DEBUG 7187 --- [contenttree] [           main] o.s.b.f.s.DefaultListableBeanFactory     : Autowiring by type from bean name 'swaggerWebMvcConfigurer' via factory method to bean named 'org.springdoc.core.properties.SwaggerUiConfigParameters'
2024-12-13T18:05:59.316+05:30 DEBUG 7187 --- [contenttree] [           main] o.s.b.f.s.DefaultListableBeanFactory     : Autowiring by type from bean name 'swaggerWebMvcConfigurer' via factory method to bean named 'indexPageTransformer'
2024-12-13T18:05:59.316+05:30 DEBUG 7187 --- [contenttree] [           main] o.s.b.f.s.DefaultListableBeanFactory     : Autowiring by type from bean name 'swaggerWebMvcConfigurer' via factory method to bean named 'swaggerResourceResolver'
2024-12-13T18:05:59.316+05:30 DEBUG 7187 --- [contenttree] [           main] o.s.b.f.s.DefaultListableBeanFactory     : Creating shared instance of singleton bean 'openEntityManagerInViewInterceptorConfigurer'
2024-12-13T18:05:59.316+05:30 DEBUG 7187 --- [contenttree] [           main] o.s.b.f.s.DefaultListableBeanFactory     : Creating shared instance of singleton bean 'org.springframework.boot.autoconfigure.orm.jpa.JpaBaseConfiguration$JpaWebConfiguration'
2024-12-13T18:05:59.317+05:30 DEBUG 7187 --- [contenttree] [           main] o.s.b.f.s.DefaultListableBeanFactory     : Autowiring by type from bean name 'org.springframework.boot.autoconfigure.orm.jpa.JpaBaseConfiguration$JpaWebConfiguration' via constructor to bean named 'spring.jpa-org.springframework.boot.autoconfigure.orm.jpa.JpaProperties'
2024-12-13T18:05:59.317+05:30 DEBUG 7187 --- [contenttree] [           main] o.s.b.f.s.DefaultListableBeanFactory     : Creating shared instance of singleton bean 'openEntityManagerInViewInterceptor'
2024-12-13T18:05:59.317+05:30  WARN 7187 --- [contenttree] [           main] JpaBaseConfiguration$JpaWebConfiguration : spring.jpa.open-in-view is enabled by default. Therefore, database queries may be performed during view rendering. Explicitly configure spring.jpa.open-in-view to disable this warning
2024-12-13T18:05:59.319+05:30 DEBUG 7187 --- [contenttree] [           main] o.s.b.f.s.DefaultListableBeanFactory     : Autowiring by type from bean name 'openEntityManagerInViewInterceptorConfigurer' via factory method to bean named 'openEntityManagerInViewInterceptor'
2024-12-13T18:05:59.320+05:30 DEBUG 7187 --- [contenttree] [           main] o.s.b.f.s.DefaultListableBeanFactory     : Creating shared instance of singleton bean 'org.springframework.data.web.config.SpringDataWebConfiguration'
2024-12-13T18:05:59.320+05:30 DEBUG 7187 --- [contenttree] [           main] o.s.b.f.s.DefaultListableBeanFactory     : Autowiring by type from bean name 'org.springframework.data.web.config.SpringDataWebConfiguration' via constructor to bean named 'org.springframework.web.context.support.GenericWebApplicationContext@f713686'
2024-12-13T18:05:59.327+05:30 DEBUG 7187 --- [contenttree] [           main] o.s.b.f.s.DefaultListableBeanFactory     : Creating shared instance of singleton bean 'localSpringDocParameterNameDiscoverer'
2024-12-13T18:05:59.327+05:30 DEBUG 7187 --- [contenttree] [           main] o.s.b.f.s.DefaultListableBeanFactory     : Creating shared instance of singleton bean 'additionalModelsConverter'
2024-12-13T18:05:59.327+05:30 DEBUG 7187 --- [contenttree] [           main] o.s.b.f.s.DefaultListableBeanFactory     : Autowiring by type from bean name 'additionalModelsConverter' via factory method to bean named 'springdocObjectMapperProvider'
2024-12-13T18:05:59.328+05:30 DEBUG 7187 --- [contenttree] [           main] o.s.b.f.s.DefaultListableBeanFactory     : Creating shared instance of singleton bean 'fileSupportConverter'
2024-12-13T18:05:59.328+05:30 DEBUG 7187 --- [contenttree] [           main] o.s.b.f.s.DefaultListableBeanFactory     : Autowiring by type from bean name 'fileSupportConverter' via factory method to bean named 'springdocObjectMapperProvider'
2024-12-13T18:05:59.328+05:30 DEBUG 7187 --- [contenttree] [           main] o.s.b.f.s.DefaultListableBeanFactory     : Creating shared instance of singleton bean 'responseSupportConverter'
2024-12-13T18:05:59.328+05:30 DEBUG 7187 --- [contenttree] [           main] o.s.b.f.s.DefaultListableBeanFactory     : Autowiring by type from bean name 'responseSupportConverter' via factory method to bean named 'springdocObjectMapperProvider'
2024-12-13T18:05:59.328+05:30 DEBUG 7187 --- [contenttree] [           main] o.s.b.f.s.DefaultListableBeanFactory     : Creating shared instance of singleton bean 'schemaPropertyDeprecatingConverter'
2024-12-13T18:05:59.329+05:30 DEBUG 7187 --- [contenttree] [           main] o.s.b.f.s.DefaultListableBeanFactory     : Creating shared instance of singleton bean 'polymorphicModelConverter'
2024-12-13T18:05:59.329+05:30 DEBUG 7187 --- [contenttree] [           main] o.s.b.f.s.DefaultListableBeanFactory     : Autowiring by type from bean name 'polymorphicModelConverter' via factory method to bean named 'springdocObjectMapperProvider'
2024-12-13T18:05:59.329+05:30 DEBUG 7187 --- [contenttree] [           main] o.s.b.f.s.DefaultListableBeanFactory     : Creating shared instance of singleton bean 'openAPIBuilder'
2024-12-13T18:05:59.330+05:30 DEBUG 7187 --- [contenttree] [           main] o.s.b.f.s.DefaultListableBeanFactory     : Creating shared instance of singleton bean 'securityParser'
2024-12-13T18:05:59.330+05:30 DEBUG 7187 --- [contenttree] [           main] o.s.b.f.s.DefaultListableBeanFactory     : Creating shared instance of singleton bean 'propertyResolverUtils'
2024-12-13T18:05:59.331+05:30 DEBUG 7187 --- [contenttree] [           main] o.s.b.f.s.DefaultListableBeanFactory     : Autowiring by type from bean name 'propertyResolverUtils' via factory method to bean named 'org.springframework.beans.factory.support.DefaultListableBeanFactory@5d10455d'
2024-12-13T18:05:59.331+05:30 DEBUG 7187 --- [contenttree] [           main] o.s.b.f.s.DefaultListableBeanFactory     : Autowiring by type from bean name 'propertyResolverUtils' via factory method to bean named 'messageSource'
2024-12-13T18:05:59.331+05:30 DEBUG 7187 --- [contenttree] [           main] o.s.b.f.s.DefaultListableBeanFactory     : Autowiring by type from bean name 'propertyResolverUtils' via factory method to bean named 'org.springdoc.core.properties.SpringDocConfigProperties'
2024-12-13T18:05:59.331+05:30 DEBUG 7187 --- [contenttree] [           main] o.s.b.f.s.DefaultListableBeanFactory     : Autowiring by type from bean name 'securityParser' via factory method to bean named 'propertyResolverUtils'
2024-12-13T18:05:59.332+05:30 DEBUG 7187 --- [contenttree] [           main] o.s.b.f.s.DefaultListableBeanFactory     : Autowiring by type from bean name 'openAPIBuilder' via factory method to bean named 'securityParser'
2024-12-13T18:05:59.332+05:30 DEBUG 7187 --- [contenttree] [           main] o.s.b.f.s.DefaultListableBeanFactory     : Autowiring by type from bean name 'openAPIBuilder' via factory method to bean named 'org.springdoc.core.properties.SpringDocConfigProperties'
2024-12-13T18:05:59.332+05:30 DEBUG 7187 --- [contenttree] [           main] o.s.b.f.s.DefaultListableBeanFactory     : Autowiring by type from bean name 'openAPIBuilder' via factory method to bean named 'propertyResolverUtils'
2024-12-13T18:05:59.333+05:30 DEBUG 7187 --- [contenttree] [           main] o.s.b.f.s.DefaultListableBeanFactory     : Creating shared instance of singleton bean 'modelConverterRegistrar'
2024-12-13T18:05:59.333+05:30 DEBUG 7187 --- [contenttree] [           main] o.s.b.f.s.DefaultListableBeanFactory     : Creating shared instance of singleton bean 'pageableOpenAPIConverter'
2024-12-13T18:05:59.333+05:30 DEBUG 7187 --- [contenttree] [           main] o.s.b.f.s.DefaultListableBeanFactory     : Creating shared instance of singleton bean 'org.springdoc.core.configuration.SpringDocPageableConfiguration'
2024-12-13T18:05:59.334+05:30 DEBUG 7187 --- [contenttree] [           main] o.s.b.f.s.DefaultListableBeanFactory     : Autowiring by type from bean name 'pageableOpenAPIConverter' via factory method to bean named 'springdocObjectMapperProvider'
2024-12-13T18:05:59.334+05:30 DEBUG 7187 --- [contenttree] [           main] o.s.b.f.s.DefaultListableBeanFactory     : Creating shared instance of singleton bean 'sortOpenAPIConverter'
2024-12-13T18:05:59.334+05:30 DEBUG 7187 --- [contenttree] [           main] o.s.b.f.s.DefaultListableBeanFactory     : Creating shared instance of singleton bean 'org.springdoc.core.configuration.SpringDocSortConfiguration'
2024-12-13T18:05:59.335+05:30 DEBUG 7187 --- [contenttree] [           main] o.s.b.f.s.DefaultListableBeanFactory     : Autowiring by type from bean name 'sortOpenAPIConverter' via factory method to bean named 'springdocObjectMapperProvider'
2024-12-13T18:05:59.335+05:30 DEBUG 7187 --- [contenttree] [           main] o.s.b.f.s.DefaultListableBeanFactory     : Autowiring by type from bean name 'modelConverterRegistrar' via factory method to bean named 'org.springdoc.core.properties.SpringDocConfigProperties'
2024-12-13T18:05:59.340+05:30 DEBUG 7187 --- [contenttree] [           main] o.s.b.f.s.DefaultListableBeanFactory     : Creating shared instance of singleton bean 'operationBuilder'
2024-12-13T18:05:59.341+05:30 DEBUG 7187 --- [contenttree] [           main] o.s.b.f.s.DefaultListableBeanFactory     : Creating shared instance of singleton bean 'parameterBuilder'
2024-12-13T18:05:59.341+05:30 DEBUG 7187 --- [contenttree] [           main] o.s.b.f.s.DefaultListableBeanFactory     : Creating shared instance of singleton bean 'delegatingMethodParameterCustomizer'
2024-12-13T18:05:59.343+05:30 DEBUG 7187 --- [contenttree] [           main] o.s.b.f.s.DefaultListableBeanFactory     : Autowiring by type from bean name 'parameterBuilder' via factory method to bean named 'propertyResolverUtils'
2024-12-13T18:05:59.343+05:30 DEBUG 7187 --- [contenttree] [           main] o.s.b.f.s.DefaultListableBeanFactory     : Autowiring by type from bean name 'parameterBuilder' via factory method to bean named 'springdocObjectMapperProvider'
2024-12-13T18:05:59.344+05:30 DEBUG 7187 --- [contenttree] [           main] o.s.b.f.s.DefaultListableBeanFactory     : Creating shared instance of singleton bean 'requestBodyBuilder'
2024-12-13T18:05:59.344+05:30 DEBUG 7187 --- [contenttree] [           main] o.s.b.f.s.DefaultListableBeanFactory     : Autowiring by type from bean name 'requestBodyBuilder' via factory method to bean named 'parameterBuilder'
2024-12-13T18:05:59.344+05:30 DEBUG 7187 --- [contenttree] [           main] o.s.b.f.s.DefaultListableBeanFactory     : Autowiring by type from bean name 'operationBuilder' via factory method to bean named 'parameterBuilder'
2024-12-13T18:05:59.344+05:30 DEBUG 7187 --- [contenttree] [           main] o.s.b.f.s.DefaultListableBeanFactory     : Autowiring by type from bean name 'operationBuilder' via factory method to bean named 'requestBodyBuilder'
2024-12-13T18:05:59.344+05:30 DEBUG 7187 --- [contenttree] [           main] o.s.b.f.s.DefaultListableBeanFactory     : Autowiring by type from bean name 'operationBuilder' via factory method to bean named 'securityParser'
2024-12-13T18:05:59.344+05:30 DEBUG 7187 --- [contenttree] [           main] o.s.b.f.s.DefaultListableBeanFactory     : Autowiring by type from bean name 'operationBuilder' via factory method to bean named 'propertyResolverUtils'
2024-12-13T18:05:59.345+05:30 DEBUG 7187 --- [contenttree] [           main] o.s.b.f.s.DefaultListableBeanFactory     : Creating shared instance of singleton bean 'genericReturnTypeParser'
2024-12-13T18:05:59.345+05:30 DEBUG 7187 --- [contenttree] [           main] o.s.b.f.s.DefaultListableBeanFactory     : Creating shared instance of singleton bean 'springDocProviders'
2024-12-13T18:05:59.346+05:30 DEBUG 7187 --- [contenttree] [           main] o.s.b.f.s.DefaultListableBeanFactory     : Creating shared instance of singleton bean 'routerFunctionProvider'
2024-12-13T18:05:59.346+05:30 DEBUG 7187 --- [contenttree] [           main] o.s.b.f.s.DefaultListableBeanFactory     : Creating shared instance of singleton bean 'org.springdoc.webmvc.core.configuration.SpringDocWebMvcConfiguration$SpringDocWebMvcRouterConfiguration'
2024-12-13T18:05:59.347+05:30 DEBUG 7187 --- [contenttree] [           main] o.s.b.f.s.DefaultListableBeanFactory     : Autowiring by type from bean name 'springDocProviders' via factory method to bean named 'springdocObjectMapperProvider'
2024-12-13T18:05:59.347+05:30 DEBUG 7187 --- [contenttree] [           main] o.s.b.f.s.DefaultListableBeanFactory     : Creating shared instance of singleton bean 'springDocCustomizers'
2024-12-13T18:05:59.349+05:30 DEBUG 7187 --- [contenttree] [           main] o.s.b.f.s.DefaultListableBeanFactory     : Creating shared instance of singleton bean 'org.springdoc.core.configuration.SpringDocSecurityConfiguration$SpringSecurityLoginEndpointConfiguration'
2024-12-13T18:05:59.350+05:30 DEBUG 7187 --- [contenttree] [           main] o.s.b.f.s.DefaultListableBeanFactory     : Creating shared instance of singleton bean 'org.springdoc.core.configuration.SpringDocSecurityConfiguration'
2024-12-13T18:05:59.353+05:30 DEBUG 7187 --- [contenttree] [           main] o.s.b.f.s.DefaultListableBeanFactory     : Autowiring by type from bean name 'org.springdoc.core.configuration.SpringDocSecurityConfiguration$SpringSecurityLoginEndpointConfiguration' via constructor to bean named 'org.springdoc.core.configuration.SpringDocSecurityConfiguration'
2024-12-13T18:05:59.353+05:30 DEBUG 7187 --- [contenttree] [           main] o.s.b.f.s.DefaultListableBeanFactory     : Creating shared instance of singleton bean 'org.springdoc.core.configuration.SpringDocUIConfiguration'
2024-12-13T18:05:59.354+05:30 DEBUG 7187 --- [contenttree] [           main] o.s.b.f.s.DefaultListableBeanFactory     : Creating shared instance of singleton bean 'openApiResource'
2024-12-13T18:05:59.354+05:30 DEBUG 7187 --- [contenttree] [           main] o.s.b.f.s.DefaultListableBeanFactory     : Creating shared instance of singleton bean 'requestBuilder'
2024-12-13T18:05:59.355+05:30 DEBUG 7187 --- [contenttree] [           main] o.s.b.f.s.DefaultListableBeanFactory     : Autowiring by type from bean name 'requestBuilder' via factory method to bean named 'parameterBuilder'
2024-12-13T18:05:59.355+05:30 DEBUG 7187 --- [contenttree] [           main] o.s.b.f.s.DefaultListableBeanFactory     : Autowiring by type from bean name 'requestBuilder' via factory method to bean named 'requestBodyBuilder'
2024-12-13T18:05:59.355+05:30 DEBUG 7187 --- [contenttree] [           main] o.s.b.f.s.DefaultListableBeanFactory     : Autowiring by type from bean name 'requestBuilder' via factory method to bean named 'operationBuilder'
2024-12-13T18:05:59.355+05:30 DEBUG 7187 --- [contenttree] [           main] o.s.b.f.s.DefaultListableBeanFactory     : Autowiring by type from bean name 'requestBuilder' via factory method to bean named 'localSpringDocParameterNameDiscoverer'
2024-12-13T18:05:59.356+05:30 DEBUG 7187 --- [contenttree] [           main] o.s.b.f.s.DefaultListableBeanFactory     : Creating shared instance of singleton bean 'responseBuilder'
2024-12-13T18:05:59.356+05:30 DEBUG 7187 --- [contenttree] [           main] o.s.b.f.s.DefaultListableBeanFactory     : Autowiring by type from bean name 'responseBuilder' via factory method to bean named 'operationBuilder'
2024-12-13T18:05:59.356+05:30 DEBUG 7187 --- [contenttree] [           main] o.s.b.f.s.DefaultListableBeanFactory     : Autowiring by type from bean name 'responseBuilder' via factory method to bean named 'genericReturnTypeParser'
2024-12-13T18:05:59.356+05:30 DEBUG 7187 --- [contenttree] [           main] o.s.b.f.s.DefaultListableBeanFactory     : Autowiring by type from bean name 'responseBuilder' via factory method to bean named 'org.springdoc.core.properties.SpringDocConfigProperties'
2024-12-13T18:05:59.356+05:30 DEBUG 7187 --- [contenttree] [           main] o.s.b.f.s.DefaultListableBeanFactory     : Autowiring by type from bean name 'responseBuilder' via factory method to bean named 'propertyResolverUtils'
2024-12-13T18:05:59.357+05:30 DEBUG 7187 --- [contenttree] [           main] o.s.b.f.s.DefaultListableBeanFactory     : Autowiring by type from bean name 'openApiResource' via factory method to bean named 'requestBuilder'
2024-12-13T18:05:59.357+05:30 DEBUG 7187 --- [contenttree] [           main] o.s.b.f.s.DefaultListableBeanFactory     : Autowiring by type from bean name 'openApiResource' via factory method to bean named 'responseBuilder'
2024-12-13T18:05:59.357+05:30 DEBUG 7187 --- [contenttree] [           main] o.s.b.f.s.DefaultListableBeanFactory     : Autowiring by type from bean name 'openApiResource' via factory method to bean named 'operationBuilder'
2024-12-13T18:05:59.357+05:30 DEBUG 7187 --- [contenttree] [           main] o.s.b.f.s.DefaultListableBeanFactory     : Autowiring by type from bean name 'openApiResource' via factory method to bean named 'org.springdoc.core.properties.SpringDocConfigProperties'
2024-12-13T18:05:59.357+05:30 DEBUG 7187 --- [contenttree] [           main] o.s.b.f.s.DefaultListableBeanFactory     : Autowiring by type from bean name 'openApiResource' via factory method to bean named 'springDocProviders'
2024-12-13T18:05:59.357+05:30 DEBUG 7187 --- [contenttree] [           main] o.s.b.f.s.DefaultListableBeanFactory     : Autowiring by type from bean name 'openApiResource' via factory method to bean named 'springDocCustomizers'
2024-12-13T18:05:59.360+05:30 DEBUG 7187 --- [contenttree] [           main] o.s.b.f.s.DefaultListableBeanFactory     : Creating shared instance of singleton bean 'swaggerConfigResource'
2024-12-13T18:05:59.360+05:30 DEBUG 7187 --- [contenttree] [           main] o.s.b.f.s.DefaultListableBeanFactory     : Autowiring by type from bean name 'swaggerConfigResource' via factory method to bean named 'swaggerWelcome'
2024-12-13T18:05:59.360+05:30 DEBUG 7187 --- [contenttree] [           main] o.s.b.f.s.DefaultListableBeanFactory     : Creating shared instance of singleton bean 'jpa.WebinarRepository.fragments#0'
2024-12-13T18:05:59.360+05:30 DEBUG 7187 --- [contenttree] [           main] o.s.b.f.s.DefaultListableBeanFactory     : Creating shared instance of singleton bean 'webinarRepository'
2024-12-13T18:05:59.364+05:30 DEBUG 7187 --- [contenttree] [           main] o.s.b.f.s.DefaultListableBeanFactory     : Creating shared instance of singleton bean 'jpa.named-queries#0'
2024-12-13T18:05:59.365+05:30 DEBUG 7187 --- [contenttree] [           main] o.s.b.f.s.DefaultListableBeanFactory     : Creating shared instance of singleton bean 'jpaSharedEM_entityManagerFactory'
2024-12-13T18:05:59.379+05:30 DEBUG 7187 --- [contenttree] [           main] o.s.b.f.s.DefaultListableBeanFactory     : Creating shared instance of singleton bean 'jpaMappingContext'
2024-12-13T18:05:59.379+05:30 DEBUG 7187 --- [contenttree] [           main] .c.JpaMetamodelMappingContextFactoryBean : Initializing JpaMetamodelMappingContext…
2024-12-13T18:05:59.386+05:30 DEBUG 7187 --- [contenttree] [           main] .c.JpaMetamodelMappingContextFactoryBean : Finished initializing JpaMetamodelMappingContext
2024-12-13T18:05:59.397+05:30 DEBUG 7187 --- [contenttree] [           main] tor$SharedEntityManagerInvocationHandler : Creating new EntityManager for shared EntityManager invocation
2024-12-13T18:05:59.412+05:30 DEBUG 7187 --- [contenttree] [           main] o.h.stat.internal.StatisticsInitiator    : Statistics initialized [enabled=false]
2024-12-13T18:05:59.414+05:30 DEBUG 7187 --- [contenttree] [           main] tor$SharedEntityManagerInvocationHandler : Creating new EntityManager for shared EntityManager invocation
2024-12-13T18:05:59.463+05:30 DEBUG 7187 --- [contenttree] [           main] o.s.d.r.c.s.RepositoryFactorySupport     : Initializing repository instance for com.contenttree.CampaignManager.WebinarRepository…
2024-12-13T18:05:59.469+05:30 DEBUG 7187 --- [contenttree] [           main] tor$SharedEntityManagerInvocationHandler : Creating new EntityManager for shared EntityManager invocation
2024-12-13T18:05:59.486+05:30 DEBUG 7187 --- [contenttree] [           main] o.s.d.jpa.repository.query.NamedQuery    : Looking up named query Webinar.findByAdminId
2024-12-13T18:05:59.487+05:30 DEBUG 7187 --- [contenttree] [           main] cResourceLocalTransactionCoordinatorImpl : JDBC transaction marked for rollback-only (exception provided for stack trace)

java.lang.Exception: exception just for purpose of providing stack trace
	at org.hibernate.resource.transaction.backend.jdbc.internal.JdbcResourceLocalTransactionCoordinatorImpl$TransactionDriverControlImpl.markRollbackOnly(JdbcResourceLocalTransactionCoordinatorImpl.java:309) ~[hibernate-core-6.5.3.Final.jar:6.5.3.Final]
	at org.hibernate.internal.AbstractSharedSessionContract.buildNamedQuery(AbstractSharedSessionContract.java:1109) ~[hibernate-core-6.5.3.Final.jar:6.5.3.Final]
	at org.hibernate.internal.AbstractSharedSessionContract.createNamedQuery(AbstractSharedSessionContract.java:987) ~[hibernate-core-6.5.3.Final.jar:6.5.3.Final]
	at org.hibernate.internal.AbstractSharedSessionContract.createNamedQuery(AbstractSharedSessionContract.java:140) ~[hibernate-core-6.5.3.Final.jar:6.5.3.Final]
	at java.base/jdk.internal.reflect.NativeMethodAccessorImpl.invoke0(Native Method) ~[na:na]
	at java.base/jdk.internal.reflect.NativeMethodAccessorImpl.invoke(NativeMethodAccessorImpl.java:77) ~[na:na]
	at java.base/jdk.internal.reflect.DelegatingMethodAccessorImpl.invoke(DelegatingMethodAccessorImpl.java:43) ~[na:na]
	at java.base/java.lang.reflect.Method.invoke(Method.java:568) ~[na:na]
	at org.springframework.orm.jpa.ExtendedEntityManagerCreator$ExtendedEntityManagerInvocationHandler.invoke(ExtendedEntityManagerCreator.java:364) ~[spring-orm-6.1.13.jar:6.1.13]
	at jdk.proxy2/jdk.proxy2.$Proxy159.createNamedQuery(Unknown Source) ~[na:na]
	at org.springframework.data.jpa.repository.query.NamedQuery.hasNamedQuery(NamedQuery.java:112) ~[spring-data-jpa-3.3.4.jar:3.3.4]
	at org.springframework.data.jpa.repository.query.NamedQuery.lookupFrom(NamedQuery.java:138) ~[spring-data-jpa-3.3.4.jar:3.3.4]
	at org.springframework.data.jpa.repository.query.JpaQueryLookupStrategy$DeclaredQueryLookupStrategy.resolveQuery(JpaQueryLookupStrategy.java:180) ~[spring-data-jpa-3.3.4.jar:3.3.4]
	at org.springframework.data.jpa.repository.query.JpaQueryLookupStrategy$CreateIfNotFoundQueryLookupStrategy.resolveQuery(JpaQueryLookupStrategy.java:252) ~[spring-data-jpa-3.3.4.jar:3.3.4]
	at org.springframework.data.jpa.repository.query.JpaQueryLookupStrategy$AbstractQueryLookupStrategy.resolveQuery(JpaQueryLookupStrategy.java:95) ~[spring-data-jpa-3.3.4.jar:3.3.4]
	at org.springframework.data.repository.core.support.QueryExecutorMethodInterceptor.lookupQuery(QueryExecutorMethodInterceptor.java:115) ~[spring-data-commons-3.3.4.jar:3.3.4]
	at org.springframework.data.repository.core.support.QueryExecutorMethodInterceptor.mapMethodsToQuery(QueryExecutorMethodInterceptor.java:103) ~[spring-data-commons-3.3.4.jar:3.3.4]
	at org.springframework.data.repository.core.support.QueryExecutorMethodInterceptor.lambda$new$0(QueryExecutorMethodInterceptor.java:92) ~[spring-data-commons-3.3.4.jar:3.3.4]
	at java.base/java.util.Optional.map(Optional.java:260) ~[na:na]
	at org.springframework.data.repository.core.support.QueryExecutorMethodInterceptor.<init>(QueryExecutorMethodInterceptor.java:92) ~[spring-data-commons-3.3.4.jar:3.3.4]
	at org.springframework.data.repository.core.support.RepositoryFactorySupport.getRepository(RepositoryFactorySupport.java:357) ~[spring-data-commons-3.3.4.jar:3.3.4]
	at org.springframework.data.repository.core.support.RepositoryFactoryBeanSupport.lambda$afterPropertiesSet$5(RepositoryFactoryBeanSupport.java:286) ~[spring-data-commons-3.3.4.jar:3.3.4]
	at org.springframework.data.util.Lazy.getNullable(Lazy.java:135) ~[spring-data-commons-3.3.4.jar:3.3.4]
	at org.springframework.data.util.Lazy.get(Lazy.java:113) ~[spring-data-commons-3.3.4.jar:3.3.4]
	at org.springframework.data.repository.core.support.RepositoryFactoryBeanSupport.afterPropertiesSet(RepositoryFactoryBeanSupport.java:292) ~[spring-data-commons-3.3.4.jar:3.3.4]
	at org.springframework.data.jpa.repository.support.JpaRepositoryFactoryBean.afterPropertiesSet(JpaRepositoryFactoryBean.java:132) ~[spring-data-jpa-3.3.4.jar:3.3.4]
	at org.springframework.beans.factory.support.AbstractAutowireCapableBeanFactory.invokeInitMethods(AbstractAutowireCapableBeanFactory.java:1853) ~[spring-beans-6.1.13.jar:6.1.13]
	at org.springframework.beans.factory.support.AbstractAutowireCapableBeanFactory.initializeBean(AbstractAutowireCapableBeanFactory.java:1802) ~[spring-beans-6.1.13.jar:6.1.13]
	at org.springframework.beans.factory.support.AbstractAutowireCapableBeanFactory.doCreateBean(AbstractAutowireCapableBeanFactory.java:600) ~[spring-beans-6.1.13.jar:6.1.13]
	at org.springframework.beans.factory.support.AbstractAutowireCapableBeanFactory.createBean(AbstractAutowireCapableBeanFactory.java:522) ~[spring-beans-6.1.13.jar:6.1.13]
	at org.springframework.beans.factory.support.AbstractBeanFactory.lambda$doGetBean$0(AbstractBeanFactory.java:337) ~[spring-beans-6.1.13.jar:6.1.13]
	at org.springframework.beans.factory.support.DefaultSingletonBeanRegistry.getSingleton(DefaultSingletonBeanRegistry.java:234) ~[spring-beans-6.1.13.jar:6.1.13]
	at org.springframework.beans.factory.support.AbstractBeanFactory.doGetBean(AbstractBeanFactory.java:335) ~[spring-beans-6.1.13.jar:6.1.13]
	at org.springframework.beans.factory.support.AbstractBeanFactory.getBean(AbstractBeanFactory.java:200) ~[spring-beans-6.1.13.jar:6.1.13]
	at org.springframework.beans.factory.support.DefaultListableBeanFactory.preInstantiateSingletons(DefaultListableBeanFactory.java:969) ~[spring-beans-6.1.13.jar:6.1.13]
	at org.springframework.context.support.AbstractApplicationContext.finishBeanFactoryInitialization(AbstractApplicationContext.java:971) ~[spring-context-6.1.13.jar:6.1.13]
	at org.springframework.context.support.AbstractApplicationContext.refresh(AbstractApplicationContext.java:625) ~[spring-context-6.1.13.jar:6.1.13]
	at org.springframework.boot.SpringApplication.refresh(SpringApplication.java:754) ~[spring-boot-3.3.4.jar:3.3.4]
	at org.springframework.boot.SpringApplication.refreshContext(SpringApplication.java:456) ~[spring-boot-3.3.4.jar:3.3.4]
	at org.springframework.boot.SpringApplication.run(SpringApplication.java:335) ~[spring-boot-3.3.4.jar:3.3.4]
	at org.springframework.boot.test.context.SpringBootContextLoader.lambda$loadContext$3(SpringBootContextLoader.java:137) ~[spring-boot-test-3.3.4.jar:3.3.4]
	at org.springframework.util.function.ThrowingSupplier.get(ThrowingSupplier.java:58) ~[spring-core-6.1.13.jar:6.1.13]
	at org.springframework.util.function.ThrowingSupplier.get(ThrowingSupplier.java:46) ~[spring-core-6.1.13.jar:6.1.13]
	at org.springframework.boot.SpringApplication.withHook(SpringApplication.java:1463) ~[spring-boot-3.3.4.jar:3.3.4]
	at org.springframework.boot.test.context.SpringBootContextLoader$ContextLoaderHook.run(SpringBootContextLoader.java:553) ~[spring-boot-test-3.3.4.jar:3.3.4]
	at org.springframework.boot.test.context.SpringBootContextLoader.loadContext(SpringBootContextLoader.java:137) ~[spring-boot-test-3.3.4.jar:3.3.4]
	at org.springframework.boot.test.context.SpringBootContextLoader.loadContext(SpringBootContextLoader.java:108) ~[spring-boot-test-3.3.4.jar:3.3.4]
	at org.springframework.test.context.cache.DefaultCacheAwareContextLoaderDelegate.loadContextInternal(DefaultCacheAwareContextLoaderDelegate.java:225) ~[spring-test-6.1.13.jar:6.1.13]
	at org.springframework.test.context.cache.DefaultCacheAwareContextLoaderDelegate.loadContext(DefaultCacheAwareContextLoaderDelegate.java:152) ~[spring-test-6.1.13.jar:6.1.13]
	at org.springframework.test.context.support.DefaultTestContext.getApplicationContext(DefaultTestContext.java:130) ~[spring-test-6.1.13.jar:6.1.13]
	at org.springframework.test.context.web.ServletTestExecutionListener.setUpRequestContextIfNecessary(ServletTestExecutionListener.java:191) ~[spring-test-6.1.13.jar:6.1.13]
	at org.springframework.test.context.web.ServletTestExecutionListener.prepareTestInstance(ServletTestExecutionListener.java:130) ~[spring-test-6.1.13.jar:6.1.13]
	at org.springframework.test.context.TestContextManager.prepareTestInstance(TestContextManager.java:260) ~[spring-test-6.1.13.jar:6.1.13]
	at org.springframework.test.context.junit.jupiter.SpringExtension.postProcessTestInstance(SpringExtension.java:163) ~[spring-test-6.1.13.jar:6.1.13]
	at org.junit.jupiter.engine.descriptor.ClassBasedTestDescriptor.lambda$invokeTestInstancePostProcessors$10(ClassBasedTestDescriptor.java:378) ~[junit-jupiter-engine-5.10.3.jar:5.10.3]
	at org.junit.jupiter.engine.descriptor.ClassBasedTestDescriptor.executeAndMaskThrowable(ClassBasedTestDescriptor.java:383) ~[junit-jupiter-engine-5.10.3.jar:5.10.3]
	at org.junit.jupiter.engine.descriptor.ClassBasedTestDescriptor.lambda$invokeTestInstancePostProcessors$11(ClassBasedTestDescriptor.java:378) ~[junit-jupiter-engine-5.10.3.jar:5.10.3]
	at java.base/java.util.stream.ReferencePipeline$3$1.accept(ReferencePipeline.java:197) ~[na:na]
	at java.base/java.util.stream.ReferencePipeline$2$1.accept(ReferencePipeline.java:179) ~[na:na]
	at java.base/java.util.ArrayList$ArrayListSpliterator.forEachRemaining(ArrayList.java:1625) ~[na:na]
	at java.base/java.util.stream.AbstractPipeline.copyInto(AbstractPipeline.java:509) ~[na:na]
	at java.base/java.util.stream.AbstractPipeline.wrapAndCopyInto(AbstractPipeline.java:499) ~[na:na]
	at java.base/java.util.stream.StreamSpliterators$WrappingSpliterator.forEachRemaining(StreamSpliterators.java:310) ~[na:na]
	at java.base/java.util.stream.Streams$ConcatSpliterator.forEachRemaining(Streams.java:735) ~[na:na]
	at java.base/java.util.stream.Streams$ConcatSpliterator.forEachRemaining(Streams.java:734) ~[na:na]
	at java.base/java.util.stream.ReferencePipeline$Head.forEach(ReferencePipeline.java:762) ~[na:na]
	at org.junit.jupiter.engine.descriptor.ClassBasedTestDescriptor.invokeTestInstancePostProcessors(ClassBasedTestDescriptor.java:377) ~[junit-jupiter-engine-5.10.3.jar:5.10.3]
	at org.junit.jupiter.engine.descriptor.ClassBasedTestDescriptor.lambda$instantiateAndPostProcessTestInstance$6(ClassBasedTestDescriptor.java:290) ~[junit-jupiter-engine-5.10.3.jar:5.10.3]
	at org.junit.platform.engine.support.hierarchical.ThrowableCollector.execute(ThrowableCollector.java:73) ~[junit-platform-engine-1.10.3.jar:1.10.3]
	at org.junit.jupiter.engine.descriptor.ClassBasedTestDescriptor.instantiateAndPostProcessTestInstance(ClassBasedTestDescriptor.java:289) ~[junit-jupiter-engine-5.10.3.jar:5.10.3]
	at org.junit.jupiter.engine.descriptor.ClassBasedTestDescriptor.lambda$testInstancesProvider$4(ClassBasedTestDescriptor.java:279) ~[junit-jupiter-engine-5.10.3.jar:5.10.3]
	at java.base/java.util.Optional.orElseGet(Optional.java:364) ~[na:na]
	at org.junit.jupiter.engine.descriptor.ClassBasedTestDescriptor.lambda$testInstancesProvider$5(ClassBasedTestDescriptor.java:278) ~[junit-jupiter-engine-5.10.3.jar:5.10.3]
	at org.junit.jupiter.engine.execution.TestInstancesProvider.getTestInstances(TestInstancesProvider.java:31) ~[junit-jupiter-engine-5.10.3.jar:5.10.3]
	at org.junit.jupiter.engine.descriptor.TestMethodTestDescriptor.lambda$prepare$0(TestMethodTestDescriptor.java:106) ~[junit-jupiter-engine-5.10.3.jar:5.10.3]
	at org.junit.platform.engine.support.hierarchical.ThrowableCollector.execute(ThrowableCollector.java:73) ~[junit-platform-engine-1.10.3.jar:1.10.3]
	at org.junit.jupiter.engine.descriptor.TestMethodTestDescriptor.prepare(TestMethodTestDescriptor.java:105) ~[junit-jupiter-engine-5.10.3.jar:5.10.3]
	at org.junit.jupiter.engine.descriptor.TestMethodTestDescriptor.prepare(TestMethodTestDescriptor.java:69) ~[junit-jupiter-engine-5.10.3.jar:5.10.3]
	at org.junit.platform.engine.support.hierarchical.NodeTestTask.lambda$prepare$2(NodeTestTask.java:123) ~[junit-platform-engine-1.10.3.jar:1.10.3]
	at org.junit.platform.engine.support.hierarchical.ThrowableCollector.execute(ThrowableCollector.java:73) ~[junit-platform-engine-1.10.3.jar:1.10.3]
	at org.junit.platform.engine.support.hierarchical.NodeTestTask.prepare(NodeTestTask.java:123) ~[junit-platform-engine-1.10.3.jar:1.10.3]
	at org.junit.platform.engine.support.hierarchical.NodeTestTask.execute(NodeTestTask.java:90) ~[junit-platform-engine-1.10.3.jar:1.10.3]
	at java.base/java.util.ArrayList.forEach(ArrayList.java:1511) ~[na:na]
	at org.junit.platform.engine.support.hierarchical.SameThreadHierarchicalTestExecutorService.invokeAll(SameThreadHierarchicalTestExecutorService.java:41) ~[junit-platform-engine-1.10.3.jar:1.10.3]
	at org.junit.platform.engine.support.hierarchical.NodeTestTask.lambda$executeRecursively$6(NodeTestTask.java:155) ~[junit-platform-engine-1.10.3.jar:1.10.3]
	at org.junit.platform.engine.support.hierarchical.ThrowableCollector.execute(ThrowableCollector.java:73) ~[junit-platform-engine-1.10.3.jar:1.10.3]
	at org.junit.platform.engine.support.hierarchical.NodeTestTask.lambda$executeRecursively$8(NodeTestTask.java:141) ~[junit-platform-engine-1.10.3.jar:1.10.3]
	at org.junit.platform.engine.support.hierarchical.Node.around(Node.java:137) ~[junit-platform-engine-1.10.3.jar:1.10.3]
	at org.junit.platform.engine.support.hierarchical.NodeTestTask.lambda$executeRecursively$9(NodeTestTask.java:139) ~[junit-platform-engine-1.10.3.jar:1.10.3]
	at org.junit.platform.engine.support.hierarchical.ThrowableCollector.execute(ThrowableCollector.java:73) ~[junit-platform-engine-1.10.3.jar:1.10.3]
	at org.junit.platform.engine.support.hierarchical.NodeTestTask.executeRecursively(NodeTestTask.java:138) ~[junit-platform-engine-1.10.3.jar:1.10.3]
	at org.junit.platform.engine.support.hierarchical.NodeTestTask.execute(NodeTestTask.java:95) ~[junit-platform-engine-1.10.3.jar:1.10.3]
	at java.base/java.util.ArrayList.forEach(ArrayList.java:1511) ~[na:na]
	at org.junit.platform.engine.support.hierarchical.SameThreadHierarchicalTestExecutorService.invokeAll(SameThreadHierarchicalTestExecutorService.java:41) ~[junit-platform-engine-1.10.3.jar:1.10.3]
	at org.junit.platform.engine.support.hierarchical.NodeTestTask.lambda$executeRecursively$6(NodeTestTask.java:155) ~[junit-platform-engine-1.10.3.jar:1.10.3]
	at org.junit.platform.engine.support.hierarchical.ThrowableCollector.execute(ThrowableCollector.java:73) ~[junit-platform-engine-1.10.3.jar:1.10.3]
	at org.junit.platform.engine.support.hierarchical.NodeTestTask.lambda$executeRecursively$8(NodeTestTask.java:141) ~[junit-platform-engine-1.10.3.jar:1.10.3]
	at org.junit.platform.engine.support.hierarchical.Node.around(Node.java:137) ~[junit-platform-engine-1.10.3.jar:1.10.3]
	at org.junit.platform.engine.support.hierarchical.NodeTestTask.lambda$executeRecursively$9(NodeTestTask.java:139) ~[junit-platform-engine-1.10.3.jar:1.10.3]
	at org.junit.platform.engine.support.hierarchical.ThrowableCollector.execute(ThrowableCollector.java:73) ~[junit-platform-engine-1.10.3.jar:1.10.3]
	at org.junit.platform.engine.support.hierarchical.NodeTestTask.executeRecursively(NodeTestTask.java:138) ~[junit-platform-engine-1.10.3.jar:1.10.3]
	at org.junit.platform.engine.support.hierarchical.NodeTestTask.execute(NodeTestTask.java:95) ~[junit-platform-engine-1.10.3.jar:1.10.3]
	at org.junit.platform.engine.support.hierarchical.SameThreadHierarchicalTestExecutorService.submit(SameThreadHierarchicalTestExecutorService.java:35) ~[junit-platform-engine-1.10.3.jar:1.10.3]
	at org.junit.platform.engine.support.hierarchical.HierarchicalTestExecutor.execute(HierarchicalTestExecutor.java:57) ~[junit-platform-engine-1.10.3.jar:1.10.3]
	at org.junit.platform.engine.support.hierarchical.HierarchicalTestEngine.execute(HierarchicalTestEngine.java:54) ~[junit-platform-engine-1.10.3.jar:1.10.3]
	at org.junit.platform.launcher.core.EngineExecutionOrchestrator.execute(EngineExecutionOrchestrator.java:198) ~[junit-platform-launcher-1.10.3.jar:1.10.3]
	at org.junit.platform.launcher.core.EngineExecutionOrchestrator.execute(EngineExecutionOrchestrator.java:169) ~[junit-platform-launcher-1.10.3.jar:1.10.3]
	at org.junit.platform.launcher.core.EngineExecutionOrchestrator.execute(EngineExecutionOrchestrator.java:93) ~[junit-platform-launcher-1.10.3.jar:1.10.3]
	at org.junit.platform.launcher.core.EngineExecutionOrchestrator.lambda$execute$0(EngineExecutionOrchestrator.java:58) ~[junit-platform-launcher-1.10.3.jar:1.10.3]
	at org.junit.platform.launcher.core.EngineExecutionOrchestrator.withInterceptedStreams(EngineExecutionOrchestrator.java:141) ~[junit-platform-launcher-1.10.3.jar:1.10.3]
	at org.junit.platform.launcher.core.EngineExecutionOrchestrator.execute(EngineExecutionOrchestrator.java:57) ~[junit-platform-launcher-1.10.3.jar:1.10.3]
	at org.junit.platform.launcher.core.DefaultLauncher.execute(DefaultLauncher.java:103) ~[junit-platform-launcher-1.10.3.jar:1.10.3]
	at org.junit.platform.launcher.core.DefaultLauncher.execute(DefaultLauncher.java:85) ~[junit-platform-launcher-1.10.3.jar:1.10.3]
	at org.junit.platform.launcher.core.DelegatingLauncher.execute(DelegatingLauncher.java:47) ~[junit-platform-launcher-1.10.3.jar:1.10.3]
	at org.apache.maven.surefire.junitplatform.LazyLauncher.execute(LazyLauncher.java:56) ~[surefire-junit-platform-3.2.5.jar:3.2.5]
	at org.apache.maven.surefire.junitplatform.JUnitPlatformProvider.execute(JUnitPlatformProvider.java:184) ~[surefire-junit-platform-3.2.5.jar:3.2.5]
	at org.apache.maven.surefire.junitplatform.JUnitPlatformProvider.invokeAllTests(JUnitPlatformProvider.java:148) ~[surefire-junit-platform-3.2.5.jar:3.2.5]
	at org.apache.maven.surefire.junitplatform.JUnitPlatformProvider.invoke(JUnitPlatformProvider.java:122) ~[surefire-junit-platform-3.2.5.jar:3.2.5]
	at org.apache.maven.surefire.booter.ForkedBooter.runSuitesInProcess(ForkedBooter.java:385) ~[surefire-booter-3.2.5.jar:3.2.5]
	at org.apache.maven.surefire.booter.ForkedBooter.execute(ForkedBooter.java:162) ~[surefire-booter-3.2.5.jar:3.2.5]
	at org.apache.maven.surefire.booter.ForkedBooter.run(ForkedBooter.java:507) ~[surefire-booter-3.2.5.jar:3.2.5]
	at org.apache.maven.surefire.booter.ForkedBooter.main(ForkedBooter.java:495) ~[surefire-booter-3.2.5.jar:3.2.5]

2024-12-13T18:05:59.488+05:30 DEBUG 7187 --- [contenttree] [           main] o.s.d.jpa.repository.query.NamedQuery    : Did not find named query Webinar.findByAdminId
2024-12-13T18:05:59.489+05:30 DEBUG 7187 --- [contenttree] [           main] tor$SharedEntityManagerInvocationHandler : Creating new EntityManager for shared EntityManager invocation
2024-12-13T18:05:59.516+05:30 DEBUG 7187 --- [contenttree] [           main] o.s.d.r.c.s.RepositoryFactorySupport     : Finished creation of repository instance for com.contenttree.CampaignManager.WebinarRepository.
2024-12-13T18:05:59.517+05:30 DEBUG 7187 --- [contenttree] [           main] o.s.b.f.s.DefaultListableBeanFactory     : Creating shared instance of singleton bean 'jpa.RegionRepository.fragments#0'
2024-12-13T18:05:59.517+05:30 DEBUG 7187 --- [contenttree] [           main] o.s.b.f.s.DefaultListableBeanFactory     : Creating shared instance of singleton bean 'regionRepository'
2024-12-13T18:05:59.518+05:30 DEBUG 7187 --- [contenttree] [           main] o.s.b.f.s.DefaultListableBeanFactory     : Creating shared instance of singleton bean 'jpa.named-queries#1'
2024-12-13T18:05:59.518+05:30 DEBUG 7187 --- [contenttree] [           main] tor$SharedEntityManagerInvocationHandler : Creating new EntityManager for shared EntityManager invocation
2024-12-13T18:05:59.519+05:30 DEBUG 7187 --- [contenttree] [           main] o.s.d.r.c.s.RepositoryFactorySupport     : Initializing repository instance for com.contenttree.StaticCount.RegionRepository…
2024-12-13T18:05:59.520+05:30 DEBUG 7187 --- [contenttree] [           main] tor$SharedEntityManagerInvocationHandler : Creating new EntityManager for shared EntityManager invocation
2024-12-13T18:05:59.522+05:30 DEBUG 7187 --- [contenttree] [           main] o.s.d.r.c.s.RepositoryFactorySupport     : Finished creation of repository instance for com.contenttree.StaticCount.RegionRepository.
2024-12-13T18:05:59.522+05:30 DEBUG 7187 --- [contenttree] [           main] o.s.b.f.s.DefaultListableBeanFactory     : Creating shared instance of singleton bean 'jpa.BannerRepository.fragments#0'
2024-12-13T18:05:59.522+05:30 DEBUG 7187 --- [contenttree] [           main] o.s.b.f.s.DefaultListableBeanFactory     : Creating shared instance of singleton bean 'bannerRepository'
2024-12-13T18:05:59.522+05:30 DEBUG 7187 --- [contenttree] [           main] o.s.b.f.s.DefaultListableBeanFactory     : Creating shared instance of singleton bean 'jpa.named-queries#2'
2024-12-13T18:05:59.523+05:30 DEBUG 7187 --- [contenttree] [           main] tor$SharedEntityManagerInvocationHandler : Creating new EntityManager for shared EntityManager invocation
2024-12-13T18:05:59.524+05:30 DEBUG 7187 --- [contenttree] [           main] o.s.d.r.c.s.RepositoryFactorySupport     : Initializing repository instance for com.contenttree.banner.BannerRepository…
2024-12-13T18:05:59.524+05:30 DEBUG 7187 --- [contenttree] [           main] tor$SharedEntityManagerInvocationHandler : Creating new EntityManager for shared EntityManager invocation
2024-12-13T18:05:59.526+05:30 DEBUG 7187 --- [contenttree] [           main] o.s.d.jpa.repository.query.NamedQuery    : Looking up named query BannerEntity.findByName
2024-12-13T18:05:59.526+05:30 DEBUG 7187 --- [contenttree] [           main] cResourceLocalTransactionCoordinatorImpl : JDBC transaction marked for rollback-only (exception provided for stack trace)

java.lang.Exception: exception just for purpose of providing stack trace
	at org.hibernate.resource.transaction.backend.jdbc.internal.JdbcResourceLocalTransactionCoordinatorImpl$TransactionDriverControlImpl.markRollbackOnly(JdbcResourceLocalTransactionCoordinatorImpl.java:309) ~[hibernate-core-6.5.3.Final.jar:6.5.3.Final]
	at org.hibernate.internal.AbstractSharedSessionContract.buildNamedQuery(AbstractSharedSessionContract.java:1109) ~[hibernate-core-6.5.3.Final.jar:6.5.3.Final]
	at org.hibernate.internal.AbstractSharedSessionContract.createNamedQuery(AbstractSharedSessionContract.java:987) ~[hibernate-core-6.5.3.Final.jar:6.5.3.Final]
	at org.hibernate.internal.AbstractSharedSessionContract.createNamedQuery(AbstractSharedSessionContract.java:140) ~[hibernate-core-6.5.3.Final.jar:6.5.3.Final]
	at java.base/jdk.internal.reflect.NativeMethodAccessorImpl.invoke0(Native Method) ~[na:na]
	at java.base/jdk.internal.reflect.NativeMethodAccessorImpl.invoke(NativeMethodAccessorImpl.java:77) ~[na:na]
	at java.base/jdk.internal.reflect.DelegatingMethodAccessorImpl.invoke(DelegatingMethodAccessorImpl.java:43) ~[na:na]
	at java.base/java.lang.reflect.Method.invoke(Method.java:568) ~[na:na]
	at org.springframework.orm.jpa.ExtendedEntityManagerCreator$ExtendedEntityManagerInvocationHandler.invoke(ExtendedEntityManagerCreator.java:364) ~[spring-orm-6.1.13.jar:6.1.13]
	at jdk.proxy2/jdk.proxy2.$Proxy159.createNamedQuery(Unknown Source) ~[na:na]
	at org.springframework.data.jpa.repository.query.NamedQuery.hasNamedQuery(NamedQuery.java:112) ~[spring-data-jpa-3.3.4.jar:3.3.4]
	at org.springframework.data.jpa.repository.query.NamedQuery.lookupFrom(NamedQuery.java:138) ~[spring-data-jpa-3.3.4.jar:3.3.4]
	at org.springframework.data.jpa.repository.query.JpaQueryLookupStrategy$DeclaredQueryLookupStrategy.resolveQuery(JpaQueryLookupStrategy.java:180) ~[spring-data-jpa-3.3.4.jar:3.3.4]
	at org.springframework.data.jpa.repository.query.JpaQueryLookupStrategy$CreateIfNotFoundQueryLookupStrategy.resolveQuery(JpaQueryLookupStrategy.java:252) ~[spring-data-jpa-3.3.4.jar:3.3.4]
	at org.springframework.data.jpa.repository.query.JpaQueryLookupStrategy$AbstractQueryLookupStrategy.resolveQuery(JpaQueryLookupStrategy.java:95) ~[spring-data-jpa-3.3.4.jar:3.3.4]
	at org.springframework.data.repository.core.support.QueryExecutorMethodInterceptor.lookupQuery(QueryExecutorMethodInterceptor.java:115) ~[spring-data-commons-3.3.4.jar:3.3.4]
	at org.springframework.data.repository.core.support.QueryExecutorMethodInterceptor.mapMethodsToQuery(QueryExecutorMethodInterceptor.java:103) ~[spring-data-commons-3.3.4.jar:3.3.4]
	at org.springframework.data.repository.core.support.QueryExecutorMethodInterceptor.lambda$new$0(QueryExecutorMethodInterceptor.java:92) ~[spring-data-commons-3.3.4.jar:3.3.4]
	at java.base/java.util.Optional.map(Optional.java:260) ~[na:na]
	at org.springframework.data.repository.core.support.QueryExecutorMethodInterceptor.<init>(QueryExecutorMethodInterceptor.java:92) ~[spring-data-commons-3.3.4.jar:3.3.4]
	at org.springframework.data.repository.core.support.RepositoryFactorySupport.getRepository(RepositoryFactorySupport.java:357) ~[spring-data-commons-3.3.4.jar:3.3.4]
	at org.springframework.data.repository.core.support.RepositoryFactoryBeanSupport.lambda$afterPropertiesSet$5(RepositoryFactoryBeanSupport.java:286) ~[spring-data-commons-3.3.4.jar:3.3.4]
	at org.springframework.data.util.Lazy.getNullable(Lazy.java:135) ~[spring-data-commons-3.3.4.jar:3.3.4]
	at org.springframework.data.util.Lazy.get(Lazy.java:113) ~[spring-data-commons-3.3.4.jar:3.3.4]
	at org.springframework.data.repository.core.support.RepositoryFactoryBeanSupport.afterPropertiesSet(RepositoryFactoryBeanSupport.java:292) ~[spring-data-commons-3.3.4.jar:3.3.4]
	at org.springframework.data.jpa.repository.support.JpaRepositoryFactoryBean.afterPropertiesSet(JpaRepositoryFactoryBean.java:132) ~[spring-data-jpa-3.3.4.jar:3.3.4]
	at org.springframework.beans.factory.support.AbstractAutowireCapableBeanFactory.invokeInitMethods(AbstractAutowireCapableBeanFactory.java:1853) ~[spring-beans-6.1.13.jar:6.1.13]
	at org.springframework.beans.factory.support.AbstractAutowireCapableBeanFactory.initializeBean(AbstractAutowireCapableBeanFactory.java:1802) ~[spring-beans-6.1.13.jar:6.1.13]
	at org.springframework.beans.factory.support.AbstractAutowireCapableBeanFactory.doCreateBean(AbstractAutowireCapableBeanFactory.java:600) ~[spring-beans-6.1.13.jar:6.1.13]
	at org.springframework.beans.factory.support.AbstractAutowireCapableBeanFactory.createBean(AbstractAutowireCapableBeanFactory.java:522) ~[spring-beans-6.1.13.jar:6.1.13]
	at org.springframework.beans.factory.support.AbstractBeanFactory.lambda$doGetBean$0(AbstractBeanFactory.java:337) ~[spring-beans-6.1.13.jar:6.1.13]
	at org.springframework.beans.factory.support.DefaultSingletonBeanRegistry.getSingleton(DefaultSingletonBeanRegistry.java:234) ~[spring-beans-6.1.13.jar:6.1.13]
	at org.springframework.beans.factory.support.AbstractBeanFactory.doGetBean(AbstractBeanFactory.java:335) ~[spring-beans-6.1.13.jar:6.1.13]
	at org.springframework.beans.factory.support.AbstractBeanFactory.getBean(AbstractBeanFactory.java:200) ~[spring-beans-6.1.13.jar:6.1.13]
	at org.springframework.beans.factory.support.DefaultListableBeanFactory.preInstantiateSingletons(DefaultListableBeanFactory.java:969) ~[spring-beans-6.1.13.jar:6.1.13]
	at org.springframework.context.support.AbstractApplicationContext.finishBeanFactoryInitialization(AbstractApplicationContext.java:971) ~[spring-context-6.1.13.jar:6.1.13]
	at org.springframework.context.support.AbstractApplicationContext.refresh(AbstractApplicationContext.java:625) ~[spring-context-6.1.13.jar:6.1.13]
	at org.springframework.boot.SpringApplication.refresh(SpringApplication.java:754) ~[spring-boot-3.3.4.jar:3.3.4]
	at org.springframework.boot.SpringApplication.refreshContext(SpringApplication.java:456) ~[spring-boot-3.3.4.jar:3.3.4]
	at org.springframework.boot.SpringApplication.run(SpringApplication.java:335) ~[spring-boot-3.3.4.jar:3.3.4]
	at org.springframework.boot.test.context.SpringBootContextLoader.lambda$loadContext$3(SpringBootContextLoader.java:137) ~[spring-boot-test-3.3.4.jar:3.3.4]
	at org.springframework.util.function.ThrowingSupplier.get(ThrowingSupplier.java:58) ~[spring-core-6.1.13.jar:6.1.13]
	at org.springframework.util.function.ThrowingSupplier.get(ThrowingSupplier.java:46) ~[spring-core-6.1.13.jar:6.1.13]
	at org.springframework.boot.SpringApplication.withHook(SpringApplication.java:1463) ~[spring-boot-3.3.4.jar:3.3.4]
	at org.springframework.boot.test.context.SpringBootContextLoader$ContextLoaderHook.run(SpringBootContextLoader.java:553) ~[spring-boot-test-3.3.4.jar:3.3.4]
	at org.springframework.boot.test.context.SpringBootContextLoader.loadContext(SpringBootContextLoader.java:137) ~[spring-boot-test-3.3.4.jar:3.3.4]
	at org.springframework.boot.test.context.SpringBootContextLoader.loadContext(SpringBootContextLoader.java:108) ~[spring-boot-test-3.3.4.jar:3.3.4]
	at org.springframework.test.context.cache.DefaultCacheAwareContextLoaderDelegate.loadContextInternal(DefaultCacheAwareContextLoaderDelegate.java:225) ~[spring-test-6.1.13.jar:6.1.13]
	at org.springframework.test.context.cache.DefaultCacheAwareContextLoaderDelegate.loadContext(DefaultCacheAwareContextLoaderDelegate.java:152) ~[spring-test-6.1.13.jar:6.1.13]
	at org.springframework.test.context.support.DefaultTestContext.getApplicationContext(DefaultTestContext.java:130) ~[spring-test-6.1.13.jar:6.1.13]
	at org.springframework.test.context.web.ServletTestExecutionListener.setUpRequestContextIfNecessary(ServletTestExecutionListener.java:191) ~[spring-test-6.1.13.jar:6.1.13]
	at org.springframework.test.context.web.ServletTestExecutionListener.prepareTestInstance(ServletTestExecutionListener.java:130) ~[spring-test-6.1.13.jar:6.1.13]
	at org.springframework.test.context.TestContextManager.prepareTestInstance(TestContextManager.java:260) ~[spring-test-6.1.13.jar:6.1.13]
	at org.springframework.test.context.junit.jupiter.SpringExtension.postProcessTestInstance(SpringExtension.java:163) ~[spring-test-6.1.13.jar:6.1.13]
	at org.junit.jupiter.engine.descriptor.ClassBasedTestDescriptor.lambda$invokeTestInstancePostProcessors$10(ClassBasedTestDescriptor.java:378) ~[junit-jupiter-engine-5.10.3.jar:5.10.3]
	at org.junit.jupiter.engine.descriptor.ClassBasedTestDescriptor.executeAndMaskThrowable(ClassBasedTestDescriptor.java:383) ~[junit-jupiter-engine-5.10.3.jar:5.10.3]
	at org.junit.jupiter.engine.descriptor.ClassBasedTestDescriptor.lambda$invokeTestInstancePostProcessors$11(ClassBasedTestDescriptor.java:378) ~[junit-jupiter-engine-5.10.3.jar:5.10.3]
	at java.base/java.util.stream.ReferencePipeline$3$1.accept(ReferencePipeline.java:197) ~[na:na]
	at java.base/java.util.stream.ReferencePipeline$2$1.accept(ReferencePipeline.java:179) ~[na:na]
	at java.base/java.util.ArrayList$ArrayListSpliterator.forEachRemaining(ArrayList.java:1625) ~[na:na]
	at java.base/java.util.stream.AbstractPipeline.copyInto(AbstractPipeline.java:509) ~[na:na]
	at java.base/java.util.stream.AbstractPipeline.wrapAndCopyInto(AbstractPipeline.java:499) ~[na:na]
	at java.base/java.util.stream.StreamSpliterators$WrappingSpliterator.forEachRemaining(StreamSpliterators.java:310) ~[na:na]
	at java.base/java.util.stream.Streams$ConcatSpliterator.forEachRemaining(Streams.java:735) ~[na:na]
	at java.base/java.util.stream.Streams$ConcatSpliterator.forEachRemaining(Streams.java:734) ~[na:na]
	at java.base/java.util.stream.ReferencePipeline$Head.forEach(ReferencePipeline.java:762) ~[na:na]
	at org.junit.jupiter.engine.descriptor.ClassBasedTestDescriptor.invokeTestInstancePostProcessors(ClassBasedTestDescriptor.java:377) ~[junit-jupiter-engine-5.10.3.jar:5.10.3]
	at org.junit.jupiter.engine.descriptor.ClassBasedTestDescriptor.lambda$instantiateAndPostProcessTestInstance$6(ClassBasedTestDescriptor.java:290) ~[junit-jupiter-engine-5.10.3.jar:5.10.3]
	at org.junit.platform.engine.support.hierarchical.ThrowableCollector.execute(ThrowableCollector.java:73) ~[junit-platform-engine-1.10.3.jar:1.10.3]
	at org.junit.jupiter.engine.descriptor.ClassBasedTestDescriptor.instantiateAndPostProcessTestInstance(ClassBasedTestDescriptor.java:289) ~[junit-jupiter-engine-5.10.3.jar:5.10.3]
	at org.junit.jupiter.engine.descriptor.ClassBasedTestDescriptor.lambda$testInstancesProvider$4(ClassBasedTestDescriptor.java:279) ~[junit-jupiter-engine-5.10.3.jar:5.10.3]
	at java.base/java.util.Optional.orElseGet(Optional.java:364) ~[na:na]
	at org.junit.jupiter.engine.descriptor.ClassBasedTestDescriptor.lambda$testInstancesProvider$5(ClassBasedTestDescriptor.java:278) ~[junit-jupiter-engine-5.10.3.jar:5.10.3]
	at org.junit.jupiter.engine.execution.TestInstancesProvider.getTestInstances(TestInstancesProvider.java:31) ~[junit-jupiter-engine-5.10.3.jar:5.10.3]
	at org.junit.jupiter.engine.descriptor.TestMethodTestDescriptor.lambda$prepare$0(TestMethodTestDescriptor.java:106) ~[junit-jupiter-engine-5.10.3.jar:5.10.3]
	at org.junit.platform.engine.support.hierarchical.ThrowableCollector.execute(ThrowableCollector.java:73) ~[junit-platform-engine-1.10.3.jar:1.10.3]
	at org.junit.jupiter.engine.descriptor.TestMethodTestDescriptor.prepare(TestMethodTestDescriptor.java:105) ~[junit-jupiter-engine-5.10.3.jar:5.10.3]
	at org.junit.jupiter.engine.descriptor.TestMethodTestDescriptor.prepare(TestMethodTestDescriptor.java:69) ~[junit-jupiter-engine-5.10.3.jar:5.10.3]
	at org.junit.platform.engine.support.hierarchical.NodeTestTask.lambda$prepare$2(NodeTestTask.java:123) ~[junit-platform-engine-1.10.3.jar:1.10.3]
	at org.junit.platform.engine.support.hierarchical.ThrowableCollector.execute(ThrowableCollector.java:73) ~[junit-platform-engine-1.10.3.jar:1.10.3]
	at org.junit.platform.engine.support.hierarchical.NodeTestTask.prepare(NodeTestTask.java:123) ~[junit-platform-engine-1.10.3.jar:1.10.3]
	at org.junit.platform.engine.support.hierarchical.NodeTestTask.execute(NodeTestTask.java:90) ~[junit-platform-engine-1.10.3.jar:1.10.3]
	at java.base/java.util.ArrayList.forEach(ArrayList.java:1511) ~[na:na]
	at org.junit.platform.engine.support.hierarchical.SameThreadHierarchicalTestExecutorService.invokeAll(SameThreadHierarchicalTestExecutorService.java:41) ~[junit-platform-engine-1.10.3.jar:1.10.3]
	at org.junit.platform.engine.support.hierarchical.NodeTestTask.lambda$executeRecursively$6(NodeTestTask.java:155) ~[junit-platform-engine-1.10.3.jar:1.10.3]
	at org.junit.platform.engine.support.hierarchical.ThrowableCollector.execute(ThrowableCollector.java:73) ~[junit-platform-engine-1.10.3.jar:1.10.3]
	at org.junit.platform.engine.support.hierarchical.NodeTestTask.lambda$executeRecursively$8(NodeTestTask.java:141) ~[junit-platform-engine-1.10.3.jar:1.10.3]
	at org.junit.platform.engine.support.hierarchical.Node.around(Node.java:137) ~[junit-platform-engine-1.10.3.jar:1.10.3]
	at org.junit.platform.engine.support.hierarchical.NodeTestTask.lambda$executeRecursively$9(NodeTestTask.java:139) ~[junit-platform-engine-1.10.3.jar:1.10.3]
	at org.junit.platform.engine.support.hierarchical.ThrowableCollector.execute(ThrowableCollector.java:73) ~[junit-platform-engine-1.10.3.jar:1.10.3]
	at org.junit.platform.engine.support.hierarchical.NodeTestTask.executeRecursively(NodeTestTask.java:138) ~[junit-platform-engine-1.10.3.jar:1.10.3]
	at org.junit.platform.engine.support.hierarchical.NodeTestTask.execute(NodeTestTask.java:95) ~[junit-platform-engine-1.10.3.jar:1.10.3]
	at java.base/java.util.ArrayList.forEach(ArrayList.java:1511) ~[na:na]
	at org.junit.platform.engine.support.hierarchical.SameThreadHierarchicalTestExecutorService.invokeAll(SameThreadHierarchicalTestExecutorService.java:41) ~[junit-platform-engine-1.10.3.jar:1.10.3]
	at org.junit.platform.engine.support.hierarchical.NodeTestTask.lambda$executeRecursively$6(NodeTestTask.java:155) ~[junit-platform-engine-1.10.3.jar:1.10.3]
	at org.junit.platform.engine.support.hierarchical.ThrowableCollector.execute(ThrowableCollector.java:73) ~[junit-platform-engine-1.10.3.jar:1.10.3]
	at org.junit.platform.engine.support.hierarchical.NodeTestTask.lambda$executeRecursively$8(NodeTestTask.java:141) ~[junit-platform-engine-1.10.3.jar:1.10.3]
	at org.junit.platform.engine.support.hierarchical.Node.around(Node.java:137) ~[junit-platform-engine-1.10.3.jar:1.10.3]
	at org.junit.platform.engine.support.hierarchical.NodeTestTask.lambda$executeRecursively$9(NodeTestTask.java:139) ~[junit-platform-engine-1.10.3.jar:1.10.3]
	at org.junit.platform.engine.support.hierarchical.ThrowableCollector.execute(ThrowableCollector.java:73) ~[junit-platform-engine-1.10.3.jar:1.10.3]
	at org.junit.platform.engine.support.hierarchical.NodeTestTask.executeRecursively(NodeTestTask.java:138) ~[junit-platform-engine-1.10.3.jar:1.10.3]
	at org.junit.platform.engine.support.hierarchical.NodeTestTask.execute(NodeTestTask.java:95) ~[junit-platform-engine-1.10.3.jar:1.10.3]
	at org.junit.platform.engine.support.hierarchical.SameThreadHierarchicalTestExecutorService.submit(SameThreadHierarchicalTestExecutorService.java:35) ~[junit-platform-engine-1.10.3.jar:1.10.3]
	at org.junit.platform.engine.support.hierarchical.HierarchicalTestExecutor.execute(HierarchicalTestExecutor.java:57) ~[junit-platform-engine-1.10.3.jar:1.10.3]
	at org.junit.platform.engine.support.hierarchical.HierarchicalTestEngine.execute(HierarchicalTestEngine.java:54) ~[junit-platform-engine-1.10.3.jar:1.10.3]
	at org.junit.platform.launcher.core.EngineExecutionOrchestrator.execute(EngineExecutionOrchestrator.java:198) ~[junit-platform-launcher-1.10.3.jar:1.10.3]
	at org.junit.platform.launcher.core.EngineExecutionOrchestrator.execute(EngineExecutionOrchestrator.java:169) ~[junit-platform-launcher-1.10.3.jar:1.10.3]
	at org.junit.platform.launcher.core.EngineExecutionOrchestrator.execute(EngineExecutionOrchestrator.java:93) ~[junit-platform-launcher-1.10.3.jar:1.10.3]
	at org.junit.platform.launcher.core.EngineExecutionOrchestrator.lambda$execute$0(EngineExecutionOrchestrator.java:58) ~[junit-platform-launcher-1.10.3.jar:1.10.3]
	at org.junit.platform.launcher.core.EngineExecutionOrchestrator.withInterceptedStreams(EngineExecutionOrchestrator.java:141) ~[junit-platform-launcher-1.10.3.jar:1.10.3]
	at org.junit.platform.launcher.core.EngineExecutionOrchestrator.execute(EngineExecutionOrchestrator.java:57) ~[junit-platform-launcher-1.10.3.jar:1.10.3]
	at org.junit.platform.launcher.core.DefaultLauncher.execute(DefaultLauncher.java:103) ~[junit-platform-launcher-1.10.3.jar:1.10.3]
	at org.junit.platform.launcher.core.DefaultLauncher.execute(DefaultLauncher.java:85) ~[junit-platform-launcher-1.10.3.jar:1.10.3]
	at org.junit.platform.launcher.core.DelegatingLauncher.execute(DelegatingLauncher.java:47) ~[junit-platform-launcher-1.10.3.jar:1.10.3]
	at org.apache.maven.surefire.junitplatform.LazyLauncher.execute(LazyLauncher.java:56) ~[surefire-junit-platform-3.2.5.jar:3.2.5]
	at org.apache.maven.surefire.junitplatform.JUnitPlatformProvider.execute(JUnitPlatformProvider.java:184) ~[surefire-junit-platform-3.2.5.jar:3.2.5]
	at org.apache.maven.surefire.junitplatform.JUnitPlatformProvider.invokeAllTests(JUnitPlatformProvider.java:148) ~[surefire-junit-platform-3.2.5.jar:3.2.5]
	at org.apache.maven.surefire.junitplatform.JUnitPlatformProvider.invoke(JUnitPlatformProvider.java:122) ~[surefire-junit-platform-3.2.5.jar:3.2.5]
	at org.apache.maven.surefire.booter.ForkedBooter.runSuitesInProcess(ForkedBooter.java:385) ~[surefire-booter-3.2.5.jar:3.2.5]
	at org.apache.maven.surefire.booter.ForkedBooter.execute(ForkedBooter.java:162) ~[surefire-booter-3.2.5.jar:3.2.5]
	at org.apache.maven.surefire.booter.ForkedBooter.run(ForkedBooter.java:507) ~[surefire-booter-3.2.5.jar:3.2.5]
	at org.apache.maven.surefire.booter.ForkedBooter.main(ForkedBooter.java:495) ~[surefire-booter-3.2.5.jar:3.2.5]

2024-12-13T18:05:59.526+05:30 DEBUG 7187 --- [contenttree] [           main] o.s.d.jpa.repository.query.NamedQuery    : Did not find named query BannerEntity.findByName
2024-12-13T18:05:59.526+05:30 DEBUG 7187 --- [contenttree] [           main] tor$SharedEntityManagerInvocationHandler : Creating new EntityManager for shared EntityManager invocation
2024-12-13T18:05:59.528+05:30 DEBUG 7187 --- [contenttree] [           main] o.s.d.r.c.s.RepositoryFactorySupport     : Finished creation of repository instance for com.contenttree.banner.BannerRepository.
2024-12-13T18:05:59.528+05:30 DEBUG 7187 --- [contenttree] [           main] o.s.b.f.s.DefaultListableBeanFactory     : Creating shared instance of singleton bean 'jpa.UserDataStorageRepository.fragments#0'
2024-12-13T18:05:59.528+05:30 DEBUG 7187 --- [contenttree] [           main] o.s.b.f.s.DefaultListableBeanFactory     : Creating shared instance of singleton bean 'userDataStorageRepository'
2024-12-13T18:05:59.529+05:30 DEBUG 7187 --- [contenttree] [           main] o.s.b.f.s.DefaultListableBeanFactory     : Creating shared instance of singleton bean 'jpa.named-queries#3'
2024-12-13T18:05:59.529+05:30 DEBUG 7187 --- [contenttree] [           main] tor$SharedEntityManagerInvocationHandler : Creating new EntityManager for shared EntityManager invocation
2024-12-13T18:05:59.531+05:30 DEBUG 7187 --- [contenttree] [           main] o.s.d.r.c.s.RepositoryFactorySupport     : Initializing repository instance for com.contenttree.userdatastorage.UserDataStorageRepository…
2024-12-13T18:05:59.531+05:30 DEBUG 7187 --- [contenttree] [           main] tor$SharedEntityManagerInvocationHandler : Creating new EntityManager for shared EntityManager invocation
2024-12-13T18:05:59.538+05:30  INFO 7187 --- [contenttree] [           main] o.s.d.j.r.query.QueryEnhancerFactory     : Hibernate is in classpath; If applicable, HQL parser will be used.
2024-12-13T18:05:59.608+05:30 DEBUG 7187 --- [contenttree] [           main] cResourceLocalTransactionCoordinatorImpl : JDBC transaction marked for rollback-only (exception provided for stack trace)

java.lang.Exception: exception just for purpose of providing stack trace
	at org.hibernate.resource.transaction.backend.jdbc.internal.JdbcResourceLocalTransactionCoordinatorImpl$TransactionDriverControlImpl.markRollbackOnly(JdbcResourceLocalTransactionCoordinatorImpl.java:309) ~[hibernate-core-6.5.3.Final.jar:6.5.3.Final]
	at org.hibernate.internal.AbstractSharedSessionContract.buildNamedQuery(AbstractSharedSessionContract.java:1109) ~[hibernate-core-6.5.3.Final.jar:6.5.3.Final]
	at org.hibernate.internal.AbstractSharedSessionContract.createNamedQuery(AbstractSharedSessionContract.java:987) ~[hibernate-core-6.5.3.Final.jar:6.5.3.Final]
	at org.hibernate.internal.AbstractSharedSessionContract.createNamedQuery(AbstractSharedSessionContract.java:140) ~[hibernate-core-6.5.3.Final.jar:6.5.3.Final]
	at java.base/jdk.internal.reflect.NativeMethodAccessorImpl.invoke0(Native Method) ~[na:na]
	at java.base/jdk.internal.reflect.NativeMethodAccessorImpl.invoke(NativeMethodAccessorImpl.java:77) ~[na:na]
	at java.base/jdk.internal.reflect.DelegatingMethodAccessorImpl.invoke(DelegatingMethodAccessorImpl.java:43) ~[na:na]
	at java.base/java.lang.reflect.Method.invoke(Method.java:568) ~[na:na]
	at org.springframework.orm.jpa.ExtendedEntityManagerCreator$ExtendedEntityManagerInvocationHandler.invoke(ExtendedEntityManagerCreator.java:364) ~[spring-orm-6.1.13.jar:6.1.13]
	at jdk.proxy2/jdk.proxy2.$Proxy159.createNamedQuery(Unknown Source) ~[na:na]
	at org.springframework.data.jpa.repository.query.NamedQuery.hasNamedQuery(NamedQuery.java:112) ~[spring-data-jpa-3.3.4.jar:3.3.4]
	at org.springframework.data.jpa.repository.query.JpaQueryLookupStrategy$DeclaredQueryLookupStrategy.getCountQuery(JpaQueryLookupStrategy.java:204) ~[spring-data-jpa-3.3.4.jar:3.3.4]
	at org.springframework.data.jpa.repository.query.JpaQueryLookupStrategy$DeclaredQueryLookupStrategy.resolveQuery(JpaQueryLookupStrategy.java:171) ~[spring-data-jpa-3.3.4.jar:3.3.4]
	at org.springframework.data.jpa.repository.query.JpaQueryLookupStrategy$CreateIfNotFoundQueryLookupStrategy.resolveQuery(JpaQueryLookupStrategy.java:252) ~[spring-data-jpa-3.3.4.jar:3.3.4]
	at org.springframework.data.jpa.repository.query.JpaQueryLookupStrategy$AbstractQueryLookupStrategy.resolveQuery(JpaQueryLookupStrategy.java:95) ~[spring-data-jpa-3.3.4.jar:3.3.4]
	at org.springframework.data.repository.core.support.QueryExecutorMethodInterceptor.lookupQuery(QueryExecutorMethodInterceptor.java:115) ~[spring-data-commons-3.3.4.jar:3.3.4]
	at org.springframework.data.repository.core.support.QueryExecutorMethodInterceptor.mapMethodsToQuery(QueryExecutorMethodInterceptor.java:103) ~[spring-data-commons-3.3.4.jar:3.3.4]
	at org.springframework.data.repository.core.support.QueryExecutorMethodInterceptor.lambda$new$0(QueryExecutorMethodInterceptor.java:92) ~[spring-data-commons-3.3.4.jar:3.3.4]
	at java.base/java.util.Optional.map(Optional.java:260) ~[na:na]
	at org.springframework.data.repository.core.support.QueryExecutorMethodInterceptor.<init>(QueryExecutorMethodInterceptor.java:92) ~[spring-data-commons-3.3.4.jar:3.3.4]
	at org.springframework.data.repository.core.support.RepositoryFactorySupport.getRepository(RepositoryFactorySupport.java:357) ~[spring-data-commons-3.3.4.jar:3.3.4]
	at org.springframework.data.repository.core.support.RepositoryFactoryBeanSupport.lambda$afterPropertiesSet$5(RepositoryFactoryBeanSupport.java:286) ~[spring-data-commons-3.3.4.jar:3.3.4]
	at org.springframework.data.util.Lazy.getNullable(Lazy.java:135) ~[spring-data-commons-3.3.4.jar:3.3.4]
	at org.springframework.data.util.Lazy.get(Lazy.java:113) ~[spring-data-commons-3.3.4.jar:3.3.4]
	at org.springframework.data.repository.core.support.RepositoryFactoryBeanSupport.afterPropertiesSet(RepositoryFactoryBeanSupport.java:292) ~[spring-data-commons-3.3.4.jar:3.3.4]
	at org.springframework.data.jpa.repository.support.JpaRepositoryFactoryBean.afterPropertiesSet(JpaRepositoryFactoryBean.java:132) ~[spring-data-jpa-3.3.4.jar:3.3.4]
	at org.springframework.beans.factory.support.AbstractAutowireCapableBeanFactory.invokeInitMethods(AbstractAutowireCapableBeanFactory.java:1853) ~[spring-beans-6.1.13.jar:6.1.13]
	at org.springframework.beans.factory.support.AbstractAutowireCapableBeanFactory.initializeBean(AbstractAutowireCapableBeanFactory.java:1802) ~[spring-beans-6.1.13.jar:6.1.13]
	at org.springframework.beans.factory.support.AbstractAutowireCapableBeanFactory.doCreateBean(AbstractAutowireCapableBeanFactory.java:600) ~[spring-beans-6.1.13.jar:6.1.13]
	at org.springframework.beans.factory.support.AbstractAutowireCapableBeanFactory.createBean(AbstractAutowireCapableBeanFactory.java:522) ~[spring-beans-6.1.13.jar:6.1.13]
	at org.springframework.beans.factory.support.AbstractBeanFactory.lambda$doGetBean$0(AbstractBeanFactory.java:337) ~[spring-beans-6.1.13.jar:6.1.13]
	at org.springframework.beans.factory.support.DefaultSingletonBeanRegistry.getSingleton(DefaultSingletonBeanRegistry.java:234) ~[spring-beans-6.1.13.jar:6.1.13]
	at org.springframework.beans.factory.support.AbstractBeanFactory.doGetBean(AbstractBeanFactory.java:335) ~[spring-beans-6.1.13.jar:6.1.13]
	at org.springframework.beans.factory.support.AbstractBeanFactory.getBean(AbstractBeanFactory.java:200) ~[spring-beans-6.1.13.jar:6.1.13]
	at org.springframework.beans.factory.support.DefaultListableBeanFactory.preInstantiateSingletons(DefaultListableBeanFactory.java:969) ~[spring-beans-6.1.13.jar:6.1.13]
	at org.springframework.context.support.AbstractApplicationContext.finishBeanFactoryInitialization(AbstractApplicationContext.java:971) ~[spring-context-6.1.13.jar:6.1.13]
	at org.springframework.context.support.AbstractApplicationContext.refresh(AbstractApplicationContext.java:625) ~[spring-context-6.1.13.jar:6.1.13]
	at org.springframework.boot.SpringApplication.refresh(SpringApplication.java:754) ~[spring-boot-3.3.4.jar:3.3.4]
	at org.springframework.boot.SpringApplication.refreshContext(SpringApplication.java:456) ~[spring-boot-3.3.4.jar:3.3.4]
	at org.springframework.boot.SpringApplication.run(SpringApplication.java:335) ~[spring-boot-3.3.4.jar:3.3.4]
	at org.springframework.boot.test.context.SpringBootContextLoader.lambda$loadContext$3(SpringBootContextLoader.java:137) ~[spring-boot-test-3.3.4.jar:3.3.4]
	at org.springframework.util.function.ThrowingSupplier.get(ThrowingSupplier.java:58) ~[spring-core-6.1.13.jar:6.1.13]
	at org.springframework.util.function.ThrowingSupplier.get(ThrowingSupplier.java:46) ~[spring-core-6.1.13.jar:6.1.13]
	at org.springframework.boot.SpringApplication.withHook(SpringApplication.java:1463) ~[spring-boot-3.3.4.jar:3.3.4]
	at org.springframework.boot.test.context.SpringBootContextLoader$ContextLoaderHook.run(SpringBootContextLoader.java:553) ~[spring-boot-test-3.3.4.jar:3.3.4]
	at org.springframework.boot.test.context.SpringBootContextLoader.loadContext(SpringBootContextLoader.java:137) ~[spring-boot-test-3.3.4.jar:3.3.4]
	at org.springframework.boot.test.context.SpringBootContextLoader.loadContext(SpringBootContextLoader.java:108) ~[spring-boot-test-3.3.4.jar:3.3.4]
	at org.springframework.test.context.cache.DefaultCacheAwareContextLoaderDelegate.loadContextInternal(DefaultCacheAwareContextLoaderDelegate.java:225) ~[spring-test-6.1.13.jar:6.1.13]
	at org.springframework.test.context.cache.DefaultCacheAwareContextLoaderDelegate.loadContext(DefaultCacheAwareContextLoaderDelegate.java:152) ~[spring-test-6.1.13.jar:6.1.13]
	at org.springframework.test.context.support.DefaultTestContext.getApplicationContext(DefaultTestContext.java:130) ~[spring-test-6.1.13.jar:6.1.13]
	at org.springframework.test.context.web.ServletTestExecutionListener.setUpRequestContextIfNecessary(ServletTestExecutionListener.java:191) ~[spring-test-6.1.13.jar:6.1.13]
	at org.springframework.test.context.web.ServletTestExecutionListener.prepareTestInstance(ServletTestExecutionListener.java:130) ~[spring-test-6.1.13.jar:6.1.13]
	at org.springframework.test.context.TestContextManager.prepareTestInstance(TestContextManager.java:260) ~[spring-test-6.1.13.jar:6.1.13]
	at org.springframework.test.context.junit.jupiter.SpringExtension.postProcessTestInstance(SpringExtension.java:163) ~[spring-test-6.1.13.jar:6.1.13]
	at org.junit.jupiter.engine.descriptor.ClassBasedTestDescriptor.lambda$invokeTestInstancePostProcessors$10(ClassBasedTestDescriptor.java:378) ~[junit-jupiter-engine-5.10.3.jar:5.10.3]
	at org.junit.jupiter.engine.descriptor.ClassBasedTestDescriptor.executeAndMaskThrowable(ClassBasedTestDescriptor.java:383) ~[junit-jupiter-engine-5.10.3.jar:5.10.3]
	at org.junit.jupiter.engine.descriptor.ClassBasedTestDescriptor.lambda$invokeTestInstancePostProcessors$11(ClassBasedTestDescriptor.java:378) ~[junit-jupiter-engine-5.10.3.jar:5.10.3]
	at java.base/java.util.stream.ReferencePipeline$3$1.accept(ReferencePipeline.java:197) ~[na:na]
	at java.base/java.util.stream.ReferencePipeline$2$1.accept(ReferencePipeline.java:179) ~[na:na]
	at java.base/java.util.ArrayList$ArrayListSpliterator.forEachRemaining(ArrayList.java:1625) ~[na:na]
	at java.base/java.util.stream.AbstractPipeline.copyInto(AbstractPipeline.java:509) ~[na:na]
	at java.base/java.util.stream.AbstractPipeline.wrapAndCopyInto(AbstractPipeline.java:499) ~[na:na]
	at java.base/java.util.stream.StreamSpliterators$WrappingSpliterator.forEachRemaining(StreamSpliterators.java:310) ~[na:na]
	at java.base/java.util.stream.Streams$ConcatSpliterator.forEachRemaining(Streams.java:735) ~[na:na]
	at java.base/java.util.stream.Streams$ConcatSpliterator.forEachRemaining(Streams.java:734) ~[na:na]
	at java.base/java.util.stream.ReferencePipeline$Head.forEach(ReferencePipeline.java:762) ~[na:na]
	at org.junit.jupiter.engine.descriptor.ClassBasedTestDescriptor.invokeTestInstancePostProcessors(ClassBasedTestDescriptor.java:377) ~[junit-jupiter-engine-5.10.3.jar:5.10.3]
	at org.junit.jupiter.engine.descriptor.ClassBasedTestDescriptor.lambda$instantiateAndPostProcessTestInstance$6(ClassBasedTestDescriptor.java:290) ~[junit-jupiter-engine-5.10.3.jar:5.10.3]
	at org.junit.platform.engine.support.hierarchical.ThrowableCollector.execute(ThrowableCollector.java:73) ~[junit-platform-engine-1.10.3.jar:1.10.3]
	at org.junit.jupiter.engine.descriptor.ClassBasedTestDescriptor.instantiateAndPostProcessTestInstance(ClassBasedTestDescriptor.java:289) ~[junit-jupiter-engine-5.10.3.jar:5.10.3]
	at org.junit.jupiter.engine.descriptor.ClassBasedTestDescriptor.lambda$testInstancesProvider$4(ClassBasedTestDescriptor.java:279) ~[junit-jupiter-engine-5.10.3.jar:5.10.3]
	at java.base/java.util.Optional.orElseGet(Optional.java:364) ~[na:na]
	at org.junit.jupiter.engine.descriptor.ClassBasedTestDescriptor.lambda$testInstancesProvider$5(ClassBasedTestDescriptor.java:278) ~[junit-jupiter-engine-5.10.3.jar:5.10.3]
	at org.junit.jupiter.engine.execution.TestInstancesProvider.getTestInstances(TestInstancesProvider.java:31) ~[junit-jupiter-engine-5.10.3.jar:5.10.3]
	at org.junit.jupiter.engine.descriptor.TestMethodTestDescriptor.lambda$prepare$0(TestMethodTestDescriptor.java:106) ~[junit-jupiter-engine-5.10.3.jar:5.10.3]
	at org.junit.platform.engine.support.hierarchical.ThrowableCollector.execute(ThrowableCollector.java:73) ~[junit-platform-engine-1.10.3.jar:1.10.3]
	at org.junit.jupiter.engine.descriptor.TestMethodTestDescriptor.prepare(TestMethodTestDescriptor.java:105) ~[junit-jupiter-engine-5.10.3.jar:5.10.3]
	at org.junit.jupiter.engine.descriptor.TestMethodTestDescriptor.prepare(TestMethodTestDescriptor.java:69) ~[junit-jupiter-engine-5.10.3.jar:5.10.3]
	at org.junit.platform.engine.support.hierarchical.NodeTestTask.lambda$prepare$2(NodeTestTask.java:123) ~[junit-platform-engine-1.10.3.jar:1.10.3]
	at org.junit.platform.engine.support.hierarchical.ThrowableCollector.execute(ThrowableCollector.java:73) ~[junit-platform-engine-1.10.3.jar:1.10.3]
	at org.junit.platform.engine.support.hierarchical.NodeTestTask.prepare(NodeTestTask.java:123) ~[junit-platform-engine-1.10.3.jar:1.10.3]
	at org.junit.platform.engine.support.hierarchical.NodeTestTask.execute(NodeTestTask.java:90) ~[junit-platform-engine-1.10.3.jar:1.10.3]
	at java.base/java.util.ArrayList.forEach(ArrayList.java:1511) ~[na:na]
	at org.junit.platform.engine.support.hierarchical.SameThreadHierarchicalTestExecutorService.invokeAll(SameThreadHierarchicalTestExecutorService.java:41) ~[junit-platform-engine-1.10.3.jar:1.10.3]
	at org.junit.platform.engine.support.hierarchical.NodeTestTask.lambda$executeRecursively$6(NodeTestTask.java:155) ~[junit-platform-engine-1.10.3.jar:1.10.3]
	at org.junit.platform.engine.support.hierarchical.ThrowableCollector.execute(ThrowableCollector.java:73) ~[junit-platform-engine-1.10.3.jar:1.10.3]
	at org.junit.platform.engine.support.hierarchical.NodeTestTask.lambda$executeRecursively$8(NodeTestTask.java:141) ~[junit-platform-engine-1.10.3.jar:1.10.3]
	at org.junit.platform.engine.support.hierarchical.Node.around(Node.java:137) ~[junit-platform-engine-1.10.3.jar:1.10.3]
	at org.junit.platform.engine.support.hierarchical.NodeTestTask.lambda$executeRecursively$9(NodeTestTask.java:139) ~[junit-platform-engine-1.10.3.jar:1.10.3]
	at org.junit.platform.engine.support.hierarchical.ThrowableCollector.execute(ThrowableCollector.java:73) ~[junit-platform-engine-1.10.3.jar:1.10.3]
	at org.junit.platform.engine.support.hierarchical.NodeTestTask.executeRecursively(NodeTestTask.java:138) ~[junit-platform-engine-1.10.3.jar:1.10.3]
	at org.junit.platform.engine.support.hierarchical.NodeTestTask.execute(NodeTestTask.java:95) ~[junit-platform-engine-1.10.3.jar:1.10.3]
	at java.base/java.util.ArrayList.forEach(ArrayList.java:1511) ~[na:na]
	at org.junit.platform.engine.support.hierarchical.SameThreadHierarchicalTestExecutorService.invokeAll(SameThreadHierarchicalTestExecutorService.java:41) ~[junit-platform-engine-1.10.3.jar:1.10.3]
	at org.junit.platform.engine.support.hierarchical.NodeTestTask.lambda$executeRecursively$6(NodeTestTask.java:155) ~[junit-platform-engine-1.10.3.jar:1.10.3]
	at org.junit.platform.engine.support.hierarchical.ThrowableCollector.execute(ThrowableCollector.java:73) ~[junit-platform-engine-1.10.3.jar:1.10.3]
	at org.junit.platform.engine.support.hierarchical.NodeTestTask.lambda$executeRecursively$8(NodeTestTask.java:141) ~[junit-platform-engine-1.10.3.jar:1.10.3]
	at org.junit.platform.engine.support.hierarchical.Node.around(Node.java:137) ~[junit-platform-engine-1.10.3.jar:1.10.3]
	at org.junit.platform.engine.support.hierarchical.NodeTestTask.lambda$executeRecursively$9(NodeTestTask.java:139) ~[junit-platform-engine-1.10.3.jar:1.10.3]
	at org.junit.platform.engine.support.hierarchical.ThrowableCollector.execute(ThrowableCollector.java:73) ~[junit-platform-engine-1.10.3.jar:1.10.3]
	at org.junit.platform.engine.support.hierarchical.NodeTestTask.executeRecursively(NodeTestTask.java:138) ~[junit-platform-engine-1.10.3.jar:1.10.3]
	at org.junit.platform.engine.support.hierarchical.NodeTestTask.execute(NodeTestTask.java:95) ~[junit-platform-engine-1.10.3.jar:1.10.3]
	at org.junit.platform.engine.support.hierarchical.SameThreadHierarchicalTestExecutorService.submit(SameThreadHierarchicalTestExecutorService.java:35) ~[junit-platform-engine-1.10.3.jar:1.10.3]
	at org.junit.platform.engine.support.hierarchical.HierarchicalTestExecutor.execute(HierarchicalTestExecutor.java:57) ~[junit-platform-engine-1.10.3.jar:1.10.3]
	at org.junit.platform.engine.support.hierarchical.HierarchicalTestEngine.execute(HierarchicalTestEngine.java:54) ~[junit-platform-engine-1.10.3.jar:1.10.3]
	at org.junit.platform.launcher.core.EngineExecutionOrchestrator.execute(EngineExecutionOrchestrator.java:198) ~[junit-platform-launcher-1.10.3.jar:1.10.3]
	at org.junit.platform.launcher.core.EngineExecutionOrchestrator.execute(EngineExecutionOrchestrator.java:169) ~[junit-platform-launcher-1.10.3.jar:1.10.3]
	at org.junit.platform.launcher.core.EngineExecutionOrchestrator.execute(EngineExecutionOrchestrator.java:93) ~[junit-platform-launcher-1.10.3.jar:1.10.3]
	at org.junit.platform.launcher.core.EngineExecutionOrchestrator.lambda$execute$0(EngineExecutionOrchestrator.java:58) ~[junit-platform-launcher-1.10.3.jar:1.10.3]
	at org.junit.platform.launcher.core.EngineExecutionOrchestrator.withInterceptedStreams(EngineExecutionOrchestrator.java:141) ~[junit-platform-launcher-1.10.3.jar:1.10.3]
	at org.junit.platform.launcher.core.EngineExecutionOrchestrator.execute(EngineExecutionOrchestrator.java:57) ~[junit-platform-launcher-1.10.3.jar:1.10.3]
	at org.junit.platform.launcher.core.DefaultLauncher.execute(DefaultLauncher.java:103) ~[junit-platform-launcher-1.10.3.jar:1.10.3]
	at org.junit.platform.launcher.core.DefaultLauncher.execute(DefaultLauncher.java:85) ~[junit-platform-launcher-1.10.3.jar:1.10.3]
	at org.junit.platform.launcher.core.DelegatingLauncher.execute(DelegatingLauncher.java:47) ~[junit-platform-launcher-1.10.3.jar:1.10.3]
	at org.apache.maven.surefire.junitplatform.LazyLauncher.execute(LazyLauncher.java:56) ~[surefire-junit-platform-3.2.5.jar:3.2.5]
	at org.apache.maven.surefire.junitplatform.JUnitPlatformProvider.execute(JUnitPlatformProvider.java:184) ~[surefire-junit-platform-3.2.5.jar:3.2.5]
	at org.apache.maven.surefire.junitplatform.JUnitPlatformProvider.invokeAllTests(JUnitPlatformProvider.java:148) ~[surefire-junit-platform-3.2.5.jar:3.2.5]
	at org.apache.maven.surefire.junitplatform.JUnitPlatformProvider.invoke(JUnitPlatformProvider.java:122) ~[surefire-junit-platform-3.2.5.jar:3.2.5]
	at org.apache.maven.surefire.booter.ForkedBooter.runSuitesInProcess(ForkedBooter.java:385) ~[surefire-booter-3.2.5.jar:3.2.5]
	at org.apache.maven.surefire.booter.ForkedBooter.execute(ForkedBooter.java:162) ~[surefire-booter-3.2.5.jar:3.2.5]
	at org.apache.maven.surefire.booter.ForkedBooter.run(ForkedBooter.java:507) ~[surefire-booter-3.2.5.jar:3.2.5]
	at org.apache.maven.surefire.booter.ForkedBooter.main(ForkedBooter.java:495) ~[surefire-booter-3.2.5.jar:3.2.5]

2024-12-13T18:05:59.608+05:30 DEBUG 7187 --- [contenttree] [           main] o.s.d.jpa.repository.query.NamedQuery    : Did not find named query UserDataStorage.findByUserIdAndSaveAndSolutionSetId.count
2024-12-13T18:05:59.609+05:30 DEBUG 7187 --- [contenttree] [           main] tor$SharedEntityManagerInvocationHandler : Creating new EntityManager for shared EntityManager invocation
2024-12-13T18:05:59.611+05:30 DEBUG 7187 --- [contenttree] [           main] org.hibernate.orm.query.hql              : HQL : SELECT u FROM UserDataStorage u WHERE u.user_id = :userId AND u.save = 1 AND u.solutionSetId = :solutionSetId
2024-12-13T18:05:59.679+05:30 DEBUG 7187 --- [contenttree] [           main] org.hibernate.orm.query.sqm.creation     : Applying inferable type to SqmExpression [SqmNamedParameter(userId)] : null -> SqmBasicValuedSimplePath(com.contenttree.userdatastorage.UserDataStorage(u).user_id)
2024-12-13T18:05:59.680+05:30 DEBUG 7187 --- [contenttree] [           main] org.hibernate.orm.query.sqm.creation     : Applying inferable type to SqmExpression [SqmNamedParameter(solutionSetId)] : null -> SqmBasicValuedSimplePath(com.contenttree.userdatastorage.UserDataStorage(u).solutionSetId)
2024-12-13T18:05:59.685+05:30 DEBUG 7187 --- [contenttree] [           main] org.hibernate.orm.query.sqm.ast          : SqmStatement Tree :
    -> [select]
      -> [query-spec]
        -> [select]
          -> [selection]
            -> [root] - `com.contenttree.userdatastorage.UserDataStorage(u)`
            <- [root] - `com.contenttree.userdatastorage.UserDataStorage(u)`
          <- [selection]
        <- [select]
        -> [from]
          -> [root] - `com.contenttree.userdatastorage.UserDataStorage(u)`
          <- [root] - `com.contenttree.userdatastorage.UserDataStorage(u)`
        <- [from]
        -> [where]
          -> [and]
            -> [EQUAL]
                -> [basic-path] - `com.contenttree.userdatastorage.UserDataStorage(u).user_id`
                :userId
            <- [EQUAL]
            -> [EQUAL]
                -> [basic-path] - `com.contenttree.userdatastorage.UserDataStorage(u).save`
            <- [EQUAL]
            -> [EQUAL]
                -> [basic-path] - `com.contenttree.userdatastorage.UserDataStorage(u).solutionSetId`
                :solutionSetId
            <- [EQUAL]
          <- [and]
        <- [where]
      <- [query-spec]
    <- [select]

2024-12-13T18:05:59.698+05:30 DEBUG 7187 --- [contenttree] [           main] cResourceLocalTransactionCoordinatorImpl : JDBC transaction marked for rollback-only (exception provided for stack trace)

java.lang.Exception: exception just for purpose of providing stack trace
	at org.hibernate.resource.transaction.backend.jdbc.internal.JdbcResourceLocalTransactionCoordinatorImpl$TransactionDriverControlImpl.markRollbackOnly(JdbcResourceLocalTransactionCoordinatorImpl.java:309) ~[hibernate-core-6.5.3.Final.jar:6.5.3.Final]
	at org.hibernate.internal.AbstractSharedSessionContract.buildNamedQuery(AbstractSharedSessionContract.java:1109) ~[hibernate-core-6.5.3.Final.jar:6.5.3.Final]
	at org.hibernate.internal.AbstractSharedSessionContract.createNamedQuery(AbstractSharedSessionContract.java:987) ~[hibernate-core-6.5.3.Final.jar:6.5.3.Final]
	at org.hibernate.internal.AbstractSharedSessionContract.createNamedQuery(AbstractSharedSessionContract.java:140) ~[hibernate-core-6.5.3.Final.jar:6.5.3.Final]
	at java.base/jdk.internal.reflect.NativeMethodAccessorImpl.invoke0(Native Method) ~[na:na]
	at java.base/jdk.internal.reflect.NativeMethodAccessorImpl.invoke(NativeMethodAccessorImpl.java:77) ~[na:na]
	at java.base/jdk.internal.reflect.DelegatingMethodAccessorImpl.invoke(DelegatingMethodAccessorImpl.java:43) ~[na:na]
	at java.base/java.lang.reflect.Method.invoke(Method.java:568) ~[na:na]
	at org.springframework.orm.jpa.ExtendedEntityManagerCreator$ExtendedEntityManagerInvocationHandler.invoke(ExtendedEntityManagerCreator.java:364) ~[spring-orm-6.1.13.jar:6.1.13]
	at jdk.proxy2/jdk.proxy2.$Proxy159.createNamedQuery(Unknown Source) ~[na:na]
	at org.springframework.data.jpa.repository.query.NamedQuery.hasNamedQuery(NamedQuery.java:112) ~[spring-data-jpa-3.3.4.jar:3.3.4]
	at org.springframework.data.jpa.repository.query.JpaQueryLookupStrategy$DeclaredQueryLookupStrategy.getCountQuery(JpaQueryLookupStrategy.java:204) ~[spring-data-jpa-3.3.4.jar:3.3.4]
	at org.springframework.data.jpa.repository.query.JpaQueryLookupStrategy$DeclaredQueryLookupStrategy.resolveQuery(JpaQueryLookupStrategy.java:171) ~[spring-data-jpa-3.3.4.jar:3.3.4]
	at org.springframework.data.jpa.repository.query.JpaQueryLookupStrategy$CreateIfNotFoundQueryLookupStrategy.resolveQuery(JpaQueryLookupStrategy.java:252) ~[spring-data-jpa-3.3.4.jar:3.3.4]
	at org.springframework.data.jpa.repository.query.JpaQueryLookupStrategy$AbstractQueryLookupStrategy.resolveQuery(JpaQueryLookupStrategy.java:95) ~[spring-data-jpa-3.3.4.jar:3.3.4]
	at org.springframework.data.repository.core.support.QueryExecutorMethodInterceptor.lookupQuery(QueryExecutorMethodInterceptor.java:115) ~[spring-data-commons-3.3.4.jar:3.3.4]
	at org.springframework.data.repository.core.support.QueryExecutorMethodInterceptor.mapMethodsToQuery(QueryExecutorMethodInterceptor.java:103) ~[spring-data-commons-3.3.4.jar:3.3.4]
	at org.springframework.data.repository.core.support.QueryExecutorMethodInterceptor.lambda$new$0(QueryExecutorMethodInterceptor.java:92) ~[spring-data-commons-3.3.4.jar:3.3.4]
	at java.base/java.util.Optional.map(Optional.java:260) ~[na:na]
	at org.springframework.data.repository.core.support.QueryExecutorMethodInterceptor.<init>(QueryExecutorMethodInterceptor.java:92) ~[spring-data-commons-3.3.4.jar:3.3.4]
	at org.springframework.data.repository.core.support.RepositoryFactorySupport.getRepository(RepositoryFactorySupport.java:357) ~[spring-data-commons-3.3.4.jar:3.3.4]
	at org.springframework.data.repository.core.support.RepositoryFactoryBeanSupport.lambda$afterPropertiesSet$5(RepositoryFactoryBeanSupport.java:286) ~[spring-data-commons-3.3.4.jar:3.3.4]
	at org.springframework.data.util.Lazy.getNullable(Lazy.java:135) ~[spring-data-commons-3.3.4.jar:3.3.4]
	at org.springframework.data.util.Lazy.get(Lazy.java:113) ~[spring-data-commons-3.3.4.jar:3.3.4]
	at org.springframework.data.repository.core.support.RepositoryFactoryBeanSupport.afterPropertiesSet(RepositoryFactoryBeanSupport.java:292) ~[spring-data-commons-3.3.4.jar:3.3.4]
	at org.springframework.data.jpa.repository.support.JpaRepositoryFactoryBean.afterPropertiesSet(JpaRepositoryFactoryBean.java:132) ~[spring-data-jpa-3.3.4.jar:3.3.4]
	at org.springframework.beans.factory.support.AbstractAutowireCapableBeanFactory.invokeInitMethods(AbstractAutowireCapableBeanFactory.java:1853) ~[spring-beans-6.1.13.jar:6.1.13]
	at org.springframework.beans.factory.support.AbstractAutowireCapableBeanFactory.initializeBean(AbstractAutowireCapableBeanFactory.java:1802) ~[spring-beans-6.1.13.jar:6.1.13]
	at org.springframework.beans.factory.support.AbstractAutowireCapableBeanFactory.doCreateBean(AbstractAutowireCapableBeanFactory.java:600) ~[spring-beans-6.1.13.jar:6.1.13]
	at org.springframework.beans.factory.support.AbstractAutowireCapableBeanFactory.createBean(AbstractAutowireCapableBeanFactory.java:522) ~[spring-beans-6.1.13.jar:6.1.13]
	at org.springframework.beans.factory.support.AbstractBeanFactory.lambda$doGetBean$0(AbstractBeanFactory.java:337) ~[spring-beans-6.1.13.jar:6.1.13]
	at org.springframework.beans.factory.support.DefaultSingletonBeanRegistry.getSingleton(DefaultSingletonBeanRegistry.java:234) ~[spring-beans-6.1.13.jar:6.1.13]
	at org.springframework.beans.factory.support.AbstractBeanFactory.doGetBean(AbstractBeanFactory.java:335) ~[spring-beans-6.1.13.jar:6.1.13]
	at org.springframework.beans.factory.support.AbstractBeanFactory.getBean(AbstractBeanFactory.java:200) ~[spring-beans-6.1.13.jar:6.1.13]
	at org.springframework.beans.factory.support.DefaultListableBeanFactory.preInstantiateSingletons(DefaultListableBeanFactory.java:969) ~[spring-beans-6.1.13.jar:6.1.13]
	at org.springframework.context.support.AbstractApplicationContext.finishBeanFactoryInitialization(AbstractApplicationContext.java:971) ~[spring-context-6.1.13.jar:6.1.13]
	at org.springframework.context.support.AbstractApplicationContext.refresh(AbstractApplicationContext.java:625) ~[spring-context-6.1.13.jar:6.1.13]
	at org.springframework.boot.SpringApplication.refresh(SpringApplication.java:754) ~[spring-boot-3.3.4.jar:3.3.4]
	at org.springframework.boot.SpringApplication.refreshContext(SpringApplication.java:456) ~[spring-boot-3.3.4.jar:3.3.4]
	at org.springframework.boot.SpringApplication.run(SpringApplication.java:335) ~[spring-boot-3.3.4.jar:3.3.4]
	at org.springframework.boot.test.context.SpringBootContextLoader.lambda$loadContext$3(SpringBootContextLoader.java:137) ~[spring-boot-test-3.3.4.jar:3.3.4]
	at org.springframework.util.function.ThrowingSupplier.get(ThrowingSupplier.java:58) ~[spring-core-6.1.13.jar:6.1.13]
	at org.springframework.util.function.ThrowingSupplier.get(ThrowingSupplier.java:46) ~[spring-core-6.1.13.jar:6.1.13]
	at org.springframework.boot.SpringApplication.withHook(SpringApplication.java:1463) ~[spring-boot-3.3.4.jar:3.3.4]
	at org.springframework.boot.test.context.SpringBootContextLoader$ContextLoaderHook.run(SpringBootContextLoader.java:553) ~[spring-boot-test-3.3.4.jar:3.3.4]
	at org.springframework.boot.test.context.SpringBootContextLoader.loadContext(SpringBootContextLoader.java:137) ~[spring-boot-test-3.3.4.jar:3.3.4]
	at org.springframework.boot.test.context.SpringBootContextLoader.loadContext(SpringBootContextLoader.java:108) ~[spring-boot-test-3.3.4.jar:3.3.4]
	at org.springframework.test.context.cache.DefaultCacheAwareContextLoaderDelegate.loadContextInternal(DefaultCacheAwareContextLoaderDelegate.java:225) ~[spring-test-6.1.13.jar:6.1.13]
	at org.springframework.test.context.cache.DefaultCacheAwareContextLoaderDelegate.loadContext(DefaultCacheAwareContextLoaderDelegate.java:152) ~[spring-test-6.1.13.jar:6.1.13]
	at org.springframework.test.context.support.DefaultTestContext.getApplicationContext(DefaultTestContext.java:130) ~[spring-test-6.1.13.jar:6.1.13]
	at org.springframework.test.context.web.ServletTestExecutionListener.setUpRequestContextIfNecessary(ServletTestExecutionListener.java:191) ~[spring-test-6.1.13.jar:6.1.13]
	at org.springframework.test.context.web.ServletTestExecutionListener.prepareTestInstance(ServletTestExecutionListener.java:130) ~[spring-test-6.1.13.jar:6.1.13]
	at org.springframework.test.context.TestContextManager.prepareTestInstance(TestContextManager.java:260) ~[spring-test-6.1.13.jar:6.1.13]
	at org.springframework.test.context.junit.jupiter.SpringExtension.postProcessTestInstance(SpringExtension.java:163) ~[spring-test-6.1.13.jar:6.1.13]
	at org.junit.jupiter.engine.descriptor.ClassBasedTestDescriptor.lambda$invokeTestInstancePostProcessors$10(ClassBasedTestDescriptor.java:378) ~[junit-jupiter-engine-5.10.3.jar:5.10.3]
	at org.junit.jupiter.engine.descriptor.ClassBasedTestDescriptor.executeAndMaskThrowable(ClassBasedTestDescriptor.java:383) ~[junit-jupiter-engine-5.10.3.jar:5.10.3]
	at org.junit.jupiter.engine.descriptor.ClassBasedTestDescriptor.lambda$invokeTestInstancePostProcessors$11(ClassBasedTestDescriptor.java:378) ~[junit-jupiter-engine-5.10.3.jar:5.10.3]
	at java.base/java.util.stream.ReferencePipeline$3$1.accept(ReferencePipeline.java:197) ~[na:na]
	at java.base/java.util.stream.ReferencePipeline$2$1.accept(ReferencePipeline.java:179) ~[na:na]
	at java.base/java.util.ArrayList$ArrayListSpliterator.forEachRemaining(ArrayList.java:1625) ~[na:na]
	at java.base/java.util.stream.AbstractPipeline.copyInto(AbstractPipeline.java:509) ~[na:na]
	at java.base/java.util.stream.AbstractPipeline.wrapAndCopyInto(AbstractPipeline.java:499) ~[na:na]
	at java.base/java.util.stream.StreamSpliterators$WrappingSpliterator.forEachRemaining(StreamSpliterators.java:310) ~[na:na]
	at java.base/java.util.stream.Streams$ConcatSpliterator.forEachRemaining(Streams.java:735) ~[na:na]
	at java.base/java.util.stream.Streams$ConcatSpliterator.forEachRemaining(Streams.java:734) ~[na:na]
	at java.base/java.util.stream.ReferencePipeline$Head.forEach(ReferencePipeline.java:762) ~[na:na]
	at org.junit.jupiter.engine.descriptor.ClassBasedTestDescriptor.invokeTestInstancePostProcessors(ClassBasedTestDescriptor.java:377) ~[junit-jupiter-engine-5.10.3.jar:5.10.3]
	at org.junit.jupiter.engine.descriptor.ClassBasedTestDescriptor.lambda$instantiateAndPostProcessTestInstance$6(ClassBasedTestDescriptor.java:290) ~[junit-jupiter-engine-5.10.3.jar:5.10.3]
	at org.junit.platform.engine.support.hierarchical.ThrowableCollector.execute(ThrowableCollector.java:73) ~[junit-platform-engine-1.10.3.jar:1.10.3]
	at org.junit.jupiter.engine.descriptor.ClassBasedTestDescriptor.instantiateAndPostProcessTestInstance(ClassBasedTestDescriptor.java:289) ~[junit-jupiter-engine-5.10.3.jar:5.10.3]
	at org.junit.jupiter.engine.descriptor.ClassBasedTestDescriptor.lambda$testInstancesProvider$4(ClassBasedTestDescriptor.java:279) ~[junit-jupiter-engine-5.10.3.jar:5.10.3]
	at java.base/java.util.Optional.orElseGet(Optional.java:364) ~[na:na]
	at org.junit.jupiter.engine.descriptor.ClassBasedTestDescriptor.lambda$testInstancesProvider$5(ClassBasedTestDescriptor.java:278) ~[junit-jupiter-engine-5.10.3.jar:5.10.3]
	at org.junit.jupiter.engine.execution.TestInstancesProvider.getTestInstances(TestInstancesProvider.java:31) ~[junit-jupiter-engine-5.10.3.jar:5.10.3]
	at org.junit.jupiter.engine.descriptor.TestMethodTestDescriptor.lambda$prepare$0(TestMethodTestDescriptor.java:106) ~[junit-jupiter-engine-5.10.3.jar:5.10.3]
	at org.junit.platform.engine.support.hierarchical.ThrowableCollector.execute(ThrowableCollector.java:73) ~[junit-platform-engine-1.10.3.jar:1.10.3]
	at org.junit.jupiter.engine.descriptor.TestMethodTestDescriptor.prepare(TestMethodTestDescriptor.java:105) ~[junit-jupiter-engine-5.10.3.jar:5.10.3]
	at org.junit.jupiter.engine.descriptor.TestMethodTestDescriptor.prepare(TestMethodTestDescriptor.java:69) ~[junit-jupiter-engine-5.10.3.jar:5.10.3]
	at org.junit.platform.engine.support.hierarchical.NodeTestTask.lambda$prepare$2(NodeTestTask.java:123) ~[junit-platform-engine-1.10.3.jar:1.10.3]
	at org.junit.platform.engine.support.hierarchical.ThrowableCollector.execute(ThrowableCollector.java:73) ~[junit-platform-engine-1.10.3.jar:1.10.3]
	at org.junit.platform.engine.support.hierarchical.NodeTestTask.prepare(NodeTestTask.java:123) ~[junit-platform-engine-1.10.3.jar:1.10.3]
	at org.junit.platform.engine.support.hierarchical.NodeTestTask.execute(NodeTestTask.java:90) ~[junit-platform-engine-1.10.3.jar:1.10.3]
	at java.base/java.util.ArrayList.forEach(ArrayList.java:1511) ~[na:na]
	at org.junit.platform.engine.support.hierarchical.SameThreadHierarchicalTestExecutorService.invokeAll(SameThreadHierarchicalTestExecutorService.java:41) ~[junit-platform-engine-1.10.3.jar:1.10.3]
	at org.junit.platform.engine.support.hierarchical.NodeTestTask.lambda$executeRecursively$6(NodeTestTask.java:155) ~[junit-platform-engine-1.10.3.jar:1.10.3]
	at org.junit.platform.engine.support.hierarchical.ThrowableCollector.execute(ThrowableCollector.java:73) ~[junit-platform-engine-1.10.3.jar:1.10.3]
	at org.junit.platform.engine.support.hierarchical.NodeTestTask.lambda$executeRecursively$8(NodeTestTask.java:141) ~[junit-platform-engine-1.10.3.jar:1.10.3]
	at org.junit.platform.engine.support.hierarchical.Node.around(Node.java:137) ~[junit-platform-engine-1.10.3.jar:1.10.3]
	at org.junit.platform.engine.support.hierarchical.NodeTestTask.lambda$executeRecursively$9(NodeTestTask.java:139) ~[junit-platform-engine-1.10.3.jar:1.10.3]
	at org.junit.platform.engine.support.hierarchical.ThrowableCollector.execute(ThrowableCollector.java:73) ~[junit-platform-engine-1.10.3.jar:1.10.3]
	at org.junit.platform.engine.support.hierarchical.NodeTestTask.executeRecursively(NodeTestTask.java:138) ~[junit-platform-engine-1.10.3.jar:1.10.3]
	at org.junit.platform.engine.support.hierarchical.NodeTestTask.execute(NodeTestTask.java:95) ~[junit-platform-engine-1.10.3.jar:1.10.3]
	at java.base/java.util.ArrayList.forEach(ArrayList.java:1511) ~[na:na]
	at org.junit.platform.engine.support.hierarchical.SameThreadHierarchicalTestExecutorService.invokeAll(SameThreadHierarchicalTestExecutorService.java:41) ~[junit-platform-engine-1.10.3.jar:1.10.3]
	at org.junit.platform.engine.support.hierarchical.NodeTestTask.lambda$executeRecursively$6(NodeTestTask.java:155) ~[junit-platform-engine-1.10.3.jar:1.10.3]
	at org.junit.platform.engine.support.hierarchical.ThrowableCollector.execute(ThrowableCollector.java:73) ~[junit-platform-engine-1.10.3.jar:1.10.3]
	at org.junit.platform.engine.support.hierarchical.NodeTestTask.lambda$executeRecursively$8(NodeTestTask.java:141) ~[junit-platform-engine-1.10.3.jar:1.10.3]
	at org.junit.platform.engine.support.hierarchical.Node.around(Node.java:137) ~[junit-platform-engine-1.10.3.jar:1.10.3]
	at org.junit.platform.engine.support.hierarchical.NodeTestTask.lambda$executeRecursively$9(NodeTestTask.java:139) ~[junit-platform-engine-1.10.3.jar:1.10.3]
	at org.junit.platform.engine.support.hierarchical.ThrowableCollector.execute(ThrowableCollector.java:73) ~[junit-platform-engine-1.10.3.jar:1.10.3]
	at org.junit.platform.engine.support.hierarchical.NodeTestTask.executeRecursively(NodeTestTask.java:138) ~[junit-platform-engine-1.10.3.jar:1.10.3]
	at org.junit.platform.engine.support.hierarchical.NodeTestTask.execute(NodeTestTask.java:95) ~[junit-platform-engine-1.10.3.jar:1.10.3]
	at org.junit.platform.engine.support.hierarchical.SameThreadHierarchicalTestExecutorService.submit(SameThreadHierarchicalTestExecutorService.java:35) ~[junit-platform-engine-1.10.3.jar:1.10.3]
	at org.junit.platform.engine.support.hierarchical.HierarchicalTestExecutor.execute(HierarchicalTestExecutor.java:57) ~[junit-platform-engine-1.10.3.jar:1.10.3]
	at org.junit.platform.engine.support.hierarchical.HierarchicalTestEngine.execute(HierarchicalTestEngine.java:54) ~[junit-platform-engine-1.10.3.jar:1.10.3]
	at org.junit.platform.launcher.core.EngineExecutionOrchestrator.execute(EngineExecutionOrchestrator.java:198) ~[junit-platform-launcher-1.10.3.jar:1.10.3]
	at org.junit.platform.launcher.core.EngineExecutionOrchestrator.execute(EngineExecutionOrchestrator.java:169) ~[junit-platform-launcher-1.10.3.jar:1.10.3]
	at org.junit.platform.launcher.core.EngineExecutionOrchestrator.execute(EngineExecutionOrchestrator.java:93) ~[junit-platform-launcher-1.10.3.jar:1.10.3]
	at org.junit.platform.launcher.core.EngineExecutionOrchestrator.lambda$execute$0(EngineExecutionOrchestrator.java:58) ~[junit-platform-launcher-1.10.3.jar:1.10.3]
	at org.junit.platform.launcher.core.EngineExecutionOrchestrator.withInterceptedStreams(EngineExecutionOrchestrator.java:141) ~[junit-platform-launcher-1.10.3.jar:1.10.3]
	at org.junit.platform.launcher.core.EngineExecutionOrchestrator.execute(EngineExecutionOrchestrator.java:57) ~[junit-platform-launcher-1.10.3.jar:1.10.3]
	at org.junit.platform.launcher.core.DefaultLauncher.execute(DefaultLauncher.java:103) ~[junit-platform-launcher-1.10.3.jar:1.10.3]
	at org.junit.platform.launcher.core.DefaultLauncher.execute(DefaultLauncher.java:85) ~[junit-platform-launcher-1.10.3.jar:1.10.3]
	at org.junit.platform.launcher.core.DelegatingLauncher.execute(DelegatingLauncher.java:47) ~[junit-platform-launcher-1.10.3.jar:1.10.3]
	at org.apache.maven.surefire.junitplatform.LazyLauncher.execute(LazyLauncher.java:56) ~[surefire-junit-platform-3.2.5.jar:3.2.5]
	at org.apache.maven.surefire.junitplatform.JUnitPlatformProvider.execute(JUnitPlatformProvider.java:184) ~[surefire-junit-platform-3.2.5.jar:3.2.5]
	at org.apache.maven.surefire.junitplatform.JUnitPlatformProvider.invokeAllTests(JUnitPlatformProvider.java:148) ~[surefire-junit-platform-3.2.5.jar:3.2.5]
	at org.apache.maven.surefire.junitplatform.JUnitPlatformProvider.invoke(JUnitPlatformProvider.java:122) ~[surefire-junit-platform-3.2.5.jar:3.2.5]
	at org.apache.maven.surefire.booter.ForkedBooter.runSuitesInProcess(ForkedBooter.java:385) ~[surefire-booter-3.2.5.jar:3.2.5]
	at org.apache.maven.surefire.booter.ForkedBooter.execute(ForkedBooter.java:162) ~[surefire-booter-3.2.5.jar:3.2.5]
	at org.apache.maven.surefire.booter.ForkedBooter.run(ForkedBooter.java:507) ~[surefire-booter-3.2.5.jar:3.2.5]
	at org.apache.maven.surefire.booter.ForkedBooter.main(ForkedBooter.java:495) ~[surefire-booter-3.2.5.jar:3.2.5]

2024-12-13T18:05:59.699+05:30 DEBUG 7187 --- [contenttree] [           main] o.s.d.jpa.repository.query.NamedQuery    : Did not find named query UserDataStorage.findByUserIdAndSolutionSetId.count
2024-12-13T18:05:59.699+05:30 DEBUG 7187 --- [contenttree] [           main] tor$SharedEntityManagerInvocationHandler : Creating new EntityManager for shared EntityManager invocation
2024-12-13T18:05:59.699+05:30 DEBUG 7187 --- [contenttree] [           main] org.hibernate.orm.query.hql              : HQL : SELECT u FROM UserDataStorage u WHERE u.user_id = :userId AND u.solutionSetId = :solutionSetId
2024-12-13T18:05:59.700+05:30 DEBUG 7187 --- [contenttree] [           main] org.hibernate.orm.query.sqm.creation     : Applying inferable type to SqmExpression [SqmNamedParameter(userId)] : null -> SqmBasicValuedSimplePath(com.contenttree.userdatastorage.UserDataStorage(u).user_id)
2024-12-13T18:05:59.700+05:30 DEBUG 7187 --- [contenttree] [           main] org.hibernate.orm.query.sqm.creation     : Applying inferable type to SqmExpression [SqmNamedParameter(solutionSetId)] : null -> SqmBasicValuedSimplePath(com.contenttree.userdatastorage.UserDataStorage(u).solutionSetId)
2024-12-13T18:05:59.700+05:30 DEBUG 7187 --- [contenttree] [           main] org.hibernate.orm.query.sqm.ast          : SqmStatement Tree :
    -> [select]
      -> [query-spec]
        -> [select]
          -> [selection]
            -> [root] - `com.contenttree.userdatastorage.UserDataStorage(u)`
            <- [root] - `com.contenttree.userdatastorage.UserDataStorage(u)`
          <- [selection]
        <- [select]
        -> [from]
          -> [root] - `com.contenttree.userdatastorage.UserDataStorage(u)`
          <- [root] - `com.contenttree.userdatastorage.UserDataStorage(u)`
        <- [from]
        -> [where]
          -> [and]
            -> [EQUAL]
                -> [basic-path] - `com.contenttree.userdatastorage.UserDataStorage(u).user_id`
                :userId
            <- [EQUAL]
            -> [EQUAL]
                -> [basic-path] - `com.contenttree.userdatastorage.UserDataStorage(u).solutionSetId`
                :solutionSetId
            <- [EQUAL]
          <- [and]
        <- [where]
      <- [query-spec]
    <- [select]

2024-12-13T18:05:59.701+05:30 DEBUG 7187 --- [contenttree] [           main] cResourceLocalTransactionCoordinatorImpl : JDBC transaction marked for rollback-only (exception provided for stack trace)

java.lang.Exception: exception just for purpose of providing stack trace
	at org.hibernate.resource.transaction.backend.jdbc.internal.JdbcResourceLocalTransactionCoordinatorImpl$TransactionDriverControlImpl.markRollbackOnly(JdbcResourceLocalTransactionCoordinatorImpl.java:309) ~[hibernate-core-6.5.3.Final.jar:6.5.3.Final]
	at org.hibernate.internal.AbstractSharedSessionContract.buildNamedQuery(AbstractSharedSessionContract.java:1109) ~[hibernate-core-6.5.3.Final.jar:6.5.3.Final]
	at org.hibernate.internal.AbstractSharedSessionContract.createNamedQuery(AbstractSharedSessionContract.java:987) ~[hibernate-core-6.5.3.Final.jar:6.5.3.Final]
	at org.hibernate.internal.AbstractSharedSessionContract.createNamedQuery(AbstractSharedSessionContract.java:140) ~[hibernate-core-6.5.3.Final.jar:6.5.3.Final]
	at java.base/jdk.internal.reflect.NativeMethodAccessorImpl.invoke0(Native Method) ~[na:na]
	at java.base/jdk.internal.reflect.NativeMethodAccessorImpl.invoke(NativeMethodAccessorImpl.java:77) ~[na:na]
	at java.base/jdk.internal.reflect.DelegatingMethodAccessorImpl.invoke(DelegatingMethodAccessorImpl.java:43) ~[na:na]
	at java.base/java.lang.reflect.Method.invoke(Method.java:568) ~[na:na]
	at org.springframework.orm.jpa.ExtendedEntityManagerCreator$ExtendedEntityManagerInvocationHandler.invoke(ExtendedEntityManagerCreator.java:364) ~[spring-orm-6.1.13.jar:6.1.13]
	at jdk.proxy2/jdk.proxy2.$Proxy159.createNamedQuery(Unknown Source) ~[na:na]
	at org.springframework.data.jpa.repository.query.NamedQuery.hasNamedQuery(NamedQuery.java:112) ~[spring-data-jpa-3.3.4.jar:3.3.4]
	at org.springframework.data.jpa.repository.query.JpaQueryLookupStrategy$DeclaredQueryLookupStrategy.getCountQuery(JpaQueryLookupStrategy.java:204) ~[spring-data-jpa-3.3.4.jar:3.3.4]
	at org.springframework.data.jpa.repository.query.JpaQueryLookupStrategy$DeclaredQueryLookupStrategy.resolveQuery(JpaQueryLookupStrategy.java:171) ~[spring-data-jpa-3.3.4.jar:3.3.4]
	at org.springframework.data.jpa.repository.query.JpaQueryLookupStrategy$CreateIfNotFoundQueryLookupStrategy.resolveQuery(JpaQueryLookupStrategy.java:252) ~[spring-data-jpa-3.3.4.jar:3.3.4]
	at org.springframework.data.jpa.repository.query.JpaQueryLookupStrategy$AbstractQueryLookupStrategy.resolveQuery(JpaQueryLookupStrategy.java:95) ~[spring-data-jpa-3.3.4.jar:3.3.4]
	at org.springframework.data.repository.core.support.QueryExecutorMethodInterceptor.lookupQuery(QueryExecutorMethodInterceptor.java:115) ~[spring-data-commons-3.3.4.jar:3.3.4]
	at org.springframework.data.repository.core.support.QueryExecutorMethodInterceptor.mapMethodsToQuery(QueryExecutorMethodInterceptor.java:103) ~[spring-data-commons-3.3.4.jar:3.3.4]
	at org.springframework.data.repository.core.support.QueryExecutorMethodInterceptor.lambda$new$0(QueryExecutorMethodInterceptor.java:92) ~[spring-data-commons-3.3.4.jar:3.3.4]
	at java.base/java.util.Optional.map(Optional.java:260) ~[na:na]
	at org.springframework.data.repository.core.support.QueryExecutorMethodInterceptor.<init>(QueryExecutorMethodInterceptor.java:92) ~[spring-data-commons-3.3.4.jar:3.3.4]
	at org.springframework.data.repository.core.support.RepositoryFactorySupport.getRepository(RepositoryFactorySupport.java:357) ~[spring-data-commons-3.3.4.jar:3.3.4]
	at org.springframework.data.repository.core.support.RepositoryFactoryBeanSupport.lambda$afterPropertiesSet$5(RepositoryFactoryBeanSupport.java:286) ~[spring-data-commons-3.3.4.jar:3.3.4]
	at org.springframework.data.util.Lazy.getNullable(Lazy.java:135) ~[spring-data-commons-3.3.4.jar:3.3.4]
	at org.springframework.data.util.Lazy.get(Lazy.java:113) ~[spring-data-commons-3.3.4.jar:3.3.4]
	at org.springframework.data.repository.core.support.RepositoryFactoryBeanSupport.afterPropertiesSet(RepositoryFactoryBeanSupport.java:292) ~[spring-data-commons-3.3.4.jar:3.3.4]
	at org.springframework.data.jpa.repository.support.JpaRepositoryFactoryBean.afterPropertiesSet(JpaRepositoryFactoryBean.java:132) ~[spring-data-jpa-3.3.4.jar:3.3.4]
	at org.springframework.beans.factory.support.AbstractAutowireCapableBeanFactory.invokeInitMethods(AbstractAutowireCapableBeanFactory.java:1853) ~[spring-beans-6.1.13.jar:6.1.13]
	at org.springframework.beans.factory.support.AbstractAutowireCapableBeanFactory.initializeBean(AbstractAutowireCapableBeanFactory.java:1802) ~[spring-beans-6.1.13.jar:6.1.13]
	at org.springframework.beans.factory.support.AbstractAutowireCapableBeanFactory.doCreateBean(AbstractAutowireCapableBeanFactory.java:600) ~[spring-beans-6.1.13.jar:6.1.13]
	at org.springframework.beans.factory.support.AbstractAutowireCapableBeanFactory.createBean(AbstractAutowireCapableBeanFactory.java:522) ~[spring-beans-6.1.13.jar:6.1.13]
	at org.springframework.beans.factory.support.AbstractBeanFactory.lambda$doGetBean$0(AbstractBeanFactory.java:337) ~[spring-beans-6.1.13.jar:6.1.13]
	at org.springframework.beans.factory.support.DefaultSingletonBeanRegistry.getSingleton(DefaultSingletonBeanRegistry.java:234) ~[spring-beans-6.1.13.jar:6.1.13]
	at org.springframework.beans.factory.support.AbstractBeanFactory.doGetBean(AbstractBeanFactory.java:335) ~[spring-beans-6.1.13.jar:6.1.13]
	at org.springframework.beans.factory.support.AbstractBeanFactory.getBean(AbstractBeanFactory.java:200) ~[spring-beans-6.1.13.jar:6.1.13]
	at org.springframework.beans.factory.support.DefaultListableBeanFactory.preInstantiateSingletons(DefaultListableBeanFactory.java:969) ~[spring-beans-6.1.13.jar:6.1.13]
	at org.springframework.context.support.AbstractApplicationContext.finishBeanFactoryInitialization(AbstractApplicationContext.java:971) ~[spring-context-6.1.13.jar:6.1.13]
	at org.springframework.context.support.AbstractApplicationContext.refresh(AbstractApplicationContext.java:625) ~[spring-context-6.1.13.jar:6.1.13]
	at org.springframework.boot.SpringApplication.refresh(SpringApplication.java:754) ~[spring-boot-3.3.4.jar:3.3.4]
	at org.springframework.boot.SpringApplication.refreshContext(SpringApplication.java:456) ~[spring-boot-3.3.4.jar:3.3.4]
	at org.springframework.boot.SpringApplication.run(SpringApplication.java:335) ~[spring-boot-3.3.4.jar:3.3.4]
	at org.springframework.boot.test.context.SpringBootContextLoader.lambda$loadContext$3(SpringBootContextLoader.java:137) ~[spring-boot-test-3.3.4.jar:3.3.4]
	at org.springframework.util.function.ThrowingSupplier.get(ThrowingSupplier.java:58) ~[spring-core-6.1.13.jar:6.1.13]
	at org.springframework.util.function.ThrowingSupplier.get(ThrowingSupplier.java:46) ~[spring-core-6.1.13.jar:6.1.13]
	at org.springframework.boot.SpringApplication.withHook(SpringApplication.java:1463) ~[spring-boot-3.3.4.jar:3.3.4]
	at org.springframework.boot.test.context.SpringBootContextLoader$ContextLoaderHook.run(SpringBootContextLoader.java:553) ~[spring-boot-test-3.3.4.jar:3.3.4]
	at org.springframework.boot.test.context.SpringBootContextLoader.loadContext(SpringBootContextLoader.java:137) ~[spring-boot-test-3.3.4.jar:3.3.4]
	at org.springframework.boot.test.context.SpringBootContextLoader.loadContext(SpringBootContextLoader.java:108) ~[spring-boot-test-3.3.4.jar:3.3.4]
	at org.springframework.test.context.cache.DefaultCacheAwareContextLoaderDelegate.loadContextInternal(DefaultCacheAwareContextLoaderDelegate.java:225) ~[spring-test-6.1.13.jar:6.1.13]
	at org.springframework.test.context.cache.DefaultCacheAwareContextLoaderDelegate.loadContext(DefaultCacheAwareContextLoaderDelegate.java:152) ~[spring-test-6.1.13.jar:6.1.13]
	at org.springframework.test.context.support.DefaultTestContext.getApplicationContext(DefaultTestContext.java:130) ~[spring-test-6.1.13.jar:6.1.13]
	at org.springframework.test.context.web.ServletTestExecutionListener.setUpRequestContextIfNecessary(ServletTestExecutionListener.java:191) ~[spring-test-6.1.13.jar:6.1.13]
	at org.springframework.test.context.web.ServletTestExecutionListener.prepareTestInstance(ServletTestExecutionListener.java:130) ~[spring-test-6.1.13.jar:6.1.13]
	at org.springframework.test.context.TestContextManager.prepareTestInstance(TestContextManager.java:260) ~[spring-test-6.1.13.jar:6.1.13]
	at org.springframework.test.context.junit.jupiter.SpringExtension.postProcessTestInstance(SpringExtension.java:163) ~[spring-test-6.1.13.jar:6.1.13]
	at org.junit.jupiter.engine.descriptor.ClassBasedTestDescriptor.lambda$invokeTestInstancePostProcessors$10(ClassBasedTestDescriptor.java:378) ~[junit-jupiter-engine-5.10.3.jar:5.10.3]
	at org.junit.jupiter.engine.descriptor.ClassBasedTestDescriptor.executeAndMaskThrowable(ClassBasedTestDescriptor.java:383) ~[junit-jupiter-engine-5.10.3.jar:5.10.3]
	at org.junit.jupiter.engine.descriptor.ClassBasedTestDescriptor.lambda$invokeTestInstancePostProcessors$11(ClassBasedTestDescriptor.java:378) ~[junit-jupiter-engine-5.10.3.jar:5.10.3]
	at java.base/java.util.stream.ReferencePipeline$3$1.accept(ReferencePipeline.java:197) ~[na:na]
	at java.base/java.util.stream.ReferencePipeline$2$1.accept(ReferencePipeline.java:179) ~[na:na]
	at java.base/java.util.ArrayList$ArrayListSpliterator.forEachRemaining(ArrayList.java:1625) ~[na:na]
	at java.base/java.util.stream.AbstractPipeline.copyInto(AbstractPipeline.java:509) ~[na:na]
	at java.base/java.util.stream.AbstractPipeline.wrapAndCopyInto(AbstractPipeline.java:499) ~[na:na]
	at java.base/java.util.stream.StreamSpliterators$WrappingSpliterator.forEachRemaining(StreamSpliterators.java:310) ~[na:na]
	at java.base/java.util.stream.Streams$ConcatSpliterator.forEachRemaining(Streams.java:735) ~[na:na]
	at java.base/java.util.stream.Streams$ConcatSpliterator.forEachRemaining(Streams.java:734) ~[na:na]
	at java.base/java.util.stream.ReferencePipeline$Head.forEach(ReferencePipeline.java:762) ~[na:na]
	at org.junit.jupiter.engine.descriptor.ClassBasedTestDescriptor.invokeTestInstancePostProcessors(ClassBasedTestDescriptor.java:377) ~[junit-jupiter-engine-5.10.3.jar:5.10.3]
	at org.junit.jupiter.engine.descriptor.ClassBasedTestDescriptor.lambda$instantiateAndPostProcessTestInstance$6(ClassBasedTestDescriptor.java:290) ~[junit-jupiter-engine-5.10.3.jar:5.10.3]
	at org.junit.platform.engine.support.hierarchical.ThrowableCollector.execute(ThrowableCollector.java:73) ~[junit-platform-engine-1.10.3.jar:1.10.3]
	at org.junit.jupiter.engine.descriptor.ClassBasedTestDescriptor.instantiateAndPostProcessTestInstance(ClassBasedTestDescriptor.java:289) ~[junit-jupiter-engine-5.10.3.jar:5.10.3]
	at org.junit.jupiter.engine.descriptor.ClassBasedTestDescriptor.lambda$testInstancesProvider$4(ClassBasedTestDescriptor.java:279) ~[junit-jupiter-engine-5.10.3.jar:5.10.3]
	at java.base/java.util.Optional.orElseGet(Optional.java:364) ~[na:na]
	at org.junit.jupiter.engine.descriptor.ClassBasedTestDescriptor.lambda$testInstancesProvider$5(ClassBasedTestDescriptor.java:278) ~[junit-jupiter-engine-5.10.3.jar:5.10.3]
	at org.junit.jupiter.engine.execution.TestInstancesProvider.getTestInstances(TestInstancesProvider.java:31) ~[junit-jupiter-engine-5.10.3.jar:5.10.3]
	at org.junit.jupiter.engine.descriptor.TestMethodTestDescriptor.lambda$prepare$0(TestMethodTestDescriptor.java:106) ~[junit-jupiter-engine-5.10.3.jar:5.10.3]
	at org.junit.platform.engine.support.hierarchical.ThrowableCollector.execute(ThrowableCollector.java:73) ~[junit-platform-engine-1.10.3.jar:1.10.3]
	at org.junit.jupiter.engine.descriptor.TestMethodTestDescriptor.prepare(TestMethodTestDescriptor.java:105) ~[junit-jupiter-engine-5.10.3.jar:5.10.3]
	at org.junit.jupiter.engine.descriptor.TestMethodTestDescriptor.prepare(TestMethodTestDescriptor.java:69) ~[junit-jupiter-engine-5.10.3.jar:5.10.3]
	at org.junit.platform.engine.support.hierarchical.NodeTestTask.lambda$prepare$2(NodeTestTask.java:123) ~[junit-platform-engine-1.10.3.jar:1.10.3]
	at org.junit.platform.engine.support.hierarchical.ThrowableCollector.execute(ThrowableCollector.java:73) ~[junit-platform-engine-1.10.3.jar:1.10.3]
	at org.junit.platform.engine.support.hierarchical.NodeTestTask.prepare(NodeTestTask.java:123) ~[junit-platform-engine-1.10.3.jar:1.10.3]
	at org.junit.platform.engine.support.hierarchical.NodeTestTask.execute(NodeTestTask.java:90) ~[junit-platform-engine-1.10.3.jar:1.10.3]
	at java.base/java.util.ArrayList.forEach(ArrayList.java:1511) ~[na:na]
	at org.junit.platform.engine.support.hierarchical.SameThreadHierarchicalTestExecutorService.invokeAll(SameThreadHierarchicalTestExecutorService.java:41) ~[junit-platform-engine-1.10.3.jar:1.10.3]
	at org.junit.platform.engine.support.hierarchical.NodeTestTask.lambda$executeRecursively$6(NodeTestTask.java:155) ~[junit-platform-engine-1.10.3.jar:1.10.3]
	at org.junit.platform.engine.support.hierarchical.ThrowableCollector.execute(ThrowableCollector.java:73) ~[junit-platform-engine-1.10.3.jar:1.10.3]
	at org.junit.platform.engine.support.hierarchical.NodeTestTask.lambda$executeRecursively$8(NodeTestTask.java:141) ~[junit-platform-engine-1.10.3.jar:1.10.3]
	at org.junit.platform.engine.support.hierarchical.Node.around(Node.java:137) ~[junit-platform-engine-1.10.3.jar:1.10.3]
	at org.junit.platform.engine.support.hierarchical.NodeTestTask.lambda$executeRecursively$9(NodeTestTask.java:139) ~[junit-platform-engine-1.10.3.jar:1.10.3]
	at org.junit.platform.engine.support.hierarchical.ThrowableCollector.execute(ThrowableCollector.java:73) ~[junit-platform-engine-1.10.3.jar:1.10.3]
	at org.junit.platform.engine.support.hierarchical.NodeTestTask.executeRecursively(NodeTestTask.java:138) ~[junit-platform-engine-1.10.3.jar:1.10.3]
	at org.junit.platform.engine.support.hierarchical.NodeTestTask.execute(NodeTestTask.java:95) ~[junit-platform-engine-1.10.3.jar:1.10.3]
	at java.base/java.util.ArrayList.forEach(ArrayList.java:1511) ~[na:na]
	at org.junit.platform.engine.support.hierarchical.SameThreadHierarchicalTestExecutorService.invokeAll(SameThreadHierarchicalTestExecutorService.java:41) ~[junit-platform-engine-1.10.3.jar:1.10.3]
	at org.junit.platform.engine.support.hierarchical.NodeTestTask.lambda$executeRecursively$6(NodeTestTask.java:155) ~[junit-platform-engine-1.10.3.jar:1.10.3]
	at org.junit.platform.engine.support.hierarchical.ThrowableCollector.execute(ThrowableCollector.java:73) ~[junit-platform-engine-1.10.3.jar:1.10.3]
	at org.junit.platform.engine.support.hierarchical.NodeTestTask.lambda$executeRecursively$8(NodeTestTask.java:141) ~[junit-platform-engine-1.10.3.jar:1.10.3]
	at org.junit.platform.engine.support.hierarchical.Node.around(Node.java:137) ~[junit-platform-engine-1.10.3.jar:1.10.3]
	at org.junit.platform.engine.support.hierarchical.NodeTestTask.lambda$executeRecursively$9(NodeTestTask.java:139) ~[junit-platform-engine-1.10.3.jar:1.10.3]
	at org.junit.platform.engine.support.hierarchical.ThrowableCollector.execute(ThrowableCollector.java:73) ~[junit-platform-engine-1.10.3.jar:1.10.3]
	at org.junit.platform.engine.support.hierarchical.NodeTestTask.executeRecursively(NodeTestTask.java:138) ~[junit-platform-engine-1.10.3.jar:1.10.3]
	at org.junit.platform.engine.support.hierarchical.NodeTestTask.execute(NodeTestTask.java:95) ~[junit-platform-engine-1.10.3.jar:1.10.3]
	at org.junit.platform.engine.support.hierarchical.SameThreadHierarchicalTestExecutorService.submit(SameThreadHierarchicalTestExecutorService.java:35) ~[junit-platform-engine-1.10.3.jar:1.10.3]
	at org.junit.platform.engine.support.hierarchical.HierarchicalTestExecutor.execute(HierarchicalTestExecutor.java:57) ~[junit-platform-engine-1.10.3.jar:1.10.3]
	at org.junit.platform.engine.support.hierarchical.HierarchicalTestEngine.execute(HierarchicalTestEngine.java:54) ~[junit-platform-engine-1.10.3.jar:1.10.3]
	at org.junit.platform.launcher.core.EngineExecutionOrchestrator.execute(EngineExecutionOrchestrator.java:198) ~[junit-platform-launcher-1.10.3.jar:1.10.3]
	at org.junit.platform.launcher.core.EngineExecutionOrchestrator.execute(EngineExecutionOrchestrator.java:169) ~[junit-platform-launcher-1.10.3.jar:1.10.3]
	at org.junit.platform.launcher.core.EngineExecutionOrchestrator.execute(EngineExecutionOrchestrator.java:93) ~[junit-platform-launcher-1.10.3.jar:1.10.3]
	at org.junit.platform.launcher.core.EngineExecutionOrchestrator.lambda$execute$0(EngineExecutionOrchestrator.java:58) ~[junit-platform-launcher-1.10.3.jar:1.10.3]
	at org.junit.platform.launcher.core.EngineExecutionOrchestrator.withInterceptedStreams(EngineExecutionOrchestrator.java:141) ~[junit-platform-launcher-1.10.3.jar:1.10.3]
	at org.junit.platform.launcher.core.EngineExecutionOrchestrator.execute(EngineExecutionOrchestrator.java:57) ~[junit-platform-launcher-1.10.3.jar:1.10.3]
	at org.junit.platform.launcher.core.DefaultLauncher.execute(DefaultLauncher.java:103) ~[junit-platform-launcher-1.10.3.jar:1.10.3]
	at org.junit.platform.launcher.core.DefaultLauncher.execute(DefaultLauncher.java:85) ~[junit-platform-launcher-1.10.3.jar:1.10.3]
	at org.junit.platform.launcher.core.DelegatingLauncher.execute(DelegatingLauncher.java:47) ~[junit-platform-launcher-1.10.3.jar:1.10.3]
	at org.apache.maven.surefire.junitplatform.LazyLauncher.execute(LazyLauncher.java:56) ~[surefire-junit-platform-3.2.5.jar:3.2.5]
	at org.apache.maven.surefire.junitplatform.JUnitPlatformProvider.execute(JUnitPlatformProvider.java:184) ~[surefire-junit-platform-3.2.5.jar:3.2.5]
	at org.apache.maven.surefire.junitplatform.JUnitPlatformProvider.invokeAllTests(JUnitPlatformProvider.java:148) ~[surefire-junit-platform-3.2.5.jar:3.2.5]
	at org.apache.maven.surefire.junitplatform.JUnitPlatformProvider.invoke(JUnitPlatformProvider.java:122) ~[surefire-junit-platform-3.2.5.jar:3.2.5]
	at org.apache.maven.surefire.booter.ForkedBooter.runSuitesInProcess(ForkedBooter.java:385) ~[surefire-booter-3.2.5.jar:3.2.5]
	at org.apache.maven.surefire.booter.ForkedBooter.execute(ForkedBooter.java:162) ~[surefire-booter-3.2.5.jar:3.2.5]
	at org.apache.maven.surefire.booter.ForkedBooter.run(ForkedBooter.java:507) ~[surefire-booter-3.2.5.jar:3.2.5]
	at org.apache.maven.surefire.booter.ForkedBooter.main(ForkedBooter.java:495) ~[surefire-booter-3.2.5.jar:3.2.5]

2024-12-13T18:05:59.701+05:30 DEBUG 7187 --- [contenttree] [           main] o.s.d.jpa.repository.query.NamedQuery    : Did not find named query UserDataStorage.findByUserId.count
2024-12-13T18:05:59.701+05:30 DEBUG 7187 --- [contenttree] [           main] tor$SharedEntityManagerInvocationHandler : Creating new EntityManager for shared EntityManager invocation
2024-12-13T18:05:59.702+05:30 DEBUG 7187 --- [contenttree] [           main] org.hibernate.orm.query.hql              : HQL : SELECT u FROM UserDataStorage u WHERE u.user_id = :id
2024-12-13T18:05:59.703+05:30 DEBUG 7187 --- [contenttree] [           main] o.h.o.q.hql.reservedWordAsIdentifier     : Encountered use of reserved word as identifier : <EOF>
2024-12-13T18:05:59.703+05:30 DEBUG 7187 --- [contenttree] [           main] org.hibernate.orm.query.sqm.creation     : Applying inferable type to SqmExpression [SqmNamedParameter(id)] : null -> SqmBasicValuedSimplePath(com.contenttree.userdatastorage.UserDataStorage(u).user_id)
2024-12-13T18:05:59.703+05:30 DEBUG 7187 --- [contenttree] [           main] org.hibernate.orm.query.sqm.ast          : SqmStatement Tree :
    -> [select]
      -> [query-spec]
        -> [select]
          -> [selection]
            -> [root] - `com.contenttree.userdatastorage.UserDataStorage(u)`
            <- [root] - `com.contenttree.userdatastorage.UserDataStorage(u)`
          <- [selection]
        <- [select]
        -> [from]
          -> [root] - `com.contenttree.userdatastorage.UserDataStorage(u)`
          <- [root] - `com.contenttree.userdatastorage.UserDataStorage(u)`
        <- [from]
        -> [where]
          -> [EQUAL]
              -> [basic-path] - `com.contenttree.userdatastorage.UserDataStorage(u).user_id`
              :id
          <- [EQUAL]
        <- [where]
      <- [query-spec]
    <- [select]

2024-12-13T18:05:59.705+05:30 DEBUG 7187 --- [contenttree] [           main] o.s.d.r.c.s.RepositoryFactorySupport     : Finished creation of repository instance for com.contenttree.userdatastorage.UserDataStorageRepository.
2024-12-13T18:05:59.705+05:30 DEBUG 7187 --- [contenttree] [           main] o.s.b.f.s.DefaultListableBeanFactory     : Creating shared instance of singleton bean 'jpa.VendorRepository.fragments#0'
2024-12-13T18:05:59.705+05:30 DEBUG 7187 --- [contenttree] [           main] o.s.b.f.s.DefaultListableBeanFactory     : Creating shared instance of singleton bean 'vendorRepository'
2024-12-13T18:05:59.705+05:30 DEBUG 7187 --- [contenttree] [           main] o.s.b.f.s.DefaultListableBeanFactory     : Creating shared instance of singleton bean 'jpa.named-queries#4'
2024-12-13T18:05:59.706+05:30 DEBUG 7187 --- [contenttree] [           main] tor$SharedEntityManagerInvocationHandler : Creating new EntityManager for shared EntityManager invocation
2024-12-13T18:05:59.706+05:30 DEBUG 7187 --- [contenttree] [           main] o.s.d.r.c.s.RepositoryFactorySupport     : Initializing repository instance for com.contenttree.vendor.VendorRepository…
2024-12-13T18:05:59.706+05:30 DEBUG 7187 --- [contenttree] [           main] tor$SharedEntityManagerInvocationHandler : Creating new EntityManager for shared EntityManager invocation
2024-12-13T18:05:59.707+05:30 DEBUG 7187 --- [contenttree] [           main] o.s.d.jpa.repository.query.NamedQuery    : Looking up named query Vendors.findByEmail
2024-12-13T18:05:59.707+05:30 DEBUG 7187 --- [contenttree] [           main] cResourceLocalTransactionCoordinatorImpl : JDBC transaction marked for rollback-only (exception provided for stack trace)

java.lang.Exception: exception just for purpose of providing stack trace
	at org.hibernate.resource.transaction.backend.jdbc.internal.JdbcResourceLocalTransactionCoordinatorImpl$TransactionDriverControlImpl.markRollbackOnly(JdbcResourceLocalTransactionCoordinatorImpl.java:309) ~[hibernate-core-6.5.3.Final.jar:6.5.3.Final]
	at org.hibernate.internal.AbstractSharedSessionContract.buildNamedQuery(AbstractSharedSessionContract.java:1109) ~[hibernate-core-6.5.3.Final.jar:6.5.3.Final]
	at org.hibernate.internal.AbstractSharedSessionContract.createNamedQuery(AbstractSharedSessionContract.java:987) ~[hibernate-core-6.5.3.Final.jar:6.5.3.Final]
	at org.hibernate.internal.AbstractSharedSessionContract.createNamedQuery(AbstractSharedSessionContract.java:140) ~[hibernate-core-6.5.3.Final.jar:6.5.3.Final]
	at java.base/jdk.internal.reflect.NativeMethodAccessorImpl.invoke0(Native Method) ~[na:na]
	at java.base/jdk.internal.reflect.NativeMethodAccessorImpl.invoke(NativeMethodAccessorImpl.java:77) ~[na:na]
	at java.base/jdk.internal.reflect.DelegatingMethodAccessorImpl.invoke(DelegatingMethodAccessorImpl.java:43) ~[na:na]
	at java.base/java.lang.reflect.Method.invoke(Method.java:568) ~[na:na]
	at org.springframework.orm.jpa.ExtendedEntityManagerCreator$ExtendedEntityManagerInvocationHandler.invoke(ExtendedEntityManagerCreator.java:364) ~[spring-orm-6.1.13.jar:6.1.13]
	at jdk.proxy2/jdk.proxy2.$Proxy159.createNamedQuery(Unknown Source) ~[na:na]
	at org.springframework.data.jpa.repository.query.NamedQuery.hasNamedQuery(NamedQuery.java:112) ~[spring-data-jpa-3.3.4.jar:3.3.4]
	at org.springframework.data.jpa.repository.query.NamedQuery.lookupFrom(NamedQuery.java:138) ~[spring-data-jpa-3.3.4.jar:3.3.4]
	at org.springframework.data.jpa.repository.query.JpaQueryLookupStrategy$DeclaredQueryLookupStrategy.resolveQuery(JpaQueryLookupStrategy.java:180) ~[spring-data-jpa-3.3.4.jar:3.3.4]
	at org.springframework.data.jpa.repository.query.JpaQueryLookupStrategy$CreateIfNotFoundQueryLookupStrategy.resolveQuery(JpaQueryLookupStrategy.java:252) ~[spring-data-jpa-3.3.4.jar:3.3.4]
	at org.springframework.data.jpa.repository.query.JpaQueryLookupStrategy$AbstractQueryLookupStrategy.resolveQuery(JpaQueryLookupStrategy.java:95) ~[spring-data-jpa-3.3.4.jar:3.3.4]
	at org.springframework.data.repository.core.support.QueryExecutorMethodInterceptor.lookupQuery(QueryExecutorMethodInterceptor.java:115) ~[spring-data-commons-3.3.4.jar:3.3.4]
	at org.springframework.data.repository.core.support.QueryExecutorMethodInterceptor.mapMethodsToQuery(QueryExecutorMethodInterceptor.java:103) ~[spring-data-commons-3.3.4.jar:3.3.4]
	at org.springframework.data.repository.core.support.QueryExecutorMethodInterceptor.lambda$new$0(QueryExecutorMethodInterceptor.java:92) ~[spring-data-commons-3.3.4.jar:3.3.4]
	at java.base/java.util.Optional.map(Optional.java:260) ~[na:na]
	at org.springframework.data.repository.core.support.QueryExecutorMethodInterceptor.<init>(QueryExecutorMethodInterceptor.java:92) ~[spring-data-commons-3.3.4.jar:3.3.4]
	at org.springframework.data.repository.core.support.RepositoryFactorySupport.getRepository(RepositoryFactorySupport.java:357) ~[spring-data-commons-3.3.4.jar:3.3.4]
	at org.springframework.data.repository.core.support.RepositoryFactoryBeanSupport.lambda$afterPropertiesSet$5(RepositoryFactoryBeanSupport.java:286) ~[spring-data-commons-3.3.4.jar:3.3.4]
	at org.springframework.data.util.Lazy.getNullable(Lazy.java:135) ~[spring-data-commons-3.3.4.jar:3.3.4]
	at org.springframework.data.util.Lazy.get(Lazy.java:113) ~[spring-data-commons-3.3.4.jar:3.3.4]
	at org.springframework.data.repository.core.support.RepositoryFactoryBeanSupport.afterPropertiesSet(RepositoryFactoryBeanSupport.java:292) ~[spring-data-commons-3.3.4.jar:3.3.4]
	at org.springframework.data.jpa.repository.support.JpaRepositoryFactoryBean.afterPropertiesSet(JpaRepositoryFactoryBean.java:132) ~[spring-data-jpa-3.3.4.jar:3.3.4]
	at org.springframework.beans.factory.support.AbstractAutowireCapableBeanFactory.invokeInitMethods(AbstractAutowireCapableBeanFactory.java:1853) ~[spring-beans-6.1.13.jar:6.1.13]
	at org.springframework.beans.factory.support.AbstractAutowireCapableBeanFactory.initializeBean(AbstractAutowireCapableBeanFactory.java:1802) ~[spring-beans-6.1.13.jar:6.1.13]
	at org.springframework.beans.factory.support.AbstractAutowireCapableBeanFactory.doCreateBean(AbstractAutowireCapableBeanFactory.java:600) ~[spring-beans-6.1.13.jar:6.1.13]
	at org.springframework.beans.factory.support.AbstractAutowireCapableBeanFactory.createBean(AbstractAutowireCapableBeanFactory.java:522) ~[spring-beans-6.1.13.jar:6.1.13]
	at org.springframework.beans.factory.support.AbstractBeanFactory.lambda$doGetBean$0(AbstractBeanFactory.java:337) ~[spring-beans-6.1.13.jar:6.1.13]
	at org.springframework.beans.factory.support.DefaultSingletonBeanRegistry.getSingleton(DefaultSingletonBeanRegistry.java:234) ~[spring-beans-6.1.13.jar:6.1.13]
	at org.springframework.beans.factory.support.AbstractBeanFactory.doGetBean(AbstractBeanFactory.java:335) ~[spring-beans-6.1.13.jar:6.1.13]
	at org.springframework.beans.factory.support.AbstractBeanFactory.getBean(AbstractBeanFactory.java:200) ~[spring-beans-6.1.13.jar:6.1.13]
	at org.springframework.beans.factory.support.DefaultListableBeanFactory.preInstantiateSingletons(DefaultListableBeanFactory.java:969) ~[spring-beans-6.1.13.jar:6.1.13]
	at org.springframework.context.support.AbstractApplicationContext.finishBeanFactoryInitialization(AbstractApplicationContext.java:971) ~[spring-context-6.1.13.jar:6.1.13]
	at org.springframework.context.support.AbstractApplicationContext.refresh(AbstractApplicationContext.java:625) ~[spring-context-6.1.13.jar:6.1.13]
	at org.springframework.boot.SpringApplication.refresh(SpringApplication.java:754) ~[spring-boot-3.3.4.jar:3.3.4]
	at org.springframework.boot.SpringApplication.refreshContext(SpringApplication.java:456) ~[spring-boot-3.3.4.jar:3.3.4]
	at org.springframework.boot.SpringApplication.run(SpringApplication.java:335) ~[spring-boot-3.3.4.jar:3.3.4]
	at org.springframework.boot.test.context.SpringBootContextLoader.lambda$loadContext$3(SpringBootContextLoader.java:137) ~[spring-boot-test-3.3.4.jar:3.3.4]
	at org.springframework.util.function.ThrowingSupplier.get(ThrowingSupplier.java:58) ~[spring-core-6.1.13.jar:6.1.13]
	at org.springframework.util.function.ThrowingSupplier.get(ThrowingSupplier.java:46) ~[spring-core-6.1.13.jar:6.1.13]
	at org.springframework.boot.SpringApplication.withHook(SpringApplication.java:1463) ~[spring-boot-3.3.4.jar:3.3.4]
	at org.springframework.boot.test.context.SpringBootContextLoader$ContextLoaderHook.run(SpringBootContextLoader.java:553) ~[spring-boot-test-3.3.4.jar:3.3.4]
	at org.springframework.boot.test.context.SpringBootContextLoader.loadContext(SpringBootContextLoader.java:137) ~[spring-boot-test-3.3.4.jar:3.3.4]
	at org.springframework.boot.test.context.SpringBootContextLoader.loadContext(SpringBootContextLoader.java:108) ~[spring-boot-test-3.3.4.jar:3.3.4]
	at org.springframework.test.context.cache.DefaultCacheAwareContextLoaderDelegate.loadContextInternal(DefaultCacheAwareContextLoaderDelegate.java:225) ~[spring-test-6.1.13.jar:6.1.13]
	at org.springframework.test.context.cache.DefaultCacheAwareContextLoaderDelegate.loadContext(DefaultCacheAwareContextLoaderDelegate.java:152) ~[spring-test-6.1.13.jar:6.1.13]
	at org.springframework.test.context.support.DefaultTestContext.getApplicationContext(DefaultTestContext.java:130) ~[spring-test-6.1.13.jar:6.1.13]
	at org.springframework.test.context.web.ServletTestExecutionListener.setUpRequestContextIfNecessary(ServletTestExecutionListener.java:191) ~[spring-test-6.1.13.jar:6.1.13]
	at org.springframework.test.context.web.ServletTestExecutionListener.prepareTestInstance(ServletTestExecutionListener.java:130) ~[spring-test-6.1.13.jar:6.1.13]
	at org.springframework.test.context.TestContextManager.prepareTestInstance(TestContextManager.java:260) ~[spring-test-6.1.13.jar:6.1.13]
	at org.springframework.test.context.junit.jupiter.SpringExtension.postProcessTestInstance(SpringExtension.java:163) ~[spring-test-6.1.13.jar:6.1.13]
	at org.junit.jupiter.engine.descriptor.ClassBasedTestDescriptor.lambda$invokeTestInstancePostProcessors$10(ClassBasedTestDescriptor.java:378) ~[junit-jupiter-engine-5.10.3.jar:5.10.3]
	at org.junit.jupiter.engine.descriptor.ClassBasedTestDescriptor.executeAndMaskThrowable(ClassBasedTestDescriptor.java:383) ~[junit-jupiter-engine-5.10.3.jar:5.10.3]
	at org.junit.jupiter.engine.descriptor.ClassBasedTestDescriptor.lambda$invokeTestInstancePostProcessors$11(ClassBasedTestDescriptor.java:378) ~[junit-jupiter-engine-5.10.3.jar:5.10.3]
	at java.base/java.util.stream.ReferencePipeline$3$1.accept(ReferencePipeline.java:197) ~[na:na]
	at java.base/java.util.stream.ReferencePipeline$2$1.accept(ReferencePipeline.java:179) ~[na:na]
	at java.base/java.util.ArrayList$ArrayListSpliterator.forEachRemaining(ArrayList.java:1625) ~[na:na]
	at java.base/java.util.stream.AbstractPipeline.copyInto(AbstractPipeline.java:509) ~[na:na]
	at java.base/java.util.stream.AbstractPipeline.wrapAndCopyInto(AbstractPipeline.java:499) ~[na:na]
	at java.base/java.util.stream.StreamSpliterators$WrappingSpliterator.forEachRemaining(StreamSpliterators.java:310) ~[na:na]
	at java.base/java.util.stream.Streams$ConcatSpliterator.forEachRemaining(Streams.java:735) ~[na:na]
	at java.base/java.util.stream.Streams$ConcatSpliterator.forEachRemaining(Streams.java:734) ~[na:na]
	at java.base/java.util.stream.ReferencePipeline$Head.forEach(ReferencePipeline.java:762) ~[na:na]
	at org.junit.jupiter.engine.descriptor.ClassBasedTestDescriptor.invokeTestInstancePostProcessors(ClassBasedTestDescriptor.java:377) ~[junit-jupiter-engine-5.10.3.jar:5.10.3]
	at org.junit.jupiter.engine.descriptor.ClassBasedTestDescriptor.lambda$instantiateAndPostProcessTestInstance$6(ClassBasedTestDescriptor.java:290) ~[junit-jupiter-engine-5.10.3.jar:5.10.3]
	at org.junit.platform.engine.support.hierarchical.ThrowableCollector.execute(ThrowableCollector.java:73) ~[junit-platform-engine-1.10.3.jar:1.10.3]
	at org.junit.jupiter.engine.descriptor.ClassBasedTestDescriptor.instantiateAndPostProcessTestInstance(ClassBasedTestDescriptor.java:289) ~[junit-jupiter-engine-5.10.3.jar:5.10.3]
	at org.junit.jupiter.engine.descriptor.ClassBasedTestDescriptor.lambda$testInstancesProvider$4(ClassBasedTestDescriptor.java:279) ~[junit-jupiter-engine-5.10.3.jar:5.10.3]
	at java.base/java.util.Optional.orElseGet(Optional.java:364) ~[na:na]
	at org.junit.jupiter.engine.descriptor.ClassBasedTestDescriptor.lambda$testInstancesProvider$5(ClassBasedTestDescriptor.java:278) ~[junit-jupiter-engine-5.10.3.jar:5.10.3]
	at org.junit.jupiter.engine.execution.TestInstancesProvider.getTestInstances(TestInstancesProvider.java:31) ~[junit-jupiter-engine-5.10.3.jar:5.10.3]
	at org.junit.jupiter.engine.descriptor.TestMethodTestDescriptor.lambda$prepare$0(TestMethodTestDescriptor.java:106) ~[junit-jupiter-engine-5.10.3.jar:5.10.3]
	at org.junit.platform.engine.support.hierarchical.ThrowableCollector.execute(ThrowableCollector.java:73) ~[junit-platform-engine-1.10.3.jar:1.10.3]
	at org.junit.jupiter.engine.descriptor.TestMethodTestDescriptor.prepare(TestMethodTestDescriptor.java:105) ~[junit-jupiter-engine-5.10.3.jar:5.10.3]
	at org.junit.jupiter.engine.descriptor.TestMethodTestDescriptor.prepare(TestMethodTestDescriptor.java:69) ~[junit-jupiter-engine-5.10.3.jar:5.10.3]
	at org.junit.platform.engine.support.hierarchical.NodeTestTask.lambda$prepare$2(NodeTestTask.java:123) ~[junit-platform-engine-1.10.3.jar:1.10.3]
	at org.junit.platform.engine.support.hierarchical.ThrowableCollector.execute(ThrowableCollector.java:73) ~[junit-platform-engine-1.10.3.jar:1.10.3]
	at org.junit.platform.engine.support.hierarchical.NodeTestTask.prepare(NodeTestTask.java:123) ~[junit-platform-engine-1.10.3.jar:1.10.3]
	at org.junit.platform.engine.support.hierarchical.NodeTestTask.execute(NodeTestTask.java:90) ~[junit-platform-engine-1.10.3.jar:1.10.3]
	at java.base/java.util.ArrayList.forEach(ArrayList.java:1511) ~[na:na]
	at org.junit.platform.engine.support.hierarchical.SameThreadHierarchicalTestExecutorService.invokeAll(SameThreadHierarchicalTestExecutorService.java:41) ~[junit-platform-engine-1.10.3.jar:1.10.3]
	at org.junit.platform.engine.support.hierarchical.NodeTestTask.lambda$executeRecursively$6(NodeTestTask.java:155) ~[junit-platform-engine-1.10.3.jar:1.10.3]
	at org.junit.platform.engine.support.hierarchical.ThrowableCollector.execute(ThrowableCollector.java:73) ~[junit-platform-engine-1.10.3.jar:1.10.3]
	at org.junit.platform.engine.support.hierarchical.NodeTestTask.lambda$executeRecursively$8(NodeTestTask.java:141) ~[junit-platform-engine-1.10.3.jar:1.10.3]
	at org.junit.platform.engine.support.hierarchical.Node.around(Node.java:137) ~[junit-platform-engine-1.10.3.jar:1.10.3]
	at org.junit.platform.engine.support.hierarchical.NodeTestTask.lambda$executeRecursively$9(NodeTestTask.java:139) ~[junit-platform-engine-1.10.3.jar:1.10.3]
	at org.junit.platform.engine.support.hierarchical.ThrowableCollector.execute(ThrowableCollector.java:73) ~[junit-platform-engine-1.10.3.jar:1.10.3]
	at org.junit.platform.engine.support.hierarchical.NodeTestTask.executeRecursively(NodeTestTask.java:138) ~[junit-platform-engine-1.10.3.jar:1.10.3]
	at org.junit.platform.engine.support.hierarchical.NodeTestTask.execute(NodeTestTask.java:95) ~[junit-platform-engine-1.10.3.jar:1.10.3]
	at java.base/java.util.ArrayList.forEach(ArrayList.java:1511) ~[na:na]
	at org.junit.platform.engine.support.hierarchical.SameThreadHierarchicalTestExecutorService.invokeAll(SameThreadHierarchicalTestExecutorService.java:41) ~[junit-platform-engine-1.10.3.jar:1.10.3]
	at org.junit.platform.engine.support.hierarchical.NodeTestTask.lambda$executeRecursively$6(NodeTestTask.java:155) ~[junit-platform-engine-1.10.3.jar:1.10.3]
	at org.junit.platform.engine.support.hierarchical.ThrowableCollector.execute(ThrowableCollector.java:73) ~[junit-platform-engine-1.10.3.jar:1.10.3]
	at org.junit.platform.engine.support.hierarchical.NodeTestTask.lambda$executeRecursively$8(NodeTestTask.java:141) ~[junit-platform-engine-1.10.3.jar:1.10.3]
	at org.junit.platform.engine.support.hierarchical.Node.around(Node.java:137) ~[junit-platform-engine-1.10.3.jar:1.10.3]
	at org.junit.platform.engine.support.hierarchical.NodeTestTask.lambda$executeRecursively$9(NodeTestTask.java:139) ~[junit-platform-engine-1.10.3.jar:1.10.3]
	at org.junit.platform.engine.support.hierarchical.ThrowableCollector.execute(ThrowableCollector.java:73) ~[junit-platform-engine-1.10.3.jar:1.10.3]
	at org.junit.platform.engine.support.hierarchical.NodeTestTask.executeRecursively(NodeTestTask.java:138) ~[junit-platform-engine-1.10.3.jar:1.10.3]
	at org.junit.platform.engine.support.hierarchical.NodeTestTask.execute(NodeTestTask.java:95) ~[junit-platform-engine-1.10.3.jar:1.10.3]
	at org.junit.platform.engine.support.hierarchical.SameThreadHierarchicalTestExecutorService.submit(SameThreadHierarchicalTestExecutorService.java:35) ~[junit-platform-engine-1.10.3.jar:1.10.3]
	at org.junit.platform.engine.support.hierarchical.HierarchicalTestExecutor.execute(HierarchicalTestExecutor.java:57) ~[junit-platform-engine-1.10.3.jar:1.10.3]
	at org.junit.platform.engine.support.hierarchical.HierarchicalTestEngine.execute(HierarchicalTestEngine.java:54) ~[junit-platform-engine-1.10.3.jar:1.10.3]
	at org.junit.platform.launcher.core.EngineExecutionOrchestrator.execute(EngineExecutionOrchestrator.java:198) ~[junit-platform-launcher-1.10.3.jar:1.10.3]
	at org.junit.platform.launcher.core.EngineExecutionOrchestrator.execute(EngineExecutionOrchestrator.java:169) ~[junit-platform-launcher-1.10.3.jar:1.10.3]
	at org.junit.platform.launcher.core.EngineExecutionOrchestrator.execute(EngineExecutionOrchestrator.java:93) ~[junit-platform-launcher-1.10.3.jar:1.10.3]
	at org.junit.platform.launcher.core.EngineExecutionOrchestrator.lambda$execute$0(EngineExecutionOrchestrator.java:58) ~[junit-platform-launcher-1.10.3.jar:1.10.3]
	at org.junit.platform.launcher.core.EngineExecutionOrchestrator.withInterceptedStreams(EngineExecutionOrchestrator.java:141) ~[junit-platform-launcher-1.10.3.jar:1.10.3]
	at org.junit.platform.launcher.core.EngineExecutionOrchestrator.execute(EngineExecutionOrchestrator.java:57) ~[junit-platform-launcher-1.10.3.jar:1.10.3]
	at org.junit.platform.launcher.core.DefaultLauncher.execute(DefaultLauncher.java:103) ~[junit-platform-launcher-1.10.3.jar:1.10.3]
	at org.junit.platform.launcher.core.DefaultLauncher.execute(DefaultLauncher.java:85) ~[junit-platform-launcher-1.10.3.jar:1.10.3]
	at org.junit.platform.launcher.core.DelegatingLauncher.execute(DelegatingLauncher.java:47) ~[junit-platform-launcher-1.10.3.jar:1.10.3]
	at org.apache.maven.surefire.junitplatform.LazyLauncher.execute(LazyLauncher.java:56) ~[surefire-junit-platform-3.2.5.jar:3.2.5]
	at org.apache.maven.surefire.junitplatform.JUnitPlatformProvider.execute(JUnitPlatformProvider.java:184) ~[surefire-junit-platform-3.2.5.jar:3.2.5]
	at org.apache.maven.surefire.junitplatform.JUnitPlatformProvider.invokeAllTests(JUnitPlatformProvider.java:148) ~[surefire-junit-platform-3.2.5.jar:3.2.5]
	at org.apache.maven.surefire.junitplatform.JUnitPlatformProvider.invoke(JUnitPlatformProvider.java:122) ~[surefire-junit-platform-3.2.5.jar:3.2.5]
	at org.apache.maven.surefire.booter.ForkedBooter.runSuitesInProcess(ForkedBooter.java:385) ~[surefire-booter-3.2.5.jar:3.2.5]
	at org.apache.maven.surefire.booter.ForkedBooter.execute(ForkedBooter.java:162) ~[surefire-booter-3.2.5.jar:3.2.5]
	at org.apache.maven.surefire.booter.ForkedBooter.run(ForkedBooter.java:507) ~[surefire-booter-3.2.5.jar:3.2.5]
	at org.apache.maven.surefire.booter.ForkedBooter.main(ForkedBooter.java:495) ~[surefire-booter-3.2.5.jar:3.2.5]

2024-12-13T18:05:59.708+05:30 DEBUG 7187 --- [contenttree] [           main] o.s.d.jpa.repository.query.NamedQuery    : Did not find named query Vendors.findByEmail
2024-12-13T18:05:59.708+05:30 DEBUG 7187 --- [contenttree] [           main] tor$SharedEntityManagerInvocationHandler : Creating new EntityManager for shared EntityManager invocation
2024-12-13T18:05:59.710+05:30 DEBUG 7187 --- [contenttree] [           main] o.s.d.r.c.s.RepositoryFactorySupport     : Finished creation of repository instance for com.contenttree.vendor.VendorRepository.
2024-12-13T18:05:59.710+05:30 DEBUG 7187 --- [contenttree] [           main] o.s.b.f.s.DefaultListableBeanFactory     : Creating shared instance of singleton bean 'jpa.EventRepository.fragments#0'
2024-12-13T18:05:59.710+05:30 DEBUG 7187 --- [contenttree] [           main] o.s.b.f.s.DefaultListableBeanFactory     : Creating shared instance of singleton bean 'eventRepository'
2024-12-13T18:05:59.710+05:30 DEBUG 7187 --- [contenttree] [           main] o.s.b.f.s.DefaultListableBeanFactory     : Creating shared instance of singleton bean 'jpa.named-queries#5'
2024-12-13T18:05:59.711+05:30 DEBUG 7187 --- [contenttree] [           main] tor$SharedEntityManagerInvocationHandler : Creating new EntityManager for shared EntityManager invocation
2024-12-13T18:05:59.711+05:30 DEBUG 7187 --- [contenttree] [           main] o.s.d.r.c.s.RepositoryFactorySupport     : Initializing repository instance for com.contenttree.CampaignManager.EventRepository…
2024-12-13T18:05:59.711+05:30 DEBUG 7187 --- [contenttree] [           main] tor$SharedEntityManagerInvocationHandler : Creating new EntityManager for shared EntityManager invocation
2024-12-13T18:05:59.712+05:30 DEBUG 7187 --- [contenttree] [           main] o.s.d.jpa.repository.query.NamedQuery    : Looking up named query Event.findByAdminId
2024-12-13T18:05:59.712+05:30 DEBUG 7187 --- [contenttree] [           main] cResourceLocalTransactionCoordinatorImpl : JDBC transaction marked for rollback-only (exception provided for stack trace)

java.lang.Exception: exception just for purpose of providing stack trace
	at org.hibernate.resource.transaction.backend.jdbc.internal.JdbcResourceLocalTransactionCoordinatorImpl$TransactionDriverControlImpl.markRollbackOnly(JdbcResourceLocalTransactionCoordinatorImpl.java:309) ~[hibernate-core-6.5.3.Final.jar:6.5.3.Final]
	at org.hibernate.internal.AbstractSharedSessionContract.buildNamedQuery(AbstractSharedSessionContract.java:1109) ~[hibernate-core-6.5.3.Final.jar:6.5.3.Final]
	at org.hibernate.internal.AbstractSharedSessionContract.createNamedQuery(AbstractSharedSessionContract.java:987) ~[hibernate-core-6.5.3.Final.jar:6.5.3.Final]
	at org.hibernate.internal.AbstractSharedSessionContract.createNamedQuery(AbstractSharedSessionContract.java:140) ~[hibernate-core-6.5.3.Final.jar:6.5.3.Final]
	at java.base/jdk.internal.reflect.NativeMethodAccessorImpl.invoke0(Native Method) ~[na:na]
	at java.base/jdk.internal.reflect.NativeMethodAccessorImpl.invoke(NativeMethodAccessorImpl.java:77) ~[na:na]
	at java.base/jdk.internal.reflect.DelegatingMethodAccessorImpl.invoke(DelegatingMethodAccessorImpl.java:43) ~[na:na]
	at java.base/java.lang.reflect.Method.invoke(Method.java:568) ~[na:na]
	at org.springframework.orm.jpa.ExtendedEntityManagerCreator$ExtendedEntityManagerInvocationHandler.invoke(ExtendedEntityManagerCreator.java:364) ~[spring-orm-6.1.13.jar:6.1.13]
	at jdk.proxy2/jdk.proxy2.$Proxy159.createNamedQuery(Unknown Source) ~[na:na]
	at org.springframework.data.jpa.repository.query.NamedQuery.hasNamedQuery(NamedQuery.java:112) ~[spring-data-jpa-3.3.4.jar:3.3.4]
	at org.springframework.data.jpa.repository.query.NamedQuery.lookupFrom(NamedQuery.java:138) ~[spring-data-jpa-3.3.4.jar:3.3.4]
	at org.springframework.data.jpa.repository.query.JpaQueryLookupStrategy$DeclaredQueryLookupStrategy.resolveQuery(JpaQueryLookupStrategy.java:180) ~[spring-data-jpa-3.3.4.jar:3.3.4]
	at org.springframework.data.jpa.repository.query.JpaQueryLookupStrategy$CreateIfNotFoundQueryLookupStrategy.resolveQuery(JpaQueryLookupStrategy.java:252) ~[spring-data-jpa-3.3.4.jar:3.3.4]
	at org.springframework.data.jpa.repository.query.JpaQueryLookupStrategy$AbstractQueryLookupStrategy.resolveQuery(JpaQueryLookupStrategy.java:95) ~[spring-data-jpa-3.3.4.jar:3.3.4]
	at org.springframework.data.repository.core.support.QueryExecutorMethodInterceptor.lookupQuery(QueryExecutorMethodInterceptor.java:115) ~[spring-data-commons-3.3.4.jar:3.3.4]
	at org.springframework.data.repository.core.support.QueryExecutorMethodInterceptor.mapMethodsToQuery(QueryExecutorMethodInterceptor.java:103) ~[spring-data-commons-3.3.4.jar:3.3.4]
	at org.springframework.data.repository.core.support.QueryExecutorMethodInterceptor.lambda$new$0(QueryExecutorMethodInterceptor.java:92) ~[spring-data-commons-3.3.4.jar:3.3.4]
	at java.base/java.util.Optional.map(Optional.java:260) ~[na:na]
	at org.springframework.data.repository.core.support.QueryExecutorMethodInterceptor.<init>(QueryExecutorMethodInterceptor.java:92) ~[spring-data-commons-3.3.4.jar:3.3.4]
	at org.springframework.data.repository.core.support.RepositoryFactorySupport.getRepository(RepositoryFactorySupport.java:357) ~[spring-data-commons-3.3.4.jar:3.3.4]
	at org.springframework.data.repository.core.support.RepositoryFactoryBeanSupport.lambda$afterPropertiesSet$5(RepositoryFactoryBeanSupport.java:286) ~[spring-data-commons-3.3.4.jar:3.3.4]
	at org.springframework.data.util.Lazy.getNullable(Lazy.java:135) ~[spring-data-commons-3.3.4.jar:3.3.4]
	at org.springframework.data.util.Lazy.get(Lazy.java:113) ~[spring-data-commons-3.3.4.jar:3.3.4]
	at org.springframework.data.repository.core.support.RepositoryFactoryBeanSupport.afterPropertiesSet(RepositoryFactoryBeanSupport.java:292) ~[spring-data-commons-3.3.4.jar:3.3.4]
	at org.springframework.data.jpa.repository.support.JpaRepositoryFactoryBean.afterPropertiesSet(JpaRepositoryFactoryBean.java:132) ~[spring-data-jpa-3.3.4.jar:3.3.4]
	at org.springframework.beans.factory.support.AbstractAutowireCapableBeanFactory.invokeInitMethods(AbstractAutowireCapableBeanFactory.java:1853) ~[spring-beans-6.1.13.jar:6.1.13]
	at org.springframework.beans.factory.support.AbstractAutowireCapableBeanFactory.initializeBean(AbstractAutowireCapableBeanFactory.java:1802) ~[spring-beans-6.1.13.jar:6.1.13]
	at org.springframework.beans.factory.support.AbstractAutowireCapableBeanFactory.doCreateBean(AbstractAutowireCapableBeanFactory.java:600) ~[spring-beans-6.1.13.jar:6.1.13]
	at org.springframework.beans.factory.support.AbstractAutowireCapableBeanFactory.createBean(AbstractAutowireCapableBeanFactory.java:522) ~[spring-beans-6.1.13.jar:6.1.13]
	at org.springframework.beans.factory.support.AbstractBeanFactory.lambda$doGetBean$0(AbstractBeanFactory.java:337) ~[spring-beans-6.1.13.jar:6.1.13]
	at org.springframework.beans.factory.support.DefaultSingletonBeanRegistry.getSingleton(DefaultSingletonBeanRegistry.java:234) ~[spring-beans-6.1.13.jar:6.1.13]
	at org.springframework.beans.factory.support.AbstractBeanFactory.doGetBean(AbstractBeanFactory.java:335) ~[spring-beans-6.1.13.jar:6.1.13]
	at org.springframework.beans.factory.support.AbstractBeanFactory.getBean(AbstractBeanFactory.java:200) ~[spring-beans-6.1.13.jar:6.1.13]
	at org.springframework.beans.factory.support.DefaultListableBeanFactory.preInstantiateSingletons(DefaultListableBeanFactory.java:969) ~[spring-beans-6.1.13.jar:6.1.13]
	at org.springframework.context.support.AbstractApplicationContext.finishBeanFactoryInitialization(AbstractApplicationContext.java:971) ~[spring-context-6.1.13.jar:6.1.13]
	at org.springframework.context.support.AbstractApplicationContext.refresh(AbstractApplicationContext.java:625) ~[spring-context-6.1.13.jar:6.1.13]
	at org.springframework.boot.SpringApplication.refresh(SpringApplication.java:754) ~[spring-boot-3.3.4.jar:3.3.4]
	at org.springframework.boot.SpringApplication.refreshContext(SpringApplication.java:456) ~[spring-boot-3.3.4.jar:3.3.4]
	at org.springframework.boot.SpringApplication.run(SpringApplication.java:335) ~[spring-boot-3.3.4.jar:3.3.4]
	at org.springframework.boot.test.context.SpringBootContextLoader.lambda$loadContext$3(SpringBootContextLoader.java:137) ~[spring-boot-test-3.3.4.jar:3.3.4]
	at org.springframework.util.function.ThrowingSupplier.get(ThrowingSupplier.java:58) ~[spring-core-6.1.13.jar:6.1.13]
	at org.springframework.util.function.ThrowingSupplier.get(ThrowingSupplier.java:46) ~[spring-core-6.1.13.jar:6.1.13]
	at org.springframework.boot.SpringApplication.withHook(SpringApplication.java:1463) ~[spring-boot-3.3.4.jar:3.3.4]
	at org.springframework.boot.test.context.SpringBootContextLoader$ContextLoaderHook.run(SpringBootContextLoader.java:553) ~[spring-boot-test-3.3.4.jar:3.3.4]
	at org.springframework.boot.test.context.SpringBootContextLoader.loadContext(SpringBootContextLoader.java:137) ~[spring-boot-test-3.3.4.jar:3.3.4]
	at org.springframework.boot.test.context.SpringBootContextLoader.loadContext(SpringBootContextLoader.java:108) ~[spring-boot-test-3.3.4.jar:3.3.4]
	at org.springframework.test.context.cache.DefaultCacheAwareContextLoaderDelegate.loadContextInternal(DefaultCacheAwareContextLoaderDelegate.java:225) ~[spring-test-6.1.13.jar:6.1.13]
	at org.springframework.test.context.cache.DefaultCacheAwareContextLoaderDelegate.loadContext(DefaultCacheAwareContextLoaderDelegate.java:152) ~[spring-test-6.1.13.jar:6.1.13]
	at org.springframework.test.context.support.DefaultTestContext.getApplicationContext(DefaultTestContext.java:130) ~[spring-test-6.1.13.jar:6.1.13]
	at org.springframework.test.context.web.ServletTestExecutionListener.setUpRequestContextIfNecessary(ServletTestExecutionListener.java:191) ~[spring-test-6.1.13.jar:6.1.13]
	at org.springframework.test.context.web.ServletTestExecutionListener.prepareTestInstance(ServletTestExecutionListener.java:130) ~[spring-test-6.1.13.jar:6.1.13]
	at org.springframework.test.context.TestContextManager.prepareTestInstance(TestContextManager.java:260) ~[spring-test-6.1.13.jar:6.1.13]
	at org.springframework.test.context.junit.jupiter.SpringExtension.postProcessTestInstance(SpringExtension.java:163) ~[spring-test-6.1.13.jar:6.1.13]
	at org.junit.jupiter.engine.descriptor.ClassBasedTestDescriptor.lambda$invokeTestInstancePostProcessors$10(ClassBasedTestDescriptor.java:378) ~[junit-jupiter-engine-5.10.3.jar:5.10.3]
	at org.junit.jupiter.engine.descriptor.ClassBasedTestDescriptor.executeAndMaskThrowable(ClassBasedTestDescriptor.java:383) ~[junit-jupiter-engine-5.10.3.jar:5.10.3]
	at org.junit.jupiter.engine.descriptor.ClassBasedTestDescriptor.lambda$invokeTestInstancePostProcessors$11(ClassBasedTestDescriptor.java:378) ~[junit-jupiter-engine-5.10.3.jar:5.10.3]
	at java.base/java.util.stream.ReferencePipeline$3$1.accept(ReferencePipeline.java:197) ~[na:na]
	at java.base/java.util.stream.ReferencePipeline$2$1.accept(ReferencePipeline.java:179) ~[na:na]
	at java.base/java.util.ArrayList$ArrayListSpliterator.forEachRemaining(ArrayList.java:1625) ~[na:na]
	at java.base/java.util.stream.AbstractPipeline.copyInto(AbstractPipeline.java:509) ~[na:na]
	at java.base/java.util.stream.AbstractPipeline.wrapAndCopyInto(AbstractPipeline.java:499) ~[na:na]
	at java.base/java.util.stream.StreamSpliterators$WrappingSpliterator.forEachRemaining(StreamSpliterators.java:310) ~[na:na]
	at java.base/java.util.stream.Streams$ConcatSpliterator.forEachRemaining(Streams.java:735) ~[na:na]
	at java.base/java.util.stream.Streams$ConcatSpliterator.forEachRemaining(Streams.java:734) ~[na:na]
	at java.base/java.util.stream.ReferencePipeline$Head.forEach(ReferencePipeline.java:762) ~[na:na]
	at org.junit.jupiter.engine.descriptor.ClassBasedTestDescriptor.invokeTestInstancePostProcessors(ClassBasedTestDescriptor.java:377) ~[junit-jupiter-engine-5.10.3.jar:5.10.3]
	at org.junit.jupiter.engine.descriptor.ClassBasedTestDescriptor.lambda$instantiateAndPostProcessTestInstance$6(ClassBasedTestDescriptor.java:290) ~[junit-jupiter-engine-5.10.3.jar:5.10.3]
	at org.junit.platform.engine.support.hierarchical.ThrowableCollector.execute(ThrowableCollector.java:73) ~[junit-platform-engine-1.10.3.jar:1.10.3]
	at org.junit.jupiter.engine.descriptor.ClassBasedTestDescriptor.instantiateAndPostProcessTestInstance(ClassBasedTestDescriptor.java:289) ~[junit-jupiter-engine-5.10.3.jar:5.10.3]
	at org.junit.jupiter.engine.descriptor.ClassBasedTestDescriptor.lambda$testInstancesProvider$4(ClassBasedTestDescriptor.java:279) ~[junit-jupiter-engine-5.10.3.jar:5.10.3]
	at java.base/java.util.Optional.orElseGet(Optional.java:364) ~[na:na]
	at org.junit.jupiter.engine.descriptor.ClassBasedTestDescriptor.lambda$testInstancesProvider$5(ClassBasedTestDescriptor.java:278) ~[junit-jupiter-engine-5.10.3.jar:5.10.3]
	at org.junit.jupiter.engine.execution.TestInstancesProvider.getTestInstances(TestInstancesProvider.java:31) ~[junit-jupiter-engine-5.10.3.jar:5.10.3]
	at org.junit.jupiter.engine.descriptor.TestMethodTestDescriptor.lambda$prepare$0(TestMethodTestDescriptor.java:106) ~[junit-jupiter-engine-5.10.3.jar:5.10.3]
	at org.junit.platform.engine.support.hierarchical.ThrowableCollector.execute(ThrowableCollector.java:73) ~[junit-platform-engine-1.10.3.jar:1.10.3]
	at org.junit.jupiter.engine.descriptor.TestMethodTestDescriptor.prepare(TestMethodTestDescriptor.java:105) ~[junit-jupiter-engine-5.10.3.jar:5.10.3]
	at org.junit.jupiter.engine.descriptor.TestMethodTestDescriptor.prepare(TestMethodTestDescriptor.java:69) ~[junit-jupiter-engine-5.10.3.jar:5.10.3]
	at org.junit.platform.engine.support.hierarchical.NodeTestTask.lambda$prepare$2(NodeTestTask.java:123) ~[junit-platform-engine-1.10.3.jar:1.10.3]
	at org.junit.platform.engine.support.hierarchical.ThrowableCollector.execute(ThrowableCollector.java:73) ~[junit-platform-engine-1.10.3.jar:1.10.3]
	at org.junit.platform.engine.support.hierarchical.NodeTestTask.prepare(NodeTestTask.java:123) ~[junit-platform-engine-1.10.3.jar:1.10.3]
	at org.junit.platform.engine.support.hierarchical.NodeTestTask.execute(NodeTestTask.java:90) ~[junit-platform-engine-1.10.3.jar:1.10.3]
	at java.base/java.util.ArrayList.forEach(ArrayList.java:1511) ~[na:na]
	at org.junit.platform.engine.support.hierarchical.SameThreadHierarchicalTestExecutorService.invokeAll(SameThreadHierarchicalTestExecutorService.java:41) ~[junit-platform-engine-1.10.3.jar:1.10.3]
	at org.junit.platform.engine.support.hierarchical.NodeTestTask.lambda$executeRecursively$6(NodeTestTask.java:155) ~[junit-platform-engine-1.10.3.jar:1.10.3]
	at org.junit.platform.engine.support.hierarchical.ThrowableCollector.execute(ThrowableCollector.java:73) ~[junit-platform-engine-1.10.3.jar:1.10.3]
	at org.junit.platform.engine.support.hierarchical.NodeTestTask.lambda$executeRecursively$8(NodeTestTask.java:141) ~[junit-platform-engine-1.10.3.jar:1.10.3]
	at org.junit.platform.engine.support.hierarchical.Node.around(Node.java:137) ~[junit-platform-engine-1.10.3.jar:1.10.3]
	at org.junit.platform.engine.support.hierarchical.NodeTestTask.lambda$executeRecursively$9(NodeTestTask.java:139) ~[junit-platform-engine-1.10.3.jar:1.10.3]
	at org.junit.platform.engine.support.hierarchical.ThrowableCollector.execute(ThrowableCollector.java:73) ~[junit-platform-engine-1.10.3.jar:1.10.3]
	at org.junit.platform.engine.support.hierarchical.NodeTestTask.executeRecursively(NodeTestTask.java:138) ~[junit-platform-engine-1.10.3.jar:1.10.3]
	at org.junit.platform.engine.support.hierarchical.NodeTestTask.execute(NodeTestTask.java:95) ~[junit-platform-engine-1.10.3.jar:1.10.3]
	at java.base/java.util.ArrayList.forEach(ArrayList.java:1511) ~[na:na]
	at org.junit.platform.engine.support.hierarchical.SameThreadHierarchicalTestExecutorService.invokeAll(SameThreadHierarchicalTestExecutorService.java:41) ~[junit-platform-engine-1.10.3.jar:1.10.3]
	at org.junit.platform.engine.support.hierarchical.NodeTestTask.lambda$executeRecursively$6(NodeTestTask.java:155) ~[junit-platform-engine-1.10.3.jar:1.10.3]
	at org.junit.platform.engine.support.hierarchical.ThrowableCollector.execute(ThrowableCollector.java:73) ~[junit-platform-engine-1.10.3.jar:1.10.3]
	at org.junit.platform.engine.support.hierarchical.NodeTestTask.lambda$executeRecursively$8(NodeTestTask.java:141) ~[junit-platform-engine-1.10.3.jar:1.10.3]
	at org.junit.platform.engine.support.hierarchical.Node.around(Node.java:137) ~[junit-platform-engine-1.10.3.jar:1.10.3]
	at org.junit.platform.engine.support.hierarchical.NodeTestTask.lambda$executeRecursively$9(NodeTestTask.java:139) ~[junit-platform-engine-1.10.3.jar:1.10.3]
	at org.junit.platform.engine.support.hierarchical.ThrowableCollector.execute(ThrowableCollector.java:73) ~[junit-platform-engine-1.10.3.jar:1.10.3]
	at org.junit.platform.engine.support.hierarchical.NodeTestTask.executeRecursively(NodeTestTask.java:138) ~[junit-platform-engine-1.10.3.jar:1.10.3]
	at org.junit.platform.engine.support.hierarchical.NodeTestTask.execute(NodeTestTask.java:95) ~[junit-platform-engine-1.10.3.jar:1.10.3]
	at org.junit.platform.engine.support.hierarchical.SameThreadHierarchicalTestExecutorService.submit(SameThreadHierarchicalTestExecutorService.java:35) ~[junit-platform-engine-1.10.3.jar:1.10.3]
	at org.junit.platform.engine.support.hierarchical.HierarchicalTestExecutor.execute(HierarchicalTestExecutor.java:57) ~[junit-platform-engine-1.10.3.jar:1.10.3]
	at org.junit.platform.engine.support.hierarchical.HierarchicalTestEngine.execute(HierarchicalTestEngine.java:54) ~[junit-platform-engine-1.10.3.jar:1.10.3]
	at org.junit.platform.launcher.core.EngineExecutionOrchestrator.execute(EngineExecutionOrchestrator.java:198) ~[junit-platform-launcher-1.10.3.jar:1.10.3]
	at org.junit.platform.launcher.core.EngineExecutionOrchestrator.execute(EngineExecutionOrchestrator.java:169) ~[junit-platform-launcher-1.10.3.jar:1.10.3]
	at org.junit.platform.launcher.core.EngineExecutionOrchestrator.execute(EngineExecutionOrchestrator.java:93) ~[junit-platform-launcher-1.10.3.jar:1.10.3]
	at org.junit.platform.launcher.core.EngineExecutionOrchestrator.lambda$execute$0(EngineExecutionOrchestrator.java:58) ~[junit-platform-launcher-1.10.3.jar:1.10.3]
	at org.junit.platform.launcher.core.EngineExecutionOrchestrator.withInterceptedStreams(EngineExecutionOrchestrator.java:141) ~[junit-platform-launcher-1.10.3.jar:1.10.3]
	at org.junit.platform.launcher.core.EngineExecutionOrchestrator.execute(EngineExecutionOrchestrator.java:57) ~[junit-platform-launcher-1.10.3.jar:1.10.3]
	at org.junit.platform.launcher.core.DefaultLauncher.execute(DefaultLauncher.java:103) ~[junit-platform-launcher-1.10.3.jar:1.10.3]
	at org.junit.platform.launcher.core.DefaultLauncher.execute(DefaultLauncher.java:85) ~[junit-platform-launcher-1.10.3.jar:1.10.3]
	at org.junit.platform.launcher.core.DelegatingLauncher.execute(DelegatingLauncher.java:47) ~[junit-platform-launcher-1.10.3.jar:1.10.3]
	at org.apache.maven.surefire.junitplatform.LazyLauncher.execute(LazyLauncher.java:56) ~[surefire-junit-platform-3.2.5.jar:3.2.5]
	at org.apache.maven.surefire.junitplatform.JUnitPlatformProvider.execute(JUnitPlatformProvider.java:184) ~[surefire-junit-platform-3.2.5.jar:3.2.5]
	at org.apache.maven.surefire.junitplatform.JUnitPlatformProvider.invokeAllTests(JUnitPlatformProvider.java:148) ~[surefire-junit-platform-3.2.5.jar:3.2.5]
	at org.apache.maven.surefire.junitplatform.JUnitPlatformProvider.invoke(JUnitPlatformProvider.java:122) ~[surefire-junit-platform-3.2.5.jar:3.2.5]
	at org.apache.maven.surefire.booter.ForkedBooter.runSuitesInProcess(ForkedBooter.java:385) ~[surefire-booter-3.2.5.jar:3.2.5]
	at org.apache.maven.surefire.booter.ForkedBooter.execute(ForkedBooter.java:162) ~[surefire-booter-3.2.5.jar:3.2.5]
	at org.apache.maven.surefire.booter.ForkedBooter.run(ForkedBooter.java:507) ~[surefire-booter-3.2.5.jar:3.2.5]
	at org.apache.maven.surefire.booter.ForkedBooter.main(ForkedBooter.java:495) ~[surefire-booter-3.2.5.jar:3.2.5]

2024-12-13T18:05:59.713+05:30 DEBUG 7187 --- [contenttree] [           main] o.s.d.jpa.repository.query.NamedQuery    : Did not find named query Event.findByAdminId
2024-12-13T18:05:59.713+05:30 DEBUG 7187 --- [contenttree] [           main] tor$SharedEntityManagerInvocationHandler : Creating new EntityManager for shared EntityManager invocation
2024-12-13T18:05:59.714+05:30 DEBUG 7187 --- [contenttree] [           main] o.s.d.r.c.s.RepositoryFactorySupport     : Finished creation of repository instance for com.contenttree.CampaignManager.EventRepository.
2024-12-13T18:05:59.715+05:30 DEBUG 7187 --- [contenttree] [           main] o.s.b.f.s.DefaultListableBeanFactory     : Creating shared instance of singleton bean 'jpa.DownloadLogRepository.fragments#0'
2024-12-13T18:05:59.715+05:30 DEBUG 7187 --- [contenttree] [           main] o.s.b.f.s.DefaultListableBeanFactory     : Creating shared instance of singleton bean 'downloadLogRepository'
2024-12-13T18:05:59.715+05:30 DEBUG 7187 --- [contenttree] [           main] o.s.b.f.s.DefaultListableBeanFactory     : Creating shared instance of singleton bean 'jpa.named-queries#6'
2024-12-13T18:05:59.716+05:30 DEBUG 7187 --- [contenttree] [           main] tor$SharedEntityManagerInvocationHandler : Creating new EntityManager for shared EntityManager invocation
2024-12-13T18:05:59.716+05:30 DEBUG 7187 --- [contenttree] [           main] o.s.d.r.c.s.RepositoryFactorySupport     : Initializing repository instance for com.contenttree.downloadlog.DownloadLogRepository…
2024-12-13T18:05:59.716+05:30 DEBUG 7187 --- [contenttree] [           main] tor$SharedEntityManagerInvocationHandler : Creating new EntityManager for shared EntityManager invocation
2024-12-13T18:05:59.722+05:30 DEBUG 7187 --- [contenttree] [           main] o.s.d.jpa.repository.query.NamedQuery    : Looking up named query DownloadLog.findByUserId
2024-12-13T18:05:59.722+05:30 DEBUG 7187 --- [contenttree] [           main] cResourceLocalTransactionCoordinatorImpl : JDBC transaction marked for rollback-only (exception provided for stack trace)

java.lang.Exception: exception just for purpose of providing stack trace
	at org.hibernate.resource.transaction.backend.jdbc.internal.JdbcResourceLocalTransactionCoordinatorImpl$TransactionDriverControlImpl.markRollbackOnly(JdbcResourceLocalTransactionCoordinatorImpl.java:309) ~[hibernate-core-6.5.3.Final.jar:6.5.3.Final]
	at org.hibernate.internal.AbstractSharedSessionContract.buildNamedQuery(AbstractSharedSessionContract.java:1109) ~[hibernate-core-6.5.3.Final.jar:6.5.3.Final]
	at org.hibernate.internal.AbstractSharedSessionContract.createNamedQuery(AbstractSharedSessionContract.java:987) ~[hibernate-core-6.5.3.Final.jar:6.5.3.Final]
	at org.hibernate.internal.AbstractSharedSessionContract.createNamedQuery(AbstractSharedSessionContract.java:140) ~[hibernate-core-6.5.3.Final.jar:6.5.3.Final]
	at java.base/jdk.internal.reflect.NativeMethodAccessorImpl.invoke0(Native Method) ~[na:na]
	at java.base/jdk.internal.reflect.NativeMethodAccessorImpl.invoke(NativeMethodAccessorImpl.java:77) ~[na:na]
	at java.base/jdk.internal.reflect.DelegatingMethodAccessorImpl.invoke(DelegatingMethodAccessorImpl.java:43) ~[na:na]
	at java.base/java.lang.reflect.Method.invoke(Method.java:568) ~[na:na]
	at org.springframework.orm.jpa.ExtendedEntityManagerCreator$ExtendedEntityManagerInvocationHandler.invoke(ExtendedEntityManagerCreator.java:364) ~[spring-orm-6.1.13.jar:6.1.13]
	at jdk.proxy2/jdk.proxy2.$Proxy159.createNamedQuery(Unknown Source) ~[na:na]
	at org.springframework.data.jpa.repository.query.NamedQuery.hasNamedQuery(NamedQuery.java:112) ~[spring-data-jpa-3.3.4.jar:3.3.4]
	at org.springframework.data.jpa.repository.query.NamedQuery.lookupFrom(NamedQuery.java:138) ~[spring-data-jpa-3.3.4.jar:3.3.4]
	at org.springframework.data.jpa.repository.query.JpaQueryLookupStrategy$DeclaredQueryLookupStrategy.resolveQuery(JpaQueryLookupStrategy.java:180) ~[spring-data-jpa-3.3.4.jar:3.3.4]
	at org.springframework.data.jpa.repository.query.JpaQueryLookupStrategy$CreateIfNotFoundQueryLookupStrategy.resolveQuery(JpaQueryLookupStrategy.java:252) ~[spring-data-jpa-3.3.4.jar:3.3.4]
	at org.springframework.data.jpa.repository.query.JpaQueryLookupStrategy$AbstractQueryLookupStrategy.resolveQuery(JpaQueryLookupStrategy.java:95) ~[spring-data-jpa-3.3.4.jar:3.3.4]
	at org.springframework.data.repository.core.support.QueryExecutorMethodInterceptor.lookupQuery(QueryExecutorMethodInterceptor.java:115) ~[spring-data-commons-3.3.4.jar:3.3.4]
	at org.springframework.data.repository.core.support.QueryExecutorMethodInterceptor.mapMethodsToQuery(QueryExecutorMethodInterceptor.java:103) ~[spring-data-commons-3.3.4.jar:3.3.4]
	at org.springframework.data.repository.core.support.QueryExecutorMethodInterceptor.lambda$new$0(QueryExecutorMethodInterceptor.java:92) ~[spring-data-commons-3.3.4.jar:3.3.4]
	at java.base/java.util.Optional.map(Optional.java:260) ~[na:na]
	at org.springframework.data.repository.core.support.QueryExecutorMethodInterceptor.<init>(QueryExecutorMethodInterceptor.java:92) ~[spring-data-commons-3.3.4.jar:3.3.4]
	at org.springframework.data.repository.core.support.RepositoryFactorySupport.getRepository(RepositoryFactorySupport.java:357) ~[spring-data-commons-3.3.4.jar:3.3.4]
	at org.springframework.data.repository.core.support.RepositoryFactoryBeanSupport.lambda$afterPropertiesSet$5(RepositoryFactoryBeanSupport.java:286) ~[spring-data-commons-3.3.4.jar:3.3.4]
	at org.springframework.data.util.Lazy.getNullable(Lazy.java:135) ~[spring-data-commons-3.3.4.jar:3.3.4]
	at org.springframework.data.util.Lazy.get(Lazy.java:113) ~[spring-data-commons-3.3.4.jar:3.3.4]
	at org.springframework.data.repository.core.support.RepositoryFactoryBeanSupport.afterPropertiesSet(RepositoryFactoryBeanSupport.java:292) ~[spring-data-commons-3.3.4.jar:3.3.4]
	at org.springframework.data.jpa.repository.support.JpaRepositoryFactoryBean.afterPropertiesSet(JpaRepositoryFactoryBean.java:132) ~[spring-data-jpa-3.3.4.jar:3.3.4]
	at org.springframework.beans.factory.support.AbstractAutowireCapableBeanFactory.invokeInitMethods(AbstractAutowireCapableBeanFactory.java:1853) ~[spring-beans-6.1.13.jar:6.1.13]
	at org.springframework.beans.factory.support.AbstractAutowireCapableBeanFactory.initializeBean(AbstractAutowireCapableBeanFactory.java:1802) ~[spring-beans-6.1.13.jar:6.1.13]
	at org.springframework.beans.factory.support.AbstractAutowireCapableBeanFactory.doCreateBean(AbstractAutowireCapableBeanFactory.java:600) ~[spring-beans-6.1.13.jar:6.1.13]
	at org.springframework.beans.factory.support.AbstractAutowireCapableBeanFactory.createBean(AbstractAutowireCapableBeanFactory.java:522) ~[spring-beans-6.1.13.jar:6.1.13]
	at org.springframework.beans.factory.support.AbstractBeanFactory.lambda$doGetBean$0(AbstractBeanFactory.java:337) ~[spring-beans-6.1.13.jar:6.1.13]
	at org.springframework.beans.factory.support.DefaultSingletonBeanRegistry.getSingleton(DefaultSingletonBeanRegistry.java:234) ~[spring-beans-6.1.13.jar:6.1.13]
	at org.springframework.beans.factory.support.AbstractBeanFactory.doGetBean(AbstractBeanFactory.java:335) ~[spring-beans-6.1.13.jar:6.1.13]
	at org.springframework.beans.factory.support.AbstractBeanFactory.getBean(AbstractBeanFactory.java:200) ~[spring-beans-6.1.13.jar:6.1.13]
	at org.springframework.beans.factory.support.DefaultListableBeanFactory.preInstantiateSingletons(DefaultListableBeanFactory.java:969) ~[spring-beans-6.1.13.jar:6.1.13]
	at org.springframework.context.support.AbstractApplicationContext.finishBeanFactoryInitialization(AbstractApplicationContext.java:971) ~[spring-context-6.1.13.jar:6.1.13]
	at org.springframework.context.support.AbstractApplicationContext.refresh(AbstractApplicationContext.java:625) ~[spring-context-6.1.13.jar:6.1.13]
	at org.springframework.boot.SpringApplication.refresh(SpringApplication.java:754) ~[spring-boot-3.3.4.jar:3.3.4]
	at org.springframework.boot.SpringApplication.refreshContext(SpringApplication.java:456) ~[spring-boot-3.3.4.jar:3.3.4]
	at org.springframework.boot.SpringApplication.run(SpringApplication.java:335) ~[spring-boot-3.3.4.jar:3.3.4]
	at org.springframework.boot.test.context.SpringBootContextLoader.lambda$loadContext$3(SpringBootContextLoader.java:137) ~[spring-boot-test-3.3.4.jar:3.3.4]
	at org.springframework.util.function.ThrowingSupplier.get(ThrowingSupplier.java:58) ~[spring-core-6.1.13.jar:6.1.13]
	at org.springframework.util.function.ThrowingSupplier.get(ThrowingSupplier.java:46) ~[spring-core-6.1.13.jar:6.1.13]
	at org.springframework.boot.SpringApplication.withHook(SpringApplication.java:1463) ~[spring-boot-3.3.4.jar:3.3.4]
	at org.springframework.boot.test.context.SpringBootContextLoader$ContextLoaderHook.run(SpringBootContextLoader.java:553) ~[spring-boot-test-3.3.4.jar:3.3.4]
	at org.springframework.boot.test.context.SpringBootContextLoader.loadContext(SpringBootContextLoader.java:137) ~[spring-boot-test-3.3.4.jar:3.3.4]
	at org.springframework.boot.test.context.SpringBootContextLoader.loadContext(SpringBootContextLoader.java:108) ~[spring-boot-test-3.3.4.jar:3.3.4]
	at org.springframework.test.context.cache.DefaultCacheAwareContextLoaderDelegate.loadContextInternal(DefaultCacheAwareContextLoaderDelegate.java:225) ~[spring-test-6.1.13.jar:6.1.13]
	at org.springframework.test.context.cache.DefaultCacheAwareContextLoaderDelegate.loadContext(DefaultCacheAwareContextLoaderDelegate.java:152) ~[spring-test-6.1.13.jar:6.1.13]
	at org.springframework.test.context.support.DefaultTestContext.getApplicationContext(DefaultTestContext.java:130) ~[spring-test-6.1.13.jar:6.1.13]
	at org.springframework.test.context.web.ServletTestExecutionListener.setUpRequestContextIfNecessary(ServletTestExecutionListener.java:191) ~[spring-test-6.1.13.jar:6.1.13]
	at org.springframework.test.context.web.ServletTestExecutionListener.prepareTestInstance(ServletTestExecutionListener.java:130) ~[spring-test-6.1.13.jar:6.1.13]
	at org.springframework.test.context.TestContextManager.prepareTestInstance(TestContextManager.java:260) ~[spring-test-6.1.13.jar:6.1.13]
	at org.springframework.test.context.junit.jupiter.SpringExtension.postProcessTestInstance(SpringExtension.java:163) ~[spring-test-6.1.13.jar:6.1.13]
	at org.junit.jupiter.engine.descriptor.ClassBasedTestDescriptor.lambda$invokeTestInstancePostProcessors$10(ClassBasedTestDescriptor.java:378) ~[junit-jupiter-engine-5.10.3.jar:5.10.3]
	at org.junit.jupiter.engine.descriptor.ClassBasedTestDescriptor.executeAndMaskThrowable(ClassBasedTestDescriptor.java:383) ~[junit-jupiter-engine-5.10.3.jar:5.10.3]
	at org.junit.jupiter.engine.descriptor.ClassBasedTestDescriptor.lambda$invokeTestInstancePostProcessors$11(ClassBasedTestDescriptor.java:378) ~[junit-jupiter-engine-5.10.3.jar:5.10.3]
	at java.base/java.util.stream.ReferencePipeline$3$1.accept(ReferencePipeline.java:197) ~[na:na]
	at java.base/java.util.stream.ReferencePipeline$2$1.accept(ReferencePipeline.java:179) ~[na:na]
	at java.base/java.util.ArrayList$ArrayListSpliterator.forEachRemaining(ArrayList.java:1625) ~[na:na]
	at java.base/java.util.stream.AbstractPipeline.copyInto(AbstractPipeline.java:509) ~[na:na]
	at java.base/java.util.stream.AbstractPipeline.wrapAndCopyInto(AbstractPipeline.java:499) ~[na:na]
	at java.base/java.util.stream.StreamSpliterators$WrappingSpliterator.forEachRemaining(StreamSpliterators.java:310) ~[na:na]
	at java.base/java.util.stream.Streams$ConcatSpliterator.forEachRemaining(Streams.java:735) ~[na:na]
	at java.base/java.util.stream.Streams$ConcatSpliterator.forEachRemaining(Streams.java:734) ~[na:na]
	at java.base/java.util.stream.ReferencePipeline$Head.forEach(ReferencePipeline.java:762) ~[na:na]
	at org.junit.jupiter.engine.descriptor.ClassBasedTestDescriptor.invokeTestInstancePostProcessors(ClassBasedTestDescriptor.java:377) ~[junit-jupiter-engine-5.10.3.jar:5.10.3]
	at org.junit.jupiter.engine.descriptor.ClassBasedTestDescriptor.lambda$instantiateAndPostProcessTestInstance$6(ClassBasedTestDescriptor.java:290) ~[junit-jupiter-engine-5.10.3.jar:5.10.3]
	at org.junit.platform.engine.support.hierarchical.ThrowableCollector.execute(ThrowableCollector.java:73) ~[junit-platform-engine-1.10.3.jar:1.10.3]
	at org.junit.jupiter.engine.descriptor.ClassBasedTestDescriptor.instantiateAndPostProcessTestInstance(ClassBasedTestDescriptor.java:289) ~[junit-jupiter-engine-5.10.3.jar:5.10.3]
	at org.junit.jupiter.engine.descriptor.ClassBasedTestDescriptor.lambda$testInstancesProvider$4(ClassBasedTestDescriptor.java:279) ~[junit-jupiter-engine-5.10.3.jar:5.10.3]
	at java.base/java.util.Optional.orElseGet(Optional.java:364) ~[na:na]
	at org.junit.jupiter.engine.descriptor.ClassBasedTestDescriptor.lambda$testInstancesProvider$5(ClassBasedTestDescriptor.java:278) ~[junit-jupiter-engine-5.10.3.jar:5.10.3]
	at org.junit.jupiter.engine.execution.TestInstancesProvider.getTestInstances(TestInstancesProvider.java:31) ~[junit-jupiter-engine-5.10.3.jar:5.10.3]
	at org.junit.jupiter.engine.descriptor.TestMethodTestDescriptor.lambda$prepare$0(TestMethodTestDescriptor.java:106) ~[junit-jupiter-engine-5.10.3.jar:5.10.3]
	at org.junit.platform.engine.support.hierarchical.ThrowableCollector.execute(ThrowableCollector.java:73) ~[junit-platform-engine-1.10.3.jar:1.10.3]
	at org.junit.jupiter.engine.descriptor.TestMethodTestDescriptor.prepare(TestMethodTestDescriptor.java:105) ~[junit-jupiter-engine-5.10.3.jar:5.10.3]
	at org.junit.jupiter.engine.descriptor.TestMethodTestDescriptor.prepare(TestMethodTestDescriptor.java:69) ~[junit-jupiter-engine-5.10.3.jar:5.10.3]
	at org.junit.platform.engine.support.hierarchical.NodeTestTask.lambda$prepare$2(NodeTestTask.java:123) ~[junit-platform-engine-1.10.3.jar:1.10.3]
	at org.junit.platform.engine.support.hierarchical.ThrowableCollector.execute(ThrowableCollector.java:73) ~[junit-platform-engine-1.10.3.jar:1.10.3]
	at org.junit.platform.engine.support.hierarchical.NodeTestTask.prepare(NodeTestTask.java:123) ~[junit-platform-engine-1.10.3.jar:1.10.3]
	at org.junit.platform.engine.support.hierarchical.NodeTestTask.execute(NodeTestTask.java:90) ~[junit-platform-engine-1.10.3.jar:1.10.3]
	at java.base/java.util.ArrayList.forEach(ArrayList.java:1511) ~[na:na]
	at org.junit.platform.engine.support.hierarchical.SameThreadHierarchicalTestExecutorService.invokeAll(SameThreadHierarchicalTestExecutorService.java:41) ~[junit-platform-engine-1.10.3.jar:1.10.3]
	at org.junit.platform.engine.support.hierarchical.NodeTestTask.lambda$executeRecursively$6(NodeTestTask.java:155) ~[junit-platform-engine-1.10.3.jar:1.10.3]
	at org.junit.platform.engine.support.hierarchical.ThrowableCollector.execute(ThrowableCollector.java:73) ~[junit-platform-engine-1.10.3.jar:1.10.3]
	at org.junit.platform.engine.support.hierarchical.NodeTestTask.lambda$executeRecursively$8(NodeTestTask.java:141) ~[junit-platform-engine-1.10.3.jar:1.10.3]
	at org.junit.platform.engine.support.hierarchical.Node.around(Node.java:137) ~[junit-platform-engine-1.10.3.jar:1.10.3]
	at org.junit.platform.engine.support.hierarchical.NodeTestTask.lambda$executeRecursively$9(NodeTestTask.java:139) ~[junit-platform-engine-1.10.3.jar:1.10.3]
	at org.junit.platform.engine.support.hierarchical.ThrowableCollector.execute(ThrowableCollector.java:73) ~[junit-platform-engine-1.10.3.jar:1.10.3]
	at org.junit.platform.engine.support.hierarchical.NodeTestTask.executeRecursively(NodeTestTask.java:138) ~[junit-platform-engine-1.10.3.jar:1.10.3]
	at org.junit.platform.engine.support.hierarchical.NodeTestTask.execute(NodeTestTask.java:95) ~[junit-platform-engine-1.10.3.jar:1.10.3]
	at java.base/java.util.ArrayList.forEach(ArrayList.java:1511) ~[na:na]
	at org.junit.platform.engine.support.hierarchical.SameThreadHierarchicalTestExecutorService.invokeAll(SameThreadHierarchicalTestExecutorService.java:41) ~[junit-platform-engine-1.10.3.jar:1.10.3]
	at org.junit.platform.engine.support.hierarchical.NodeTestTask.lambda$executeRecursively$6(NodeTestTask.java:155) ~[junit-platform-engine-1.10.3.jar:1.10.3]
	at org.junit.platform.engine.support.hierarchical.ThrowableCollector.execute(ThrowableCollector.java:73) ~[junit-platform-engine-1.10.3.jar:1.10.3]
	at org.junit.platform.engine.support.hierarchical.NodeTestTask.lambda$executeRecursively$8(NodeTestTask.java:141) ~[junit-platform-engine-1.10.3.jar:1.10.3]
	at org.junit.platform.engine.support.hierarchical.Node.around(Node.java:137) ~[junit-platform-engine-1.10.3.jar:1.10.3]
	at org.junit.platform.engine.support.hierarchical.NodeTestTask.lambda$executeRecursively$9(NodeTestTask.java:139) ~[junit-platform-engine-1.10.3.jar:1.10.3]
	at org.junit.platform.engine.support.hierarchical.ThrowableCollector.execute(ThrowableCollector.java:73) ~[junit-platform-engine-1.10.3.jar:1.10.3]
	at org.junit.platform.engine.support.hierarchical.NodeTestTask.executeRecursively(NodeTestTask.java:138) ~[junit-platform-engine-1.10.3.jar:1.10.3]
	at org.junit.platform.engine.support.hierarchical.NodeTestTask.execute(NodeTestTask.java:95) ~[junit-platform-engine-1.10.3.jar:1.10.3]
	at org.junit.platform.engine.support.hierarchical.SameThreadHierarchicalTestExecutorService.submit(SameThreadHierarchicalTestExecutorService.java:35) ~[junit-platform-engine-1.10.3.jar:1.10.3]
	at org.junit.platform.engine.support.hierarchical.HierarchicalTestExecutor.execute(HierarchicalTestExecutor.java:57) ~[junit-platform-engine-1.10.3.jar:1.10.3]
	at org.junit.platform.engine.support.hierarchical.HierarchicalTestEngine.execute(HierarchicalTestEngine.java:54) ~[junit-platform-engine-1.10.3.jar:1.10.3]
	at org.junit.platform.launcher.core.EngineExecutionOrchestrator.execute(EngineExecutionOrchestrator.java:198) ~[junit-platform-launcher-1.10.3.jar:1.10.3]
	at org.junit.platform.launcher.core.EngineExecutionOrchestrator.execute(EngineExecutionOrchestrator.java:169) ~[junit-platform-launcher-1.10.3.jar:1.10.3]
	at org.junit.platform.launcher.core.EngineExecutionOrchestrator.execute(EngineExecutionOrchestrator.java:93) ~[junit-platform-launcher-1.10.3.jar:1.10.3]
	at org.junit.platform.launcher.core.EngineExecutionOrchestrator.lambda$execute$0(EngineExecutionOrchestrator.java:58) ~[junit-platform-launcher-1.10.3.jar:1.10.3]
	at org.junit.platform.launcher.core.EngineExecutionOrchestrator.withInterceptedStreams(EngineExecutionOrchestrator.java:141) ~[junit-platform-launcher-1.10.3.jar:1.10.3]
	at org.junit.platform.launcher.core.EngineExecutionOrchestrator.execute(EngineExecutionOrchestrator.java:57) ~[junit-platform-launcher-1.10.3.jar:1.10.3]
	at org.junit.platform.launcher.core.DefaultLauncher.execute(DefaultLauncher.java:103) ~[junit-platform-launcher-1.10.3.jar:1.10.3]
	at org.junit.platform.launcher.core.DefaultLauncher.execute(DefaultLauncher.java:85) ~[junit-platform-launcher-1.10.3.jar:1.10.3]
	at org.junit.platform.launcher.core.DelegatingLauncher.execute(DelegatingLauncher.java:47) ~[junit-platform-launcher-1.10.3.jar:1.10.3]
	at org.apache.maven.surefire.junitplatform.LazyLauncher.execute(LazyLauncher.java:56) ~[surefire-junit-platform-3.2.5.jar:3.2.5]
	at org.apache.maven.surefire.junitplatform.JUnitPlatformProvider.execute(JUnitPlatformProvider.java:184) ~[surefire-junit-platform-3.2.5.jar:3.2.5]
	at org.apache.maven.surefire.junitplatform.JUnitPlatformProvider.invokeAllTests(JUnitPlatformProvider.java:148) ~[surefire-junit-platform-3.2.5.jar:3.2.5]
	at org.apache.maven.surefire.junitplatform.JUnitPlatformProvider.invoke(JUnitPlatformProvider.java:122) ~[surefire-junit-platform-3.2.5.jar:3.2.5]
	at org.apache.maven.surefire.booter.ForkedBooter.runSuitesInProcess(ForkedBooter.java:385) ~[surefire-booter-3.2.5.jar:3.2.5]
	at org.apache.maven.surefire.booter.ForkedBooter.execute(ForkedBooter.java:162) ~[surefire-booter-3.2.5.jar:3.2.5]
	at org.apache.maven.surefire.booter.ForkedBooter.run(ForkedBooter.java:507) ~[surefire-booter-3.2.5.jar:3.2.5]
	at org.apache.maven.surefire.booter.ForkedBooter.main(ForkedBooter.java:495) ~[surefire-booter-3.2.5.jar:3.2.5]

2024-12-13T18:05:59.722+05:30 DEBUG 7187 --- [contenttree] [           main] o.s.d.jpa.repository.query.NamedQuery    : Did not find named query DownloadLog.findByUserId
2024-12-13T18:05:59.722+05:30 DEBUG 7187 --- [contenttree] [           main] tor$SharedEntityManagerInvocationHandler : Creating new EntityManager for shared EntityManager invocation
2024-12-13T18:05:59.724+05:30 DEBUG 7187 --- [contenttree] [           main] o.s.d.r.c.s.RepositoryFactorySupport     : Finished creation of repository instance for com.contenttree.downloadlog.DownloadLogRepository.
2024-12-13T18:05:59.724+05:30 DEBUG 7187 --- [contenttree] [           main] o.s.b.f.s.DefaultListableBeanFactory     : Creating shared instance of singleton bean 'jpa.CountryRepository.fragments#0'
2024-12-13T18:05:59.724+05:30 DEBUG 7187 --- [contenttree] [           main] o.s.b.f.s.DefaultListableBeanFactory     : Creating shared instance of singleton bean 'countryRepository'
2024-12-13T18:05:59.725+05:30 DEBUG 7187 --- [contenttree] [           main] o.s.b.f.s.DefaultListableBeanFactory     : Creating shared instance of singleton bean 'jpa.named-queries#7'
2024-12-13T18:05:59.725+05:30 DEBUG 7187 --- [contenttree] [           main] tor$SharedEntityManagerInvocationHandler : Creating new EntityManager for shared EntityManager invocation
2024-12-13T18:05:59.726+05:30 DEBUG 7187 --- [contenttree] [           main] o.s.d.r.c.s.RepositoryFactorySupport     : Initializing repository instance for com.contenttree.CountryCode.CountryRepository…
2024-12-13T18:05:59.726+05:30 DEBUG 7187 --- [contenttree] [           main] tor$SharedEntityManagerInvocationHandler : Creating new EntityManager for shared EntityManager invocation
2024-12-13T18:05:59.730+05:30 DEBUG 7187 --- [contenttree] [           main] o.s.d.r.c.s.RepositoryFactorySupport     : Finished creation of repository instance for com.contenttree.CountryCode.CountryRepository.
2024-12-13T18:05:59.730+05:30 DEBUG 7187 --- [contenttree] [           main] o.s.b.f.s.DefaultListableBeanFactory     : Creating shared instance of singleton bean 'jpa.UserRepository.fragments#0'
2024-12-13T18:05:59.730+05:30 DEBUG 7187 --- [contenttree] [           main] o.s.b.f.s.DefaultListableBeanFactory     : Creating shared instance of singleton bean 'userRepository'
2024-12-13T18:05:59.731+05:30 DEBUG 7187 --- [contenttree] [           main] o.s.b.f.s.DefaultListableBeanFactory     : Creating shared instance of singleton bean 'jpa.named-queries#8'
2024-12-13T18:05:59.731+05:30 DEBUG 7187 --- [contenttree] [           main] tor$SharedEntityManagerInvocationHandler : Creating new EntityManager for shared EntityManager invocation
2024-12-13T18:05:59.731+05:30 DEBUG 7187 --- [contenttree] [           main] o.s.d.r.c.s.RepositoryFactorySupport     : Initializing repository instance for com.contenttree.user.UserRepository…
2024-12-13T18:05:59.732+05:30 DEBUG 7187 --- [contenttree] [           main] tor$SharedEntityManagerInvocationHandler : Creating new EntityManager for shared EntityManager invocation
2024-12-13T18:05:59.732+05:30 DEBUG 7187 --- [contenttree] [           main] o.s.d.jpa.repository.query.NamedQuery    : Looking up named query User.findByEmailIgnoreCase
2024-12-13T18:05:59.733+05:30 DEBUG 7187 --- [contenttree] [           main] cResourceLocalTransactionCoordinatorImpl : JDBC transaction marked for rollback-only (exception provided for stack trace)

java.lang.Exception: exception just for purpose of providing stack trace
	at org.hibernate.resource.transaction.backend.jdbc.internal.JdbcResourceLocalTransactionCoordinatorImpl$TransactionDriverControlImpl.markRollbackOnly(JdbcResourceLocalTransactionCoordinatorImpl.java:309) ~[hibernate-core-6.5.3.Final.jar:6.5.3.Final]
	at org.hibernate.internal.AbstractSharedSessionContract.buildNamedQuery(AbstractSharedSessionContract.java:1109) ~[hibernate-core-6.5.3.Final.jar:6.5.3.Final]
	at org.hibernate.internal.AbstractSharedSessionContract.createNamedQuery(AbstractSharedSessionContract.java:987) ~[hibernate-core-6.5.3.Final.jar:6.5.3.Final]
	at org.hibernate.internal.AbstractSharedSessionContract.createNamedQuery(AbstractSharedSessionContract.java:140) ~[hibernate-core-6.5.3.Final.jar:6.5.3.Final]
	at java.base/jdk.internal.reflect.NativeMethodAccessorImpl.invoke0(Native Method) ~[na:na]
	at java.base/jdk.internal.reflect.NativeMethodAccessorImpl.invoke(NativeMethodAccessorImpl.java:77) ~[na:na]
	at java.base/jdk.internal.reflect.DelegatingMethodAccessorImpl.invoke(DelegatingMethodAccessorImpl.java:43) ~[na:na]
	at java.base/java.lang.reflect.Method.invoke(Method.java:568) ~[na:na]
	at org.springframework.orm.jpa.ExtendedEntityManagerCreator$ExtendedEntityManagerInvocationHandler.invoke(ExtendedEntityManagerCreator.java:364) ~[spring-orm-6.1.13.jar:6.1.13]
	at jdk.proxy2/jdk.proxy2.$Proxy159.createNamedQuery(Unknown Source) ~[na:na]
	at org.springframework.data.jpa.repository.query.NamedQuery.hasNamedQuery(NamedQuery.java:112) ~[spring-data-jpa-3.3.4.jar:3.3.4]
	at org.springframework.data.jpa.repository.query.NamedQuery.lookupFrom(NamedQuery.java:138) ~[spring-data-jpa-3.3.4.jar:3.3.4]
	at org.springframework.data.jpa.repository.query.JpaQueryLookupStrategy$DeclaredQueryLookupStrategy.resolveQuery(JpaQueryLookupStrategy.java:180) ~[spring-data-jpa-3.3.4.jar:3.3.4]
	at org.springframework.data.jpa.repository.query.JpaQueryLookupStrategy$CreateIfNotFoundQueryLookupStrategy.resolveQuery(JpaQueryLookupStrategy.java:252) ~[spring-data-jpa-3.3.4.jar:3.3.4]
	at org.springframework.data.jpa.repository.query.JpaQueryLookupStrategy$AbstractQueryLookupStrategy.resolveQuery(JpaQueryLookupStrategy.java:95) ~[spring-data-jpa-3.3.4.jar:3.3.4]
	at org.springframework.data.repository.core.support.QueryExecutorMethodInterceptor.lookupQuery(QueryExecutorMethodInterceptor.java:115) ~[spring-data-commons-3.3.4.jar:3.3.4]
	at org.springframework.data.repository.core.support.QueryExecutorMethodInterceptor.mapMethodsToQuery(QueryExecutorMethodInterceptor.java:103) ~[spring-data-commons-3.3.4.jar:3.3.4]
	at org.springframework.data.repository.core.support.QueryExecutorMethodInterceptor.lambda$new$0(QueryExecutorMethodInterceptor.java:92) ~[spring-data-commons-3.3.4.jar:3.3.4]
	at java.base/java.util.Optional.map(Optional.java:260) ~[na:na]
	at org.springframework.data.repository.core.support.QueryExecutorMethodInterceptor.<init>(QueryExecutorMethodInterceptor.java:92) ~[spring-data-commons-3.3.4.jar:3.3.4]
	at org.springframework.data.repository.core.support.RepositoryFactorySupport.getRepository(RepositoryFactorySupport.java:357) ~[spring-data-commons-3.3.4.jar:3.3.4]
	at org.springframework.data.repository.core.support.RepositoryFactoryBeanSupport.lambda$afterPropertiesSet$5(RepositoryFactoryBeanSupport.java:286) ~[spring-data-commons-3.3.4.jar:3.3.4]
	at org.springframework.data.util.Lazy.getNullable(Lazy.java:135) ~[spring-data-commons-3.3.4.jar:3.3.4]
	at org.springframework.data.util.Lazy.get(Lazy.java:113) ~[spring-data-commons-3.3.4.jar:3.3.4]
	at org.springframework.data.repository.core.support.RepositoryFactoryBeanSupport.afterPropertiesSet(RepositoryFactoryBeanSupport.java:292) ~[spring-data-commons-3.3.4.jar:3.3.4]
	at org.springframework.data.jpa.repository.support.JpaRepositoryFactoryBean.afterPropertiesSet(JpaRepositoryFactoryBean.java:132) ~[spring-data-jpa-3.3.4.jar:3.3.4]
	at org.springframework.beans.factory.support.AbstractAutowireCapableBeanFactory.invokeInitMethods(AbstractAutowireCapableBeanFactory.java:1853) ~[spring-beans-6.1.13.jar:6.1.13]
	at org.springframework.beans.factory.support.AbstractAutowireCapableBeanFactory.initializeBean(AbstractAutowireCapableBeanFactory.java:1802) ~[spring-beans-6.1.13.jar:6.1.13]
	at org.springframework.beans.factory.support.AbstractAutowireCapableBeanFactory.doCreateBean(AbstractAutowireCapableBeanFactory.java:600) ~[spring-beans-6.1.13.jar:6.1.13]
	at org.springframework.beans.factory.support.AbstractAutowireCapableBeanFactory.createBean(AbstractAutowireCapableBeanFactory.java:522) ~[spring-beans-6.1.13.jar:6.1.13]
	at org.springframework.beans.factory.support.AbstractBeanFactory.lambda$doGetBean$0(AbstractBeanFactory.java:337) ~[spring-beans-6.1.13.jar:6.1.13]
	at org.springframework.beans.factory.support.DefaultSingletonBeanRegistry.getSingleton(DefaultSingletonBeanRegistry.java:234) ~[spring-beans-6.1.13.jar:6.1.13]
	at org.springframework.beans.factory.support.AbstractBeanFactory.doGetBean(AbstractBeanFactory.java:335) ~[spring-beans-6.1.13.jar:6.1.13]
	at org.springframework.beans.factory.support.AbstractBeanFactory.getBean(AbstractBeanFactory.java:200) ~[spring-beans-6.1.13.jar:6.1.13]
	at org.springframework.beans.factory.support.DefaultListableBeanFactory.preInstantiateSingletons(DefaultListableBeanFactory.java:969) ~[spring-beans-6.1.13.jar:6.1.13]
	at org.springframework.context.support.AbstractApplicationContext.finishBeanFactoryInitialization(AbstractApplicationContext.java:971) ~[spring-context-6.1.13.jar:6.1.13]
	at org.springframework.context.support.AbstractApplicationContext.refresh(AbstractApplicationContext.java:625) ~[spring-context-6.1.13.jar:6.1.13]
	at org.springframework.boot.SpringApplication.refresh(SpringApplication.java:754) ~[spring-boot-3.3.4.jar:3.3.4]
	at org.springframework.boot.SpringApplication.refreshContext(SpringApplication.java:456) ~[spring-boot-3.3.4.jar:3.3.4]
	at org.springframework.boot.SpringApplication.run(SpringApplication.java:335) ~[spring-boot-3.3.4.jar:3.3.4]
	at org.springframework.boot.test.context.SpringBootContextLoader.lambda$loadContext$3(SpringBootContextLoader.java:137) ~[spring-boot-test-3.3.4.jar:3.3.4]
	at org.springframework.util.function.ThrowingSupplier.get(ThrowingSupplier.java:58) ~[spring-core-6.1.13.jar:6.1.13]
	at org.springframework.util.function.ThrowingSupplier.get(ThrowingSupplier.java:46) ~[spring-core-6.1.13.jar:6.1.13]
	at org.springframework.boot.SpringApplication.withHook(SpringApplication.java:1463) ~[spring-boot-3.3.4.jar:3.3.4]
	at org.springframework.boot.test.context.SpringBootContextLoader$ContextLoaderHook.run(SpringBootContextLoader.java:553) ~[spring-boot-test-3.3.4.jar:3.3.4]
	at org.springframework.boot.test.context.SpringBootContextLoader.loadContext(SpringBootContextLoader.java:137) ~[spring-boot-test-3.3.4.jar:3.3.4]
	at org.springframework.boot.test.context.SpringBootContextLoader.loadContext(SpringBootContextLoader.java:108) ~[spring-boot-test-3.3.4.jar:3.3.4]
	at org.springframework.test.context.cache.DefaultCacheAwareContextLoaderDelegate.loadContextInternal(DefaultCacheAwareContextLoaderDelegate.java:225) ~[spring-test-6.1.13.jar:6.1.13]
	at org.springframework.test.context.cache.DefaultCacheAwareContextLoaderDelegate.loadContext(DefaultCacheAwareContextLoaderDelegate.java:152) ~[spring-test-6.1.13.jar:6.1.13]
	at org.springframework.test.context.support.DefaultTestContext.getApplicationContext(DefaultTestContext.java:130) ~[spring-test-6.1.13.jar:6.1.13]
	at org.springframework.test.context.web.ServletTestExecutionListener.setUpRequestContextIfNecessary(ServletTestExecutionListener.java:191) ~[spring-test-6.1.13.jar:6.1.13]
	at org.springframework.test.context.web.ServletTestExecutionListener.prepareTestInstance(ServletTestExecutionListener.java:130) ~[spring-test-6.1.13.jar:6.1.13]
	at org.springframework.test.context.TestContextManager.prepareTestInstance(TestContextManager.java:260) ~[spring-test-6.1.13.jar:6.1.13]
	at org.springframework.test.context.junit.jupiter.SpringExtension.postProcessTestInstance(SpringExtension.java:163) ~[spring-test-6.1.13.jar:6.1.13]
	at org.junit.jupiter.engine.descriptor.ClassBasedTestDescriptor.lambda$invokeTestInstancePostProcessors$10(ClassBasedTestDescriptor.java:378) ~[junit-jupiter-engine-5.10.3.jar:5.10.3]
	at org.junit.jupiter.engine.descriptor.ClassBasedTestDescriptor.executeAndMaskThrowable(ClassBasedTestDescriptor.java:383) ~[junit-jupiter-engine-5.10.3.jar:5.10.3]
	at org.junit.jupiter.engine.descriptor.ClassBasedTestDescriptor.lambda$invokeTestInstancePostProcessors$11(ClassBasedTestDescriptor.java:378) ~[junit-jupiter-engine-5.10.3.jar:5.10.3]
	at java.base/java.util.stream.ReferencePipeline$3$1.accept(ReferencePipeline.java:197) ~[na:na]
	at java.base/java.util.stream.ReferencePipeline$2$1.accept(ReferencePipeline.java:179) ~[na:na]
	at java.base/java.util.ArrayList$ArrayListSpliterator.forEachRemaining(ArrayList.java:1625) ~[na:na]
	at java.base/java.util.stream.AbstractPipeline.copyInto(AbstractPipeline.java:509) ~[na:na]
	at java.base/java.util.stream.AbstractPipeline.wrapAndCopyInto(AbstractPipeline.java:499) ~[na:na]
	at java.base/java.util.stream.StreamSpliterators$WrappingSpliterator.forEachRemaining(StreamSpliterators.java:310) ~[na:na]
	at java.base/java.util.stream.Streams$ConcatSpliterator.forEachRemaining(Streams.java:735) ~[na:na]
	at java.base/java.util.stream.Streams$ConcatSpliterator.forEachRemaining(Streams.java:734) ~[na:na]
	at java.base/java.util.stream.ReferencePipeline$Head.forEach(ReferencePipeline.java:762) ~[na:na]
	at org.junit.jupiter.engine.descriptor.ClassBasedTestDescriptor.invokeTestInstancePostProcessors(ClassBasedTestDescriptor.java:377) ~[junit-jupiter-engine-5.10.3.jar:5.10.3]
	at org.junit.jupiter.engine.descriptor.ClassBasedTestDescriptor.lambda$instantiateAndPostProcessTestInstance$6(ClassBasedTestDescriptor.java:290) ~[junit-jupiter-engine-5.10.3.jar:5.10.3]
	at org.junit.platform.engine.support.hierarchical.ThrowableCollector.execute(ThrowableCollector.java:73) ~[junit-platform-engine-1.10.3.jar:1.10.3]
	at org.junit.jupiter.engine.descriptor.ClassBasedTestDescriptor.instantiateAndPostProcessTestInstance(ClassBasedTestDescriptor.java:289) ~[junit-jupiter-engine-5.10.3.jar:5.10.3]
	at org.junit.jupiter.engine.descriptor.ClassBasedTestDescriptor.lambda$testInstancesProvider$4(ClassBasedTestDescriptor.java:279) ~[junit-jupiter-engine-5.10.3.jar:5.10.3]
	at java.base/java.util.Optional.orElseGet(Optional.java:364) ~[na:na]
	at org.junit.jupiter.engine.descriptor.ClassBasedTestDescriptor.lambda$testInstancesProvider$5(ClassBasedTestDescriptor.java:278) ~[junit-jupiter-engine-5.10.3.jar:5.10.3]
	at org.junit.jupiter.engine.execution.TestInstancesProvider.getTestInstances(TestInstancesProvider.java:31) ~[junit-jupiter-engine-5.10.3.jar:5.10.3]
	at org.junit.jupiter.engine.descriptor.TestMethodTestDescriptor.lambda$prepare$0(TestMethodTestDescriptor.java:106) ~[junit-jupiter-engine-5.10.3.jar:5.10.3]
	at org.junit.platform.engine.support.hierarchical.ThrowableCollector.execute(ThrowableCollector.java:73) ~[junit-platform-engine-1.10.3.jar:1.10.3]
	at org.junit.jupiter.engine.descriptor.TestMethodTestDescriptor.prepare(TestMethodTestDescriptor.java:105) ~[junit-jupiter-engine-5.10.3.jar:5.10.3]
	at org.junit.jupiter.engine.descriptor.TestMethodTestDescriptor.prepare(TestMethodTestDescriptor.java:69) ~[junit-jupiter-engine-5.10.3.jar:5.10.3]
	at org.junit.platform.engine.support.hierarchical.NodeTestTask.lambda$prepare$2(NodeTestTask.java:123) ~[junit-platform-engine-1.10.3.jar:1.10.3]
	at org.junit.platform.engine.support.hierarchical.ThrowableCollector.execute(ThrowableCollector.java:73) ~[junit-platform-engine-1.10.3.jar:1.10.3]
	at org.junit.platform.engine.support.hierarchical.NodeTestTask.prepare(NodeTestTask.java:123) ~[junit-platform-engine-1.10.3.jar:1.10.3]
	at org.junit.platform.engine.support.hierarchical.NodeTestTask.execute(NodeTestTask.java:90) ~[junit-platform-engine-1.10.3.jar:1.10.3]
	at java.base/java.util.ArrayList.forEach(ArrayList.java:1511) ~[na:na]
	at org.junit.platform.engine.support.hierarchical.SameThreadHierarchicalTestExecutorService.invokeAll(SameThreadHierarchicalTestExecutorService.java:41) ~[junit-platform-engine-1.10.3.jar:1.10.3]
	at org.junit.platform.engine.support.hierarchical.NodeTestTask.lambda$executeRecursively$6(NodeTestTask.java:155) ~[junit-platform-engine-1.10.3.jar:1.10.3]
	at org.junit.platform.engine.support.hierarchical.ThrowableCollector.execute(ThrowableCollector.java:73) ~[junit-platform-engine-1.10.3.jar:1.10.3]
	at org.junit.platform.engine.support.hierarchical.NodeTestTask.lambda$executeRecursively$8(NodeTestTask.java:141) ~[junit-platform-engine-1.10.3.jar:1.10.3]
	at org.junit.platform.engine.support.hierarchical.Node.around(Node.java:137) ~[junit-platform-engine-1.10.3.jar:1.10.3]
	at org.junit.platform.engine.support.hierarchical.NodeTestTask.lambda$executeRecursively$9(NodeTestTask.java:139) ~[junit-platform-engine-1.10.3.jar:1.10.3]
	at org.junit.platform.engine.support.hierarchical.ThrowableCollector.execute(ThrowableCollector.java:73) ~[junit-platform-engine-1.10.3.jar:1.10.3]
	at org.junit.platform.engine.support.hierarchical.NodeTestTask.executeRecursively(NodeTestTask.java:138) ~[junit-platform-engine-1.10.3.jar:1.10.3]
	at org.junit.platform.engine.support.hierarchical.NodeTestTask.execute(NodeTestTask.java:95) ~[junit-platform-engine-1.10.3.jar:1.10.3]
	at java.base/java.util.ArrayList.forEach(ArrayList.java:1511) ~[na:na]
	at org.junit.platform.engine.support.hierarchical.SameThreadHierarchicalTestExecutorService.invokeAll(SameThreadHierarchicalTestExecutorService.java:41) ~[junit-platform-engine-1.10.3.jar:1.10.3]
	at org.junit.platform.engine.support.hierarchical.NodeTestTask.lambda$executeRecursively$6(NodeTestTask.java:155) ~[junit-platform-engine-1.10.3.jar:1.10.3]
	at org.junit.platform.engine.support.hierarchical.ThrowableCollector.execute(ThrowableCollector.java:73) ~[junit-platform-engine-1.10.3.jar:1.10.3]
	at org.junit.platform.engine.support.hierarchical.NodeTestTask.lambda$executeRecursively$8(NodeTestTask.java:141) ~[junit-platform-engine-1.10.3.jar:1.10.3]
	at org.junit.platform.engine.support.hierarchical.Node.around(Node.java:137) ~[junit-platform-engine-1.10.3.jar:1.10.3]
	at org.junit.platform.engine.support.hierarchical.NodeTestTask.lambda$executeRecursively$9(NodeTestTask.java:139) ~[junit-platform-engine-1.10.3.jar:1.10.3]
	at org.junit.platform.engine.support.hierarchical.ThrowableCollector.execute(ThrowableCollector.java:73) ~[junit-platform-engine-1.10.3.jar:1.10.3]
	at org.junit.platform.engine.support.hierarchical.NodeTestTask.executeRecursively(NodeTestTask.java:138) ~[junit-platform-engine-1.10.3.jar:1.10.3]
	at org.junit.platform.engine.support.hierarchical.NodeTestTask.execute(NodeTestTask.java:95) ~[junit-platform-engine-1.10.3.jar:1.10.3]
	at org.junit.platform.engine.support.hierarchical.SameThreadHierarchicalTestExecutorService.submit(SameThreadHierarchicalTestExecutorService.java:35) ~[junit-platform-engine-1.10.3.jar:1.10.3]
	at org.junit.platform.engine.support.hierarchical.HierarchicalTestExecutor.execute(HierarchicalTestExecutor.java:57) ~[junit-platform-engine-1.10.3.jar:1.10.3]
	at org.junit.platform.engine.support.hierarchical.HierarchicalTestEngine.execute(HierarchicalTestEngine.java:54) ~[junit-platform-engine-1.10.3.jar:1.10.3]
	at org.junit.platform.launcher.core.EngineExecutionOrchestrator.execute(EngineExecutionOrchestrator.java:198) ~[junit-platform-launcher-1.10.3.jar:1.10.3]
	at org.junit.platform.launcher.core.EngineExecutionOrchestrator.execute(EngineExecutionOrchestrator.java:169) ~[junit-platform-launcher-1.10.3.jar:1.10.3]
	at org.junit.platform.launcher.core.EngineExecutionOrchestrator.execute(EngineExecutionOrchestrator.java:93) ~[junit-platform-launcher-1.10.3.jar:1.10.3]
	at org.junit.platform.launcher.core.EngineExecutionOrchestrator.lambda$execute$0(EngineExecutionOrchestrator.java:58) ~[junit-platform-launcher-1.10.3.jar:1.10.3]
	at org.junit.platform.launcher.core.EngineExecutionOrchestrator.withInterceptedStreams(EngineExecutionOrchestrator.java:141) ~[junit-platform-launcher-1.10.3.jar:1.10.3]
	at org.junit.platform.launcher.core.EngineExecutionOrchestrator.execute(EngineExecutionOrchestrator.java:57) ~[junit-platform-launcher-1.10.3.jar:1.10.3]
	at org.junit.platform.launcher.core.DefaultLauncher.execute(DefaultLauncher.java:103) ~[junit-platform-launcher-1.10.3.jar:1.10.3]
	at org.junit.platform.launcher.core.DefaultLauncher.execute(DefaultLauncher.java:85) ~[junit-platform-launcher-1.10.3.jar:1.10.3]
	at org.junit.platform.launcher.core.DelegatingLauncher.execute(DelegatingLauncher.java:47) ~[junit-platform-launcher-1.10.3.jar:1.10.3]
	at org.apache.maven.surefire.junitplatform.LazyLauncher.execute(LazyLauncher.java:56) ~[surefire-junit-platform-3.2.5.jar:3.2.5]
	at org.apache.maven.surefire.junitplatform.JUnitPlatformProvider.execute(JUnitPlatformProvider.java:184) ~[surefire-junit-platform-3.2.5.jar:3.2.5]
	at org.apache.maven.surefire.junitplatform.JUnitPlatformProvider.invokeAllTests(JUnitPlatformProvider.java:148) ~[surefire-junit-platform-3.2.5.jar:3.2.5]
	at org.apache.maven.surefire.junitplatform.JUnitPlatformProvider.invoke(JUnitPlatformProvider.java:122) ~[surefire-junit-platform-3.2.5.jar:3.2.5]
	at org.apache.maven.surefire.booter.ForkedBooter.runSuitesInProcess(ForkedBooter.java:385) ~[surefire-booter-3.2.5.jar:3.2.5]
	at org.apache.maven.surefire.booter.ForkedBooter.execute(ForkedBooter.java:162) ~[surefire-booter-3.2.5.jar:3.2.5]
	at org.apache.maven.surefire.booter.ForkedBooter.run(ForkedBooter.java:507) ~[surefire-booter-3.2.5.jar:3.2.5]
	at org.apache.maven.surefire.booter.ForkedBooter.main(ForkedBooter.java:495) ~[surefire-booter-3.2.5.jar:3.2.5]

2024-12-13T18:05:59.733+05:30 DEBUG 7187 --- [contenttree] [           main] o.s.d.jpa.repository.query.NamedQuery    : Did not find named query User.findByEmailIgnoreCase
2024-12-13T18:05:59.733+05:30 DEBUG 7187 --- [contenttree] [           main] tor$SharedEntityManagerInvocationHandler : Creating new EntityManager for shared EntityManager invocation
2024-12-13T18:05:59.734+05:30 DEBUG 7187 --- [contenttree] [           main] o.s.d.jpa.repository.query.NamedQuery    : Looking up named query User.existsByEmail
2024-12-13T18:05:59.734+05:30 DEBUG 7187 --- [contenttree] [           main] cResourceLocalTransactionCoordinatorImpl : JDBC transaction marked for rollback-only (exception provided for stack trace)

java.lang.Exception: exception just for purpose of providing stack trace
	at org.hibernate.resource.transaction.backend.jdbc.internal.JdbcResourceLocalTransactionCoordinatorImpl$TransactionDriverControlImpl.markRollbackOnly(JdbcResourceLocalTransactionCoordinatorImpl.java:309) ~[hibernate-core-6.5.3.Final.jar:6.5.3.Final]
	at org.hibernate.internal.AbstractSharedSessionContract.buildNamedQuery(AbstractSharedSessionContract.java:1109) ~[hibernate-core-6.5.3.Final.jar:6.5.3.Final]
	at org.hibernate.internal.AbstractSharedSessionContract.createNamedQuery(AbstractSharedSessionContract.java:987) ~[hibernate-core-6.5.3.Final.jar:6.5.3.Final]
	at org.hibernate.internal.AbstractSharedSessionContract.createNamedQuery(AbstractSharedSessionContract.java:140) ~[hibernate-core-6.5.3.Final.jar:6.5.3.Final]
	at java.base/jdk.internal.reflect.NativeMethodAccessorImpl.invoke0(Native Method) ~[na:na]
	at java.base/jdk.internal.reflect.NativeMethodAccessorImpl.invoke(NativeMethodAccessorImpl.java:77) ~[na:na]
	at java.base/jdk.internal.reflect.DelegatingMethodAccessorImpl.invoke(DelegatingMethodAccessorImpl.java:43) ~[na:na]
	at java.base/java.lang.reflect.Method.invoke(Method.java:568) ~[na:na]
	at org.springframework.orm.jpa.ExtendedEntityManagerCreator$ExtendedEntityManagerInvocationHandler.invoke(ExtendedEntityManagerCreator.java:364) ~[spring-orm-6.1.13.jar:6.1.13]
	at jdk.proxy2/jdk.proxy2.$Proxy159.createNamedQuery(Unknown Source) ~[na:na]
	at org.springframework.data.jpa.repository.query.NamedQuery.hasNamedQuery(NamedQuery.java:112) ~[spring-data-jpa-3.3.4.jar:3.3.4]
	at org.springframework.data.jpa.repository.query.NamedQuery.lookupFrom(NamedQuery.java:138) ~[spring-data-jpa-3.3.4.jar:3.3.4]
	at org.springframework.data.jpa.repository.query.JpaQueryLookupStrategy$DeclaredQueryLookupStrategy.resolveQuery(JpaQueryLookupStrategy.java:180) ~[spring-data-jpa-3.3.4.jar:3.3.4]
	at org.springframework.data.jpa.repository.query.JpaQueryLookupStrategy$CreateIfNotFoundQueryLookupStrategy.resolveQuery(JpaQueryLookupStrategy.java:252) ~[spring-data-jpa-3.3.4.jar:3.3.4]
	at org.springframework.data.jpa.repository.query.JpaQueryLookupStrategy$AbstractQueryLookupStrategy.resolveQuery(JpaQueryLookupStrategy.java:95) ~[spring-data-jpa-3.3.4.jar:3.3.4]
	at org.springframework.data.repository.core.support.QueryExecutorMethodInterceptor.lookupQuery(QueryExecutorMethodInterceptor.java:115) ~[spring-data-commons-3.3.4.jar:3.3.4]
	at org.springframework.data.repository.core.support.QueryExecutorMethodInterceptor.mapMethodsToQuery(QueryExecutorMethodInterceptor.java:103) ~[spring-data-commons-3.3.4.jar:3.3.4]
	at org.springframework.data.repository.core.support.QueryExecutorMethodInterceptor.lambda$new$0(QueryExecutorMethodInterceptor.java:92) ~[spring-data-commons-3.3.4.jar:3.3.4]
	at java.base/java.util.Optional.map(Optional.java:260) ~[na:na]
	at org.springframework.data.repository.core.support.QueryExecutorMethodInterceptor.<init>(QueryExecutorMethodInterceptor.java:92) ~[spring-data-commons-3.3.4.jar:3.3.4]
	at org.springframework.data.repository.core.support.RepositoryFactorySupport.getRepository(RepositoryFactorySupport.java:357) ~[spring-data-commons-3.3.4.jar:3.3.4]
	at org.springframework.data.repository.core.support.RepositoryFactoryBeanSupport.lambda$afterPropertiesSet$5(RepositoryFactoryBeanSupport.java:286) ~[spring-data-commons-3.3.4.jar:3.3.4]
	at org.springframework.data.util.Lazy.getNullable(Lazy.java:135) ~[spring-data-commons-3.3.4.jar:3.3.4]
	at org.springframework.data.util.Lazy.get(Lazy.java:113) ~[spring-data-commons-3.3.4.jar:3.3.4]
	at org.springframework.data.repository.core.support.RepositoryFactoryBeanSupport.afterPropertiesSet(RepositoryFactoryBeanSupport.java:292) ~[spring-data-commons-3.3.4.jar:3.3.4]
	at org.springframework.data.jpa.repository.support.JpaRepositoryFactoryBean.afterPropertiesSet(JpaRepositoryFactoryBean.java:132) ~[spring-data-jpa-3.3.4.jar:3.3.4]
	at org.springframework.beans.factory.support.AbstractAutowireCapableBeanFactory.invokeInitMethods(AbstractAutowireCapableBeanFactory.java:1853) ~[spring-beans-6.1.13.jar:6.1.13]
	at org.springframework.beans.factory.support.AbstractAutowireCapableBeanFactory.initializeBean(AbstractAutowireCapableBeanFactory.java:1802) ~[spring-beans-6.1.13.jar:6.1.13]
	at org.springframework.beans.factory.support.AbstractAutowireCapableBeanFactory.doCreateBean(AbstractAutowireCapableBeanFactory.java:600) ~[spring-beans-6.1.13.jar:6.1.13]
	at org.springframework.beans.factory.support.AbstractAutowireCapableBeanFactory.createBean(AbstractAutowireCapableBeanFactory.java:522) ~[spring-beans-6.1.13.jar:6.1.13]
	at org.springframework.beans.factory.support.AbstractBeanFactory.lambda$doGetBean$0(AbstractBeanFactory.java:337) ~[spring-beans-6.1.13.jar:6.1.13]
	at org.springframework.beans.factory.support.DefaultSingletonBeanRegistry.getSingleton(DefaultSingletonBeanRegistry.java:234) ~[spring-beans-6.1.13.jar:6.1.13]
	at org.springframework.beans.factory.support.AbstractBeanFactory.doGetBean(AbstractBeanFactory.java:335) ~[spring-beans-6.1.13.jar:6.1.13]
	at org.springframework.beans.factory.support.AbstractBeanFactory.getBean(AbstractBeanFactory.java:200) ~[spring-beans-6.1.13.jar:6.1.13]
	at org.springframework.beans.factory.support.DefaultListableBeanFactory.preInstantiateSingletons(DefaultListableBeanFactory.java:969) ~[spring-beans-6.1.13.jar:6.1.13]
	at org.springframework.context.support.AbstractApplicationContext.finishBeanFactoryInitialization(AbstractApplicationContext.java:971) ~[spring-context-6.1.13.jar:6.1.13]
	at org.springframework.context.support.AbstractApplicationContext.refresh(AbstractApplicationContext.java:625) ~[spring-context-6.1.13.jar:6.1.13]
	at org.springframework.boot.SpringApplication.refresh(SpringApplication.java:754) ~[spring-boot-3.3.4.jar:3.3.4]
	at org.springframework.boot.SpringApplication.refreshContext(SpringApplication.java:456) ~[spring-boot-3.3.4.jar:3.3.4]
	at org.springframework.boot.SpringApplication.run(SpringApplication.java:335) ~[spring-boot-3.3.4.jar:3.3.4]
	at org.springframework.boot.test.context.SpringBootContextLoader.lambda$loadContext$3(SpringBootContextLoader.java:137) ~[spring-boot-test-3.3.4.jar:3.3.4]
	at org.springframework.util.function.ThrowingSupplier.get(ThrowingSupplier.java:58) ~[spring-core-6.1.13.jar:6.1.13]
	at org.springframework.util.function.ThrowingSupplier.get(ThrowingSupplier.java:46) ~[spring-core-6.1.13.jar:6.1.13]
	at org.springframework.boot.SpringApplication.withHook(SpringApplication.java:1463) ~[spring-boot-3.3.4.jar:3.3.4]
	at org.springframework.boot.test.context.SpringBootContextLoader$ContextLoaderHook.run(SpringBootContextLoader.java:553) ~[spring-boot-test-3.3.4.jar:3.3.4]
	at org.springframework.boot.test.context.SpringBootContextLoader.loadContext(SpringBootContextLoader.java:137) ~[spring-boot-test-3.3.4.jar:3.3.4]
	at org.springframework.boot.test.context.SpringBootContextLoader.loadContext(SpringBootContextLoader.java:108) ~[spring-boot-test-3.3.4.jar:3.3.4]
	at org.springframework.test.context.cache.DefaultCacheAwareContextLoaderDelegate.loadContextInternal(DefaultCacheAwareContextLoaderDelegate.java:225) ~[spring-test-6.1.13.jar:6.1.13]
	at org.springframework.test.context.cache.DefaultCacheAwareContextLoaderDelegate.loadContext(DefaultCacheAwareContextLoaderDelegate.java:152) ~[spring-test-6.1.13.jar:6.1.13]
	at org.springframework.test.context.support.DefaultTestContext.getApplicationContext(DefaultTestContext.java:130) ~[spring-test-6.1.13.jar:6.1.13]
	at org.springframework.test.context.web.ServletTestExecutionListener.setUpRequestContextIfNecessary(ServletTestExecutionListener.java:191) ~[spring-test-6.1.13.jar:6.1.13]
	at org.springframework.test.context.web.ServletTestExecutionListener.prepareTestInstance(ServletTestExecutionListener.java:130) ~[spring-test-6.1.13.jar:6.1.13]
	at org.springframework.test.context.TestContextManager.prepareTestInstance(TestContextManager.java:260) ~[spring-test-6.1.13.jar:6.1.13]
	at org.springframework.test.context.junit.jupiter.SpringExtension.postProcessTestInstance(SpringExtension.java:163) ~[spring-test-6.1.13.jar:6.1.13]
	at org.junit.jupiter.engine.descriptor.ClassBasedTestDescriptor.lambda$invokeTestInstancePostProcessors$10(ClassBasedTestDescriptor.java:378) ~[junit-jupiter-engine-5.10.3.jar:5.10.3]
	at org.junit.jupiter.engine.descriptor.ClassBasedTestDescriptor.executeAndMaskThrowable(ClassBasedTestDescriptor.java:383) ~[junit-jupiter-engine-5.10.3.jar:5.10.3]
	at org.junit.jupiter.engine.descriptor.ClassBasedTestDescriptor.lambda$invokeTestInstancePostProcessors$11(ClassBasedTestDescriptor.java:378) ~[junit-jupiter-engine-5.10.3.jar:5.10.3]
	at java.base/java.util.stream.ReferencePipeline$3$1.accept(ReferencePipeline.java:197) ~[na:na]
	at java.base/java.util.stream.ReferencePipeline$2$1.accept(ReferencePipeline.java:179) ~[na:na]
	at java.base/java.util.ArrayList$ArrayListSpliterator.forEachRemaining(ArrayList.java:1625) ~[na:na]
	at java.base/java.util.stream.AbstractPipeline.copyInto(AbstractPipeline.java:509) ~[na:na]
	at java.base/java.util.stream.AbstractPipeline.wrapAndCopyInto(AbstractPipeline.java:499) ~[na:na]
	at java.base/java.util.stream.StreamSpliterators$WrappingSpliterator.forEachRemaining(StreamSpliterators.java:310) ~[na:na]
	at java.base/java.util.stream.Streams$ConcatSpliterator.forEachRemaining(Streams.java:735) ~[na:na]
	at java.base/java.util.stream.Streams$ConcatSpliterator.forEachRemaining(Streams.java:734) ~[na:na]
	at java.base/java.util.stream.ReferencePipeline$Head.forEach(ReferencePipeline.java:762) ~[na:na]
	at org.junit.jupiter.engine.descriptor.ClassBasedTestDescriptor.invokeTestInstancePostProcessors(ClassBasedTestDescriptor.java:377) ~[junit-jupiter-engine-5.10.3.jar:5.10.3]
	at org.junit.jupiter.engine.descriptor.ClassBasedTestDescriptor.lambda$instantiateAndPostProcessTestInstance$6(ClassBasedTestDescriptor.java:290) ~[junit-jupiter-engine-5.10.3.jar:5.10.3]
	at org.junit.platform.engine.support.hierarchical.ThrowableCollector.execute(ThrowableCollector.java:73) ~[junit-platform-engine-1.10.3.jar:1.10.3]
	at org.junit.jupiter.engine.descriptor.ClassBasedTestDescriptor.instantiateAndPostProcessTestInstance(ClassBasedTestDescriptor.java:289) ~[junit-jupiter-engine-5.10.3.jar:5.10.3]
	at org.junit.jupiter.engine.descriptor.ClassBasedTestDescriptor.lambda$testInstancesProvider$4(ClassBasedTestDescriptor.java:279) ~[junit-jupiter-engine-5.10.3.jar:5.10.3]
	at java.base/java.util.Optional.orElseGet(Optional.java:364) ~[na:na]
	at org.junit.jupiter.engine.descriptor.ClassBasedTestDescriptor.lambda$testInstancesProvider$5(ClassBasedTestDescriptor.java:278) ~[junit-jupiter-engine-5.10.3.jar:5.10.3]
	at org.junit.jupiter.engine.execution.TestInstancesProvider.getTestInstances(TestInstancesProvider.java:31) ~[junit-jupiter-engine-5.10.3.jar:5.10.3]
	at org.junit.jupiter.engine.descriptor.TestMethodTestDescriptor.lambda$prepare$0(TestMethodTestDescriptor.java:106) ~[junit-jupiter-engine-5.10.3.jar:5.10.3]
	at org.junit.platform.engine.support.hierarchical.ThrowableCollector.execute(ThrowableCollector.java:73) ~[junit-platform-engine-1.10.3.jar:1.10.3]
	at org.junit.jupiter.engine.descriptor.TestMethodTestDescriptor.prepare(TestMethodTestDescriptor.java:105) ~[junit-jupiter-engine-5.10.3.jar:5.10.3]
	at org.junit.jupiter.engine.descriptor.TestMethodTestDescriptor.prepare(TestMethodTestDescriptor.java:69) ~[junit-jupiter-engine-5.10.3.jar:5.10.3]
	at org.junit.platform.engine.support.hierarchical.NodeTestTask.lambda$prepare$2(NodeTestTask.java:123) ~[junit-platform-engine-1.10.3.jar:1.10.3]
	at org.junit.platform.engine.support.hierarchical.ThrowableCollector.execute(ThrowableCollector.java:73) ~[junit-platform-engine-1.10.3.jar:1.10.3]
	at org.junit.platform.engine.support.hierarchical.NodeTestTask.prepare(NodeTestTask.java:123) ~[junit-platform-engine-1.10.3.jar:1.10.3]
	at org.junit.platform.engine.support.hierarchical.NodeTestTask.execute(NodeTestTask.java:90) ~[junit-platform-engine-1.10.3.jar:1.10.3]
	at java.base/java.util.ArrayList.forEach(ArrayList.java:1511) ~[na:na]
	at org.junit.platform.engine.support.hierarchical.SameThreadHierarchicalTestExecutorService.invokeAll(SameThreadHierarchicalTestExecutorService.java:41) ~[junit-platform-engine-1.10.3.jar:1.10.3]
	at org.junit.platform.engine.support.hierarchical.NodeTestTask.lambda$executeRecursively$6(NodeTestTask.java:155) ~[junit-platform-engine-1.10.3.jar:1.10.3]
	at org.junit.platform.engine.support.hierarchical.ThrowableCollector.execute(ThrowableCollector.java:73) ~[junit-platform-engine-1.10.3.jar:1.10.3]
	at org.junit.platform.engine.support.hierarchical.NodeTestTask.lambda$executeRecursively$8(NodeTestTask.java:141) ~[junit-platform-engine-1.10.3.jar:1.10.3]
	at org.junit.platform.engine.support.hierarchical.Node.around(Node.java:137) ~[junit-platform-engine-1.10.3.jar:1.10.3]
	at org.junit.platform.engine.support.hierarchical.NodeTestTask.lambda$executeRecursively$9(NodeTestTask.java:139) ~[junit-platform-engine-1.10.3.jar:1.10.3]
	at org.junit.platform.engine.support.hierarchical.ThrowableCollector.execute(ThrowableCollector.java:73) ~[junit-platform-engine-1.10.3.jar:1.10.3]
	at org.junit.platform.engine.support.hierarchical.NodeTestTask.executeRecursively(NodeTestTask.java:138) ~[junit-platform-engine-1.10.3.jar:1.10.3]
	at org.junit.platform.engine.support.hierarchical.NodeTestTask.execute(NodeTestTask.java:95) ~[junit-platform-engine-1.10.3.jar:1.10.3]
	at java.base/java.util.ArrayList.forEach(ArrayList.java:1511) ~[na:na]
	at org.junit.platform.engine.support.hierarchical.SameThreadHierarchicalTestExecutorService.invokeAll(SameThreadHierarchicalTestExecutorService.java:41) ~[junit-platform-engine-1.10.3.jar:1.10.3]
	at org.junit.platform.engine.support.hierarchical.NodeTestTask.lambda$executeRecursively$6(NodeTestTask.java:155) ~[junit-platform-engine-1.10.3.jar:1.10.3]
	at org.junit.platform.engine.support.hierarchical.ThrowableCollector.execute(ThrowableCollector.java:73) ~[junit-platform-engine-1.10.3.jar:1.10.3]
	at org.junit.platform.engine.support.hierarchical.NodeTestTask.lambda$executeRecursively$8(NodeTestTask.java:141) ~[junit-platform-engine-1.10.3.jar:1.10.3]
	at org.junit.platform.engine.support.hierarchical.Node.around(Node.java:137) ~[junit-platform-engine-1.10.3.jar:1.10.3]
	at org.junit.platform.engine.support.hierarchical.NodeTestTask.lambda$executeRecursively$9(NodeTestTask.java:139) ~[junit-platform-engine-1.10.3.jar:1.10.3]
	at org.junit.platform.engine.support.hierarchical.ThrowableCollector.execute(ThrowableCollector.java:73) ~[junit-platform-engine-1.10.3.jar:1.10.3]
	at org.junit.platform.engine.support.hierarchical.NodeTestTask.executeRecursively(NodeTestTask.java:138) ~[junit-platform-engine-1.10.3.jar:1.10.3]
	at org.junit.platform.engine.support.hierarchical.NodeTestTask.execute(NodeTestTask.java:95) ~[junit-platform-engine-1.10.3.jar:1.10.3]
	at org.junit.platform.engine.support.hierarchical.SameThreadHierarchicalTestExecutorService.submit(SameThreadHierarchicalTestExecutorService.java:35) ~[junit-platform-engine-1.10.3.jar:1.10.3]
	at org.junit.platform.engine.support.hierarchical.HierarchicalTestExecutor.execute(HierarchicalTestExecutor.java:57) ~[junit-platform-engine-1.10.3.jar:1.10.3]
	at org.junit.platform.engine.support.hierarchical.HierarchicalTestEngine.execute(HierarchicalTestEngine.java:54) ~[junit-platform-engine-1.10.3.jar:1.10.3]
	at org.junit.platform.launcher.core.EngineExecutionOrchestrator.execute(EngineExecutionOrchestrator.java:198) ~[junit-platform-launcher-1.10.3.jar:1.10.3]
	at org.junit.platform.launcher.core.EngineExecutionOrchestrator.execute(EngineExecutionOrchestrator.java:169) ~[junit-platform-launcher-1.10.3.jar:1.10.3]
	at org.junit.platform.launcher.core.EngineExecutionOrchestrator.execute(EngineExecutionOrchestrator.java:93) ~[junit-platform-launcher-1.10.3.jar:1.10.3]
	at org.junit.platform.launcher.core.EngineExecutionOrchestrator.lambda$execute$0(EngineExecutionOrchestrator.java:58) ~[junit-platform-launcher-1.10.3.jar:1.10.3]
	at org.junit.platform.launcher.core.EngineExecutionOrchestrator.withInterceptedStreams(EngineExecutionOrchestrator.java:141) ~[junit-platform-launcher-1.10.3.jar:1.10.3]
	at org.junit.platform.launcher.core.EngineExecutionOrchestrator.execute(EngineExecutionOrchestrator.java:57) ~[junit-platform-launcher-1.10.3.jar:1.10.3]
	at org.junit.platform.launcher.core.DefaultLauncher.execute(DefaultLauncher.java:103) ~[junit-platform-launcher-1.10.3.jar:1.10.3]
	at org.junit.platform.launcher.core.DefaultLauncher.execute(DefaultLauncher.java:85) ~[junit-platform-launcher-1.10.3.jar:1.10.3]
	at org.junit.platform.launcher.core.DelegatingLauncher.execute(DelegatingLauncher.java:47) ~[junit-platform-launcher-1.10.3.jar:1.10.3]
	at org.apache.maven.surefire.junitplatform.LazyLauncher.execute(LazyLauncher.java:56) ~[surefire-junit-platform-3.2.5.jar:3.2.5]
	at org.apache.maven.surefire.junitplatform.JUnitPlatformProvider.execute(JUnitPlatformProvider.java:184) ~[surefire-junit-platform-3.2.5.jar:3.2.5]
	at org.apache.maven.surefire.junitplatform.JUnitPlatformProvider.invokeAllTests(JUnitPlatformProvider.java:148) ~[surefire-junit-platform-3.2.5.jar:3.2.5]
	at org.apache.maven.surefire.junitplatform.JUnitPlatformProvider.invoke(JUnitPlatformProvider.java:122) ~[surefire-junit-platform-3.2.5.jar:3.2.5]
	at org.apache.maven.surefire.booter.ForkedBooter.runSuitesInProcess(ForkedBooter.java:385) ~[surefire-booter-3.2.5.jar:3.2.5]
	at org.apache.maven.surefire.booter.ForkedBooter.execute(ForkedBooter.java:162) ~[surefire-booter-3.2.5.jar:3.2.5]
	at org.apache.maven.surefire.booter.ForkedBooter.run(ForkedBooter.java:507) ~[surefire-booter-3.2.5.jar:3.2.5]
	at org.apache.maven.surefire.booter.ForkedBooter.main(ForkedBooter.java:495) ~[surefire-booter-3.2.5.jar:3.2.5]

2024-12-13T18:05:59.735+05:30 DEBUG 7187 --- [contenttree] [           main] o.s.d.jpa.repository.query.NamedQuery    : Did not find named query User.existsByEmail
2024-12-13T18:05:59.735+05:30 DEBUG 7187 --- [contenttree] [           main] tor$SharedEntityManagerInvocationHandler : Creating new EntityManager for shared EntityManager invocation
2024-12-13T18:05:59.737+05:30 DEBUG 7187 --- [contenttree] [           main] o.s.d.r.c.s.RepositoryFactorySupport     : Finished creation of repository instance for com.contenttree.user.UserRepository.
2024-12-13T18:05:59.737+05:30 DEBUG 7187 --- [contenttree] [           main] o.s.b.f.s.DefaultListableBeanFactory     : Creating shared instance of singleton bean 'jpa.AdminRepository.fragments#0'
2024-12-13T18:05:59.737+05:30 DEBUG 7187 --- [contenttree] [           main] o.s.b.f.s.DefaultListableBeanFactory     : Creating shared instance of singleton bean 'adminRepository'
2024-12-13T18:05:59.738+05:30 DEBUG 7187 --- [contenttree] [           main] o.s.b.f.s.DefaultListableBeanFactory     : Creating shared instance of singleton bean 'jpa.named-queries#9'
2024-12-13T18:05:59.738+05:30 DEBUG 7187 --- [contenttree] [           main] tor$SharedEntityManagerInvocationHandler : Creating new EntityManager for shared EntityManager invocation
2024-12-13T18:05:59.739+05:30 DEBUG 7187 --- [contenttree] [           main] o.s.d.r.c.s.RepositoryFactorySupport     : Initializing repository instance for com.contenttree.admin.AdminRepository…
2024-12-13T18:05:59.739+05:30 DEBUG 7187 --- [contenttree] [           main] tor$SharedEntityManagerInvocationHandler : Creating new EntityManager for shared EntityManager invocation
2024-12-13T18:05:59.740+05:30 DEBUG 7187 --- [contenttree] [           main] o.s.d.jpa.repository.query.NamedQuery    : Looking up named query Admin.findByEmail
2024-12-13T18:05:59.740+05:30 DEBUG 7187 --- [contenttree] [           main] cResourceLocalTransactionCoordinatorImpl : JDBC transaction marked for rollback-only (exception provided for stack trace)

java.lang.Exception: exception just for purpose of providing stack trace
	at org.hibernate.resource.transaction.backend.jdbc.internal.JdbcResourceLocalTransactionCoordinatorImpl$TransactionDriverControlImpl.markRollbackOnly(JdbcResourceLocalTransactionCoordinatorImpl.java:309) ~[hibernate-core-6.5.3.Final.jar:6.5.3.Final]
	at org.hibernate.internal.AbstractSharedSessionContract.buildNamedQuery(AbstractSharedSessionContract.java:1109) ~[hibernate-core-6.5.3.Final.jar:6.5.3.Final]
	at org.hibernate.internal.AbstractSharedSessionContract.createNamedQuery(AbstractSharedSessionContract.java:987) ~[hibernate-core-6.5.3.Final.jar:6.5.3.Final]
	at org.hibernate.internal.AbstractSharedSessionContract.createNamedQuery(AbstractSharedSessionContract.java:140) ~[hibernate-core-6.5.3.Final.jar:6.5.3.Final]
	at java.base/jdk.internal.reflect.NativeMethodAccessorImpl.invoke0(Native Method) ~[na:na]
	at java.base/jdk.internal.reflect.NativeMethodAccessorImpl.invoke(NativeMethodAccessorImpl.java:77) ~[na:na]
	at java.base/jdk.internal.reflect.DelegatingMethodAccessorImpl.invoke(DelegatingMethodAccessorImpl.java:43) ~[na:na]
	at java.base/java.lang.reflect.Method.invoke(Method.java:568) ~[na:na]
	at org.springframework.orm.jpa.ExtendedEntityManagerCreator$ExtendedEntityManagerInvocationHandler.invoke(ExtendedEntityManagerCreator.java:364) ~[spring-orm-6.1.13.jar:6.1.13]
	at jdk.proxy2/jdk.proxy2.$Proxy159.createNamedQuery(Unknown Source) ~[na:na]
	at org.springframework.data.jpa.repository.query.NamedQuery.hasNamedQuery(NamedQuery.java:112) ~[spring-data-jpa-3.3.4.jar:3.3.4]
	at org.springframework.data.jpa.repository.query.NamedQuery.lookupFrom(NamedQuery.java:138) ~[spring-data-jpa-3.3.4.jar:3.3.4]
	at org.springframework.data.jpa.repository.query.JpaQueryLookupStrategy$DeclaredQueryLookupStrategy.resolveQuery(JpaQueryLookupStrategy.java:180) ~[spring-data-jpa-3.3.4.jar:3.3.4]
	at org.springframework.data.jpa.repository.query.JpaQueryLookupStrategy$CreateIfNotFoundQueryLookupStrategy.resolveQuery(JpaQueryLookupStrategy.java:252) ~[spring-data-jpa-3.3.4.jar:3.3.4]
	at org.springframework.data.jpa.repository.query.JpaQueryLookupStrategy$AbstractQueryLookupStrategy.resolveQuery(JpaQueryLookupStrategy.java:95) ~[spring-data-jpa-3.3.4.jar:3.3.4]
	at org.springframework.data.repository.core.support.QueryExecutorMethodInterceptor.lookupQuery(QueryExecutorMethodInterceptor.java:115) ~[spring-data-commons-3.3.4.jar:3.3.4]
	at org.springframework.data.repository.core.support.QueryExecutorMethodInterceptor.mapMethodsToQuery(QueryExecutorMethodInterceptor.java:103) ~[spring-data-commons-3.3.4.jar:3.3.4]
	at org.springframework.data.repository.core.support.QueryExecutorMethodInterceptor.lambda$new$0(QueryExecutorMethodInterceptor.java:92) ~[spring-data-commons-3.3.4.jar:3.3.4]
	at java.base/java.util.Optional.map(Optional.java:260) ~[na:na]
	at org.springframework.data.repository.core.support.QueryExecutorMethodInterceptor.<init>(QueryExecutorMethodInterceptor.java:92) ~[spring-data-commons-3.3.4.jar:3.3.4]
	at org.springframework.data.repository.core.support.RepositoryFactorySupport.getRepository(RepositoryFactorySupport.java:357) ~[spring-data-commons-3.3.4.jar:3.3.4]
	at org.springframework.data.repository.core.support.RepositoryFactoryBeanSupport.lambda$afterPropertiesSet$5(RepositoryFactoryBeanSupport.java:286) ~[spring-data-commons-3.3.4.jar:3.3.4]
	at org.springframework.data.util.Lazy.getNullable(Lazy.java:135) ~[spring-data-commons-3.3.4.jar:3.3.4]
	at org.springframework.data.util.Lazy.get(Lazy.java:113) ~[spring-data-commons-3.3.4.jar:3.3.4]
	at org.springframework.data.repository.core.support.RepositoryFactoryBeanSupport.afterPropertiesSet(RepositoryFactoryBeanSupport.java:292) ~[spring-data-commons-3.3.4.jar:3.3.4]
	at org.springframework.data.jpa.repository.support.JpaRepositoryFactoryBean.afterPropertiesSet(JpaRepositoryFactoryBean.java:132) ~[spring-data-jpa-3.3.4.jar:3.3.4]
	at org.springframework.beans.factory.support.AbstractAutowireCapableBeanFactory.invokeInitMethods(AbstractAutowireCapableBeanFactory.java:1853) ~[spring-beans-6.1.13.jar:6.1.13]
	at org.springframework.beans.factory.support.AbstractAutowireCapableBeanFactory.initializeBean(AbstractAutowireCapableBeanFactory.java:1802) ~[spring-beans-6.1.13.jar:6.1.13]
	at org.springframework.beans.factory.support.AbstractAutowireCapableBeanFactory.doCreateBean(AbstractAutowireCapableBeanFactory.java:600) ~[spring-beans-6.1.13.jar:6.1.13]
	at org.springframework.beans.factory.support.AbstractAutowireCapableBeanFactory.createBean(AbstractAutowireCapableBeanFactory.java:522) ~[spring-beans-6.1.13.jar:6.1.13]
	at org.springframework.beans.factory.support.AbstractBeanFactory.lambda$doGetBean$0(AbstractBeanFactory.java:337) ~[spring-beans-6.1.13.jar:6.1.13]
	at org.springframework.beans.factory.support.DefaultSingletonBeanRegistry.getSingleton(DefaultSingletonBeanRegistry.java:234) ~[spring-beans-6.1.13.jar:6.1.13]
	at org.springframework.beans.factory.support.AbstractBeanFactory.doGetBean(AbstractBeanFactory.java:335) ~[spring-beans-6.1.13.jar:6.1.13]
	at org.springframework.beans.factory.support.AbstractBeanFactory.getBean(AbstractBeanFactory.java:200) ~[spring-beans-6.1.13.jar:6.1.13]
	at org.springframework.beans.factory.support.DefaultListableBeanFactory.preInstantiateSingletons(DefaultListableBeanFactory.java:969) ~[spring-beans-6.1.13.jar:6.1.13]
	at org.springframework.context.support.AbstractApplicationContext.finishBeanFactoryInitialization(AbstractApplicationContext.java:971) ~[spring-context-6.1.13.jar:6.1.13]
	at org.springframework.context.support.AbstractApplicationContext.refresh(AbstractApplicationContext.java:625) ~[spring-context-6.1.13.jar:6.1.13]
	at org.springframework.boot.SpringApplication.refresh(SpringApplication.java:754) ~[spring-boot-3.3.4.jar:3.3.4]
	at org.springframework.boot.SpringApplication.refreshContext(SpringApplication.java:456) ~[spring-boot-3.3.4.jar:3.3.4]
	at org.springframework.boot.SpringApplication.run(SpringApplication.java:335) ~[spring-boot-3.3.4.jar:3.3.4]
	at org.springframework.boot.test.context.SpringBootContextLoader.lambda$loadContext$3(SpringBootContextLoader.java:137) ~[spring-boot-test-3.3.4.jar:3.3.4]
	at org.springframework.util.function.ThrowingSupplier.get(ThrowingSupplier.java:58) ~[spring-core-6.1.13.jar:6.1.13]
	at org.springframework.util.function.ThrowingSupplier.get(ThrowingSupplier.java:46) ~[spring-core-6.1.13.jar:6.1.13]
	at org.springframework.boot.SpringApplication.withHook(SpringApplication.java:1463) ~[spring-boot-3.3.4.jar:3.3.4]
	at org.springframework.boot.test.context.SpringBootContextLoader$ContextLoaderHook.run(SpringBootContextLoader.java:553) ~[spring-boot-test-3.3.4.jar:3.3.4]
	at org.springframework.boot.test.context.SpringBootContextLoader.loadContext(SpringBootContextLoader.java:137) ~[spring-boot-test-3.3.4.jar:3.3.4]
	at org.springframework.boot.test.context.SpringBootContextLoader.loadContext(SpringBootContextLoader.java:108) ~[spring-boot-test-3.3.4.jar:3.3.4]
	at org.springframework.test.context.cache.DefaultCacheAwareContextLoaderDelegate.loadContextInternal(DefaultCacheAwareContextLoaderDelegate.java:225) ~[spring-test-6.1.13.jar:6.1.13]
	at org.springframework.test.context.cache.DefaultCacheAwareContextLoaderDelegate.loadContext(DefaultCacheAwareContextLoaderDelegate.java:152) ~[spring-test-6.1.13.jar:6.1.13]
	at org.springframework.test.context.support.DefaultTestContext.getApplicationContext(DefaultTestContext.java:130) ~[spring-test-6.1.13.jar:6.1.13]
	at org.springframework.test.context.web.ServletTestExecutionListener.setUpRequestContextIfNecessary(ServletTestExecutionListener.java:191) ~[spring-test-6.1.13.jar:6.1.13]
	at org.springframework.test.context.web.ServletTestExecutionListener.prepareTestInstance(ServletTestExecutionListener.java:130) ~[spring-test-6.1.13.jar:6.1.13]
	at org.springframework.test.context.TestContextManager.prepareTestInstance(TestContextManager.java:260) ~[spring-test-6.1.13.jar:6.1.13]
	at org.springframework.test.context.junit.jupiter.SpringExtension.postProcessTestInstance(SpringExtension.java:163) ~[spring-test-6.1.13.jar:6.1.13]
	at org.junit.jupiter.engine.descriptor.ClassBasedTestDescriptor.lambda$invokeTestInstancePostProcessors$10(ClassBasedTestDescriptor.java:378) ~[junit-jupiter-engine-5.10.3.jar:5.10.3]
	at org.junit.jupiter.engine.descriptor.ClassBasedTestDescriptor.executeAndMaskThrowable(ClassBasedTestDescriptor.java:383) ~[junit-jupiter-engine-5.10.3.jar:5.10.3]
	at org.junit.jupiter.engine.descriptor.ClassBasedTestDescriptor.lambda$invokeTestInstancePostProcessors$11(ClassBasedTestDescriptor.java:378) ~[junit-jupiter-engine-5.10.3.jar:5.10.3]
	at java.base/java.util.stream.ReferencePipeline$3$1.accept(ReferencePipeline.java:197) ~[na:na]
	at java.base/java.util.stream.ReferencePipeline$2$1.accept(ReferencePipeline.java:179) ~[na:na]
	at java.base/java.util.ArrayList$ArrayListSpliterator.forEachRemaining(ArrayList.java:1625) ~[na:na]
	at java.base/java.util.stream.AbstractPipeline.copyInto(AbstractPipeline.java:509) ~[na:na]
	at java.base/java.util.stream.AbstractPipeline.wrapAndCopyInto(AbstractPipeline.java:499) ~[na:na]
	at java.base/java.util.stream.StreamSpliterators$WrappingSpliterator.forEachRemaining(StreamSpliterators.java:310) ~[na:na]
	at java.base/java.util.stream.Streams$ConcatSpliterator.forEachRemaining(Streams.java:735) ~[na:na]
	at java.base/java.util.stream.Streams$ConcatSpliterator.forEachRemaining(Streams.java:734) ~[na:na]
	at java.base/java.util.stream.ReferencePipeline$Head.forEach(ReferencePipeline.java:762) ~[na:na]
	at org.junit.jupiter.engine.descriptor.ClassBasedTestDescriptor.invokeTestInstancePostProcessors(ClassBasedTestDescriptor.java:377) ~[junit-jupiter-engine-5.10.3.jar:5.10.3]
	at org.junit.jupiter.engine.descriptor.ClassBasedTestDescriptor.lambda$instantiateAndPostProcessTestInstance$6(ClassBasedTestDescriptor.java:290) ~[junit-jupiter-engine-5.10.3.jar:5.10.3]
	at org.junit.platform.engine.support.hierarchical.ThrowableCollector.execute(ThrowableCollector.java:73) ~[junit-platform-engine-1.10.3.jar:1.10.3]
	at org.junit.jupiter.engine.descriptor.ClassBasedTestDescriptor.instantiateAndPostProcessTestInstance(ClassBasedTestDescriptor.java:289) ~[junit-jupiter-engine-5.10.3.jar:5.10.3]
	at org.junit.jupiter.engine.descriptor.ClassBasedTestDescriptor.lambda$testInstancesProvider$4(ClassBasedTestDescriptor.java:279) ~[junit-jupiter-engine-5.10.3.jar:5.10.3]
	at java.base/java.util.Optional.orElseGet(Optional.java:364) ~[na:na]
	at org.junit.jupiter.engine.descriptor.ClassBasedTestDescriptor.lambda$testInstancesProvider$5(ClassBasedTestDescriptor.java:278) ~[junit-jupiter-engine-5.10.3.jar:5.10.3]
	at org.junit.jupiter.engine.execution.TestInstancesProvider.getTestInstances(TestInstancesProvider.java:31) ~[junit-jupiter-engine-5.10.3.jar:5.10.3]
	at org.junit.jupiter.engine.descriptor.TestMethodTestDescriptor.lambda$prepare$0(TestMethodTestDescriptor.java:106) ~[junit-jupiter-engine-5.10.3.jar:5.10.3]
	at org.junit.platform.engine.support.hierarchical.ThrowableCollector.execute(ThrowableCollector.java:73) ~[junit-platform-engine-1.10.3.jar:1.10.3]
	at org.junit.jupiter.engine.descriptor.TestMethodTestDescriptor.prepare(TestMethodTestDescriptor.java:105) ~[junit-jupiter-engine-5.10.3.jar:5.10.3]
	at org.junit.jupiter.engine.descriptor.TestMethodTestDescriptor.prepare(TestMethodTestDescriptor.java:69) ~[junit-jupiter-engine-5.10.3.jar:5.10.3]
	at org.junit.platform.engine.support.hierarchical.NodeTestTask.lambda$prepare$2(NodeTestTask.java:123) ~[junit-platform-engine-1.10.3.jar:1.10.3]
	at org.junit.platform.engine.support.hierarchical.ThrowableCollector.execute(ThrowableCollector.java:73) ~[junit-platform-engine-1.10.3.jar:1.10.3]
	at org.junit.platform.engine.support.hierarchical.NodeTestTask.prepare(NodeTestTask.java:123) ~[junit-platform-engine-1.10.3.jar:1.10.3]
	at org.junit.platform.engine.support.hierarchical.NodeTestTask.execute(NodeTestTask.java:90) ~[junit-platform-engine-1.10.3.jar:1.10.3]
	at java.base/java.util.ArrayList.forEach(ArrayList.java:1511) ~[na:na]
	at org.junit.platform.engine.support.hierarchical.SameThreadHierarchicalTestExecutorService.invokeAll(SameThreadHierarchicalTestExecutorService.java:41) ~[junit-platform-engine-1.10.3.jar:1.10.3]
	at org.junit.platform.engine.support.hierarchical.NodeTestTask.lambda$executeRecursively$6(NodeTestTask.java:155) ~[junit-platform-engine-1.10.3.jar:1.10.3]
	at org.junit.platform.engine.support.hierarchical.ThrowableCollector.execute(ThrowableCollector.java:73) ~[junit-platform-engine-1.10.3.jar:1.10.3]
	at org.junit.platform.engine.support.hierarchical.NodeTestTask.lambda$executeRecursively$8(NodeTestTask.java:141) ~[junit-platform-engine-1.10.3.jar:1.10.3]
	at org.junit.platform.engine.support.hierarchical.Node.around(Node.java:137) ~[junit-platform-engine-1.10.3.jar:1.10.3]
	at org.junit.platform.engine.support.hierarchical.NodeTestTask.lambda$executeRecursively$9(NodeTestTask.java:139) ~[junit-platform-engine-1.10.3.jar:1.10.3]
	at org.junit.platform.engine.support.hierarchical.ThrowableCollector.execute(ThrowableCollector.java:73) ~[junit-platform-engine-1.10.3.jar:1.10.3]
	at org.junit.platform.engine.support.hierarchical.NodeTestTask.executeRecursively(NodeTestTask.java:138) ~[junit-platform-engine-1.10.3.jar:1.10.3]
	at org.junit.platform.engine.support.hierarchical.NodeTestTask.execute(NodeTestTask.java:95) ~[junit-platform-engine-1.10.3.jar:1.10.3]
	at java.base/java.util.ArrayList.forEach(ArrayList.java:1511) ~[na:na]
	at org.junit.platform.engine.support.hierarchical.SameThreadHierarchicalTestExecutorService.invokeAll(SameThreadHierarchicalTestExecutorService.java:41) ~[junit-platform-engine-1.10.3.jar:1.10.3]
	at org.junit.platform.engine.support.hierarchical.NodeTestTask.lambda$executeRecursively$6(NodeTestTask.java:155) ~[junit-platform-engine-1.10.3.jar:1.10.3]
	at org.junit.platform.engine.support.hierarchical.ThrowableCollector.execute(ThrowableCollector.java:73) ~[junit-platform-engine-1.10.3.jar:1.10.3]
	at org.junit.platform.engine.support.hierarchical.NodeTestTask.lambda$executeRecursively$8(NodeTestTask.java:141) ~[junit-platform-engine-1.10.3.jar:1.10.3]
	at org.junit.platform.engine.support.hierarchical.Node.around(Node.java:137) ~[junit-platform-engine-1.10.3.jar:1.10.3]
	at org.junit.platform.engine.support.hierarchical.NodeTestTask.lambda$executeRecursively$9(NodeTestTask.java:139) ~[junit-platform-engine-1.10.3.jar:1.10.3]
	at org.junit.platform.engine.support.hierarchical.ThrowableCollector.execute(ThrowableCollector.java:73) ~[junit-platform-engine-1.10.3.jar:1.10.3]
	at org.junit.platform.engine.support.hierarchical.NodeTestTask.executeRecursively(NodeTestTask.java:138) ~[junit-platform-engine-1.10.3.jar:1.10.3]
	at org.junit.platform.engine.support.hierarchical.NodeTestTask.execute(NodeTestTask.java:95) ~[junit-platform-engine-1.10.3.jar:1.10.3]
	at org.junit.platform.engine.support.hierarchical.SameThreadHierarchicalTestExecutorService.submit(SameThreadHierarchicalTestExecutorService.java:35) ~[junit-platform-engine-1.10.3.jar:1.10.3]
	at org.junit.platform.engine.support.hierarchical.HierarchicalTestExecutor.execute(HierarchicalTestExecutor.java:57) ~[junit-platform-engine-1.10.3.jar:1.10.3]
	at org.junit.platform.engine.support.hierarchical.HierarchicalTestEngine.execute(HierarchicalTestEngine.java:54) ~[junit-platform-engine-1.10.3.jar:1.10.3]
	at org.junit.platform.launcher.core.EngineExecutionOrchestrator.execute(EngineExecutionOrchestrator.java:198) ~[junit-platform-launcher-1.10.3.jar:1.10.3]
	at org.junit.platform.launcher.core.EngineExecutionOrchestrator.execute(EngineExecutionOrchestrator.java:169) ~[junit-platform-launcher-1.10.3.jar:1.10.3]
	at org.junit.platform.launcher.core.EngineExecutionOrchestrator.execute(EngineExecutionOrchestrator.java:93) ~[junit-platform-launcher-1.10.3.jar:1.10.3]
	at org.junit.platform.launcher.core.EngineExecutionOrchestrator.lambda$execute$0(EngineExecutionOrchestrator.java:58) ~[junit-platform-launcher-1.10.3.jar:1.10.3]
	at org.junit.platform.launcher.core.EngineExecutionOrchestrator.withInterceptedStreams(EngineExecutionOrchestrator.java:141) ~[junit-platform-launcher-1.10.3.jar:1.10.3]
	at org.junit.platform.launcher.core.EngineExecutionOrchestrator.execute(EngineExecutionOrchestrator.java:57) ~[junit-platform-launcher-1.10.3.jar:1.10.3]
	at org.junit.platform.launcher.core.DefaultLauncher.execute(DefaultLauncher.java:103) ~[junit-platform-launcher-1.10.3.jar:1.10.3]
	at org.junit.platform.launcher.core.DefaultLauncher.execute(DefaultLauncher.java:85) ~[junit-platform-launcher-1.10.3.jar:1.10.3]
	at org.junit.platform.launcher.core.DelegatingLauncher.execute(DelegatingLauncher.java:47) ~[junit-platform-launcher-1.10.3.jar:1.10.3]
	at org.apache.maven.surefire.junitplatform.LazyLauncher.execute(LazyLauncher.java:56) ~[surefire-junit-platform-3.2.5.jar:3.2.5]
	at org.apache.maven.surefire.junitplatform.JUnitPlatformProvider.execute(JUnitPlatformProvider.java:184) ~[surefire-junit-platform-3.2.5.jar:3.2.5]
	at org.apache.maven.surefire.junitplatform.JUnitPlatformProvider.invokeAllTests(JUnitPlatformProvider.java:148) ~[surefire-junit-platform-3.2.5.jar:3.2.5]
	at org.apache.maven.surefire.junitplatform.JUnitPlatformProvider.invoke(JUnitPlatformProvider.java:122) ~[surefire-junit-platform-3.2.5.jar:3.2.5]
	at org.apache.maven.surefire.booter.ForkedBooter.runSuitesInProcess(ForkedBooter.java:385) ~[surefire-booter-3.2.5.jar:3.2.5]
	at org.apache.maven.surefire.booter.ForkedBooter.execute(ForkedBooter.java:162) ~[surefire-booter-3.2.5.jar:3.2.5]
	at org.apache.maven.surefire.booter.ForkedBooter.run(ForkedBooter.java:507) ~[surefire-booter-3.2.5.jar:3.2.5]
	at org.apache.maven.surefire.booter.ForkedBooter.main(ForkedBooter.java:495) ~[surefire-booter-3.2.5.jar:3.2.5]

2024-12-13T18:05:59.740+05:30 DEBUG 7187 --- [contenttree] [           main] o.s.d.jpa.repository.query.NamedQuery    : Did not find named query Admin.findByEmail
2024-12-13T18:05:59.740+05:30 DEBUG 7187 --- [contenttree] [           main] tor$SharedEntityManagerInvocationHandler : Creating new EntityManager for shared EntityManager invocation
2024-12-13T18:05:59.743+05:30 DEBUG 7187 --- [contenttree] [           main] o.s.d.r.c.s.RepositoryFactorySupport     : Finished creation of repository instance for com.contenttree.admin.AdminRepository.
2024-12-13T18:05:59.743+05:30 DEBUG 7187 --- [contenttree] [           main] o.s.b.f.s.DefaultListableBeanFactory     : Creating shared instance of singleton bean 'jpa.SolutionSetsRepository.fragments#0'
2024-12-13T18:05:59.743+05:30 DEBUG 7187 --- [contenttree] [           main] o.s.b.f.s.DefaultListableBeanFactory     : Creating shared instance of singleton bean 'solutionSetsRepository'
2024-12-13T18:05:59.744+05:30 DEBUG 7187 --- [contenttree] [           main] o.s.b.f.s.DefaultListableBeanFactory     : Creating shared instance of singleton bean 'jpa.named-queries#10'
2024-12-13T18:05:59.744+05:30 DEBUG 7187 --- [contenttree] [           main] tor$SharedEntityManagerInvocationHandler : Creating new EntityManager for shared EntityManager invocation
2024-12-13T18:05:59.744+05:30 DEBUG 7187 --- [contenttree] [           main] o.s.d.r.c.s.RepositoryFactorySupport     : Initializing repository instance for com.contenttree.solutionsets.SolutionSetsRepository…
2024-12-13T18:05:59.744+05:30 DEBUG 7187 --- [contenttree] [           main] tor$SharedEntityManagerInvocationHandler : Creating new EntityManager for shared EntityManager invocation
2024-12-13T18:05:59.745+05:30 DEBUG 7187 --- [contenttree] [           main] o.s.d.jpa.repository.query.NamedQuery    : Looking up named query SolutionSets.findByName
2024-12-13T18:05:59.746+05:30 DEBUG 7187 --- [contenttree] [           main] cResourceLocalTransactionCoordinatorImpl : JDBC transaction marked for rollback-only (exception provided for stack trace)

java.lang.Exception: exception just for purpose of providing stack trace
	at org.hibernate.resource.transaction.backend.jdbc.internal.JdbcResourceLocalTransactionCoordinatorImpl$TransactionDriverControlImpl.markRollbackOnly(JdbcResourceLocalTransactionCoordinatorImpl.java:309) ~[hibernate-core-6.5.3.Final.jar:6.5.3.Final]
	at org.hibernate.internal.AbstractSharedSessionContract.buildNamedQuery(AbstractSharedSessionContract.java:1109) ~[hibernate-core-6.5.3.Final.jar:6.5.3.Final]
	at org.hibernate.internal.AbstractSharedSessionContract.createNamedQuery(AbstractSharedSessionContract.java:987) ~[hibernate-core-6.5.3.Final.jar:6.5.3.Final]
	at org.hibernate.internal.AbstractSharedSessionContract.createNamedQuery(AbstractSharedSessionContract.java:140) ~[hibernate-core-6.5.3.Final.jar:6.5.3.Final]
	at java.base/jdk.internal.reflect.NativeMethodAccessorImpl.invoke0(Native Method) ~[na:na]
	at java.base/jdk.internal.reflect.NativeMethodAccessorImpl.invoke(NativeMethodAccessorImpl.java:77) ~[na:na]
	at java.base/jdk.internal.reflect.DelegatingMethodAccessorImpl.invoke(DelegatingMethodAccessorImpl.java:43) ~[na:na]
	at java.base/java.lang.reflect.Method.invoke(Method.java:568) ~[na:na]
	at org.springframework.orm.jpa.ExtendedEntityManagerCreator$ExtendedEntityManagerInvocationHandler.invoke(ExtendedEntityManagerCreator.java:364) ~[spring-orm-6.1.13.jar:6.1.13]
	at jdk.proxy2/jdk.proxy2.$Proxy159.createNamedQuery(Unknown Source) ~[na:na]
	at org.springframework.data.jpa.repository.query.NamedQuery.hasNamedQuery(NamedQuery.java:112) ~[spring-data-jpa-3.3.4.jar:3.3.4]
	at org.springframework.data.jpa.repository.query.NamedQuery.lookupFrom(NamedQuery.java:138) ~[spring-data-jpa-3.3.4.jar:3.3.4]
	at org.springframework.data.jpa.repository.query.JpaQueryLookupStrategy$DeclaredQueryLookupStrategy.resolveQuery(JpaQueryLookupStrategy.java:180) ~[spring-data-jpa-3.3.4.jar:3.3.4]
	at org.springframework.data.jpa.repository.query.JpaQueryLookupStrategy$CreateIfNotFoundQueryLookupStrategy.resolveQuery(JpaQueryLookupStrategy.java:252) ~[spring-data-jpa-3.3.4.jar:3.3.4]
	at org.springframework.data.jpa.repository.query.JpaQueryLookupStrategy$AbstractQueryLookupStrategy.resolveQuery(JpaQueryLookupStrategy.java:95) ~[spring-data-jpa-3.3.4.jar:3.3.4]
	at org.springframework.data.repository.core.support.QueryExecutorMethodInterceptor.lookupQuery(QueryExecutorMethodInterceptor.java:115) ~[spring-data-commons-3.3.4.jar:3.3.4]
	at org.springframework.data.repository.core.support.QueryExecutorMethodInterceptor.mapMethodsToQuery(QueryExecutorMethodInterceptor.java:103) ~[spring-data-commons-3.3.4.jar:3.3.4]
	at org.springframework.data.repository.core.support.QueryExecutorMethodInterceptor.lambda$new$0(QueryExecutorMethodInterceptor.java:92) ~[spring-data-commons-3.3.4.jar:3.3.4]
	at java.base/java.util.Optional.map(Optional.java:260) ~[na:na]
	at org.springframework.data.repository.core.support.QueryExecutorMethodInterceptor.<init>(QueryExecutorMethodInterceptor.java:92) ~[spring-data-commons-3.3.4.jar:3.3.4]
	at org.springframework.data.repository.core.support.RepositoryFactorySupport.getRepository(RepositoryFactorySupport.java:357) ~[spring-data-commons-3.3.4.jar:3.3.4]
	at org.springframework.data.repository.core.support.RepositoryFactoryBeanSupport.lambda$afterPropertiesSet$5(RepositoryFactoryBeanSupport.java:286) ~[spring-data-commons-3.3.4.jar:3.3.4]
	at org.springframework.data.util.Lazy.getNullable(Lazy.java:135) ~[spring-data-commons-3.3.4.jar:3.3.4]
	at org.springframework.data.util.Lazy.get(Lazy.java:113) ~[spring-data-commons-3.3.4.jar:3.3.4]
	at org.springframework.data.repository.core.support.RepositoryFactoryBeanSupport.afterPropertiesSet(RepositoryFactoryBeanSupport.java:292) ~[spring-data-commons-3.3.4.jar:3.3.4]
	at org.springframework.data.jpa.repository.support.JpaRepositoryFactoryBean.afterPropertiesSet(JpaRepositoryFactoryBean.java:132) ~[spring-data-jpa-3.3.4.jar:3.3.4]
	at org.springframework.beans.factory.support.AbstractAutowireCapableBeanFactory.invokeInitMethods(AbstractAutowireCapableBeanFactory.java:1853) ~[spring-beans-6.1.13.jar:6.1.13]
	at org.springframework.beans.factory.support.AbstractAutowireCapableBeanFactory.initializeBean(AbstractAutowireCapableBeanFactory.java:1802) ~[spring-beans-6.1.13.jar:6.1.13]
	at org.springframework.beans.factory.support.AbstractAutowireCapableBeanFactory.doCreateBean(AbstractAutowireCapableBeanFactory.java:600) ~[spring-beans-6.1.13.jar:6.1.13]
	at org.springframework.beans.factory.support.AbstractAutowireCapableBeanFactory.createBean(AbstractAutowireCapableBeanFactory.java:522) ~[spring-beans-6.1.13.jar:6.1.13]
	at org.springframework.beans.factory.support.AbstractBeanFactory.lambda$doGetBean$0(AbstractBeanFactory.java:337) ~[spring-beans-6.1.13.jar:6.1.13]
	at org.springframework.beans.factory.support.DefaultSingletonBeanRegistry.getSingleton(DefaultSingletonBeanRegistry.java:234) ~[spring-beans-6.1.13.jar:6.1.13]
	at org.springframework.beans.factory.support.AbstractBeanFactory.doGetBean(AbstractBeanFactory.java:335) ~[spring-beans-6.1.13.jar:6.1.13]
	at org.springframework.beans.factory.support.AbstractBeanFactory.getBean(AbstractBeanFactory.java:200) ~[spring-beans-6.1.13.jar:6.1.13]
	at org.springframework.beans.factory.support.DefaultListableBeanFactory.preInstantiateSingletons(DefaultListableBeanFactory.java:969) ~[spring-beans-6.1.13.jar:6.1.13]
	at org.springframework.context.support.AbstractApplicationContext.finishBeanFactoryInitialization(AbstractApplicationContext.java:971) ~[spring-context-6.1.13.jar:6.1.13]
	at org.springframework.context.support.AbstractApplicationContext.refresh(AbstractApplicationContext.java:625) ~[spring-context-6.1.13.jar:6.1.13]
	at org.springframework.boot.SpringApplication.refresh(SpringApplication.java:754) ~[spring-boot-3.3.4.jar:3.3.4]
	at org.springframework.boot.SpringApplication.refreshContext(SpringApplication.java:456) ~[spring-boot-3.3.4.jar:3.3.4]
	at org.springframework.boot.SpringApplication.run(SpringApplication.java:335) ~[spring-boot-3.3.4.jar:3.3.4]
	at org.springframework.boot.test.context.SpringBootContextLoader.lambda$loadContext$3(SpringBootContextLoader.java:137) ~[spring-boot-test-3.3.4.jar:3.3.4]
	at org.springframework.util.function.ThrowingSupplier.get(ThrowingSupplier.java:58) ~[spring-core-6.1.13.jar:6.1.13]
	at org.springframework.util.function.ThrowingSupplier.get(ThrowingSupplier.java:46) ~[spring-core-6.1.13.jar:6.1.13]
	at org.springframework.boot.SpringApplication.withHook(SpringApplication.java:1463) ~[spring-boot-3.3.4.jar:3.3.4]
	at org.springframework.boot.test.context.SpringBootContextLoader$ContextLoaderHook.run(SpringBootContextLoader.java:553) ~[spring-boot-test-3.3.4.jar:3.3.4]
	at org.springframework.boot.test.context.SpringBootContextLoader.loadContext(SpringBootContextLoader.java:137) ~[spring-boot-test-3.3.4.jar:3.3.4]
	at org.springframework.boot.test.context.SpringBootContextLoader.loadContext(SpringBootContextLoader.java:108) ~[spring-boot-test-3.3.4.jar:3.3.4]
	at org.springframework.test.context.cache.DefaultCacheAwareContextLoaderDelegate.loadContextInternal(DefaultCacheAwareContextLoaderDelegate.java:225) ~[spring-test-6.1.13.jar:6.1.13]
	at org.springframework.test.context.cache.DefaultCacheAwareContextLoaderDelegate.loadContext(DefaultCacheAwareContextLoaderDelegate.java:152) ~[spring-test-6.1.13.jar:6.1.13]
	at org.springframework.test.context.support.DefaultTestContext.getApplicationContext(DefaultTestContext.java:130) ~[spring-test-6.1.13.jar:6.1.13]
	at org.springframework.test.context.web.ServletTestExecutionListener.setUpRequestContextIfNecessary(ServletTestExecutionListener.java:191) ~[spring-test-6.1.13.jar:6.1.13]
	at org.springframework.test.context.web.ServletTestExecutionListener.prepareTestInstance(ServletTestExecutionListener.java:130) ~[spring-test-6.1.13.jar:6.1.13]
	at org.springframework.test.context.TestContextManager.prepareTestInstance(TestContextManager.java:260) ~[spring-test-6.1.13.jar:6.1.13]
	at org.springframework.test.context.junit.jupiter.SpringExtension.postProcessTestInstance(SpringExtension.java:163) ~[spring-test-6.1.13.jar:6.1.13]
	at org.junit.jupiter.engine.descriptor.ClassBasedTestDescriptor.lambda$invokeTestInstancePostProcessors$10(ClassBasedTestDescriptor.java:378) ~[junit-jupiter-engine-5.10.3.jar:5.10.3]
	at org.junit.jupiter.engine.descriptor.ClassBasedTestDescriptor.executeAndMaskThrowable(ClassBasedTestDescriptor.java:383) ~[junit-jupiter-engine-5.10.3.jar:5.10.3]
	at org.junit.jupiter.engine.descriptor.ClassBasedTestDescriptor.lambda$invokeTestInstancePostProcessors$11(ClassBasedTestDescriptor.java:378) ~[junit-jupiter-engine-5.10.3.jar:5.10.3]
	at java.base/java.util.stream.ReferencePipeline$3$1.accept(ReferencePipeline.java:197) ~[na:na]
	at java.base/java.util.stream.ReferencePipeline$2$1.accept(ReferencePipeline.java:179) ~[na:na]
	at java.base/java.util.ArrayList$ArrayListSpliterator.forEachRemaining(ArrayList.java:1625) ~[na:na]
	at java.base/java.util.stream.AbstractPipeline.copyInto(AbstractPipeline.java:509) ~[na:na]
	at java.base/java.util.stream.AbstractPipeline.wrapAndCopyInto(AbstractPipeline.java:499) ~[na:na]
	at java.base/java.util.stream.StreamSpliterators$WrappingSpliterator.forEachRemaining(StreamSpliterators.java:310) ~[na:na]
	at java.base/java.util.stream.Streams$ConcatSpliterator.forEachRemaining(Streams.java:735) ~[na:na]
	at java.base/java.util.stream.Streams$ConcatSpliterator.forEachRemaining(Streams.java:734) ~[na:na]
	at java.base/java.util.stream.ReferencePipeline$Head.forEach(ReferencePipeline.java:762) ~[na:na]
	at org.junit.jupiter.engine.descriptor.ClassBasedTestDescriptor.invokeTestInstancePostProcessors(ClassBasedTestDescriptor.java:377) ~[junit-jupiter-engine-5.10.3.jar:5.10.3]
	at org.junit.jupiter.engine.descriptor.ClassBasedTestDescriptor.lambda$instantiateAndPostProcessTestInstance$6(ClassBasedTestDescriptor.java:290) ~[junit-jupiter-engine-5.10.3.jar:5.10.3]
	at org.junit.platform.engine.support.hierarchical.ThrowableCollector.execute(ThrowableCollector.java:73) ~[junit-platform-engine-1.10.3.jar:1.10.3]
	at org.junit.jupiter.engine.descriptor.ClassBasedTestDescriptor.instantiateAndPostProcessTestInstance(ClassBasedTestDescriptor.java:289) ~[junit-jupiter-engine-5.10.3.jar:5.10.3]
	at org.junit.jupiter.engine.descriptor.ClassBasedTestDescriptor.lambda$testInstancesProvider$4(ClassBasedTestDescriptor.java:279) ~[junit-jupiter-engine-5.10.3.jar:5.10.3]
	at java.base/java.util.Optional.orElseGet(Optional.java:364) ~[na:na]
	at org.junit.jupiter.engine.descriptor.ClassBasedTestDescriptor.lambda$testInstancesProvider$5(ClassBasedTestDescriptor.java:278) ~[junit-jupiter-engine-5.10.3.jar:5.10.3]
	at org.junit.jupiter.engine.execution.TestInstancesProvider.getTestInstances(TestInstancesProvider.java:31) ~[junit-jupiter-engine-5.10.3.jar:5.10.3]
	at org.junit.jupiter.engine.descriptor.TestMethodTestDescriptor.lambda$prepare$0(TestMethodTestDescriptor.java:106) ~[junit-jupiter-engine-5.10.3.jar:5.10.3]
	at org.junit.platform.engine.support.hierarchical.ThrowableCollector.execute(ThrowableCollector.java:73) ~[junit-platform-engine-1.10.3.jar:1.10.3]
	at org.junit.jupiter.engine.descriptor.TestMethodTestDescriptor.prepare(TestMethodTestDescriptor.java:105) ~[junit-jupiter-engine-5.10.3.jar:5.10.3]
	at org.junit.jupiter.engine.descriptor.TestMethodTestDescriptor.prepare(TestMethodTestDescriptor.java:69) ~[junit-jupiter-engine-5.10.3.jar:5.10.3]
	at org.junit.platform.engine.support.hierarchical.NodeTestTask.lambda$prepare$2(NodeTestTask.java:123) ~[junit-platform-engine-1.10.3.jar:1.10.3]
	at org.junit.platform.engine.support.hierarchical.ThrowableCollector.execute(ThrowableCollector.java:73) ~[junit-platform-engine-1.10.3.jar:1.10.3]
	at org.junit.platform.engine.support.hierarchical.NodeTestTask.prepare(NodeTestTask.java:123) ~[junit-platform-engine-1.10.3.jar:1.10.3]
	at org.junit.platform.engine.support.hierarchical.NodeTestTask.execute(NodeTestTask.java:90) ~[junit-platform-engine-1.10.3.jar:1.10.3]
	at java.base/java.util.ArrayList.forEach(ArrayList.java:1511) ~[na:na]
	at org.junit.platform.engine.support.hierarchical.SameThreadHierarchicalTestExecutorService.invokeAll(SameThreadHierarchicalTestExecutorService.java:41) ~[junit-platform-engine-1.10.3.jar:1.10.3]
	at org.junit.platform.engine.support.hierarchical.NodeTestTask.lambda$executeRecursively$6(NodeTestTask.java:155) ~[junit-platform-engine-1.10.3.jar:1.10.3]
	at org.junit.platform.engine.support.hierarchical.ThrowableCollector.execute(ThrowableCollector.java:73) ~[junit-platform-engine-1.10.3.jar:1.10.3]
	at org.junit.platform.engine.support.hierarchical.NodeTestTask.lambda$executeRecursively$8(NodeTestTask.java:141) ~[junit-platform-engine-1.10.3.jar:1.10.3]
	at org.junit.platform.engine.support.hierarchical.Node.around(Node.java:137) ~[junit-platform-engine-1.10.3.jar:1.10.3]
	at org.junit.platform.engine.support.hierarchical.NodeTestTask.lambda$executeRecursively$9(NodeTestTask.java:139) ~[junit-platform-engine-1.10.3.jar:1.10.3]
	at org.junit.platform.engine.support.hierarchical.ThrowableCollector.execute(ThrowableCollector.java:73) ~[junit-platform-engine-1.10.3.jar:1.10.3]
	at org.junit.platform.engine.support.hierarchical.NodeTestTask.executeRecursively(NodeTestTask.java:138) ~[junit-platform-engine-1.10.3.jar:1.10.3]
	at org.junit.platform.engine.support.hierarchical.NodeTestTask.execute(NodeTestTask.java:95) ~[junit-platform-engine-1.10.3.jar:1.10.3]
	at java.base/java.util.ArrayList.forEach(ArrayList.java:1511) ~[na:na]
	at org.junit.platform.engine.support.hierarchical.SameThreadHierarchicalTestExecutorService.invokeAll(SameThreadHierarchicalTestExecutorService.java:41) ~[junit-platform-engine-1.10.3.jar:1.10.3]
	at org.junit.platform.engine.support.hierarchical.NodeTestTask.lambda$executeRecursively$6(NodeTestTask.java:155) ~[junit-platform-engine-1.10.3.jar:1.10.3]
	at org.junit.platform.engine.support.hierarchical.ThrowableCollector.execute(ThrowableCollector.java:73) ~[junit-platform-engine-1.10.3.jar:1.10.3]
	at org.junit.platform.engine.support.hierarchical.NodeTestTask.lambda$executeRecursively$8(NodeTestTask.java:141) ~[junit-platform-engine-1.10.3.jar:1.10.3]
	at org.junit.platform.engine.support.hierarchical.Node.around(Node.java:137) ~[junit-platform-engine-1.10.3.jar:1.10.3]
	at org.junit.platform.engine.support.hierarchical.NodeTestTask.lambda$executeRecursively$9(NodeTestTask.java:139) ~[junit-platform-engine-1.10.3.jar:1.10.3]
	at org.junit.platform.engine.support.hierarchical.ThrowableCollector.execute(ThrowableCollector.java:73) ~[junit-platform-engine-1.10.3.jar:1.10.3]
	at org.junit.platform.engine.support.hierarchical.NodeTestTask.executeRecursively(NodeTestTask.java:138) ~[junit-platform-engine-1.10.3.jar:1.10.3]
	at org.junit.platform.engine.support.hierarchical.NodeTestTask.execute(NodeTestTask.java:95) ~[junit-platform-engine-1.10.3.jar:1.10.3]
	at org.junit.platform.engine.support.hierarchical.SameThreadHierarchicalTestExecutorService.submit(SameThreadHierarchicalTestExecutorService.java:35) ~[junit-platform-engine-1.10.3.jar:1.10.3]
	at org.junit.platform.engine.support.hierarchical.HierarchicalTestExecutor.execute(HierarchicalTestExecutor.java:57) ~[junit-platform-engine-1.10.3.jar:1.10.3]
	at org.junit.platform.engine.support.hierarchical.HierarchicalTestEngine.execute(HierarchicalTestEngine.java:54) ~[junit-platform-engine-1.10.3.jar:1.10.3]
	at org.junit.platform.launcher.core.EngineExecutionOrchestrator.execute(EngineExecutionOrchestrator.java:198) ~[junit-platform-launcher-1.10.3.jar:1.10.3]
	at org.junit.platform.launcher.core.EngineExecutionOrchestrator.execute(EngineExecutionOrchestrator.java:169) ~[junit-platform-launcher-1.10.3.jar:1.10.3]
	at org.junit.platform.launcher.core.EngineExecutionOrchestrator.execute(EngineExecutionOrchestrator.java:93) ~[junit-platform-launcher-1.10.3.jar:1.10.3]
	at org.junit.platform.launcher.core.EngineExecutionOrchestrator.lambda$execute$0(EngineExecutionOrchestrator.java:58) ~[junit-platform-launcher-1.10.3.jar:1.10.3]
	at org.junit.platform.launcher.core.EngineExecutionOrchestrator.withInterceptedStreams(EngineExecutionOrchestrator.java:141) ~[junit-platform-launcher-1.10.3.jar:1.10.3]
	at org.junit.platform.launcher.core.EngineExecutionOrchestrator.execute(EngineExecutionOrchestrator.java:57) ~[junit-platform-launcher-1.10.3.jar:1.10.3]
	at org.junit.platform.launcher.core.DefaultLauncher.execute(DefaultLauncher.java:103) ~[junit-platform-launcher-1.10.3.jar:1.10.3]
	at org.junit.platform.launcher.core.DefaultLauncher.execute(DefaultLauncher.java:85) ~[junit-platform-launcher-1.10.3.jar:1.10.3]
	at org.junit.platform.launcher.core.DelegatingLauncher.execute(DelegatingLauncher.java:47) ~[junit-platform-launcher-1.10.3.jar:1.10.3]
	at org.apache.maven.surefire.junitplatform.LazyLauncher.execute(LazyLauncher.java:56) ~[surefire-junit-platform-3.2.5.jar:3.2.5]
	at org.apache.maven.surefire.junitplatform.JUnitPlatformProvider.execute(JUnitPlatformProvider.java:184) ~[surefire-junit-platform-3.2.5.jar:3.2.5]
	at org.apache.maven.surefire.junitplatform.JUnitPlatformProvider.invokeAllTests(JUnitPlatformProvider.java:148) ~[surefire-junit-platform-3.2.5.jar:3.2.5]
	at org.apache.maven.surefire.junitplatform.JUnitPlatformProvider.invoke(JUnitPlatformProvider.java:122) ~[surefire-junit-platform-3.2.5.jar:3.2.5]
	at org.apache.maven.surefire.booter.ForkedBooter.runSuitesInProcess(ForkedBooter.java:385) ~[surefire-booter-3.2.5.jar:3.2.5]
	at org.apache.maven.surefire.booter.ForkedBooter.execute(ForkedBooter.java:162) ~[surefire-booter-3.2.5.jar:3.2.5]
	at org.apache.maven.surefire.booter.ForkedBooter.run(ForkedBooter.java:507) ~[surefire-booter-3.2.5.jar:3.2.5]
	at org.apache.maven.surefire.booter.ForkedBooter.main(ForkedBooter.java:495) ~[surefire-booter-3.2.5.jar:3.2.5]

2024-12-13T18:05:59.746+05:30 DEBUG 7187 --- [contenttree] [           main] o.s.d.jpa.repository.query.NamedQuery    : Did not find named query SolutionSets.findByName
2024-12-13T18:05:59.746+05:30 DEBUG 7187 --- [contenttree] [           main] tor$SharedEntityManagerInvocationHandler : Creating new EntityManager for shared EntityManager invocation
2024-12-13T18:05:59.750+05:30 DEBUG 7187 --- [contenttree] [           main] cResourceLocalTransactionCoordinatorImpl : JDBC transaction marked for rollback-only (exception provided for stack trace)

java.lang.Exception: exception just for purpose of providing stack trace
	at org.hibernate.resource.transaction.backend.jdbc.internal.JdbcResourceLocalTransactionCoordinatorImpl$TransactionDriverControlImpl.markRollbackOnly(JdbcResourceLocalTransactionCoordinatorImpl.java:309) ~[hibernate-core-6.5.3.Final.jar:6.5.3.Final]
	at org.hibernate.internal.AbstractSharedSessionContract.buildNamedQuery(AbstractSharedSessionContract.java:1109) ~[hibernate-core-6.5.3.Final.jar:6.5.3.Final]
	at org.hibernate.internal.AbstractSharedSessionContract.createNamedQuery(AbstractSharedSessionContract.java:987) ~[hibernate-core-6.5.3.Final.jar:6.5.3.Final]
	at org.hibernate.internal.AbstractSharedSessionContract.createNamedQuery(AbstractSharedSessionContract.java:140) ~[hibernate-core-6.5.3.Final.jar:6.5.3.Final]
	at java.base/jdk.internal.reflect.NativeMethodAccessorImpl.invoke0(Native Method) ~[na:na]
	at java.base/jdk.internal.reflect.NativeMethodAccessorImpl.invoke(NativeMethodAccessorImpl.java:77) ~[na:na]
	at java.base/jdk.internal.reflect.DelegatingMethodAccessorImpl.invoke(DelegatingMethodAccessorImpl.java:43) ~[na:na]
	at java.base/java.lang.reflect.Method.invoke(Method.java:568) ~[na:na]
	at org.springframework.orm.jpa.ExtendedEntityManagerCreator$ExtendedEntityManagerInvocationHandler.invoke(ExtendedEntityManagerCreator.java:364) ~[spring-orm-6.1.13.jar:6.1.13]
	at jdk.proxy2/jdk.proxy2.$Proxy159.createNamedQuery(Unknown Source) ~[na:na]
	at org.springframework.data.jpa.repository.query.NamedQuery.hasNamedQuery(NamedQuery.java:112) ~[spring-data-jpa-3.3.4.jar:3.3.4]
	at org.springframework.data.jpa.repository.query.JpaQueryLookupStrategy$DeclaredQueryLookupStrategy.getCountQuery(JpaQueryLookupStrategy.java:204) ~[spring-data-jpa-3.3.4.jar:3.3.4]
	at org.springframework.data.jpa.repository.query.JpaQueryLookupStrategy$DeclaredQueryLookupStrategy.resolveQuery(JpaQueryLookupStrategy.java:171) ~[spring-data-jpa-3.3.4.jar:3.3.4]
	at org.springframework.data.jpa.repository.query.JpaQueryLookupStrategy$CreateIfNotFoundQueryLookupStrategy.resolveQuery(JpaQueryLookupStrategy.java:252) ~[spring-data-jpa-3.3.4.jar:3.3.4]
	at org.springframework.data.jpa.repository.query.JpaQueryLookupStrategy$AbstractQueryLookupStrategy.resolveQuery(JpaQueryLookupStrategy.java:95) ~[spring-data-jpa-3.3.4.jar:3.3.4]
	at org.springframework.data.repository.core.support.QueryExecutorMethodInterceptor.lookupQuery(QueryExecutorMethodInterceptor.java:115) ~[spring-data-commons-3.3.4.jar:3.3.4]
	at org.springframework.data.repository.core.support.QueryExecutorMethodInterceptor.mapMethodsToQuery(QueryExecutorMethodInterceptor.java:103) ~[spring-data-commons-3.3.4.jar:3.3.4]
	at org.springframework.data.repository.core.support.QueryExecutorMethodInterceptor.lambda$new$0(QueryExecutorMethodInterceptor.java:92) ~[spring-data-commons-3.3.4.jar:3.3.4]
	at java.base/java.util.Optional.map(Optional.java:260) ~[na:na]
	at org.springframework.data.repository.core.support.QueryExecutorMethodInterceptor.<init>(QueryExecutorMethodInterceptor.java:92) ~[spring-data-commons-3.3.4.jar:3.3.4]
	at org.springframework.data.repository.core.support.RepositoryFactorySupport.getRepository(RepositoryFactorySupport.java:357) ~[spring-data-commons-3.3.4.jar:3.3.4]
	at org.springframework.data.repository.core.support.RepositoryFactoryBeanSupport.lambda$afterPropertiesSet$5(RepositoryFactoryBeanSupport.java:286) ~[spring-data-commons-3.3.4.jar:3.3.4]
	at org.springframework.data.util.Lazy.getNullable(Lazy.java:135) ~[spring-data-commons-3.3.4.jar:3.3.4]
	at org.springframework.data.util.Lazy.get(Lazy.java:113) ~[spring-data-commons-3.3.4.jar:3.3.4]
	at org.springframework.data.repository.core.support.RepositoryFactoryBeanSupport.afterPropertiesSet(RepositoryFactoryBeanSupport.java:292) ~[spring-data-commons-3.3.4.jar:3.3.4]
	at org.springframework.data.jpa.repository.support.JpaRepositoryFactoryBean.afterPropertiesSet(JpaRepositoryFactoryBean.java:132) ~[spring-data-jpa-3.3.4.jar:3.3.4]
	at org.springframework.beans.factory.support.AbstractAutowireCapableBeanFactory.invokeInitMethods(AbstractAutowireCapableBeanFactory.java:1853) ~[spring-beans-6.1.13.jar:6.1.13]
	at org.springframework.beans.factory.support.AbstractAutowireCapableBeanFactory.initializeBean(AbstractAutowireCapableBeanFactory.java:1802) ~[spring-beans-6.1.13.jar:6.1.13]
	at org.springframework.beans.factory.support.AbstractAutowireCapableBeanFactory.doCreateBean(AbstractAutowireCapableBeanFactory.java:600) ~[spring-beans-6.1.13.jar:6.1.13]
	at org.springframework.beans.factory.support.AbstractAutowireCapableBeanFactory.createBean(AbstractAutowireCapableBeanFactory.java:522) ~[spring-beans-6.1.13.jar:6.1.13]
	at org.springframework.beans.factory.support.AbstractBeanFactory.lambda$doGetBean$0(AbstractBeanFactory.java:337) ~[spring-beans-6.1.13.jar:6.1.13]
	at org.springframework.beans.factory.support.DefaultSingletonBeanRegistry.getSingleton(DefaultSingletonBeanRegistry.java:234) ~[spring-beans-6.1.13.jar:6.1.13]
	at org.springframework.beans.factory.support.AbstractBeanFactory.doGetBean(AbstractBeanFactory.java:335) ~[spring-beans-6.1.13.jar:6.1.13]
	at org.springframework.beans.factory.support.AbstractBeanFactory.getBean(AbstractBeanFactory.java:200) ~[spring-beans-6.1.13.jar:6.1.13]
	at org.springframework.beans.factory.support.DefaultListableBeanFactory.preInstantiateSingletons(DefaultListableBeanFactory.java:969) ~[spring-beans-6.1.13.jar:6.1.13]
	at org.springframework.context.support.AbstractApplicationContext.finishBeanFactoryInitialization(AbstractApplicationContext.java:971) ~[spring-context-6.1.13.jar:6.1.13]
	at org.springframework.context.support.AbstractApplicationContext.refresh(AbstractApplicationContext.java:625) ~[spring-context-6.1.13.jar:6.1.13]
	at org.springframework.boot.SpringApplication.refresh(SpringApplication.java:754) ~[spring-boot-3.3.4.jar:3.3.4]
	at org.springframework.boot.SpringApplication.refreshContext(SpringApplication.java:456) ~[spring-boot-3.3.4.jar:3.3.4]
	at org.springframework.boot.SpringApplication.run(SpringApplication.java:335) ~[spring-boot-3.3.4.jar:3.3.4]
	at org.springframework.boot.test.context.SpringBootContextLoader.lambda$loadContext$3(SpringBootContextLoader.java:137) ~[spring-boot-test-3.3.4.jar:3.3.4]
	at org.springframework.util.function.ThrowingSupplier.get(ThrowingSupplier.java:58) ~[spring-core-6.1.13.jar:6.1.13]
	at org.springframework.util.function.ThrowingSupplier.get(ThrowingSupplier.java:46) ~[spring-core-6.1.13.jar:6.1.13]
	at org.springframework.boot.SpringApplication.withHook(SpringApplication.java:1463) ~[spring-boot-3.3.4.jar:3.3.4]
	at org.springframework.boot.test.context.SpringBootContextLoader$ContextLoaderHook.run(SpringBootContextLoader.java:553) ~[spring-boot-test-3.3.4.jar:3.3.4]
	at org.springframework.boot.test.context.SpringBootContextLoader.loadContext(SpringBootContextLoader.java:137) ~[spring-boot-test-3.3.4.jar:3.3.4]
	at org.springframework.boot.test.context.SpringBootContextLoader.loadContext(SpringBootContextLoader.java:108) ~[spring-boot-test-3.3.4.jar:3.3.4]
	at org.springframework.test.context.cache.DefaultCacheAwareContextLoaderDelegate.loadContextInternal(DefaultCacheAwareContextLoaderDelegate.java:225) ~[spring-test-6.1.13.jar:6.1.13]
	at org.springframework.test.context.cache.DefaultCacheAwareContextLoaderDelegate.loadContext(DefaultCacheAwareContextLoaderDelegate.java:152) ~[spring-test-6.1.13.jar:6.1.13]
	at org.springframework.test.context.support.DefaultTestContext.getApplicationContext(DefaultTestContext.java:130) ~[spring-test-6.1.13.jar:6.1.13]
	at org.springframework.test.context.web.ServletTestExecutionListener.setUpRequestContextIfNecessary(ServletTestExecutionListener.java:191) ~[spring-test-6.1.13.jar:6.1.13]
	at org.springframework.test.context.web.ServletTestExecutionListener.prepareTestInstance(ServletTestExecutionListener.java:130) ~[spring-test-6.1.13.jar:6.1.13]
	at org.springframework.test.context.TestContextManager.prepareTestInstance(TestContextManager.java:260) ~[spring-test-6.1.13.jar:6.1.13]
	at org.springframework.test.context.junit.jupiter.SpringExtension.postProcessTestInstance(SpringExtension.java:163) ~[spring-test-6.1.13.jar:6.1.13]
	at org.junit.jupiter.engine.descriptor.ClassBasedTestDescriptor.lambda$invokeTestInstancePostProcessors$10(ClassBasedTestDescriptor.java:378) ~[junit-jupiter-engine-5.10.3.jar:5.10.3]
	at org.junit.jupiter.engine.descriptor.ClassBasedTestDescriptor.executeAndMaskThrowable(ClassBasedTestDescriptor.java:383) ~[junit-jupiter-engine-5.10.3.jar:5.10.3]
	at org.junit.jupiter.engine.descriptor.ClassBasedTestDescriptor.lambda$invokeTestInstancePostProcessors$11(ClassBasedTestDescriptor.java:378) ~[junit-jupiter-engine-5.10.3.jar:5.10.3]
	at java.base/java.util.stream.ReferencePipeline$3$1.accept(ReferencePipeline.java:197) ~[na:na]
	at java.base/java.util.stream.ReferencePipeline$2$1.accept(ReferencePipeline.java:179) ~[na:na]
	at java.base/java.util.ArrayList$ArrayListSpliterator.forEachRemaining(ArrayList.java:1625) ~[na:na]
	at java.base/java.util.stream.AbstractPipeline.copyInto(AbstractPipeline.java:509) ~[na:na]
	at java.base/java.util.stream.AbstractPipeline.wrapAndCopyInto(AbstractPipeline.java:499) ~[na:na]
	at java.base/java.util.stream.StreamSpliterators$WrappingSpliterator.forEachRemaining(StreamSpliterators.java:310) ~[na:na]
	at java.base/java.util.stream.Streams$ConcatSpliterator.forEachRemaining(Streams.java:735) ~[na:na]
	at java.base/java.util.stream.Streams$ConcatSpliterator.forEachRemaining(Streams.java:734) ~[na:na]
	at java.base/java.util.stream.ReferencePipeline$Head.forEach(ReferencePipeline.java:762) ~[na:na]
	at org.junit.jupiter.engine.descriptor.ClassBasedTestDescriptor.invokeTestInstancePostProcessors(ClassBasedTestDescriptor.java:377) ~[junit-jupiter-engine-5.10.3.jar:5.10.3]
	at org.junit.jupiter.engine.descriptor.ClassBasedTestDescriptor.lambda$instantiateAndPostProcessTestInstance$6(ClassBasedTestDescriptor.java:290) ~[junit-jupiter-engine-5.10.3.jar:5.10.3]
	at org.junit.platform.engine.support.hierarchical.ThrowableCollector.execute(ThrowableCollector.java:73) ~[junit-platform-engine-1.10.3.jar:1.10.3]
	at org.junit.jupiter.engine.descriptor.ClassBasedTestDescriptor.instantiateAndPostProcessTestInstance(ClassBasedTestDescriptor.java:289) ~[junit-jupiter-engine-5.10.3.jar:5.10.3]
	at org.junit.jupiter.engine.descriptor.ClassBasedTestDescriptor.lambda$testInstancesProvider$4(ClassBasedTestDescriptor.java:279) ~[junit-jupiter-engine-5.10.3.jar:5.10.3]
	at java.base/java.util.Optional.orElseGet(Optional.java:364) ~[na:na]
	at org.junit.jupiter.engine.descriptor.ClassBasedTestDescriptor.lambda$testInstancesProvider$5(ClassBasedTestDescriptor.java:278) ~[junit-jupiter-engine-5.10.3.jar:5.10.3]
	at org.junit.jupiter.engine.execution.TestInstancesProvider.getTestInstances(TestInstancesProvider.java:31) ~[junit-jupiter-engine-5.10.3.jar:5.10.3]
	at org.junit.jupiter.engine.descriptor.TestMethodTestDescriptor.lambda$prepare$0(TestMethodTestDescriptor.java:106) ~[junit-jupiter-engine-5.10.3.jar:5.10.3]
	at org.junit.platform.engine.support.hierarchical.ThrowableCollector.execute(ThrowableCollector.java:73) ~[junit-platform-engine-1.10.3.jar:1.10.3]
	at org.junit.jupiter.engine.descriptor.TestMethodTestDescriptor.prepare(TestMethodTestDescriptor.java:105) ~[junit-jupiter-engine-5.10.3.jar:5.10.3]
	at org.junit.jupiter.engine.descriptor.TestMethodTestDescriptor.prepare(TestMethodTestDescriptor.java:69) ~[junit-jupiter-engine-5.10.3.jar:5.10.3]
	at org.junit.platform.engine.support.hierarchical.NodeTestTask.lambda$prepare$2(NodeTestTask.java:123) ~[junit-platform-engine-1.10.3.jar:1.10.3]
	at org.junit.platform.engine.support.hierarchical.ThrowableCollector.execute(ThrowableCollector.java:73) ~[junit-platform-engine-1.10.3.jar:1.10.3]
	at org.junit.platform.engine.support.hierarchical.NodeTestTask.prepare(NodeTestTask.java:123) ~[junit-platform-engine-1.10.3.jar:1.10.3]
	at org.junit.platform.engine.support.hierarchical.NodeTestTask.execute(NodeTestTask.java:90) ~[junit-platform-engine-1.10.3.jar:1.10.3]
	at java.base/java.util.ArrayList.forEach(ArrayList.java:1511) ~[na:na]
	at org.junit.platform.engine.support.hierarchical.SameThreadHierarchicalTestExecutorService.invokeAll(SameThreadHierarchicalTestExecutorService.java:41) ~[junit-platform-engine-1.10.3.jar:1.10.3]
	at org.junit.platform.engine.support.hierarchical.NodeTestTask.lambda$executeRecursively$6(NodeTestTask.java:155) ~[junit-platform-engine-1.10.3.jar:1.10.3]
	at org.junit.platform.engine.support.hierarchical.ThrowableCollector.execute(ThrowableCollector.java:73) ~[junit-platform-engine-1.10.3.jar:1.10.3]
	at org.junit.platform.engine.support.hierarchical.NodeTestTask.lambda$executeRecursively$8(NodeTestTask.java:141) ~[junit-platform-engine-1.10.3.jar:1.10.3]
	at org.junit.platform.engine.support.hierarchical.Node.around(Node.java:137) ~[junit-platform-engine-1.10.3.jar:1.10.3]
	at org.junit.platform.engine.support.hierarchical.NodeTestTask.lambda$executeRecursively$9(NodeTestTask.java:139) ~[junit-platform-engine-1.10.3.jar:1.10.3]
	at org.junit.platform.engine.support.hierarchical.ThrowableCollector.execute(ThrowableCollector.java:73) ~[junit-platform-engine-1.10.3.jar:1.10.3]
	at org.junit.platform.engine.support.hierarchical.NodeTestTask.executeRecursively(NodeTestTask.java:138) ~[junit-platform-engine-1.10.3.jar:1.10.3]
	at org.junit.platform.engine.support.hierarchical.NodeTestTask.execute(NodeTestTask.java:95) ~[junit-platform-engine-1.10.3.jar:1.10.3]
	at java.base/java.util.ArrayList.forEach(ArrayList.java:1511) ~[na:na]
	at org.junit.platform.engine.support.hierarchical.SameThreadHierarchicalTestExecutorService.invokeAll(SameThreadHierarchicalTestExecutorService.java:41) ~[junit-platform-engine-1.10.3.jar:1.10.3]
	at org.junit.platform.engine.support.hierarchical.NodeTestTask.lambda$executeRecursively$6(NodeTestTask.java:155) ~[junit-platform-engine-1.10.3.jar:1.10.3]
	at org.junit.platform.engine.support.hierarchical.ThrowableCollector.execute(ThrowableCollector.java:73) ~[junit-platform-engine-1.10.3.jar:1.10.3]
	at org.junit.platform.engine.support.hierarchical.NodeTestTask.lambda$executeRecursively$8(NodeTestTask.java:141) ~[junit-platform-engine-1.10.3.jar:1.10.3]
	at org.junit.platform.engine.support.hierarchical.Node.around(Node.java:137) ~[junit-platform-engine-1.10.3.jar:1.10.3]
	at org.junit.platform.engine.support.hierarchical.NodeTestTask.lambda$executeRecursively$9(NodeTestTask.java:139) ~[junit-platform-engine-1.10.3.jar:1.10.3]
	at org.junit.platform.engine.support.hierarchical.ThrowableCollector.execute(ThrowableCollector.java:73) ~[junit-platform-engine-1.10.3.jar:1.10.3]
	at org.junit.platform.engine.support.hierarchical.NodeTestTask.executeRecursively(NodeTestTask.java:138) ~[junit-platform-engine-1.10.3.jar:1.10.3]
	at org.junit.platform.engine.support.hierarchical.NodeTestTask.execute(NodeTestTask.java:95) ~[junit-platform-engine-1.10.3.jar:1.10.3]
	at org.junit.platform.engine.support.hierarchical.SameThreadHierarchicalTestExecutorService.submit(SameThreadHierarchicalTestExecutorService.java:35) ~[junit-platform-engine-1.10.3.jar:1.10.3]
	at org.junit.platform.engine.support.hierarchical.HierarchicalTestExecutor.execute(HierarchicalTestExecutor.java:57) ~[junit-platform-engine-1.10.3.jar:1.10.3]
	at org.junit.platform.engine.support.hierarchical.HierarchicalTestEngine.execute(HierarchicalTestEngine.java:54) ~[junit-platform-engine-1.10.3.jar:1.10.3]
	at org.junit.platform.launcher.core.EngineExecutionOrchestrator.execute(EngineExecutionOrchestrator.java:198) ~[junit-platform-launcher-1.10.3.jar:1.10.3]
	at org.junit.platform.launcher.core.EngineExecutionOrchestrator.execute(EngineExecutionOrchestrator.java:169) ~[junit-platform-launcher-1.10.3.jar:1.10.3]
	at org.junit.platform.launcher.core.EngineExecutionOrchestrator.execute(EngineExecutionOrchestrator.java:93) ~[junit-platform-launcher-1.10.3.jar:1.10.3]
	at org.junit.platform.launcher.core.EngineExecutionOrchestrator.lambda$execute$0(EngineExecutionOrchestrator.java:58) ~[junit-platform-launcher-1.10.3.jar:1.10.3]
	at org.junit.platform.launcher.core.EngineExecutionOrchestrator.withInterceptedStreams(EngineExecutionOrchestrator.java:141) ~[junit-platform-launcher-1.10.3.jar:1.10.3]
	at org.junit.platform.launcher.core.EngineExecutionOrchestrator.execute(EngineExecutionOrchestrator.java:57) ~[junit-platform-launcher-1.10.3.jar:1.10.3]
	at org.junit.platform.launcher.core.DefaultLauncher.execute(DefaultLauncher.java:103) ~[junit-platform-launcher-1.10.3.jar:1.10.3]
	at org.junit.platform.launcher.core.DefaultLauncher.execute(DefaultLauncher.java:85) ~[junit-platform-launcher-1.10.3.jar:1.10.3]
	at org.junit.platform.launcher.core.DelegatingLauncher.execute(DelegatingLauncher.java:47) ~[junit-platform-launcher-1.10.3.jar:1.10.3]
	at org.apache.maven.surefire.junitplatform.LazyLauncher.execute(LazyLauncher.java:56) ~[surefire-junit-platform-3.2.5.jar:3.2.5]
	at org.apache.maven.surefire.junitplatform.JUnitPlatformProvider.execute(JUnitPlatformProvider.java:184) ~[surefire-junit-platform-3.2.5.jar:3.2.5]
	at org.apache.maven.surefire.junitplatform.JUnitPlatformProvider.invokeAllTests(JUnitPlatformProvider.java:148) ~[surefire-junit-platform-3.2.5.jar:3.2.5]
	at org.apache.maven.surefire.junitplatform.JUnitPlatformProvider.invoke(JUnitPlatformProvider.java:122) ~[surefire-junit-platform-3.2.5.jar:3.2.5]
	at org.apache.maven.surefire.booter.ForkedBooter.runSuitesInProcess(ForkedBooter.java:385) ~[surefire-booter-3.2.5.jar:3.2.5]
	at org.apache.maven.surefire.booter.ForkedBooter.execute(ForkedBooter.java:162) ~[surefire-booter-3.2.5.jar:3.2.5]
	at org.apache.maven.surefire.booter.ForkedBooter.run(ForkedBooter.java:507) ~[surefire-booter-3.2.5.jar:3.2.5]
	at org.apache.maven.surefire.booter.ForkedBooter.main(ForkedBooter.java:495) ~[surefire-booter-3.2.5.jar:3.2.5]

2024-12-13T18:05:59.750+05:30 DEBUG 7187 --- [contenttree] [           main] o.s.d.jpa.repository.query.NamedQuery    : Did not find named query SolutionSets.findByUploadedBy.count
2024-12-13T18:05:59.750+05:30 DEBUG 7187 --- [contenttree] [           main] tor$SharedEntityManagerInvocationHandler : Creating new EntityManager for shared EntityManager invocation
2024-12-13T18:05:59.751+05:30 DEBUG 7187 --- [contenttree] [           main] org.hibernate.orm.query.hql              : HQL : select s from SolutionSets s where s.uploadedBy.id = :vendorId
2024-12-13T18:05:59.753+05:30 DEBUG 7187 --- [contenttree] [           main] o.h.o.q.hql.reservedWordAsIdentifier     : Encountered use of reserved word as identifier : =
2024-12-13T18:05:59.754+05:30 DEBUG 7187 --- [contenttree] [           main] org.hibernate.orm.query.sqm.creation     : Applying inferable type to SqmExpression [SqmNamedParameter(vendorId)] : null -> SqmBasicValuedSimplePath(com.contenttree.solutionsets.SolutionSets(s).uploadedBy.id)
2024-12-13T18:05:59.754+05:30 DEBUG 7187 --- [contenttree] [           main] org.hibernate.orm.query.sqm.ast          : SqmStatement Tree :
    -> [select]
      -> [query-spec]
        -> [select]
          -> [selection]
            -> [root] - `com.contenttree.solutionsets.SolutionSets(s)`
            <- [root] - `com.contenttree.solutionsets.SolutionSets(s)`
          <- [selection]
        <- [select]
        -> [from]
          -> [root] - `com.contenttree.solutionsets.SolutionSets(s)`
          <- [root] - `com.contenttree.solutionsets.SolutionSets(s)`
        <- [from]
        -> [where]
          -> [EQUAL]
              -> [basic-path] - `com.contenttree.solutionsets.SolutionSets(s).uploadedBy.id`
              :vendorId
          <- [EQUAL]
        <- [where]
      <- [query-spec]
    <- [select]

2024-12-13T18:05:59.755+05:30 DEBUG 7187 --- [contenttree] [           main] cResourceLocalTransactionCoordinatorImpl : JDBC transaction marked for rollback-only (exception provided for stack trace)

java.lang.Exception: exception just for purpose of providing stack trace
	at org.hibernate.resource.transaction.backend.jdbc.internal.JdbcResourceLocalTransactionCoordinatorImpl$TransactionDriverControlImpl.markRollbackOnly(JdbcResourceLocalTransactionCoordinatorImpl.java:309) ~[hibernate-core-6.5.3.Final.jar:6.5.3.Final]
	at org.hibernate.internal.AbstractSharedSessionContract.buildNamedQuery(AbstractSharedSessionContract.java:1109) ~[hibernate-core-6.5.3.Final.jar:6.5.3.Final]
	at org.hibernate.internal.AbstractSharedSessionContract.createNamedQuery(AbstractSharedSessionContract.java:987) ~[hibernate-core-6.5.3.Final.jar:6.5.3.Final]
	at org.hibernate.internal.AbstractSharedSessionContract.createNamedQuery(AbstractSharedSessionContract.java:140) ~[hibernate-core-6.5.3.Final.jar:6.5.3.Final]
	at java.base/jdk.internal.reflect.NativeMethodAccessorImpl.invoke0(Native Method) ~[na:na]
	at java.base/jdk.internal.reflect.NativeMethodAccessorImpl.invoke(NativeMethodAccessorImpl.java:77) ~[na:na]
	at java.base/jdk.internal.reflect.DelegatingMethodAccessorImpl.invoke(DelegatingMethodAccessorImpl.java:43) ~[na:na]
	at java.base/java.lang.reflect.Method.invoke(Method.java:568) ~[na:na]
	at org.springframework.orm.jpa.ExtendedEntityManagerCreator$ExtendedEntityManagerInvocationHandler.invoke(ExtendedEntityManagerCreator.java:364) ~[spring-orm-6.1.13.jar:6.1.13]
	at jdk.proxy2/jdk.proxy2.$Proxy159.createNamedQuery(Unknown Source) ~[na:na]
	at org.springframework.data.jpa.repository.query.NamedQuery.hasNamedQuery(NamedQuery.java:112) ~[spring-data-jpa-3.3.4.jar:3.3.4]
	at org.springframework.data.jpa.repository.query.JpaQueryLookupStrategy$DeclaredQueryLookupStrategy.getCountQuery(JpaQueryLookupStrategy.java:204) ~[spring-data-jpa-3.3.4.jar:3.3.4]
	at org.springframework.data.jpa.repository.query.JpaQueryLookupStrategy$DeclaredQueryLookupStrategy.resolveQuery(JpaQueryLookupStrategy.java:171) ~[spring-data-jpa-3.3.4.jar:3.3.4]
	at org.springframework.data.jpa.repository.query.JpaQueryLookupStrategy$CreateIfNotFoundQueryLookupStrategy.resolveQuery(JpaQueryLookupStrategy.java:252) ~[spring-data-jpa-3.3.4.jar:3.3.4]
	at org.springframework.data.jpa.repository.query.JpaQueryLookupStrategy$AbstractQueryLookupStrategy.resolveQuery(JpaQueryLookupStrategy.java:95) ~[spring-data-jpa-3.3.4.jar:3.3.4]
	at org.springframework.data.repository.core.support.QueryExecutorMethodInterceptor.lookupQuery(QueryExecutorMethodInterceptor.java:115) ~[spring-data-commons-3.3.4.jar:3.3.4]
	at org.springframework.data.repository.core.support.QueryExecutorMethodInterceptor.mapMethodsToQuery(QueryExecutorMethodInterceptor.java:103) ~[spring-data-commons-3.3.4.jar:3.3.4]
	at org.springframework.data.repository.core.support.QueryExecutorMethodInterceptor.lambda$new$0(QueryExecutorMethodInterceptor.java:92) ~[spring-data-commons-3.3.4.jar:3.3.4]
	at java.base/java.util.Optional.map(Optional.java:260) ~[na:na]
	at org.springframework.data.repository.core.support.QueryExecutorMethodInterceptor.<init>(QueryExecutorMethodInterceptor.java:92) ~[spring-data-commons-3.3.4.jar:3.3.4]
	at org.springframework.data.repository.core.support.RepositoryFactorySupport.getRepository(RepositoryFactorySupport.java:357) ~[spring-data-commons-3.3.4.jar:3.3.4]
	at org.springframework.data.repository.core.support.RepositoryFactoryBeanSupport.lambda$afterPropertiesSet$5(RepositoryFactoryBeanSupport.java:286) ~[spring-data-commons-3.3.4.jar:3.3.4]
	at org.springframework.data.util.Lazy.getNullable(Lazy.java:135) ~[spring-data-commons-3.3.4.jar:3.3.4]
	at org.springframework.data.util.Lazy.get(Lazy.java:113) ~[spring-data-commons-3.3.4.jar:3.3.4]
	at org.springframework.data.repository.core.support.RepositoryFactoryBeanSupport.afterPropertiesSet(RepositoryFactoryBeanSupport.java:292) ~[spring-data-commons-3.3.4.jar:3.3.4]
	at org.springframework.data.jpa.repository.support.JpaRepositoryFactoryBean.afterPropertiesSet(JpaRepositoryFactoryBean.java:132) ~[spring-data-jpa-3.3.4.jar:3.3.4]
	at org.springframework.beans.factory.support.AbstractAutowireCapableBeanFactory.invokeInitMethods(AbstractAutowireCapableBeanFactory.java:1853) ~[spring-beans-6.1.13.jar:6.1.13]
	at org.springframework.beans.factory.support.AbstractAutowireCapableBeanFactory.initializeBean(AbstractAutowireCapableBeanFactory.java:1802) ~[spring-beans-6.1.13.jar:6.1.13]
	at org.springframework.beans.factory.support.AbstractAutowireCapableBeanFactory.doCreateBean(AbstractAutowireCapableBeanFactory.java:600) ~[spring-beans-6.1.13.jar:6.1.13]
	at org.springframework.beans.factory.support.AbstractAutowireCapableBeanFactory.createBean(AbstractAutowireCapableBeanFactory.java:522) ~[spring-beans-6.1.13.jar:6.1.13]
	at org.springframework.beans.factory.support.AbstractBeanFactory.lambda$doGetBean$0(AbstractBeanFactory.java:337) ~[spring-beans-6.1.13.jar:6.1.13]
	at org.springframework.beans.factory.support.DefaultSingletonBeanRegistry.getSingleton(DefaultSingletonBeanRegistry.java:234) ~[spring-beans-6.1.13.jar:6.1.13]
	at org.springframework.beans.factory.support.AbstractBeanFactory.doGetBean(AbstractBeanFactory.java:335) ~[spring-beans-6.1.13.jar:6.1.13]
	at org.springframework.beans.factory.support.AbstractBeanFactory.getBean(AbstractBeanFactory.java:200) ~[spring-beans-6.1.13.jar:6.1.13]
	at org.springframework.beans.factory.support.DefaultListableBeanFactory.preInstantiateSingletons(DefaultListableBeanFactory.java:969) ~[spring-beans-6.1.13.jar:6.1.13]
	at org.springframework.context.support.AbstractApplicationContext.finishBeanFactoryInitialization(AbstractApplicationContext.java:971) ~[spring-context-6.1.13.jar:6.1.13]
	at org.springframework.context.support.AbstractApplicationContext.refresh(AbstractApplicationContext.java:625) ~[spring-context-6.1.13.jar:6.1.13]
	at org.springframework.boot.SpringApplication.refresh(SpringApplication.java:754) ~[spring-boot-3.3.4.jar:3.3.4]
	at org.springframework.boot.SpringApplication.refreshContext(SpringApplication.java:456) ~[spring-boot-3.3.4.jar:3.3.4]
	at org.springframework.boot.SpringApplication.run(SpringApplication.java:335) ~[spring-boot-3.3.4.jar:3.3.4]
	at org.springframework.boot.test.context.SpringBootContextLoader.lambda$loadContext$3(SpringBootContextLoader.java:137) ~[spring-boot-test-3.3.4.jar:3.3.4]
	at org.springframework.util.function.ThrowingSupplier.get(ThrowingSupplier.java:58) ~[spring-core-6.1.13.jar:6.1.13]
	at org.springframework.util.function.ThrowingSupplier.get(ThrowingSupplier.java:46) ~[spring-core-6.1.13.jar:6.1.13]
	at org.springframework.boot.SpringApplication.withHook(SpringApplication.java:1463) ~[spring-boot-3.3.4.jar:3.3.4]
	at org.springframework.boot.test.context.SpringBootContextLoader$ContextLoaderHook.run(SpringBootContextLoader.java:553) ~[spring-boot-test-3.3.4.jar:3.3.4]
	at org.springframework.boot.test.context.SpringBootContextLoader.loadContext(SpringBootContextLoader.java:137) ~[spring-boot-test-3.3.4.jar:3.3.4]
	at org.springframework.boot.test.context.SpringBootContextLoader.loadContext(SpringBootContextLoader.java:108) ~[spring-boot-test-3.3.4.jar:3.3.4]
	at org.springframework.test.context.cache.DefaultCacheAwareContextLoaderDelegate.loadContextInternal(DefaultCacheAwareContextLoaderDelegate.java:225) ~[spring-test-6.1.13.jar:6.1.13]
	at org.springframework.test.context.cache.DefaultCacheAwareContextLoaderDelegate.loadContext(DefaultCacheAwareContextLoaderDelegate.java:152) ~[spring-test-6.1.13.jar:6.1.13]
	at org.springframework.test.context.support.DefaultTestContext.getApplicationContext(DefaultTestContext.java:130) ~[spring-test-6.1.13.jar:6.1.13]
	at org.springframework.test.context.web.ServletTestExecutionListener.setUpRequestContextIfNecessary(ServletTestExecutionListener.java:191) ~[spring-test-6.1.13.jar:6.1.13]
	at org.springframework.test.context.web.ServletTestExecutionListener.prepareTestInstance(ServletTestExecutionListener.java:130) ~[spring-test-6.1.13.jar:6.1.13]
	at org.springframework.test.context.TestContextManager.prepareTestInstance(TestContextManager.java:260) ~[spring-test-6.1.13.jar:6.1.13]
	at org.springframework.test.context.junit.jupiter.SpringExtension.postProcessTestInstance(SpringExtension.java:163) ~[spring-test-6.1.13.jar:6.1.13]
	at org.junit.jupiter.engine.descriptor.ClassBasedTestDescriptor.lambda$invokeTestInstancePostProcessors$10(ClassBasedTestDescriptor.java:378) ~[junit-jupiter-engine-5.10.3.jar:5.10.3]
	at org.junit.jupiter.engine.descriptor.ClassBasedTestDescriptor.executeAndMaskThrowable(ClassBasedTestDescriptor.java:383) ~[junit-jupiter-engine-5.10.3.jar:5.10.3]
	at org.junit.jupiter.engine.descriptor.ClassBasedTestDescriptor.lambda$invokeTestInstancePostProcessors$11(ClassBasedTestDescriptor.java:378) ~[junit-jupiter-engine-5.10.3.jar:5.10.3]
	at java.base/java.util.stream.ReferencePipeline$3$1.accept(ReferencePipeline.java:197) ~[na:na]
	at java.base/java.util.stream.ReferencePipeline$2$1.accept(ReferencePipeline.java:179) ~[na:na]
	at java.base/java.util.ArrayList$ArrayListSpliterator.forEachRemaining(ArrayList.java:1625) ~[na:na]
	at java.base/java.util.stream.AbstractPipeline.copyInto(AbstractPipeline.java:509) ~[na:na]
	at java.base/java.util.stream.AbstractPipeline.wrapAndCopyInto(AbstractPipeline.java:499) ~[na:na]
	at java.base/java.util.stream.StreamSpliterators$WrappingSpliterator.forEachRemaining(StreamSpliterators.java:310) ~[na:na]
	at java.base/java.util.stream.Streams$ConcatSpliterator.forEachRemaining(Streams.java:735) ~[na:na]
	at java.base/java.util.stream.Streams$ConcatSpliterator.forEachRemaining(Streams.java:734) ~[na:na]
	at java.base/java.util.stream.ReferencePipeline$Head.forEach(ReferencePipeline.java:762) ~[na:na]
	at org.junit.jupiter.engine.descriptor.ClassBasedTestDescriptor.invokeTestInstancePostProcessors(ClassBasedTestDescriptor.java:377) ~[junit-jupiter-engine-5.10.3.jar:5.10.3]
	at org.junit.jupiter.engine.descriptor.ClassBasedTestDescriptor.lambda$instantiateAndPostProcessTestInstance$6(ClassBasedTestDescriptor.java:290) ~[junit-jupiter-engine-5.10.3.jar:5.10.3]
	at org.junit.platform.engine.support.hierarchical.ThrowableCollector.execute(ThrowableCollector.java:73) ~[junit-platform-engine-1.10.3.jar:1.10.3]
	at org.junit.jupiter.engine.descriptor.ClassBasedTestDescriptor.instantiateAndPostProcessTestInstance(ClassBasedTestDescriptor.java:289) ~[junit-jupiter-engine-5.10.3.jar:5.10.3]
	at org.junit.jupiter.engine.descriptor.ClassBasedTestDescriptor.lambda$testInstancesProvider$4(ClassBasedTestDescriptor.java:279) ~[junit-jupiter-engine-5.10.3.jar:5.10.3]
	at java.base/java.util.Optional.orElseGet(Optional.java:364) ~[na:na]
	at org.junit.jupiter.engine.descriptor.ClassBasedTestDescriptor.lambda$testInstancesProvider$5(ClassBasedTestDescriptor.java:278) ~[junit-jupiter-engine-5.10.3.jar:5.10.3]
	at org.junit.jupiter.engine.execution.TestInstancesProvider.getTestInstances(TestInstancesProvider.java:31) ~[junit-jupiter-engine-5.10.3.jar:5.10.3]
	at org.junit.jupiter.engine.descriptor.TestMethodTestDescriptor.lambda$prepare$0(TestMethodTestDescriptor.java:106) ~[junit-jupiter-engine-5.10.3.jar:5.10.3]
	at org.junit.platform.engine.support.hierarchical.ThrowableCollector.execute(ThrowableCollector.java:73) ~[junit-platform-engine-1.10.3.jar:1.10.3]
	at org.junit.jupiter.engine.descriptor.TestMethodTestDescriptor.prepare(TestMethodTestDescriptor.java:105) ~[junit-jupiter-engine-5.10.3.jar:5.10.3]
	at org.junit.jupiter.engine.descriptor.TestMethodTestDescriptor.prepare(TestMethodTestDescriptor.java:69) ~[junit-jupiter-engine-5.10.3.jar:5.10.3]
	at org.junit.platform.engine.support.hierarchical.NodeTestTask.lambda$prepare$2(NodeTestTask.java:123) ~[junit-platform-engine-1.10.3.jar:1.10.3]
	at org.junit.platform.engine.support.hierarchical.ThrowableCollector.execute(ThrowableCollector.java:73) ~[junit-platform-engine-1.10.3.jar:1.10.3]
	at org.junit.platform.engine.support.hierarchical.NodeTestTask.prepare(NodeTestTask.java:123) ~[junit-platform-engine-1.10.3.jar:1.10.3]
	at org.junit.platform.engine.support.hierarchical.NodeTestTask.execute(NodeTestTask.java:90) ~[junit-platform-engine-1.10.3.jar:1.10.3]
	at java.base/java.util.ArrayList.forEach(ArrayList.java:1511) ~[na:na]
	at org.junit.platform.engine.support.hierarchical.SameThreadHierarchicalTestExecutorService.invokeAll(SameThreadHierarchicalTestExecutorService.java:41) ~[junit-platform-engine-1.10.3.jar:1.10.3]
	at org.junit.platform.engine.support.hierarchical.NodeTestTask.lambda$executeRecursively$6(NodeTestTask.java:155) ~[junit-platform-engine-1.10.3.jar:1.10.3]
	at org.junit.platform.engine.support.hierarchical.ThrowableCollector.execute(ThrowableCollector.java:73) ~[junit-platform-engine-1.10.3.jar:1.10.3]
	at org.junit.platform.engine.support.hierarchical.NodeTestTask.lambda$executeRecursively$8(NodeTestTask.java:141) ~[junit-platform-engine-1.10.3.jar:1.10.3]
	at org.junit.platform.engine.support.hierarchical.Node.around(Node.java:137) ~[junit-platform-engine-1.10.3.jar:1.10.3]
	at org.junit.platform.engine.support.hierarchical.NodeTestTask.lambda$executeRecursively$9(NodeTestTask.java:139) ~[junit-platform-engine-1.10.3.jar:1.10.3]
	at org.junit.platform.engine.support.hierarchical.ThrowableCollector.execute(ThrowableCollector.java:73) ~[junit-platform-engine-1.10.3.jar:1.10.3]
	at org.junit.platform.engine.support.hierarchical.NodeTestTask.executeRecursively(NodeTestTask.java:138) ~[junit-platform-engine-1.10.3.jar:1.10.3]
	at org.junit.platform.engine.support.hierarchical.NodeTestTask.execute(NodeTestTask.java:95) ~[junit-platform-engine-1.10.3.jar:1.10.3]
	at java.base/java.util.ArrayList.forEach(ArrayList.java:1511) ~[na:na]
	at org.junit.platform.engine.support.hierarchical.SameThreadHierarchicalTestExecutorService.invokeAll(SameThreadHierarchicalTestExecutorService.java:41) ~[junit-platform-engine-1.10.3.jar:1.10.3]
	at org.junit.platform.engine.support.hierarchical.NodeTestTask.lambda$executeRecursively$6(NodeTestTask.java:155) ~[junit-platform-engine-1.10.3.jar:1.10.3]
	at org.junit.platform.engine.support.hierarchical.ThrowableCollector.execute(ThrowableCollector.java:73) ~[junit-platform-engine-1.10.3.jar:1.10.3]
	at org.junit.platform.engine.support.hierarchical.NodeTestTask.lambda$executeRecursively$8(NodeTestTask.java:141) ~[junit-platform-engine-1.10.3.jar:1.10.3]
	at org.junit.platform.engine.support.hierarchical.Node.around(Node.java:137) ~[junit-platform-engine-1.10.3.jar:1.10.3]
	at org.junit.platform.engine.support.hierarchical.NodeTestTask.lambda$executeRecursively$9(NodeTestTask.java:139) ~[junit-platform-engine-1.10.3.jar:1.10.3]
	at org.junit.platform.engine.support.hierarchical.ThrowableCollector.execute(ThrowableCollector.java:73) ~[junit-platform-engine-1.10.3.jar:1.10.3]
	at org.junit.platform.engine.support.hierarchical.NodeTestTask.executeRecursively(NodeTestTask.java:138) ~[junit-platform-engine-1.10.3.jar:1.10.3]
	at org.junit.platform.engine.support.hierarchical.NodeTestTask.execute(NodeTestTask.java:95) ~[junit-platform-engine-1.10.3.jar:1.10.3]
	at org.junit.platform.engine.support.hierarchical.SameThreadHierarchicalTestExecutorService.submit(SameThreadHierarchicalTestExecutorService.java:35) ~[junit-platform-engine-1.10.3.jar:1.10.3]
	at org.junit.platform.engine.support.hierarchical.HierarchicalTestExecutor.execute(HierarchicalTestExecutor.java:57) ~[junit-platform-engine-1.10.3.jar:1.10.3]
	at org.junit.platform.engine.support.hierarchical.HierarchicalTestEngine.execute(HierarchicalTestEngine.java:54) ~[junit-platform-engine-1.10.3.jar:1.10.3]
	at org.junit.platform.launcher.core.EngineExecutionOrchestrator.execute(EngineExecutionOrchestrator.java:198) ~[junit-platform-launcher-1.10.3.jar:1.10.3]
	at org.junit.platform.launcher.core.EngineExecutionOrchestrator.execute(EngineExecutionOrchestrator.java:169) ~[junit-platform-launcher-1.10.3.jar:1.10.3]
	at org.junit.platform.launcher.core.EngineExecutionOrchestrator.execute(EngineExecutionOrchestrator.java:93) ~[junit-platform-launcher-1.10.3.jar:1.10.3]
	at org.junit.platform.launcher.core.EngineExecutionOrchestrator.lambda$execute$0(EngineExecutionOrchestrator.java:58) ~[junit-platform-launcher-1.10.3.jar:1.10.3]
	at org.junit.platform.launcher.core.EngineExecutionOrchestrator.withInterceptedStreams(EngineExecutionOrchestrator.java:141) ~[junit-platform-launcher-1.10.3.jar:1.10.3]
	at org.junit.platform.launcher.core.EngineExecutionOrchestrator.execute(EngineExecutionOrchestrator.java:57) ~[junit-platform-launcher-1.10.3.jar:1.10.3]
	at org.junit.platform.launcher.core.DefaultLauncher.execute(DefaultLauncher.java:103) ~[junit-platform-launcher-1.10.3.jar:1.10.3]
	at org.junit.platform.launcher.core.DefaultLauncher.execute(DefaultLauncher.java:85) ~[junit-platform-launcher-1.10.3.jar:1.10.3]
	at org.junit.platform.launcher.core.DelegatingLauncher.execute(DelegatingLauncher.java:47) ~[junit-platform-launcher-1.10.3.jar:1.10.3]
	at org.apache.maven.surefire.junitplatform.LazyLauncher.execute(LazyLauncher.java:56) ~[surefire-junit-platform-3.2.5.jar:3.2.5]
	at org.apache.maven.surefire.junitplatform.JUnitPlatformProvider.execute(JUnitPlatformProvider.java:184) ~[surefire-junit-platform-3.2.5.jar:3.2.5]
	at org.apache.maven.surefire.junitplatform.JUnitPlatformProvider.invokeAllTests(JUnitPlatformProvider.java:148) ~[surefire-junit-platform-3.2.5.jar:3.2.5]
	at org.apache.maven.surefire.junitplatform.JUnitPlatformProvider.invoke(JUnitPlatformProvider.java:122) ~[surefire-junit-platform-3.2.5.jar:3.2.5]
	at org.apache.maven.surefire.booter.ForkedBooter.runSuitesInProcess(ForkedBooter.java:385) ~[surefire-booter-3.2.5.jar:3.2.5]
	at org.apache.maven.surefire.booter.ForkedBooter.execute(ForkedBooter.java:162) ~[surefire-booter-3.2.5.jar:3.2.5]
	at org.apache.maven.surefire.booter.ForkedBooter.run(ForkedBooter.java:507) ~[surefire-booter-3.2.5.jar:3.2.5]
	at org.apache.maven.surefire.booter.ForkedBooter.main(ForkedBooter.java:495) ~[surefire-booter-3.2.5.jar:3.2.5]

2024-12-13T18:05:59.756+05:30 DEBUG 7187 --- [contenttree] [           main] o.s.d.jpa.repository.query.NamedQuery    : Did not find named query SolutionSets.findByCategoryIgnoreCase.count
2024-12-13T18:05:59.756+05:30 DEBUG 7187 --- [contenttree] [           main] tor$SharedEntityManagerInvocationHandler : Creating new EntityManager for shared EntityManager invocation
2024-12-13T18:05:59.757+05:30 DEBUG 7187 --- [contenttree] [           main] org.hibernate.orm.query.hql              : HQL : select s from SolutionSets s where s.category = :category
2024-12-13T18:05:59.757+05:30 DEBUG 7187 --- [contenttree] [           main] org.hibernate.orm.query.sqm.creation     : Applying inferable type to SqmExpression [SqmNamedParameter(category)] : null -> com.contenttree.solutionsets.SolutionSets#category(MANY_TO_ONE)
2024-12-13T18:05:59.758+05:30 DEBUG 7187 --- [contenttree] [           main] org.hibernate.orm.query.sqm.ast          : SqmStatement Tree :
    -> [select]
      -> [query-spec]
        -> [select]
          -> [selection]
            -> [root] - `com.contenttree.solutionsets.SolutionSets(s)`
            <- [root] - `com.contenttree.solutionsets.SolutionSets(s)`
          <- [selection]
        <- [select]
        -> [from]
          -> [root] - `com.contenttree.solutionsets.SolutionSets(s)`
          <- [root] - `com.contenttree.solutionsets.SolutionSets(s)`
        <- [from]
        -> [where]
          -> [EQUAL]
              -> [entity-path] - `com.contenttree.solutionsets.SolutionSets(s).category`
              :category
          <- [EQUAL]
        <- [where]
      <- [query-spec]
    <- [select]

2024-12-13T18:05:59.759+05:30 DEBUG 7187 --- [contenttree] [           main] o.s.d.r.c.s.RepositoryFactorySupport     : Finished creation of repository instance for com.contenttree.solutionsets.SolutionSetsRepository.
2024-12-13T18:05:59.759+05:30 DEBUG 7187 --- [contenttree] [           main] o.s.b.f.s.DefaultListableBeanFactory     : Creating shared instance of singleton bean 'jpa.ConfirmationTokenRepository.fragments#0'
2024-12-13T18:05:59.759+05:30 DEBUG 7187 --- [contenttree] [           main] o.s.b.f.s.DefaultListableBeanFactory     : Creating shared instance of singleton bean 'confirmationTokenRepository'
2024-12-13T18:05:59.760+05:30 DEBUG 7187 --- [contenttree] [           main] o.s.b.f.s.DefaultListableBeanFactory     : Creating shared instance of singleton bean 'jpa.named-queries#11'
2024-12-13T18:05:59.760+05:30 DEBUG 7187 --- [contenttree] [           main] tor$SharedEntityManagerInvocationHandler : Creating new EntityManager for shared EntityManager invocation
2024-12-13T18:05:59.760+05:30 DEBUG 7187 --- [contenttree] [           main] o.s.d.r.c.s.RepositoryFactorySupport     : Initializing repository instance for com.contenttree.confirmationtoken.ConfirmationTokenRepository…
2024-12-13T18:05:59.761+05:30 DEBUG 7187 --- [contenttree] [           main] tor$SharedEntityManagerInvocationHandler : Creating new EntityManager for shared EntityManager invocation
2024-12-13T18:05:59.761+05:30 DEBUG 7187 --- [contenttree] [           main] o.s.d.jpa.repository.query.NamedQuery    : Looking up named query ConfirmationToken.findByConfirmationToken
2024-12-13T18:05:59.761+05:30 DEBUG 7187 --- [contenttree] [           main] cResourceLocalTransactionCoordinatorImpl : JDBC transaction marked for rollback-only (exception provided for stack trace)

java.lang.Exception: exception just for purpose of providing stack trace
	at org.hibernate.resource.transaction.backend.jdbc.internal.JdbcResourceLocalTransactionCoordinatorImpl$TransactionDriverControlImpl.markRollbackOnly(JdbcResourceLocalTransactionCoordinatorImpl.java:309) ~[hibernate-core-6.5.3.Final.jar:6.5.3.Final]
	at org.hibernate.internal.AbstractSharedSessionContract.buildNamedQuery(AbstractSharedSessionContract.java:1109) ~[hibernate-core-6.5.3.Final.jar:6.5.3.Final]
	at org.hibernate.internal.AbstractSharedSessionContract.createNamedQuery(AbstractSharedSessionContract.java:987) ~[hibernate-core-6.5.3.Final.jar:6.5.3.Final]
	at org.hibernate.internal.AbstractSharedSessionContract.createNamedQuery(AbstractSharedSessionContract.java:140) ~[hibernate-core-6.5.3.Final.jar:6.5.3.Final]
	at java.base/jdk.internal.reflect.NativeMethodAccessorImpl.invoke0(Native Method) ~[na:na]
	at java.base/jdk.internal.reflect.NativeMethodAccessorImpl.invoke(NativeMethodAccessorImpl.java:77) ~[na:na]
	at java.base/jdk.internal.reflect.DelegatingMethodAccessorImpl.invoke(DelegatingMethodAccessorImpl.java:43) ~[na:na]
	at java.base/java.lang.reflect.Method.invoke(Method.java:568) ~[na:na]
	at org.springframework.orm.jpa.ExtendedEntityManagerCreator$ExtendedEntityManagerInvocationHandler.invoke(ExtendedEntityManagerCreator.java:364) ~[spring-orm-6.1.13.jar:6.1.13]
	at jdk.proxy2/jdk.proxy2.$Proxy159.createNamedQuery(Unknown Source) ~[na:na]
	at org.springframework.data.jpa.repository.query.NamedQuery.hasNamedQuery(NamedQuery.java:112) ~[spring-data-jpa-3.3.4.jar:3.3.4]
	at org.springframework.data.jpa.repository.query.NamedQuery.lookupFrom(NamedQuery.java:138) ~[spring-data-jpa-3.3.4.jar:3.3.4]
	at org.springframework.data.jpa.repository.query.JpaQueryLookupStrategy$DeclaredQueryLookupStrategy.resolveQuery(JpaQueryLookupStrategy.java:180) ~[spring-data-jpa-3.3.4.jar:3.3.4]
	at org.springframework.data.jpa.repository.query.JpaQueryLookupStrategy$CreateIfNotFoundQueryLookupStrategy.resolveQuery(JpaQueryLookupStrategy.java:252) ~[spring-data-jpa-3.3.4.jar:3.3.4]
	at org.springframework.data.jpa.repository.query.JpaQueryLookupStrategy$AbstractQueryLookupStrategy.resolveQuery(JpaQueryLookupStrategy.java:95) ~[spring-data-jpa-3.3.4.jar:3.3.4]
	at org.springframework.data.repository.core.support.QueryExecutorMethodInterceptor.lookupQuery(QueryExecutorMethodInterceptor.java:115) ~[spring-data-commons-3.3.4.jar:3.3.4]
	at org.springframework.data.repository.core.support.QueryExecutorMethodInterceptor.mapMethodsToQuery(QueryExecutorMethodInterceptor.java:103) ~[spring-data-commons-3.3.4.jar:3.3.4]
	at org.springframework.data.repository.core.support.QueryExecutorMethodInterceptor.lambda$new$0(QueryExecutorMethodInterceptor.java:92) ~[spring-data-commons-3.3.4.jar:3.3.4]
	at java.base/java.util.Optional.map(Optional.java:260) ~[na:na]
	at org.springframework.data.repository.core.support.QueryExecutorMethodInterceptor.<init>(QueryExecutorMethodInterceptor.java:92) ~[spring-data-commons-3.3.4.jar:3.3.4]
	at org.springframework.data.repository.core.support.RepositoryFactorySupport.getRepository(RepositoryFactorySupport.java:357) ~[spring-data-commons-3.3.4.jar:3.3.4]
	at org.springframework.data.repository.core.support.RepositoryFactoryBeanSupport.lambda$afterPropertiesSet$5(RepositoryFactoryBeanSupport.java:286) ~[spring-data-commons-3.3.4.jar:3.3.4]
	at org.springframework.data.util.Lazy.getNullable(Lazy.java:135) ~[spring-data-commons-3.3.4.jar:3.3.4]
	at org.springframework.data.util.Lazy.get(Lazy.java:113) ~[spring-data-commons-3.3.4.jar:3.3.4]
	at org.springframework.data.repository.core.support.RepositoryFactoryBeanSupport.afterPropertiesSet(RepositoryFactoryBeanSupport.java:292) ~[spring-data-commons-3.3.4.jar:3.3.4]
	at org.springframework.data.jpa.repository.support.JpaRepositoryFactoryBean.afterPropertiesSet(JpaRepositoryFactoryBean.java:132) ~[spring-data-jpa-3.3.4.jar:3.3.4]
	at org.springframework.beans.factory.support.AbstractAutowireCapableBeanFactory.invokeInitMethods(AbstractAutowireCapableBeanFactory.java:1853) ~[spring-beans-6.1.13.jar:6.1.13]
	at org.springframework.beans.factory.support.AbstractAutowireCapableBeanFactory.initializeBean(AbstractAutowireCapableBeanFactory.java:1802) ~[spring-beans-6.1.13.jar:6.1.13]
	at org.springframework.beans.factory.support.AbstractAutowireCapableBeanFactory.doCreateBean(AbstractAutowireCapableBeanFactory.java:600) ~[spring-beans-6.1.13.jar:6.1.13]
	at org.springframework.beans.factory.support.AbstractAutowireCapableBeanFactory.createBean(AbstractAutowireCapableBeanFactory.java:522) ~[spring-beans-6.1.13.jar:6.1.13]
	at org.springframework.beans.factory.support.AbstractBeanFactory.lambda$doGetBean$0(AbstractBeanFactory.java:337) ~[spring-beans-6.1.13.jar:6.1.13]
	at org.springframework.beans.factory.support.DefaultSingletonBeanRegistry.getSingleton(DefaultSingletonBeanRegistry.java:234) ~[spring-beans-6.1.13.jar:6.1.13]
	at org.springframework.beans.factory.support.AbstractBeanFactory.doGetBean(AbstractBeanFactory.java:335) ~[spring-beans-6.1.13.jar:6.1.13]
	at org.springframework.beans.factory.support.AbstractBeanFactory.getBean(AbstractBeanFactory.java:200) ~[spring-beans-6.1.13.jar:6.1.13]
	at org.springframework.beans.factory.support.DefaultListableBeanFactory.preInstantiateSingletons(DefaultListableBeanFactory.java:969) ~[spring-beans-6.1.13.jar:6.1.13]
	at org.springframework.context.support.AbstractApplicationContext.finishBeanFactoryInitialization(AbstractApplicationContext.java:971) ~[spring-context-6.1.13.jar:6.1.13]
	at org.springframework.context.support.AbstractApplicationContext.refresh(AbstractApplicationContext.java:625) ~[spring-context-6.1.13.jar:6.1.13]
	at org.springframework.boot.SpringApplication.refresh(SpringApplication.java:754) ~[spring-boot-3.3.4.jar:3.3.4]
	at org.springframework.boot.SpringApplication.refreshContext(SpringApplication.java:456) ~[spring-boot-3.3.4.jar:3.3.4]
	at org.springframework.boot.SpringApplication.run(SpringApplication.java:335) ~[spring-boot-3.3.4.jar:3.3.4]
	at org.springframework.boot.test.context.SpringBootContextLoader.lambda$loadContext$3(SpringBootContextLoader.java:137) ~[spring-boot-test-3.3.4.jar:3.3.4]
	at org.springframework.util.function.ThrowingSupplier.get(ThrowingSupplier.java:58) ~[spring-core-6.1.13.jar:6.1.13]
	at org.springframework.util.function.ThrowingSupplier.get(ThrowingSupplier.java:46) ~[spring-core-6.1.13.jar:6.1.13]
	at org.springframework.boot.SpringApplication.withHook(SpringApplication.java:1463) ~[spring-boot-3.3.4.jar:3.3.4]
	at org.springframework.boot.test.context.SpringBootContextLoader$ContextLoaderHook.run(SpringBootContextLoader.java:553) ~[spring-boot-test-3.3.4.jar:3.3.4]
	at org.springframework.boot.test.context.SpringBootContextLoader.loadContext(SpringBootContextLoader.java:137) ~[spring-boot-test-3.3.4.jar:3.3.4]
	at org.springframework.boot.test.context.SpringBootContextLoader.loadContext(SpringBootContextLoader.java:108) ~[spring-boot-test-3.3.4.jar:3.3.4]
	at org.springframework.test.context.cache.DefaultCacheAwareContextLoaderDelegate.loadContextInternal(DefaultCacheAwareContextLoaderDelegate.java:225) ~[spring-test-6.1.13.jar:6.1.13]
	at org.springframework.test.context.cache.DefaultCacheAwareContextLoaderDelegate.loadContext(DefaultCacheAwareContextLoaderDelegate.java:152) ~[spring-test-6.1.13.jar:6.1.13]
	at org.springframework.test.context.support.DefaultTestContext.getApplicationContext(DefaultTestContext.java:130) ~[spring-test-6.1.13.jar:6.1.13]
	at org.springframework.test.context.web.ServletTestExecutionListener.setUpRequestContextIfNecessary(ServletTestExecutionListener.java:191) ~[spring-test-6.1.13.jar:6.1.13]
	at org.springframework.test.context.web.ServletTestExecutionListener.prepareTestInstance(ServletTestExecutionListener.java:130) ~[spring-test-6.1.13.jar:6.1.13]
	at org.springframework.test.context.TestContextManager.prepareTestInstance(TestContextManager.java:260) ~[spring-test-6.1.13.jar:6.1.13]
	at org.springframework.test.context.junit.jupiter.SpringExtension.postProcessTestInstance(SpringExtension.java:163) ~[spring-test-6.1.13.jar:6.1.13]
	at org.junit.jupiter.engine.descriptor.ClassBasedTestDescriptor.lambda$invokeTestInstancePostProcessors$10(ClassBasedTestDescriptor.java:378) ~[junit-jupiter-engine-5.10.3.jar:5.10.3]
	at org.junit.jupiter.engine.descriptor.ClassBasedTestDescriptor.executeAndMaskThrowable(ClassBasedTestDescriptor.java:383) ~[junit-jupiter-engine-5.10.3.jar:5.10.3]
	at org.junit.jupiter.engine.descriptor.ClassBasedTestDescriptor.lambda$invokeTestInstancePostProcessors$11(ClassBasedTestDescriptor.java:378) ~[junit-jupiter-engine-5.10.3.jar:5.10.3]
	at java.base/java.util.stream.ReferencePipeline$3$1.accept(ReferencePipeline.java:197) ~[na:na]
	at java.base/java.util.stream.ReferencePipeline$2$1.accept(ReferencePipeline.java:179) ~[na:na]
	at java.base/java.util.ArrayList$ArrayListSpliterator.forEachRemaining(ArrayList.java:1625) ~[na:na]
	at java.base/java.util.stream.AbstractPipeline.copyInto(AbstractPipeline.java:509) ~[na:na]
	at java.base/java.util.stream.AbstractPipeline.wrapAndCopyInto(AbstractPipeline.java:499) ~[na:na]
	at java.base/java.util.stream.StreamSpliterators$WrappingSpliterator.forEachRemaining(StreamSpliterators.java:310) ~[na:na]
	at java.base/java.util.stream.Streams$ConcatSpliterator.forEachRemaining(Streams.java:735) ~[na:na]
	at java.base/java.util.stream.Streams$ConcatSpliterator.forEachRemaining(Streams.java:734) ~[na:na]
	at java.base/java.util.stream.ReferencePipeline$Head.forEach(ReferencePipeline.java:762) ~[na:na]
	at org.junit.jupiter.engine.descriptor.ClassBasedTestDescriptor.invokeTestInstancePostProcessors(ClassBasedTestDescriptor.java:377) ~[junit-jupiter-engine-5.10.3.jar:5.10.3]
	at org.junit.jupiter.engine.descriptor.ClassBasedTestDescriptor.lambda$instantiateAndPostProcessTestInstance$6(ClassBasedTestDescriptor.java:290) ~[junit-jupiter-engine-5.10.3.jar:5.10.3]
	at org.junit.platform.engine.support.hierarchical.ThrowableCollector.execute(ThrowableCollector.java:73) ~[junit-platform-engine-1.10.3.jar:1.10.3]
	at org.junit.jupiter.engine.descriptor.ClassBasedTestDescriptor.instantiateAndPostProcessTestInstance(ClassBasedTestDescriptor.java:289) ~[junit-jupiter-engine-5.10.3.jar:5.10.3]
	at org.junit.jupiter.engine.descriptor.ClassBasedTestDescriptor.lambda$testInstancesProvider$4(ClassBasedTestDescriptor.java:279) ~[junit-jupiter-engine-5.10.3.jar:5.10.3]
	at java.base/java.util.Optional.orElseGet(Optional.java:364) ~[na:na]
	at org.junit.jupiter.engine.descriptor.ClassBasedTestDescriptor.lambda$testInstancesProvider$5(ClassBasedTestDescriptor.java:278) ~[junit-jupiter-engine-5.10.3.jar:5.10.3]
	at org.junit.jupiter.engine.execution.TestInstancesProvider.getTestInstances(TestInstancesProvider.java:31) ~[junit-jupiter-engine-5.10.3.jar:5.10.3]
	at org.junit.jupiter.engine.descriptor.TestMethodTestDescriptor.lambda$prepare$0(TestMethodTestDescriptor.java:106) ~[junit-jupiter-engine-5.10.3.jar:5.10.3]
	at org.junit.platform.engine.support.hierarchical.ThrowableCollector.execute(ThrowableCollector.java:73) ~[junit-platform-engine-1.10.3.jar:1.10.3]
	at org.junit.jupiter.engine.descriptor.TestMethodTestDescriptor.prepare(TestMethodTestDescriptor.java:105) ~[junit-jupiter-engine-5.10.3.jar:5.10.3]
	at org.junit.jupiter.engine.descriptor.TestMethodTestDescriptor.prepare(TestMethodTestDescriptor.java:69) ~[junit-jupiter-engine-5.10.3.jar:5.10.3]
	at org.junit.platform.engine.support.hierarchical.NodeTestTask.lambda$prepare$2(NodeTestTask.java:123) ~[junit-platform-engine-1.10.3.jar:1.10.3]
	at org.junit.platform.engine.support.hierarchical.ThrowableCollector.execute(ThrowableCollector.java:73) ~[junit-platform-engine-1.10.3.jar:1.10.3]
	at org.junit.platform.engine.support.hierarchical.NodeTestTask.prepare(NodeTestTask.java:123) ~[junit-platform-engine-1.10.3.jar:1.10.3]
	at org.junit.platform.engine.support.hierarchical.NodeTestTask.execute(NodeTestTask.java:90) ~[junit-platform-engine-1.10.3.jar:1.10.3]
	at java.base/java.util.ArrayList.forEach(ArrayList.java:1511) ~[na:na]
	at org.junit.platform.engine.support.hierarchical.SameThreadHierarchicalTestExecutorService.invokeAll(SameThreadHierarchicalTestExecutorService.java:41) ~[junit-platform-engine-1.10.3.jar:1.10.3]
	at org.junit.platform.engine.support.hierarchical.NodeTestTask.lambda$executeRecursively$6(NodeTestTask.java:155) ~[junit-platform-engine-1.10.3.jar:1.10.3]
	at org.junit.platform.engine.support.hierarchical.ThrowableCollector.execute(ThrowableCollector.java:73) ~[junit-platform-engine-1.10.3.jar:1.10.3]
	at org.junit.platform.engine.support.hierarchical.NodeTestTask.lambda$executeRecursively$8(NodeTestTask.java:141) ~[junit-platform-engine-1.10.3.jar:1.10.3]
	at org.junit.platform.engine.support.hierarchical.Node.around(Node.java:137) ~[junit-platform-engine-1.10.3.jar:1.10.3]
	at org.junit.platform.engine.support.hierarchical.NodeTestTask.lambda$executeRecursively$9(NodeTestTask.java:139) ~[junit-platform-engine-1.10.3.jar:1.10.3]
	at org.junit.platform.engine.support.hierarchical.ThrowableCollector.execute(ThrowableCollector.java:73) ~[junit-platform-engine-1.10.3.jar:1.10.3]
	at org.junit.platform.engine.support.hierarchical.NodeTestTask.executeRecursively(NodeTestTask.java:138) ~[junit-platform-engine-1.10.3.jar:1.10.3]
	at org.junit.platform.engine.support.hierarchical.NodeTestTask.execute(NodeTestTask.java:95) ~[junit-platform-engine-1.10.3.jar:1.10.3]
	at java.base/java.util.ArrayList.forEach(ArrayList.java:1511) ~[na:na]
	at org.junit.platform.engine.support.hierarchical.SameThreadHierarchicalTestExecutorService.invokeAll(SameThreadHierarchicalTestExecutorService.java:41) ~[junit-platform-engine-1.10.3.jar:1.10.3]
	at org.junit.platform.engine.support.hierarchical.NodeTestTask.lambda$executeRecursively$6(NodeTestTask.java:155) ~[junit-platform-engine-1.10.3.jar:1.10.3]
	at org.junit.platform.engine.support.hierarchical.ThrowableCollector.execute(ThrowableCollector.java:73) ~[junit-platform-engine-1.10.3.jar:1.10.3]
	at org.junit.platform.engine.support.hierarchical.NodeTestTask.lambda$executeRecursively$8(NodeTestTask.java:141) ~[junit-platform-engine-1.10.3.jar:1.10.3]
	at org.junit.platform.engine.support.hierarchical.Node.around(Node.java:137) ~[junit-platform-engine-1.10.3.jar:1.10.3]
	at org.junit.platform.engine.support.hierarchical.NodeTestTask.lambda$executeRecursively$9(NodeTestTask.java:139) ~[junit-platform-engine-1.10.3.jar:1.10.3]
	at org.junit.platform.engine.support.hierarchical.ThrowableCollector.execute(ThrowableCollector.java:73) ~[junit-platform-engine-1.10.3.jar:1.10.3]
	at org.junit.platform.engine.support.hierarchical.NodeTestTask.executeRecursively(NodeTestTask.java:138) ~[junit-platform-engine-1.10.3.jar:1.10.3]
	at org.junit.platform.engine.support.hierarchical.NodeTestTask.execute(NodeTestTask.java:95) ~[junit-platform-engine-1.10.3.jar:1.10.3]
	at org.junit.platform.engine.support.hierarchical.SameThreadHierarchicalTestExecutorService.submit(SameThreadHierarchicalTestExecutorService.java:35) ~[junit-platform-engine-1.10.3.jar:1.10.3]
	at org.junit.platform.engine.support.hierarchical.HierarchicalTestExecutor.execute(HierarchicalTestExecutor.java:57) ~[junit-platform-engine-1.10.3.jar:1.10.3]
	at org.junit.platform.engine.support.hierarchical.HierarchicalTestEngine.execute(HierarchicalTestEngine.java:54) ~[junit-platform-engine-1.10.3.jar:1.10.3]
	at org.junit.platform.launcher.core.EngineExecutionOrchestrator.execute(EngineExecutionOrchestrator.java:198) ~[junit-platform-launcher-1.10.3.jar:1.10.3]
	at org.junit.platform.launcher.core.EngineExecutionOrchestrator.execute(EngineExecutionOrchestrator.java:169) ~[junit-platform-launcher-1.10.3.jar:1.10.3]
	at org.junit.platform.launcher.core.EngineExecutionOrchestrator.execute(EngineExecutionOrchestrator.java:93) ~[junit-platform-launcher-1.10.3.jar:1.10.3]
	at org.junit.platform.launcher.core.EngineExecutionOrchestrator.lambda$execute$0(EngineExecutionOrchestrator.java:58) ~[junit-platform-launcher-1.10.3.jar:1.10.3]
	at org.junit.platform.launcher.core.EngineExecutionOrchestrator.withInterceptedStreams(EngineExecutionOrchestrator.java:141) ~[junit-platform-launcher-1.10.3.jar:1.10.3]
	at org.junit.platform.launcher.core.EngineExecutionOrchestrator.execute(EngineExecutionOrchestrator.java:57) ~[junit-platform-launcher-1.10.3.jar:1.10.3]
	at org.junit.platform.launcher.core.DefaultLauncher.execute(DefaultLauncher.java:103) ~[junit-platform-launcher-1.10.3.jar:1.10.3]
	at org.junit.platform.launcher.core.DefaultLauncher.execute(DefaultLauncher.java:85) ~[junit-platform-launcher-1.10.3.jar:1.10.3]
	at org.junit.platform.launcher.core.DelegatingLauncher.execute(DelegatingLauncher.java:47) ~[junit-platform-launcher-1.10.3.jar:1.10.3]
	at org.apache.maven.surefire.junitplatform.LazyLauncher.execute(LazyLauncher.java:56) ~[surefire-junit-platform-3.2.5.jar:3.2.5]
	at org.apache.maven.surefire.junitplatform.JUnitPlatformProvider.execute(JUnitPlatformProvider.java:184) ~[surefire-junit-platform-3.2.5.jar:3.2.5]
	at org.apache.maven.surefire.junitplatform.JUnitPlatformProvider.invokeAllTests(JUnitPlatformProvider.java:148) ~[surefire-junit-platform-3.2.5.jar:3.2.5]
	at org.apache.maven.surefire.junitplatform.JUnitPlatformProvider.invoke(JUnitPlatformProvider.java:122) ~[surefire-junit-platform-3.2.5.jar:3.2.5]
	at org.apache.maven.surefire.booter.ForkedBooter.runSuitesInProcess(ForkedBooter.java:385) ~[surefire-booter-3.2.5.jar:3.2.5]
	at org.apache.maven.surefire.booter.ForkedBooter.execute(ForkedBooter.java:162) ~[surefire-booter-3.2.5.jar:3.2.5]
	at org.apache.maven.surefire.booter.ForkedBooter.run(ForkedBooter.java:507) ~[surefire-booter-3.2.5.jar:3.2.5]
	at org.apache.maven.surefire.booter.ForkedBooter.main(ForkedBooter.java:495) ~[surefire-booter-3.2.5.jar:3.2.5]

2024-12-13T18:05:59.762+05:30 DEBUG 7187 --- [contenttree] [           main] o.s.d.jpa.repository.query.NamedQuery    : Did not find named query ConfirmationToken.findByConfirmationToken
2024-12-13T18:05:59.762+05:30 DEBUG 7187 --- [contenttree] [           main] tor$SharedEntityManagerInvocationHandler : Creating new EntityManager for shared EntityManager invocation
2024-12-13T18:05:59.764+05:30 DEBUG 7187 --- [contenttree] [           main] o.s.d.r.c.s.RepositoryFactorySupport     : Finished creation of repository instance for com.contenttree.confirmationtoken.ConfirmationTokenRepository.
2024-12-13T18:05:59.764+05:30 DEBUG 7187 --- [contenttree] [           main] o.s.b.f.s.DefaultListableBeanFactory     : Creating shared instance of singleton bean 'jpa.CategoryRepository.fragments#0'
2024-12-13T18:05:59.764+05:30 DEBUG 7187 --- [contenttree] [           main] o.s.b.f.s.DefaultListableBeanFactory     : Creating shared instance of singleton bean 'categoryRepository'
2024-12-13T18:05:59.764+05:30 DEBUG 7187 --- [contenttree] [           main] o.s.b.f.s.DefaultListableBeanFactory     : Creating shared instance of singleton bean 'jpa.named-queries#12'
2024-12-13T18:05:59.765+05:30 DEBUG 7187 --- [contenttree] [           main] tor$SharedEntityManagerInvocationHandler : Creating new EntityManager for shared EntityManager invocation
2024-12-13T18:05:59.765+05:30 DEBUG 7187 --- [contenttree] [           main] o.s.d.r.c.s.RepositoryFactorySupport     : Initializing repository instance for com.contenttree.category.CategoryRepository…
2024-12-13T18:05:59.765+05:30 DEBUG 7187 --- [contenttree] [           main] tor$SharedEntityManagerInvocationHandler : Creating new EntityManager for shared EntityManager invocation
2024-12-13T18:05:59.766+05:30 DEBUG 7187 --- [contenttree] [           main] o.s.d.jpa.repository.query.NamedQuery    : Looking up named query Category.findByNameIgnoreCase
2024-12-13T18:05:59.766+05:30 DEBUG 7187 --- [contenttree] [           main] cResourceLocalTransactionCoordinatorImpl : JDBC transaction marked for rollback-only (exception provided for stack trace)

java.lang.Exception: exception just for purpose of providing stack trace
	at org.hibernate.resource.transaction.backend.jdbc.internal.JdbcResourceLocalTransactionCoordinatorImpl$TransactionDriverControlImpl.markRollbackOnly(JdbcResourceLocalTransactionCoordinatorImpl.java:309) ~[hibernate-core-6.5.3.Final.jar:6.5.3.Final]
	at org.hibernate.internal.AbstractSharedSessionContract.buildNamedQuery(AbstractSharedSessionContract.java:1109) ~[hibernate-core-6.5.3.Final.jar:6.5.3.Final]
	at org.hibernate.internal.AbstractSharedSessionContract.createNamedQuery(AbstractSharedSessionContract.java:987) ~[hibernate-core-6.5.3.Final.jar:6.5.3.Final]
	at org.hibernate.internal.AbstractSharedSessionContract.createNamedQuery(AbstractSharedSessionContract.java:140) ~[hibernate-core-6.5.3.Final.jar:6.5.3.Final]
	at java.base/jdk.internal.reflect.NativeMethodAccessorImpl.invoke0(Native Method) ~[na:na]
	at java.base/jdk.internal.reflect.NativeMethodAccessorImpl.invoke(NativeMethodAccessorImpl.java:77) ~[na:na]
	at java.base/jdk.internal.reflect.DelegatingMethodAccessorImpl.invoke(DelegatingMethodAccessorImpl.java:43) ~[na:na]
	at java.base/java.lang.reflect.Method.invoke(Method.java:568) ~[na:na]
	at org.springframework.orm.jpa.ExtendedEntityManagerCreator$ExtendedEntityManagerInvocationHandler.invoke(ExtendedEntityManagerCreator.java:364) ~[spring-orm-6.1.13.jar:6.1.13]
	at jdk.proxy2/jdk.proxy2.$Proxy159.createNamedQuery(Unknown Source) ~[na:na]
	at org.springframework.data.jpa.repository.query.NamedQuery.hasNamedQuery(NamedQuery.java:112) ~[spring-data-jpa-3.3.4.jar:3.3.4]
	at org.springframework.data.jpa.repository.query.NamedQuery.lookupFrom(NamedQuery.java:138) ~[spring-data-jpa-3.3.4.jar:3.3.4]
	at org.springframework.data.jpa.repository.query.JpaQueryLookupStrategy$DeclaredQueryLookupStrategy.resolveQuery(JpaQueryLookupStrategy.java:180) ~[spring-data-jpa-3.3.4.jar:3.3.4]
	at org.springframework.data.jpa.repository.query.JpaQueryLookupStrategy$CreateIfNotFoundQueryLookupStrategy.resolveQuery(JpaQueryLookupStrategy.java:252) ~[spring-data-jpa-3.3.4.jar:3.3.4]
	at org.springframework.data.jpa.repository.query.JpaQueryLookupStrategy$AbstractQueryLookupStrategy.resolveQuery(JpaQueryLookupStrategy.java:95) ~[spring-data-jpa-3.3.4.jar:3.3.4]
	at org.springframework.data.repository.core.support.QueryExecutorMethodInterceptor.lookupQuery(QueryExecutorMethodInterceptor.java:115) ~[spring-data-commons-3.3.4.jar:3.3.4]
	at org.springframework.data.repository.core.support.QueryExecutorMethodInterceptor.mapMethodsToQuery(QueryExecutorMethodInterceptor.java:103) ~[spring-data-commons-3.3.4.jar:3.3.4]
	at org.springframework.data.repository.core.support.QueryExecutorMethodInterceptor.lambda$new$0(QueryExecutorMethodInterceptor.java:92) ~[spring-data-commons-3.3.4.jar:3.3.4]
	at java.base/java.util.Optional.map(Optional.java:260) ~[na:na]
	at org.springframework.data.repository.core.support.QueryExecutorMethodInterceptor.<init>(QueryExecutorMethodInterceptor.java:92) ~[spring-data-commons-3.3.4.jar:3.3.4]
	at org.springframework.data.repository.core.support.RepositoryFactorySupport.getRepository(RepositoryFactorySupport.java:357) ~[spring-data-commons-3.3.4.jar:3.3.4]
	at org.springframework.data.repository.core.support.RepositoryFactoryBeanSupport.lambda$afterPropertiesSet$5(RepositoryFactoryBeanSupport.java:286) ~[spring-data-commons-3.3.4.jar:3.3.4]
	at org.springframework.data.util.Lazy.getNullable(Lazy.java:135) ~[spring-data-commons-3.3.4.jar:3.3.4]
	at org.springframework.data.util.Lazy.get(Lazy.java:113) ~[spring-data-commons-3.3.4.jar:3.3.4]
	at org.springframework.data.repository.core.support.RepositoryFactoryBeanSupport.afterPropertiesSet(RepositoryFactoryBeanSupport.java:292) ~[spring-data-commons-3.3.4.jar:3.3.4]
	at org.springframework.data.jpa.repository.support.JpaRepositoryFactoryBean.afterPropertiesSet(JpaRepositoryFactoryBean.java:132) ~[spring-data-jpa-3.3.4.jar:3.3.4]
	at org.springframework.beans.factory.support.AbstractAutowireCapableBeanFactory.invokeInitMethods(AbstractAutowireCapableBeanFactory.java:1853) ~[spring-beans-6.1.13.jar:6.1.13]
	at org.springframework.beans.factory.support.AbstractAutowireCapableBeanFactory.initializeBean(AbstractAutowireCapableBeanFactory.java:1802) ~[spring-beans-6.1.13.jar:6.1.13]
	at org.springframework.beans.factory.support.AbstractAutowireCapableBeanFactory.doCreateBean(AbstractAutowireCapableBeanFactory.java:600) ~[spring-beans-6.1.13.jar:6.1.13]
	at org.springframework.beans.factory.support.AbstractAutowireCapableBeanFactory.createBean(AbstractAutowireCapableBeanFactory.java:522) ~[spring-beans-6.1.13.jar:6.1.13]
	at org.springframework.beans.factory.support.AbstractBeanFactory.lambda$doGetBean$0(AbstractBeanFactory.java:337) ~[spring-beans-6.1.13.jar:6.1.13]
	at org.springframework.beans.factory.support.DefaultSingletonBeanRegistry.getSingleton(DefaultSingletonBeanRegistry.java:234) ~[spring-beans-6.1.13.jar:6.1.13]
	at org.springframework.beans.factory.support.AbstractBeanFactory.doGetBean(AbstractBeanFactory.java:335) ~[spring-beans-6.1.13.jar:6.1.13]
	at org.springframework.beans.factory.support.AbstractBeanFactory.getBean(AbstractBeanFactory.java:200) ~[spring-beans-6.1.13.jar:6.1.13]
	at org.springframework.beans.factory.support.DefaultListableBeanFactory.preInstantiateSingletons(DefaultListableBeanFactory.java:969) ~[spring-beans-6.1.13.jar:6.1.13]
	at org.springframework.context.support.AbstractApplicationContext.finishBeanFactoryInitialization(AbstractApplicationContext.java:971) ~[spring-context-6.1.13.jar:6.1.13]
	at org.springframework.context.support.AbstractApplicationContext.refresh(AbstractApplicationContext.java:625) ~[spring-context-6.1.13.jar:6.1.13]
	at org.springframework.boot.SpringApplication.refresh(SpringApplication.java:754) ~[spring-boot-3.3.4.jar:3.3.4]
	at org.springframework.boot.SpringApplication.refreshContext(SpringApplication.java:456) ~[spring-boot-3.3.4.jar:3.3.4]
	at org.springframework.boot.SpringApplication.run(SpringApplication.java:335) ~[spring-boot-3.3.4.jar:3.3.4]
	at org.springframework.boot.test.context.SpringBootContextLoader.lambda$loadContext$3(SpringBootContextLoader.java:137) ~[spring-boot-test-3.3.4.jar:3.3.4]
	at org.springframework.util.function.ThrowingSupplier.get(ThrowingSupplier.java:58) ~[spring-core-6.1.13.jar:6.1.13]
	at org.springframework.util.function.ThrowingSupplier.get(ThrowingSupplier.java:46) ~[spring-core-6.1.13.jar:6.1.13]
	at org.springframework.boot.SpringApplication.withHook(SpringApplication.java:1463) ~[spring-boot-3.3.4.jar:3.3.4]
	at org.springframework.boot.test.context.SpringBootContextLoader$ContextLoaderHook.run(SpringBootContextLoader.java:553) ~[spring-boot-test-3.3.4.jar:3.3.4]
	at org.springframework.boot.test.context.SpringBootContextLoader.loadContext(SpringBootContextLoader.java:137) ~[spring-boot-test-3.3.4.jar:3.3.4]
	at org.springframework.boot.test.context.SpringBootContextLoader.loadContext(SpringBootContextLoader.java:108) ~[spring-boot-test-3.3.4.jar:3.3.4]
	at org.springframework.test.context.cache.DefaultCacheAwareContextLoaderDelegate.loadContextInternal(DefaultCacheAwareContextLoaderDelegate.java:225) ~[spring-test-6.1.13.jar:6.1.13]
	at org.springframework.test.context.cache.DefaultCacheAwareContextLoaderDelegate.loadContext(DefaultCacheAwareContextLoaderDelegate.java:152) ~[spring-test-6.1.13.jar:6.1.13]
	at org.springframework.test.context.support.DefaultTestContext.getApplicationContext(DefaultTestContext.java:130) ~[spring-test-6.1.13.jar:6.1.13]
	at org.springframework.test.context.web.ServletTestExecutionListener.setUpRequestContextIfNecessary(ServletTestExecutionListener.java:191) ~[spring-test-6.1.13.jar:6.1.13]
	at org.springframework.test.context.web.ServletTestExecutionListener.prepareTestInstance(ServletTestExecutionListener.java:130) ~[spring-test-6.1.13.jar:6.1.13]
	at org.springframework.test.context.TestContextManager.prepareTestInstance(TestContextManager.java:260) ~[spring-test-6.1.13.jar:6.1.13]
	at org.springframework.test.context.junit.jupiter.SpringExtension.postProcessTestInstance(SpringExtension.java:163) ~[spring-test-6.1.13.jar:6.1.13]
	at org.junit.jupiter.engine.descriptor.ClassBasedTestDescriptor.lambda$invokeTestInstancePostProcessors$10(ClassBasedTestDescriptor.java:378) ~[junit-jupiter-engine-5.10.3.jar:5.10.3]
	at org.junit.jupiter.engine.descriptor.ClassBasedTestDescriptor.executeAndMaskThrowable(ClassBasedTestDescriptor.java:383) ~[junit-jupiter-engine-5.10.3.jar:5.10.3]
	at org.junit.jupiter.engine.descriptor.ClassBasedTestDescriptor.lambda$invokeTestInstancePostProcessors$11(ClassBasedTestDescriptor.java:378) ~[junit-jupiter-engine-5.10.3.jar:5.10.3]
	at java.base/java.util.stream.ReferencePipeline$3$1.accept(ReferencePipeline.java:197) ~[na:na]
	at java.base/java.util.stream.ReferencePipeline$2$1.accept(ReferencePipeline.java:179) ~[na:na]
	at java.base/java.util.ArrayList$ArrayListSpliterator.forEachRemaining(ArrayList.java:1625) ~[na:na]
	at java.base/java.util.stream.AbstractPipeline.copyInto(AbstractPipeline.java:509) ~[na:na]
	at java.base/java.util.stream.AbstractPipeline.wrapAndCopyInto(AbstractPipeline.java:499) ~[na:na]
	at java.base/java.util.stream.StreamSpliterators$WrappingSpliterator.forEachRemaining(StreamSpliterators.java:310) ~[na:na]
	at java.base/java.util.stream.Streams$ConcatSpliterator.forEachRemaining(Streams.java:735) ~[na:na]
	at java.base/java.util.stream.Streams$ConcatSpliterator.forEachRemaining(Streams.java:734) ~[na:na]
	at java.base/java.util.stream.ReferencePipeline$Head.forEach(ReferencePipeline.java:762) ~[na:na]
	at org.junit.jupiter.engine.descriptor.ClassBasedTestDescriptor.invokeTestInstancePostProcessors(ClassBasedTestDescriptor.java:377) ~[junit-jupiter-engine-5.10.3.jar:5.10.3]
	at org.junit.jupiter.engine.descriptor.ClassBasedTestDescriptor.lambda$instantiateAndPostProcessTestInstance$6(ClassBasedTestDescriptor.java:290) ~[junit-jupiter-engine-5.10.3.jar:5.10.3]
	at org.junit.platform.engine.support.hierarchical.ThrowableCollector.execute(ThrowableCollector.java:73) ~[junit-platform-engine-1.10.3.jar:1.10.3]
	at org.junit.jupiter.engine.descriptor.ClassBasedTestDescriptor.instantiateAndPostProcessTestInstance(ClassBasedTestDescriptor.java:289) ~[junit-jupiter-engine-5.10.3.jar:5.10.3]
	at org.junit.jupiter.engine.descriptor.ClassBasedTestDescriptor.lambda$testInstancesProvider$4(ClassBasedTestDescriptor.java:279) ~[junit-jupiter-engine-5.10.3.jar:5.10.3]
	at java.base/java.util.Optional.orElseGet(Optional.java:364) ~[na:na]
	at org.junit.jupiter.engine.descriptor.ClassBasedTestDescriptor.lambda$testInstancesProvider$5(ClassBasedTestDescriptor.java:278) ~[junit-jupiter-engine-5.10.3.jar:5.10.3]
	at org.junit.jupiter.engine.execution.TestInstancesProvider.getTestInstances(TestInstancesProvider.java:31) ~[junit-jupiter-engine-5.10.3.jar:5.10.3]
	at org.junit.jupiter.engine.descriptor.TestMethodTestDescriptor.lambda$prepare$0(TestMethodTestDescriptor.java:106) ~[junit-jupiter-engine-5.10.3.jar:5.10.3]
	at org.junit.platform.engine.support.hierarchical.ThrowableCollector.execute(ThrowableCollector.java:73) ~[junit-platform-engine-1.10.3.jar:1.10.3]
	at org.junit.jupiter.engine.descriptor.TestMethodTestDescriptor.prepare(TestMethodTestDescriptor.java:105) ~[junit-jupiter-engine-5.10.3.jar:5.10.3]
	at org.junit.jupiter.engine.descriptor.TestMethodTestDescriptor.prepare(TestMethodTestDescriptor.java:69) ~[junit-jupiter-engine-5.10.3.jar:5.10.3]
	at org.junit.platform.engine.support.hierarchical.NodeTestTask.lambda$prepare$2(NodeTestTask.java:123) ~[junit-platform-engine-1.10.3.jar:1.10.3]
	at org.junit.platform.engine.support.hierarchical.ThrowableCollector.execute(ThrowableCollector.java:73) ~[junit-platform-engine-1.10.3.jar:1.10.3]
	at org.junit.platform.engine.support.hierarchical.NodeTestTask.prepare(NodeTestTask.java:123) ~[junit-platform-engine-1.10.3.jar:1.10.3]
	at org.junit.platform.engine.support.hierarchical.NodeTestTask.execute(NodeTestTask.java:90) ~[junit-platform-engine-1.10.3.jar:1.10.3]
	at java.base/java.util.ArrayList.forEach(ArrayList.java:1511) ~[na:na]
	at org.junit.platform.engine.support.hierarchical.SameThreadHierarchicalTestExecutorService.invokeAll(SameThreadHierarchicalTestExecutorService.java:41) ~[junit-platform-engine-1.10.3.jar:1.10.3]
	at org.junit.platform.engine.support.hierarchical.NodeTestTask.lambda$executeRecursively$6(NodeTestTask.java:155) ~[junit-platform-engine-1.10.3.jar:1.10.3]
	at org.junit.platform.engine.support.hierarchical.ThrowableCollector.execute(ThrowableCollector.java:73) ~[junit-platform-engine-1.10.3.jar:1.10.3]
	at org.junit.platform.engine.support.hierarchical.NodeTestTask.lambda$executeRecursively$8(NodeTestTask.java:141) ~[junit-platform-engine-1.10.3.jar:1.10.3]
	at org.junit.platform.engine.support.hierarchical.Node.around(Node.java:137) ~[junit-platform-engine-1.10.3.jar:1.10.3]
	at org.junit.platform.engine.support.hierarchical.NodeTestTask.lambda$executeRecursively$9(NodeTestTask.java:139) ~[junit-platform-engine-1.10.3.jar:1.10.3]
	at org.junit.platform.engine.support.hierarchical.ThrowableCollector.execute(ThrowableCollector.java:73) ~[junit-platform-engine-1.10.3.jar:1.10.3]
	at org.junit.platform.engine.support.hierarchical.NodeTestTask.executeRecursively(NodeTestTask.java:138) ~[junit-platform-engine-1.10.3.jar:1.10.3]
	at org.junit.platform.engine.support.hierarchical.NodeTestTask.execute(NodeTestTask.java:95) ~[junit-platform-engine-1.10.3.jar:1.10.3]
	at java.base/java.util.ArrayList.forEach(ArrayList.java:1511) ~[na:na]
	at org.junit.platform.engine.support.hierarchical.SameThreadHierarchicalTestExecutorService.invokeAll(SameThreadHierarchicalTestExecutorService.java:41) ~[junit-platform-engine-1.10.3.jar:1.10.3]
	at org.junit.platform.engine.support.hierarchical.NodeTestTask.lambda$executeRecursively$6(NodeTestTask.java:155) ~[junit-platform-engine-1.10.3.jar:1.10.3]
	at org.junit.platform.engine.support.hierarchical.ThrowableCollector.execute(ThrowableCollector.java:73) ~[junit-platform-engine-1.10.3.jar:1.10.3]
	at org.junit.platform.engine.support.hierarchical.NodeTestTask.lambda$executeRecursively$8(NodeTestTask.java:141) ~[junit-platform-engine-1.10.3.jar:1.10.3]
	at org.junit.platform.engine.support.hierarchical.Node.around(Node.java:137) ~[junit-platform-engine-1.10.3.jar:1.10.3]
	at org.junit.platform.engine.support.hierarchical.NodeTestTask.lambda$executeRecursively$9(NodeTestTask.java:139) ~[junit-platform-engine-1.10.3.jar:1.10.3]
	at org.junit.platform.engine.support.hierarchical.ThrowableCollector.execute(ThrowableCollector.java:73) ~[junit-platform-engine-1.10.3.jar:1.10.3]
	at org.junit.platform.engine.support.hierarchical.NodeTestTask.executeRecursively(NodeTestTask.java:138) ~[junit-platform-engine-1.10.3.jar:1.10.3]
	at org.junit.platform.engine.support.hierarchical.NodeTestTask.execute(NodeTestTask.java:95) ~[junit-platform-engine-1.10.3.jar:1.10.3]
	at org.junit.platform.engine.support.hierarchical.SameThreadHierarchicalTestExecutorService.submit(SameThreadHierarchicalTestExecutorService.java:35) ~[junit-platform-engine-1.10.3.jar:1.10.3]
	at org.junit.platform.engine.support.hierarchical.HierarchicalTestExecutor.execute(HierarchicalTestExecutor.java:57) ~[junit-platform-engine-1.10.3.jar:1.10.3]
	at org.junit.platform.engine.support.hierarchical.HierarchicalTestEngine.execute(HierarchicalTestEngine.java:54) ~[junit-platform-engine-1.10.3.jar:1.10.3]
	at org.junit.platform.launcher.core.EngineExecutionOrchestrator.execute(EngineExecutionOrchestrator.java:198) ~[junit-platform-launcher-1.10.3.jar:1.10.3]
	at org.junit.platform.launcher.core.EngineExecutionOrchestrator.execute(EngineExecutionOrchestrator.java:169) ~[junit-platform-launcher-1.10.3.jar:1.10.3]
	at org.junit.platform.launcher.core.EngineExecutionOrchestrator.execute(EngineExecutionOrchestrator.java:93) ~[junit-platform-launcher-1.10.3.jar:1.10.3]
	at org.junit.platform.launcher.core.EngineExecutionOrchestrator.lambda$execute$0(EngineExecutionOrchestrator.java:58) ~[junit-platform-launcher-1.10.3.jar:1.10.3]
	at org.junit.platform.launcher.core.EngineExecutionOrchestrator.withInterceptedStreams(EngineExecutionOrchestrator.java:141) ~[junit-platform-launcher-1.10.3.jar:1.10.3]
	at org.junit.platform.launcher.core.EngineExecutionOrchestrator.execute(EngineExecutionOrchestrator.java:57) ~[junit-platform-launcher-1.10.3.jar:1.10.3]
	at org.junit.platform.launcher.core.DefaultLauncher.execute(DefaultLauncher.java:103) ~[junit-platform-launcher-1.10.3.jar:1.10.3]
	at org.junit.platform.launcher.core.DefaultLauncher.execute(DefaultLauncher.java:85) ~[junit-platform-launcher-1.10.3.jar:1.10.3]
	at org.junit.platform.launcher.core.DelegatingLauncher.execute(DelegatingLauncher.java:47) ~[junit-platform-launcher-1.10.3.jar:1.10.3]
	at org.apache.maven.surefire.junitplatform.LazyLauncher.execute(LazyLauncher.java:56) ~[surefire-junit-platform-3.2.5.jar:3.2.5]
	at org.apache.maven.surefire.junitplatform.JUnitPlatformProvider.execute(JUnitPlatformProvider.java:184) ~[surefire-junit-platform-3.2.5.jar:3.2.5]
	at org.apache.maven.surefire.junitplatform.JUnitPlatformProvider.invokeAllTests(JUnitPlatformProvider.java:148) ~[surefire-junit-platform-3.2.5.jar:3.2.5]
	at org.apache.maven.surefire.junitplatform.JUnitPlatformProvider.invoke(JUnitPlatformProvider.java:122) ~[surefire-junit-platform-3.2.5.jar:3.2.5]
	at org.apache.maven.surefire.booter.ForkedBooter.runSuitesInProcess(ForkedBooter.java:385) ~[surefire-booter-3.2.5.jar:3.2.5]
	at org.apache.maven.surefire.booter.ForkedBooter.execute(ForkedBooter.java:162) ~[surefire-booter-3.2.5.jar:3.2.5]
	at org.apache.maven.surefire.booter.ForkedBooter.run(ForkedBooter.java:507) ~[surefire-booter-3.2.5.jar:3.2.5]
	at org.apache.maven.surefire.booter.ForkedBooter.main(ForkedBooter.java:495) ~[surefire-booter-3.2.5.jar:3.2.5]

2024-12-13T18:05:59.767+05:30 DEBUG 7187 --- [contenttree] [           main] o.s.d.jpa.repository.query.NamedQuery    : Did not find named query Category.findByNameIgnoreCase
2024-12-13T18:05:59.767+05:30 DEBUG 7187 --- [contenttree] [           main] tor$SharedEntityManagerInvocationHandler : Creating new EntityManager for shared EntityManager invocation
2024-12-13T18:05:59.768+05:30 DEBUG 7187 --- [contenttree] [           main] o.s.d.jpa.repository.query.NamedQuery    : Looking up named query Category.existsByName
2024-12-13T18:05:59.768+05:30 DEBUG 7187 --- [contenttree] [           main] cResourceLocalTransactionCoordinatorImpl : JDBC transaction marked for rollback-only (exception provided for stack trace)

java.lang.Exception: exception just for purpose of providing stack trace
	at org.hibernate.resource.transaction.backend.jdbc.internal.JdbcResourceLocalTransactionCoordinatorImpl$TransactionDriverControlImpl.markRollbackOnly(JdbcResourceLocalTransactionCoordinatorImpl.java:309) ~[hibernate-core-6.5.3.Final.jar:6.5.3.Final]
	at org.hibernate.internal.AbstractSharedSessionContract.buildNamedQuery(AbstractSharedSessionContract.java:1109) ~[hibernate-core-6.5.3.Final.jar:6.5.3.Final]
	at org.hibernate.internal.AbstractSharedSessionContract.createNamedQuery(AbstractSharedSessionContract.java:987) ~[hibernate-core-6.5.3.Final.jar:6.5.3.Final]
	at org.hibernate.internal.AbstractSharedSessionContract.createNamedQuery(AbstractSharedSessionContract.java:140) ~[hibernate-core-6.5.3.Final.jar:6.5.3.Final]
	at jdk.internal.reflect.GeneratedMethodAccessor34.invoke(Unknown Source) ~[na:na]
	at java.base/jdk.internal.reflect.DelegatingMethodAccessorImpl.invoke(DelegatingMethodAccessorImpl.java:43) ~[na:na]
	at java.base/java.lang.reflect.Method.invoke(Method.java:568) ~[na:na]
	at org.springframework.orm.jpa.ExtendedEntityManagerCreator$ExtendedEntityManagerInvocationHandler.invoke(ExtendedEntityManagerCreator.java:364) ~[spring-orm-6.1.13.jar:6.1.13]
	at jdk.proxy2/jdk.proxy2.$Proxy159.createNamedQuery(Unknown Source) ~[na:na]
	at org.springframework.data.jpa.repository.query.NamedQuery.hasNamedQuery(NamedQuery.java:112) ~[spring-data-jpa-3.3.4.jar:3.3.4]
	at org.springframework.data.jpa.repository.query.NamedQuery.lookupFrom(NamedQuery.java:138) ~[spring-data-jpa-3.3.4.jar:3.3.4]
	at org.springframework.data.jpa.repository.query.JpaQueryLookupStrategy$DeclaredQueryLookupStrategy.resolveQuery(JpaQueryLookupStrategy.java:180) ~[spring-data-jpa-3.3.4.jar:3.3.4]
	at org.springframework.data.jpa.repository.query.JpaQueryLookupStrategy$CreateIfNotFoundQueryLookupStrategy.resolveQuery(JpaQueryLookupStrategy.java:252) ~[spring-data-jpa-3.3.4.jar:3.3.4]
	at org.springframework.data.jpa.repository.query.JpaQueryLookupStrategy$AbstractQueryLookupStrategy.resolveQuery(JpaQueryLookupStrategy.java:95) ~[spring-data-jpa-3.3.4.jar:3.3.4]
	at org.springframework.data.repository.core.support.QueryExecutorMethodInterceptor.lookupQuery(QueryExecutorMethodInterceptor.java:115) ~[spring-data-commons-3.3.4.jar:3.3.4]
	at org.springframework.data.repository.core.support.QueryExecutorMethodInterceptor.mapMethodsToQuery(QueryExecutorMethodInterceptor.java:103) ~[spring-data-commons-3.3.4.jar:3.3.4]
	at org.springframework.data.repository.core.support.QueryExecutorMethodInterceptor.lambda$new$0(QueryExecutorMethodInterceptor.java:92) ~[spring-data-commons-3.3.4.jar:3.3.4]
	at java.base/java.util.Optional.map(Optional.java:260) ~[na:na]
	at org.springframework.data.repository.core.support.QueryExecutorMethodInterceptor.<init>(QueryExecutorMethodInterceptor.java:92) ~[spring-data-commons-3.3.4.jar:3.3.4]
	at org.springframework.data.repository.core.support.RepositoryFactorySupport.getRepository(RepositoryFactorySupport.java:357) ~[spring-data-commons-3.3.4.jar:3.3.4]
	at org.springframework.data.repository.core.support.RepositoryFactoryBeanSupport.lambda$afterPropertiesSet$5(RepositoryFactoryBeanSupport.java:286) ~[spring-data-commons-3.3.4.jar:3.3.4]
	at org.springframework.data.util.Lazy.getNullable(Lazy.java:135) ~[spring-data-commons-3.3.4.jar:3.3.4]
	at org.springframework.data.util.Lazy.get(Lazy.java:113) ~[spring-data-commons-3.3.4.jar:3.3.4]
	at org.springframework.data.repository.core.support.RepositoryFactoryBeanSupport.afterPropertiesSet(RepositoryFactoryBeanSupport.java:292) ~[spring-data-commons-3.3.4.jar:3.3.4]
	at org.springframework.data.jpa.repository.support.JpaRepositoryFactoryBean.afterPropertiesSet(JpaRepositoryFactoryBean.java:132) ~[spring-data-jpa-3.3.4.jar:3.3.4]
	at org.springframework.beans.factory.support.AbstractAutowireCapableBeanFactory.invokeInitMethods(AbstractAutowireCapableBeanFactory.java:1853) ~[spring-beans-6.1.13.jar:6.1.13]
	at org.springframework.beans.factory.support.AbstractAutowireCapableBeanFactory.initializeBean(AbstractAutowireCapableBeanFactory.java:1802) ~[spring-beans-6.1.13.jar:6.1.13]
	at org.springframework.beans.factory.support.AbstractAutowireCapableBeanFactory.doCreateBean(AbstractAutowireCapableBeanFactory.java:600) ~[spring-beans-6.1.13.jar:6.1.13]
	at org.springframework.beans.factory.support.AbstractAutowireCapableBeanFactory.createBean(AbstractAutowireCapableBeanFactory.java:522) ~[spring-beans-6.1.13.jar:6.1.13]
	at org.springframework.beans.factory.support.AbstractBeanFactory.lambda$doGetBean$0(AbstractBeanFactory.java:337) ~[spring-beans-6.1.13.jar:6.1.13]
	at org.springframework.beans.factory.support.DefaultSingletonBeanRegistry.getSingleton(DefaultSingletonBeanRegistry.java:234) ~[spring-beans-6.1.13.jar:6.1.13]
	at org.springframework.beans.factory.support.AbstractBeanFactory.doGetBean(AbstractBeanFactory.java:335) ~[spring-beans-6.1.13.jar:6.1.13]
	at org.springframework.beans.factory.support.AbstractBeanFactory.getBean(AbstractBeanFactory.java:200) ~[spring-beans-6.1.13.jar:6.1.13]
	at org.springframework.beans.factory.support.DefaultListableBeanFactory.preInstantiateSingletons(DefaultListableBeanFactory.java:969) ~[spring-beans-6.1.13.jar:6.1.13]
	at org.springframework.context.support.AbstractApplicationContext.finishBeanFactoryInitialization(AbstractApplicationContext.java:971) ~[spring-context-6.1.13.jar:6.1.13]
	at org.springframework.context.support.AbstractApplicationContext.refresh(AbstractApplicationContext.java:625) ~[spring-context-6.1.13.jar:6.1.13]
	at org.springframework.boot.SpringApplication.refresh(SpringApplication.java:754) ~[spring-boot-3.3.4.jar:3.3.4]
	at org.springframework.boot.SpringApplication.refreshContext(SpringApplication.java:456) ~[spring-boot-3.3.4.jar:3.3.4]
	at org.springframework.boot.SpringApplication.run(SpringApplication.java:335) ~[spring-boot-3.3.4.jar:3.3.4]
	at org.springframework.boot.test.context.SpringBootContextLoader.lambda$loadContext$3(SpringBootContextLoader.java:137) ~[spring-boot-test-3.3.4.jar:3.3.4]
	at org.springframework.util.function.ThrowingSupplier.get(ThrowingSupplier.java:58) ~[spring-core-6.1.13.jar:6.1.13]
	at org.springframework.util.function.ThrowingSupplier.get(ThrowingSupplier.java:46) ~[spring-core-6.1.13.jar:6.1.13]
	at org.springframework.boot.SpringApplication.withHook(SpringApplication.java:1463) ~[spring-boot-3.3.4.jar:3.3.4]
	at org.springframework.boot.test.context.SpringBootContextLoader$ContextLoaderHook.run(SpringBootContextLoader.java:553) ~[spring-boot-test-3.3.4.jar:3.3.4]
	at org.springframework.boot.test.context.SpringBootContextLoader.loadContext(SpringBootContextLoader.java:137) ~[spring-boot-test-3.3.4.jar:3.3.4]
	at org.springframework.boot.test.context.SpringBootContextLoader.loadContext(SpringBootContextLoader.java:108) ~[spring-boot-test-3.3.4.jar:3.3.4]
	at org.springframework.test.context.cache.DefaultCacheAwareContextLoaderDelegate.loadContextInternal(DefaultCacheAwareContextLoaderDelegate.java:225) ~[spring-test-6.1.13.jar:6.1.13]
	at org.springframework.test.context.cache.DefaultCacheAwareContextLoaderDelegate.loadContext(DefaultCacheAwareContextLoaderDelegate.java:152) ~[spring-test-6.1.13.jar:6.1.13]
	at org.springframework.test.context.support.DefaultTestContext.getApplicationContext(DefaultTestContext.java:130) ~[spring-test-6.1.13.jar:6.1.13]
	at org.springframework.test.context.web.ServletTestExecutionListener.setUpRequestContextIfNecessary(ServletTestExecutionListener.java:191) ~[spring-test-6.1.13.jar:6.1.13]
	at org.springframework.test.context.web.ServletTestExecutionListener.prepareTestInstance(ServletTestExecutionListener.java:130) ~[spring-test-6.1.13.jar:6.1.13]
	at org.springframework.test.context.TestContextManager.prepareTestInstance(TestContextManager.java:260) ~[spring-test-6.1.13.jar:6.1.13]
	at org.springframework.test.context.junit.jupiter.SpringExtension.postProcessTestInstance(SpringExtension.java:163) ~[spring-test-6.1.13.jar:6.1.13]
	at org.junit.jupiter.engine.descriptor.ClassBasedTestDescriptor.lambda$invokeTestInstancePostProcessors$10(ClassBasedTestDescriptor.java:378) ~[junit-jupiter-engine-5.10.3.jar:5.10.3]
	at org.junit.jupiter.engine.descriptor.ClassBasedTestDescriptor.executeAndMaskThrowable(ClassBasedTestDescriptor.java:383) ~[junit-jupiter-engine-5.10.3.jar:5.10.3]
	at org.junit.jupiter.engine.descriptor.ClassBasedTestDescriptor.lambda$invokeTestInstancePostProcessors$11(ClassBasedTestDescriptor.java:378) ~[junit-jupiter-engine-5.10.3.jar:5.10.3]
	at java.base/java.util.stream.ReferencePipeline$3$1.accept(ReferencePipeline.java:197) ~[na:na]
	at java.base/java.util.stream.ReferencePipeline$2$1.accept(ReferencePipeline.java:179) ~[na:na]
	at java.base/java.util.ArrayList$ArrayListSpliterator.forEachRemaining(ArrayList.java:1625) ~[na:na]
	at java.base/java.util.stream.AbstractPipeline.copyInto(AbstractPipeline.java:509) ~[na:na]
	at java.base/java.util.stream.AbstractPipeline.wrapAndCopyInto(AbstractPipeline.java:499) ~[na:na]
	at java.base/java.util.stream.StreamSpliterators$WrappingSpliterator.forEachRemaining(StreamSpliterators.java:310) ~[na:na]
	at java.base/java.util.stream.Streams$ConcatSpliterator.forEachRemaining(Streams.java:735) ~[na:na]
	at java.base/java.util.stream.Streams$ConcatSpliterator.forEachRemaining(Streams.java:734) ~[na:na]
	at java.base/java.util.stream.ReferencePipeline$Head.forEach(ReferencePipeline.java:762) ~[na:na]
	at org.junit.jupiter.engine.descriptor.ClassBasedTestDescriptor.invokeTestInstancePostProcessors(ClassBasedTestDescriptor.java:377) ~[junit-jupiter-engine-5.10.3.jar:5.10.3]
	at org.junit.jupiter.engine.descriptor.ClassBasedTestDescriptor.lambda$instantiateAndPostProcessTestInstance$6(ClassBasedTestDescriptor.java:290) ~[junit-jupiter-engine-5.10.3.jar:5.10.3]
	at org.junit.platform.engine.support.hierarchical.ThrowableCollector.execute(ThrowableCollector.java:73) ~[junit-platform-engine-1.10.3.jar:1.10.3]
	at org.junit.jupiter.engine.descriptor.ClassBasedTestDescriptor.instantiateAndPostProcessTestInstance(ClassBasedTestDescriptor.java:289) ~[junit-jupiter-engine-5.10.3.jar:5.10.3]
	at org.junit.jupiter.engine.descriptor.ClassBasedTestDescriptor.lambda$testInstancesProvider$4(ClassBasedTestDescriptor.java:279) ~[junit-jupiter-engine-5.10.3.jar:5.10.3]
	at java.base/java.util.Optional.orElseGet(Optional.java:364) ~[na:na]
	at org.junit.jupiter.engine.descriptor.ClassBasedTestDescriptor.lambda$testInstancesProvider$5(ClassBasedTestDescriptor.java:278) ~[junit-jupiter-engine-5.10.3.jar:5.10.3]
	at org.junit.jupiter.engine.execution.TestInstancesProvider.getTestInstances(TestInstancesProvider.java:31) ~[junit-jupiter-engine-5.10.3.jar:5.10.3]
	at org.junit.jupiter.engine.descriptor.TestMethodTestDescriptor.lambda$prepare$0(TestMethodTestDescriptor.java:106) ~[junit-jupiter-engine-5.10.3.jar:5.10.3]
	at org.junit.platform.engine.support.hierarchical.ThrowableCollector.execute(ThrowableCollector.java:73) ~[junit-platform-engine-1.10.3.jar:1.10.3]
	at org.junit.jupiter.engine.descriptor.TestMethodTestDescriptor.prepare(TestMethodTestDescriptor.java:105) ~[junit-jupiter-engine-5.10.3.jar:5.10.3]
	at org.junit.jupiter.engine.descriptor.TestMethodTestDescriptor.prepare(TestMethodTestDescriptor.java:69) ~[junit-jupiter-engine-5.10.3.jar:5.10.3]
	at org.junit.platform.engine.support.hierarchical.NodeTestTask.lambda$prepare$2(NodeTestTask.java:123) ~[junit-platform-engine-1.10.3.jar:1.10.3]
	at org.junit.platform.engine.support.hierarchical.ThrowableCollector.execute(ThrowableCollector.java:73) ~[junit-platform-engine-1.10.3.jar:1.10.3]
	at org.junit.platform.engine.support.hierarchical.NodeTestTask.prepare(NodeTestTask.java:123) ~[junit-platform-engine-1.10.3.jar:1.10.3]
	at org.junit.platform.engine.support.hierarchical.NodeTestTask.execute(NodeTestTask.java:90) ~[junit-platform-engine-1.10.3.jar:1.10.3]
	at java.base/java.util.ArrayList.forEach(ArrayList.java:1511) ~[na:na]
	at org.junit.platform.engine.support.hierarchical.SameThreadHierarchicalTestExecutorService.invokeAll(SameThreadHierarchicalTestExecutorService.java:41) ~[junit-platform-engine-1.10.3.jar:1.10.3]
	at org.junit.platform.engine.support.hierarchical.NodeTestTask.lambda$executeRecursively$6(NodeTestTask.java:155) ~[junit-platform-engine-1.10.3.jar:1.10.3]
	at org.junit.platform.engine.support.hierarchical.ThrowableCollector.execute(ThrowableCollector.java:73) ~[junit-platform-engine-1.10.3.jar:1.10.3]
	at org.junit.platform.engine.support.hierarchical.NodeTestTask.lambda$executeRecursively$8(NodeTestTask.java:141) ~[junit-platform-engine-1.10.3.jar:1.10.3]
	at org.junit.platform.engine.support.hierarchical.Node.around(Node.java:137) ~[junit-platform-engine-1.10.3.jar:1.10.3]
	at org.junit.platform.engine.support.hierarchical.NodeTestTask.lambda$executeRecursively$9(NodeTestTask.java:139) ~[junit-platform-engine-1.10.3.jar:1.10.3]
	at org.junit.platform.engine.support.hierarchical.ThrowableCollector.execute(ThrowableCollector.java:73) ~[junit-platform-engine-1.10.3.jar:1.10.3]
	at org.junit.platform.engine.support.hierarchical.NodeTestTask.executeRecursively(NodeTestTask.java:138) ~[junit-platform-engine-1.10.3.jar:1.10.3]
	at org.junit.platform.engine.support.hierarchical.NodeTestTask.execute(NodeTestTask.java:95) ~[junit-platform-engine-1.10.3.jar:1.10.3]
	at java.base/java.util.ArrayList.forEach(ArrayList.java:1511) ~[na:na]
	at org.junit.platform.engine.support.hierarchical.SameThreadHierarchicalTestExecutorService.invokeAll(SameThreadHierarchicalTestExecutorService.java:41) ~[junit-platform-engine-1.10.3.jar:1.10.3]
	at org.junit.platform.engine.support.hierarchical.NodeTestTask.lambda$executeRecursively$6(NodeTestTask.java:155) ~[junit-platform-engine-1.10.3.jar:1.10.3]
	at org.junit.platform.engine.support.hierarchical.ThrowableCollector.execute(ThrowableCollector.java:73) ~[junit-platform-engine-1.10.3.jar:1.10.3]
	at org.junit.platform.engine.support.hierarchical.NodeTestTask.lambda$executeRecursively$8(NodeTestTask.java:141) ~[junit-platform-engine-1.10.3.jar:1.10.3]
	at org.junit.platform.engine.support.hierarchical.Node.around(Node.java:137) ~[junit-platform-engine-1.10.3.jar:1.10.3]
	at org.junit.platform.engine.support.hierarchical.NodeTestTask.lambda$executeRecursively$9(NodeTestTask.java:139) ~[junit-platform-engine-1.10.3.jar:1.10.3]
	at org.junit.platform.engine.support.hierarchical.ThrowableCollector.execute(ThrowableCollector.java:73) ~[junit-platform-engine-1.10.3.jar:1.10.3]
	at org.junit.platform.engine.support.hierarchical.NodeTestTask.executeRecursively(NodeTestTask.java:138) ~[junit-platform-engine-1.10.3.jar:1.10.3]
	at org.junit.platform.engine.support.hierarchical.NodeTestTask.execute(NodeTestTask.java:95) ~[junit-platform-engine-1.10.3.jar:1.10.3]
	at org.junit.platform.engine.support.hierarchical.SameThreadHierarchicalTestExecutorService.submit(SameThreadHierarchicalTestExecutorService.java:35) ~[junit-platform-engine-1.10.3.jar:1.10.3]
	at org.junit.platform.engine.support.hierarchical.HierarchicalTestExecutor.execute(HierarchicalTestExecutor.java:57) ~[junit-platform-engine-1.10.3.jar:1.10.3]
	at org.junit.platform.engine.support.hierarchical.HierarchicalTestEngine.execute(HierarchicalTestEngine.java:54) ~[junit-platform-engine-1.10.3.jar:1.10.3]
	at org.junit.platform.launcher.core.EngineExecutionOrchestrator.execute(EngineExecutionOrchestrator.java:198) ~[junit-platform-launcher-1.10.3.jar:1.10.3]
	at org.junit.platform.launcher.core.EngineExecutionOrchestrator.execute(EngineExecutionOrchestrator.java:169) ~[junit-platform-launcher-1.10.3.jar:1.10.3]
	at org.junit.platform.launcher.core.EngineExecutionOrchestrator.execute(EngineExecutionOrchestrator.java:93) ~[junit-platform-launcher-1.10.3.jar:1.10.3]
	at org.junit.platform.launcher.core.EngineExecutionOrchestrator.lambda$execute$0(EngineExecutionOrchestrator.java:58) ~[junit-platform-launcher-1.10.3.jar:1.10.3]
	at org.junit.platform.launcher.core.EngineExecutionOrchestrator.withInterceptedStreams(EngineExecutionOrchestrator.java:141) ~[junit-platform-launcher-1.10.3.jar:1.10.3]
	at org.junit.platform.launcher.core.EngineExecutionOrchestrator.execute(EngineExecutionOrchestrator.java:57) ~[junit-platform-launcher-1.10.3.jar:1.10.3]
	at org.junit.platform.launcher.core.DefaultLauncher.execute(DefaultLauncher.java:103) ~[junit-platform-launcher-1.10.3.jar:1.10.3]
	at org.junit.platform.launcher.core.DefaultLauncher.execute(DefaultLauncher.java:85) ~[junit-platform-launcher-1.10.3.jar:1.10.3]
	at org.junit.platform.launcher.core.DelegatingLauncher.execute(DelegatingLauncher.java:47) ~[junit-platform-launcher-1.10.3.jar:1.10.3]
	at org.apache.maven.surefire.junitplatform.LazyLauncher.execute(LazyLauncher.java:56) ~[surefire-junit-platform-3.2.5.jar:3.2.5]
	at org.apache.maven.surefire.junitplatform.JUnitPlatformProvider.execute(JUnitPlatformProvider.java:184) ~[surefire-junit-platform-3.2.5.jar:3.2.5]
	at org.apache.maven.surefire.junitplatform.JUnitPlatformProvider.invokeAllTests(JUnitPlatformProvider.java:148) ~[surefire-junit-platform-3.2.5.jar:3.2.5]
	at org.apache.maven.surefire.junitplatform.JUnitPlatformProvider.invoke(JUnitPlatformProvider.java:122) ~[surefire-junit-platform-3.2.5.jar:3.2.5]
	at org.apache.maven.surefire.booter.ForkedBooter.runSuitesInProcess(ForkedBooter.java:385) ~[surefire-booter-3.2.5.jar:3.2.5]
	at org.apache.maven.surefire.booter.ForkedBooter.execute(ForkedBooter.java:162) ~[surefire-booter-3.2.5.jar:3.2.5]
	at org.apache.maven.surefire.booter.ForkedBooter.run(ForkedBooter.java:507) ~[surefire-booter-3.2.5.jar:3.2.5]
	at org.apache.maven.surefire.booter.ForkedBooter.main(ForkedBooter.java:495) ~[surefire-booter-3.2.5.jar:3.2.5]

2024-12-13T18:05:59.768+05:30 DEBUG 7187 --- [contenttree] [           main] o.s.d.jpa.repository.query.NamedQuery    : Did not find named query Category.existsByName
2024-12-13T18:05:59.768+05:30 DEBUG 7187 --- [contenttree] [           main] tor$SharedEntityManagerInvocationHandler : Creating new EntityManager for shared EntityManager invocation
2024-12-13T18:05:59.770+05:30 DEBUG 7187 --- [contenttree] [           main] o.s.d.r.c.s.RepositoryFactorySupport     : Finished creation of repository instance for com.contenttree.category.CategoryRepository.
2024-12-13T18:05:59.770+05:30 DEBUG 7187 --- [contenttree] [           main] o.s.b.f.s.DefaultListableBeanFactory     : Creating shared instance of singleton bean 'jpa.BlogsCategoryRepository.fragments#0'
2024-12-13T18:05:59.770+05:30 DEBUG 7187 --- [contenttree] [           main] o.s.b.f.s.DefaultListableBeanFactory     : Creating shared instance of singleton bean 'blogsCategoryRepository'
2024-12-13T18:05:59.771+05:30 DEBUG 7187 --- [contenttree] [           main] o.s.b.f.s.DefaultListableBeanFactory     : Creating shared instance of singleton bean 'jpa.named-queries#13'
2024-12-13T18:05:59.771+05:30 DEBUG 7187 --- [contenttree] [           main] tor$SharedEntityManagerInvocationHandler : Creating new EntityManager for shared EntityManager invocation
2024-12-13T18:05:59.771+05:30 DEBUG 7187 --- [contenttree] [           main] o.s.d.r.c.s.RepositoryFactorySupport     : Initializing repository instance for com.contenttree.Blogs.BlogsCategoryRepository…
2024-12-13T18:05:59.771+05:30 DEBUG 7187 --- [contenttree] [           main] tor$SharedEntityManagerInvocationHandler : Creating new EntityManager for shared EntityManager invocation
2024-12-13T18:05:59.773+05:30 DEBUG 7187 --- [contenttree] [           main] o.s.d.r.c.s.RepositoryFactorySupport     : Finished creation of repository instance for com.contenttree.Blogs.BlogsCategoryRepository.
2024-12-13T18:05:59.773+05:30 DEBUG 7187 --- [contenttree] [           main] o.s.b.f.s.DefaultListableBeanFactory     : Creating shared instance of singleton bean 'jpa.NewsLetterRepository.fragments#0'
2024-12-13T18:05:59.773+05:30 DEBUG 7187 --- [contenttree] [           main] o.s.b.f.s.DefaultListableBeanFactory     : Creating shared instance of singleton bean 'newsLetterRepository'
2024-12-13T18:05:59.774+05:30 DEBUG 7187 --- [contenttree] [           main] o.s.b.f.s.DefaultListableBeanFactory     : Creating shared instance of singleton bean 'jpa.named-queries#14'
2024-12-13T18:05:59.775+05:30 DEBUG 7187 --- [contenttree] [           main] tor$SharedEntityManagerInvocationHandler : Creating new EntityManager for shared EntityManager invocation
2024-12-13T18:05:59.775+05:30 DEBUG 7187 --- [contenttree] [           main] o.s.d.r.c.s.RepositoryFactorySupport     : Initializing repository instance for com.contenttree.NewsLetter.NewsLetterRepository…
2024-12-13T18:05:59.775+05:30 DEBUG 7187 --- [contenttree] [           main] tor$SharedEntityManagerInvocationHandler : Creating new EntityManager for shared EntityManager invocation
2024-12-13T18:05:59.777+05:30 DEBUG 7187 --- [contenttree] [           main] o.s.d.r.c.s.RepositoryFactorySupport     : Finished creation of repository instance for com.contenttree.NewsLetter.NewsLetterRepository.
2024-12-13T18:05:59.777+05:30 DEBUG 7187 --- [contenttree] [           main] o.s.b.f.s.DefaultListableBeanFactory     : Creating shared instance of singleton bean 'jpa.CampaignReposiotry.fragments#0'
2024-12-13T18:05:59.777+05:30 DEBUG 7187 --- [contenttree] [           main] o.s.b.f.s.DefaultListableBeanFactory     : Creating shared instance of singleton bean 'campaignReposiotry'
2024-12-13T18:05:59.778+05:30 DEBUG 7187 --- [contenttree] [           main] o.s.b.f.s.DefaultListableBeanFactory     : Creating shared instance of singleton bean 'jpa.named-queries#15'
2024-12-13T18:05:59.779+05:30 DEBUG 7187 --- [contenttree] [           main] tor$SharedEntityManagerInvocationHandler : Creating new EntityManager for shared EntityManager invocation
2024-12-13T18:05:59.780+05:30 DEBUG 7187 --- [contenttree] [           main] o.s.d.r.c.s.RepositoryFactorySupport     : Initializing repository instance for com.contenttree.CampaignManager.CampaignReposiotry…
2024-12-13T18:05:59.780+05:30 DEBUG 7187 --- [contenttree] [           main] tor$SharedEntityManagerInvocationHandler : Creating new EntityManager for shared EntityManager invocation
2024-12-13T18:05:59.782+05:30 DEBUG 7187 --- [contenttree] [           main] o.s.d.r.c.s.RepositoryFactorySupport     : Finished creation of repository instance for com.contenttree.CampaignManager.CampaignReposiotry.
2024-12-13T18:05:59.782+05:30 DEBUG 7187 --- [contenttree] [           main] o.s.b.f.s.DefaultListableBeanFactory     : Creating shared instance of singleton bean 'jpa.StaticCountRepository.fragments#0'
2024-12-13T18:05:59.782+05:30 DEBUG 7187 --- [contenttree] [           main] o.s.b.f.s.DefaultListableBeanFactory     : Creating shared instance of singleton bean 'staticCountRepository'
2024-12-13T18:05:59.783+05:30 DEBUG 7187 --- [contenttree] [           main] o.s.b.f.s.DefaultListableBeanFactory     : Creating shared instance of singleton bean 'jpa.named-queries#16'
2024-12-13T18:05:59.783+05:30 DEBUG 7187 --- [contenttree] [           main] tor$SharedEntityManagerInvocationHandler : Creating new EntityManager for shared EntityManager invocation
2024-12-13T18:05:59.784+05:30 DEBUG 7187 --- [contenttree] [           main] o.s.d.r.c.s.RepositoryFactorySupport     : Initializing repository instance for com.contenttree.StaticCount.StaticCountRepository…
2024-12-13T18:05:59.785+05:30 DEBUG 7187 --- [contenttree] [           main] tor$SharedEntityManagerInvocationHandler : Creating new EntityManager for shared EntityManager invocation
2024-12-13T18:05:59.785+05:30 DEBUG 7187 --- [contenttree] [           main] o.s.d.jpa.repository.query.NamedQuery    : Looking up named query StaticCount.findTopByOrderByDt1Desc
2024-12-13T18:05:59.785+05:30 DEBUG 7187 --- [contenttree] [           main] cResourceLocalTransactionCoordinatorImpl : JDBC transaction marked for rollback-only (exception provided for stack trace)

java.lang.Exception: exception just for purpose of providing stack trace
	at org.hibernate.resource.transaction.backend.jdbc.internal.JdbcResourceLocalTransactionCoordinatorImpl$TransactionDriverControlImpl.markRollbackOnly(JdbcResourceLocalTransactionCoordinatorImpl.java:309) ~[hibernate-core-6.5.3.Final.jar:6.5.3.Final]
	at org.hibernate.internal.AbstractSharedSessionContract.buildNamedQuery(AbstractSharedSessionContract.java:1109) ~[hibernate-core-6.5.3.Final.jar:6.5.3.Final]
	at org.hibernate.internal.AbstractSharedSessionContract.createNamedQuery(AbstractSharedSessionContract.java:987) ~[hibernate-core-6.5.3.Final.jar:6.5.3.Final]
	at org.hibernate.internal.AbstractSharedSessionContract.createNamedQuery(AbstractSharedSessionContract.java:140) ~[hibernate-core-6.5.3.Final.jar:6.5.3.Final]
	at jdk.internal.reflect.GeneratedMethodAccessor34.invoke(Unknown Source) ~[na:na]
	at java.base/jdk.internal.reflect.DelegatingMethodAccessorImpl.invoke(DelegatingMethodAccessorImpl.java:43) ~[na:na]
	at java.base/java.lang.reflect.Method.invoke(Method.java:568) ~[na:na]
	at org.springframework.orm.jpa.ExtendedEntityManagerCreator$ExtendedEntityManagerInvocationHandler.invoke(ExtendedEntityManagerCreator.java:364) ~[spring-orm-6.1.13.jar:6.1.13]
	at jdk.proxy2/jdk.proxy2.$Proxy159.createNamedQuery(Unknown Source) ~[na:na]
	at org.springframework.data.jpa.repository.query.NamedQuery.hasNamedQuery(NamedQuery.java:112) ~[spring-data-jpa-3.3.4.jar:3.3.4]
	at org.springframework.data.jpa.repository.query.NamedQuery.lookupFrom(NamedQuery.java:138) ~[spring-data-jpa-3.3.4.jar:3.3.4]
	at org.springframework.data.jpa.repository.query.JpaQueryLookupStrategy$DeclaredQueryLookupStrategy.resolveQuery(JpaQueryLookupStrategy.java:180) ~[spring-data-jpa-3.3.4.jar:3.3.4]
	at org.springframework.data.jpa.repository.query.JpaQueryLookupStrategy$CreateIfNotFoundQueryLookupStrategy.resolveQuery(JpaQueryLookupStrategy.java:252) ~[spring-data-jpa-3.3.4.jar:3.3.4]
	at org.springframework.data.jpa.repository.query.JpaQueryLookupStrategy$AbstractQueryLookupStrategy.resolveQuery(JpaQueryLookupStrategy.java:95) ~[spring-data-jpa-3.3.4.jar:3.3.4]
	at org.springframework.data.repository.core.support.QueryExecutorMethodInterceptor.lookupQuery(QueryExecutorMethodInterceptor.java:115) ~[spring-data-commons-3.3.4.jar:3.3.4]
	at org.springframework.data.repository.core.support.QueryExecutorMethodInterceptor.mapMethodsToQuery(QueryExecutorMethodInterceptor.java:103) ~[spring-data-commons-3.3.4.jar:3.3.4]
	at org.springframework.data.repository.core.support.QueryExecutorMethodInterceptor.lambda$new$0(QueryExecutorMethodInterceptor.java:92) ~[spring-data-commons-3.3.4.jar:3.3.4]
	at java.base/java.util.Optional.map(Optional.java:260) ~[na:na]
	at org.springframework.data.repository.core.support.QueryExecutorMethodInterceptor.<init>(QueryExecutorMethodInterceptor.java:92) ~[spring-data-commons-3.3.4.jar:3.3.4]
	at org.springframework.data.repository.core.support.RepositoryFactorySupport.getRepository(RepositoryFactorySupport.java:357) ~[spring-data-commons-3.3.4.jar:3.3.4]
	at org.springframework.data.repository.core.support.RepositoryFactoryBeanSupport.lambda$afterPropertiesSet$5(RepositoryFactoryBeanSupport.java:286) ~[spring-data-commons-3.3.4.jar:3.3.4]
	at org.springframework.data.util.Lazy.getNullable(Lazy.java:135) ~[spring-data-commons-3.3.4.jar:3.3.4]
	at org.springframework.data.util.Lazy.get(Lazy.java:113) ~[spring-data-commons-3.3.4.jar:3.3.4]
	at org.springframework.data.repository.core.support.RepositoryFactoryBeanSupport.afterPropertiesSet(RepositoryFactoryBeanSupport.java:292) ~[spring-data-commons-3.3.4.jar:3.3.4]
	at org.springframework.data.jpa.repository.support.JpaRepositoryFactoryBean.afterPropertiesSet(JpaRepositoryFactoryBean.java:132) ~[spring-data-jpa-3.3.4.jar:3.3.4]
	at org.springframework.beans.factory.support.AbstractAutowireCapableBeanFactory.invokeInitMethods(AbstractAutowireCapableBeanFactory.java:1853) ~[spring-beans-6.1.13.jar:6.1.13]
	at org.springframework.beans.factory.support.AbstractAutowireCapableBeanFactory.initializeBean(AbstractAutowireCapableBeanFactory.java:1802) ~[spring-beans-6.1.13.jar:6.1.13]
	at org.springframework.beans.factory.support.AbstractAutowireCapableBeanFactory.doCreateBean(AbstractAutowireCapableBeanFactory.java:600) ~[spring-beans-6.1.13.jar:6.1.13]
	at org.springframework.beans.factory.support.AbstractAutowireCapableBeanFactory.createBean(AbstractAutowireCapableBeanFactory.java:522) ~[spring-beans-6.1.13.jar:6.1.13]
	at org.springframework.beans.factory.support.AbstractBeanFactory.lambda$doGetBean$0(AbstractBeanFactory.java:337) ~[spring-beans-6.1.13.jar:6.1.13]
	at org.springframework.beans.factory.support.DefaultSingletonBeanRegistry.getSingleton(DefaultSingletonBeanRegistry.java:234) ~[spring-beans-6.1.13.jar:6.1.13]
	at org.springframework.beans.factory.support.AbstractBeanFactory.doGetBean(AbstractBeanFactory.java:335) ~[spring-beans-6.1.13.jar:6.1.13]
	at org.springframework.beans.factory.support.AbstractBeanFactory.getBean(AbstractBeanFactory.java:200) ~[spring-beans-6.1.13.jar:6.1.13]
	at org.springframework.beans.factory.support.DefaultListableBeanFactory.preInstantiateSingletons(DefaultListableBeanFactory.java:969) ~[spring-beans-6.1.13.jar:6.1.13]
	at org.springframework.context.support.AbstractApplicationContext.finishBeanFactoryInitialization(AbstractApplicationContext.java:971) ~[spring-context-6.1.13.jar:6.1.13]
	at org.springframework.context.support.AbstractApplicationContext.refresh(AbstractApplicationContext.java:625) ~[spring-context-6.1.13.jar:6.1.13]
	at org.springframework.boot.SpringApplication.refresh(SpringApplication.java:754) ~[spring-boot-3.3.4.jar:3.3.4]
	at org.springframework.boot.SpringApplication.refreshContext(SpringApplication.java:456) ~[spring-boot-3.3.4.jar:3.3.4]
	at org.springframework.boot.SpringApplication.run(SpringApplication.java:335) ~[spring-boot-3.3.4.jar:3.3.4]
	at org.springframework.boot.test.context.SpringBootContextLoader.lambda$loadContext$3(SpringBootContextLoader.java:137) ~[spring-boot-test-3.3.4.jar:3.3.4]
	at org.springframework.util.function.ThrowingSupplier.get(ThrowingSupplier.java:58) ~[spring-core-6.1.13.jar:6.1.13]
	at org.springframework.util.function.ThrowingSupplier.get(ThrowingSupplier.java:46) ~[spring-core-6.1.13.jar:6.1.13]
	at org.springframework.boot.SpringApplication.withHook(SpringApplication.java:1463) ~[spring-boot-3.3.4.jar:3.3.4]
	at org.springframework.boot.test.context.SpringBootContextLoader$ContextLoaderHook.run(SpringBootContextLoader.java:553) ~[spring-boot-test-3.3.4.jar:3.3.4]
	at org.springframework.boot.test.context.SpringBootContextLoader.loadContext(SpringBootContextLoader.java:137) ~[spring-boot-test-3.3.4.jar:3.3.4]
	at org.springframework.boot.test.context.SpringBootContextLoader.loadContext(SpringBootContextLoader.java:108) ~[spring-boot-test-3.3.4.jar:3.3.4]
	at org.springframework.test.context.cache.DefaultCacheAwareContextLoaderDelegate.loadContextInternal(DefaultCacheAwareContextLoaderDelegate.java:225) ~[spring-test-6.1.13.jar:6.1.13]
	at org.springframework.test.context.cache.DefaultCacheAwareContextLoaderDelegate.loadContext(DefaultCacheAwareContextLoaderDelegate.java:152) ~[spring-test-6.1.13.jar:6.1.13]
	at org.springframework.test.context.support.DefaultTestContext.getApplicationContext(DefaultTestContext.java:130) ~[spring-test-6.1.13.jar:6.1.13]
	at org.springframework.test.context.web.ServletTestExecutionListener.setUpRequestContextIfNecessary(ServletTestExecutionListener.java:191) ~[spring-test-6.1.13.jar:6.1.13]
	at org.springframework.test.context.web.ServletTestExecutionListener.prepareTestInstance(ServletTestExecutionListener.java:130) ~[spring-test-6.1.13.jar:6.1.13]
	at org.springframework.test.context.TestContextManager.prepareTestInstance(TestContextManager.java:260) ~[spring-test-6.1.13.jar:6.1.13]
	at org.springframework.test.context.junit.jupiter.SpringExtension.postProcessTestInstance(SpringExtension.java:163) ~[spring-test-6.1.13.jar:6.1.13]
	at org.junit.jupiter.engine.descriptor.ClassBasedTestDescriptor.lambda$invokeTestInstancePostProcessors$10(ClassBasedTestDescriptor.java:378) ~[junit-jupiter-engine-5.10.3.jar:5.10.3]
	at org.junit.jupiter.engine.descriptor.ClassBasedTestDescriptor.executeAndMaskThrowable(ClassBasedTestDescriptor.java:383) ~[junit-jupiter-engine-5.10.3.jar:5.10.3]
	at org.junit.jupiter.engine.descriptor.ClassBasedTestDescriptor.lambda$invokeTestInstancePostProcessors$11(ClassBasedTestDescriptor.java:378) ~[junit-jupiter-engine-5.10.3.jar:5.10.3]
	at java.base/java.util.stream.ReferencePipeline$3$1.accept(ReferencePipeline.java:197) ~[na:na]
	at java.base/java.util.stream.ReferencePipeline$2$1.accept(ReferencePipeline.java:179) ~[na:na]
	at java.base/java.util.ArrayList$ArrayListSpliterator.forEachRemaining(ArrayList.java:1625) ~[na:na]
	at java.base/java.util.stream.AbstractPipeline.copyInto(AbstractPipeline.java:509) ~[na:na]
	at java.base/java.util.stream.AbstractPipeline.wrapAndCopyInto(AbstractPipeline.java:499) ~[na:na]
	at java.base/java.util.stream.StreamSpliterators$WrappingSpliterator.forEachRemaining(StreamSpliterators.java:310) ~[na:na]
	at java.base/java.util.stream.Streams$ConcatSpliterator.forEachRemaining(Streams.java:735) ~[na:na]
	at java.base/java.util.stream.Streams$ConcatSpliterator.forEachRemaining(Streams.java:734) ~[na:na]
	at java.base/java.util.stream.ReferencePipeline$Head.forEach(ReferencePipeline.java:762) ~[na:na]
	at org.junit.jupiter.engine.descriptor.ClassBasedTestDescriptor.invokeTestInstancePostProcessors(ClassBasedTestDescriptor.java:377) ~[junit-jupiter-engine-5.10.3.jar:5.10.3]
	at org.junit.jupiter.engine.descriptor.ClassBasedTestDescriptor.lambda$instantiateAndPostProcessTestInstance$6(ClassBasedTestDescriptor.java:290) ~[junit-jupiter-engine-5.10.3.jar:5.10.3]
	at org.junit.platform.engine.support.hierarchical.ThrowableCollector.execute(ThrowableCollector.java:73) ~[junit-platform-engine-1.10.3.jar:1.10.3]
	at org.junit.jupiter.engine.descriptor.ClassBasedTestDescriptor.instantiateAndPostProcessTestInstance(ClassBasedTestDescriptor.java:289) ~[junit-jupiter-engine-5.10.3.jar:5.10.3]
	at org.junit.jupiter.engine.descriptor.ClassBasedTestDescriptor.lambda$testInstancesProvider$4(ClassBasedTestDescriptor.java:279) ~[junit-jupiter-engine-5.10.3.jar:5.10.3]
	at java.base/java.util.Optional.orElseGet(Optional.java:364) ~[na:na]
	at org.junit.jupiter.engine.descriptor.ClassBasedTestDescriptor.lambda$testInstancesProvider$5(ClassBasedTestDescriptor.java:278) ~[junit-jupiter-engine-5.10.3.jar:5.10.3]
	at org.junit.jupiter.engine.execution.TestInstancesProvider.getTestInstances(TestInstancesProvider.java:31) ~[junit-jupiter-engine-5.10.3.jar:5.10.3]
	at org.junit.jupiter.engine.descriptor.TestMethodTestDescriptor.lambda$prepare$0(TestMethodTestDescriptor.java:106) ~[junit-jupiter-engine-5.10.3.jar:5.10.3]
	at org.junit.platform.engine.support.hierarchical.ThrowableCollector.execute(ThrowableCollector.java:73) ~[junit-platform-engine-1.10.3.jar:1.10.3]
	at org.junit.jupiter.engine.descriptor.TestMethodTestDescriptor.prepare(TestMethodTestDescriptor.java:105) ~[junit-jupiter-engine-5.10.3.jar:5.10.3]
	at org.junit.jupiter.engine.descriptor.TestMethodTestDescriptor.prepare(TestMethodTestDescriptor.java:69) ~[junit-jupiter-engine-5.10.3.jar:5.10.3]
	at org.junit.platform.engine.support.hierarchical.NodeTestTask.lambda$prepare$2(NodeTestTask.java:123) ~[junit-platform-engine-1.10.3.jar:1.10.3]
	at org.junit.platform.engine.support.hierarchical.ThrowableCollector.execute(ThrowableCollector.java:73) ~[junit-platform-engine-1.10.3.jar:1.10.3]
	at org.junit.platform.engine.support.hierarchical.NodeTestTask.prepare(NodeTestTask.java:123) ~[junit-platform-engine-1.10.3.jar:1.10.3]
	at org.junit.platform.engine.support.hierarchical.NodeTestTask.execute(NodeTestTask.java:90) ~[junit-platform-engine-1.10.3.jar:1.10.3]
	at java.base/java.util.ArrayList.forEach(ArrayList.java:1511) ~[na:na]
	at org.junit.platform.engine.support.hierarchical.SameThreadHierarchicalTestExecutorService.invokeAll(SameThreadHierarchicalTestExecutorService.java:41) ~[junit-platform-engine-1.10.3.jar:1.10.3]
	at org.junit.platform.engine.support.hierarchical.NodeTestTask.lambda$executeRecursively$6(NodeTestTask.java:155) ~[junit-platform-engine-1.10.3.jar:1.10.3]
	at org.junit.platform.engine.support.hierarchical.ThrowableCollector.execute(ThrowableCollector.java:73) ~[junit-platform-engine-1.10.3.jar:1.10.3]
	at org.junit.platform.engine.support.hierarchical.NodeTestTask.lambda$executeRecursively$8(NodeTestTask.java:141) ~[junit-platform-engine-1.10.3.jar:1.10.3]
	at org.junit.platform.engine.support.hierarchical.Node.around(Node.java:137) ~[junit-platform-engine-1.10.3.jar:1.10.3]
	at org.junit.platform.engine.support.hierarchical.NodeTestTask.lambda$executeRecursively$9(NodeTestTask.java:139) ~[junit-platform-engine-1.10.3.jar:1.10.3]
	at org.junit.platform.engine.support.hierarchical.ThrowableCollector.execute(ThrowableCollector.java:73) ~[junit-platform-engine-1.10.3.jar:1.10.3]
	at org.junit.platform.engine.support.hierarchical.NodeTestTask.executeRecursively(NodeTestTask.java:138) ~[junit-platform-engine-1.10.3.jar:1.10.3]
	at org.junit.platform.engine.support.hierarchical.NodeTestTask.execute(NodeTestTask.java:95) ~[junit-platform-engine-1.10.3.jar:1.10.3]
	at java.base/java.util.ArrayList.forEach(ArrayList.java:1511) ~[na:na]
	at org.junit.platform.engine.support.hierarchical.SameThreadHierarchicalTestExecutorService.invokeAll(SameThreadHierarchicalTestExecutorService.java:41) ~[junit-platform-engine-1.10.3.jar:1.10.3]
	at org.junit.platform.engine.support.hierarchical.NodeTestTask.lambda$executeRecursively$6(NodeTestTask.java:155) ~[junit-platform-engine-1.10.3.jar:1.10.3]
	at org.junit.platform.engine.support.hierarchical.ThrowableCollector.execute(ThrowableCollector.java:73) ~[junit-platform-engine-1.10.3.jar:1.10.3]
	at org.junit.platform.engine.support.hierarchical.NodeTestTask.lambda$executeRecursively$8(NodeTestTask.java:141) ~[junit-platform-engine-1.10.3.jar:1.10.3]
	at org.junit.platform.engine.support.hierarchical.Node.around(Node.java:137) ~[junit-platform-engine-1.10.3.jar:1.10.3]
	at org.junit.platform.engine.support.hierarchical.NodeTestTask.lambda$executeRecursively$9(NodeTestTask.java:139) ~[junit-platform-engine-1.10.3.jar:1.10.3]
	at org.junit.platform.engine.support.hierarchical.ThrowableCollector.execute(ThrowableCollector.java:73) ~[junit-platform-engine-1.10.3.jar:1.10.3]
	at org.junit.platform.engine.support.hierarchical.NodeTestTask.executeRecursively(NodeTestTask.java:138) ~[junit-platform-engine-1.10.3.jar:1.10.3]
	at org.junit.platform.engine.support.hierarchical.NodeTestTask.execute(NodeTestTask.java:95) ~[junit-platform-engine-1.10.3.jar:1.10.3]
	at org.junit.platform.engine.support.hierarchical.SameThreadHierarchicalTestExecutorService.submit(SameThreadHierarchicalTestExecutorService.java:35) ~[junit-platform-engine-1.10.3.jar:1.10.3]
	at org.junit.platform.engine.support.hierarchical.HierarchicalTestExecutor.execute(HierarchicalTestExecutor.java:57) ~[junit-platform-engine-1.10.3.jar:1.10.3]
	at org.junit.platform.engine.support.hierarchical.HierarchicalTestEngine.execute(HierarchicalTestEngine.java:54) ~[junit-platform-engine-1.10.3.jar:1.10.3]
	at org.junit.platform.launcher.core.EngineExecutionOrchestrator.execute(EngineExecutionOrchestrator.java:198) ~[junit-platform-launcher-1.10.3.jar:1.10.3]
	at org.junit.platform.launcher.core.EngineExecutionOrchestrator.execute(EngineExecutionOrchestrator.java:169) ~[junit-platform-launcher-1.10.3.jar:1.10.3]
	at org.junit.platform.launcher.core.EngineExecutionOrchestrator.execute(EngineExecutionOrchestrator.java:93) ~[junit-platform-launcher-1.10.3.jar:1.10.3]
	at org.junit.platform.launcher.core.EngineExecutionOrchestrator.lambda$execute$0(EngineExecutionOrchestrator.java:58) ~[junit-platform-launcher-1.10.3.jar:1.10.3]
	at org.junit.platform.launcher.core.EngineExecutionOrchestrator.withInterceptedStreams(EngineExecutionOrchestrator.java:141) ~[junit-platform-launcher-1.10.3.jar:1.10.3]
	at org.junit.platform.launcher.core.EngineExecutionOrchestrator.execute(EngineExecutionOrchestrator.java:57) ~[junit-platform-launcher-1.10.3.jar:1.10.3]
	at org.junit.platform.launcher.core.DefaultLauncher.execute(DefaultLauncher.java:103) ~[junit-platform-launcher-1.10.3.jar:1.10.3]
	at org.junit.platform.launcher.core.DefaultLauncher.execute(DefaultLauncher.java:85) ~[junit-platform-launcher-1.10.3.jar:1.10.3]
	at org.junit.platform.launcher.core.DelegatingLauncher.execute(DelegatingLauncher.java:47) ~[junit-platform-launcher-1.10.3.jar:1.10.3]
	at org.apache.maven.surefire.junitplatform.LazyLauncher.execute(LazyLauncher.java:56) ~[surefire-junit-platform-3.2.5.jar:3.2.5]
	at org.apache.maven.surefire.junitplatform.JUnitPlatformProvider.execute(JUnitPlatformProvider.java:184) ~[surefire-junit-platform-3.2.5.jar:3.2.5]
	at org.apache.maven.surefire.junitplatform.JUnitPlatformProvider.invokeAllTests(JUnitPlatformProvider.java:148) ~[surefire-junit-platform-3.2.5.jar:3.2.5]
	at org.apache.maven.surefire.junitplatform.JUnitPlatformProvider.invoke(JUnitPlatformProvider.java:122) ~[surefire-junit-platform-3.2.5.jar:3.2.5]
	at org.apache.maven.surefire.booter.ForkedBooter.runSuitesInProcess(ForkedBooter.java:385) ~[surefire-booter-3.2.5.jar:3.2.5]
	at org.apache.maven.surefire.booter.ForkedBooter.execute(ForkedBooter.java:162) ~[surefire-booter-3.2.5.jar:3.2.5]
	at org.apache.maven.surefire.booter.ForkedBooter.run(ForkedBooter.java:507) ~[surefire-booter-3.2.5.jar:3.2.5]
	at org.apache.maven.surefire.booter.ForkedBooter.main(ForkedBooter.java:495) ~[surefire-booter-3.2.5.jar:3.2.5]

2024-12-13T18:05:59.786+05:30 DEBUG 7187 --- [contenttree] [           main] o.s.d.jpa.repository.query.NamedQuery    : Did not find named query StaticCount.findTopByOrderByDt1Desc
2024-12-13T18:05:59.786+05:30 DEBUG 7187 --- [contenttree] [           main] tor$SharedEntityManagerInvocationHandler : Creating new EntityManager for shared EntityManager invocation
2024-12-13T18:05:59.789+05:30 DEBUG 7187 --- [contenttree] [           main] o.s.d.r.c.s.RepositoryFactorySupport     : Finished creation of repository instance for com.contenttree.StaticCount.StaticCountRepository.
2024-12-13T18:05:59.789+05:30 DEBUG 7187 --- [contenttree] [           main] o.s.b.f.s.DefaultListableBeanFactory     : Creating shared instance of singleton bean 'jpa.BlogsRepository.fragments#0'
2024-12-13T18:05:59.790+05:30 DEBUG 7187 --- [contenttree] [           main] o.s.b.f.s.DefaultListableBeanFactory     : Creating shared instance of singleton bean 'blogsRepository'
2024-12-13T18:05:59.790+05:30 DEBUG 7187 --- [contenttree] [           main] o.s.b.f.s.DefaultListableBeanFactory     : Creating shared instance of singleton bean 'jpa.named-queries#17'
2024-12-13T18:05:59.791+05:30 DEBUG 7187 --- [contenttree] [           main] tor$SharedEntityManagerInvocationHandler : Creating new EntityManager for shared EntityManager invocation
2024-12-13T18:05:59.791+05:30 DEBUG 7187 --- [contenttree] [           main] o.s.d.r.c.s.RepositoryFactorySupport     : Initializing repository instance for com.contenttree.Blogs.BlogsRepository…
2024-12-13T18:05:59.791+05:30 DEBUG 7187 --- [contenttree] [           main] tor$SharedEntityManagerInvocationHandler : Creating new EntityManager for shared EntityManager invocation
2024-12-13T18:05:59.793+05:30 DEBUG 7187 --- [contenttree] [           main] o.s.d.r.c.s.RepositoryFactorySupport     : Finished creation of repository instance for com.contenttree.Blogs.BlogsRepository.
2024-12-13T18:05:59.793+05:30 DEBUG 7187 --- [contenttree] [           main] o.s.b.f.s.DefaultListableBeanFactory     : Creating shared instance of singleton bean 'data-jpa.repository-aot-processor#0'
2024-12-13T18:05:59.803+05:30 DEBUG 7187 --- [contenttree] [           main] o.s.b.f.s.DefaultListableBeanFactory     : Creating shared instance of singleton bean 'lifecycleProcessor'
2024-12-13T18:05:59.803+05:30 DEBUG 7187 --- [contenttree] [           main] o.s.b.f.s.DefaultListableBeanFactory     : Creating shared instance of singleton bean 'org.springframework.boot.autoconfigure.context.LifecycleAutoConfiguration'
2024-12-13T18:05:59.804+05:30 DEBUG 7187 --- [contenttree] [           main] o.s.b.f.s.DefaultListableBeanFactory     : Creating shared instance of singleton bean 'spring.lifecycle-org.springframework.boot.autoconfigure.context.LifecycleProperties'
2024-12-13T18:05:59.806+05:30 DEBUG 7187 --- [contenttree] [           main] o.s.b.f.s.DefaultListableBeanFactory     : Autowiring by type from bean name 'lifecycleProcessor' via factory method to bean named 'spring.lifecycle-org.springframework.boot.autoconfigure.context.LifecycleProperties'
2024-12-13T18:05:59.807+05:30 DEBUG 7187 --- [contenttree] [           main] o.s.b.f.s.DefaultListableBeanFactory     : Creating shared instance of singleton bean 'applicationTaskExecutor'
2024-12-13T18:05:59.807+05:30 DEBUG 7187 --- [contenttree] [           main] o.s.b.f.s.DefaultListableBeanFactory     : Creating shared instance of singleton bean 'org.springframework.boot.autoconfigure.task.TaskExecutorConfigurations$TaskExecutorConfiguration'
2024-12-13T18:05:59.808+05:30 DEBUG 7187 --- [contenttree] [           main] o.s.b.f.s.DefaultListableBeanFactory     : Creating shared instance of singleton bean 'taskExecutorBuilder'
2024-12-13T18:05:59.808+05:30 DEBUG 7187 --- [contenttree] [           main] o.s.b.f.s.DefaultListableBeanFactory     : Creating shared instance of singleton bean 'org.springframework.boot.autoconfigure.task.TaskExecutorConfigurations$TaskExecutorBuilderConfiguration'
2024-12-13T18:05:59.808+05:30 DEBUG 7187 --- [contenttree] [           main] o.s.b.f.s.DefaultListableBeanFactory     : Creating shared instance of singleton bean 'spring.task.execution-org.springframework.boot.autoconfigure.task.TaskExecutionProperties'
2024-12-13T18:05:59.809+05:30 DEBUG 7187 --- [contenttree] [           main] o.s.b.f.s.DefaultListableBeanFactory     : Autowiring by type from bean name 'taskExecutorBuilder' via factory method to bean named 'spring.task.execution-org.springframework.boot.autoconfigure.task.TaskExecutionProperties'
2024-12-13T18:05:59.810+05:30 DEBUG 7187 --- [contenttree] [           main] o.s.b.f.s.DefaultListableBeanFactory     : Autowiring by type from bean name 'applicationTaskExecutor' via factory method to bean named 'taskExecutorBuilder'
2024-12-13T18:05:59.810+05:30 DEBUG 7187 --- [contenttree] [           main] o.s.b.f.s.DefaultListableBeanFactory     : Creating shared instance of singleton bean 'threadPoolTaskExecutorBuilder'
2024-12-13T18:05:59.810+05:30 DEBUG 7187 --- [contenttree] [           main] o.s.b.f.s.DefaultListableBeanFactory     : Creating shared instance of singleton bean 'org.springframework.boot.autoconfigure.task.TaskExecutorConfigurations$ThreadPoolTaskExecutorBuilderConfiguration'
2024-12-13T18:05:59.810+05:30 DEBUG 7187 --- [contenttree] [           main] o.s.b.f.s.DefaultListableBeanFactory     : Autowiring by type from bean name 'threadPoolTaskExecutorBuilder' via factory method to bean named 'spring.task.execution-org.springframework.boot.autoconfigure.task.TaskExecutionProperties'
2024-12-13T18:05:59.815+05:30 DEBUG 7187 --- [contenttree] [           main] o.s.s.concurrent.ThreadPoolTaskExecutor  : Initializing ExecutorService 'applicationTaskExecutor'
2024-12-13T18:05:59.816+05:30 DEBUG 7187 --- [contenttree] [           main] o.s.b.f.s.DefaultListableBeanFactory     : Creating shared instance of singleton bean 'taskScheduler'
2024-12-13T18:05:59.816+05:30 DEBUG 7187 --- [contenttree] [           main] o.s.b.f.s.DefaultListableBeanFactory     : Creating shared instance of singleton bean 'org.springframework.boot.autoconfigure.task.TaskSchedulingConfigurations$TaskSchedulerConfiguration'
2024-12-13T18:05:59.817+05:30 DEBUG 7187 --- [contenttree] [           main] o.s.b.f.s.DefaultListableBeanFactory     : Creating shared instance of singleton bean 'taskSchedulerBuilder'
2024-12-13T18:05:59.817+05:30 DEBUG 7187 --- [contenttree] [           main] o.s.b.f.s.DefaultListableBeanFactory     : Creating shared instance of singleton bean 'org.springframework.boot.autoconfigure.task.TaskSchedulingConfigurations$TaskSchedulerBuilderConfiguration'
2024-12-13T18:05:59.817+05:30 DEBUG 7187 --- [contenttree] [           main] o.s.b.f.s.DefaultListableBeanFactory     : Creating shared instance of singleton bean 'spring.task.scheduling-org.springframework.boot.autoconfigure.task.TaskSchedulingProperties'
2024-12-13T18:05:59.818+05:30 DEBUG 7187 --- [contenttree] [           main] o.s.b.f.s.DefaultListableBeanFactory     : Autowiring by type from bean name 'taskSchedulerBuilder' via factory method to bean named 'spring.task.scheduling-org.springframework.boot.autoconfigure.task.TaskSchedulingProperties'
2024-12-13T18:05:59.818+05:30 DEBUG 7187 --- [contenttree] [           main] o.s.b.f.s.DefaultListableBeanFactory     : Autowiring by type from bean name 'taskScheduler' via factory method to bean named 'taskSchedulerBuilder'
2024-12-13T18:05:59.818+05:30 DEBUG 7187 --- [contenttree] [           main] o.s.b.f.s.DefaultListableBeanFactory     : Creating shared instance of singleton bean 'threadPoolTaskSchedulerBuilder'
2024-12-13T18:05:59.818+05:30 DEBUG 7187 --- [contenttree] [           main] o.s.b.f.s.DefaultListableBeanFactory     : Creating shared instance of singleton bean 'org.springframework.boot.autoconfigure.task.TaskSchedulingConfigurations$ThreadPoolTaskSchedulerBuilderConfiguration'
2024-12-13T18:05:59.819+05:30 DEBUG 7187 --- [contenttree] [           main] o.s.b.f.s.DefaultListableBeanFactory     : Autowiring by type from bean name 'threadPoolTaskSchedulerBuilder' via factory method to bean named 'spring.task.scheduling-org.springframework.boot.autoconfigure.task.TaskSchedulingProperties'
2024-12-13T18:05:59.820+05:30 DEBUG 7187 --- [contenttree] [           main] o.s.s.c.ThreadPoolTaskScheduler          : Initializing ExecutorService 'taskScheduler'
2024-12-13T18:05:59.823+05:30 DEBUG 7187 --- [contenttree] [           main] o.s.c.support.DefaultLifecycleProcessor  : Starting beans in phase -2147483647
2024-12-13T18:05:59.824+05:30 DEBUG 7187 --- [contenttree] [           main] o.s.c.support.DefaultLifecycleProcessor  : Successfully started bean 'springBootLoggingLifecycle'
2024-12-13T18:05:59.824+05:30 DEBUG 7187 --- [contenttree] [           main] o.s.c.support.DefaultLifecycleProcessor  : Starting beans in phase 2147483647
2024-12-13T18:05:59.824+05:30 DEBUG 7187 --- [contenttree] [           main] o.s.b.f.s.DefaultListableBeanFactory     : Creating shared instance of singleton bean 'delegatingApplicationListener'
2024-12-13T18:05:59.825+05:30 DEBUG 7187 --- [contenttree] [           main] o.s.b.f.s.DefaultListableBeanFactory     : Creating shared instance of singleton bean 'mvcResourceUrlProvider'
2024-12-13T18:05:59.833+05:30 DEBUG 7187 --- [contenttree] [           main] .s.b.a.l.ConditionEvaluationReportLogger : 


============================
CONDITIONS EVALUATION REPORT
============================


Positive matches:
-----------------

   AopAutoConfiguration matched:
      - @ConditionalOnProperty (spring.aop.auto=true) matched (OnPropertyCondition)

   AopAutoConfiguration.AspectJAutoProxyingConfiguration matched:
      - @ConditionalOnClass found required class 'org.aspectj.weaver.Advice' (OnClassCondition)

   AopAutoConfiguration.AspectJAutoProxyingConfiguration.CglibAutoProxyConfiguration matched:
      - @ConditionalOnProperty (spring.aop.proxy-target-class=true) matched (OnPropertyCondition)

   ApplicationAvailabilityAutoConfiguration#applicationAvailability matched:
      - @ConditionalOnMissingBean (types: org.springframework.boot.availability.ApplicationAvailability; SearchStrategy: all) did not find any beans (OnBeanCondition)

   DataSourceAutoConfiguration matched:
      - @ConditionalOnClass found required classes 'javax.sql.DataSource', 'org.springframework.jdbc.datasource.embedded.EmbeddedDatabaseType' (OnClassCondition)
      - @ConditionalOnMissingBean (types: io.r2dbc.spi.ConnectionFactory; SearchStrategy: all) did not find any beans (OnBeanCondition)

   DataSourceAutoConfiguration.PooledDataSourceConfiguration matched:
      - AnyNestedCondition 1 matched 1 did not; NestedCondition on DataSourceAutoConfiguration.PooledDataSourceCondition.PooledDataSourceAvailable PooledDataSource found supported DataSource; NestedCondition on DataSourceAutoConfiguration.PooledDataSourceCondition.ExplicitType @ConditionalOnProperty (spring.datasource.type) did not find property 'type' (DataSourceAutoConfiguration.PooledDataSourceCondition)
      - @ConditionalOnMissingBean (types: javax.sql.DataSource,javax.sql.XADataSource; SearchStrategy: all) did not find any beans (OnBeanCondition)

   DataSourceAutoConfiguration.PooledDataSourceConfiguration#jdbcConnectionDetails matched:
      - @ConditionalOnMissingBean (types: org.springframework.boot.autoconfigure.jdbc.JdbcConnectionDetails; SearchStrategy: all) did not find any beans (OnBeanCondition)

   DataSourceConfiguration.Hikari matched:
      - @ConditionalOnClass found required class 'com.zaxxer.hikari.HikariDataSource' (OnClassCondition)
      - @ConditionalOnProperty (spring.datasource.type=com.zaxxer.hikari.HikariDataSource) matched (OnPropertyCondition)
      - @ConditionalOnMissingBean (types: javax.sql.DataSource; SearchStrategy: all) did not find any beans (OnBeanCondition)

   DataSourceInitializationConfiguration matched:
      - @ConditionalOnClass found required class 'org.springframework.jdbc.datasource.init.DatabasePopulator' (OnClassCondition)
      - @ConditionalOnSingleCandidate (types: javax.sql.DataSource; SearchStrategy: all) found a single bean 'dataSource'; @ConditionalOnMissingBean (types: org.springframework.boot.autoconfigure.sql.init.SqlDataSourceScriptDatabaseInitializer,org.springframework.boot.autoconfigure.sql.init.SqlR2dbcScriptDatabaseInitializer; SearchStrategy: all) did not find any beans (OnBeanCondition)

   DataSourcePoolMetadataProvidersConfiguration.HikariPoolDataSourceMetadataProviderConfiguration matched:
      - @ConditionalOnClass found required class 'com.zaxxer.hikari.HikariDataSource' (OnClassCondition)

   DataSourceTransactionManagerAutoConfiguration matched:
      - @ConditionalOnClass found required classes 'javax.sql.DataSource', 'org.springframework.jdbc.core.JdbcTemplate', 'org.springframework.transaction.TransactionManager' (OnClassCondition)

   DataSourceTransactionManagerAutoConfiguration.JdbcTransactionManagerConfiguration matched:
      - @ConditionalOnSingleCandidate (types: javax.sql.DataSource; SearchStrategy: all) found a single bean 'dataSource' (OnBeanCondition)

   DispatcherServletAutoConfiguration matched:
      - @ConditionalOnClass found required class 'org.springframework.web.servlet.DispatcherServlet' (OnClassCondition)
      - found 'session' scope (OnWebApplicationCondition)

   DispatcherServletAutoConfiguration.DispatcherServletConfiguration matched:
      - @ConditionalOnClass found required class 'jakarta.servlet.ServletRegistration' (OnClassCondition)
      - Default DispatcherServlet did not find dispatcher servlet beans (DispatcherServletAutoConfiguration.DefaultDispatcherServletCondition)

   DispatcherServletAutoConfiguration.DispatcherServletRegistrationConfiguration matched:
      - @ConditionalOnClass found required class 'jakarta.servlet.ServletRegistration' (OnClassCondition)
      - DispatcherServlet Registration did not find servlet registration bean (DispatcherServletAutoConfiguration.DispatcherServletRegistrationCondition)

   DispatcherServletAutoConfiguration.DispatcherServletRegistrationConfiguration#dispatcherServletRegistration matched:
      - @ConditionalOnBean (names: dispatcherServlet types: org.springframework.web.servlet.DispatcherServlet; SearchStrategy: all) found bean 'dispatcherServlet' (OnBeanCondition)

   ErrorMvcAutoConfiguration matched:
      - @ConditionalOnClass found required classes 'jakarta.servlet.Servlet', 'org.springframework.web.servlet.DispatcherServlet' (OnClassCondition)
      - found 'session' scope (OnWebApplicationCondition)

   ErrorMvcAutoConfiguration#basicErrorController matched:
      - @ConditionalOnMissingBean (types: org.springframework.boot.web.servlet.error.ErrorController; SearchStrategy: current) did not find any beans (OnBeanCondition)

   ErrorMvcAutoConfiguration#errorAttributes matched:
      - @ConditionalOnMissingBean (types: org.springframework.boot.web.servlet.error.ErrorAttributes; SearchStrategy: current) did not find any beans (OnBeanCondition)

   ErrorMvcAutoConfiguration.DefaultErrorViewResolverConfiguration#conventionErrorViewResolver matched:
      - @ConditionalOnBean (types: org.springframework.web.servlet.DispatcherServlet; SearchStrategy: all) found bean 'dispatcherServlet'; @ConditionalOnMissingBean (types: org.springframework.boot.autoconfigure.web.servlet.error.ErrorViewResolver; SearchStrategy: all) did not find any beans (OnBeanCondition)

   ErrorMvcAutoConfiguration.WhitelabelErrorViewConfiguration matched:
      - @ConditionalOnProperty (server.error.whitelabel.enabled) matched (OnPropertyCondition)
      - ErrorTemplate Missing did not find error template view (ErrorMvcAutoConfiguration.ErrorTemplateMissingCondition)

   ErrorMvcAutoConfiguration.WhitelabelErrorViewConfiguration#beanNameViewResolver matched:
      - @ConditionalOnMissingBean (types: org.springframework.web.servlet.view.BeanNameViewResolver; SearchStrategy: all) did not find any beans (OnBeanCondition)

   ErrorMvcAutoConfiguration.WhitelabelErrorViewConfiguration#defaultErrorView matched:
      - @ConditionalOnMissingBean (names: error; SearchStrategy: all) did not find any beans (OnBeanCondition)

   GenericCacheConfiguration matched:
      - Cache org.springframework.boot.autoconfigure.cache.GenericCacheConfiguration automatic cache type (CacheCondition)

   HibernateJpaAutoConfiguration matched:
      - @ConditionalOnClass found required classes 'org.springframework.orm.jpa.LocalContainerEntityManagerFactoryBean', 'jakarta.persistence.EntityManager', 'org.hibernate.engine.spi.SessionImplementor' (OnClassCondition)

   HibernateJpaConfiguration matched:
      - @ConditionalOnSingleCandidate (types: javax.sql.DataSource; SearchStrategy: all) found a single bean 'dataSource' (OnBeanCondition)

   HttpEncodingAutoConfiguration matched:
      - @ConditionalOnClass found required class 'org.springframework.web.filter.CharacterEncodingFilter' (OnClassCondition)
      - found 'session' scope (OnWebApplicationCondition)
      - @ConditionalOnProperty (server.servlet.encoding.enabled) matched (OnPropertyCondition)

   HttpEncodingAutoConfiguration#characterEncodingFilter matched:
      - @ConditionalOnMissingBean (types: org.springframework.web.filter.CharacterEncodingFilter; SearchStrategy: all) did not find any beans (OnBeanCondition)

   HttpMessageConvertersAutoConfiguration matched:
      - @ConditionalOnClass found required class 'org.springframework.http.converter.HttpMessageConverter' (OnClassCondition)
      - NoneNestedConditions 0 matched 1 did not; NestedCondition on HttpMessageConvertersAutoConfiguration.NotReactiveWebApplicationCondition.ReactiveWebApplication did not find reactive web application classes (HttpMessageConvertersAutoConfiguration.NotReactiveWebApplicationCondition)

   HttpMessageConvertersAutoConfiguration#messageConverters matched:
      - @ConditionalOnMissingBean (types: org.springframework.boot.autoconfigure.http.HttpMessageConverters; SearchStrategy: all) did not find any beans (OnBeanCondition)

   HttpMessageConvertersAutoConfiguration.StringHttpMessageConverterConfiguration matched:
      - @ConditionalOnClass found required class 'org.springframework.http.converter.StringHttpMessageConverter' (OnClassCondition)

   HttpMessageConvertersAutoConfiguration.StringHttpMessageConverterConfiguration#stringHttpMessageConverter matched:
      - @ConditionalOnMissingBean (types: org.springframework.http.converter.StringHttpMessageConverter; SearchStrategy: all) did not find any beans (OnBeanCondition)

   JacksonAutoConfiguration matched:
      - @ConditionalOnClass found required class 'com.fasterxml.jackson.databind.ObjectMapper' (OnClassCondition)

   JacksonAutoConfiguration.Jackson2ObjectMapperBuilderCustomizerConfiguration matched:
      - @ConditionalOnClass found required class 'org.springframework.http.converter.json.Jackson2ObjectMapperBuilder' (OnClassCondition)

   JacksonAutoConfiguration.JacksonObjectMapperBuilderConfiguration matched:
      - @ConditionalOnClass found required class 'org.springframework.http.converter.json.Jackson2ObjectMapperBuilder' (OnClassCondition)

   JacksonAutoConfiguration.JacksonObjectMapperBuilderConfiguration#jacksonObjectMapperBuilder matched:
      - @ConditionalOnMissingBean (types: org.springframework.http.converter.json.Jackson2ObjectMapperBuilder; SearchStrategy: all) did not find any beans (OnBeanCondition)

   JacksonAutoConfiguration.JacksonObjectMapperConfiguration matched:
      - @ConditionalOnClass found required class 'org.springframework.http.converter.json.Jackson2ObjectMapperBuilder' (OnClassCondition)

   JacksonAutoConfiguration.JacksonObjectMapperConfiguration#jacksonObjectMapper matched:
      - @ConditionalOnMissingBean (types: com.fasterxml.jackson.databind.ObjectMapper; SearchStrategy: all) did not find any beans (OnBeanCondition)

   JacksonAutoConfiguration.ParameterNamesModuleConfiguration matched:
      - @ConditionalOnClass found required class 'com.fasterxml.jackson.module.paramnames.ParameterNamesModule' (OnClassCondition)

   JacksonAutoConfiguration.ParameterNamesModuleConfiguration#parameterNamesModule matched:
      - @ConditionalOnMissingBean (types: com.fasterxml.jackson.module.paramnames.ParameterNamesModule; SearchStrategy: all) did not find any beans (OnBeanCondition)

   JacksonHttpMessageConvertersConfiguration.MappingJackson2HttpMessageConverterConfiguration matched:
      - @ConditionalOnClass found required class 'com.fasterxml.jackson.databind.ObjectMapper' (OnClassCondition)
      - @ConditionalOnProperty (spring.mvc.converters.preferred-json-mapper=jackson) matched (OnPropertyCondition)
      - @ConditionalOnBean (types: com.fasterxml.jackson.databind.ObjectMapper; SearchStrategy: all) found bean 'jacksonObjectMapper' (OnBeanCondition)

   JacksonHttpMessageConvertersConfiguration.MappingJackson2HttpMessageConverterConfiguration#mappingJackson2HttpMessageConverter matched:
      - @ConditionalOnMissingBean (types: org.springframework.http.converter.json.MappingJackson2HttpMessageConverter ignored: org.springframework.hateoas.server.mvc.TypeConstrainedMappingJackson2HttpMessageConverter,org.springframework.data.rest.webmvc.alps.AlpsJsonHttpMessageConverter; SearchStrategy: all) did not find any beans (OnBeanCondition)

   JdbcClientAutoConfiguration matched:
      - @ConditionalOnSingleCandidate (types: org.springframework.jdbc.core.namedparam.NamedParameterJdbcTemplate; SearchStrategy: all) found a single bean 'namedParameterJdbcTemplate'; @ConditionalOnMissingBean (types: org.springframework.jdbc.core.simple.JdbcClient; SearchStrategy: all) did not find any beans (OnBeanCondition)

   JdbcTemplateAutoConfiguration matched:
      - @ConditionalOnClass found required classes 'javax.sql.DataSource', 'org.springframework.jdbc.core.JdbcTemplate' (OnClassCondition)
      - @ConditionalOnSingleCandidate (types: javax.sql.DataSource; SearchStrategy: all) found a single bean 'dataSource' (OnBeanCondition)

   JdbcTemplateConfiguration matched:
      - @ConditionalOnMissingBean (types: org.springframework.jdbc.core.JdbcOperations; SearchStrategy: all) did not find any beans (OnBeanCondition)

   JpaBaseConfiguration#entityManagerFactory matched:
      - @ConditionalOnMissingBean (types: org.springframework.orm.jpa.LocalContainerEntityManagerFactoryBean,jakarta.persistence.EntityManagerFactory; SearchStrategy: all) did not find any beans (OnBeanCondition)

   JpaBaseConfiguration#entityManagerFactoryBuilder matched:
      - @ConditionalOnMissingBean (types: org.springframework.boot.orm.jpa.EntityManagerFactoryBuilder; SearchStrategy: all) did not find any beans (OnBeanCondition)

   JpaBaseConfiguration#jpaVendorAdapter matched:
      - @ConditionalOnMissingBean (types: org.springframework.orm.jpa.JpaVendorAdapter; SearchStrategy: all) did not find any beans (OnBeanCondition)

   JpaBaseConfiguration#transactionManager matched:
      - @ConditionalOnMissingBean (types: org.springframework.transaction.TransactionManager; SearchStrategy: all) did not find any beans (OnBeanCondition)

   JpaBaseConfiguration.JpaWebConfiguration matched:
      - @ConditionalOnClass found required class 'org.springframework.web.servlet.config.annotation.WebMvcConfigurer' (OnClassCondition)
      - found 'session' scope (OnWebApplicationCondition)
      - @ConditionalOnProperty (spring.jpa.open-in-view=true) matched (OnPropertyCondition)
      - @ConditionalOnMissingBean (types: org.springframework.orm.jpa.support.OpenEntityManagerInViewInterceptor,org.springframework.orm.jpa.support.OpenEntityManagerInViewFilter; SearchStrategy: all) did not find any beans (OnBeanCondition)

   JpaBaseConfiguration.PersistenceManagedTypesConfiguration matched:
      - @ConditionalOnMissingBean (types: org.springframework.orm.jpa.LocalContainerEntityManagerFactoryBean,jakarta.persistence.EntityManagerFactory; SearchStrategy: all) did not find any beans (OnBeanCondition)

   JpaBaseConfiguration.PersistenceManagedTypesConfiguration#persistenceManagedTypes matched:
      - @ConditionalOnMissingBean (types: org.springframework.orm.jpa.persistenceunit.PersistenceManagedTypes; SearchStrategy: all) did not find any beans (OnBeanCondition)

   JpaRepositoriesAutoConfiguration matched:
      - @ConditionalOnClass found required class 'org.springframework.data.jpa.repository.JpaRepository' (OnClassCondition)
      - @ConditionalOnProperty (spring.data.jpa.repositories.enabled=true) matched (OnPropertyCondition)
      - @ConditionalOnBean (types: javax.sql.DataSource; SearchStrategy: all) found bean 'dataSource'; @ConditionalOnMissingBean (types: org.springframework.data.jpa.repository.support.JpaRepositoryFactoryBean,org.springframework.data.jpa.repository.config.JpaRepositoryConfigExtension; SearchStrategy: all) did not find any beans (OnBeanCondition)

   JtaAutoConfiguration matched:
      - @ConditionalOnClass found required class 'jakarta.transaction.Transaction' (OnClassCondition)
      - @ConditionalOnProperty (spring.jta.enabled) matched (OnPropertyCondition)

   LifecycleAutoConfiguration#defaultLifecycleProcessor matched:
      - @ConditionalOnMissingBean (names: lifecycleProcessor; SearchStrategy: current) did not find any beans (OnBeanCondition)

   MailSenderAutoConfiguration matched:
      - @ConditionalOnClass found required classes 'jakarta.mail.internet.MimeMessage', 'jakarta.activation.MimeType', 'org.springframework.mail.MailSender' (OnClassCondition)
      - AnyNestedCondition 1 matched 1 did not; NestedCondition on MailSenderAutoConfiguration.MailSenderCondition.JndiNameProperty @ConditionalOnProperty (spring.mail.jndi-name) did not find property 'jndi-name'; NestedCondition on MailSenderAutoConfiguration.MailSenderCondition.HostProperty @ConditionalOnProperty (spring.mail.host) matched (MailSenderAutoConfiguration.MailSenderCondition)
      - @ConditionalOnMissingBean (types: org.springframework.mail.MailSender; SearchStrategy: all) did not find any beans (OnBeanCondition)

   MailSenderPropertiesConfiguration matched:
      - @ConditionalOnProperty (spring.mail.host) matched (OnPropertyCondition)

   MailSenderPropertiesConfiguration#mailSender matched:
      - @ConditionalOnMissingBean (types: org.springframework.mail.javamail.JavaMailSender; SearchStrategy: all) did not find any beans (OnBeanCondition)

   MultipartAutoConfiguration matched:
      - @ConditionalOnClass found required classes 'jakarta.servlet.Servlet', 'org.springframework.web.multipart.support.StandardServletMultipartResolver', 'jakarta.servlet.MultipartConfigElement' (OnClassCondition)
      - found 'session' scope (OnWebApplicationCondition)
      - @ConditionalOnProperty (spring.servlet.multipart.enabled) matched (OnPropertyCondition)

   MultipartAutoConfiguration#multipartConfigElement matched:
      - @ConditionalOnMissingBean (types: jakarta.servlet.MultipartConfigElement; SearchStrategy: all) did not find any beans (OnBeanCondition)

   MultipartAutoConfiguration#multipartResolver matched:
      - @ConditionalOnMissingBean (types: org.springframework.web.multipart.MultipartResolver; SearchStrategy: all) did not find any beans (OnBeanCondition)

   NamedParameterJdbcTemplateConfiguration matched:
      - @ConditionalOnSingleCandidate (types: org.springframework.jdbc.core.JdbcTemplate; SearchStrategy: all) found a single bean 'jdbcTemplate'; @ConditionalOnMissingBean (types: org.springframework.jdbc.core.namedparam.NamedParameterJdbcOperations; SearchStrategy: all) did not find any beans (OnBeanCondition)

   NoOpCacheConfiguration matched:
      - Cache org.springframework.boot.autoconfigure.cache.NoOpCacheConfiguration automatic cache type (CacheCondition)

   PersistenceExceptionTranslationAutoConfiguration matched:
      - @ConditionalOnClass found required class 'org.springframework.dao.annotation.PersistenceExceptionTranslationPostProcessor' (OnClassCondition)

   PersistenceExceptionTranslationAutoConfiguration#persistenceExceptionTranslationPostProcessor matched:
      - @ConditionalOnProperty (spring.dao.exceptiontranslation.enabled) matched (OnPropertyCondition)
      - @ConditionalOnMissingBean (types: org.springframework.dao.annotation.PersistenceExceptionTranslationPostProcessor; SearchStrategy: all) did not find any beans (OnBeanCondition)

   PropertyPlaceholderAutoConfiguration#propertySourcesPlaceholderConfigurer matched:
      - @ConditionalOnMissingBean (types: org.springframework.context.support.PropertySourcesPlaceholderConfigurer; SearchStrategy: current) did not find any beans (OnBeanCondition)

   RestClientAutoConfiguration matched:
      - @ConditionalOnClass found required class 'org.springframework.web.client.RestClient' (OnClassCondition)
      - NoneNestedConditions 0 matched 1 did not; NestedCondition on NotReactiveWebApplicationCondition.ReactiveWebApplication did not find reactive web application classes (NotReactiveWebApplicationCondition)

   RestClientAutoConfiguration#httpMessageConvertersRestClientCustomizer matched:
      - @ConditionalOnMissingBean (types: org.springframework.boot.autoconfigure.web.client.HttpMessageConvertersRestClientCustomizer; SearchStrategy: all) did not find any beans (OnBeanCondition)

   RestClientAutoConfiguration#restClientBuilder matched:
      - @ConditionalOnMissingBean (types: org.springframework.web.client.RestClient$Builder; SearchStrategy: all) did not find any beans (OnBeanCondition)

   RestClientAutoConfiguration#restClientBuilderConfigurer matched:
      - @ConditionalOnMissingBean (types: org.springframework.boot.autoconfigure.web.client.RestClientBuilderConfigurer; SearchStrategy: all) did not find any beans (OnBeanCondition)

   RestClientAutoConfiguration#restClientSsl matched:
      - @ConditionalOnBean (types: org.springframework.boot.ssl.SslBundles; SearchStrategy: all) found bean 'sslBundleRegistry'; @ConditionalOnMissingBean (types: org.springframework.boot.autoconfigure.web.client.RestClientSsl; SearchStrategy: all) did not find any beans (OnBeanCondition)

   RestTemplateAutoConfiguration matched:
      - @ConditionalOnClass found required class 'org.springframework.web.client.RestTemplate' (OnClassCondition)
      - NoneNestedConditions 0 matched 1 did not; NestedCondition on NotReactiveWebApplicationCondition.ReactiveWebApplication did not find reactive web application classes (NotReactiveWebApplicationCondition)

   RestTemplateAutoConfiguration#restTemplateBuilder matched:
      - @ConditionalOnMissingBean (types: org.springframework.boot.web.client.RestTemplateBuilder; SearchStrategy: all) did not find any beans (OnBeanCondition)

   SecurityAutoConfiguration matched:
      - @ConditionalOnClass found required class 'org.springframework.security.authentication.DefaultAuthenticationEventPublisher' (OnClassCondition)

   SecurityAutoConfiguration#authenticationEventPublisher matched:
      - @ConditionalOnMissingBean (types: org.springframework.security.authentication.AuthenticationEventPublisher; SearchStrategy: all) did not find any beans (OnBeanCondition)

   SecurityFilterAutoConfiguration matched:
      - @ConditionalOnClass found required classes 'org.springframework.security.web.context.AbstractSecurityWebApplicationInitializer', 'org.springframework.security.config.http.SessionCreationPolicy' (OnClassCondition)
      - found 'session' scope (OnWebApplicationCondition)

   SecurityFilterAutoConfiguration#securityFilterChainRegistration matched:
      - @ConditionalOnBean (names: springSecurityFilterChain; SearchStrategy: all) found bean 'springSecurityFilterChain' (OnBeanCondition)

   ServletWebServerFactoryAutoConfiguration matched:
      - @ConditionalOnClass found required class 'jakarta.servlet.ServletRequest' (OnClassCondition)
      - found 'session' scope (OnWebApplicationCondition)

   ServletWebServerFactoryAutoConfiguration#tomcatServletWebServerFactoryCustomizer matched:
      - @ConditionalOnClass found required class 'org.apache.catalina.startup.Tomcat' (OnClassCondition)

   ServletWebServerFactoryConfiguration.EmbeddedTomcat matched:
      - @ConditionalOnClass found required classes 'jakarta.servlet.Servlet', 'org.apache.catalina.startup.Tomcat', 'org.apache.coyote.UpgradeProtocol' (OnClassCondition)
      - @ConditionalOnMissingBean (types: org.springframework.boot.web.servlet.server.ServletWebServerFactory; SearchStrategy: current) did not find any beans (OnBeanCondition)

   SimpleCacheConfiguration matched:
      - Cache org.springframework.boot.autoconfigure.cache.SimpleCacheConfiguration automatic cache type (CacheCondition)

   SpringBootWebSecurityConfiguration matched:
      - found 'session' scope (OnWebApplicationCondition)

   SpringDataWebAutoConfiguration matched:
      - @ConditionalOnClass found required classes 'org.springframework.data.web.PageableHandlerMethodArgumentResolver', 'org.springframework.web.servlet.config.annotation.WebMvcConfigurer' (OnClassCondition)
      - found 'session' scope (OnWebApplicationCondition)
      - @ConditionalOnMissingBean (types: org.springframework.data.web.PageableHandlerMethodArgumentResolver; SearchStrategy: all) did not find any beans (OnBeanCondition)

   SpringDataWebAutoConfiguration#pageableCustomizer matched:
      - @ConditionalOnMissingBean (types: org.springframework.data.web.config.PageableHandlerMethodArgumentResolverCustomizer; SearchStrategy: all) did not find any beans (OnBeanCondition)

   SpringDataWebAutoConfiguration#sortCustomizer matched:
      - @ConditionalOnMissingBean (types: org.springframework.data.web.config.SortHandlerMethodArgumentResolverCustomizer; SearchStrategy: all) did not find any beans (OnBeanCondition)

   SpringDocConfigProperties matched:
      - @ConditionalOnProperty (springdoc.api-docs.enabled) matched (OnPropertyCondition)
      - @ConditionalOnBean (types: org.springdoc.core.configuration.SpringDocConfiguration; SearchStrategy: all) found bean 'org.springdoc.core.configuration.SpringDocConfiguration' (OnBeanCondition)

   SpringDocConfiguration matched:
      - @ConditionalOnWebApplication (required) found 'session' scope (OnWebApplicationCondition)
      - @ConditionalOnProperty (springdoc.api-docs.enabled) matched (OnPropertyCondition)

   SpringDocConfiguration#fileSupportConverter matched:
      - @ConditionalOnMissingBean (types: org.springdoc.core.converters.FileSupportConverter; SearchStrategy: all) did not find any beans (OnBeanCondition)

   SpringDocConfiguration#openAPIBuilder matched:
      - @ConditionalOnMissingBean (types: org.springdoc.core.service.OpenAPIService; SearchStrategy: all) did not find any beans (OnBeanCondition)

   SpringDocConfiguration#operationBuilder matched:
      - @ConditionalOnMissingBean (types: org.springdoc.core.service.OperationService; SearchStrategy: all) did not find any beans (OnBeanCondition)

   SpringDocConfiguration#parameterBuilder matched:
      - @ConditionalOnMissingBean (types: org.springdoc.core.service.GenericParameterService; SearchStrategy: all) did not find any beans (OnBeanCondition)

   SpringDocConfiguration#polymorphicModelConverter matched:
      - @ConditionalOnProperty (springdoc.model-converters.polymorphic-converter.enabled) matched (OnPropertyCondition)
      - @ConditionalOnMissingBean (types: org.springdoc.core.converters.PolymorphicModelConverter; SearchStrategy: all) did not find any beans (OnBeanCondition)

   SpringDocConfiguration#requestBodyBuilder matched:
      - @ConditionalOnMissingBean (types: org.springdoc.core.service.RequestBodyService; SearchStrategy: all) did not find any beans (OnBeanCondition)

   SpringDocConfiguration#responseSupportConverter matched:
      - @ConditionalOnMissingBean (types: org.springdoc.core.converters.ResponseSupportConverter; SearchStrategy: all) did not find any beans (OnBeanCondition)

   SpringDocConfiguration#schemaPropertyDeprecatingConverter matched:
      - @ConditionalOnProperty (springdoc.model-converters.deprecating-converter.enabled) matched (OnPropertyCondition)
      - @ConditionalOnMissingBean (types: org.springdoc.core.converters.SchemaPropertyDeprecatingConverter; SearchStrategy: all) did not find any beans (OnBeanCondition)

   SpringDocConfiguration#securityParser matched:
      - @ConditionalOnMissingBean (types: org.springdoc.core.service.SecurityService; SearchStrategy: all) did not find any beans (OnBeanCondition)

   SpringDocConfiguration#springDocCustomizers matched:
      - @ConditionalOnMissingBean (types: org.springdoc.core.customizers.SpringDocCustomizers; SearchStrategy: all) did not find any beans (OnBeanCondition)

   SpringDocConfiguration#springDocProviders matched:
      - @ConditionalOnMissingBean (types: org.springdoc.core.providers.SpringDocProviders; SearchStrategy: all) did not find any beans (OnBeanCondition)

   SpringDocConfiguration#springdocObjectMapperProvider matched:
      - @ConditionalOnMissingBean (types: org.springdoc.core.providers.ObjectMapperProvider; SearchStrategy: all) did not find any beans (OnBeanCondition)

   SpringDocConfiguration.QuerydslProvider matched:
      - @ConditionalOnClass found required class 'org.springframework.data.querydsl.binding.QuerydslBindingsFactory' (OnClassCondition)

   SpringDocConfiguration.QuerydslProvider#queryDslQuerydslPredicateOperationCustomizer matched:
      - @ConditionalOnMissingBean (types: org.springdoc.core.customizers.QuerydslPredicateOperationCustomizer; SearchStrategy: all) did not find any beans (OnBeanCondition)

   SpringDocConfiguration.SpringDocSpringDataWebPropertiesProvider matched:
      - @ConditionalOnClass found required class 'org.springframework.boot.autoconfigure.data.web.SpringDataWebProperties' (OnClassCondition)

   SpringDocConfiguration.SpringDocSpringDataWebPropertiesProvider#springDataWebPropertiesProvider matched:
      - @ConditionalOnMissingBean (types: org.springdoc.core.providers.SpringDataWebPropertiesProvider; SearchStrategy: all) did not find any beans (OnBeanCondition)

   SpringDocConfiguration.WebConversionServiceConfiguration matched:
      - @ConditionalOnClass found required class 'org.springframework.boot.autoconfigure.web.format.WebConversionService' (OnClassCondition)

   SpringDocPageableConfiguration matched:
      - @ConditionalOnClass found required class 'org.springframework.data.domain.Pageable' (OnClassCondition)
      - @ConditionalOnWebApplication (required) found 'session' scope (OnWebApplicationCondition)
      - @ConditionalOnProperty (springdoc.api-docs.enabled) matched (OnPropertyCondition)
      - @ConditionalOnBean (types: org.springdoc.core.configuration.SpringDocConfiguration; SearchStrategy: all) found bean 'org.springdoc.core.configuration.SpringDocConfiguration' (OnBeanCondition)

   SpringDocPageableConfiguration#delegatingMethodParameterCustomizer matched:
      - @ConditionalOnMissingBean (types: org.springdoc.core.customizers.DelegatingMethodParameterCustomizer; SearchStrategy: all) did not find any beans (OnBeanCondition)

   SpringDocPageableConfiguration#pageableOpenAPIConverter matched:
      - @ConditionalOnProperty (springdoc.model-converters.pageable-converter.enabled) matched (OnPropertyCondition)
      - @ConditionalOnMissingBean (types: org.springdoc.core.converters.PageableOpenAPIConverter; SearchStrategy: all) did not find any beans (OnBeanCondition)

   SpringDocSecurityConfiguration matched:
      - @ConditionalOnClass found required class 'org.springframework.security.web.SecurityFilterChain' (OnClassCondition)
      - @ConditionalOnWebApplication (required) found 'session' scope (OnWebApplicationCondition)
      - @ConditionalOnExpression (#{${springdoc.api-docs.enabled:true} and ${springdoc.enable-spring-security:true}}) resulted in true (OnExpressionCondition)
      - @ConditionalOnBean (types: org.springdoc.core.configuration.SpringDocConfiguration; SearchStrategy: all) found bean 'org.springdoc.core.configuration.SpringDocConfiguration' (OnBeanCondition)

   SpringDocSecurityConfiguration.SpringSecurityLoginEndpointConfiguration matched:
      - @ConditionalOnClass found required class 'jakarta.servlet.Filter' (OnClassCondition)

   SpringDocSortConfiguration matched:
      - @ConditionalOnClass found required class 'org.springframework.data.domain.Sort' (OnClassCondition)
      - @ConditionalOnWebApplication (required) found 'session' scope (OnWebApplicationCondition)
      - @ConditionalOnProperty (springdoc.api-docs.enabled) matched (OnPropertyCondition)
      - @ConditionalOnBean (types: org.springdoc.core.configuration.SpringDocConfiguration; SearchStrategy: all) found bean 'org.springdoc.core.configuration.SpringDocConfiguration' (OnBeanCondition)

   SpringDocSortConfiguration#sortOpenAPIConverter matched:
      - @ConditionalOnProperty (springdoc.model-converters.sort-converter.enabled) matched (OnPropertyCondition)
      - @ConditionalOnMissingBean (types: org.springdoc.core.converters.SortOpenAPIConverter; SearchStrategy: all) did not find any beans (OnBeanCondition)

   SpringDocUIConfiguration matched:
      - @ConditionalOnWebApplication (required) found 'session' scope (OnWebApplicationCondition)
      - @ConditionalOnBean (types: org.springdoc.core.configuration.SpringDocConfiguration; SearchStrategy: all) found bean 'org.springdoc.core.configuration.SpringDocConfiguration' (OnBeanCondition)

   SpringDocWebMvcConfiguration matched:
      - found 'session' scope (OnWebApplicationCondition)
      - @ConditionalOnProperty (springdoc.api-docs.enabled) matched (OnPropertyCondition)
      - @ConditionalOnBean (types: org.springdoc.core.configuration.SpringDocConfiguration; SearchStrategy: all) found bean 'org.springdoc.core.configuration.SpringDocConfiguration' (OnBeanCondition)

   SpringDocWebMvcConfiguration#openApiResource matched:
      - @ConditionalOnProperty (springdoc.use-management-port=false) matched (OnPropertyCondition)
      - @ConditionalOnMissingBean (types: org.springdoc.webmvc.api.OpenApiWebMvcResource; SearchStrategy: all) did not find any beans (OnBeanCondition)

   SpringDocWebMvcConfiguration#requestBuilder matched:
      - @ConditionalOnMissingBean (types: org.springdoc.webmvc.core.service.RequestService; SearchStrategy: all) did not find any beans (OnBeanCondition)

   SpringDocWebMvcConfiguration#responseBuilder matched:
      - @ConditionalOnMissingBean (types: org.springdoc.core.service.GenericResponseService; SearchStrategy: all) did not find any beans (OnBeanCondition)

   SpringDocWebMvcConfiguration#springWebProvider matched:
      - @ConditionalOnMissingBean (types: org.springdoc.core.providers.SpringWebProvider; SearchStrategy: all) did not find any beans (OnBeanCondition)

   SpringDocWebMvcConfiguration.SpringDocWebMvcRouterConfiguration matched:
      - @ConditionalOnClass found required class 'org.springframework.web.servlet.function.RouterFunction' (OnClassCondition)

   SpringDocWebMvcConfiguration.SpringDocWebMvcRouterConfiguration#routerFunctionProvider matched:
      - @ConditionalOnMissingBean (types: org.springdoc.webmvc.core.providers.RouterFunctionWebMvcProvider; SearchStrategy: all) did not find any beans (OnBeanCondition)

   SqlInitializationAutoConfiguration matched:
      - @ConditionalOnProperty (spring.sql.init.enabled) matched (OnPropertyCondition)
      - NoneNestedConditions 0 matched 1 did not; NestedCondition on SqlInitializationAutoConfiguration.SqlInitializationModeCondition.ModeIsNever @ConditionalOnProperty (spring.sql.init.mode=never) did not find property 'mode' (SqlInitializationAutoConfiguration.SqlInitializationModeCondition)

   SslAutoConfiguration#sslBundleRegistry matched:
      - @ConditionalOnMissingBean (types: org.springframework.boot.ssl.SslBundleRegistry,org.springframework.boot.ssl.SslBundles; SearchStrategy: all) did not find any beans (OnBeanCondition)

   SwaggerConfig matched:
      - found 'session' scope (OnWebApplicationCondition)
      - @ConditionalOnProperty (springdoc.swagger-ui.enabled) matched (OnPropertyCondition)
      - @ConditionalOnBean (types: org.springdoc.core.configuration.SpringDocConfiguration; SearchStrategy: all) found bean 'org.springdoc.core.configuration.SpringDocConfiguration' (OnBeanCondition)

   SwaggerConfig#indexPageTransformer matched:
      - @ConditionalOnMissingBean (types: org.springdoc.webmvc.ui.SwaggerIndexTransformer; SearchStrategy: all) did not find any beans (OnBeanCondition)

   SwaggerConfig#swaggerConfigResource matched:
      - @ConditionalOnProperty (springdoc.use-management-port=false) matched (OnPropertyCondition)
      - @ConditionalOnMissingBean (types: org.springdoc.webmvc.ui.SwaggerConfigResource; SearchStrategy: all) did not find any beans (OnBeanCondition)

   SwaggerConfig#swaggerResourceResolver matched:
      - @ConditionalOnMissingBean (types: org.springdoc.webmvc.ui.SwaggerResourceResolver; SearchStrategy: all) did not find any beans (OnBeanCondition)

   SwaggerConfig#swaggerWebMvcConfigurer matched:
      - @ConditionalOnMissingBean (types: org.springdoc.webmvc.ui.SwaggerWebMvcConfigurer; SearchStrategy: all) did not find any beans (OnBeanCondition)

   SwaggerConfig#swaggerWelcome matched:
      - @ConditionalOnProperty (springdoc.use-management-port=false) matched (OnPropertyCondition)
      - @ConditionalOnMissingBean (types: org.springdoc.webmvc.ui.SwaggerWelcomeWebMvc; SearchStrategy: all) did not find any beans (OnBeanCondition)

   SwaggerUiConfigParameters matched:
      - @ConditionalOnProperty (springdoc.swagger-ui.enabled) matched (OnPropertyCondition)
      - @ConditionalOnBean (types: org.springdoc.core.configuration.SpringDocConfiguration; SearchStrategy: all) found bean 'org.springdoc.core.configuration.SpringDocConfiguration' (OnBeanCondition)

   SwaggerUiConfigProperties matched:
      - @ConditionalOnProperty (springdoc.swagger-ui.enabled) matched (OnPropertyCondition)
      - @ConditionalOnBean (types: org.springdoc.core.configuration.SpringDocConfiguration; SearchStrategy: all) found bean 'org.springdoc.core.configuration.SpringDocConfiguration' (OnBeanCondition)

   SwaggerUiOAuthProperties matched:
      - @ConditionalOnProperty (springdoc.swagger-ui.enabled) matched (OnPropertyCondition)
      - @ConditionalOnBean (types: org.springdoc.core.configuration.SpringDocConfiguration; SearchStrategy: all) found bean 'org.springdoc.core.configuration.SpringDocConfiguration' (OnBeanCondition)

   TaskExecutionAutoConfiguration matched:
      - @ConditionalOnClass found required class 'org.springframework.scheduling.concurrent.ThreadPoolTaskExecutor' (OnClassCondition)

   TaskExecutorConfigurations.SimpleAsyncTaskExecutorBuilderConfiguration#simpleAsyncTaskExecutorBuilder matched:
      - @ConditionalOnMissingBean (types: org.springframework.boot.task.SimpleAsyncTaskExecutorBuilder; SearchStrategy: all) did not find any beans (OnBeanCondition)
      - @ConditionalOnThreading found PLATFORM (OnThreadingCondition)

   TaskExecutorConfigurations.TaskExecutorBuilderConfiguration#taskExecutorBuilder matched:
      - @ConditionalOnMissingBean (types: org.springframework.boot.task.TaskExecutorBuilder; SearchStrategy: all) did not find any beans (OnBeanCondition)

   TaskExecutorConfigurations.TaskExecutorConfiguration matched:
      - @ConditionalOnMissingBean (types: java.util.concurrent.Executor; SearchStrategy: all) did not find any beans (OnBeanCondition)

   TaskExecutorConfigurations.TaskExecutorConfiguration#applicationTaskExecutor matched:
      - @ConditionalOnThreading found PLATFORM (OnThreadingCondition)

   TaskExecutorConfigurations.ThreadPoolTaskExecutorBuilderConfiguration#threadPoolTaskExecutorBuilder matched:
      - @ConditionalOnMissingBean (types: org.springframework.boot.task.TaskExecutorBuilder,org.springframework.boot.task.ThreadPoolTaskExecutorBuilder; SearchStrategy: all) did not find any beans (OnBeanCondition)

   TaskSchedulingAutoConfiguration matched:
      - @ConditionalOnClass found required class 'org.springframework.scheduling.concurrent.ThreadPoolTaskScheduler' (OnClassCondition)

   TaskSchedulingAutoConfiguration#scheduledBeanLazyInitializationExcludeFilter matched:
      - @ConditionalOnBean (names: org.springframework.context.annotation.internalScheduledAnnotationProcessor; SearchStrategy: all) found bean 'org.springframework.context.annotation.internalScheduledAnnotationProcessor' (OnBeanCondition)

   TaskSchedulingConfigurations.SimpleAsyncTaskSchedulerBuilderConfiguration#simpleAsyncTaskSchedulerBuilder matched:
      - @ConditionalOnMissingBean (types: org.springframework.boot.task.SimpleAsyncTaskSchedulerBuilder; SearchStrategy: all) did not find any beans (OnBeanCondition)
      - @ConditionalOnThreading found PLATFORM (OnThreadingCondition)

   TaskSchedulingConfigurations.TaskSchedulerBuilderConfiguration#taskSchedulerBuilder matched:
      - @ConditionalOnMissingBean (types: org.springframework.boot.task.TaskSchedulerBuilder; SearchStrategy: all) did not find any beans (OnBeanCondition)

   TaskSchedulingConfigurations.TaskSchedulerConfiguration matched:
      - @ConditionalOnBean (names: org.springframework.context.annotation.internalScheduledAnnotationProcessor; SearchStrategy: all) found bean 'org.springframework.context.annotation.internalScheduledAnnotationProcessor'; @ConditionalOnMissingBean (types: org.springframework.scheduling.TaskScheduler,java.util.concurrent.ScheduledExecutorService; SearchStrategy: all) did not find any beans (OnBeanCondition)

   TaskSchedulingConfigurations.TaskSchedulerConfiguration#taskScheduler matched:
      - @ConditionalOnThreading found PLATFORM (OnThreadingCondition)

   TaskSchedulingConfigurations.ThreadPoolTaskSchedulerBuilderConfiguration#threadPoolTaskSchedulerBuilder matched:
      - @ConditionalOnMissingBean (types: org.springframework.boot.task.TaskSchedulerBuilder,org.springframework.boot.task.ThreadPoolTaskSchedulerBuilder; SearchStrategy: all) did not find any beans (OnBeanCondition)

   TransactionAutoConfiguration matched:
      - @ConditionalOnClass found required class 'org.springframework.transaction.PlatformTransactionManager' (OnClassCondition)

   TransactionAutoConfiguration.EnableTransactionManagementConfiguration matched:
      - @ConditionalOnBean (types: org.springframework.transaction.TransactionManager; SearchStrategy: all) found bean 'transactionManager'; @ConditionalOnMissingBean (types: org.springframework.transaction.annotation.AbstractTransactionManagementConfiguration; SearchStrategy: all) did not find any beans (OnBeanCondition)

   TransactionAutoConfiguration.EnableTransactionManagementConfiguration.CglibAutoProxyConfiguration matched:
      - @ConditionalOnProperty (spring.aop.proxy-target-class=true) matched (OnPropertyCondition)

   TransactionAutoConfiguration.TransactionTemplateConfiguration matched:
      - @ConditionalOnSingleCandidate (types: org.springframework.transaction.PlatformTransactionManager; SearchStrategy: all) found a single bean 'transactionManager' (OnBeanCondition)

   TransactionAutoConfiguration.TransactionTemplateConfiguration#transactionTemplate matched:
      - @ConditionalOnMissingBean (types: org.springframework.transaction.support.TransactionOperations; SearchStrategy: all) did not find any beans (OnBeanCondition)

   TransactionManagerCustomizationAutoConfiguration matched:
      - @ConditionalOnClass found required class 'org.springframework.transaction.PlatformTransactionManager' (OnClassCondition)

   TransactionManagerCustomizationAutoConfiguration#platformTransactionManagerCustomizers matched:
      - @ConditionalOnMissingBean (types: org.springframework.boot.autoconfigure.transaction.TransactionManagerCustomizers; SearchStrategy: all) did not find any beans (OnBeanCondition)

   WebMvcAutoConfiguration matched:
      - @ConditionalOnClass found required classes 'jakarta.servlet.Servlet', 'org.springframework.web.servlet.DispatcherServlet', 'org.springframework.web.servlet.config.annotation.WebMvcConfigurer' (OnClassCondition)
      - found 'session' scope (OnWebApplicationCondition)
      - @ConditionalOnMissingBean (types: org.springframework.web.servlet.config.annotation.WebMvcConfigurationSupport; SearchStrategy: all) did not find any beans (OnBeanCondition)

   WebMvcAutoConfiguration#formContentFilter matched:
      - @ConditionalOnProperty (spring.mvc.formcontent.filter.enabled) matched (OnPropertyCondition)
      - @ConditionalOnMissingBean (types: org.springframework.web.filter.FormContentFilter; SearchStrategy: all) did not find any beans (OnBeanCondition)

   WebMvcAutoConfiguration.EnableWebMvcConfiguration#flashMapManager matched:
      - @ConditionalOnMissingBean (names: flashMapManager; SearchStrategy: all) did not find any beans (OnBeanCondition)

   WebMvcAutoConfiguration.EnableWebMvcConfiguration#localeResolver matched:
      - @ConditionalOnMissingBean (names: localeResolver; SearchStrategy: all) did not find any beans (OnBeanCondition)

   WebMvcAutoConfiguration.EnableWebMvcConfiguration#themeResolver matched:
      - @ConditionalOnMissingBean (names: themeResolver; SearchStrategy: all) did not find any beans (OnBeanCondition)

   WebMvcAutoConfiguration.WebMvcAutoConfigurationAdapter#defaultViewResolver matched:
      - @ConditionalOnMissingBean (types: org.springframework.web.servlet.view.InternalResourceViewResolver; SearchStrategy: all) did not find any beans (OnBeanCondition)

   WebMvcAutoConfiguration.WebMvcAutoConfigurationAdapter#requestContextFilter matched:
      - @ConditionalOnMissingBean (types: org.springframework.web.context.request.RequestContextListener,org.springframework.web.filter.RequestContextFilter; SearchStrategy: all) did not find any beans (OnBeanCondition)

   WebMvcAutoConfiguration.WebMvcAutoConfigurationAdapter#viewResolver matched:
      - @ConditionalOnBean (types: org.springframework.web.servlet.ViewResolver; SearchStrategy: all) found beans 'defaultViewResolver', 'beanNameViewResolver', 'mvcViewResolver'; @ConditionalOnMissingBean (names: viewResolver types: org.springframework.web.servlet.view.ContentNegotiatingViewResolver; SearchStrategy: all) did not find any beans (OnBeanCondition)

   WebSocketMessagingAutoConfiguration matched:
      - @ConditionalOnClass found required class 'org.springframework.web.socket.config.annotation.WebSocketMessageBrokerConfigurer' (OnClassCondition)
      - found 'session' scope (OnWebApplicationCondition)

   WebSocketServletAutoConfiguration matched:
      - @ConditionalOnClass found required classes 'jakarta.servlet.Servlet', 'jakarta.websocket.server.ServerContainer' (OnClassCondition)
      - found 'session' scope (OnWebApplicationCondition)

   WebSocketServletAutoConfiguration.TomcatWebSocketConfiguration matched:
      - @ConditionalOnClass found required classes 'org.apache.catalina.startup.Tomcat', 'org.apache.tomcat.websocket.server.WsSci' (OnClassCondition)

   WebSocketServletAutoConfiguration.TomcatWebSocketConfiguration#websocketServletWebServerCustomizer matched:
      - @ConditionalOnMissingBean (names: websocketServletWebServerCustomizer; SearchStrategy: all) did not find any beans (OnBeanCondition)


Negative matches:
-----------------

   ActiveMQAutoConfiguration:
      Did not match:
         - @ConditionalOnClass did not find required class 'jakarta.jms.ConnectionFactory' (OnClassCondition)

   AopAutoConfiguration.AspectJAutoProxyingConfiguration.JdkDynamicAutoProxyConfiguration:
      Did not match:
         - @ConditionalOnProperty (spring.aop.proxy-target-class=false) did not find property 'proxy-target-class' (OnPropertyCondition)

   AopAutoConfiguration.ClassProxyingConfiguration:
      Did not match:
         - @ConditionalOnMissingClass found unwanted class 'org.aspectj.weaver.Advice' (OnClassCondition)

   ArtemisAutoConfiguration:
      Did not match:
         - @ConditionalOnClass did not find required class 'jakarta.jms.ConnectionFactory' (OnClassCondition)

   BatchAutoConfiguration:
      Did not match:
         - @ConditionalOnClass did not find required class 'org.springframework.batch.core.launch.JobLauncher' (OnClassCondition)

   Cache2kCacheConfiguration:
      Did not match:
         - @ConditionalOnClass did not find required class 'org.cache2k.Cache2kBuilder' (OnClassCondition)

   CacheAutoConfiguration:
      Did not match:
         - @ConditionalOnBean (types: org.springframework.cache.interceptor.CacheAspectSupport; SearchStrategy: all) did not find any beans of type org.springframework.cache.interceptor.CacheAspectSupport (OnBeanCondition)
      Matched:
         - @ConditionalOnClass found required class 'org.springframework.cache.CacheManager' (OnClassCondition)

   CacheAutoConfiguration.CacheManagerEntityManagerFactoryDependsOnPostProcessor:
      Did not match:
         - Ancestor org.springframework.boot.autoconfigure.cache.CacheAutoConfiguration did not match (ConditionEvaluationReport.AncestorsMatchedCondition)
      Matched:
         - @ConditionalOnClass found required class 'org.springframework.orm.jpa.LocalContainerEntityManagerFactoryBean' (OnClassCondition)

   CaffeineCacheConfiguration:
      Did not match:
         - @ConditionalOnClass did not find required class 'com.github.benmanes.caffeine.cache.Caffeine' (OnClassCondition)

   CassandraAutoConfiguration:
      Did not match:
         - @ConditionalOnClass did not find required class 'com.datastax.oss.driver.api.core.CqlSession' (OnClassCondition)

   CassandraDataAutoConfiguration:
      Did not match:
         - @ConditionalOnClass did not find required class 'com.datastax.oss.driver.api.core.CqlSession' (OnClassCondition)

   CassandraReactiveDataAutoConfiguration:
      Did not match:
         - @ConditionalOnClass did not find required class 'com.datastax.oss.driver.api.core.CqlSession' (OnClassCondition)

   CassandraReactiveRepositoriesAutoConfiguration:
      Did not match:
         - @ConditionalOnClass did not find required class 'org.springframework.data.cassandra.ReactiveSession' (OnClassCondition)

   CassandraRepositoriesAutoConfiguration:
      Did not match:
         - @ConditionalOnClass did not find required class 'com.datastax.oss.driver.api.core.CqlSession' (OnClassCondition)

   ClientHttpConnectorAutoConfiguration:
      Did not match:
         - @ConditionalOnClass did not find required class 'org.springframework.web.reactive.function.client.WebClient' (OnClassCondition)

   CodecsAutoConfiguration:
      Did not match:
         - @ConditionalOnClass did not find required class 'org.springframework.web.reactive.function.client.WebClient' (OnClassCondition)

   CouchbaseAutoConfiguration:
      Did not match:
         - @ConditionalOnClass did not find required class 'com.couchbase.client.java.Cluster' (OnClassCondition)

   CouchbaseCacheConfiguration:
      Did not match:
         - @ConditionalOnClass did not find required class 'com.couchbase.client.java.Cluster' (OnClassCondition)

   CouchbaseDataAutoConfiguration:
      Did not match:
         - @ConditionalOnClass did not find required class 'com.couchbase.client.java.Bucket' (OnClassCondition)

   CouchbaseReactiveDataAutoConfiguration:
      Did not match:
         - @ConditionalOnClass did not find required class 'com.couchbase.client.java.Cluster' (OnClassCondition)

   CouchbaseReactiveRepositoriesAutoConfiguration:
      Did not match:
         - @ConditionalOnClass did not find required class 'com.couchbase.client.java.Cluster' (OnClassCondition)

   CouchbaseRepositoriesAutoConfiguration:
      Did not match:
         - @ConditionalOnClass did not find required class 'com.couchbase.client.java.Bucket' (OnClassCondition)

   DataSourceAutoConfiguration.EmbeddedDatabaseConfiguration:
      Did not match:
         - EmbeddedDataSource spring.datasource.url is set (DataSourceAutoConfiguration.EmbeddedDatabaseCondition)

   DataSourceCheckpointRestoreConfiguration:
      Did not match:
         - @ConditionalOnClass did not find required class 'org.crac.Resource' (OnClassCondition)

   DataSourceConfiguration.Dbcp2:
      Did not match:
         - @ConditionalOnClass did not find required class 'org.apache.commons.dbcp2.BasicDataSource' (OnClassCondition)

   DataSourceConfiguration.Generic:
      Did not match:
         - @ConditionalOnProperty (spring.datasource.type) did not find property 'spring.datasource.type' (OnPropertyCondition)

   DataSourceConfiguration.OracleUcp:
      Did not match:
         - @ConditionalOnClass did not find required classes 'oracle.ucp.jdbc.PoolDataSourceImpl', 'oracle.jdbc.OracleConnection' (OnClassCondition)

   DataSourceConfiguration.Tomcat:
      Did not match:
         - @ConditionalOnClass did not find required class 'org.apache.tomcat.jdbc.pool.DataSource' (OnClassCondition)

   DataSourceJmxConfiguration:
      Did not match:
         - @ConditionalOnProperty (spring.jmx.enabled=true) found different value in property 'enabled' (OnPropertyCondition)

   DataSourcePoolMetadataProvidersConfiguration.CommonsDbcp2PoolDataSourceMetadataProviderConfiguration:
      Did not match:
         - @ConditionalOnClass did not find required class 'org.apache.commons.dbcp2.BasicDataSource' (OnClassCondition)

   DataSourcePoolMetadataProvidersConfiguration.OracleUcpPoolDataSourceMetadataProviderConfiguration:
      Did not match:
         - @ConditionalOnClass did not find required classes 'oracle.ucp.jdbc.PoolDataSource', 'oracle.jdbc.OracleConnection' (OnClassCondition)

   DataSourcePoolMetadataProvidersConfiguration.TomcatDataSourcePoolMetadataProviderConfiguration:
      Did not match:
         - @ConditionalOnClass did not find required class 'org.apache.tomcat.jdbc.pool.DataSource' (OnClassCondition)

   DataSourceTransactionManagerAutoConfiguration.JdbcTransactionManagerConfiguration#transactionManager:
      Did not match:
         - @ConditionalOnMissingBean (types: org.springframework.transaction.TransactionManager; SearchStrategy: all) found beans of type 'org.springframework.transaction.TransactionManager' transactionManager (OnBeanCondition)

   DispatcherServletAutoConfiguration.DispatcherServletConfiguration#multipartResolver:
      Did not match:
         - @ConditionalOnBean (types: org.springframework.web.multipart.MultipartResolver; SearchStrategy: all) did not find any beans of type org.springframework.web.multipart.MultipartResolver (OnBeanCondition)

   ElasticsearchClientAutoConfiguration:
      Did not match:
         - @ConditionalOnClass did not find required class 'co.elastic.clients.elasticsearch.ElasticsearchClient' (OnClassCondition)

   ElasticsearchDataAutoConfiguration:
      Did not match:
         - @ConditionalOnClass did not find required class 'org.springframework.data.elasticsearch.client.elc.ElasticsearchTemplate' (OnClassCondition)

   ElasticsearchRepositoriesAutoConfiguration:
      Did not match:
         - @ConditionalOnClass did not find required class 'org.springframework.data.elasticsearch.repository.ElasticsearchRepository' (OnClassCondition)

   ElasticsearchRestClientAutoConfiguration:
      Did not match:
         - @ConditionalOnClass did not find required class 'org.elasticsearch.client.RestClientBuilder' (OnClassCondition)

   EmbeddedLdapAutoConfiguration:
      Did not match:
         - @ConditionalOnClass did not find required class 'com.unboundid.ldap.listener.InMemoryDirectoryServer' (OnClassCondition)

   EmbeddedWebServerFactoryCustomizerAutoConfiguration:
      Did not match:
         - Application is deployed as a WAR file. (OnWarDeploymentCondition)
      Matched:
         - @ConditionalOnWebApplication (required) found 'session' scope (OnWebApplicationCondition)

   ErrorWebFluxAutoConfiguration:
      Did not match:
         - @ConditionalOnClass did not find required class 'org.springframework.web.reactive.config.WebFluxConfigurer' (OnClassCondition)

   FlywayAutoConfiguration:
      Did not match:
         - @ConditionalOnClass did not find required class 'org.flywaydb.core.Flyway' (OnClassCondition)

   FreeMarkerAutoConfiguration:
      Did not match:
         - @ConditionalOnClass did not find required class 'freemarker.template.Configuration' (OnClassCondition)

   GraphQlAutoConfiguration:
      Did not match:
         - @ConditionalOnClass did not find required class 'graphql.GraphQL' (OnClassCondition)

   GraphQlQueryByExampleAutoConfiguration:
      Did not match:
         - @ConditionalOnClass did not find required class 'graphql.GraphQL' (OnClassCondition)

   GraphQlQuerydslAutoConfiguration:
      Did not match:
         - @ConditionalOnClass did not find required class 'com.querydsl.core.Query' (OnClassCondition)

   GraphQlRSocketAutoConfiguration:
      Did not match:
         - @ConditionalOnClass did not find required class 'graphql.GraphQL' (OnClassCondition)

   GraphQlReactiveQueryByExampleAutoConfiguration:
      Did not match:
         - @ConditionalOnClass did not find required class 'graphql.GraphQL' (OnClassCondition)

   GraphQlReactiveQuerydslAutoConfiguration:
      Did not match:
         - @ConditionalOnClass did not find required class 'com.querydsl.core.Query' (OnClassCondition)

   GraphQlWebFluxAutoConfiguration:
      Did not match:
         - @ConditionalOnClass did not find required class 'graphql.GraphQL' (OnClassCondition)

   GraphQlWebFluxSecurityAutoConfiguration:
      Did not match:
         - @ConditionalOnClass did not find required class 'graphql.GraphQL' (OnClassCondition)

   GraphQlWebMvcAutoConfiguration:
      Did not match:
         - @ConditionalOnClass did not find required class 'graphql.GraphQL' (OnClassCondition)

   GraphQlWebMvcSecurityAutoConfiguration:
      Did not match:
         - @ConditionalOnClass did not find required class 'graphql.GraphQL' (OnClassCondition)

   GroovyTemplateAutoConfiguration:
      Did not match:
         - @ConditionalOnClass did not find required class 'groovy.text.markup.MarkupTemplateEngine' (OnClassCondition)

   GsonAutoConfiguration:
      Did not match:
         - @ConditionalOnClass did not find required class 'com.google.gson.Gson' (OnClassCondition)

   GsonHttpMessageConvertersConfiguration:
      Did not match:
         - @ConditionalOnClass did not find required class 'com.google.gson.Gson' (OnClassCondition)

   H2ConsoleAutoConfiguration:
      Did not match:
         - @ConditionalOnClass did not find required class 'org.h2.server.web.JakartaWebServlet' (OnClassCondition)

   HazelcastAutoConfiguration:
      Did not match:
         - @ConditionalOnClass did not find required class 'com.hazelcast.core.HazelcastInstance' (OnClassCondition)

   HazelcastCacheConfiguration:
      Did not match:
         - @ConditionalOnClass did not find required class 'com.hazelcast.core.HazelcastInstance' (OnClassCondition)

   HazelcastJpaDependencyAutoConfiguration:
      Did not match:
         - @ConditionalOnClass did not find required class 'com.hazelcast.core.HazelcastInstance' (OnClassCondition)

   HttpHandlerAutoConfiguration:
      Did not match:
         - @ConditionalOnClass did not find required class 'org.springframework.web.reactive.DispatcherHandler' (OnClassCondition)

   HypermediaAutoConfiguration:
      Did not match:
         - @ConditionalOnClass did not find required class 'org.springframework.hateoas.EntityModel' (OnClassCondition)

   InfinispanCacheConfiguration:
      Did not match:
         - @ConditionalOnClass did not find required class 'org.infinispan.spring.embedded.provider.SpringEmbeddedCacheManager' (OnClassCondition)

   InfluxDbAutoConfiguration:
      Did not match:
         - @ConditionalOnClass did not find required class 'org.influxdb.InfluxDB' (OnClassCondition)

   IntegrationAutoConfiguration:
      Did not match:
         - @ConditionalOnClass did not find required class 'org.springframework.integration.config.EnableIntegration' (OnClassCondition)

   JCacheCacheConfiguration:
      Did not match:
         - @ConditionalOnClass did not find required class 'javax.cache.Caching' (OnClassCondition)

   JacksonHttpMessageConvertersConfiguration.MappingJackson2XmlHttpMessageConverterConfiguration:
      Did not match:
         - @ConditionalOnClass did not find required class 'com.fasterxml.jackson.dataformat.xml.XmlMapper' (OnClassCondition)

   JdbcRepositoriesAutoConfiguration:
      Did not match:
         - @ConditionalOnClass did not find required class 'org.springframework.data.jdbc.repository.config.AbstractJdbcConfiguration' (OnClassCondition)

   JerseyAutoConfiguration:
      Did not match:
         - @ConditionalOnClass did not find required class 'org.glassfish.jersey.server.spring.SpringComponentProvider' (OnClassCondition)

   JmsAutoConfiguration:
      Did not match:
         - @ConditionalOnClass did not find required class 'jakarta.jms.Message' (OnClassCondition)

   JmxAutoConfiguration:
      Did not match:
         - @ConditionalOnProperty (spring.jmx.enabled=true) found different value in property 'enabled' (OnPropertyCondition)
      Matched:
         - @ConditionalOnClass found required class 'org.springframework.jmx.export.MBeanExporter' (OnClassCondition)

   JndiConnectionFactoryAutoConfiguration:
      Did not match:
         - @ConditionalOnClass did not find required class 'org.springframework.jms.core.JmsTemplate' (OnClassCondition)

   JndiDataSourceAutoConfiguration:
      Did not match:
         - @ConditionalOnProperty (spring.datasource.jndi-name) did not find property 'jndi-name' (OnPropertyCondition)
      Matched:
         - @ConditionalOnClass found required classes 'javax.sql.DataSource', 'org.springframework.jdbc.datasource.embedded.EmbeddedDatabaseType' (OnClassCondition)

   JndiJtaConfiguration:
      Did not match:
         - @ConditionalOnJndi JNDI environment is not available (OnJndiCondition)
      Matched:
         - @ConditionalOnClass found required class 'org.springframework.transaction.jta.JtaTransactionManager' (OnClassCondition)

   JooqAutoConfiguration:
      Did not match:
         - @ConditionalOnClass did not find required class 'org.jooq.DSLContext' (OnClassCondition)

   JpaRepositoriesAutoConfiguration#entityManagerFactoryBootstrapExecutorCustomizer:
      Did not match:
         - AnyNestedCondition 0 matched 2 did not; NestedCondition on JpaRepositoriesAutoConfiguration.BootstrapExecutorCondition.LazyBootstrapMode @ConditionalOnProperty (spring.data.jpa.repositories.bootstrap-mode=lazy) did not find property 'bootstrap-mode'; NestedCondition on JpaRepositoriesAutoConfiguration.BootstrapExecutorCondition.DeferredBootstrapMode @ConditionalOnProperty (spring.data.jpa.repositories.bootstrap-mode=deferred) did not find property 'bootstrap-mode' (JpaRepositoriesAutoConfiguration.BootstrapExecutorCondition)

   JsonbAutoConfiguration:
      Did not match:
         - @ConditionalOnClass did not find required class 'jakarta.json.bind.Jsonb' (OnClassCondition)

   JsonbHttpMessageConvertersConfiguration:
      Did not match:
         - @ConditionalOnClass did not find required class 'jakarta.json.bind.Jsonb' (OnClassCondition)

   KafkaAutoConfiguration:
      Did not match:
         - @ConditionalOnClass did not find required class 'org.springframework.kafka.core.KafkaTemplate' (OnClassCondition)

   LdapAutoConfiguration:
      Did not match:
         - @ConditionalOnClass did not find required class 'org.springframework.ldap.core.ContextSource' (OnClassCondition)

   LdapRepositoriesAutoConfiguration:
      Did not match:
         - @ConditionalOnClass did not find required class 'org.springframework.data.ldap.repository.LdapRepository' (OnClassCondition)

   LiquibaseAutoConfiguration:
      Did not match:
         - @ConditionalOnClass did not find required class 'liquibase.change.DatabaseChange' (OnClassCondition)

   MailSenderJndiConfiguration:
      Did not match:
         - @ConditionalOnProperty (spring.mail.jndi-name) did not find property 'jndi-name' (OnPropertyCondition)
      Matched:
         - @ConditionalOnClass found required class 'jakarta.mail.Session' (OnClassCondition)

   MailSenderValidatorAutoConfiguration:
      Did not match:
         - @ConditionalOnProperty (spring.mail.test-connection) did not find property 'test-connection' (OnPropertyCondition)

   MessageSourceAutoConfiguration:
      Did not match:
         - ResourceBundle did not find bundle with basename messages (MessageSourceAutoConfiguration.ResourceBundleCondition)

   MongoAutoConfiguration:
      Did not match:
         - @ConditionalOnClass did not find required class 'com.mongodb.client.MongoClient' (OnClassCondition)

   MongoDataAutoConfiguration:
      Did not match:
         - @ConditionalOnClass did not find required class 'com.mongodb.client.MongoClient' (OnClassCondition)

   MongoReactiveAutoConfiguration:
      Did not match:
         - @ConditionalOnClass did not find required class 'com.mongodb.reactivestreams.client.MongoClient' (OnClassCondition)

   MongoReactiveDataAutoConfiguration:
      Did not match:
         - @ConditionalOnClass did not find required class 'com.mongodb.reactivestreams.client.MongoClient' (OnClassCondition)

   MongoReactiveRepositoriesAutoConfiguration:
      Did not match:
         - @ConditionalOnClass did not find required class 'com.mongodb.reactivestreams.client.MongoClient' (OnClassCondition)

   MongoRepositoriesAutoConfiguration:
      Did not match:
         - @ConditionalOnClass did not find required class 'com.mongodb.client.MongoClient' (OnClassCondition)

   MultipleOpenApiSupportConfiguration:
      Did not match:
         - AnyNestedCondition 0 matched 2 did not; NestedCondition on MultipleOpenApiSupportCondition.OnActuatorDifferentPort @ConditionalOnProperty (springdoc.show-actuator) did not find property 'springdoc.show-actuator'; NestedCondition on MultipleOpenApiSupportCondition.OnMultipleOpenApiSupportCondition AnyNestedCondition 0 matched 2 did not; NestedCondition on MultipleOpenApiGroupsCondition.OnGroupConfigProperty @ConditionalOnProperty (springdoc.group-configs[0].group) did not find property 'springdoc.group-configs[0].group'; NestedCondition on MultipleOpenApiGroupsCondition.OnGroupedOpenApiBean @ConditionalOnBean (types: org.springdoc.core.models.GroupedOpenApi; SearchStrategy: all) did not find any beans of type org.springdoc.core.models.GroupedOpenApi (MultipleOpenApiSupportCondition)
      Matched:
         - found 'session' scope (OnWebApplicationCondition)
         - @ConditionalOnProperty (springdoc.api-docs.enabled) matched (OnPropertyCondition)

   MultipleOpenApiSupportConfiguration.SpringDocWebMvcActuatorDifferentConfiguration:
      Did not match:
         - @ConditionalOnClass did not find required class 'org.springframework.boot.actuate.endpoint.web.servlet.WebMvcEndpointHandlerMapping' (OnClassCondition)
         - Ancestor org.springdoc.webmvc.core.configuration.MultipleOpenApiSupportConfiguration did not match (ConditionEvaluationReport.AncestorsMatchedCondition)

   MustacheAutoConfiguration:
      Did not match:
         - @ConditionalOnClass did not find required class 'com.samskivert.mustache.Mustache' (OnClassCondition)

   Neo4jAutoConfiguration:
      Did not match:
         - @ConditionalOnClass did not find required class 'org.neo4j.driver.Driver' (OnClassCondition)

   Neo4jDataAutoConfiguration:
      Did not match:
         - @ConditionalOnClass did not find required class 'org.neo4j.driver.Driver' (OnClassCondition)

   Neo4jReactiveDataAutoConfiguration:
      Did not match:
         - @ConditionalOnClass did not find required class 'org.neo4j.driver.Driver' (OnClassCondition)

   Neo4jReactiveRepositoriesAutoConfiguration:
      Did not match:
         - @ConditionalOnClass did not find required class 'org.neo4j.driver.Driver' (OnClassCondition)

   Neo4jRepositoriesAutoConfiguration:
      Did not match:
         - @ConditionalOnClass did not find required class 'org.neo4j.driver.Driver' (OnClassCondition)

   NettyAutoConfiguration:
      Did not match:
         - @ConditionalOnClass did not find required class 'io.netty.util.NettyRuntime' (OnClassCondition)

   OAuth2AuthorizationServerAutoConfiguration:
      Did not match:
         - @ConditionalOnClass did not find required class 'org.springframework.security.oauth2.server.authorization.OAuth2Authorization' (OnClassCondition)

   OAuth2AuthorizationServerJwtAutoConfiguration:
      Did not match:
         - @ConditionalOnClass did not find required class 'org.springframework.security.oauth2.server.authorization.OAuth2Authorization' (OnClassCondition)

   OAuth2ClientAutoConfiguration:
      Did not match:
         - @ConditionalOnClass did not find required class 'org.springframework.security.oauth2.client.registration.ClientRegistration' (OnClassCondition)

   OAuth2ResourceServerAutoConfiguration:
      Did not match:
         - @ConditionalOnClass did not find required class 'org.springframework.security.oauth2.server.resource.authentication.BearerTokenAuthenticationToken' (OnClassCondition)

   ProjectInfoAutoConfiguration#buildProperties:
      Did not match:
         - @ConditionalOnResource did not find resource '${spring.info.build.location:classpath:META-INF/build-info.properties}' (OnResourceCondition)

   ProjectInfoAutoConfiguration#gitProperties:
      Did not match:
         - GitResource did not find git info at classpath:git.properties (ProjectInfoAutoConfiguration.GitResourceAvailableCondition)

   PulsarAutoConfiguration:
      Did not match:
         - @ConditionalOnClass did not find required class 'org.apache.pulsar.client.api.PulsarClient' (OnClassCondition)

   PulsarReactiveAutoConfiguration:
      Did not match:
         - @ConditionalOnClass did not find required class 'org.apache.pulsar.client.api.PulsarClient' (OnClassCondition)

   QuartzAutoConfiguration:
      Did not match:
         - @ConditionalOnClass did not find required class 'org.quartz.Scheduler' (OnClassCondition)

   R2dbcAutoConfiguration:
      Did not match:
         - @ConditionalOnClass did not find required class 'io.r2dbc.spi.ConnectionFactory' (OnClassCondition)

   R2dbcDataAutoConfiguration:
      Did not match:
         - @ConditionalOnClass did not find required class 'org.springframework.data.r2dbc.core.R2dbcEntityTemplate' (OnClassCondition)

   R2dbcInitializationConfiguration:
      Did not match:
         - @ConditionalOnClass did not find required classes 'io.r2dbc.spi.ConnectionFactory', 'org.springframework.r2dbc.connection.init.DatabasePopulator' (OnClassCondition)

   R2dbcRepositoriesAutoConfiguration:
      Did not match:
         - @ConditionalOnClass did not find required class 'io.r2dbc.spi.ConnectionFactory' (OnClassCondition)

   R2dbcTransactionManagerAutoConfiguration:
      Did not match:
         - @ConditionalOnClass did not find required class 'org.springframework.r2dbc.connection.R2dbcTransactionManager' (OnClassCondition)

   RSocketGraphQlClientAutoConfiguration:
      Did not match:
         - @ConditionalOnClass did not find required class 'graphql.GraphQL' (OnClassCondition)

   RSocketMessagingAutoConfiguration:
      Did not match:
         - @ConditionalOnClass did not find required class 'io.rsocket.RSocket' (OnClassCondition)

   RSocketRequesterAutoConfiguration:
      Did not match:
         - @ConditionalOnClass did not find required class 'io.rsocket.RSocket' (OnClassCondition)

   RSocketSecurityAutoConfiguration:
      Did not match:
         - @ConditionalOnClass did not find required class 'org.springframework.security.rsocket.core.SecuritySocketAcceptorInterceptor' (OnClassCondition)

   RSocketServerAutoConfiguration:
      Did not match:
         - @ConditionalOnClass did not find required class 'io.rsocket.core.RSocketServer' (OnClassCondition)

   RSocketStrategiesAutoConfiguration:
      Did not match:
         - @ConditionalOnClass did not find required class 'io.netty.buffer.PooledByteBufAllocator' (OnClassCondition)

   RabbitAutoConfiguration:
      Did not match:
         - @ConditionalOnClass did not find required class 'com.rabbitmq.client.Channel' (OnClassCondition)

   ReactiveElasticsearchClientAutoConfiguration:
      Did not match:
         - @ConditionalOnClass did not find required class 'co.elastic.clients.transport.ElasticsearchTransport' (OnClassCondition)

   ReactiveElasticsearchRepositoriesAutoConfiguration:
      Did not match:
         - @ConditionalOnClass did not find required class 'reactor.core.publisher.Mono' (OnClassCondition)

   ReactiveMultipartAutoConfiguration:
      Did not match:
         - @ConditionalOnClass did not find required class 'org.springframework.web.reactive.config.WebFluxConfigurer' (OnClassCondition)

   ReactiveOAuth2ClientAutoConfiguration:
      Did not match:
         - @ConditionalOnClass did not find required class 'reactor.core.publisher.Flux' (OnClassCondition)

   ReactiveOAuth2ResourceServerAutoConfiguration:
      Did not match:
         - @ConditionalOnWebApplication did not find reactive web application classes (OnWebApplicationCondition)

   ReactiveSecurityAutoConfiguration:
      Did not match:
         - @ConditionalOnClass did not find required class 'reactor.core.publisher.Flux' (OnClassCondition)

   ReactiveUserDetailsServiceAutoConfiguration:
      Did not match:
         - AnyNestedCondition 0 matched 2 did not; NestedCondition on ReactiveUserDetailsServiceAutoConfiguration.RSocketEnabledOrReactiveWebApplication.ReactiveWebApplicationCondition did not find reactive web application classes; NestedCondition on ReactiveUserDetailsServiceAutoConfiguration.RSocketEnabledOrReactiveWebApplication.RSocketSecurityEnabledCondition @ConditionalOnBean (types: org.springframework.messaging.rsocket.annotation.support.RSocketMessageHandler; SearchStrategy: all) did not find any beans of type org.springframework.messaging.rsocket.annotation.support.RSocketMessageHandler (ReactiveUserDetailsServiceAutoConfiguration.RSocketEnabledOrReactiveWebApplication)
      Matched:
         - @ConditionalOnClass found required class 'org.springframework.security.authentication.ReactiveAuthenticationManager' (OnClassCondition)
         - AnyNestedCondition 1 matched 2 did not; NestedCondition on ReactiveUserDetailsServiceAutoConfiguration.MissingAlternativeOrUserPropertiesConfigured.PasswordConfigured @ConditionalOnProperty (spring.security.user.password) did not find property 'password'; NestedCondition on ReactiveUserDetailsServiceAutoConfiguration.MissingAlternativeOrUserPropertiesConfigured.NameConfigured @ConditionalOnProperty (spring.security.user.name) did not find property 'name'; NestedCondition on ReactiveUserDetailsServiceAutoConfiguration.MissingAlternativeOrUserPropertiesConfigured.MissingAlternative @ConditionalOnMissingClass did not find unwanted classes 'org.springframework.security.oauth2.client.registration.ClientRegistrationRepository', 'org.springframework.security.oauth2.server.resource.introspection.ReactiveOpaqueTokenIntrospector' (ReactiveUserDetailsServiceAutoConfiguration.MissingAlternativeOrUserPropertiesConfigured)

   ReactiveWebServerFactoryAutoConfiguration:
      Did not match:
         - @ConditionalOnWebApplication did not find reactive web application classes (OnWebApplicationCondition)

   ReactorAutoConfiguration:
      Did not match:
         - @ConditionalOnClass did not find required class 'reactor.core.publisher.Hooks' (OnClassCondition)

   RedisAutoConfiguration:
      Did not match:
         - @ConditionalOnClass did not find required class 'org.springframework.data.redis.core.RedisOperations' (OnClassCondition)

   RedisCacheConfiguration:
      Did not match:
         - @ConditionalOnClass did not find required class 'org.springframework.data.redis.connection.RedisConnectionFactory' (OnClassCondition)

   RedisReactiveAutoConfiguration:
      Did not match:
         - @ConditionalOnClass did not find required class 'reactor.core.publisher.Flux' (OnClassCondition)

   RedisRepositoriesAutoConfiguration:
      Did not match:
         - @ConditionalOnClass did not find required class 'org.springframework.data.redis.repository.configuration.EnableRedisRepositories' (OnClassCondition)

   RepositoryRestMvcAutoConfiguration:
      Did not match:
         - @ConditionalOnClass did not find required class 'org.springframework.data.rest.webmvc.config.RepositoryRestMvcConfiguration' (OnClassCondition)

   Saml2RelyingPartyAutoConfiguration:
      Did not match:
         - @ConditionalOnClass did not find required class 'org.springframework.security.saml2.provider.service.registration.RelyingPartyRegistrationRepository' (OnClassCondition)

   SecurityDataConfiguration:
      Did not match:
         - @ConditionalOnClass did not find required class 'org.springframework.security.data.repository.query.SecurityEvaluationContextExtension' (OnClassCondition)

   SendGridAutoConfiguration:
      Did not match:
         - @ConditionalOnClass did not find required class 'com.sendgrid.SendGrid' (OnClassCondition)

   ServletWebServerFactoryAutoConfiguration.ForwardedHeaderFilterConfiguration:
      Did not match:
         - @ConditionalOnProperty (server.forward-headers-strategy=framework) did not find property 'server.forward-headers-strategy' (OnPropertyCondition)

   ServletWebServerFactoryConfiguration.EmbeddedJetty:
      Did not match:
         - @ConditionalOnClass did not find required classes 'org.eclipse.jetty.server.Server', 'org.eclipse.jetty.util.Loader', 'org.eclipse.jetty.ee10.webapp.WebAppContext' (OnClassCondition)

   ServletWebServerFactoryConfiguration.EmbeddedUndertow:
      Did not match:
         - @ConditionalOnClass did not find required classes 'io.undertow.Undertow', 'org.xnio.SslClientAuthMode' (OnClassCondition)

   SessionAutoConfiguration:
      Did not match:
         - @ConditionalOnClass did not find required class 'org.springframework.session.Session' (OnClassCondition)

   SpringApplicationAdminJmxAutoConfiguration:
      Did not match:
         - @ConditionalOnProperty (spring.application.admin.enabled=true) did not find property 'enabled' (OnPropertyCondition)

   SpringBootWebSecurityConfiguration.SecurityFilterChainConfiguration:
      Did not match:
         - AllNestedConditions 1 matched 1 did not; NestedCondition on DefaultWebSecurityCondition.Beans @ConditionalOnMissingBean (types: org.springframework.security.web.SecurityFilterChain; SearchStrategy: all) found beans of type 'org.springframework.security.web.SecurityFilterChain' adminSecurityFilterChain, vendorSecurityFilterChain, userSecurityFilterChain; NestedCondition on DefaultWebSecurityCondition.Classes @ConditionalOnClass found required classes 'org.springframework.security.web.SecurityFilterChain', 'org.springframework.security.config.annotation.web.builders.HttpSecurity' (DefaultWebSecurityCondition)

   SpringBootWebSecurityConfiguration.WebSecurityEnablerConfiguration:
      Did not match:
         - @ConditionalOnMissingBean (names: springSecurityFilterChain; SearchStrategy: all) found beans named springSecurityFilterChain (OnBeanCondition)
      Matched:
         - @ConditionalOnClass found required class 'org.springframework.security.config.annotation.web.configuration.EnableWebSecurity' (OnClassCondition)

   SpringDocConfiguration#propertiesResolverForSchema:
      Did not match:
         - @ConditionalOnProperty (springdoc.api-docs.resolve-schema-properties) did not find property 'springdoc.api-docs.resolve-schema-properties' (OnPropertyCondition)

   SpringDocConfiguration#propertyCustomizingConverter:
      Did not match:
         - @ConditionalOnBean (types: org.springdoc.core.customizers.PropertyCustomizer; SearchStrategy: all) did not find any beans of type org.springdoc.core.customizers.PropertyCustomizer (OnBeanCondition)

   SpringDocConfiguration#springdocBeanFactoryPostProcessor:
      Did not match:
         - AnyNestedCondition 0 matched 2 did not; NestedCondition on CacheOrGroupedOpenApiCondition.OnCacheDisabled found non-matching nested conditions @ConditionalOnProperty (springdoc.cache.disabled) did not find property 'springdoc.cache.disabled'; NestedCondition on CacheOrGroupedOpenApiCondition.OnMultipleOpenApiSupportCondition AnyNestedCondition 0 matched 2 did not; NestedCondition on MultipleOpenApiSupportCondition.OnActuatorDifferentPort @ConditionalOnProperty (springdoc.show-actuator) did not find property 'springdoc.show-actuator'; NestedCondition on MultipleOpenApiSupportCondition.OnMultipleOpenApiSupportCondition AnyNestedCondition 0 matched 2 did not; NestedCondition on MultipleOpenApiGroupsCondition.OnGroupConfigProperty @ConditionalOnProperty (springdoc.group-configs[0].group) did not find property 'springdoc.group-configs[0].group'; NestedCondition on MultipleOpenApiGroupsCondition.OnGroupedOpenApiBean @ConditionalOnBean (types: org.springdoc.core.models.GroupedOpenApi; SearchStrategy: all) did not find any beans of type org.springdoc.core.models.GroupedOpenApi (CacheOrGroupedOpenApiCondition)
      Matched:
         - @ConditionalOnClass found required class 'org.springframework.boot.context.properties.bind.BindResult' (OnClassCondition)

   SpringDocConfiguration#springdocBeanFactoryPostProcessor2:
      Did not match:
         - @ConditionalOnMissingClass found unwanted class 'org.springframework.boot.context.properties.bind.BindResult' (OnClassCondition)

   SpringDocConfiguration.SpringDocActuatorConfiguration:
      Did not match:
         - @ConditionalOnClass did not find required class 'org.springframework.boot.actuate.autoconfigure.endpoint.web.WebEndpointProperties' (OnClassCondition)

   SpringDocConfiguration.SpringDocRepositoryRestConfiguration:
      Did not match:
         - @ConditionalOnClass did not find required class 'org.springframework.data.rest.core.config.RepositoryRestConfiguration' (OnClassCondition)

   SpringDocConfiguration.SpringDocWebFluxSupportConfiguration:
      Did not match:
         - @ConditionalOnClass did not find required class 'reactor.core.publisher.Flux' (OnClassCondition)

   SpringDocDataRestConfiguration:
      Did not match:
         - @ConditionalOnClass did not find required class 'org.springframework.data.rest.core.config.RepositoryRestConfiguration' (OnClassCondition)

   SpringDocFunctionCatalogConfiguration:
      Did not match:
         - @ConditionalOnClass did not find required class 'org.springframework.cloud.function.web.function.FunctionEndpointInitializer' (OnClassCondition)

   SpringDocGroovyConfiguration:
      Did not match:
         - @ConditionalOnClass did not find required class 'groovy.lang.MetaClass' (OnClassCondition)

   SpringDocHateoasConfiguration:
      Did not match:
         - @ConditionalOnClass did not find required class 'org.springframework.hateoas.server.LinkRelationProvider' (OnClassCondition)

   SpringDocJacksonKotlinModuleConfiguration:
      Did not match:
         - @ConditionalOnClass did not find required class 'com.fasterxml.jackson.module.kotlin.KotlinModule' (OnClassCondition)

   SpringDocJavadocConfiguration:
      Did not match:
         - @ConditionalOnClass did not find required class 'com.github.therapi.runtimejavadoc.CommentFormatter' (OnClassCondition)

   SpringDocKotlinConfiguration:
      Did not match:
         - @ConditionalOnClass did not find required class 'kotlin.coroutines.Continuation' (OnClassCondition)

   SpringDocKotlinxConfiguration:
      Did not match:
         - @ConditionalOnClass did not find required class 'kotlinx.coroutines.flow.Flow' (OnClassCondition)

   SpringDocSecurityConfiguration.SpringDocSecurityOAuth2Configuration:
      Did not match:
         - @ConditionalOnClass did not find required class 'org.springframework.security.oauth2.server.authorization.OAuth2AuthorizationService' (OnClassCondition)

   SpringDocSecurityConfiguration.SpringSecurityLoginEndpointConfiguration#springSecurityLoginEndpointCustomiser:
      Did not match:
         - @ConditionalOnProperty (springdoc.show-login-endpoint) did not find property 'springdoc.show-login-endpoint' (OnPropertyCondition)

   SpringDocSortConfiguration#delegatingMethodParameterCustomizer:
      Did not match:
         - @ConditionalOnMissingBean (types: org.springdoc.core.customizers.DelegatingMethodParameterCustomizer; SearchStrategy: all) found beans of type 'org.springdoc.core.customizers.DelegatingMethodParameterCustomizer' delegatingMethodParameterCustomizer (OnBeanCondition)

   SpringDocWebMvcConfiguration.SpringDocWebMvcActuatorConfiguration:
      Did not match:
         - @ConditionalOnClass did not find required class 'org.springframework.boot.actuate.endpoint.web.servlet.WebMvcEndpointHandlerMapping' (OnClassCondition)

   SwaggerConfig#springWebProvider:
      Did not match:
         - @ConditionalOnMissingBean (types: org.springdoc.core.providers.SpringWebProvider; SearchStrategy: all) found beans of type 'org.springdoc.core.providers.SpringWebProvider' springWebProvider (OnBeanCondition)

   SwaggerConfig#swaggerUiConfigParameters:
      Did not match:
         - @ConditionalOnMissingBean (types: org.springdoc.core.properties.SwaggerUiConfigParameters; SearchStrategy: all) found beans of type 'org.springdoc.core.properties.SwaggerUiConfigParameters' org.springdoc.core.properties.SwaggerUiConfigParameters (OnBeanCondition)

   SwaggerConfig#swaggerUiHome:
      Did not match:
         - @ConditionalOnProperty (springdoc.swagger-ui.use-root-path=true) did not find property 'springdoc.swagger-ui.use-root-path' (OnPropertyCondition)

   SwaggerConfig.SwaggerActuatorWelcomeConfiguration:
      Did not match:
         - @ConditionalOnClass did not find required class 'org.springframework.boot.actuate.endpoint.web.servlet.WebMvcEndpointHandlerMapping' (OnClassCondition)

   TaskExecutorConfigurations.SimpleAsyncTaskExecutorBuilderConfiguration#simpleAsyncTaskExecutorBuilderVirtualThreads:
      Did not match:
         - @ConditionalOnMissingBean (types: org.springframework.boot.task.SimpleAsyncTaskExecutorBuilder; SearchStrategy: all) found beans of type 'org.springframework.boot.task.SimpleAsyncTaskExecutorBuilder' simpleAsyncTaskExecutorBuilder (OnBeanCondition)

   TaskExecutorConfigurations.TaskExecutorConfiguration#applicationTaskExecutorVirtualThreads:
      Did not match:
         - @ConditionalOnThreading did not find VIRTUAL (OnThreadingCondition)

   TaskSchedulingConfigurations.SimpleAsyncTaskSchedulerBuilderConfiguration#simpleAsyncTaskSchedulerBuilderVirtualThreads:
      Did not match:
         - @ConditionalOnMissingBean (types: org.springframework.boot.task.SimpleAsyncTaskSchedulerBuilder; SearchStrategy: all) found beans of type 'org.springframework.boot.task.SimpleAsyncTaskSchedulerBuilder' simpleAsyncTaskSchedulerBuilder (OnBeanCondition)

   TaskSchedulingConfigurations.TaskSchedulerConfiguration#taskSchedulerVirtualThreads:
      Did not match:
         - @ConditionalOnThreading did not find VIRTUAL (OnThreadingCondition)

   ThymeleafAutoConfiguration:
      Did not match:
         - @ConditionalOnClass did not find required class 'org.thymeleaf.spring6.SpringTemplateEngine' (OnClassCondition)

   TransactionAutoConfiguration#transactionalOperator:
      Did not match:
         - @ConditionalOnSingleCandidate (types: org.springframework.transaction.ReactiveTransactionManager; SearchStrategy: all) did not find any beans (OnBeanCondition)

   TransactionAutoConfiguration.AspectJTransactionManagementConfiguration:
      Did not match:
         - @ConditionalOnBean (types: org.springframework.transaction.aspectj.AbstractTransactionAspect; SearchStrategy: all) did not find any beans of type org.springframework.transaction.aspectj.AbstractTransactionAspect (OnBeanCondition)

   TransactionAutoConfiguration.EnableTransactionManagementConfiguration.JdkDynamicAutoProxyConfiguration:
      Did not match:
         - @ConditionalOnProperty (spring.aop.proxy-target-class=false) did not find property 'proxy-target-class' (OnPropertyCondition)

   UserDetailsServiceAutoConfiguration:
      Did not match:
         - @ConditionalOnMissingBean (types: org.springframework.security.authentication.AuthenticationManager,org.springframework.security.authentication.AuthenticationProvider,org.springframework.security.core.userdetails.UserDetailsService,org.springframework.security.authentication.AuthenticationManagerResolver,org.springframework.security.oauth2.jwt.JwtDecoder; SearchStrategy: all) found beans of type 'org.springframework.security.core.userdetails.UserDetailsService' customUserDetailsService (OnBeanCondition)
      Matched:
         - @ConditionalOnClass found required class 'org.springframework.security.authentication.AuthenticationManager' (OnClassCondition)
         - AnyNestedCondition 1 matched 2 did not; NestedCondition on UserDetailsServiceAutoConfiguration.MissingAlternativeOrUserPropertiesConfigured.PasswordConfigured @ConditionalOnProperty (spring.security.user.password) did not find property 'password'; NestedCondition on UserDetailsServiceAutoConfiguration.MissingAlternativeOrUserPropertiesConfigured.NameConfigured @ConditionalOnProperty (spring.security.user.name) did not find property 'name'; NestedCondition on UserDetailsServiceAutoConfiguration.MissingAlternativeOrUserPropertiesConfigured.MissingAlternative @ConditionalOnMissingClass did not find unwanted classes 'org.springframework.security.oauth2.client.registration.ClientRegistrationRepository', 'org.springframework.security.oauth2.server.resource.introspection.OpaqueTokenIntrospector', 'org.springframework.security.saml2.provider.service.registration.RelyingPartyRegistrationRepository' (UserDetailsServiceAutoConfiguration.MissingAlternativeOrUserPropertiesConfigured)

   ValidationAutoConfiguration:
      Did not match:
         - @ConditionalOnResource did not find resource 'classpath:META-INF/services/jakarta.validation.spi.ValidationProvider' (OnResourceCondition)
      Matched:
         - @ConditionalOnClass found required class 'jakarta.validation.executable.ExecutableValidator' (OnClassCondition)

   WebClientAutoConfiguration:
      Did not match:
         - @ConditionalOnClass did not find required class 'org.springframework.web.reactive.function.client.WebClient' (OnClassCondition)

   WebFluxAutoConfiguration:
      Did not match:
         - @ConditionalOnClass did not find required class 'org.springframework.web.reactive.config.WebFluxConfigurer' (OnClassCondition)

   WebMvcAutoConfiguration#hiddenHttpMethodFilter:
      Did not match:
         - @ConditionalOnProperty (spring.mvc.hiddenmethod.filter.enabled) did not find property 'enabled' (OnPropertyCondition)

   WebMvcAutoConfiguration.ProblemDetailsErrorHandlingConfiguration:
      Did not match:
         - @ConditionalOnProperty (spring.mvc.problemdetails.enabled=true) did not find property 'enabled' (OnPropertyCondition)

   WebMvcAutoConfiguration.ResourceChainCustomizerConfiguration:
      Did not match:
         - @ConditionalOnEnabledResourceChain did not find class org.webjars.WebJarAssetLocator (OnEnabledResourceChainCondition)

   WebMvcAutoConfiguration.WebMvcAutoConfigurationAdapter#beanNameViewResolver:
      Did not match:
         - @ConditionalOnMissingBean (types: org.springframework.web.servlet.view.BeanNameViewResolver; SearchStrategy: all) found beans of type 'org.springframework.web.servlet.view.BeanNameViewResolver' beanNameViewResolver (OnBeanCondition)

   WebServiceTemplateAutoConfiguration:
      Did not match:
         - @ConditionalOnClass did not find required class 'org.springframework.oxm.Marshaller' (OnClassCondition)

   WebServicesAutoConfiguration:
      Did not match:
         - @ConditionalOnClass did not find required class 'org.springframework.ws.transport.http.MessageDispatcherServlet' (OnClassCondition)

   WebSessionIdResolverAutoConfiguration:
      Did not match:
         - @ConditionalOnClass did not find required class 'reactor.core.publisher.Mono' (OnClassCondition)

   WebSocketMessagingAutoConfiguration.WebSocketMessageConverterConfiguration:
      Did not match:
         - @ConditionalOnBean (types: org.springframework.web.socket.config.annotation.DelegatingWebSocketMessageBrokerConfiguration,com.fasterxml.jackson.databind.ObjectMapper; SearchStrategy: all) did not find any beans of type org.springframework.web.socket.config.annotation.DelegatingWebSocketMessageBrokerConfiguration (OnBeanCondition)
      Matched:
         - @ConditionalOnClass found required classes 'com.fasterxml.jackson.databind.ObjectMapper', 'org.springframework.messaging.simp.config.AbstractMessageBrokerConfiguration' (OnClassCondition)

   WebSocketReactiveAutoConfiguration:
      Did not match:
         - @ConditionalOnWebApplication did not find reactive web application classes (OnWebApplicationCondition)

   WebSocketServletAutoConfiguration.JettyWebSocketConfiguration:
      Did not match:
         - @ConditionalOnClass did not find required class 'org.eclipse.jetty.ee10.websocket.jakarta.server.config.JakartaWebSocketServletContainerInitializer' (OnClassCondition)

   WebSocketServletAutoConfiguration.UndertowWebSocketConfiguration:
      Did not match:
         - @ConditionalOnClass did not find required class 'io.undertow.websockets.jsr.Bootstrap' (OnClassCondition)

   XADataSourceAutoConfiguration:
      Did not match:
         - @ConditionalOnBean (types: org.springframework.boot.jdbc.XADataSourceWrapper; SearchStrategy: all) did not find any beans of type org.springframework.boot.jdbc.XADataSourceWrapper (OnBeanCondition)
      Matched:
         - @ConditionalOnClass found required classes 'javax.sql.DataSource', 'jakarta.transaction.TransactionManager', 'org.springframework.jdbc.datasource.embedded.EmbeddedDatabaseType' (OnClassCondition)


Exclusions:
-----------

    None


Unconditional classes:
----------------------

    org.springframework.boot.autoconfigure.context.ConfigurationPropertiesAutoConfiguration

    org.springframework.boot.autoconfigure.ssl.SslAutoConfiguration

    org.springframework.boot.autoconfigure.context.PropertyPlaceholderAutoConfiguration

    org.springframework.boot.autoconfigure.context.LifecycleAutoConfiguration

    org.springframework.boot.autoconfigure.availability.ApplicationAvailabilityAutoConfiguration

    org.springframework.boot.autoconfigure.info.ProjectInfoAutoConfiguration



2024-12-13T18:05:59.834+05:30 DEBUG 7187 --- [contenttree] [           main] o.s.b.f.s.DefaultListableBeanFactory     : Creating shared instance of singleton bean 'webSocketHandlerMapping'
2024-12-13T18:05:59.834+05:30 DEBUG 7187 --- [contenttree] [           main] o.s.b.f.s.DefaultListableBeanFactory     : Creating shared instance of singleton bean 'org.springframework.web.socket.config.annotation.DelegatingWebSocketConfiguration'
2024-12-13T18:05:59.834+05:30 DEBUG 7187 --- [contenttree] [           main] o.s.b.f.s.DefaultListableBeanFactory     : Creating shared instance of singleton bean 'webSocketConfig'
2024-12-13T18:05:59.835+05:30 DEBUG 7187 --- [contenttree] [           main] o.s.b.f.s.DefaultListableBeanFactory     : Creating shared instance of singleton bean 'defaultSockJsSchedulerContainer'
2024-12-13T18:05:59.837+05:30 DEBUG 7187 --- [contenttree] [           main] o.s.b.f.s.DefaultListableBeanFactory     : Autowiring by type from bean name 'webSocketHandlerMapping' via factory method to bean named 'defaultSockJsSchedulerContainer'
2024-12-13T18:05:59.858+05:30 DEBUG 7187 --- [contenttree] [           main] o.s.w.s.s.s.WebSocketHandlerMapping      : Patterns [/ws/notifications] in 'webSocketHandlerMapping'
2024-12-13T18:05:59.859+05:30 DEBUG 7187 --- [contenttree] [           main] o.s.b.f.s.DefaultListableBeanFactory     : Creating shared instance of singleton bean 'welcomePageHandlerMapping'
2024-12-13T18:05:59.860+05:30 DEBUG 7187 --- [contenttree] [           main] o.s.b.f.s.DefaultListableBeanFactory     : Autowiring by type from bean name 'welcomePageHandlerMapping' via factory method to bean named 'org.springframework.web.context.support.GenericWebApplicationContext@f713686'
2024-12-13T18:05:59.860+05:30 DEBUG 7187 --- [contenttree] [           main] o.s.b.f.s.DefaultListableBeanFactory     : Autowiring by type from bean name 'welcomePageHandlerMapping' via factory method to bean named 'mvcConversionService'
2024-12-13T18:05:59.860+05:30 DEBUG 7187 --- [contenttree] [           main] o.s.b.f.s.DefaultListableBeanFactory     : Autowiring by type from bean name 'welcomePageHandlerMapping' via factory method to bean named 'mvcResourceUrlProvider'
2024-12-13T18:05:59.869+05:30 DEBUG 7187 --- [contenttree] [           main] o.s.b.f.s.DefaultListableBeanFactory     : Creating shared instance of singleton bean 'welcomePageNotAcceptableHandlerMapping'
2024-12-13T18:05:59.869+05:30 DEBUG 7187 --- [contenttree] [           main] o.s.b.f.s.DefaultListableBeanFactory     : Autowiring by type from bean name 'welcomePageNotAcceptableHandlerMapping' via factory method to bean named 'org.springframework.web.context.support.GenericWebApplicationContext@f713686'
2024-12-13T18:05:59.869+05:30 DEBUG 7187 --- [contenttree] [           main] o.s.b.f.s.DefaultListableBeanFactory     : Autowiring by type from bean name 'welcomePageNotAcceptableHandlerMapping' via factory method to bean named 'mvcConversionService'
2024-12-13T18:05:59.869+05:30 DEBUG 7187 --- [contenttree] [           main] o.s.b.f.s.DefaultListableBeanFactory     : Autowiring by type from bean name 'welcomePageNotAcceptableHandlerMapping' via factory method to bean named 'mvcResourceUrlProvider'
2024-12-13T18:05:59.872+05:30 DEBUG 7187 --- [contenttree] [           main] o.s.b.f.s.DefaultListableBeanFactory     : Creating shared instance of singleton bean 'requestMappingHandlerMapping'
2024-12-13T18:05:59.873+05:30 DEBUG 7187 --- [contenttree] [           main] o.s.b.f.s.DefaultListableBeanFactory     : Creating shared instance of singleton bean 'mvcContentNegotiationManager'
2024-12-13T18:05:59.876+05:30 DEBUG 7187 --- [contenttree] [           main] o.s.b.f.s.DefaultListableBeanFactory     : Autowiring by type from bean name 'requestMappingHandlerMapping' via factory method to bean named 'mvcContentNegotiationManager'
2024-12-13T18:05:59.876+05:30 DEBUG 7187 --- [contenttree] [           main] o.s.b.f.s.DefaultListableBeanFactory     : Autowiring by type from bean name 'requestMappingHandlerMapping' via factory method to bean named 'mvcConversionService'
2024-12-13T18:05:59.876+05:30 DEBUG 7187 --- [contenttree] [           main] o.s.b.f.s.DefaultListableBeanFactory     : Autowiring by type from bean name 'requestMappingHandlerMapping' via factory method to bean named 'mvcResourceUrlProvider'
2024-12-13T18:05:59.923+05:30 DEBUG 7187 --- [contenttree] [           main] s.w.s.m.m.a.RequestMappingHandlerMapping : 108 mappings in 'requestMappingHandlerMapping'
2024-12-13T18:05:59.925+05:30 DEBUG 7187 --- [contenttree] [           main] o.s.b.f.s.DefaultListableBeanFactory     : Creating shared instance of singleton bean 'viewControllerHandlerMapping'
2024-12-13T18:05:59.926+05:30 DEBUG 7187 --- [contenttree] [           main] o.s.b.f.s.DefaultListableBeanFactory     : Autowiring by type from bean name 'viewControllerHandlerMapping' via factory method to bean named 'mvcConversionService'
2024-12-13T18:05:59.926+05:30 DEBUG 7187 --- [contenttree] [           main] o.s.b.f.s.DefaultListableBeanFactory     : Autowiring by type from bean name 'viewControllerHandlerMapping' via factory method to bean named 'mvcResourceUrlProvider'
2024-12-13T18:05:59.926+05:30 DEBUG 7187 --- [contenttree] [           main] o.s.b.f.s.DefaultListableBeanFactory     : Creating shared instance of singleton bean 'beanNameHandlerMapping'
2024-12-13T18:05:59.926+05:30 DEBUG 7187 --- [contenttree] [           main] o.s.b.f.s.DefaultListableBeanFactory     : Autowiring by type from bean name 'beanNameHandlerMapping' via factory method to bean named 'mvcConversionService'
2024-12-13T18:05:59.926+05:30 DEBUG 7187 --- [contenttree] [           main] o.s.b.f.s.DefaultListableBeanFactory     : Autowiring by type from bean name 'beanNameHandlerMapping' via factory method to bean named 'mvcResourceUrlProvider'
2024-12-13T18:05:59.928+05:30 DEBUG 7187 --- [contenttree] [           main] o.s.b.f.s.DefaultListableBeanFactory     : Creating shared instance of singleton bean 'routerFunctionMapping'
2024-12-13T18:05:59.928+05:30 DEBUG 7187 --- [contenttree] [           main] o.s.b.f.s.DefaultListableBeanFactory     : Autowiring by type from bean name 'routerFunctionMapping' via factory method to bean named 'mvcConversionService'
2024-12-13T18:05:59.928+05:30 DEBUG 7187 --- [contenttree] [           main] o.s.b.f.s.DefaultListableBeanFactory     : Autowiring by type from bean name 'routerFunctionMapping' via factory method to bean named 'mvcResourceUrlProvider'
2024-12-13T18:05:59.929+05:30 DEBUG 7187 --- [contenttree] [           main] o.s.b.f.s.DefaultListableBeanFactory     : Creating shared instance of singleton bean 'messageConverters'
2024-12-13T18:05:59.929+05:30 DEBUG 7187 --- [contenttree] [           main] o.s.b.f.s.DefaultListableBeanFactory     : Creating shared instance of singleton bean 'org.springframework.boot.autoconfigure.http.HttpMessageConvertersAutoConfiguration'
2024-12-13T18:05:59.931+05:30 DEBUG 7187 --- [contenttree] [           main] o.s.b.f.s.DefaultListableBeanFactory     : Creating shared instance of singleton bean 'stringHttpMessageConverter'
2024-12-13T18:05:59.932+05:30 DEBUG 7187 --- [contenttree] [           main] o.s.b.f.s.DefaultListableBeanFactory     : Creating shared instance of singleton bean 'org.springframework.boot.autoconfigure.http.HttpMessageConvertersAutoConfiguration$StringHttpMessageConverterConfiguration'
2024-12-13T18:05:59.932+05:30 DEBUG 7187 --- [contenttree] [           main] o.s.b.f.s.DefaultListableBeanFactory     : Autowiring by type from bean name 'stringHttpMessageConverter' via factory method to bean named 'environment'
2024-12-13T18:05:59.933+05:30 DEBUG 7187 --- [contenttree] [           main] o.s.b.f.s.DefaultListableBeanFactory     : Creating shared instance of singleton bean 'mappingJackson2HttpMessageConverter'
2024-12-13T18:05:59.933+05:30 DEBUG 7187 --- [contenttree] [           main] o.s.b.f.s.DefaultListableBeanFactory     : Creating shared instance of singleton bean 'org.springframework.boot.autoconfigure.http.JacksonHttpMessageConvertersConfiguration$MappingJackson2HttpMessageConverterConfiguration'
2024-12-13T18:05:59.934+05:30 DEBUG 7187 --- [contenttree] [           main] o.s.b.f.s.DefaultListableBeanFactory     : Creating shared instance of singleton bean 'jacksonObjectMapper'
2024-12-13T18:05:59.934+05:30 DEBUG 7187 --- [contenttree] [           main] o.s.b.f.s.DefaultListableBeanFactory     : Creating shared instance of singleton bean 'org.springframework.boot.autoconfigure.jackson.JacksonAutoConfiguration$JacksonObjectMapperConfiguration'
2024-12-13T18:05:59.934+05:30 DEBUG 7187 --- [contenttree] [           main] o.s.b.f.s.DefaultListableBeanFactory     : Creating shared instance of singleton bean 'org.springframework.boot.autoconfigure.jackson.JacksonAutoConfiguration$JacksonObjectMapperBuilderConfiguration'
2024-12-13T18:05:59.934+05:30 DEBUG 7187 --- [contenttree] [           main] o.s.b.f.s.DefaultListableBeanFactory     : Creating shared instance of singleton bean 'standardJacksonObjectMapperBuilderCustomizer'
2024-12-13T18:05:59.934+05:30 DEBUG 7187 --- [contenttree] [           main] o.s.b.f.s.DefaultListableBeanFactory     : Creating shared instance of singleton bean 'org.springframework.boot.autoconfigure.jackson.JacksonAutoConfiguration$Jackson2ObjectMapperBuilderCustomizerConfiguration'
2024-12-13T18:05:59.935+05:30 DEBUG 7187 --- [contenttree] [           main] o.s.b.f.s.DefaultListableBeanFactory     : Creating shared instance of singleton bean 'spring.jackson-org.springframework.boot.autoconfigure.jackson.JacksonProperties'
2024-12-13T18:05:59.936+05:30 DEBUG 7187 --- [contenttree] [           main] o.s.b.f.s.DefaultListableBeanFactory     : Autowiring by type from bean name 'standardJacksonObjectMapperBuilderCustomizer' via factory method to bean named 'spring.jackson-org.springframework.boot.autoconfigure.jackson.JacksonProperties'
2024-12-13T18:05:59.936+05:30 DEBUG 7187 --- [contenttree] [           main] o.s.b.f.s.DefaultListableBeanFactory     : Creating shared instance of singleton bean 'parameterNamesModule'
2024-12-13T18:05:59.936+05:30 DEBUG 7187 --- [contenttree] [           main] o.s.b.f.s.DefaultListableBeanFactory     : Creating shared instance of singleton bean 'org.springframework.boot.autoconfigure.jackson.JacksonAutoConfiguration$ParameterNamesModuleConfiguration'
2024-12-13T18:05:59.938+05:30 DEBUG 7187 --- [contenttree] [           main] o.s.b.f.s.DefaultListableBeanFactory     : Creating shared instance of singleton bean 'jsonMixinModule'
2024-12-13T18:05:59.938+05:30 DEBUG 7187 --- [contenttree] [           main] o.s.b.f.s.DefaultListableBeanFactory     : Creating shared instance of singleton bean 'org.springframework.boot.autoconfigure.jackson.JacksonAutoConfiguration$JacksonMixinConfiguration'
2024-12-13T18:05:59.938+05:30 DEBUG 7187 --- [contenttree] [           main] o.s.b.f.s.DefaultListableBeanFactory     : Creating shared instance of singleton bean 'jsonMixinModuleEntries'
2024-12-13T18:05:59.938+05:30 DEBUG 7187 --- [contenttree] [           main] o.s.b.f.s.DefaultListableBeanFactory     : Autowiring by type from bean name 'jsonMixinModuleEntries' via factory method to bean named 'org.springframework.web.context.support.GenericWebApplicationContext@f713686'
2024-12-13T18:05:59.958+05:30 DEBUG 7187 --- [contenttree] [           main] o.s.b.f.s.DefaultListableBeanFactory     : Autowiring by type from bean name 'jsonMixinModule' via factory method to bean named 'org.springframework.web.context.support.GenericWebApplicationContext@f713686'
2024-12-13T18:05:59.958+05:30 DEBUG 7187 --- [contenttree] [           main] o.s.b.f.s.DefaultListableBeanFactory     : Autowiring by type from bean name 'jsonMixinModule' via factory method to bean named 'jsonMixinModuleEntries'
2024-12-13T18:05:59.959+05:30 DEBUG 7187 --- [contenttree] [           main] o.s.b.f.s.DefaultListableBeanFactory     : Creating shared instance of singleton bean 'jsonComponentModule'
2024-12-13T18:05:59.959+05:30 DEBUG 7187 --- [contenttree] [           main] o.s.b.f.s.DefaultListableBeanFactory     : Creating shared instance of singleton bean 'org.springframework.boot.autoconfigure.jackson.JacksonAutoConfiguration'
2024-12-13T18:05:59.961+05:30 DEBUG 7187 --- [contenttree] [           main] o.s.b.f.s.DefaultListableBeanFactory     : Creating shared instance of singleton bean 'jacksonGeoModule'
2024-12-13T18:05:59.961+05:30 DEBUG 7187 --- [contenttree] [           main] o.s.b.f.s.DefaultListableBeanFactory     : Creating shared instance of singleton bean 'org.springframework.data.web.config.SpringDataJacksonConfiguration'
2024-12-13T18:05:59.962+05:30 DEBUG 7187 --- [contenttree] [           main] o.s.b.f.s.DefaultListableBeanFactory     : Creating shared instance of singleton bean 'pageModule'
2024-12-13T18:05:59.963+05:30 DEBUG 7187 --- [contenttree] [           main] o.s.b.f.s.DefaultListableBeanFactory     : Autowiring by type from bean name 'jacksonObjectMapperBuilder' via factory method to bean named 'org.springframework.web.context.support.GenericWebApplicationContext@f713686'
2024-12-13T18:05:59.963+05:30 DEBUG 7187 --- [contenttree] [           main] o.s.b.f.s.DefaultListableBeanFactory     : Autowiring by type from bean name 'jacksonObjectMapperBuilder' via factory method to bean named 'standardJacksonObjectMapperBuilderCustomizer'
2024-12-13T18:05:59.964+05:30 DEBUG 7187 --- [contenttree] [           main] o.s.b.f.s.DefaultListableBeanFactory     : Autowiring by type from bean name 'jacksonObjectMapper' via factory method to bean named 'jacksonObjectMapperBuilder'
2024-12-13T18:05:59.968+05:30 DEBUG 7187 --- [contenttree] [           main] o.s.b.f.s.DefaultListableBeanFactory     : Autowiring by type from bean name 'mappingJackson2HttpMessageConverter' via factory method to bean named 'jacksonObjectMapper'
2024-12-13T18:05:59.986+05:30 DEBUG 7187 --- [contenttree] [           main] o.s.b.f.s.DefaultListableBeanFactory     : Creating shared instance of singleton bean 'resourceHandlerMapping'
2024-12-13T18:05:59.986+05:30 DEBUG 7187 --- [contenttree] [           main] o.s.b.f.s.DefaultListableBeanFactory     : Autowiring by type from bean name 'resourceHandlerMapping' via factory method to bean named 'mvcContentNegotiationManager'
2024-12-13T18:05:59.986+05:30 DEBUG 7187 --- [contenttree] [           main] o.s.b.f.s.DefaultListableBeanFactory     : Autowiring by type from bean name 'resourceHandlerMapping' via factory method to bean named 'mvcConversionService'
2024-12-13T18:05:59.986+05:30 DEBUG 7187 --- [contenttree] [           main] o.s.b.f.s.DefaultListableBeanFactory     : Autowiring by type from bean name 'resourceHandlerMapping' via factory method to bean named 'mvcResourceUrlProvider'
2024-12-13T18:05:59.991+05:30 DEBUG 7187 --- [contenttree] [           main] o.s.w.s.handler.SimpleUrlHandlerMapping  : Patterns [/webjars/**, /**, /uploads/**, /swagger-ui*/*swagger-initializer.js, /swagger-ui*/**] in 'resourceHandlerMapping'
2024-12-13T18:05:59.992+05:30 DEBUG 7187 --- [contenttree] [           main] o.s.b.f.s.DefaultListableBeanFactory     : Creating shared instance of singleton bean 'defaultServletHandlerMapping'
2024-12-13T18:05:59.993+05:30  INFO 7187 --- [contenttree] [           main] c.c.ContenttreeApplicationTests          : Started ContenttreeApplicationTests in 19.632 seconds (process running for 20.058)
2024-12-13T18:05:59.993+05:30 DEBUG 7187 --- [contenttree] [           main] o.s.b.f.s.DefaultListableBeanFactory     : Creating shared instance of singleton bean 'applicationAvailability'
2024-12-13T18:05:59.993+05:30 DEBUG 7187 --- [contenttree] [           main] o.s.b.f.s.DefaultListableBeanFactory     : Creating shared instance of singleton bean 'org.springframework.boot.autoconfigure.availability.ApplicationAvailabilityAutoConfiguration'
2024-12-13T18:05:59.993+05:30 DEBUG 7187 --- [contenttree] [           main] o.s.b.a.ApplicationAvailabilityBean      : Application availability state LivenessState changed to CORRECT
2024-12-13T18:05:59.994+05:30 DEBUG 7187 --- [contenttree] [           main] o.s.b.a.ApplicationAvailabilityBean      : Application availability state ReadinessState changed to ACCEPTING_TRAFFIC
2024-12-13T18:05:59.995+05:30 DEBUG 7187 --- [contenttree] [           main] org.springframework.test.context.cache   : Spring test ApplicationContext cache statistics: [DefaultContextCache@312eb size = 1, maxSize = 32, parentContextCount = 0, hitCount = 0, missCount = 1, failureCount = 0]
2024-12-13T18:05:59.995+05:30 DEBUG 7187 --- [contenttree] [           main] o.s.t.c.w.ServletTestExecutionListener   : Setting up MockHttpServletRequest, MockHttpServletResponse, ServletWebRequest, and RequestContextHolder for test class com.contenttree.ContenttreeApplicationTests
2024-12-13T18:06:00.000+05:30 DEBUG 7187 --- [contenttree] [           main] DependencyInjectionTestExecutionListener : Performing dependency injection for test class com.contenttree.ContenttreeApplicationTests
2024-12-13T18:06:00.000+05:30 DEBUG 7187 --- [contenttree] [           main] org.springframework.test.context.cache   : Spring test ApplicationContext cache statistics: [DefaultContextCache@312eb size = 1, maxSize = 32, parentContextCount = 0, hitCount = 1, missCount = 1, failureCount = 0]
2024-12-13T18:06:00.001+05:30 DEBUG 7187 --- [contenttree] [           main] org.springframework.test.context.cache   : Spring test ApplicationContext cache statistics: [DefaultContextCache@312eb size = 1, maxSize = 32, parentContextCount = 0, hitCount = 2, missCount = 1, failureCount = 0]
2024-12-13T18:06:00.004+05:30 DEBUG 7187 --- [contenttree] [           main] sContextBeforeModesTestExecutionListener : Before test method: class [ContenttreeApplicationTests], method [contextLoads], class annotated with @DirtiesContext [false] with mode [null], method annotated with @DirtiesContext [false] with mode [null]
2024-12-13T18:06:00.004+05:30 DEBUG 7187 --- [contenttree] [           main] org.springframework.test.context.cache   : Spring test ApplicationContext cache statistics: [DefaultContextCache@312eb size = 1, maxSize = 32, parentContextCount = 0, hitCount = 3, missCount = 1, failureCount = 0]
2024-12-13T18:06:00.004+05:30 DEBUG 7187 --- [contenttree] [           main] org.springframework.test.context.cache   : Spring test ApplicationContext cache statistics: [DefaultContextCache@312eb size = 1, maxSize = 32, parentContextCount = 0, hitCount = 4, missCount = 1, failureCount = 0]
2024-12-13T18:06:00.293+05:30 DEBUG 7187 --- [contenttree] [           main] org.springframework.test.context.cache   : Spring test ApplicationContext cache statistics: [DefaultContextCache@312eb size = 1, maxSize = 32, parentContextCount = 0, hitCount = 5, missCount = 1, failureCount = 0]
2024-12-13T18:06:00.295+05:30 DEBUG 7187 --- [contenttree] [           main] org.springframework.test.context.cache   : Spring test ApplicationContext cache statistics: [DefaultContextCache@312eb size = 1, maxSize = 32, parentContextCount = 0, hitCount = 6, missCount = 1, failureCount = 0]
2024-12-13T18:06:00.296+05:30 DEBUG 7187 --- [contenttree] [           main] org.springframework.test.context.cache   : Spring test ApplicationContext cache statistics: [DefaultContextCache@312eb size = 1, maxSize = 32, parentContextCount = 0, hitCount = 7, missCount = 1, failureCount = 0]
2024-12-13T18:06:00.296+05:30 DEBUG 7187 --- [contenttree] [           main] org.springframework.test.context.cache   : Spring test ApplicationContext cache statistics: [DefaultContextCache@312eb size = 1, maxSize = 32, parentContextCount = 0, hitCount = 8, missCount = 1, failureCount = 0]
2024-12-13T18:06:00.296+05:30 DEBUG 7187 --- [contenttree] [           main] org.springframework.test.context.cache   : Spring test ApplicationContext cache statistics: [DefaultContextCache@312eb size = 1, maxSize = 32, parentContextCount = 0, hitCount = 9, missCount = 1, failureCount = 0]
2024-12-13T18:06:00.297+05:30 DEBUG 7187 --- [contenttree] [           main] org.springframework.test.context.cache   : Spring test ApplicationContext cache statistics: [DefaultContextCache@312eb size = 1, maxSize = 32, parentContextCount = 0, hitCount = 10, missCount = 1, failureCount = 0]
2024-12-13T18:06:00.298+05:30 DEBUG 7187 --- [contenttree] [           main] org.springframework.test.context.cache   : Spring test ApplicationContext cache statistics: [DefaultContextCache@312eb size = 1, maxSize = 32, parentContextCount = 0, hitCount = 11, missCount = 1, failureCount = 0]
2024-12-13T18:06:00.298+05:30 DEBUG 7187 --- [contenttree] [           main] .c.s.DirtiesContextTestExecutionListener : After test method: class [ContenttreeApplicationTests], method [contextLoads], class annotated with @DirtiesContext [false] with mode [null], method annotated with @DirtiesContext [false] with mode [null]
2024-12-13T18:06:00.298+05:30 DEBUG 7187 --- [contenttree] [           main] o.s.t.c.w.ServletTestExecutionListener   : Resetting RequestContextHolder for test class com.contenttree.ContenttreeApplicationTests
]]></system-out>
  </testcase>
</testsuite>